[2024-02-06T21:28:38.882+0100] {processor.py:161} INFO - Started process (PID=23985) to work on /home/ubuntu/.local/lib/python3.10/site-packages/airflow/example_dags/example_branch_day_of_week_operator.py
[2024-02-06T21:28:38.883+0100] {processor.py:830} INFO - Processing file /home/ubuntu/.local/lib/python3.10/site-packages/airflow/example_dags/example_branch_day_of_week_operator.py for tasks to queue
[2024-02-06T21:28:38.887+0100] {logging_mixin.py:188} INFO - [2024-02-06T21:28:38.884+0100] {dagbag.py:538} INFO - Filling up the DagBag from /home/ubuntu/.local/lib/python3.10/site-packages/airflow/example_dags/example_branch_day_of_week_operator.py
[2024-02-06T21:28:38.905+0100] {processor.py:840} INFO - DAG(s) 'example_weekday_branch_operator' retrieved from /home/ubuntu/.local/lib/python3.10/site-packages/airflow/example_dags/example_branch_day_of_week_operator.py
[2024-02-06T21:28:39.231+0100] {logging_mixin.py:188} INFO - [2024-02-06T21:28:39.231+0100] {dag.py:3036} INFO - Sync 1 DAGs
[2024-02-06T21:28:39.287+0100] {logging_mixin.py:188} INFO - [2024-02-06T21:28:39.287+0100] {dag.py:3823} INFO - Setting next_dagrun for example_weekday_branch_operator to 2024-02-05 00:00:00+00:00, run_after=2024-02-06 00:00:00+00:00
[2024-02-06T21:28:39.358+0100] {processor.py:183} INFO - Processing /home/ubuntu/.local/lib/python3.10/site-packages/airflow/example_dags/example_branch_day_of_week_operator.py took 0.484 seconds
[2024-02-06T21:30:02.891+0100] {processor.py:161} INFO - Started process (PID=24597) to work on /home/ubuntu/.local/lib/python3.10/site-packages/airflow/example_dags/example_branch_day_of_week_operator.py
[2024-02-06T21:30:02.897+0100] {processor.py:830} INFO - Processing file /home/ubuntu/.local/lib/python3.10/site-packages/airflow/example_dags/example_branch_day_of_week_operator.py for tasks to queue
[2024-02-06T21:30:02.899+0100] {logging_mixin.py:188} INFO - [2024-02-06T21:30:02.898+0100] {dagbag.py:538} INFO - Filling up the DagBag from /home/ubuntu/.local/lib/python3.10/site-packages/airflow/example_dags/example_branch_day_of_week_operator.py
[2024-02-06T21:30:02.913+0100] {processor.py:840} INFO - DAG(s) 'example_weekday_branch_operator' retrieved from /home/ubuntu/.local/lib/python3.10/site-packages/airflow/example_dags/example_branch_day_of_week_operator.py
[2024-02-06T21:30:02.943+0100] {logging_mixin.py:188} INFO - [2024-02-06T21:30:02.942+0100] {dag.py:3036} INFO - Sync 1 DAGs
[2024-02-06T21:30:02.979+0100] {logging_mixin.py:188} INFO - [2024-02-06T21:30:02.979+0100] {dag.py:3823} INFO - Setting next_dagrun for example_weekday_branch_operator to 2024-02-05 00:00:00+00:00, run_after=2024-02-06 00:00:00+00:00
[2024-02-06T21:30:03.063+0100] {processor.py:183} INFO - Processing /home/ubuntu/.local/lib/python3.10/site-packages/airflow/example_dags/example_branch_day_of_week_operator.py took 0.179 seconds
[2024-02-06T21:31:40.410+0100] {processor.py:161} INFO - Started process (PID=25074) to work on /home/ubuntu/.local/lib/python3.10/site-packages/airflow/example_dags/example_branch_day_of_week_operator.py
[2024-02-06T21:31:40.414+0100] {processor.py:830} INFO - Processing file /home/ubuntu/.local/lib/python3.10/site-packages/airflow/example_dags/example_branch_day_of_week_operator.py for tasks to queue
[2024-02-06T21:31:40.417+0100] {logging_mixin.py:188} INFO - [2024-02-06T21:31:40.416+0100] {dagbag.py:538} INFO - Filling up the DagBag from /home/ubuntu/.local/lib/python3.10/site-packages/airflow/example_dags/example_branch_day_of_week_operator.py
[2024-02-06T21:31:40.432+0100] {processor.py:840} INFO - DAG(s) 'example_weekday_branch_operator' retrieved from /home/ubuntu/.local/lib/python3.10/site-packages/airflow/example_dags/example_branch_day_of_week_operator.py
[2024-02-06T21:31:40.463+0100] {logging_mixin.py:188} INFO - [2024-02-06T21:31:40.462+0100] {dag.py:3036} INFO - Sync 1 DAGs
[2024-02-06T21:31:40.497+0100] {logging_mixin.py:188} INFO - [2024-02-06T21:31:40.496+0100] {dag.py:3823} INFO - Setting next_dagrun for example_weekday_branch_operator to 2024-02-05 00:00:00+00:00, run_after=2024-02-06 00:00:00+00:00
[2024-02-06T21:31:40.562+0100] {processor.py:183} INFO - Processing /home/ubuntu/.local/lib/python3.10/site-packages/airflow/example_dags/example_branch_day_of_week_operator.py took 0.162 seconds
[2024-02-06T21:32:55.167+0100] {processor.py:161} INFO - Started process (PID=25310) to work on /home/ubuntu/.local/lib/python3.10/site-packages/airflow/example_dags/example_branch_day_of_week_operator.py
[2024-02-06T21:32:55.192+0100] {processor.py:830} INFO - Processing file /home/ubuntu/.local/lib/python3.10/site-packages/airflow/example_dags/example_branch_day_of_week_operator.py for tasks to queue
[2024-02-06T21:32:55.194+0100] {logging_mixin.py:188} INFO - [2024-02-06T21:32:55.193+0100] {dagbag.py:538} INFO - Filling up the DagBag from /home/ubuntu/.local/lib/python3.10/site-packages/airflow/example_dags/example_branch_day_of_week_operator.py
[2024-02-06T21:32:55.211+0100] {processor.py:840} INFO - DAG(s) 'example_weekday_branch_operator' retrieved from /home/ubuntu/.local/lib/python3.10/site-packages/airflow/example_dags/example_branch_day_of_week_operator.py
[2024-02-06T21:32:55.251+0100] {logging_mixin.py:188} INFO - [2024-02-06T21:32:55.250+0100] {dag.py:3036} INFO - Sync 1 DAGs
[2024-02-06T21:32:55.298+0100] {logging_mixin.py:188} INFO - [2024-02-06T21:32:55.298+0100] {dag.py:3823} INFO - Setting next_dagrun for example_weekday_branch_operator to 2024-02-05 00:00:00+00:00, run_after=2024-02-06 00:00:00+00:00
[2024-02-06T21:32:55.456+0100] {processor.py:183} INFO - Processing /home/ubuntu/.local/lib/python3.10/site-packages/airflow/example_dags/example_branch_day_of_week_operator.py took 0.312 seconds
[2024-02-06T21:41:07.455+0100] {processor.py:161} INFO - Started process (PID=27939) to work on /home/ubuntu/.local/lib/python3.10/site-packages/airflow/example_dags/example_branch_day_of_week_operator.py
[2024-02-06T21:41:07.458+0100] {processor.py:830} INFO - Processing file /home/ubuntu/.local/lib/python3.10/site-packages/airflow/example_dags/example_branch_day_of_week_operator.py for tasks to queue
[2024-02-06T21:41:07.460+0100] {logging_mixin.py:188} INFO - [2024-02-06T21:41:07.459+0100] {dagbag.py:538} INFO - Filling up the DagBag from /home/ubuntu/.local/lib/python3.10/site-packages/airflow/example_dags/example_branch_day_of_week_operator.py
[2024-02-06T21:41:07.477+0100] {processor.py:840} INFO - DAG(s) 'example_weekday_branch_operator' retrieved from /home/ubuntu/.local/lib/python3.10/site-packages/airflow/example_dags/example_branch_day_of_week_operator.py
[2024-02-06T21:41:07.630+0100] {logging_mixin.py:188} INFO - [2024-02-06T21:41:07.629+0100] {dag.py:3036} INFO - Sync 1 DAGs
[2024-02-06T21:41:07.666+0100] {logging_mixin.py:188} INFO - [2024-02-06T21:41:07.666+0100] {dag.py:3823} INFO - Setting next_dagrun for example_weekday_branch_operator to 2024-02-05 00:00:00+00:00, run_after=2024-02-06 00:00:00+00:00
[2024-02-06T21:41:07.723+0100] {processor.py:183} INFO - Processing /home/ubuntu/.local/lib/python3.10/site-packages/airflow/example_dags/example_branch_day_of_week_operator.py took 0.275 seconds
[2024-02-06T21:41:43.634+0100] {processor.py:161} INFO - Started process (PID=28085) to work on /home/ubuntu/.local/lib/python3.10/site-packages/airflow/example_dags/example_branch_day_of_week_operator.py
[2024-02-06T21:41:43.637+0100] {processor.py:830} INFO - Processing file /home/ubuntu/.local/lib/python3.10/site-packages/airflow/example_dags/example_branch_day_of_week_operator.py for tasks to queue
[2024-02-06T21:41:43.639+0100] {logging_mixin.py:188} INFO - [2024-02-06T21:41:43.639+0100] {dagbag.py:538} INFO - Filling up the DagBag from /home/ubuntu/.local/lib/python3.10/site-packages/airflow/example_dags/example_branch_day_of_week_operator.py
[2024-02-06T21:41:43.655+0100] {processor.py:840} INFO - DAG(s) 'example_weekday_branch_operator' retrieved from /home/ubuntu/.local/lib/python3.10/site-packages/airflow/example_dags/example_branch_day_of_week_operator.py
[2024-02-06T21:41:43.689+0100] {logging_mixin.py:188} INFO - [2024-02-06T21:41:43.688+0100] {dag.py:3036} INFO - Sync 1 DAGs
[2024-02-06T21:41:43.727+0100] {logging_mixin.py:188} INFO - [2024-02-06T21:41:43.726+0100] {dag.py:3823} INFO - Setting next_dagrun for example_weekday_branch_operator to 2024-02-05 00:00:00+00:00, run_after=2024-02-06 00:00:00+00:00
[2024-02-06T21:41:43.791+0100] {processor.py:183} INFO - Processing /home/ubuntu/.local/lib/python3.10/site-packages/airflow/example_dags/example_branch_day_of_week_operator.py took 0.166 seconds
[2024-02-06T21:42:30.705+0100] {processor.py:161} INFO - Started process (PID=28372) to work on /home/ubuntu/.local/lib/python3.10/site-packages/airflow/example_dags/example_branch_day_of_week_operator.py
[2024-02-06T21:42:30.753+0100] {processor.py:830} INFO - Processing file /home/ubuntu/.local/lib/python3.10/site-packages/airflow/example_dags/example_branch_day_of_week_operator.py for tasks to queue
[2024-02-06T21:42:30.765+0100] {logging_mixin.py:188} INFO - [2024-02-06T21:42:30.763+0100] {dagbag.py:538} INFO - Filling up the DagBag from /home/ubuntu/.local/lib/python3.10/site-packages/airflow/example_dags/example_branch_day_of_week_operator.py
[2024-02-06T21:42:30.863+0100] {processor.py:840} INFO - DAG(s) 'example_weekday_branch_operator' retrieved from /home/ubuntu/.local/lib/python3.10/site-packages/airflow/example_dags/example_branch_day_of_week_operator.py
[2024-02-06T21:42:30.915+0100] {logging_mixin.py:188} INFO - [2024-02-06T21:42:30.914+0100] {dag.py:3036} INFO - Sync 1 DAGs
[2024-02-06T21:42:30.990+0100] {logging_mixin.py:188} INFO - [2024-02-06T21:42:30.990+0100] {dag.py:3823} INFO - Setting next_dagrun for example_weekday_branch_operator to 2024-02-05 00:00:00+00:00, run_after=2024-02-06 00:00:00+00:00
[2024-02-06T21:42:31.061+0100] {processor.py:183} INFO - Processing /home/ubuntu/.local/lib/python3.10/site-packages/airflow/example_dags/example_branch_day_of_week_operator.py took 0.361 seconds
[2024-02-06T21:43:09.268+0100] {processor.py:161} INFO - Started process (PID=28617) to work on /home/ubuntu/.local/lib/python3.10/site-packages/airflow/example_dags/example_branch_day_of_week_operator.py
[2024-02-06T21:43:09.272+0100] {processor.py:830} INFO - Processing file /home/ubuntu/.local/lib/python3.10/site-packages/airflow/example_dags/example_branch_day_of_week_operator.py for tasks to queue
[2024-02-06T21:43:09.274+0100] {logging_mixin.py:188} INFO - [2024-02-06T21:43:09.273+0100] {dagbag.py:538} INFO - Filling up the DagBag from /home/ubuntu/.local/lib/python3.10/site-packages/airflow/example_dags/example_branch_day_of_week_operator.py
[2024-02-06T21:43:09.304+0100] {processor.py:840} INFO - DAG(s) 'example_weekday_branch_operator' retrieved from /home/ubuntu/.local/lib/python3.10/site-packages/airflow/example_dags/example_branch_day_of_week_operator.py
[2024-02-06T21:43:09.342+0100] {logging_mixin.py:188} INFO - [2024-02-06T21:43:09.341+0100] {dag.py:3036} INFO - Sync 1 DAGs
[2024-02-06T21:43:09.396+0100] {logging_mixin.py:188} INFO - [2024-02-06T21:43:09.395+0100] {dag.py:3823} INFO - Setting next_dagrun for example_weekday_branch_operator to 2024-02-05 00:00:00+00:00, run_after=2024-02-06 00:00:00+00:00
[2024-02-06T21:43:09.484+0100] {processor.py:183} INFO - Processing /home/ubuntu/.local/lib/python3.10/site-packages/airflow/example_dags/example_branch_day_of_week_operator.py took 0.226 seconds
[2024-02-06T21:43:41.179+0100] {processor.py:161} INFO - Started process (PID=28839) to work on /home/ubuntu/.local/lib/python3.10/site-packages/airflow/example_dags/example_branch_day_of_week_operator.py
[2024-02-06T21:43:41.183+0100] {processor.py:830} INFO - Processing file /home/ubuntu/.local/lib/python3.10/site-packages/airflow/example_dags/example_branch_day_of_week_operator.py for tasks to queue
[2024-02-06T21:43:41.185+0100] {logging_mixin.py:188} INFO - [2024-02-06T21:43:41.184+0100] {dagbag.py:538} INFO - Filling up the DagBag from /home/ubuntu/.local/lib/python3.10/site-packages/airflow/example_dags/example_branch_day_of_week_operator.py
[2024-02-06T21:43:41.201+0100] {processor.py:840} INFO - DAG(s) 'example_weekday_branch_operator' retrieved from /home/ubuntu/.local/lib/python3.10/site-packages/airflow/example_dags/example_branch_day_of_week_operator.py
[2024-02-06T21:43:41.239+0100] {logging_mixin.py:188} INFO - [2024-02-06T21:43:41.237+0100] {dag.py:3036} INFO - Sync 1 DAGs
[2024-02-06T21:43:41.303+0100] {logging_mixin.py:188} INFO - [2024-02-06T21:43:41.302+0100] {dag.py:3823} INFO - Setting next_dagrun for example_weekday_branch_operator to 2024-02-05 00:00:00+00:00, run_after=2024-02-06 00:00:00+00:00
[2024-02-06T21:43:41.362+0100] {processor.py:183} INFO - Processing /home/ubuntu/.local/lib/python3.10/site-packages/airflow/example_dags/example_branch_day_of_week_operator.py took 0.190 seconds
[2024-02-06T21:44:20.135+0100] {processor.py:161} INFO - Started process (PID=28988) to work on /home/ubuntu/.local/lib/python3.10/site-packages/airflow/example_dags/example_branch_day_of_week_operator.py
[2024-02-06T21:44:20.143+0100] {processor.py:830} INFO - Processing file /home/ubuntu/.local/lib/python3.10/site-packages/airflow/example_dags/example_branch_day_of_week_operator.py for tasks to queue
[2024-02-06T21:44:20.149+0100] {logging_mixin.py:188} INFO - [2024-02-06T21:44:20.148+0100] {dagbag.py:538} INFO - Filling up the DagBag from /home/ubuntu/.local/lib/python3.10/site-packages/airflow/example_dags/example_branch_day_of_week_operator.py
[2024-02-06T21:44:20.207+0100] {processor.py:840} INFO - DAG(s) 'example_weekday_branch_operator' retrieved from /home/ubuntu/.local/lib/python3.10/site-packages/airflow/example_dags/example_branch_day_of_week_operator.py
[2024-02-06T21:44:20.268+0100] {logging_mixin.py:188} INFO - [2024-02-06T21:44:20.268+0100] {dag.py:3036} INFO - Sync 1 DAGs
[2024-02-06T21:44:20.332+0100] {logging_mixin.py:188} INFO - [2024-02-06T21:44:20.332+0100] {dag.py:3823} INFO - Setting next_dagrun for example_weekday_branch_operator to 2024-02-05 00:00:00+00:00, run_after=2024-02-06 00:00:00+00:00
[2024-02-06T21:44:20.506+0100] {processor.py:183} INFO - Processing /home/ubuntu/.local/lib/python3.10/site-packages/airflow/example_dags/example_branch_day_of_week_operator.py took 0.379 seconds
[2024-02-06T21:45:34.160+0100] {processor.py:161} INFO - Started process (PID=29387) to work on /home/ubuntu/.local/lib/python3.10/site-packages/airflow/example_dags/example_branch_day_of_week_operator.py
[2024-02-06T21:45:34.166+0100] {processor.py:830} INFO - Processing file /home/ubuntu/.local/lib/python3.10/site-packages/airflow/example_dags/example_branch_day_of_week_operator.py for tasks to queue
[2024-02-06T21:45:34.169+0100] {logging_mixin.py:188} INFO - [2024-02-06T21:45:34.168+0100] {dagbag.py:538} INFO - Filling up the DagBag from /home/ubuntu/.local/lib/python3.10/site-packages/airflow/example_dags/example_branch_day_of_week_operator.py
[2024-02-06T21:45:34.172+0100] {processor.py:842} WARNING - No viable dags retrieved from /home/ubuntu/.local/lib/python3.10/site-packages/airflow/example_dags/example_branch_day_of_week_operator.py
[2024-02-06T21:45:34.200+0100] {processor.py:183} INFO - Processing /home/ubuntu/.local/lib/python3.10/site-packages/airflow/example_dags/example_branch_day_of_week_operator.py took 0.045 seconds
[2024-02-06T21:54:47.535+0100] {processor.py:161} INFO - Started process (PID=31444) to work on /home/ubuntu/.local/lib/python3.10/site-packages/airflow/example_dags/example_branch_day_of_week_operator.py
[2024-02-06T21:54:47.542+0100] {processor.py:830} INFO - Processing file /home/ubuntu/.local/lib/python3.10/site-packages/airflow/example_dags/example_branch_day_of_week_operator.py for tasks to queue
[2024-02-06T21:54:47.547+0100] {logging_mixin.py:188} INFO - [2024-02-06T21:54:47.545+0100] {dagbag.py:538} INFO - Filling up the DagBag from /home/ubuntu/.local/lib/python3.10/site-packages/airflow/example_dags/example_branch_day_of_week_operator.py
[2024-02-06T21:54:47.567+0100] {processor.py:840} INFO - DAG(s) 'example_weekday_branch_operator' retrieved from /home/ubuntu/.local/lib/python3.10/site-packages/airflow/example_dags/example_branch_day_of_week_operator.py
[2024-02-06T21:54:47.745+0100] {logging_mixin.py:188} INFO - [2024-02-06T21:54:47.745+0100] {dag.py:3036} INFO - Sync 1 DAGs
[2024-02-06T21:54:47.778+0100] {logging_mixin.py:188} INFO - [2024-02-06T21:54:47.778+0100] {dag.py:3823} INFO - Setting next_dagrun for example_weekday_branch_operator to 2024-02-05 00:00:00+00:00, run_after=2024-02-06 00:00:00+00:00
[2024-02-06T21:54:47.854+0100] {processor.py:183} INFO - Processing /home/ubuntu/.local/lib/python3.10/site-packages/airflow/example_dags/example_branch_day_of_week_operator.py took 0.326 seconds
[2024-02-06T21:56:20.131+0100] {processor.py:161} INFO - Started process (PID=32287) to work on /home/ubuntu/.local/lib/python3.10/site-packages/airflow/example_dags/example_branch_day_of_week_operator.py
[2024-02-06T21:56:20.142+0100] {processor.py:830} INFO - Processing file /home/ubuntu/.local/lib/python3.10/site-packages/airflow/example_dags/example_branch_day_of_week_operator.py for tasks to queue
[2024-02-06T21:56:20.145+0100] {logging_mixin.py:188} INFO - [2024-02-06T21:56:20.144+0100] {dagbag.py:538} INFO - Filling up the DagBag from /home/ubuntu/.local/lib/python3.10/site-packages/airflow/example_dags/example_branch_day_of_week_operator.py
[2024-02-06T21:56:20.204+0100] {processor.py:840} INFO - DAG(s) 'example_weekday_branch_operator' retrieved from /home/ubuntu/.local/lib/python3.10/site-packages/airflow/example_dags/example_branch_day_of_week_operator.py
[2024-02-06T21:56:20.251+0100] {logging_mixin.py:188} INFO - [2024-02-06T21:56:20.250+0100] {dag.py:3036} INFO - Sync 1 DAGs
[2024-02-06T21:56:20.344+0100] {logging_mixin.py:188} INFO - [2024-02-06T21:56:20.344+0100] {dag.py:3823} INFO - Setting next_dagrun for example_weekday_branch_operator to 2024-02-05 00:00:00+00:00, run_after=2024-02-06 00:00:00+00:00
[2024-02-06T21:56:20.446+0100] {processor.py:183} INFO - Processing /home/ubuntu/.local/lib/python3.10/site-packages/airflow/example_dags/example_branch_day_of_week_operator.py took 0.366 seconds
[2024-02-06T21:56:50.579+0100] {processor.py:161} INFO - Started process (PID=32542) to work on /home/ubuntu/.local/lib/python3.10/site-packages/airflow/example_dags/example_branch_day_of_week_operator.py
[2024-02-06T21:56:50.584+0100] {processor.py:830} INFO - Processing file /home/ubuntu/.local/lib/python3.10/site-packages/airflow/example_dags/example_branch_day_of_week_operator.py for tasks to queue
[2024-02-06T21:56:50.587+0100] {logging_mixin.py:188} INFO - [2024-02-06T21:56:50.585+0100] {dagbag.py:538} INFO - Filling up the DagBag from /home/ubuntu/.local/lib/python3.10/site-packages/airflow/example_dags/example_branch_day_of_week_operator.py
[2024-02-06T21:56:50.614+0100] {processor.py:840} INFO - DAG(s) 'example_weekday_branch_operator' retrieved from /home/ubuntu/.local/lib/python3.10/site-packages/airflow/example_dags/example_branch_day_of_week_operator.py
[2024-02-06T21:56:50.662+0100] {logging_mixin.py:188} INFO - [2024-02-06T21:56:50.661+0100] {dag.py:3036} INFO - Sync 1 DAGs
[2024-02-06T21:56:50.769+0100] {logging_mixin.py:188} INFO - [2024-02-06T21:56:50.768+0100] {dag.py:3823} INFO - Setting next_dagrun for example_weekday_branch_operator to 2024-02-05 00:00:00+00:00, run_after=2024-02-06 00:00:00+00:00
[2024-02-06T21:56:50.992+0100] {processor.py:183} INFO - Processing /home/ubuntu/.local/lib/python3.10/site-packages/airflow/example_dags/example_branch_day_of_week_operator.py took 0.433 seconds
[2024-02-06T21:57:52.921+0100] {processor.py:161} INFO - Started process (PID=33104) to work on /home/ubuntu/.local/lib/python3.10/site-packages/airflow/example_dags/example_branch_day_of_week_operator.py
[2024-02-06T21:57:52.927+0100] {processor.py:830} INFO - Processing file /home/ubuntu/.local/lib/python3.10/site-packages/airflow/example_dags/example_branch_day_of_week_operator.py for tasks to queue
[2024-02-06T21:57:52.930+0100] {logging_mixin.py:188} INFO - [2024-02-06T21:57:52.928+0100] {dagbag.py:538} INFO - Filling up the DagBag from /home/ubuntu/.local/lib/python3.10/site-packages/airflow/example_dags/example_branch_day_of_week_operator.py
[2024-02-06T21:57:52.951+0100] {processor.py:840} INFO - DAG(s) 'example_weekday_branch_operator' retrieved from /home/ubuntu/.local/lib/python3.10/site-packages/airflow/example_dags/example_branch_day_of_week_operator.py
[2024-02-06T21:57:53.056+0100] {logging_mixin.py:188} INFO - [2024-02-06T21:57:53.054+0100] {dag.py:3036} INFO - Sync 1 DAGs
[2024-02-06T21:57:53.146+0100] {logging_mixin.py:188} INFO - [2024-02-06T21:57:53.146+0100] {dag.py:3823} INFO - Setting next_dagrun for example_weekday_branch_operator to 2024-02-05 00:00:00+00:00, run_after=2024-02-06 00:00:00+00:00
[2024-02-06T21:57:53.360+0100] {processor.py:183} INFO - Processing /home/ubuntu/.local/lib/python3.10/site-packages/airflow/example_dags/example_branch_day_of_week_operator.py took 0.453 seconds
[2024-02-06T21:58:22.894+0100] {processor.py:161} INFO - Started process (PID=33422) to work on /home/ubuntu/.local/lib/python3.10/site-packages/airflow/example_dags/example_branch_day_of_week_operator.py
[2024-02-06T21:58:22.896+0100] {processor.py:830} INFO - Processing file /home/ubuntu/.local/lib/python3.10/site-packages/airflow/example_dags/example_branch_day_of_week_operator.py for tasks to queue
[2024-02-06T21:58:22.899+0100] {logging_mixin.py:188} INFO - [2024-02-06T21:58:22.898+0100] {dagbag.py:538} INFO - Filling up the DagBag from /home/ubuntu/.local/lib/python3.10/site-packages/airflow/example_dags/example_branch_day_of_week_operator.py
[2024-02-06T21:58:22.921+0100] {processor.py:840} INFO - DAG(s) 'example_weekday_branch_operator' retrieved from /home/ubuntu/.local/lib/python3.10/site-packages/airflow/example_dags/example_branch_day_of_week_operator.py
[2024-02-06T21:58:22.961+0100] {logging_mixin.py:188} INFO - [2024-02-06T21:58:22.960+0100] {dag.py:3036} INFO - Sync 1 DAGs
[2024-02-06T21:58:23.002+0100] {logging_mixin.py:188} INFO - [2024-02-06T21:58:23.002+0100] {dag.py:3823} INFO - Setting next_dagrun for example_weekday_branch_operator to 2024-02-05 00:00:00+00:00, run_after=2024-02-06 00:00:00+00:00
[2024-02-06T21:58:23.062+0100] {processor.py:183} INFO - Processing /home/ubuntu/.local/lib/python3.10/site-packages/airflow/example_dags/example_branch_day_of_week_operator.py took 0.178 seconds
[2024-02-06T22:00:00.401+0100] {processor.py:161} INFO - Started process (PID=34294) to work on /home/ubuntu/.local/lib/python3.10/site-packages/airflow/example_dags/example_branch_day_of_week_operator.py
[2024-02-06T22:00:00.412+0100] {processor.py:830} INFO - Processing file /home/ubuntu/.local/lib/python3.10/site-packages/airflow/example_dags/example_branch_day_of_week_operator.py for tasks to queue
[2024-02-06T22:00:00.414+0100] {logging_mixin.py:188} INFO - [2024-02-06T22:00:00.413+0100] {dagbag.py:538} INFO - Filling up the DagBag from /home/ubuntu/.local/lib/python3.10/site-packages/airflow/example_dags/example_branch_day_of_week_operator.py
[2024-02-06T22:00:00.428+0100] {processor.py:840} INFO - DAG(s) 'example_weekday_branch_operator' retrieved from /home/ubuntu/.local/lib/python3.10/site-packages/airflow/example_dags/example_branch_day_of_week_operator.py
[2024-02-06T22:00:00.855+0100] {logging_mixin.py:188} INFO - [2024-02-06T22:00:00.854+0100] {dag.py:3036} INFO - Sync 1 DAGs
[2024-02-06T22:00:00.997+0100] {logging_mixin.py:188} INFO - [2024-02-06T22:00:00.995+0100] {dag.py:3823} INFO - Setting next_dagrun for example_weekday_branch_operator to 2024-02-05 00:00:00+00:00, run_after=2024-02-06 00:00:00+00:00
[2024-02-06T22:00:01.179+0100] {processor.py:183} INFO - Processing /home/ubuntu/.local/lib/python3.10/site-packages/airflow/example_dags/example_branch_day_of_week_operator.py took 0.784 seconds
[2024-02-06T22:00:14.648+0100] {processor.py:161} INFO - Started process (PID=34434) to work on /home/ubuntu/.local/lib/python3.10/site-packages/airflow/example_dags/example_branch_day_of_week_operator.py
[2024-02-06T22:00:14.650+0100] {processor.py:830} INFO - Processing file /home/ubuntu/.local/lib/python3.10/site-packages/airflow/example_dags/example_branch_day_of_week_operator.py for tasks to queue
[2024-02-06T22:00:14.653+0100] {logging_mixin.py:188} INFO - [2024-02-06T22:00:14.652+0100] {dagbag.py:538} INFO - Filling up the DagBag from /home/ubuntu/.local/lib/python3.10/site-packages/airflow/example_dags/example_branch_day_of_week_operator.py
[2024-02-06T22:00:14.735+0100] {processor.py:840} INFO - DAG(s) 'example_weekday_branch_operator' retrieved from /home/ubuntu/.local/lib/python3.10/site-packages/airflow/example_dags/example_branch_day_of_week_operator.py
[2024-02-06T22:00:14.814+0100] {logging_mixin.py:188} INFO - [2024-02-06T22:00:14.814+0100] {dag.py:3036} INFO - Sync 1 DAGs
[2024-02-06T22:00:14.899+0100] {logging_mixin.py:188} INFO - [2024-02-06T22:00:14.898+0100] {dag.py:3823} INFO - Setting next_dagrun for example_weekday_branch_operator to 2024-02-05 00:00:00+00:00, run_after=2024-02-06 00:00:00+00:00
[2024-02-06T22:00:14.964+0100] {processor.py:183} INFO - Processing /home/ubuntu/.local/lib/python3.10/site-packages/airflow/example_dags/example_branch_day_of_week_operator.py took 0.365 seconds
[2024-02-06T22:01:43.163+0100] {processor.py:161} INFO - Started process (PID=34983) to work on /home/ubuntu/.local/lib/python3.10/site-packages/airflow/example_dags/example_branch_day_of_week_operator.py
[2024-02-06T22:01:43.168+0100] {processor.py:830} INFO - Processing file /home/ubuntu/.local/lib/python3.10/site-packages/airflow/example_dags/example_branch_day_of_week_operator.py for tasks to queue
[2024-02-06T22:01:43.170+0100] {logging_mixin.py:188} INFO - [2024-02-06T22:01:43.169+0100] {dagbag.py:538} INFO - Filling up the DagBag from /home/ubuntu/.local/lib/python3.10/site-packages/airflow/example_dags/example_branch_day_of_week_operator.py
[2024-02-06T22:01:43.223+0100] {processor.py:840} INFO - DAG(s) 'example_weekday_branch_operator' retrieved from /home/ubuntu/.local/lib/python3.10/site-packages/airflow/example_dags/example_branch_day_of_week_operator.py
[2024-02-06T22:01:43.302+0100] {logging_mixin.py:188} INFO - [2024-02-06T22:01:43.298+0100] {dag.py:3036} INFO - Sync 1 DAGs
[2024-02-06T22:01:43.433+0100] {logging_mixin.py:188} INFO - [2024-02-06T22:01:43.433+0100] {dag.py:3823} INFO - Setting next_dagrun for example_weekday_branch_operator to 2024-02-05 00:00:00+00:00, run_after=2024-02-06 00:00:00+00:00
[2024-02-06T22:01:43.604+0100] {processor.py:183} INFO - Processing /home/ubuntu/.local/lib/python3.10/site-packages/airflow/example_dags/example_branch_day_of_week_operator.py took 0.462 seconds
[2024-02-06T22:01:45.732+0100] {processor.py:161} INFO - Started process (PID=35021) to work on /home/ubuntu/.local/lib/python3.10/site-packages/airflow/example_dags/example_branch_day_of_week_operator.py
[2024-02-06T22:01:45.735+0100] {processor.py:830} INFO - Processing file /home/ubuntu/.local/lib/python3.10/site-packages/airflow/example_dags/example_branch_day_of_week_operator.py for tasks to queue
[2024-02-06T22:01:45.740+0100] {logging_mixin.py:188} INFO - [2024-02-06T22:01:45.737+0100] {dagbag.py:538} INFO - Filling up the DagBag from /home/ubuntu/.local/lib/python3.10/site-packages/airflow/example_dags/example_branch_day_of_week_operator.py
[2024-02-06T22:01:45.767+0100] {processor.py:840} INFO - DAG(s) 'example_weekday_branch_operator' retrieved from /home/ubuntu/.local/lib/python3.10/site-packages/airflow/example_dags/example_branch_day_of_week_operator.py
[2024-02-06T22:01:45.856+0100] {logging_mixin.py:188} INFO - [2024-02-06T22:01:45.856+0100] {dag.py:3036} INFO - Sync 1 DAGs
[2024-02-06T22:01:45.957+0100] {logging_mixin.py:188} INFO - [2024-02-06T22:01:45.957+0100] {dag.py:3823} INFO - Setting next_dagrun for example_weekday_branch_operator to 2024-02-05 00:00:00+00:00, run_after=2024-02-06 00:00:00+00:00
[2024-02-06T22:01:46.085+0100] {processor.py:183} INFO - Processing /home/ubuntu/.local/lib/python3.10/site-packages/airflow/example_dags/example_branch_day_of_week_operator.py took 0.371 seconds
[2024-02-06T22:03:18.780+0100] {processor.py:161} INFO - Started process (PID=35953) to work on /home/ubuntu/.local/lib/python3.10/site-packages/airflow/example_dags/example_branch_day_of_week_operator.py
[2024-02-06T22:03:18.783+0100] {processor.py:830} INFO - Processing file /home/ubuntu/.local/lib/python3.10/site-packages/airflow/example_dags/example_branch_day_of_week_operator.py for tasks to queue
[2024-02-06T22:03:18.785+0100] {logging_mixin.py:188} INFO - [2024-02-06T22:03:18.784+0100] {dagbag.py:538} INFO - Filling up the DagBag from /home/ubuntu/.local/lib/python3.10/site-packages/airflow/example_dags/example_branch_day_of_week_operator.py
[2024-02-06T22:03:18.805+0100] {processor.py:840} INFO - DAG(s) 'example_weekday_branch_operator' retrieved from /home/ubuntu/.local/lib/python3.10/site-packages/airflow/example_dags/example_branch_day_of_week_operator.py
[2024-02-06T22:03:18.900+0100] {logging_mixin.py:188} INFO - [2024-02-06T22:03:18.897+0100] {dag.py:3036} INFO - Sync 1 DAGs
[2024-02-06T22:03:18.973+0100] {logging_mixin.py:188} INFO - [2024-02-06T22:03:18.973+0100] {dag.py:3823} INFO - Setting next_dagrun for example_weekday_branch_operator to 2024-02-05 00:00:00+00:00, run_after=2024-02-06 00:00:00+00:00
[2024-02-06T22:03:19.069+0100] {processor.py:183} INFO - Processing /home/ubuntu/.local/lib/python3.10/site-packages/airflow/example_dags/example_branch_day_of_week_operator.py took 0.301 seconds
[2024-02-06T22:03:19.102+0100] {processor.py:161} INFO - Started process (PID=35955) to work on /home/ubuntu/.local/lib/python3.10/site-packages/airflow/example_dags/example_branch_day_of_week_operator.py
[2024-02-06T22:03:19.107+0100] {processor.py:830} INFO - Processing file /home/ubuntu/.local/lib/python3.10/site-packages/airflow/example_dags/example_branch_day_of_week_operator.py for tasks to queue
[2024-02-06T22:03:19.111+0100] {logging_mixin.py:188} INFO - [2024-02-06T22:03:19.110+0100] {dagbag.py:538} INFO - Filling up the DagBag from /home/ubuntu/.local/lib/python3.10/site-packages/airflow/example_dags/example_branch_day_of_week_operator.py
[2024-02-06T22:03:19.148+0100] {processor.py:840} INFO - DAG(s) 'example_weekday_branch_operator' retrieved from /home/ubuntu/.local/lib/python3.10/site-packages/airflow/example_dags/example_branch_day_of_week_operator.py
[2024-02-06T22:03:19.292+0100] {logging_mixin.py:188} INFO - [2024-02-06T22:03:19.291+0100] {dag.py:3036} INFO - Sync 1 DAGs
[2024-02-06T22:03:19.388+0100] {logging_mixin.py:188} INFO - [2024-02-06T22:03:19.386+0100] {dag.py:3823} INFO - Setting next_dagrun for example_weekday_branch_operator to 2024-02-05 00:00:00+00:00, run_after=2024-02-06 00:00:00+00:00
[2024-02-06T22:03:19.513+0100] {processor.py:183} INFO - Processing /home/ubuntu/.local/lib/python3.10/site-packages/airflow/example_dags/example_branch_day_of_week_operator.py took 0.420 seconds
[2024-02-06T22:07:04.043+0100] {processor.py:161} INFO - Started process (PID=37874) to work on /home/ubuntu/.local/lib/python3.10/site-packages/airflow/example_dags/example_branch_day_of_week_operator.py
[2024-02-06T22:07:04.048+0100] {processor.py:830} INFO - Processing file /home/ubuntu/.local/lib/python3.10/site-packages/airflow/example_dags/example_branch_day_of_week_operator.py for tasks to queue
[2024-02-06T22:07:04.052+0100] {logging_mixin.py:188} INFO - [2024-02-06T22:07:04.051+0100] {dagbag.py:538} INFO - Filling up the DagBag from /home/ubuntu/.local/lib/python3.10/site-packages/airflow/example_dags/example_branch_day_of_week_operator.py
[2024-02-06T22:07:04.077+0100] {processor.py:840} INFO - DAG(s) 'example_weekday_branch_operator' retrieved from /home/ubuntu/.local/lib/python3.10/site-packages/airflow/example_dags/example_branch_day_of_week_operator.py
[2024-02-06T22:07:04.341+0100] {logging_mixin.py:188} INFO - [2024-02-06T22:07:04.340+0100] {dag.py:3036} INFO - Sync 1 DAGs
[2024-02-06T22:07:04.421+0100] {logging_mixin.py:188} INFO - [2024-02-06T22:07:04.420+0100] {dag.py:3823} INFO - Setting next_dagrun for example_weekday_branch_operator to 2024-02-05 00:00:00+00:00, run_after=2024-02-06 00:00:00+00:00
[2024-02-06T22:07:04.505+0100] {processor.py:183} INFO - Processing /home/ubuntu/.local/lib/python3.10/site-packages/airflow/example_dags/example_branch_day_of_week_operator.py took 0.472 seconds
[2024-02-06T22:13:54.628+0100] {processor.py:161} INFO - Started process (PID=40507) to work on /home/ubuntu/.local/lib/python3.10/site-packages/airflow/example_dags/example_branch_day_of_week_operator.py
[2024-02-06T22:13:54.636+0100] {processor.py:830} INFO - Processing file /home/ubuntu/.local/lib/python3.10/site-packages/airflow/example_dags/example_branch_day_of_week_operator.py for tasks to queue
[2024-02-06T22:13:54.638+0100] {logging_mixin.py:188} INFO - [2024-02-06T22:13:54.638+0100] {dagbag.py:538} INFO - Filling up the DagBag from /home/ubuntu/.local/lib/python3.10/site-packages/airflow/example_dags/example_branch_day_of_week_operator.py
[2024-02-06T22:13:54.689+0100] {processor.py:840} INFO - DAG(s) 'example_weekday_branch_operator' retrieved from /home/ubuntu/.local/lib/python3.10/site-packages/airflow/example_dags/example_branch_day_of_week_operator.py
[2024-02-06T22:13:54.963+0100] {logging_mixin.py:188} INFO - [2024-02-06T22:13:54.962+0100] {dag.py:3036} INFO - Sync 1 DAGs
[2024-02-06T22:13:54.997+0100] {logging_mixin.py:188} INFO - [2024-02-06T22:13:54.995+0100] {dag.py:3823} INFO - Setting next_dagrun for example_weekday_branch_operator to 2024-02-05 00:00:00+00:00, run_after=2024-02-06 00:00:00+00:00
[2024-02-06T22:13:55.139+0100] {processor.py:183} INFO - Processing /home/ubuntu/.local/lib/python3.10/site-packages/airflow/example_dags/example_branch_day_of_week_operator.py took 0.518 seconds
[2024-02-06T22:15:52.002+0100] {processor.py:161} INFO - Started process (PID=41696) to work on /home/ubuntu/.local/lib/python3.10/site-packages/airflow/example_dags/example_branch_day_of_week_operator.py
[2024-02-06T22:15:52.012+0100] {processor.py:830} INFO - Processing file /home/ubuntu/.local/lib/python3.10/site-packages/airflow/example_dags/example_branch_day_of_week_operator.py for tasks to queue
[2024-02-06T22:15:52.013+0100] {logging_mixin.py:188} INFO - [2024-02-06T22:15:52.013+0100] {dagbag.py:538} INFO - Filling up the DagBag from /home/ubuntu/.local/lib/python3.10/site-packages/airflow/example_dags/example_branch_day_of_week_operator.py
[2024-02-06T22:15:52.032+0100] {processor.py:840} INFO - DAG(s) 'example_weekday_branch_operator' retrieved from /home/ubuntu/.local/lib/python3.10/site-packages/airflow/example_dags/example_branch_day_of_week_operator.py
[2024-02-06T22:15:52.064+0100] {logging_mixin.py:188} INFO - [2024-02-06T22:15:52.063+0100] {dag.py:3036} INFO - Sync 1 DAGs
[2024-02-06T22:15:52.102+0100] {logging_mixin.py:188} INFO - [2024-02-06T22:15:52.101+0100] {dag.py:3823} INFO - Setting next_dagrun for example_weekday_branch_operator to 2024-02-05 00:00:00+00:00, run_after=2024-02-06 00:00:00+00:00
[2024-02-06T22:15:52.170+0100] {processor.py:183} INFO - Processing /home/ubuntu/.local/lib/python3.10/site-packages/airflow/example_dags/example_branch_day_of_week_operator.py took 0.173 seconds
[2024-02-06T22:36:12.808+0100] {processor.py:161} INFO - Started process (PID=55961) to work on /home/ubuntu/.local/lib/python3.10/site-packages/airflow/example_dags/example_branch_day_of_week_operator.py
[2024-02-06T22:36:12.837+0100] {processor.py:830} INFO - Processing file /home/ubuntu/.local/lib/python3.10/site-packages/airflow/example_dags/example_branch_day_of_week_operator.py for tasks to queue
[2024-02-06T22:36:12.839+0100] {logging_mixin.py:188} INFO - [2024-02-06T22:36:12.838+0100] {dagbag.py:538} INFO - Filling up the DagBag from /home/ubuntu/.local/lib/python3.10/site-packages/airflow/example_dags/example_branch_day_of_week_operator.py
[2024-02-06T22:36:12.860+0100] {processor.py:840} INFO - DAG(s) 'example_weekday_branch_operator' retrieved from /home/ubuntu/.local/lib/python3.10/site-packages/airflow/example_dags/example_branch_day_of_week_operator.py
[2024-02-06T22:36:13.428+0100] {logging_mixin.py:188} INFO - [2024-02-06T22:36:13.428+0100] {dag.py:3036} INFO - Sync 1 DAGs
[2024-02-06T22:36:13.572+0100] {logging_mixin.py:188} INFO - [2024-02-06T22:36:13.572+0100] {dag.py:3823} INFO - Setting next_dagrun for example_weekday_branch_operator to 2024-02-05 00:00:00+00:00, run_after=2024-02-06 00:00:00+00:00
[2024-02-06T22:36:14.259+0100] {processor.py:183} INFO - Processing /home/ubuntu/.local/lib/python3.10/site-packages/airflow/example_dags/example_branch_day_of_week_operator.py took 1.490 seconds
[2024-02-06T23:15:26.928+0100] {processor.py:161} INFO - Started process (PID=64861) to work on /home/ubuntu/.local/lib/python3.10/site-packages/airflow/example_dags/example_branch_day_of_week_operator.py
[2024-02-06T23:15:26.960+0100] {processor.py:830} INFO - Processing file /home/ubuntu/.local/lib/python3.10/site-packages/airflow/example_dags/example_branch_day_of_week_operator.py for tasks to queue
[2024-02-06T23:15:26.967+0100] {logging_mixin.py:188} INFO - [2024-02-06T23:15:26.964+0100] {dagbag.py:538} INFO - Filling up the DagBag from /home/ubuntu/.local/lib/python3.10/site-packages/airflow/example_dags/example_branch_day_of_week_operator.py
[2024-02-06T23:15:27.038+0100] {processor.py:840} INFO - DAG(s) 'example_weekday_branch_operator' retrieved from /home/ubuntu/.local/lib/python3.10/site-packages/airflow/example_dags/example_branch_day_of_week_operator.py
[2024-02-06T23:15:27.659+0100] {logging_mixin.py:188} INFO - [2024-02-06T23:15:27.656+0100] {dag.py:3036} INFO - Sync 1 DAGs
[2024-02-06T23:15:27.860+0100] {logging_mixin.py:188} INFO - [2024-02-06T23:15:27.859+0100] {dag.py:3823} INFO - Setting next_dagrun for example_weekday_branch_operator to 2024-02-05 00:00:00+00:00, run_after=2024-02-06 00:00:00+00:00
[2024-02-06T23:15:30.609+0100] {processor.py:183} INFO - Processing /home/ubuntu/.local/lib/python3.10/site-packages/airflow/example_dags/example_branch_day_of_week_operator.py took 3.685 seconds
