[2024-02-06T21:28:04.612+0100] {processor.py:161} INFO - Started process (PID=23527) to work on /home/ubuntu/.local/lib/python3.10/site-packages/airflow/example_dags/example_sensors.py
[2024-02-06T21:28:04.613+0100] {processor.py:830} INFO - Processing file /home/ubuntu/.local/lib/python3.10/site-packages/airflow/example_dags/example_sensors.py for tasks to queue
[2024-02-06T21:28:04.614+0100] {logging_mixin.py:188} INFO - [2024-02-06T21:28:04.614+0100] {dagbag.py:538} INFO - Filling up the DagBag from /home/ubuntu/.local/lib/python3.10/site-packages/airflow/example_dags/example_sensors.py
[2024-02-06T21:28:04.628+0100] {processor.py:840} INFO - DAG(s) 'example_sensors' retrieved from /home/ubuntu/.local/lib/python3.10/site-packages/airflow/example_dags/example_sensors.py
[2024-02-06T21:28:04.753+0100] {logging_mixin.py:188} INFO - [2024-02-06T21:28:04.753+0100] {dag.py:3036} INFO - Sync 1 DAGs
[2024-02-06T21:28:04.765+0100] {logging_mixin.py:188} INFO - [2024-02-06T21:28:04.765+0100] {dag.py:3823} INFO - Setting next_dagrun for example_sensors to None, run_after=None
[2024-02-06T21:28:04.878+0100] {processor.py:183} INFO - Processing /home/ubuntu/.local/lib/python3.10/site-packages/airflow/example_dags/example_sensors.py took 0.271 seconds
[2024-02-06T21:29:19.722+0100] {processor.py:161} INFO - Started process (PID=24269) to work on /home/ubuntu/.local/lib/python3.10/site-packages/airflow/example_dags/example_sensors.py
[2024-02-06T21:29:19.728+0100] {processor.py:830} INFO - Processing file /home/ubuntu/.local/lib/python3.10/site-packages/airflow/example_dags/example_sensors.py for tasks to queue
[2024-02-06T21:29:19.730+0100] {logging_mixin.py:188} INFO - [2024-02-06T21:29:19.729+0100] {dagbag.py:538} INFO - Filling up the DagBag from /home/ubuntu/.local/lib/python3.10/site-packages/airflow/example_dags/example_sensors.py
[2024-02-06T21:29:19.758+0100] {processor.py:840} INFO - DAG(s) 'example_sensors' retrieved from /home/ubuntu/.local/lib/python3.10/site-packages/airflow/example_dags/example_sensors.py
[2024-02-06T21:29:19.826+0100] {logging_mixin.py:188} INFO - [2024-02-06T21:29:19.825+0100] {dag.py:3036} INFO - Sync 1 DAGs
[2024-02-06T21:29:19.882+0100] {logging_mixin.py:188} INFO - [2024-02-06T21:29:19.881+0100] {dag.py:3823} INFO - Setting next_dagrun for example_sensors to None, run_after=None
[2024-02-06T21:29:19.995+0100] {processor.py:183} INFO - Processing /home/ubuntu/.local/lib/python3.10/site-packages/airflow/example_dags/example_sensors.py took 0.281 seconds
[2024-02-06T21:31:06.475+0100] {processor.py:161} INFO - Started process (PID=24900) to work on /home/ubuntu/.local/lib/python3.10/site-packages/airflow/example_dags/example_sensors.py
[2024-02-06T21:31:06.481+0100] {processor.py:830} INFO - Processing file /home/ubuntu/.local/lib/python3.10/site-packages/airflow/example_dags/example_sensors.py for tasks to queue
[2024-02-06T21:31:06.483+0100] {logging_mixin.py:188} INFO - [2024-02-06T21:31:06.482+0100] {dagbag.py:538} INFO - Filling up the DagBag from /home/ubuntu/.local/lib/python3.10/site-packages/airflow/example_dags/example_sensors.py
[2024-02-06T21:31:06.516+0100] {processor.py:840} INFO - DAG(s) 'example_sensors' retrieved from /home/ubuntu/.local/lib/python3.10/site-packages/airflow/example_dags/example_sensors.py
[2024-02-06T21:31:06.577+0100] {logging_mixin.py:188} INFO - [2024-02-06T21:31:06.577+0100] {dag.py:3036} INFO - Sync 1 DAGs
[2024-02-06T21:31:06.605+0100] {logging_mixin.py:188} INFO - [2024-02-06T21:31:06.604+0100] {dag.py:3823} INFO - Setting next_dagrun for example_sensors to None, run_after=None
[2024-02-06T21:31:06.678+0100] {processor.py:183} INFO - Processing /home/ubuntu/.local/lib/python3.10/site-packages/airflow/example_dags/example_sensors.py took 0.216 seconds
[2024-02-06T21:32:15.706+0100] {processor.py:161} INFO - Started process (PID=25130) to work on /home/ubuntu/.local/lib/python3.10/site-packages/airflow/example_dags/example_sensors.py
[2024-02-06T21:32:15.709+0100] {processor.py:830} INFO - Processing file /home/ubuntu/.local/lib/python3.10/site-packages/airflow/example_dags/example_sensors.py for tasks to queue
[2024-02-06T21:32:15.712+0100] {logging_mixin.py:188} INFO - [2024-02-06T21:32:15.711+0100] {dagbag.py:538} INFO - Filling up the DagBag from /home/ubuntu/.local/lib/python3.10/site-packages/airflow/example_dags/example_sensors.py
[2024-02-06T21:32:15.747+0100] {processor.py:840} INFO - DAG(s) 'example_sensors' retrieved from /home/ubuntu/.local/lib/python3.10/site-packages/airflow/example_dags/example_sensors.py
[2024-02-06T21:32:15.790+0100] {logging_mixin.py:188} INFO - [2024-02-06T21:32:15.789+0100] {dag.py:3036} INFO - Sync 1 DAGs
[2024-02-06T21:32:15.818+0100] {logging_mixin.py:188} INFO - [2024-02-06T21:32:15.818+0100] {dag.py:3823} INFO - Setting next_dagrun for example_sensors to None, run_after=None
[2024-02-06T21:32:15.880+0100] {processor.py:183} INFO - Processing /home/ubuntu/.local/lib/python3.10/site-packages/airflow/example_dags/example_sensors.py took 0.181 seconds
[2024-02-06T21:33:34.547+0100] {processor.py:161} INFO - Started process (PID=25513) to work on /home/ubuntu/.local/lib/python3.10/site-packages/airflow/example_dags/example_sensors.py
[2024-02-06T21:33:34.551+0100] {processor.py:830} INFO - Processing file /home/ubuntu/.local/lib/python3.10/site-packages/airflow/example_dags/example_sensors.py for tasks to queue
[2024-02-06T21:33:34.553+0100] {logging_mixin.py:188} INFO - [2024-02-06T21:33:34.552+0100] {dagbag.py:538} INFO - Filling up the DagBag from /home/ubuntu/.local/lib/python3.10/site-packages/airflow/example_dags/example_sensors.py
[2024-02-06T21:33:34.555+0100] {processor.py:842} WARNING - No viable dags retrieved from /home/ubuntu/.local/lib/python3.10/site-packages/airflow/example_dags/example_sensors.py
[2024-02-06T21:33:34.581+0100] {processor.py:183} INFO - Processing /home/ubuntu/.local/lib/python3.10/site-packages/airflow/example_dags/example_sensors.py took 0.080 seconds
[2024-02-06T21:40:28.833+0100] {processor.py:161} INFO - Started process (PID=27634) to work on /home/ubuntu/.local/lib/python3.10/site-packages/airflow/example_dags/example_sensors.py
[2024-02-06T21:40:28.837+0100] {processor.py:830} INFO - Processing file /home/ubuntu/.local/lib/python3.10/site-packages/airflow/example_dags/example_sensors.py for tasks to queue
[2024-02-06T21:40:28.839+0100] {logging_mixin.py:188} INFO - [2024-02-06T21:40:28.839+0100] {dagbag.py:538} INFO - Filling up the DagBag from /home/ubuntu/.local/lib/python3.10/site-packages/airflow/example_dags/example_sensors.py
[2024-02-06T21:40:28.858+0100] {processor.py:840} INFO - DAG(s) 'example_sensors' retrieved from /home/ubuntu/.local/lib/python3.10/site-packages/airflow/example_dags/example_sensors.py
[2024-02-06T21:40:29.062+0100] {logging_mixin.py:188} INFO - [2024-02-06T21:40:29.062+0100] {dag.py:3036} INFO - Sync 1 DAGs
[2024-02-06T21:40:29.076+0100] {logging_mixin.py:188} INFO - [2024-02-06T21:40:29.075+0100] {dag.py:3823} INFO - Setting next_dagrun for example_sensors to None, run_after=None
[2024-02-06T21:40:29.147+0100] {processor.py:183} INFO - Processing /home/ubuntu/.local/lib/python3.10/site-packages/airflow/example_dags/example_sensors.py took 0.321 seconds
[2024-02-06T21:41:08.424+0100] {processor.py:161} INFO - Started process (PID=27940) to work on /home/ubuntu/.local/lib/python3.10/site-packages/airflow/example_dags/example_sensors.py
[2024-02-06T21:41:08.427+0100] {processor.py:830} INFO - Processing file /home/ubuntu/.local/lib/python3.10/site-packages/airflow/example_dags/example_sensors.py for tasks to queue
[2024-02-06T21:41:08.429+0100] {logging_mixin.py:188} INFO - [2024-02-06T21:41:08.428+0100] {dagbag.py:538} INFO - Filling up the DagBag from /home/ubuntu/.local/lib/python3.10/site-packages/airflow/example_dags/example_sensors.py
[2024-02-06T21:41:08.446+0100] {processor.py:840} INFO - DAG(s) 'example_sensors' retrieved from /home/ubuntu/.local/lib/python3.10/site-packages/airflow/example_dags/example_sensors.py
[2024-02-06T21:41:08.479+0100] {logging_mixin.py:188} INFO - [2024-02-06T21:41:08.478+0100] {dag.py:3036} INFO - Sync 1 DAGs
[2024-02-06T21:41:08.497+0100] {logging_mixin.py:188} INFO - [2024-02-06T21:41:08.497+0100] {dag.py:3823} INFO - Setting next_dagrun for example_sensors to None, run_after=None
[2024-02-06T21:41:08.556+0100] {processor.py:183} INFO - Processing /home/ubuntu/.local/lib/python3.10/site-packages/airflow/example_dags/example_sensors.py took 0.136 seconds
[2024-02-06T21:41:45.699+0100] {processor.py:161} INFO - Started process (PID=28089) to work on /home/ubuntu/.local/lib/python3.10/site-packages/airflow/example_dags/example_sensors.py
[2024-02-06T21:41:45.702+0100] {processor.py:830} INFO - Processing file /home/ubuntu/.local/lib/python3.10/site-packages/airflow/example_dags/example_sensors.py for tasks to queue
[2024-02-06T21:41:45.712+0100] {logging_mixin.py:188} INFO - [2024-02-06T21:41:45.705+0100] {dagbag.py:538} INFO - Filling up the DagBag from /home/ubuntu/.local/lib/python3.10/site-packages/airflow/example_dags/example_sensors.py
[2024-02-06T21:41:45.736+0100] {processor.py:840} INFO - DAG(s) 'example_sensors' retrieved from /home/ubuntu/.local/lib/python3.10/site-packages/airflow/example_dags/example_sensors.py
[2024-02-06T21:41:45.822+0100] {logging_mixin.py:188} INFO - [2024-02-06T21:41:45.817+0100] {dag.py:3036} INFO - Sync 1 DAGs
[2024-02-06T21:41:45.862+0100] {logging_mixin.py:188} INFO - [2024-02-06T21:41:45.862+0100] {dag.py:3823} INFO - Setting next_dagrun for example_sensors to None, run_after=None
[2024-02-06T21:41:45.921+0100] {processor.py:183} INFO - Processing /home/ubuntu/.local/lib/python3.10/site-packages/airflow/example_dags/example_sensors.py took 0.229 seconds
[2024-02-06T21:42:20.960+0100] {processor.py:161} INFO - Started process (PID=28280) to work on /home/ubuntu/.local/lib/python3.10/site-packages/airflow/example_dags/example_sensors.py
[2024-02-06T21:42:20.962+0100] {processor.py:830} INFO - Processing file /home/ubuntu/.local/lib/python3.10/site-packages/airflow/example_dags/example_sensors.py for tasks to queue
[2024-02-06T21:42:20.963+0100] {logging_mixin.py:188} INFO - [2024-02-06T21:42:20.963+0100] {dagbag.py:538} INFO - Filling up the DagBag from /home/ubuntu/.local/lib/python3.10/site-packages/airflow/example_dags/example_sensors.py
[2024-02-06T21:42:20.978+0100] {processor.py:840} INFO - DAG(s) 'example_sensors' retrieved from /home/ubuntu/.local/lib/python3.10/site-packages/airflow/example_dags/example_sensors.py
[2024-02-06T21:42:21.030+0100] {logging_mixin.py:188} INFO - [2024-02-06T21:42:21.030+0100] {dag.py:3036} INFO - Sync 1 DAGs
[2024-02-06T21:42:21.066+0100] {logging_mixin.py:188} INFO - [2024-02-06T21:42:21.066+0100] {dag.py:3823} INFO - Setting next_dagrun for example_sensors to None, run_after=None
[2024-02-06T21:42:21.370+0100] {processor.py:183} INFO - Processing /home/ubuntu/.local/lib/python3.10/site-packages/airflow/example_dags/example_sensors.py took 0.415 seconds
[2024-02-06T21:43:02.453+0100] {processor.py:161} INFO - Started process (PID=28566) to work on /home/ubuntu/.local/lib/python3.10/site-packages/airflow/example_dags/example_sensors.py
[2024-02-06T21:43:02.458+0100] {processor.py:830} INFO - Processing file /home/ubuntu/.local/lib/python3.10/site-packages/airflow/example_dags/example_sensors.py for tasks to queue
[2024-02-06T21:43:02.461+0100] {logging_mixin.py:188} INFO - [2024-02-06T21:43:02.461+0100] {dagbag.py:538} INFO - Filling up the DagBag from /home/ubuntu/.local/lib/python3.10/site-packages/airflow/example_dags/example_sensors.py
[2024-02-06T21:43:02.483+0100] {processor.py:840} INFO - DAG(s) 'example_sensors' retrieved from /home/ubuntu/.local/lib/python3.10/site-packages/airflow/example_dags/example_sensors.py
[2024-02-06T21:43:02.519+0100] {logging_mixin.py:188} INFO - [2024-02-06T21:43:02.518+0100] {dag.py:3036} INFO - Sync 1 DAGs
[2024-02-06T21:43:02.537+0100] {logging_mixin.py:188} INFO - [2024-02-06T21:43:02.537+0100] {dag.py:3823} INFO - Setting next_dagrun for example_sensors to None, run_after=None
[2024-02-06T21:43:02.595+0100] {processor.py:183} INFO - Processing /home/ubuntu/.local/lib/python3.10/site-packages/airflow/example_dags/example_sensors.py took 0.149 seconds
[2024-02-06T21:43:37.480+0100] {processor.py:161} INFO - Started process (PID=28833) to work on /home/ubuntu/.local/lib/python3.10/site-packages/airflow/example_dags/example_sensors.py
[2024-02-06T21:43:37.484+0100] {processor.py:830} INFO - Processing file /home/ubuntu/.local/lib/python3.10/site-packages/airflow/example_dags/example_sensors.py for tasks to queue
[2024-02-06T21:43:37.487+0100] {logging_mixin.py:188} INFO - [2024-02-06T21:43:37.486+0100] {dagbag.py:538} INFO - Filling up the DagBag from /home/ubuntu/.local/lib/python3.10/site-packages/airflow/example_dags/example_sensors.py
[2024-02-06T21:43:37.514+0100] {processor.py:840} INFO - DAG(s) 'example_sensors' retrieved from /home/ubuntu/.local/lib/python3.10/site-packages/airflow/example_dags/example_sensors.py
[2024-02-06T21:43:37.554+0100] {logging_mixin.py:188} INFO - [2024-02-06T21:43:37.554+0100] {dag.py:3036} INFO - Sync 1 DAGs
[2024-02-06T21:43:37.584+0100] {logging_mixin.py:188} INFO - [2024-02-06T21:43:37.582+0100] {dag.py:3823} INFO - Setting next_dagrun for example_sensors to None, run_after=None
[2024-02-06T21:43:37.637+0100] {processor.py:183} INFO - Processing /home/ubuntu/.local/lib/python3.10/site-packages/airflow/example_dags/example_sensors.py took 0.165 seconds
[2024-02-06T21:44:07.183+0100] {processor.py:161} INFO - Started process (PID=28939) to work on /home/ubuntu/.local/lib/python3.10/site-packages/airflow/example_dags/example_sensors.py
[2024-02-06T21:44:07.187+0100] {processor.py:830} INFO - Processing file /home/ubuntu/.local/lib/python3.10/site-packages/airflow/example_dags/example_sensors.py for tasks to queue
[2024-02-06T21:44:07.191+0100] {logging_mixin.py:188} INFO - [2024-02-06T21:44:07.190+0100] {dagbag.py:538} INFO - Filling up the DagBag from /home/ubuntu/.local/lib/python3.10/site-packages/airflow/example_dags/example_sensors.py
[2024-02-06T21:44:07.215+0100] {processor.py:840} INFO - DAG(s) 'example_sensors' retrieved from /home/ubuntu/.local/lib/python3.10/site-packages/airflow/example_dags/example_sensors.py
[2024-02-06T21:44:07.255+0100] {logging_mixin.py:188} INFO - [2024-02-06T21:44:07.254+0100] {dag.py:3036} INFO - Sync 1 DAGs
[2024-02-06T21:44:07.271+0100] {logging_mixin.py:188} INFO - [2024-02-06T21:44:07.271+0100] {dag.py:3823} INFO - Setting next_dagrun for example_sensors to None, run_after=None
[2024-02-06T21:44:07.332+0100] {processor.py:183} INFO - Processing /home/ubuntu/.local/lib/python3.10/site-packages/airflow/example_dags/example_sensors.py took 0.156 seconds
[2024-02-06T21:44:51.901+0100] {processor.py:161} INFO - Started process (PID=29222) to work on /home/ubuntu/.local/lib/python3.10/site-packages/airflow/example_dags/example_sensors.py
[2024-02-06T21:44:51.914+0100] {processor.py:830} INFO - Processing file /home/ubuntu/.local/lib/python3.10/site-packages/airflow/example_dags/example_sensors.py for tasks to queue
[2024-02-06T21:44:51.931+0100] {logging_mixin.py:188} INFO - [2024-02-06T21:44:51.923+0100] {dagbag.py:538} INFO - Filling up the DagBag from /home/ubuntu/.local/lib/python3.10/site-packages/airflow/example_dags/example_sensors.py
[2024-02-06T21:44:52.029+0100] {processor.py:840} INFO - DAG(s) 'example_sensors' retrieved from /home/ubuntu/.local/lib/python3.10/site-packages/airflow/example_dags/example_sensors.py
[2024-02-06T21:44:52.117+0100] {logging_mixin.py:188} INFO - [2024-02-06T21:44:52.116+0100] {dag.py:3036} INFO - Sync 1 DAGs
[2024-02-06T21:44:52.147+0100] {logging_mixin.py:188} INFO - [2024-02-06T21:44:52.146+0100] {dag.py:3823} INFO - Setting next_dagrun for example_sensors to None, run_after=None
[2024-02-06T21:44:52.306+0100] {processor.py:183} INFO - Processing /home/ubuntu/.local/lib/python3.10/site-packages/airflow/example_dags/example_sensors.py took 0.446 seconds
[2024-02-06T21:54:19.348+0100] {processor.py:161} INFO - Started process (PID=31194) to work on /home/ubuntu/.local/lib/python3.10/site-packages/airflow/example_dags/example_sensors.py
[2024-02-06T21:54:19.351+0100] {processor.py:830} INFO - Processing file /home/ubuntu/.local/lib/python3.10/site-packages/airflow/example_dags/example_sensors.py for tasks to queue
[2024-02-06T21:54:19.354+0100] {logging_mixin.py:188} INFO - [2024-02-06T21:54:19.353+0100] {dagbag.py:538} INFO - Filling up the DagBag from /home/ubuntu/.local/lib/python3.10/site-packages/airflow/example_dags/example_sensors.py
[2024-02-06T21:54:19.373+0100] {processor.py:840} INFO - DAG(s) 'example_sensors' retrieved from /home/ubuntu/.local/lib/python3.10/site-packages/airflow/example_dags/example_sensors.py
[2024-02-06T21:54:19.654+0100] {logging_mixin.py:188} INFO - [2024-02-06T21:54:19.654+0100] {dag.py:3036} INFO - Sync 1 DAGs
[2024-02-06T21:54:19.671+0100] {logging_mixin.py:188} INFO - [2024-02-06T21:54:19.671+0100] {dag.py:3823} INFO - Setting next_dagrun for example_sensors to None, run_after=None
[2024-02-06T21:54:19.725+0100] {processor.py:183} INFO - Processing /home/ubuntu/.local/lib/python3.10/site-packages/airflow/example_dags/example_sensors.py took 0.383 seconds
[2024-02-06T21:55:29.611+0100] {processor.py:161} INFO - Started process (PID=31794) to work on /home/ubuntu/.local/lib/python3.10/site-packages/airflow/example_dags/example_sensors.py
[2024-02-06T21:55:29.621+0100] {processor.py:830} INFO - Processing file /home/ubuntu/.local/lib/python3.10/site-packages/airflow/example_dags/example_sensors.py for tasks to queue
[2024-02-06T21:55:29.625+0100] {logging_mixin.py:188} INFO - [2024-02-06T21:55:29.622+0100] {dagbag.py:538} INFO - Filling up the DagBag from /home/ubuntu/.local/lib/python3.10/site-packages/airflow/example_dags/example_sensors.py
[2024-02-06T21:55:29.652+0100] {processor.py:840} INFO - DAG(s) 'example_sensors' retrieved from /home/ubuntu/.local/lib/python3.10/site-packages/airflow/example_dags/example_sensors.py
[2024-02-06T21:55:29.707+0100] {logging_mixin.py:188} INFO - [2024-02-06T21:55:29.706+0100] {dag.py:3036} INFO - Sync 1 DAGs
[2024-02-06T21:55:29.732+0100] {logging_mixin.py:188} INFO - [2024-02-06T21:55:29.731+0100] {dag.py:3823} INFO - Setting next_dagrun for example_sensors to None, run_after=None
[2024-02-06T21:55:29.852+0100] {processor.py:183} INFO - Processing /home/ubuntu/.local/lib/python3.10/site-packages/airflow/example_dags/example_sensors.py took 0.253 seconds
[2024-02-06T21:56:26.235+0100] {processor.py:161} INFO - Started process (PID=32359) to work on /home/ubuntu/.local/lib/python3.10/site-packages/airflow/example_dags/example_sensors.py
[2024-02-06T21:56:26.244+0100] {processor.py:830} INFO - Processing file /home/ubuntu/.local/lib/python3.10/site-packages/airflow/example_dags/example_sensors.py for tasks to queue
[2024-02-06T21:56:26.247+0100] {logging_mixin.py:188} INFO - [2024-02-06T21:56:26.246+0100] {dagbag.py:538} INFO - Filling up the DagBag from /home/ubuntu/.local/lib/python3.10/site-packages/airflow/example_dags/example_sensors.py
[2024-02-06T21:56:26.271+0100] {processor.py:840} INFO - DAG(s) 'example_sensors' retrieved from /home/ubuntu/.local/lib/python3.10/site-packages/airflow/example_dags/example_sensors.py
[2024-02-06T21:56:26.321+0100] {logging_mixin.py:188} INFO - [2024-02-06T21:56:26.319+0100] {dag.py:3036} INFO - Sync 1 DAGs
[2024-02-06T21:56:26.351+0100] {logging_mixin.py:188} INFO - [2024-02-06T21:56:26.351+0100] {dag.py:3823} INFO - Setting next_dagrun for example_sensors to None, run_after=None
[2024-02-06T21:56:26.421+0100] {processor.py:183} INFO - Processing /home/ubuntu/.local/lib/python3.10/site-packages/airflow/example_dags/example_sensors.py took 0.193 seconds
[2024-02-06T21:57:03.936+0100] {processor.py:161} INFO - Started process (PID=32626) to work on /home/ubuntu/.local/lib/python3.10/site-packages/airflow/example_dags/example_sensors.py
[2024-02-06T21:57:03.939+0100] {processor.py:830} INFO - Processing file /home/ubuntu/.local/lib/python3.10/site-packages/airflow/example_dags/example_sensors.py for tasks to queue
[2024-02-06T21:57:03.942+0100] {logging_mixin.py:188} INFO - [2024-02-06T21:57:03.941+0100] {dagbag.py:538} INFO - Filling up the DagBag from /home/ubuntu/.local/lib/python3.10/site-packages/airflow/example_dags/example_sensors.py
[2024-02-06T21:57:03.964+0100] {processor.py:840} INFO - DAG(s) 'example_sensors' retrieved from /home/ubuntu/.local/lib/python3.10/site-packages/airflow/example_dags/example_sensors.py
[2024-02-06T21:57:04.022+0100] {logging_mixin.py:188} INFO - [2024-02-06T21:57:04.021+0100] {dag.py:3036} INFO - Sync 1 DAGs
[2024-02-06T21:57:04.048+0100] {logging_mixin.py:188} INFO - [2024-02-06T21:57:04.048+0100] {dag.py:3823} INFO - Setting next_dagrun for example_sensors to None, run_after=None
[2024-02-06T21:57:04.305+0100] {processor.py:183} INFO - Processing /home/ubuntu/.local/lib/python3.10/site-packages/airflow/example_dags/example_sensors.py took 0.379 seconds
[2024-02-06T21:57:35.015+0100] {processor.py:161} INFO - Started process (PID=32878) to work on /home/ubuntu/.local/lib/python3.10/site-packages/airflow/example_dags/example_sensors.py
[2024-02-06T21:57:35.028+0100] {processor.py:830} INFO - Processing file /home/ubuntu/.local/lib/python3.10/site-packages/airflow/example_dags/example_sensors.py for tasks to queue
[2024-02-06T21:57:35.047+0100] {logging_mixin.py:188} INFO - [2024-02-06T21:57:35.036+0100] {dagbag.py:538} INFO - Filling up the DagBag from /home/ubuntu/.local/lib/python3.10/site-packages/airflow/example_dags/example_sensors.py
[2024-02-06T21:57:35.085+0100] {processor.py:840} INFO - DAG(s) 'example_sensors' retrieved from /home/ubuntu/.local/lib/python3.10/site-packages/airflow/example_dags/example_sensors.py
[2024-02-06T21:57:35.157+0100] {logging_mixin.py:188} INFO - [2024-02-06T21:57:35.156+0100] {dag.py:3036} INFO - Sync 1 DAGs
[2024-02-06T21:57:35.192+0100] {logging_mixin.py:188} INFO - [2024-02-06T21:57:35.191+0100] {dag.py:3823} INFO - Setting next_dagrun for example_sensors to None, run_after=None
[2024-02-06T21:57:35.280+0100] {processor.py:183} INFO - Processing /home/ubuntu/.local/lib/python3.10/site-packages/airflow/example_dags/example_sensors.py took 0.283 seconds
[2024-02-06T21:59:14.079+0100] {processor.py:161} INFO - Started process (PID=33869) to work on /home/ubuntu/.local/lib/python3.10/site-packages/airflow/example_dags/example_sensors.py
[2024-02-06T21:59:14.097+0100] {processor.py:830} INFO - Processing file /home/ubuntu/.local/lib/python3.10/site-packages/airflow/example_dags/example_sensors.py for tasks to queue
[2024-02-06T21:59:14.104+0100] {logging_mixin.py:188} INFO - [2024-02-06T21:59:14.103+0100] {dagbag.py:538} INFO - Filling up the DagBag from /home/ubuntu/.local/lib/python3.10/site-packages/airflow/example_dags/example_sensors.py
[2024-02-06T21:59:14.138+0100] {processor.py:840} INFO - DAG(s) 'example_sensors' retrieved from /home/ubuntu/.local/lib/python3.10/site-packages/airflow/example_dags/example_sensors.py
[2024-02-06T21:59:14.430+0100] {logging_mixin.py:188} INFO - [2024-02-06T21:59:14.429+0100] {dag.py:3036} INFO - Sync 1 DAGs
[2024-02-06T21:59:14.459+0100] {logging_mixin.py:188} INFO - [2024-02-06T21:59:14.458+0100] {dag.py:3823} INFO - Setting next_dagrun for example_sensors to None, run_after=None
[2024-02-06T21:59:14.536+0100] {processor.py:183} INFO - Processing /home/ubuntu/.local/lib/python3.10/site-packages/airflow/example_dags/example_sensors.py took 0.465 seconds
[2024-02-06T21:59:27.049+0100] {processor.py:161} INFO - Started process (PID=34021) to work on /home/ubuntu/.local/lib/python3.10/site-packages/airflow/example_dags/example_sensors.py
[2024-02-06T21:59:27.052+0100] {processor.py:830} INFO - Processing file /home/ubuntu/.local/lib/python3.10/site-packages/airflow/example_dags/example_sensors.py for tasks to queue
[2024-02-06T21:59:27.054+0100] {logging_mixin.py:188} INFO - [2024-02-06T21:59:27.053+0100] {dagbag.py:538} INFO - Filling up the DagBag from /home/ubuntu/.local/lib/python3.10/site-packages/airflow/example_dags/example_sensors.py
[2024-02-06T21:59:27.076+0100] {processor.py:840} INFO - DAG(s) 'example_sensors' retrieved from /home/ubuntu/.local/lib/python3.10/site-packages/airflow/example_dags/example_sensors.py
[2024-02-06T21:59:27.097+0100] {logging_mixin.py:188} INFO - [2024-02-06T21:59:27.097+0100] {dag.py:3036} INFO - Sync 1 DAGs
[2024-02-06T21:59:27.143+0100] {logging_mixin.py:188} INFO - [2024-02-06T21:59:27.143+0100] {dag.py:3823} INFO - Setting next_dagrun for example_sensors to None, run_after=None
[2024-02-06T21:59:27.229+0100] {processor.py:183} INFO - Processing /home/ubuntu/.local/lib/python3.10/site-packages/airflow/example_dags/example_sensors.py took 0.191 seconds
[2024-02-06T22:00:55.133+0100] {processor.py:161} INFO - Started process (PID=34813) to work on /home/ubuntu/.local/lib/python3.10/site-packages/airflow/example_dags/example_sensors.py
[2024-02-06T22:00:55.138+0100] {processor.py:830} INFO - Processing file /home/ubuntu/.local/lib/python3.10/site-packages/airflow/example_dags/example_sensors.py for tasks to queue
[2024-02-06T22:00:55.142+0100] {logging_mixin.py:188} INFO - [2024-02-06T22:00:55.141+0100] {dagbag.py:538} INFO - Filling up the DagBag from /home/ubuntu/.local/lib/python3.10/site-packages/airflow/example_dags/example_sensors.py
[2024-02-06T22:00:55.171+0100] {processor.py:840} INFO - DAG(s) 'example_sensors' retrieved from /home/ubuntu/.local/lib/python3.10/site-packages/airflow/example_dags/example_sensors.py
[2024-02-06T22:00:55.238+0100] {logging_mixin.py:188} INFO - [2024-02-06T22:00:55.236+0100] {dag.py:3036} INFO - Sync 1 DAGs
[2024-02-06T22:00:55.273+0100] {logging_mixin.py:188} INFO - [2024-02-06T22:00:55.266+0100] {dag.py:3823} INFO - Setting next_dagrun for example_sensors to None, run_after=None
[2024-02-06T22:00:55.342+0100] {processor.py:183} INFO - Processing /home/ubuntu/.local/lib/python3.10/site-packages/airflow/example_dags/example_sensors.py took 0.217 seconds
[2024-02-06T22:01:00.949+0100] {processor.py:161} INFO - Started process (PID=34826) to work on /home/ubuntu/.local/lib/python3.10/site-packages/airflow/example_dags/example_sensors.py
[2024-02-06T22:01:00.951+0100] {processor.py:830} INFO - Processing file /home/ubuntu/.local/lib/python3.10/site-packages/airflow/example_dags/example_sensors.py for tasks to queue
[2024-02-06T22:01:00.953+0100] {logging_mixin.py:188} INFO - [2024-02-06T22:01:00.952+0100] {dagbag.py:538} INFO - Filling up the DagBag from /home/ubuntu/.local/lib/python3.10/site-packages/airflow/example_dags/example_sensors.py
[2024-02-06T22:01:00.981+0100] {processor.py:840} INFO - DAG(s) 'example_sensors' retrieved from /home/ubuntu/.local/lib/python3.10/site-packages/airflow/example_dags/example_sensors.py
[2024-02-06T22:01:01.024+0100] {logging_mixin.py:188} INFO - [2024-02-06T22:01:01.024+0100] {dag.py:3036} INFO - Sync 1 DAGs
[2024-02-06T22:01:01.044+0100] {logging_mixin.py:188} INFO - [2024-02-06T22:01:01.044+0100] {dag.py:3823} INFO - Setting next_dagrun for example_sensors to None, run_after=None
[2024-02-06T22:01:01.100+0100] {processor.py:183} INFO - Processing /home/ubuntu/.local/lib/python3.10/site-packages/airflow/example_dags/example_sensors.py took 0.158 seconds
[2024-02-06T22:02:22.296+0100] {processor.py:161} INFO - Started process (PID=35411) to work on /home/ubuntu/.local/lib/python3.10/site-packages/airflow/example_dags/example_sensors.py
[2024-02-06T22:02:22.305+0100] {processor.py:830} INFO - Processing file /home/ubuntu/.local/lib/python3.10/site-packages/airflow/example_dags/example_sensors.py for tasks to queue
[2024-02-06T22:02:22.321+0100] {logging_mixin.py:188} INFO - [2024-02-06T22:02:22.320+0100] {dagbag.py:538} INFO - Filling up the DagBag from /home/ubuntu/.local/lib/python3.10/site-packages/airflow/example_dags/example_sensors.py
[2024-02-06T22:02:22.541+0100] {processor.py:840} INFO - DAG(s) 'example_sensors' retrieved from /home/ubuntu/.local/lib/python3.10/site-packages/airflow/example_dags/example_sensors.py
[2024-02-06T22:02:22.785+0100] {logging_mixin.py:188} INFO - [2024-02-06T22:02:22.784+0100] {dag.py:3036} INFO - Sync 1 DAGs
[2024-02-06T22:02:22.885+0100] {logging_mixin.py:188} INFO - [2024-02-06T22:02:22.884+0100] {dag.py:3823} INFO - Setting next_dagrun for example_sensors to None, run_after=None
[2024-02-06T22:02:24.200+0100] {processor.py:183} INFO - Processing /home/ubuntu/.local/lib/python3.10/site-packages/airflow/example_dags/example_sensors.py took 1.924 seconds
[2024-02-06T22:02:25.508+0100] {processor.py:161} INFO - Started process (PID=35469) to work on /home/ubuntu/.local/lib/python3.10/site-packages/airflow/example_dags/example_sensors.py
[2024-02-06T22:02:25.516+0100] {processor.py:830} INFO - Processing file /home/ubuntu/.local/lib/python3.10/site-packages/airflow/example_dags/example_sensors.py for tasks to queue
[2024-02-06T22:02:25.518+0100] {logging_mixin.py:188} INFO - [2024-02-06T22:02:25.517+0100] {dagbag.py:538} INFO - Filling up the DagBag from /home/ubuntu/.local/lib/python3.10/site-packages/airflow/example_dags/example_sensors.py
[2024-02-06T22:02:25.545+0100] {processor.py:840} INFO - DAG(s) 'example_sensors' retrieved from /home/ubuntu/.local/lib/python3.10/site-packages/airflow/example_dags/example_sensors.py
[2024-02-06T22:02:25.698+0100] {logging_mixin.py:188} INFO - [2024-02-06T22:02:25.697+0100] {dag.py:3036} INFO - Sync 1 DAGs
[2024-02-06T22:02:25.762+0100] {logging_mixin.py:188} INFO - [2024-02-06T22:02:25.761+0100] {dag.py:3823} INFO - Setting next_dagrun for example_sensors to None, run_after=None
[2024-02-06T22:02:25.860+0100] {processor.py:183} INFO - Processing /home/ubuntu/.local/lib/python3.10/site-packages/airflow/example_dags/example_sensors.py took 0.359 seconds
[2024-02-06T22:04:06.747+0100] {processor.py:161} INFO - Started process (PID=36504) to work on /home/ubuntu/.local/lib/python3.10/site-packages/airflow/example_dags/example_sensors.py
[2024-02-06T22:04:06.762+0100] {processor.py:161} INFO - Started process (PID=36505) to work on /home/ubuntu/.local/lib/python3.10/site-packages/airflow/example_dags/example_sensors.py
[2024-02-06T22:04:06.768+0100] {processor.py:830} INFO - Processing file /home/ubuntu/.local/lib/python3.10/site-packages/airflow/example_dags/example_sensors.py for tasks to queue
[2024-02-06T22:04:06.768+0100] {processor.py:830} INFO - Processing file /home/ubuntu/.local/lib/python3.10/site-packages/airflow/example_dags/example_sensors.py for tasks to queue
[2024-02-06T22:04:06.770+0100] {logging_mixin.py:188} INFO - [2024-02-06T22:04:06.768+0100] {dagbag.py:538} INFO - Filling up the DagBag from /home/ubuntu/.local/lib/python3.10/site-packages/airflow/example_dags/example_sensors.py
[2024-02-06T22:04:06.771+0100] {logging_mixin.py:188} INFO - [2024-02-06T22:04:06.770+0100] {dagbag.py:538} INFO - Filling up the DagBag from /home/ubuntu/.local/lib/python3.10/site-packages/airflow/example_dags/example_sensors.py
[2024-02-06T22:04:06.831+0100] {processor.py:840} INFO - DAG(s) 'example_sensors' retrieved from /home/ubuntu/.local/lib/python3.10/site-packages/airflow/example_dags/example_sensors.py
[2024-02-06T22:04:06.835+0100] {processor.py:840} INFO - DAG(s) 'example_sensors' retrieved from /home/ubuntu/.local/lib/python3.10/site-packages/airflow/example_dags/example_sensors.py
[2024-02-06T22:04:06.966+0100] {logging_mixin.py:188} INFO - [2024-02-06T22:04:06.965+0100] {dag.py:3036} INFO - Sync 1 DAGs
[2024-02-06T22:04:06.984+0100] {logging_mixin.py:188} INFO - [2024-02-06T22:04:06.983+0100] {dag.py:3036} INFO - Sync 1 DAGs
[2024-02-06T22:04:07.032+0100] {logging_mixin.py:188} INFO - [2024-02-06T22:04:07.031+0100] {dag.py:3823} INFO - Setting next_dagrun for example_sensors to None, run_after=None
[2024-02-06T22:04:07.035+0100] {logging_mixin.py:188} INFO - [2024-02-06T22:04:07.035+0100] {dag.py:3823} INFO - Setting next_dagrun for example_sensors to None, run_after=None
[2024-02-06T22:04:07.149+0100] {processor.py:183} INFO - Processing /home/ubuntu/.local/lib/python3.10/site-packages/airflow/example_dags/example_sensors.py took 0.411 seconds
[2024-02-06T22:04:07.256+0100] {processor.py:183} INFO - Processing /home/ubuntu/.local/lib/python3.10/site-packages/airflow/example_dags/example_sensors.py took 0.548 seconds
[2024-02-06T22:06:31.635+0100] {processor.py:161} INFO - Started process (PID=37592) to work on /home/ubuntu/.local/lib/python3.10/site-packages/airflow/example_dags/example_sensors.py
[2024-02-06T22:06:31.639+0100] {processor.py:830} INFO - Processing file /home/ubuntu/.local/lib/python3.10/site-packages/airflow/example_dags/example_sensors.py for tasks to queue
[2024-02-06T22:06:31.644+0100] {logging_mixin.py:188} INFO - [2024-02-06T22:06:31.641+0100] {dagbag.py:538} INFO - Filling up the DagBag from /home/ubuntu/.local/lib/python3.10/site-packages/airflow/example_dags/example_sensors.py
[2024-02-06T22:06:31.679+0100] {processor.py:840} INFO - DAG(s) 'example_sensors' retrieved from /home/ubuntu/.local/lib/python3.10/site-packages/airflow/example_dags/example_sensors.py
[2024-02-06T22:06:32.019+0100] {logging_mixin.py:188} INFO - [2024-02-06T22:06:32.018+0100] {dag.py:3036} INFO - Sync 1 DAGs
[2024-02-06T22:06:32.050+0100] {logging_mixin.py:188} INFO - [2024-02-06T22:06:32.049+0100] {dag.py:3823} INFO - Setting next_dagrun for example_sensors to None, run_after=None
[2024-02-06T22:06:32.158+0100] {processor.py:183} INFO - Processing /home/ubuntu/.local/lib/python3.10/site-packages/airflow/example_dags/example_sensors.py took 0.531 seconds
[2024-02-06T22:07:48.649+0100] {processor.py:161} INFO - Started process (PID=38244) to work on /home/ubuntu/.local/lib/python3.10/site-packages/airflow/example_dags/example_sensors.py
[2024-02-06T22:07:48.659+0100] {processor.py:830} INFO - Processing file /home/ubuntu/.local/lib/python3.10/site-packages/airflow/example_dags/example_sensors.py for tasks to queue
[2024-02-06T22:07:48.661+0100] {logging_mixin.py:188} INFO - [2024-02-06T22:07:48.660+0100] {dagbag.py:538} INFO - Filling up the DagBag from /home/ubuntu/.local/lib/python3.10/site-packages/airflow/example_dags/example_sensors.py
[2024-02-06T22:07:48.676+0100] {processor.py:840} INFO - DAG(s) 'example_sensors' retrieved from /home/ubuntu/.local/lib/python3.10/site-packages/airflow/example_dags/example_sensors.py
[2024-02-06T22:07:48.703+0100] {logging_mixin.py:188} INFO - [2024-02-06T22:07:48.703+0100] {dag.py:3036} INFO - Sync 1 DAGs
[2024-02-06T22:07:48.718+0100] {logging_mixin.py:188} INFO - [2024-02-06T22:07:48.717+0100] {dag.py:3823} INFO - Setting next_dagrun for example_sensors to None, run_after=None
[2024-02-06T22:07:48.786+0100] {processor.py:183} INFO - Processing /home/ubuntu/.local/lib/python3.10/site-packages/airflow/example_dags/example_sensors.py took 0.142 seconds
[2024-02-06T22:10:57.579+0100] {processor.py:161} INFO - Started process (PID=39288) to work on /home/ubuntu/.local/lib/python3.10/site-packages/airflow/example_dags/example_sensors.py
[2024-02-06T22:10:57.587+0100] {processor.py:830} INFO - Processing file /home/ubuntu/.local/lib/python3.10/site-packages/airflow/example_dags/example_sensors.py for tasks to queue
[2024-02-06T22:10:57.589+0100] {logging_mixin.py:188} INFO - [2024-02-06T22:10:57.588+0100] {dagbag.py:538} INFO - Filling up the DagBag from /home/ubuntu/.local/lib/python3.10/site-packages/airflow/example_dags/example_sensors.py
[2024-02-06T22:10:57.620+0100] {processor.py:840} INFO - DAG(s) 'example_sensors' retrieved from /home/ubuntu/.local/lib/python3.10/site-packages/airflow/example_dags/example_sensors.py
[2024-02-06T22:10:57.910+0100] {logging_mixin.py:188} INFO - [2024-02-06T22:10:57.910+0100] {dag.py:3036} INFO - Sync 1 DAGs
[2024-02-06T22:10:57.938+0100] {logging_mixin.py:188} INFO - [2024-02-06T22:10:57.938+0100] {dag.py:3823} INFO - Setting next_dagrun for example_sensors to None, run_after=None
[2024-02-06T22:10:58.012+0100] {processor.py:183} INFO - Processing /home/ubuntu/.local/lib/python3.10/site-packages/airflow/example_dags/example_sensors.py took 0.443 seconds
[2024-02-06T22:13:20.642+0100] {processor.py:161} INFO - Started process (PID=40147) to work on /home/ubuntu/.local/lib/python3.10/site-packages/airflow/example_dags/example_sensors.py
[2024-02-06T22:13:20.648+0100] {processor.py:830} INFO - Processing file /home/ubuntu/.local/lib/python3.10/site-packages/airflow/example_dags/example_sensors.py for tasks to queue
[2024-02-06T22:13:20.651+0100] {logging_mixin.py:188} INFO - [2024-02-06T22:13:20.650+0100] {dagbag.py:538} INFO - Filling up the DagBag from /home/ubuntu/.local/lib/python3.10/site-packages/airflow/example_dags/example_sensors.py
[2024-02-06T22:13:20.671+0100] {processor.py:840} INFO - DAG(s) 'example_sensors' retrieved from /home/ubuntu/.local/lib/python3.10/site-packages/airflow/example_dags/example_sensors.py
[2024-02-06T22:13:20.815+0100] {logging_mixin.py:188} INFO - [2024-02-06T22:13:20.815+0100] {dag.py:3036} INFO - Sync 1 DAGs
[2024-02-06T22:13:20.830+0100] {logging_mixin.py:188} INFO - [2024-02-06T22:13:20.829+0100] {dag.py:3823} INFO - Setting next_dagrun for example_sensors to None, run_after=None
[2024-02-06T22:13:20.899+0100] {processor.py:183} INFO - Processing /home/ubuntu/.local/lib/python3.10/site-packages/airflow/example_dags/example_sensors.py took 0.264 seconds
[2024-02-06T22:14:51.321+0100] {processor.py:161} INFO - Started process (PID=41162) to work on /home/ubuntu/.local/lib/python3.10/site-packages/airflow/example_dags/example_sensors.py
[2024-02-06T22:14:51.328+0100] {processor.py:830} INFO - Processing file /home/ubuntu/.local/lib/python3.10/site-packages/airflow/example_dags/example_sensors.py for tasks to queue
[2024-02-06T22:14:51.331+0100] {logging_mixin.py:188} INFO - [2024-02-06T22:14:51.330+0100] {dagbag.py:538} INFO - Filling up the DagBag from /home/ubuntu/.local/lib/python3.10/site-packages/airflow/example_dags/example_sensors.py
[2024-02-06T22:14:51.354+0100] {processor.py:840} INFO - DAG(s) 'example_sensors' retrieved from /home/ubuntu/.local/lib/python3.10/site-packages/airflow/example_dags/example_sensors.py
[2024-02-06T22:14:51.398+0100] {logging_mixin.py:188} INFO - [2024-02-06T22:14:51.398+0100] {dag.py:3036} INFO - Sync 1 DAGs
[2024-02-06T22:14:51.436+0100] {logging_mixin.py:188} INFO - [2024-02-06T22:14:51.435+0100] {dag.py:3823} INFO - Setting next_dagrun for example_sensors to None, run_after=None
[2024-02-06T22:14:51.512+0100] {processor.py:183} INFO - Processing /home/ubuntu/.local/lib/python3.10/site-packages/airflow/example_dags/example_sensors.py took 0.197 seconds
[2024-02-06T22:26:26.300+0100] {processor.py:161} INFO - Started process (PID=49362) to work on /home/ubuntu/.local/lib/python3.10/site-packages/airflow/example_dags/example_sensors.py
[2024-02-06T22:26:26.304+0100] {processor.py:830} INFO - Processing file /home/ubuntu/.local/lib/python3.10/site-packages/airflow/example_dags/example_sensors.py for tasks to queue
[2024-02-06T22:26:26.307+0100] {logging_mixin.py:188} INFO - [2024-02-06T22:26:26.305+0100] {dagbag.py:538} INFO - Filling up the DagBag from /home/ubuntu/.local/lib/python3.10/site-packages/airflow/example_dags/example_sensors.py
[2024-02-06T22:26:26.343+0100] {processor.py:840} INFO - DAG(s) 'example_sensors' retrieved from /home/ubuntu/.local/lib/python3.10/site-packages/airflow/example_dags/example_sensors.py
[2024-02-06T22:26:26.457+0100] {logging_mixin.py:188} INFO - [2024-02-06T22:26:26.453+0100] {dag.py:3036} INFO - Sync 1 DAGs
[2024-02-06T22:26:26.514+0100] {logging_mixin.py:188} INFO - [2024-02-06T22:26:26.513+0100] {dag.py:3823} INFO - Setting next_dagrun for example_sensors to None, run_after=None
[2024-02-06T22:26:26.617+0100] {processor.py:183} INFO - Processing /home/ubuntu/.local/lib/python3.10/site-packages/airflow/example_dags/example_sensors.py took 0.326 seconds
[2024-02-06T22:28:14.930+0100] {processor.py:161} INFO - Started process (PID=50283) to work on /home/ubuntu/.local/lib/python3.10/site-packages/airflow/example_dags/example_sensors.py
[2024-02-06T22:28:14.941+0100] {processor.py:830} INFO - Processing file /home/ubuntu/.local/lib/python3.10/site-packages/airflow/example_dags/example_sensors.py for tasks to queue
[2024-02-06T22:28:14.947+0100] {logging_mixin.py:188} INFO - [2024-02-06T22:28:14.946+0100] {dagbag.py:538} INFO - Filling up the DagBag from /home/ubuntu/.local/lib/python3.10/site-packages/airflow/example_dags/example_sensors.py
[2024-02-06T22:28:14.995+0100] {processor.py:840} INFO - DAG(s) 'example_sensors' retrieved from /home/ubuntu/.local/lib/python3.10/site-packages/airflow/example_dags/example_sensors.py
[2024-02-06T22:28:15.610+0100] {logging_mixin.py:188} INFO - [2024-02-06T22:28:15.609+0100] {dag.py:3036} INFO - Sync 1 DAGs
[2024-02-06T22:28:15.771+0100] {logging_mixin.py:188} INFO - [2024-02-06T22:28:15.770+0100] {dag.py:3823} INFO - Setting next_dagrun for example_sensors to None, run_after=None
[2024-02-06T22:28:15.882+0100] {processor.py:183} INFO - Processing /home/ubuntu/.local/lib/python3.10/site-packages/airflow/example_dags/example_sensors.py took 0.959 seconds
[2024-02-06T22:35:31.837+0100] {processor.py:161} INFO - Started process (PID=55708) to work on /home/ubuntu/.local/lib/python3.10/site-packages/airflow/example_dags/example_sensors.py
[2024-02-06T22:35:31.854+0100] {processor.py:830} INFO - Processing file /home/ubuntu/.local/lib/python3.10/site-packages/airflow/example_dags/example_sensors.py for tasks to queue
[2024-02-06T22:35:31.856+0100] {logging_mixin.py:188} INFO - [2024-02-06T22:35:31.855+0100] {dagbag.py:538} INFO - Filling up the DagBag from /home/ubuntu/.local/lib/python3.10/site-packages/airflow/example_dags/example_sensors.py
[2024-02-06T22:35:31.949+0100] {processor.py:840} INFO - DAG(s) 'example_sensors' retrieved from /home/ubuntu/.local/lib/python3.10/site-packages/airflow/example_dags/example_sensors.py
[2024-02-06T22:35:32.017+0100] {logging_mixin.py:188} INFO - [2024-02-06T22:35:32.016+0100] {dag.py:3036} INFO - Sync 1 DAGs
[2024-02-06T22:35:32.115+0100] {logging_mixin.py:188} INFO - [2024-02-06T22:35:32.114+0100] {dag.py:3823} INFO - Setting next_dagrun for example_sensors to None, run_after=None
[2024-02-06T22:35:32.411+0100] {processor.py:183} INFO - Processing /home/ubuntu/.local/lib/python3.10/site-packages/airflow/example_dags/example_sensors.py took 0.603 seconds
[2024-02-06T23:14:26.333+0100] {processor.py:161} INFO - Started process (PID=64143) to work on /home/ubuntu/.local/lib/python3.10/site-packages/airflow/example_dags/example_sensors.py
[2024-02-06T23:14:26.344+0100] {processor.py:830} INFO - Processing file /home/ubuntu/.local/lib/python3.10/site-packages/airflow/example_dags/example_sensors.py for tasks to queue
[2024-02-06T23:14:26.352+0100] {logging_mixin.py:188} INFO - [2024-02-06T23:14:26.349+0100] {dagbag.py:538} INFO - Filling up the DagBag from /home/ubuntu/.local/lib/python3.10/site-packages/airflow/example_dags/example_sensors.py
[2024-02-06T23:14:26.393+0100] {processor.py:840} INFO - DAG(s) 'example_sensors' retrieved from /home/ubuntu/.local/lib/python3.10/site-packages/airflow/example_dags/example_sensors.py
[2024-02-06T23:14:26.630+0100] {logging_mixin.py:188} INFO - [2024-02-06T23:14:26.630+0100] {dag.py:3036} INFO - Sync 1 DAGs
[2024-02-06T23:14:26.669+0100] {logging_mixin.py:188} INFO - [2024-02-06T23:14:26.667+0100] {dag.py:3823} INFO - Setting next_dagrun for example_sensors to None, run_after=None
[2024-02-06T23:14:26.783+0100] {processor.py:183} INFO - Processing /home/ubuntu/.local/lib/python3.10/site-packages/airflow/example_dags/example_sensors.py took 0.459 seconds
[2024-02-06T23:29:50.176+0100] {processor.py:161} INFO - Started process (PID=72582) to work on /home/ubuntu/.local/lib/python3.10/site-packages/airflow/example_dags/example_sensors.py
[2024-02-06T23:29:50.182+0100] {processor.py:830} INFO - Processing file /home/ubuntu/.local/lib/python3.10/site-packages/airflow/example_dags/example_sensors.py for tasks to queue
[2024-02-06T23:29:50.186+0100] {logging_mixin.py:188} INFO - [2024-02-06T23:29:50.184+0100] {dagbag.py:538} INFO - Filling up the DagBag from /home/ubuntu/.local/lib/python3.10/site-packages/airflow/example_dags/example_sensors.py
[2024-02-06T23:29:50.253+0100] {processor.py:840} INFO - DAG(s) 'example_sensors' retrieved from /home/ubuntu/.local/lib/python3.10/site-packages/airflow/example_dags/example_sensors.py
[2024-02-06T23:29:51.430+0100] {logging_mixin.py:188} INFO - [2024-02-06T23:29:51.413+0100] {dag.py:3036} INFO - Sync 1 DAGs
[2024-02-06T23:29:51.517+0100] {logging_mixin.py:188} INFO - [2024-02-06T23:29:51.517+0100] {dag.py:3823} INFO - Setting next_dagrun for example_sensors to None, run_after=None
[2024-02-06T23:29:51.864+0100] {processor.py:183} INFO - Processing /home/ubuntu/.local/lib/python3.10/site-packages/airflow/example_dags/example_sensors.py took 1.701 seconds
