[2024-02-06T21:28:29.690+0100] {processor.py:161} INFO - Started process (PID=23880) to work on /home/ubuntu/.local/lib/python3.10/site-packages/airflow/example_dags/example_datasets.py
[2024-02-06T21:28:29.692+0100] {processor.py:830} INFO - Processing file /home/ubuntu/.local/lib/python3.10/site-packages/airflow/example_dags/example_datasets.py for tasks to queue
[2024-02-06T21:28:29.694+0100] {logging_mixin.py:188} INFO - [2024-02-06T21:28:29.693+0100] {dagbag.py:538} INFO - Filling up the DagBag from /home/ubuntu/.local/lib/python3.10/site-packages/airflow/example_dags/example_datasets.py
[2024-02-06T21:28:29.729+0100] {processor.py:840} INFO - DAG(s) 'dataset_consumes_unknown_never_scheduled', 'dataset_produces_2', 'dataset_consumes_1_and_2', 'dataset_consumes_1', 'dataset_consumes_1_never_scheduled', 'dataset_produces_1' retrieved from /home/ubuntu/.local/lib/python3.10/site-packages/airflow/example_dags/example_datasets.py
[2024-02-06T21:28:29.968+0100] {logging_mixin.py:188} INFO - [2024-02-06T21:28:29.967+0100] {dag.py:3036} INFO - Sync 6 DAGs
[2024-02-06T21:28:30.018+0100] {logging_mixin.py:188} INFO - [2024-02-06T21:28:30.017+0100] {dag.py:3823} INFO - Setting next_dagrun for dataset_consumes_1 to None, run_after=None
[2024-02-06T21:28:30.025+0100] {logging_mixin.py:188} INFO - [2024-02-06T21:28:30.025+0100] {dag.py:3823} INFO - Setting next_dagrun for dataset_consumes_1_and_2 to None, run_after=None
[2024-02-06T21:28:30.027+0100] {logging_mixin.py:188} INFO - [2024-02-06T21:28:30.027+0100] {dag.py:3823} INFO - Setting next_dagrun for dataset_consumes_1_never_scheduled to None, run_after=None
[2024-02-06T21:28:30.029+0100] {logging_mixin.py:188} INFO - [2024-02-06T21:28:30.029+0100] {dag.py:3823} INFO - Setting next_dagrun for dataset_consumes_unknown_never_scheduled to None, run_after=None
[2024-02-06T21:28:30.034+0100] {logging_mixin.py:188} INFO - [2024-02-06T21:28:30.034+0100] {dag.py:3823} INFO - Setting next_dagrun for dataset_produces_1 to 2024-02-05 00:00:00+00:00, run_after=2024-02-06 00:00:00+00:00
[2024-02-06T21:28:30.037+0100] {logging_mixin.py:188} INFO - [2024-02-06T21:28:30.036+0100] {dag.py:3823} INFO - Setting next_dagrun for dataset_produces_2 to None, run_after=None
[2024-02-06T21:28:30.141+0100] {processor.py:183} INFO - Processing /home/ubuntu/.local/lib/python3.10/site-packages/airflow/example_dags/example_datasets.py took 0.458 seconds
[2024-02-06T21:29:54.540+0100] {processor.py:161} INFO - Started process (PID=24587) to work on /home/ubuntu/.local/lib/python3.10/site-packages/airflow/example_dags/example_datasets.py
[2024-02-06T21:29:54.543+0100] {processor.py:830} INFO - Processing file /home/ubuntu/.local/lib/python3.10/site-packages/airflow/example_dags/example_datasets.py for tasks to queue
[2024-02-06T21:29:54.546+0100] {logging_mixin.py:188} INFO - [2024-02-06T21:29:54.545+0100] {dagbag.py:538} INFO - Filling up the DagBag from /home/ubuntu/.local/lib/python3.10/site-packages/airflow/example_dags/example_datasets.py
[2024-02-06T21:29:54.572+0100] {processor.py:840} INFO - DAG(s) 'dataset_consumes_unknown_never_scheduled', 'dataset_consumes_1_never_scheduled', 'dataset_produces_2', 'dataset_consumes_1', 'dataset_produces_1', 'dataset_consumes_1_and_2' retrieved from /home/ubuntu/.local/lib/python3.10/site-packages/airflow/example_dags/example_datasets.py
[2024-02-06T21:29:54.610+0100] {logging_mixin.py:188} INFO - [2024-02-06T21:29:54.610+0100] {dag.py:3036} INFO - Sync 6 DAGs
[2024-02-06T21:29:54.642+0100] {logging_mixin.py:188} INFO - [2024-02-06T21:29:54.642+0100] {dag.py:3823} INFO - Setting next_dagrun for dataset_consumes_1 to None, run_after=None
[2024-02-06T21:29:54.649+0100] {logging_mixin.py:188} INFO - [2024-02-06T21:29:54.648+0100] {dag.py:3823} INFO - Setting next_dagrun for dataset_consumes_1_and_2 to None, run_after=None
[2024-02-06T21:29:54.652+0100] {logging_mixin.py:188} INFO - [2024-02-06T21:29:54.651+0100] {dag.py:3823} INFO - Setting next_dagrun for dataset_consumes_1_never_scheduled to None, run_after=None
[2024-02-06T21:29:54.654+0100] {logging_mixin.py:188} INFO - [2024-02-06T21:29:54.653+0100] {dag.py:3823} INFO - Setting next_dagrun for dataset_consumes_unknown_never_scheduled to None, run_after=None
[2024-02-06T21:29:54.659+0100] {logging_mixin.py:188} INFO - [2024-02-06T21:29:54.659+0100] {dag.py:3823} INFO - Setting next_dagrun for dataset_produces_1 to 2024-02-05 00:00:00+00:00, run_after=2024-02-06 00:00:00+00:00
[2024-02-06T21:29:54.661+0100] {logging_mixin.py:188} INFO - [2024-02-06T21:29:54.661+0100] {dag.py:3823} INFO - Setting next_dagrun for dataset_produces_2 to None, run_after=None
[2024-02-06T21:29:54.742+0100] {processor.py:183} INFO - Processing /home/ubuntu/.local/lib/python3.10/site-packages/airflow/example_dags/example_datasets.py took 0.214 seconds
[2024-02-06T21:31:32.294+0100] {processor.py:161} INFO - Started process (PID=25001) to work on /home/ubuntu/.local/lib/python3.10/site-packages/airflow/example_dags/example_datasets.py
[2024-02-06T21:31:32.298+0100] {processor.py:830} INFO - Processing file /home/ubuntu/.local/lib/python3.10/site-packages/airflow/example_dags/example_datasets.py for tasks to queue
[2024-02-06T21:31:32.299+0100] {logging_mixin.py:188} INFO - [2024-02-06T21:31:32.299+0100] {dagbag.py:538} INFO - Filling up the DagBag from /home/ubuntu/.local/lib/python3.10/site-packages/airflow/example_dags/example_datasets.py
[2024-02-06T21:31:32.318+0100] {processor.py:840} INFO - DAG(s) 'dataset_consumes_1_and_2', 'dataset_consumes_1_never_scheduled', 'dataset_consumes_1', 'dataset_produces_1', 'dataset_consumes_unknown_never_scheduled', 'dataset_produces_2' retrieved from /home/ubuntu/.local/lib/python3.10/site-packages/airflow/example_dags/example_datasets.py
[2024-02-06T21:31:32.362+0100] {logging_mixin.py:188} INFO - [2024-02-06T21:31:32.361+0100] {dag.py:3036} INFO - Sync 6 DAGs
[2024-02-06T21:31:32.395+0100] {logging_mixin.py:188} INFO - [2024-02-06T21:31:32.394+0100] {dag.py:3823} INFO - Setting next_dagrun for dataset_consumes_1 to None, run_after=None
[2024-02-06T21:31:32.399+0100] {logging_mixin.py:188} INFO - [2024-02-06T21:31:32.399+0100] {dag.py:3823} INFO - Setting next_dagrun for dataset_consumes_1_and_2 to None, run_after=None
[2024-02-06T21:31:32.401+0100] {logging_mixin.py:188} INFO - [2024-02-06T21:31:32.401+0100] {dag.py:3823} INFO - Setting next_dagrun for dataset_consumes_1_never_scheduled to None, run_after=None
[2024-02-06T21:31:32.403+0100] {logging_mixin.py:188} INFO - [2024-02-06T21:31:32.403+0100] {dag.py:3823} INFO - Setting next_dagrun for dataset_consumes_unknown_never_scheduled to None, run_after=None
[2024-02-06T21:31:32.408+0100] {logging_mixin.py:188} INFO - [2024-02-06T21:31:32.407+0100] {dag.py:3823} INFO - Setting next_dagrun for dataset_produces_1 to 2024-02-05 00:00:00+00:00, run_after=2024-02-06 00:00:00+00:00
[2024-02-06T21:31:32.409+0100] {logging_mixin.py:188} INFO - [2024-02-06T21:31:32.409+0100] {dag.py:3823} INFO - Setting next_dagrun for dataset_produces_2 to None, run_after=None
[2024-02-06T21:31:32.481+0100] {processor.py:183} INFO - Processing /home/ubuntu/.local/lib/python3.10/site-packages/airflow/example_dags/example_datasets.py took 0.193 seconds
[2024-02-06T21:32:46.368+0100] {processor.py:161} INFO - Started process (PID=25269) to work on /home/ubuntu/.local/lib/python3.10/site-packages/airflow/example_dags/example_datasets.py
[2024-02-06T21:32:46.371+0100] {processor.py:830} INFO - Processing file /home/ubuntu/.local/lib/python3.10/site-packages/airflow/example_dags/example_datasets.py for tasks to queue
[2024-02-06T21:32:46.373+0100] {logging_mixin.py:188} INFO - [2024-02-06T21:32:46.372+0100] {dagbag.py:538} INFO - Filling up the DagBag from /home/ubuntu/.local/lib/python3.10/site-packages/airflow/example_dags/example_datasets.py
[2024-02-06T21:32:46.398+0100] {processor.py:840} INFO - DAG(s) 'dataset_consumes_unknown_never_scheduled', 'dataset_consumes_1', 'dataset_produces_2', 'dataset_consumes_1_and_2', 'dataset_consumes_1_never_scheduled', 'dataset_produces_1' retrieved from /home/ubuntu/.local/lib/python3.10/site-packages/airflow/example_dags/example_datasets.py
[2024-02-06T21:32:46.480+0100] {logging_mixin.py:188} INFO - [2024-02-06T21:32:46.480+0100] {dag.py:3036} INFO - Sync 6 DAGs
[2024-02-06T21:32:46.536+0100] {logging_mixin.py:188} INFO - [2024-02-06T21:32:46.536+0100] {dag.py:3823} INFO - Setting next_dagrun for dataset_consumes_1 to None, run_after=None
[2024-02-06T21:32:46.542+0100] {logging_mixin.py:188} INFO - [2024-02-06T21:32:46.542+0100] {dag.py:3823} INFO - Setting next_dagrun for dataset_consumes_1_and_2 to None, run_after=None
[2024-02-06T21:32:46.545+0100] {logging_mixin.py:188} INFO - [2024-02-06T21:32:46.544+0100] {dag.py:3823} INFO - Setting next_dagrun for dataset_consumes_1_never_scheduled to None, run_after=None
[2024-02-06T21:32:46.547+0100] {logging_mixin.py:188} INFO - [2024-02-06T21:32:46.547+0100] {dag.py:3823} INFO - Setting next_dagrun for dataset_consumes_unknown_never_scheduled to None, run_after=None
[2024-02-06T21:32:46.571+0100] {logging_mixin.py:188} INFO - [2024-02-06T21:32:46.570+0100] {dag.py:3823} INFO - Setting next_dagrun for dataset_produces_1 to 2024-02-05 00:00:00+00:00, run_after=2024-02-06 00:00:00+00:00
[2024-02-06T21:32:46.574+0100] {logging_mixin.py:188} INFO - [2024-02-06T21:32:46.574+0100] {dag.py:3823} INFO - Setting next_dagrun for dataset_produces_2 to None, run_after=None
[2024-02-06T21:32:46.674+0100] {processor.py:183} INFO - Processing /home/ubuntu/.local/lib/python3.10/site-packages/airflow/example_dags/example_datasets.py took 0.314 seconds
[2024-02-06T21:40:50.811+0100] {processor.py:161} INFO - Started process (PID=27862) to work on /home/ubuntu/.local/lib/python3.10/site-packages/airflow/example_dags/example_datasets.py
[2024-02-06T21:40:50.841+0100] {processor.py:830} INFO - Processing file /home/ubuntu/.local/lib/python3.10/site-packages/airflow/example_dags/example_datasets.py for tasks to queue
[2024-02-06T21:40:50.846+0100] {logging_mixin.py:188} INFO - [2024-02-06T21:40:50.845+0100] {dagbag.py:538} INFO - Filling up the DagBag from /home/ubuntu/.local/lib/python3.10/site-packages/airflow/example_dags/example_datasets.py
[2024-02-06T21:40:50.877+0100] {processor.py:840} INFO - DAG(s) 'dataset_consumes_1_and_2', 'dataset_consumes_1_never_scheduled', 'dataset_produces_1', 'dataset_consumes_unknown_never_scheduled', 'dataset_consumes_1', 'dataset_produces_2' retrieved from /home/ubuntu/.local/lib/python3.10/site-packages/airflow/example_dags/example_datasets.py
[2024-02-06T21:40:51.775+0100] {logging_mixin.py:188} INFO - [2024-02-06T21:40:51.774+0100] {dag.py:3036} INFO - Sync 6 DAGs
[2024-02-06T21:40:51.844+0100] {logging_mixin.py:188} INFO - [2024-02-06T21:40:51.843+0100] {dag.py:3823} INFO - Setting next_dagrun for dataset_consumes_1 to None, run_after=None
[2024-02-06T21:40:51.850+0100] {logging_mixin.py:188} INFO - [2024-02-06T21:40:51.849+0100] {dag.py:3823} INFO - Setting next_dagrun for dataset_consumes_1_and_2 to None, run_after=None
[2024-02-06T21:40:51.852+0100] {logging_mixin.py:188} INFO - [2024-02-06T21:40:51.852+0100] {dag.py:3823} INFO - Setting next_dagrun for dataset_consumes_1_never_scheduled to None, run_after=None
[2024-02-06T21:40:51.854+0100] {logging_mixin.py:188} INFO - [2024-02-06T21:40:51.854+0100] {dag.py:3823} INFO - Setting next_dagrun for dataset_consumes_unknown_never_scheduled to None, run_after=None
[2024-02-06T21:40:51.859+0100] {logging_mixin.py:188} INFO - [2024-02-06T21:40:51.858+0100] {dag.py:3823} INFO - Setting next_dagrun for dataset_produces_1 to 2024-02-05 00:00:00+00:00, run_after=2024-02-06 00:00:00+00:00
[2024-02-06T21:40:51.861+0100] {logging_mixin.py:188} INFO - [2024-02-06T21:40:51.861+0100] {dag.py:3823} INFO - Setting next_dagrun for dataset_produces_2 to None, run_after=None
[2024-02-06T21:40:51.985+0100] {processor.py:183} INFO - Processing /home/ubuntu/.local/lib/python3.10/site-packages/airflow/example_dags/example_datasets.py took 1.219 seconds
[2024-02-06T21:41:29.600+0100] {processor.py:161} INFO - Started process (PID=28025) to work on /home/ubuntu/.local/lib/python3.10/site-packages/airflow/example_dags/example_datasets.py
[2024-02-06T21:41:29.608+0100] {processor.py:830} INFO - Processing file /home/ubuntu/.local/lib/python3.10/site-packages/airflow/example_dags/example_datasets.py for tasks to queue
[2024-02-06T21:41:29.613+0100] {logging_mixin.py:188} INFO - [2024-02-06T21:41:29.612+0100] {dagbag.py:538} INFO - Filling up the DagBag from /home/ubuntu/.local/lib/python3.10/site-packages/airflow/example_dags/example_datasets.py
[2024-02-06T21:41:29.652+0100] {processor.py:840} INFO - DAG(s) 'dataset_consumes_1_and_2', 'dataset_consumes_unknown_never_scheduled', 'dataset_produces_1', 'dataset_consumes_1', 'dataset_produces_2', 'dataset_consumes_1_never_scheduled' retrieved from /home/ubuntu/.local/lib/python3.10/site-packages/airflow/example_dags/example_datasets.py
[2024-02-06T21:41:29.867+0100] {logging_mixin.py:188} INFO - [2024-02-06T21:41:29.867+0100] {dag.py:3036} INFO - Sync 6 DAGs
[2024-02-06T21:41:29.997+0100] {logging_mixin.py:188} INFO - [2024-02-06T21:41:29.996+0100] {dag.py:3823} INFO - Setting next_dagrun for dataset_consumes_1 to None, run_after=None
[2024-02-06T21:41:30.002+0100] {logging_mixin.py:188} INFO - [2024-02-06T21:41:30.002+0100] {dag.py:3823} INFO - Setting next_dagrun for dataset_consumes_1_and_2 to None, run_after=None
[2024-02-06T21:41:30.004+0100] {logging_mixin.py:188} INFO - [2024-02-06T21:41:30.004+0100] {dag.py:3823} INFO - Setting next_dagrun for dataset_consumes_1_never_scheduled to None, run_after=None
[2024-02-06T21:41:30.006+0100] {logging_mixin.py:188} INFO - [2024-02-06T21:41:30.006+0100] {dag.py:3823} INFO - Setting next_dagrun for dataset_consumes_unknown_never_scheduled to None, run_after=None
[2024-02-06T21:41:30.011+0100] {logging_mixin.py:188} INFO - [2024-02-06T21:41:30.011+0100] {dag.py:3823} INFO - Setting next_dagrun for dataset_produces_1 to 2024-02-05 00:00:00+00:00, run_after=2024-02-06 00:00:00+00:00
[2024-02-06T21:41:30.013+0100] {logging_mixin.py:188} INFO - [2024-02-06T21:41:30.013+0100] {dag.py:3823} INFO - Setting next_dagrun for dataset_produces_2 to None, run_after=None
[2024-02-06T21:41:30.189+0100] {processor.py:183} INFO - Processing /home/ubuntu/.local/lib/python3.10/site-packages/airflow/example_dags/example_datasets.py took 0.607 seconds
[2024-02-06T21:42:15.831+0100] {processor.py:161} INFO - Started process (PID=28275) to work on /home/ubuntu/.local/lib/python3.10/site-packages/airflow/example_dags/example_datasets.py
[2024-02-06T21:42:15.834+0100] {processor.py:830} INFO - Processing file /home/ubuntu/.local/lib/python3.10/site-packages/airflow/example_dags/example_datasets.py for tasks to queue
[2024-02-06T21:42:15.836+0100] {logging_mixin.py:188} INFO - [2024-02-06T21:42:15.835+0100] {dagbag.py:538} INFO - Filling up the DagBag from /home/ubuntu/.local/lib/python3.10/site-packages/airflow/example_dags/example_datasets.py
[2024-02-06T21:42:15.870+0100] {processor.py:840} INFO - DAG(s) 'dataset_consumes_1_and_2', 'dataset_produces_2', 'dataset_consumes_unknown_never_scheduled', 'dataset_consumes_1_never_scheduled', 'dataset_produces_1', 'dataset_consumes_1' retrieved from /home/ubuntu/.local/lib/python3.10/site-packages/airflow/example_dags/example_datasets.py
[2024-02-06T21:42:16.385+0100] {logging_mixin.py:188} INFO - [2024-02-06T21:42:16.380+0100] {dag.py:3036} INFO - Sync 6 DAGs
[2024-02-06T21:42:16.601+0100] {logging_mixin.py:188} INFO - [2024-02-06T21:42:16.587+0100] {dag.py:3823} INFO - Setting next_dagrun for dataset_consumes_1 to None, run_after=None
[2024-02-06T21:42:16.656+0100] {logging_mixin.py:188} INFO - [2024-02-06T21:42:16.655+0100] {dag.py:3823} INFO - Setting next_dagrun for dataset_consumes_1_and_2 to None, run_after=None
[2024-02-06T21:42:16.659+0100] {logging_mixin.py:188} INFO - [2024-02-06T21:42:16.659+0100] {dag.py:3823} INFO - Setting next_dagrun for dataset_consumes_1_never_scheduled to None, run_after=None
[2024-02-06T21:42:16.666+0100] {logging_mixin.py:188} INFO - [2024-02-06T21:42:16.665+0100] {dag.py:3823} INFO - Setting next_dagrun for dataset_consumes_unknown_never_scheduled to None, run_after=None
[2024-02-06T21:42:16.925+0100] {logging_mixin.py:188} INFO - [2024-02-06T21:42:16.924+0100] {dag.py:3823} INFO - Setting next_dagrun for dataset_produces_1 to 2024-02-05 00:00:00+00:00, run_after=2024-02-06 00:00:00+00:00
[2024-02-06T21:42:16.936+0100] {logging_mixin.py:188} INFO - [2024-02-06T21:42:16.935+0100] {dag.py:3823} INFO - Setting next_dagrun for dataset_produces_2 to None, run_after=None
[2024-02-06T21:42:17.220+0100] {processor.py:183} INFO - Processing /home/ubuntu/.local/lib/python3.10/site-packages/airflow/example_dags/example_datasets.py took 1.397 seconds
[2024-02-06T21:42:58.915+0100] {processor.py:161} INFO - Started process (PID=28557) to work on /home/ubuntu/.local/lib/python3.10/site-packages/airflow/example_dags/example_datasets.py
[2024-02-06T21:42:58.918+0100] {processor.py:830} INFO - Processing file /home/ubuntu/.local/lib/python3.10/site-packages/airflow/example_dags/example_datasets.py for tasks to queue
[2024-02-06T21:42:58.920+0100] {logging_mixin.py:188} INFO - [2024-02-06T21:42:58.920+0100] {dagbag.py:538} INFO - Filling up the DagBag from /home/ubuntu/.local/lib/python3.10/site-packages/airflow/example_dags/example_datasets.py
[2024-02-06T21:42:58.937+0100] {processor.py:840} INFO - DAG(s) 'dataset_produces_2', 'dataset_consumes_1_and_2', 'dataset_consumes_1_never_scheduled', 'dataset_produces_1', 'dataset_consumes_unknown_never_scheduled', 'dataset_consumes_1' retrieved from /home/ubuntu/.local/lib/python3.10/site-packages/airflow/example_dags/example_datasets.py
[2024-02-06T21:42:58.980+0100] {logging_mixin.py:188} INFO - [2024-02-06T21:42:58.979+0100] {dag.py:3036} INFO - Sync 6 DAGs
[2024-02-06T21:42:59.006+0100] {logging_mixin.py:188} INFO - [2024-02-06T21:42:59.005+0100] {dag.py:3823} INFO - Setting next_dagrun for dataset_consumes_1 to None, run_after=None
[2024-02-06T21:42:59.010+0100] {logging_mixin.py:188} INFO - [2024-02-06T21:42:59.010+0100] {dag.py:3823} INFO - Setting next_dagrun for dataset_consumes_1_and_2 to None, run_after=None
[2024-02-06T21:42:59.011+0100] {logging_mixin.py:188} INFO - [2024-02-06T21:42:59.011+0100] {dag.py:3823} INFO - Setting next_dagrun for dataset_consumes_1_never_scheduled to None, run_after=None
[2024-02-06T21:42:59.013+0100] {logging_mixin.py:188} INFO - [2024-02-06T21:42:59.012+0100] {dag.py:3823} INFO - Setting next_dagrun for dataset_consumes_unknown_never_scheduled to None, run_after=None
[2024-02-06T21:42:59.016+0100] {logging_mixin.py:188} INFO - [2024-02-06T21:42:59.015+0100] {dag.py:3823} INFO - Setting next_dagrun for dataset_produces_1 to 2024-02-05 00:00:00+00:00, run_after=2024-02-06 00:00:00+00:00
[2024-02-06T21:42:59.018+0100] {logging_mixin.py:188} INFO - [2024-02-06T21:42:59.018+0100] {dag.py:3823} INFO - Setting next_dagrun for dataset_produces_2 to None, run_after=None
[2024-02-06T21:42:59.086+0100] {processor.py:183} INFO - Processing /home/ubuntu/.local/lib/python3.10/site-packages/airflow/example_dags/example_datasets.py took 0.178 seconds
[2024-02-06T21:43:30.521+0100] {processor.py:161} INFO - Started process (PID=28805) to work on /home/ubuntu/.local/lib/python3.10/site-packages/airflow/example_dags/example_datasets.py
[2024-02-06T21:43:30.523+0100] {processor.py:830} INFO - Processing file /home/ubuntu/.local/lib/python3.10/site-packages/airflow/example_dags/example_datasets.py for tasks to queue
[2024-02-06T21:43:30.526+0100] {logging_mixin.py:188} INFO - [2024-02-06T21:43:30.525+0100] {dagbag.py:538} INFO - Filling up the DagBag from /home/ubuntu/.local/lib/python3.10/site-packages/airflow/example_dags/example_datasets.py
[2024-02-06T21:43:30.554+0100] {processor.py:840} INFO - DAG(s) 'dataset_produces_2', 'dataset_consumes_1', 'dataset_consumes_1_never_scheduled', 'dataset_consumes_unknown_never_scheduled', 'dataset_consumes_1_and_2', 'dataset_produces_1' retrieved from /home/ubuntu/.local/lib/python3.10/site-packages/airflow/example_dags/example_datasets.py
[2024-02-06T21:43:30.610+0100] {logging_mixin.py:188} INFO - [2024-02-06T21:43:30.609+0100] {dag.py:3036} INFO - Sync 6 DAGs
[2024-02-06T21:43:30.637+0100] {logging_mixin.py:188} INFO - [2024-02-06T21:43:30.637+0100] {dag.py:3823} INFO - Setting next_dagrun for dataset_consumes_1 to None, run_after=None
[2024-02-06T21:43:30.641+0100] {logging_mixin.py:188} INFO - [2024-02-06T21:43:30.640+0100] {dag.py:3823} INFO - Setting next_dagrun for dataset_consumes_1_and_2 to None, run_after=None
[2024-02-06T21:43:30.642+0100] {logging_mixin.py:188} INFO - [2024-02-06T21:43:30.642+0100] {dag.py:3823} INFO - Setting next_dagrun for dataset_consumes_1_never_scheduled to None, run_after=None
[2024-02-06T21:43:30.644+0100] {logging_mixin.py:188} INFO - [2024-02-06T21:43:30.644+0100] {dag.py:3823} INFO - Setting next_dagrun for dataset_consumes_unknown_never_scheduled to None, run_after=None
[2024-02-06T21:43:30.647+0100] {logging_mixin.py:188} INFO - [2024-02-06T21:43:30.647+0100] {dag.py:3823} INFO - Setting next_dagrun for dataset_produces_1 to 2024-02-05 00:00:00+00:00, run_after=2024-02-06 00:00:00+00:00
[2024-02-06T21:43:30.649+0100] {logging_mixin.py:188} INFO - [2024-02-06T21:43:30.649+0100] {dag.py:3823} INFO - Setting next_dagrun for dataset_produces_2 to None, run_after=None
[2024-02-06T21:43:30.728+0100] {processor.py:183} INFO - Processing /home/ubuntu/.local/lib/python3.10/site-packages/airflow/example_dags/example_datasets.py took 0.216 seconds
[2024-02-06T21:44:08.521+0100] {processor.py:161} INFO - Started process (PID=28944) to work on /home/ubuntu/.local/lib/python3.10/site-packages/airflow/example_dags/example_datasets.py
[2024-02-06T21:44:08.526+0100] {processor.py:830} INFO - Processing file /home/ubuntu/.local/lib/python3.10/site-packages/airflow/example_dags/example_datasets.py for tasks to queue
[2024-02-06T21:44:08.529+0100] {logging_mixin.py:188} INFO - [2024-02-06T21:44:08.528+0100] {dagbag.py:538} INFO - Filling up the DagBag from /home/ubuntu/.local/lib/python3.10/site-packages/airflow/example_dags/example_datasets.py
[2024-02-06T21:44:08.550+0100] {processor.py:840} INFO - DAG(s) 'dataset_consumes_1_never_scheduled', 'dataset_produces_1', 'dataset_consumes_1', 'dataset_consumes_1_and_2', 'dataset_produces_2', 'dataset_consumes_unknown_never_scheduled' retrieved from /home/ubuntu/.local/lib/python3.10/site-packages/airflow/example_dags/example_datasets.py
[2024-02-06T21:44:08.613+0100] {logging_mixin.py:188} INFO - [2024-02-06T21:44:08.613+0100] {dag.py:3036} INFO - Sync 6 DAGs
[2024-02-06T21:44:08.681+0100] {logging_mixin.py:188} INFO - [2024-02-06T21:44:08.680+0100] {dag.py:3823} INFO - Setting next_dagrun for dataset_consumes_1 to None, run_after=None
[2024-02-06T21:44:08.688+0100] {logging_mixin.py:188} INFO - [2024-02-06T21:44:08.687+0100] {dag.py:3823} INFO - Setting next_dagrun for dataset_consumes_1_and_2 to None, run_after=None
[2024-02-06T21:44:08.690+0100] {logging_mixin.py:188} INFO - [2024-02-06T21:44:08.689+0100] {dag.py:3823} INFO - Setting next_dagrun for dataset_consumes_1_never_scheduled to None, run_after=None
[2024-02-06T21:44:08.693+0100] {logging_mixin.py:188} INFO - [2024-02-06T21:44:08.692+0100] {dag.py:3823} INFO - Setting next_dagrun for dataset_consumes_unknown_never_scheduled to None, run_after=None
[2024-02-06T21:44:08.701+0100] {logging_mixin.py:188} INFO - [2024-02-06T21:44:08.700+0100] {dag.py:3823} INFO - Setting next_dagrun for dataset_produces_1 to 2024-02-05 00:00:00+00:00, run_after=2024-02-06 00:00:00+00:00
[2024-02-06T21:44:08.702+0100] {logging_mixin.py:188} INFO - [2024-02-06T21:44:08.702+0100] {dag.py:3823} INFO - Setting next_dagrun for dataset_produces_2 to None, run_after=None
[2024-02-06T21:44:08.771+0100] {processor.py:183} INFO - Processing /home/ubuntu/.local/lib/python3.10/site-packages/airflow/example_dags/example_datasets.py took 0.255 seconds
[2024-02-06T21:45:24.469+0100] {processor.py:161} INFO - Started process (PID=29377) to work on /home/ubuntu/.local/lib/python3.10/site-packages/airflow/example_dags/example_datasets.py
[2024-02-06T21:45:24.475+0100] {processor.py:830} INFO - Processing file /home/ubuntu/.local/lib/python3.10/site-packages/airflow/example_dags/example_datasets.py for tasks to queue
[2024-02-06T21:45:24.488+0100] {logging_mixin.py:188} INFO - [2024-02-06T21:45:24.482+0100] {dagbag.py:538} INFO - Filling up the DagBag from /home/ubuntu/.local/lib/python3.10/site-packages/airflow/example_dags/example_datasets.py
[2024-02-06T21:45:24.493+0100] {processor.py:842} WARNING - No viable dags retrieved from /home/ubuntu/.local/lib/python3.10/site-packages/airflow/example_dags/example_datasets.py
[2024-02-06T21:45:24.559+0100] {processor.py:183} INFO - Processing /home/ubuntu/.local/lib/python3.10/site-packages/airflow/example_dags/example_datasets.py took 0.098 seconds
[2024-02-06T21:54:42.296+0100] {processor.py:161} INFO - Started process (PID=31441) to work on /home/ubuntu/.local/lib/python3.10/site-packages/airflow/example_dags/example_datasets.py
[2024-02-06T21:54:42.310+0100] {processor.py:830} INFO - Processing file /home/ubuntu/.local/lib/python3.10/site-packages/airflow/example_dags/example_datasets.py for tasks to queue
[2024-02-06T21:54:42.315+0100] {logging_mixin.py:188} INFO - [2024-02-06T21:54:42.312+0100] {dagbag.py:538} INFO - Filling up the DagBag from /home/ubuntu/.local/lib/python3.10/site-packages/airflow/example_dags/example_datasets.py
[2024-02-06T21:54:42.370+0100] {processor.py:840} INFO - DAG(s) 'dataset_consumes_unknown_never_scheduled', 'dataset_consumes_1', 'dataset_consumes_1_and_2', 'dataset_produces_2', 'dataset_produces_1', 'dataset_consumes_1_never_scheduled' retrieved from /home/ubuntu/.local/lib/python3.10/site-packages/airflow/example_dags/example_datasets.py
[2024-02-06T21:54:42.744+0100] {logging_mixin.py:188} INFO - [2024-02-06T21:54:42.743+0100] {dag.py:3036} INFO - Sync 6 DAGs
[2024-02-06T21:54:42.779+0100] {logging_mixin.py:188} INFO - [2024-02-06T21:54:42.778+0100] {dag.py:3823} INFO - Setting next_dagrun for dataset_consumes_1 to None, run_after=None
[2024-02-06T21:54:42.784+0100] {logging_mixin.py:188} INFO - [2024-02-06T21:54:42.784+0100] {dag.py:3823} INFO - Setting next_dagrun for dataset_consumes_1_and_2 to None, run_after=None
[2024-02-06T21:54:42.786+0100] {logging_mixin.py:188} INFO - [2024-02-06T21:54:42.785+0100] {dag.py:3823} INFO - Setting next_dagrun for dataset_consumes_1_never_scheduled to None, run_after=None
[2024-02-06T21:54:42.787+0100] {logging_mixin.py:188} INFO - [2024-02-06T21:54:42.787+0100] {dag.py:3823} INFO - Setting next_dagrun for dataset_consumes_unknown_never_scheduled to None, run_after=None
[2024-02-06T21:54:42.795+0100] {logging_mixin.py:188} INFO - [2024-02-06T21:54:42.790+0100] {dag.py:3823} INFO - Setting next_dagrun for dataset_produces_1 to 2024-02-05 00:00:00+00:00, run_after=2024-02-06 00:00:00+00:00
[2024-02-06T21:54:42.808+0100] {logging_mixin.py:188} INFO - [2024-02-06T21:54:42.807+0100] {dag.py:3823} INFO - Setting next_dagrun for dataset_produces_2 to None, run_after=None
[2024-02-06T21:54:42.896+0100] {processor.py:183} INFO - Processing /home/ubuntu/.local/lib/python3.10/site-packages/airflow/example_dags/example_datasets.py took 0.610 seconds
[2024-02-06T21:56:14.691+0100] {processor.py:161} INFO - Started process (PID=32227) to work on /home/ubuntu/.local/lib/python3.10/site-packages/airflow/example_dags/example_datasets.py
[2024-02-06T21:56:14.709+0100] {processor.py:830} INFO - Processing file /home/ubuntu/.local/lib/python3.10/site-packages/airflow/example_dags/example_datasets.py for tasks to queue
[2024-02-06T21:56:14.713+0100] {logging_mixin.py:188} INFO - [2024-02-06T21:56:14.712+0100] {dagbag.py:538} INFO - Filling up the DagBag from /home/ubuntu/.local/lib/python3.10/site-packages/airflow/example_dags/example_datasets.py
[2024-02-06T21:56:14.744+0100] {processor.py:840} INFO - DAG(s) 'dataset_consumes_1_and_2', 'dataset_consumes_unknown_never_scheduled', 'dataset_consumes_1_never_scheduled', 'dataset_produces_2', 'dataset_produces_1', 'dataset_consumes_1' retrieved from /home/ubuntu/.local/lib/python3.10/site-packages/airflow/example_dags/example_datasets.py
[2024-02-06T21:56:14.830+0100] {logging_mixin.py:188} INFO - [2024-02-06T21:56:14.829+0100] {dag.py:3036} INFO - Sync 6 DAGs
[2024-02-06T21:56:14.889+0100] {logging_mixin.py:188} INFO - [2024-02-06T21:56:14.888+0100] {dag.py:3823} INFO - Setting next_dagrun for dataset_consumes_1 to None, run_after=None
[2024-02-06T21:56:14.900+0100] {logging_mixin.py:188} INFO - [2024-02-06T21:56:14.900+0100] {dag.py:3823} INFO - Setting next_dagrun for dataset_consumes_1_and_2 to None, run_after=None
[2024-02-06T21:56:14.904+0100] {logging_mixin.py:188} INFO - [2024-02-06T21:56:14.903+0100] {dag.py:3823} INFO - Setting next_dagrun for dataset_consumes_1_never_scheduled to None, run_after=None
[2024-02-06T21:56:14.908+0100] {logging_mixin.py:188} INFO - [2024-02-06T21:56:14.907+0100] {dag.py:3823} INFO - Setting next_dagrun for dataset_consumes_unknown_never_scheduled to None, run_after=None
[2024-02-06T21:56:14.915+0100] {logging_mixin.py:188} INFO - [2024-02-06T21:56:14.915+0100] {dag.py:3823} INFO - Setting next_dagrun for dataset_produces_1 to 2024-02-05 00:00:00+00:00, run_after=2024-02-06 00:00:00+00:00
[2024-02-06T21:56:14.919+0100] {logging_mixin.py:188} INFO - [2024-02-06T21:56:14.919+0100] {dag.py:3823} INFO - Setting next_dagrun for dataset_produces_2 to None, run_after=None
[2024-02-06T21:56:15.023+0100] {processor.py:183} INFO - Processing /home/ubuntu/.local/lib/python3.10/site-packages/airflow/example_dags/example_datasets.py took 0.373 seconds
[2024-02-06T21:56:47.937+0100] {processor.py:161} INFO - Started process (PID=32507) to work on /home/ubuntu/.local/lib/python3.10/site-packages/airflow/example_dags/example_datasets.py
[2024-02-06T21:56:47.939+0100] {processor.py:830} INFO - Processing file /home/ubuntu/.local/lib/python3.10/site-packages/airflow/example_dags/example_datasets.py for tasks to queue
[2024-02-06T21:56:47.940+0100] {logging_mixin.py:188} INFO - [2024-02-06T21:56:47.940+0100] {dagbag.py:538} INFO - Filling up the DagBag from /home/ubuntu/.local/lib/python3.10/site-packages/airflow/example_dags/example_datasets.py
[2024-02-06T21:56:47.958+0100] {processor.py:840} INFO - DAG(s) 'dataset_consumes_unknown_never_scheduled', 'dataset_consumes_1', 'dataset_produces_1', 'dataset_consumes_1_never_scheduled', 'dataset_produces_2', 'dataset_consumes_1_and_2' retrieved from /home/ubuntu/.local/lib/python3.10/site-packages/airflow/example_dags/example_datasets.py
[2024-02-06T21:56:48.002+0100] {logging_mixin.py:188} INFO - [2024-02-06T21:56:48.002+0100] {dag.py:3036} INFO - Sync 6 DAGs
[2024-02-06T21:56:48.037+0100] {logging_mixin.py:188} INFO - [2024-02-06T21:56:48.037+0100] {dag.py:3823} INFO - Setting next_dagrun for dataset_consumes_1 to None, run_after=None
[2024-02-06T21:56:48.042+0100] {logging_mixin.py:188} INFO - [2024-02-06T21:56:48.041+0100] {dag.py:3823} INFO - Setting next_dagrun for dataset_consumes_1_and_2 to None, run_after=None
[2024-02-06T21:56:48.043+0100] {logging_mixin.py:188} INFO - [2024-02-06T21:56:48.043+0100] {dag.py:3823} INFO - Setting next_dagrun for dataset_consumes_1_never_scheduled to None, run_after=None
[2024-02-06T21:56:48.044+0100] {logging_mixin.py:188} INFO - [2024-02-06T21:56:48.044+0100] {dag.py:3823} INFO - Setting next_dagrun for dataset_consumes_unknown_never_scheduled to None, run_after=None
[2024-02-06T21:56:48.048+0100] {logging_mixin.py:188} INFO - [2024-02-06T21:56:48.048+0100] {dag.py:3823} INFO - Setting next_dagrun for dataset_produces_1 to 2024-02-05 00:00:00+00:00, run_after=2024-02-06 00:00:00+00:00
[2024-02-06T21:56:48.051+0100] {logging_mixin.py:188} INFO - [2024-02-06T21:56:48.051+0100] {dag.py:3823} INFO - Setting next_dagrun for dataset_produces_2 to None, run_after=None
[2024-02-06T21:56:48.114+0100] {processor.py:183} INFO - Processing /home/ubuntu/.local/lib/python3.10/site-packages/airflow/example_dags/example_datasets.py took 0.184 seconds
[2024-02-06T21:57:48.609+0100] {processor.py:161} INFO - Started process (PID=33041) to work on /home/ubuntu/.local/lib/python3.10/site-packages/airflow/example_dags/example_datasets.py
[2024-02-06T21:57:48.614+0100] {processor.py:830} INFO - Processing file /home/ubuntu/.local/lib/python3.10/site-packages/airflow/example_dags/example_datasets.py for tasks to queue
[2024-02-06T21:57:48.617+0100] {logging_mixin.py:188} INFO - [2024-02-06T21:57:48.616+0100] {dagbag.py:538} INFO - Filling up the DagBag from /home/ubuntu/.local/lib/python3.10/site-packages/airflow/example_dags/example_datasets.py
[2024-02-06T21:57:48.650+0100] {processor.py:840} INFO - DAG(s) 'dataset_produces_2', 'dataset_consumes_1', 'dataset_consumes_unknown_never_scheduled', 'dataset_consumes_1_never_scheduled', 'dataset_consumes_1_and_2', 'dataset_produces_1' retrieved from /home/ubuntu/.local/lib/python3.10/site-packages/airflow/example_dags/example_datasets.py
[2024-02-06T21:57:48.731+0100] {logging_mixin.py:188} INFO - [2024-02-06T21:57:48.730+0100] {dag.py:3036} INFO - Sync 6 DAGs
[2024-02-06T21:57:48.793+0100] {logging_mixin.py:188} INFO - [2024-02-06T21:57:48.792+0100] {dag.py:3823} INFO - Setting next_dagrun for dataset_consumes_1 to None, run_after=None
[2024-02-06T21:57:48.831+0100] {logging_mixin.py:188} INFO - [2024-02-06T21:57:48.831+0100] {dag.py:3823} INFO - Setting next_dagrun for dataset_consumes_1_and_2 to None, run_after=None
[2024-02-06T21:57:48.838+0100] {logging_mixin.py:188} INFO - [2024-02-06T21:57:48.837+0100] {dag.py:3823} INFO - Setting next_dagrun for dataset_consumes_1_never_scheduled to None, run_after=None
[2024-02-06T21:57:48.847+0100] {logging_mixin.py:188} INFO - [2024-02-06T21:57:48.845+0100] {dag.py:3823} INFO - Setting next_dagrun for dataset_consumes_unknown_never_scheduled to None, run_after=None
[2024-02-06T21:57:48.861+0100] {logging_mixin.py:188} INFO - [2024-02-06T21:57:48.856+0100] {dag.py:3823} INFO - Setting next_dagrun for dataset_produces_1 to 2024-02-05 00:00:00+00:00, run_after=2024-02-06 00:00:00+00:00
[2024-02-06T21:57:48.871+0100] {logging_mixin.py:188} INFO - [2024-02-06T21:57:48.868+0100] {dag.py:3823} INFO - Setting next_dagrun for dataset_produces_2 to None, run_after=None
[2024-02-06T21:57:49.033+0100] {processor.py:183} INFO - Processing /home/ubuntu/.local/lib/python3.10/site-packages/airflow/example_dags/example_datasets.py took 0.458 seconds
[2024-02-06T21:58:16.913+0100] {processor.py:161} INFO - Started process (PID=33367) to work on /home/ubuntu/.local/lib/python3.10/site-packages/airflow/example_dags/example_datasets.py
[2024-02-06T21:58:16.915+0100] {processor.py:830} INFO - Processing file /home/ubuntu/.local/lib/python3.10/site-packages/airflow/example_dags/example_datasets.py for tasks to queue
[2024-02-06T21:58:16.917+0100] {logging_mixin.py:188} INFO - [2024-02-06T21:58:16.916+0100] {dagbag.py:538} INFO - Filling up the DagBag from /home/ubuntu/.local/lib/python3.10/site-packages/airflow/example_dags/example_datasets.py
[2024-02-06T21:58:16.984+0100] {processor.py:840} INFO - DAG(s) 'dataset_produces_1', 'dataset_consumes_1_never_scheduled', 'dataset_produces_2', 'dataset_consumes_1', 'dataset_consumes_unknown_never_scheduled', 'dataset_consumes_1_and_2' retrieved from /home/ubuntu/.local/lib/python3.10/site-packages/airflow/example_dags/example_datasets.py
[2024-02-06T21:58:17.118+0100] {logging_mixin.py:188} INFO - [2024-02-06T21:58:17.117+0100] {dag.py:3036} INFO - Sync 6 DAGs
[2024-02-06T21:58:17.246+0100] {logging_mixin.py:188} INFO - [2024-02-06T21:58:17.246+0100] {dag.py:3823} INFO - Setting next_dagrun for dataset_consumes_1 to None, run_after=None
[2024-02-06T21:58:17.272+0100] {logging_mixin.py:188} INFO - [2024-02-06T21:58:17.272+0100] {dag.py:3823} INFO - Setting next_dagrun for dataset_consumes_1_and_2 to None, run_after=None
[2024-02-06T21:58:17.277+0100] {logging_mixin.py:188} INFO - [2024-02-06T21:58:17.276+0100] {dag.py:3823} INFO - Setting next_dagrun for dataset_consumes_1_never_scheduled to None, run_after=None
[2024-02-06T21:58:17.283+0100] {logging_mixin.py:188} INFO - [2024-02-06T21:58:17.281+0100] {dag.py:3823} INFO - Setting next_dagrun for dataset_consumes_unknown_never_scheduled to None, run_after=None
[2024-02-06T21:58:17.294+0100] {logging_mixin.py:188} INFO - [2024-02-06T21:58:17.294+0100] {dag.py:3823} INFO - Setting next_dagrun for dataset_produces_1 to 2024-02-05 00:00:00+00:00, run_after=2024-02-06 00:00:00+00:00
[2024-02-06T21:58:17.298+0100] {logging_mixin.py:188} INFO - [2024-02-06T21:58:17.297+0100] {dag.py:3823} INFO - Setting next_dagrun for dataset_produces_2 to None, run_after=None
[2024-02-06T21:58:17.513+0100] {processor.py:183} INFO - Processing /home/ubuntu/.local/lib/python3.10/site-packages/airflow/example_dags/example_datasets.py took 0.618 seconds
[2024-02-06T21:59:54.505+0100] {processor.py:161} INFO - Started process (PID=34286) to work on /home/ubuntu/.local/lib/python3.10/site-packages/airflow/example_dags/example_datasets.py
[2024-02-06T21:59:54.508+0100] {processor.py:830} INFO - Processing file /home/ubuntu/.local/lib/python3.10/site-packages/airflow/example_dags/example_datasets.py for tasks to queue
[2024-02-06T21:59:54.511+0100] {logging_mixin.py:188} INFO - [2024-02-06T21:59:54.510+0100] {dagbag.py:538} INFO - Filling up the DagBag from /home/ubuntu/.local/lib/python3.10/site-packages/airflow/example_dags/example_datasets.py
[2024-02-06T21:59:54.554+0100] {processor.py:840} INFO - DAG(s) 'dataset_consumes_1_and_2', 'dataset_produces_1', 'dataset_produces_2', 'dataset_consumes_unknown_never_scheduled', 'dataset_consumes_1', 'dataset_consumes_1_never_scheduled' retrieved from /home/ubuntu/.local/lib/python3.10/site-packages/airflow/example_dags/example_datasets.py
[2024-02-06T21:59:55.163+0100] {logging_mixin.py:188} INFO - [2024-02-06T21:59:55.162+0100] {dag.py:3036} INFO - Sync 6 DAGs
[2024-02-06T21:59:55.232+0100] {logging_mixin.py:188} INFO - [2024-02-06T21:59:55.232+0100] {dag.py:3823} INFO - Setting next_dagrun for dataset_consumes_1 to None, run_after=None
[2024-02-06T21:59:55.240+0100] {logging_mixin.py:188} INFO - [2024-02-06T21:59:55.239+0100] {dag.py:3823} INFO - Setting next_dagrun for dataset_consumes_1_and_2 to None, run_after=None
[2024-02-06T21:59:55.244+0100] {logging_mixin.py:188} INFO - [2024-02-06T21:59:55.244+0100] {dag.py:3823} INFO - Setting next_dagrun for dataset_consumes_1_never_scheduled to None, run_after=None
[2024-02-06T21:59:55.247+0100] {logging_mixin.py:188} INFO - [2024-02-06T21:59:55.247+0100] {dag.py:3823} INFO - Setting next_dagrun for dataset_consumes_unknown_never_scheduled to None, run_after=None
[2024-02-06T21:59:55.258+0100] {logging_mixin.py:188} INFO - [2024-02-06T21:59:55.257+0100] {dag.py:3823} INFO - Setting next_dagrun for dataset_produces_1 to 2024-02-05 00:00:00+00:00, run_after=2024-02-06 00:00:00+00:00
[2024-02-06T21:59:55.264+0100] {logging_mixin.py:188} INFO - [2024-02-06T21:59:55.262+0100] {dag.py:3823} INFO - Setting next_dagrun for dataset_produces_2 to None, run_after=None
[2024-02-06T21:59:55.446+0100] {processor.py:183} INFO - Processing /home/ubuntu/.local/lib/python3.10/site-packages/airflow/example_dags/example_datasets.py took 0.951 seconds
[2024-02-06T22:00:09.502+0100] {processor.py:161} INFO - Started process (PID=34408) to work on /home/ubuntu/.local/lib/python3.10/site-packages/airflow/example_dags/example_datasets.py
[2024-02-06T22:00:09.505+0100] {processor.py:830} INFO - Processing file /home/ubuntu/.local/lib/python3.10/site-packages/airflow/example_dags/example_datasets.py for tasks to queue
[2024-02-06T22:00:09.513+0100] {logging_mixin.py:188} INFO - [2024-02-06T22:00:09.510+0100] {dagbag.py:538} INFO - Filling up the DagBag from /home/ubuntu/.local/lib/python3.10/site-packages/airflow/example_dags/example_datasets.py
[2024-02-06T22:00:09.587+0100] {processor.py:840} INFO - DAG(s) 'dataset_consumes_1_and_2', 'dataset_consumes_unknown_never_scheduled', 'dataset_consumes_1', 'dataset_produces_1', 'dataset_produces_2', 'dataset_consumes_1_never_scheduled' retrieved from /home/ubuntu/.local/lib/python3.10/site-packages/airflow/example_dags/example_datasets.py
[2024-02-06T22:00:09.622+0100] {logging_mixin.py:188} INFO - [2024-02-06T22:00:09.621+0100] {dag.py:3036} INFO - Sync 6 DAGs
[2024-02-06T22:00:09.670+0100] {logging_mixin.py:188} INFO - [2024-02-06T22:00:09.670+0100] {dag.py:3823} INFO - Setting next_dagrun for dataset_consumes_1 to None, run_after=None
[2024-02-06T22:00:09.728+0100] {logging_mixin.py:188} INFO - [2024-02-06T22:00:09.728+0100] {dag.py:3823} INFO - Setting next_dagrun for dataset_consumes_1_and_2 to None, run_after=None
[2024-02-06T22:00:09.771+0100] {logging_mixin.py:188} INFO - [2024-02-06T22:00:09.771+0100] {dag.py:3823} INFO - Setting next_dagrun for dataset_consumes_1_never_scheduled to None, run_after=None
[2024-02-06T22:00:09.782+0100] {logging_mixin.py:188} INFO - [2024-02-06T22:00:09.774+0100] {dag.py:3823} INFO - Setting next_dagrun for dataset_consumes_unknown_never_scheduled to None, run_after=None
[2024-02-06T22:00:09.788+0100] {logging_mixin.py:188} INFO - [2024-02-06T22:00:09.787+0100] {dag.py:3823} INFO - Setting next_dagrun for dataset_produces_1 to 2024-02-05 00:00:00+00:00, run_after=2024-02-06 00:00:00+00:00
[2024-02-06T22:00:09.790+0100] {logging_mixin.py:188} INFO - [2024-02-06T22:00:09.790+0100] {dag.py:3823} INFO - Setting next_dagrun for dataset_produces_2 to None, run_after=None
[2024-02-06T22:00:10.115+0100] {processor.py:183} INFO - Processing /home/ubuntu/.local/lib/python3.10/site-packages/airflow/example_dags/example_datasets.py took 0.631 seconds
[2024-02-06T22:01:39.212+0100] {processor.py:161} INFO - Started process (PID=34952) to work on /home/ubuntu/.local/lib/python3.10/site-packages/airflow/example_dags/example_datasets.py
[2024-02-06T22:01:39.218+0100] {processor.py:830} INFO - Processing file /home/ubuntu/.local/lib/python3.10/site-packages/airflow/example_dags/example_datasets.py for tasks to queue
[2024-02-06T22:01:39.222+0100] {logging_mixin.py:188} INFO - [2024-02-06T22:01:39.220+0100] {dagbag.py:538} INFO - Filling up the DagBag from /home/ubuntu/.local/lib/python3.10/site-packages/airflow/example_dags/example_datasets.py
[2024-02-06T22:01:39.245+0100] {processor.py:840} INFO - DAG(s) 'dataset_produces_2', 'dataset_consumes_1_never_scheduled', 'dataset_consumes_unknown_never_scheduled', 'dataset_consumes_1_and_2', 'dataset_consumes_1', 'dataset_produces_1' retrieved from /home/ubuntu/.local/lib/python3.10/site-packages/airflow/example_dags/example_datasets.py
[2024-02-06T22:01:39.285+0100] {logging_mixin.py:188} INFO - [2024-02-06T22:01:39.285+0100] {dag.py:3036} INFO - Sync 6 DAGs
[2024-02-06T22:01:39.311+0100] {logging_mixin.py:188} INFO - [2024-02-06T22:01:39.311+0100] {dag.py:3823} INFO - Setting next_dagrun for dataset_consumes_1 to None, run_after=None
[2024-02-06T22:01:39.315+0100] {logging_mixin.py:188} INFO - [2024-02-06T22:01:39.315+0100] {dag.py:3823} INFO - Setting next_dagrun for dataset_consumes_1_and_2 to None, run_after=None
[2024-02-06T22:01:39.317+0100] {logging_mixin.py:188} INFO - [2024-02-06T22:01:39.316+0100] {dag.py:3823} INFO - Setting next_dagrun for dataset_consumes_1_never_scheduled to None, run_after=None
[2024-02-06T22:01:39.319+0100] {logging_mixin.py:188} INFO - [2024-02-06T22:01:39.318+0100] {dag.py:3823} INFO - Setting next_dagrun for dataset_consumes_unknown_never_scheduled to None, run_after=None
[2024-02-06T22:01:39.322+0100] {logging_mixin.py:188} INFO - [2024-02-06T22:01:39.322+0100] {dag.py:3823} INFO - Setting next_dagrun for dataset_produces_1 to 2024-02-05 00:00:00+00:00, run_after=2024-02-06 00:00:00+00:00
[2024-02-06T22:01:39.323+0100] {logging_mixin.py:188} INFO - [2024-02-06T22:01:39.323+0100] {dag.py:3823} INFO - Setting next_dagrun for dataset_produces_2 to None, run_after=None
[2024-02-06T22:01:39.573+0100] {processor.py:183} INFO - Processing /home/ubuntu/.local/lib/python3.10/site-packages/airflow/example_dags/example_datasets.py took 0.374 seconds
[2024-02-06T22:01:41.931+0100] {processor.py:161} INFO - Started process (PID=34958) to work on /home/ubuntu/.local/lib/python3.10/site-packages/airflow/example_dags/example_datasets.py
[2024-02-06T22:01:41.932+0100] {processor.py:830} INFO - Processing file /home/ubuntu/.local/lib/python3.10/site-packages/airflow/example_dags/example_datasets.py for tasks to queue
[2024-02-06T22:01:41.934+0100] {logging_mixin.py:188} INFO - [2024-02-06T22:01:41.933+0100] {dagbag.py:538} INFO - Filling up the DagBag from /home/ubuntu/.local/lib/python3.10/site-packages/airflow/example_dags/example_datasets.py
[2024-02-06T22:01:41.949+0100] {processor.py:840} INFO - DAG(s) 'dataset_consumes_1_and_2', 'dataset_consumes_1_never_scheduled', 'dataset_produces_1', 'dataset_consumes_1', 'dataset_consumes_unknown_never_scheduled', 'dataset_produces_2' retrieved from /home/ubuntu/.local/lib/python3.10/site-packages/airflow/example_dags/example_datasets.py
[2024-02-06T22:01:41.992+0100] {logging_mixin.py:188} INFO - [2024-02-06T22:01:41.992+0100] {dag.py:3036} INFO - Sync 6 DAGs
[2024-02-06T22:01:42.068+0100] {logging_mixin.py:188} INFO - [2024-02-06T22:01:42.067+0100] {dag.py:3823} INFO - Setting next_dagrun for dataset_consumes_1 to None, run_after=None
[2024-02-06T22:01:42.073+0100] {logging_mixin.py:188} INFO - [2024-02-06T22:01:42.072+0100] {dag.py:3823} INFO - Setting next_dagrun for dataset_consumes_1_and_2 to None, run_after=None
[2024-02-06T22:01:42.074+0100] {logging_mixin.py:188} INFO - [2024-02-06T22:01:42.074+0100] {dag.py:3823} INFO - Setting next_dagrun for dataset_consumes_1_never_scheduled to None, run_after=None
[2024-02-06T22:01:42.076+0100] {logging_mixin.py:188} INFO - [2024-02-06T22:01:42.076+0100] {dag.py:3823} INFO - Setting next_dagrun for dataset_consumes_unknown_never_scheduled to None, run_after=None
[2024-02-06T22:01:42.080+0100] {logging_mixin.py:188} INFO - [2024-02-06T22:01:42.079+0100] {dag.py:3823} INFO - Setting next_dagrun for dataset_produces_1 to 2024-02-05 00:00:00+00:00, run_after=2024-02-06 00:00:00+00:00
[2024-02-06T22:01:42.081+0100] {logging_mixin.py:188} INFO - [2024-02-06T22:01:42.081+0100] {dag.py:3823} INFO - Setting next_dagrun for dataset_produces_2 to None, run_after=None
[2024-02-06T22:01:42.174+0100] {processor.py:183} INFO - Processing /home/ubuntu/.local/lib/python3.10/site-packages/airflow/example_dags/example_datasets.py took 0.249 seconds
[2024-02-06T22:03:14.248+0100] {processor.py:161} INFO - Started process (PID=35892) to work on /home/ubuntu/.local/lib/python3.10/site-packages/airflow/example_dags/example_datasets.py
[2024-02-06T22:03:14.262+0100] {processor.py:830} INFO - Processing file /home/ubuntu/.local/lib/python3.10/site-packages/airflow/example_dags/example_datasets.py for tasks to queue
[2024-02-06T22:03:14.264+0100] {logging_mixin.py:188} INFO - [2024-02-06T22:03:14.263+0100] {dagbag.py:538} INFO - Filling up the DagBag from /home/ubuntu/.local/lib/python3.10/site-packages/airflow/example_dags/example_datasets.py
[2024-02-06T22:03:14.359+0100] {processor.py:840} INFO - DAG(s) 'dataset_produces_1', 'dataset_consumes_1', 'dataset_produces_2', 'dataset_consumes_1_never_scheduled', 'dataset_consumes_1_and_2', 'dataset_consumes_unknown_never_scheduled' retrieved from /home/ubuntu/.local/lib/python3.10/site-packages/airflow/example_dags/example_datasets.py
[2024-02-06T22:03:14.479+0100] {logging_mixin.py:188} INFO - [2024-02-06T22:03:14.478+0100] {dag.py:3036} INFO - Sync 6 DAGs
[2024-02-06T22:03:14.587+0100] {logging_mixin.py:188} INFO - [2024-02-06T22:03:14.586+0100] {dag.py:3823} INFO - Setting next_dagrun for dataset_consumes_1 to None, run_after=None
[2024-02-06T22:03:14.596+0100] {logging_mixin.py:188} INFO - [2024-02-06T22:03:14.595+0100] {dag.py:3823} INFO - Setting next_dagrun for dataset_consumes_1_and_2 to None, run_after=None
[2024-02-06T22:03:14.601+0100] {logging_mixin.py:188} INFO - [2024-02-06T22:03:14.601+0100] {dag.py:3823} INFO - Setting next_dagrun for dataset_consumes_1_never_scheduled to None, run_after=None
[2024-02-06T22:03:14.604+0100] {logging_mixin.py:188} INFO - [2024-02-06T22:03:14.604+0100] {dag.py:3823} INFO - Setting next_dagrun for dataset_consumes_unknown_never_scheduled to None, run_after=None
[2024-02-06T22:03:14.604+0100] {processor.py:161} INFO - Started process (PID=35893) to work on /home/ubuntu/.local/lib/python3.10/site-packages/airflow/example_dags/example_datasets.py
[2024-02-06T22:03:14.606+0100] {processor.py:830} INFO - Processing file /home/ubuntu/.local/lib/python3.10/site-packages/airflow/example_dags/example_datasets.py for tasks to queue
[2024-02-06T22:03:14.609+0100] {logging_mixin.py:188} INFO - [2024-02-06T22:03:14.608+0100] {dagbag.py:538} INFO - Filling up the DagBag from /home/ubuntu/.local/lib/python3.10/site-packages/airflow/example_dags/example_datasets.py
[2024-02-06T22:03:14.613+0100] {logging_mixin.py:188} INFO - [2024-02-06T22:03:14.613+0100] {dag.py:3823} INFO - Setting next_dagrun for dataset_produces_1 to 2024-02-05 00:00:00+00:00, run_after=2024-02-06 00:00:00+00:00
[2024-02-06T22:03:14.624+0100] {logging_mixin.py:188} INFO - [2024-02-06T22:03:14.623+0100] {dag.py:3823} INFO - Setting next_dagrun for dataset_produces_2 to None, run_after=None
[2024-02-06T22:03:14.647+0100] {processor.py:840} INFO - DAG(s) 'dataset_consumes_1_and_2', 'dataset_produces_2', 'dataset_produces_1', 'dataset_consumes_1_never_scheduled', 'dataset_consumes_1', 'dataset_consumes_unknown_never_scheduled' retrieved from /home/ubuntu/.local/lib/python3.10/site-packages/airflow/example_dags/example_datasets.py
[2024-02-06T22:03:14.821+0100] {processor.py:183} INFO - Processing /home/ubuntu/.local/lib/python3.10/site-packages/airflow/example_dags/example_datasets.py took 0.582 seconds
[2024-02-06T22:03:14.918+0100] {logging_mixin.py:188} INFO - [2024-02-06T22:03:14.917+0100] {dag.py:3036} INFO - Sync 6 DAGs
[2024-02-06T22:03:15.049+0100] {logging_mixin.py:188} INFO - [2024-02-06T22:03:15.045+0100] {dag.py:3823} INFO - Setting next_dagrun for dataset_consumes_1 to None, run_after=None
[2024-02-06T22:03:15.070+0100] {logging_mixin.py:188} INFO - [2024-02-06T22:03:15.069+0100] {dag.py:3823} INFO - Setting next_dagrun for dataset_consumes_1_and_2 to None, run_after=None
[2024-02-06T22:03:15.073+0100] {logging_mixin.py:188} INFO - [2024-02-06T22:03:15.072+0100] {dag.py:3823} INFO - Setting next_dagrun for dataset_consumes_1_never_scheduled to None, run_after=None
[2024-02-06T22:03:15.085+0100] {logging_mixin.py:188} INFO - [2024-02-06T22:03:15.084+0100] {dag.py:3823} INFO - Setting next_dagrun for dataset_consumes_unknown_never_scheduled to None, run_after=None
[2024-02-06T22:03:15.092+0100] {logging_mixin.py:188} INFO - [2024-02-06T22:03:15.092+0100] {dag.py:3823} INFO - Setting next_dagrun for dataset_produces_1 to 2024-02-05 00:00:00+00:00, run_after=2024-02-06 00:00:00+00:00
[2024-02-06T22:03:15.095+0100] {logging_mixin.py:188} INFO - [2024-02-06T22:03:15.095+0100] {dag.py:3823} INFO - Setting next_dagrun for dataset_produces_2 to None, run_after=None
[2024-02-06T22:03:15.251+0100] {processor.py:183} INFO - Processing /home/ubuntu/.local/lib/python3.10/site-packages/airflow/example_dags/example_datasets.py took 0.658 seconds
[2024-02-06T22:06:58.454+0100] {processor.py:161} INFO - Started process (PID=37799) to work on /home/ubuntu/.local/lib/python3.10/site-packages/airflow/example_dags/example_datasets.py
[2024-02-06T22:06:58.468+0100] {processor.py:830} INFO - Processing file /home/ubuntu/.local/lib/python3.10/site-packages/airflow/example_dags/example_datasets.py for tasks to queue
[2024-02-06T22:06:58.513+0100] {logging_mixin.py:188} INFO - [2024-02-06T22:06:58.512+0100] {dagbag.py:538} INFO - Filling up the DagBag from /home/ubuntu/.local/lib/python3.10/site-packages/airflow/example_dags/example_datasets.py
[2024-02-06T22:06:58.558+0100] {processor.py:840} INFO - DAG(s) 'dataset_produces_1', 'dataset_consumes_1_and_2', 'dataset_consumes_1_never_scheduled', 'dataset_produces_2', 'dataset_consumes_unknown_never_scheduled', 'dataset_consumes_1' retrieved from /home/ubuntu/.local/lib/python3.10/site-packages/airflow/example_dags/example_datasets.py
[2024-02-06T22:06:59.230+0100] {logging_mixin.py:188} INFO - [2024-02-06T22:06:59.229+0100] {dag.py:3036} INFO - Sync 6 DAGs
[2024-02-06T22:06:59.271+0100] {logging_mixin.py:188} INFO - [2024-02-06T22:06:59.271+0100] {dag.py:3823} INFO - Setting next_dagrun for dataset_consumes_1 to None, run_after=None
[2024-02-06T22:06:59.277+0100] {logging_mixin.py:188} INFO - [2024-02-06T22:06:59.277+0100] {dag.py:3823} INFO - Setting next_dagrun for dataset_consumes_1_and_2 to None, run_after=None
[2024-02-06T22:06:59.279+0100] {logging_mixin.py:188} INFO - [2024-02-06T22:06:59.279+0100] {dag.py:3823} INFO - Setting next_dagrun for dataset_consumes_1_never_scheduled to None, run_after=None
[2024-02-06T22:06:59.282+0100] {logging_mixin.py:188} INFO - [2024-02-06T22:06:59.281+0100] {dag.py:3823} INFO - Setting next_dagrun for dataset_consumes_unknown_never_scheduled to None, run_after=None
[2024-02-06T22:06:59.288+0100] {logging_mixin.py:188} INFO - [2024-02-06T22:06:59.288+0100] {dag.py:3823} INFO - Setting next_dagrun for dataset_produces_1 to 2024-02-05 00:00:00+00:00, run_after=2024-02-06 00:00:00+00:00
[2024-02-06T22:06:59.291+0100] {logging_mixin.py:188} INFO - [2024-02-06T22:06:59.290+0100] {dag.py:3823} INFO - Setting next_dagrun for dataset_produces_2 to None, run_after=None
[2024-02-06T22:06:59.424+0100] {processor.py:183} INFO - Processing /home/ubuntu/.local/lib/python3.10/site-packages/airflow/example_dags/example_datasets.py took 0.984 seconds
[2024-02-06T22:11:22.996+0100] {processor.py:161} INFO - Started process (PID=39379) to work on /home/ubuntu/.local/lib/python3.10/site-packages/airflow/example_dags/example_datasets.py
[2024-02-06T22:11:23.010+0100] {processor.py:830} INFO - Processing file /home/ubuntu/.local/lib/python3.10/site-packages/airflow/example_dags/example_datasets.py for tasks to queue
[2024-02-06T22:11:23.013+0100] {logging_mixin.py:188} INFO - [2024-02-06T22:11:23.011+0100] {dagbag.py:538} INFO - Filling up the DagBag from /home/ubuntu/.local/lib/python3.10/site-packages/airflow/example_dags/example_datasets.py
[2024-02-06T22:11:23.054+0100] {processor.py:840} INFO - DAG(s) 'dataset_produces_2', 'dataset_consumes_1', 'dataset_consumes_1_and_2', 'dataset_consumes_unknown_never_scheduled', 'dataset_consumes_1_never_scheduled', 'dataset_produces_1' retrieved from /home/ubuntu/.local/lib/python3.10/site-packages/airflow/example_dags/example_datasets.py
[2024-02-06T22:11:23.371+0100] {logging_mixin.py:188} INFO - [2024-02-06T22:11:23.371+0100] {dag.py:3036} INFO - Sync 6 DAGs
[2024-02-06T22:11:23.402+0100] {logging_mixin.py:188} INFO - [2024-02-06T22:11:23.402+0100] {dag.py:3823} INFO - Setting next_dagrun for dataset_consumes_1 to None, run_after=None
[2024-02-06T22:11:23.408+0100] {logging_mixin.py:188} INFO - [2024-02-06T22:11:23.408+0100] {dag.py:3823} INFO - Setting next_dagrun for dataset_consumes_1_and_2 to None, run_after=None
[2024-02-06T22:11:23.411+0100] {logging_mixin.py:188} INFO - [2024-02-06T22:11:23.411+0100] {dag.py:3823} INFO - Setting next_dagrun for dataset_consumes_1_never_scheduled to None, run_after=None
[2024-02-06T22:11:23.413+0100] {logging_mixin.py:188} INFO - [2024-02-06T22:11:23.413+0100] {dag.py:3823} INFO - Setting next_dagrun for dataset_consumes_unknown_never_scheduled to None, run_after=None
[2024-02-06T22:11:23.419+0100] {logging_mixin.py:188} INFO - [2024-02-06T22:11:23.418+0100] {dag.py:3823} INFO - Setting next_dagrun for dataset_produces_1 to 2024-02-05 00:00:00+00:00, run_after=2024-02-06 00:00:00+00:00
[2024-02-06T22:11:23.422+0100] {logging_mixin.py:188} INFO - [2024-02-06T22:11:23.421+0100] {dag.py:3823} INFO - Setting next_dagrun for dataset_produces_2 to None, run_after=None
[2024-02-06T22:11:23.550+0100] {processor.py:183} INFO - Processing /home/ubuntu/.local/lib/python3.10/site-packages/airflow/example_dags/example_datasets.py took 0.568 seconds
[2024-02-06T22:13:48.866+0100] {processor.py:161} INFO - Started process (PID=40448) to work on /home/ubuntu/.local/lib/python3.10/site-packages/airflow/example_dags/example_datasets.py
[2024-02-06T22:13:48.871+0100] {processor.py:830} INFO - Processing file /home/ubuntu/.local/lib/python3.10/site-packages/airflow/example_dags/example_datasets.py for tasks to queue
[2024-02-06T22:13:48.875+0100] {logging_mixin.py:188} INFO - [2024-02-06T22:13:48.872+0100] {dagbag.py:538} INFO - Filling up the DagBag from /home/ubuntu/.local/lib/python3.10/site-packages/airflow/example_dags/example_datasets.py
[2024-02-06T22:13:48.919+0100] {processor.py:840} INFO - DAG(s) 'dataset_produces_2', 'dataset_consumes_unknown_never_scheduled', 'dataset_produces_1', 'dataset_consumes_1', 'dataset_consumes_1_never_scheduled', 'dataset_consumes_1_and_2' retrieved from /home/ubuntu/.local/lib/python3.10/site-packages/airflow/example_dags/example_datasets.py
[2024-02-06T22:13:49.669+0100] {logging_mixin.py:188} INFO - [2024-02-06T22:13:49.669+0100] {dag.py:3036} INFO - Sync 6 DAGs
[2024-02-06T22:13:49.788+0100] {logging_mixin.py:188} INFO - [2024-02-06T22:13:49.787+0100] {dag.py:3823} INFO - Setting next_dagrun for dataset_consumes_1 to None, run_after=None
[2024-02-06T22:13:49.798+0100] {logging_mixin.py:188} INFO - [2024-02-06T22:13:49.798+0100] {dag.py:3823} INFO - Setting next_dagrun for dataset_consumes_1_and_2 to None, run_after=None
[2024-02-06T22:13:49.803+0100] {logging_mixin.py:188} INFO - [2024-02-06T22:13:49.801+0100] {dag.py:3823} INFO - Setting next_dagrun for dataset_consumes_1_never_scheduled to None, run_after=None
[2024-02-06T22:13:49.808+0100] {logging_mixin.py:188} INFO - [2024-02-06T22:13:49.807+0100] {dag.py:3823} INFO - Setting next_dagrun for dataset_consumes_unknown_never_scheduled to None, run_after=None
[2024-02-06T22:13:49.817+0100] {logging_mixin.py:188} INFO - [2024-02-06T22:13:49.816+0100] {dag.py:3823} INFO - Setting next_dagrun for dataset_produces_1 to 2024-02-05 00:00:00+00:00, run_after=2024-02-06 00:00:00+00:00
[2024-02-06T22:13:49.826+0100] {logging_mixin.py:188} INFO - [2024-02-06T22:13:49.824+0100] {dag.py:3823} INFO - Setting next_dagrun for dataset_produces_2 to None, run_after=None
[2024-02-06T22:13:50.008+0100] {processor.py:183} INFO - Processing /home/ubuntu/.local/lib/python3.10/site-packages/airflow/example_dags/example_datasets.py took 1.153 seconds
[2024-02-06T22:15:48.104+0100] {processor.py:161} INFO - Started process (PID=41691) to work on /home/ubuntu/.local/lib/python3.10/site-packages/airflow/example_dags/example_datasets.py
[2024-02-06T22:15:48.113+0100] {processor.py:830} INFO - Processing file /home/ubuntu/.local/lib/python3.10/site-packages/airflow/example_dags/example_datasets.py for tasks to queue
[2024-02-06T22:15:48.114+0100] {logging_mixin.py:188} INFO - [2024-02-06T22:15:48.114+0100] {dagbag.py:538} INFO - Filling up the DagBag from /home/ubuntu/.local/lib/python3.10/site-packages/airflow/example_dags/example_datasets.py
[2024-02-06T22:15:48.132+0100] {processor.py:840} INFO - DAG(s) 'dataset_produces_1', 'dataset_produces_2', 'dataset_consumes_1_never_scheduled', 'dataset_consumes_unknown_never_scheduled', 'dataset_consumes_1', 'dataset_consumes_1_and_2' retrieved from /home/ubuntu/.local/lib/python3.10/site-packages/airflow/example_dags/example_datasets.py
[2024-02-06T22:15:48.198+0100] {logging_mixin.py:188} INFO - [2024-02-06T22:15:48.197+0100] {dag.py:3036} INFO - Sync 6 DAGs
[2024-02-06T22:15:48.243+0100] {logging_mixin.py:188} INFO - [2024-02-06T22:15:48.242+0100] {dag.py:3823} INFO - Setting next_dagrun for dataset_consumes_1 to None, run_after=None
[2024-02-06T22:15:48.248+0100] {logging_mixin.py:188} INFO - [2024-02-06T22:15:48.248+0100] {dag.py:3823} INFO - Setting next_dagrun for dataset_consumes_1_and_2 to None, run_after=None
[2024-02-06T22:15:48.250+0100] {logging_mixin.py:188} INFO - [2024-02-06T22:15:48.250+0100] {dag.py:3823} INFO - Setting next_dagrun for dataset_consumes_1_never_scheduled to None, run_after=None
[2024-02-06T22:15:48.253+0100] {logging_mixin.py:188} INFO - [2024-02-06T22:15:48.252+0100] {dag.py:3823} INFO - Setting next_dagrun for dataset_consumes_unknown_never_scheduled to None, run_after=None
[2024-02-06T22:15:48.257+0100] {logging_mixin.py:188} INFO - [2024-02-06T22:15:48.256+0100] {dag.py:3823} INFO - Setting next_dagrun for dataset_produces_1 to 2024-02-05 00:00:00+00:00, run_after=2024-02-06 00:00:00+00:00
[2024-02-06T22:15:48.259+0100] {logging_mixin.py:188} INFO - [2024-02-06T22:15:48.258+0100] {dag.py:3823} INFO - Setting next_dagrun for dataset_produces_2 to None, run_after=None
[2024-02-06T22:15:48.339+0100] {processor.py:183} INFO - Processing /home/ubuntu/.local/lib/python3.10/site-packages/airflow/example_dags/example_datasets.py took 0.243 seconds
[2024-02-06T22:29:17.939+0100] {processor.py:161} INFO - Started process (PID=51006) to work on /home/ubuntu/.local/lib/python3.10/site-packages/airflow/example_dags/example_datasets.py
[2024-02-06T22:29:17.971+0100] {processor.py:830} INFO - Processing file /home/ubuntu/.local/lib/python3.10/site-packages/airflow/example_dags/example_datasets.py for tasks to queue
[2024-02-06T22:29:17.978+0100] {logging_mixin.py:188} INFO - [2024-02-06T22:29:17.976+0100] {dagbag.py:538} INFO - Filling up the DagBag from /home/ubuntu/.local/lib/python3.10/site-packages/airflow/example_dags/example_datasets.py
[2024-02-06T22:29:18.202+0100] {processor.py:840} INFO - DAG(s) 'dataset_produces_2', 'dataset_consumes_unknown_never_scheduled', 'dataset_consumes_1_never_scheduled', 'dataset_consumes_1', 'dataset_consumes_1_and_2', 'dataset_produces_1' retrieved from /home/ubuntu/.local/lib/python3.10/site-packages/airflow/example_dags/example_datasets.py
[2024-02-06T22:29:19.201+0100] {logging_mixin.py:188} INFO - [2024-02-06T22:29:19.200+0100] {dag.py:3036} INFO - Sync 6 DAGs
[2024-02-06T22:29:19.420+0100] {logging_mixin.py:188} INFO - [2024-02-06T22:29:19.419+0100] {dag.py:3823} INFO - Setting next_dagrun for dataset_consumes_1 to None, run_after=None
[2024-02-06T22:29:19.441+0100] {logging_mixin.py:188} INFO - [2024-02-06T22:29:19.440+0100] {dag.py:3823} INFO - Setting next_dagrun for dataset_consumes_1_and_2 to None, run_after=None
[2024-02-06T22:29:19.476+0100] {logging_mixin.py:188} INFO - [2024-02-06T22:29:19.472+0100] {dag.py:3823} INFO - Setting next_dagrun for dataset_consumes_1_never_scheduled to None, run_after=None
[2024-02-06T22:29:19.587+0100] {logging_mixin.py:188} INFO - [2024-02-06T22:29:19.583+0100] {dag.py:3823} INFO - Setting next_dagrun for dataset_consumes_unknown_never_scheduled to None, run_after=None
[2024-02-06T22:29:19.618+0100] {logging_mixin.py:188} INFO - [2024-02-06T22:29:19.617+0100] {dag.py:3823} INFO - Setting next_dagrun for dataset_produces_1 to 2024-02-05 00:00:00+00:00, run_after=2024-02-06 00:00:00+00:00
[2024-02-06T22:29:19.628+0100] {logging_mixin.py:188} INFO - [2024-02-06T22:29:19.628+0100] {dag.py:3823} INFO - Setting next_dagrun for dataset_produces_2 to None, run_after=None
[2024-02-06T22:29:19.973+0100] {processor.py:183} INFO - Processing /home/ubuntu/.local/lib/python3.10/site-packages/airflow/example_dags/example_datasets.py took 2.061 seconds
[2024-02-06T22:36:06.299+0100] {processor.py:161} INFO - Started process (PID=55888) to work on /home/ubuntu/.local/lib/python3.10/site-packages/airflow/example_dags/example_datasets.py
[2024-02-06T22:36:06.309+0100] {processor.py:830} INFO - Processing file /home/ubuntu/.local/lib/python3.10/site-packages/airflow/example_dags/example_datasets.py for tasks to queue
[2024-02-06T22:36:06.317+0100] {logging_mixin.py:188} INFO - [2024-02-06T22:36:06.311+0100] {dagbag.py:538} INFO - Filling up the DagBag from /home/ubuntu/.local/lib/python3.10/site-packages/airflow/example_dags/example_datasets.py
[2024-02-06T22:36:06.392+0100] {processor.py:840} INFO - DAG(s) 'dataset_produces_2', 'dataset_consumes_1_and_2', 'dataset_produces_1', 'dataset_consumes_1_never_scheduled', 'dataset_consumes_unknown_never_scheduled', 'dataset_consumes_1' retrieved from /home/ubuntu/.local/lib/python3.10/site-packages/airflow/example_dags/example_datasets.py
[2024-02-06T22:36:06.660+0100] {logging_mixin.py:188} INFO - [2024-02-06T22:36:06.659+0100] {dag.py:3036} INFO - Sync 6 DAGs
[2024-02-06T22:36:06.720+0100] {logging_mixin.py:188} INFO - [2024-02-06T22:36:06.720+0100] {dag.py:3823} INFO - Setting next_dagrun for dataset_consumes_1 to None, run_after=None
[2024-02-06T22:36:06.724+0100] {logging_mixin.py:188} INFO - [2024-02-06T22:36:06.724+0100] {dag.py:3823} INFO - Setting next_dagrun for dataset_consumes_1_and_2 to None, run_after=None
[2024-02-06T22:36:06.726+0100] {logging_mixin.py:188} INFO - [2024-02-06T22:36:06.726+0100] {dag.py:3823} INFO - Setting next_dagrun for dataset_consumes_1_never_scheduled to None, run_after=None
[2024-02-06T22:36:06.728+0100] {logging_mixin.py:188} INFO - [2024-02-06T22:36:06.728+0100] {dag.py:3823} INFO - Setting next_dagrun for dataset_consumes_unknown_never_scheduled to None, run_after=None
[2024-02-06T22:36:06.744+0100] {logging_mixin.py:188} INFO - [2024-02-06T22:36:06.741+0100] {dag.py:3823} INFO - Setting next_dagrun for dataset_produces_1 to 2024-02-05 00:00:00+00:00, run_after=2024-02-06 00:00:00+00:00
[2024-02-06T22:36:06.766+0100] {logging_mixin.py:188} INFO - [2024-02-06T22:36:06.765+0100] {dag.py:3823} INFO - Setting next_dagrun for dataset_produces_2 to None, run_after=None
[2024-02-06T22:36:07.038+0100] {processor.py:183} INFO - Processing /home/ubuntu/.local/lib/python3.10/site-packages/airflow/example_dags/example_datasets.py took 0.752 seconds
[2024-02-06T23:15:15.113+0100] {processor.py:161} INFO - Started process (PID=64714) to work on /home/ubuntu/.local/lib/python3.10/site-packages/airflow/example_dags/example_datasets.py
[2024-02-06T23:15:15.131+0100] {processor.py:830} INFO - Processing file /home/ubuntu/.local/lib/python3.10/site-packages/airflow/example_dags/example_datasets.py for tasks to queue
[2024-02-06T23:15:15.140+0100] {logging_mixin.py:188} INFO - [2024-02-06T23:15:15.137+0100] {dagbag.py:538} INFO - Filling up the DagBag from /home/ubuntu/.local/lib/python3.10/site-packages/airflow/example_dags/example_datasets.py
[2024-02-06T23:15:15.347+0100] {processor.py:840} INFO - DAG(s) 'dataset_consumes_1', 'dataset_consumes_1_and_2', 'dataset_produces_1', 'dataset_consumes_1_never_scheduled', 'dataset_produces_2', 'dataset_consumes_unknown_never_scheduled' retrieved from /home/ubuntu/.local/lib/python3.10/site-packages/airflow/example_dags/example_datasets.py
[2024-02-06T23:15:18.869+0100] {logging_mixin.py:188} INFO - [2024-02-06T23:15:18.869+0100] {dag.py:3036} INFO - Sync 6 DAGs
[2024-02-06T23:15:19.091+0100] {logging_mixin.py:188} INFO - [2024-02-06T23:15:19.090+0100] {dag.py:3823} INFO - Setting next_dagrun for dataset_consumes_1 to None, run_after=None
[2024-02-06T23:15:19.102+0100] {logging_mixin.py:188} INFO - [2024-02-06T23:15:19.102+0100] {dag.py:3823} INFO - Setting next_dagrun for dataset_consumes_1_and_2 to None, run_after=None
[2024-02-06T23:15:19.106+0100] {logging_mixin.py:188} INFO - [2024-02-06T23:15:19.105+0100] {dag.py:3823} INFO - Setting next_dagrun for dataset_consumes_1_never_scheduled to None, run_after=None
[2024-02-06T23:15:19.126+0100] {logging_mixin.py:188} INFO - [2024-02-06T23:15:19.126+0100] {dag.py:3823} INFO - Setting next_dagrun for dataset_consumes_unknown_never_scheduled to None, run_after=None
[2024-02-06T23:15:19.142+0100] {logging_mixin.py:188} INFO - [2024-02-06T23:15:19.142+0100] {dag.py:3823} INFO - Setting next_dagrun for dataset_produces_1 to 2024-02-05 00:00:00+00:00, run_after=2024-02-06 00:00:00+00:00
[2024-02-06T23:15:19.145+0100] {logging_mixin.py:188} INFO - [2024-02-06T23:15:19.145+0100] {dag.py:3823} INFO - Setting next_dagrun for dataset_produces_2 to None, run_after=None
[2024-02-06T23:15:19.634+0100] {processor.py:183} INFO - Processing /home/ubuntu/.local/lib/python3.10/site-packages/airflow/example_dags/example_datasets.py took 4.533 seconds
[2024-02-06T23:30:38.134+0100] {processor.py:161} INFO - Started process (PID=73170) to work on /home/ubuntu/.local/lib/python3.10/site-packages/airflow/example_dags/example_datasets.py
[2024-02-06T23:30:38.141+0100] {processor.py:830} INFO - Processing file /home/ubuntu/.local/lib/python3.10/site-packages/airflow/example_dags/example_datasets.py for tasks to queue
[2024-02-06T23:30:38.144+0100] {logging_mixin.py:188} INFO - [2024-02-06T23:30:38.142+0100] {dagbag.py:538} INFO - Filling up the DagBag from /home/ubuntu/.local/lib/python3.10/site-packages/airflow/example_dags/example_datasets.py
[2024-02-06T23:30:38.218+0100] {processor.py:840} INFO - DAG(s) 'dataset_produces_1', 'dataset_produces_2', 'dataset_consumes_1_never_scheduled', 'dataset_consumes_1', 'dataset_consumes_unknown_never_scheduled', 'dataset_consumes_1_and_2' retrieved from /home/ubuntu/.local/lib/python3.10/site-packages/airflow/example_dags/example_datasets.py
[2024-02-06T23:30:39.224+0100] {logging_mixin.py:188} INFO - [2024-02-06T23:30:39.223+0100] {dag.py:3036} INFO - Sync 6 DAGs
[2024-02-06T23:30:39.371+0100] {logging_mixin.py:188} INFO - [2024-02-06T23:30:39.369+0100] {dag.py:3823} INFO - Setting next_dagrun for dataset_consumes_1 to None, run_after=None
[2024-02-06T23:30:39.461+0100] {logging_mixin.py:188} INFO - [2024-02-06T23:30:39.460+0100] {dag.py:3823} INFO - Setting next_dagrun for dataset_consumes_1_and_2 to None, run_after=None
[2024-02-06T23:30:39.470+0100] {logging_mixin.py:188} INFO - [2024-02-06T23:30:39.468+0100] {dag.py:3823} INFO - Setting next_dagrun for dataset_consumes_1_never_scheduled to None, run_after=None
[2024-02-06T23:30:39.476+0100] {logging_mixin.py:188} INFO - [2024-02-06T23:30:39.475+0100] {dag.py:3823} INFO - Setting next_dagrun for dataset_consumes_unknown_never_scheduled to None, run_after=None
[2024-02-06T23:30:39.487+0100] {logging_mixin.py:188} INFO - [2024-02-06T23:30:39.486+0100] {dag.py:3823} INFO - Setting next_dagrun for dataset_produces_1 to 2024-02-05 00:00:00+00:00, run_after=2024-02-06 00:00:00+00:00
[2024-02-06T23:30:39.490+0100] {logging_mixin.py:188} INFO - [2024-02-06T23:30:39.490+0100] {dag.py:3823} INFO - Setting next_dagrun for dataset_produces_2 to None, run_after=None
[2024-02-06T23:30:39.771+0100] {processor.py:183} INFO - Processing /home/ubuntu/.local/lib/python3.10/site-packages/airflow/example_dags/example_datasets.py took 1.644 seconds
