[2024-02-06T21:28:34.223+0100] {processor.py:161} INFO - Started process (PID=23931) to work on /home/ubuntu/.local/lib/python3.10/site-packages/airflow/example_dags/example_branch_python_dop_operator_3.py
[2024-02-06T21:28:34.225+0100] {processor.py:830} INFO - Processing file /home/ubuntu/.local/lib/python3.10/site-packages/airflow/example_dags/example_branch_python_dop_operator_3.py for tasks to queue
[2024-02-06T21:28:34.226+0100] {logging_mixin.py:188} INFO - [2024-02-06T21:28:34.226+0100] {dagbag.py:538} INFO - Filling up the DagBag from /home/ubuntu/.local/lib/python3.10/site-packages/airflow/example_dags/example_branch_python_dop_operator_3.py
[2024-02-06T21:28:34.240+0100] {processor.py:840} INFO - DAG(s) 'example_branch_dop_operator_v3' retrieved from /home/ubuntu/.local/lib/python3.10/site-packages/airflow/example_dags/example_branch_python_dop_operator_3.py
[2024-02-06T21:28:34.407+0100] {logging_mixin.py:188} INFO - [2024-02-06T21:28:34.406+0100] {dag.py:3036} INFO - Sync 1 DAGs
[2024-02-06T21:28:34.451+0100] {logging_mixin.py:188} INFO - [2024-02-06T21:28:34.451+0100] {dag.py:3823} INFO - Setting next_dagrun for example_branch_dop_operator_v3 to 2024-02-06 20:27:00+00:00, run_after=2024-02-06 20:28:00+00:00
[2024-02-06T21:28:34.529+0100] {processor.py:183} INFO - Processing /home/ubuntu/.local/lib/python3.10/site-packages/airflow/example_dags/example_branch_python_dop_operator_3.py took 0.311 seconds
[2024-02-06T21:29:58.253+0100] {processor.py:161} INFO - Started process (PID=24592) to work on /home/ubuntu/.local/lib/python3.10/site-packages/airflow/example_dags/example_branch_python_dop_operator_3.py
[2024-02-06T21:29:58.257+0100] {processor.py:830} INFO - Processing file /home/ubuntu/.local/lib/python3.10/site-packages/airflow/example_dags/example_branch_python_dop_operator_3.py for tasks to queue
[2024-02-06T21:29:58.260+0100] {logging_mixin.py:188} INFO - [2024-02-06T21:29:58.258+0100] {dagbag.py:538} INFO - Filling up the DagBag from /home/ubuntu/.local/lib/python3.10/site-packages/airflow/example_dags/example_branch_python_dop_operator_3.py
[2024-02-06T21:29:58.282+0100] {processor.py:840} INFO - DAG(s) 'example_branch_dop_operator_v3' retrieved from /home/ubuntu/.local/lib/python3.10/site-packages/airflow/example_dags/example_branch_python_dop_operator_3.py
[2024-02-06T21:29:58.323+0100] {logging_mixin.py:188} INFO - [2024-02-06T21:29:58.323+0100] {dag.py:3036} INFO - Sync 1 DAGs
[2024-02-06T21:29:58.422+0100] {logging_mixin.py:188} INFO - [2024-02-06T21:29:58.421+0100] {dag.py:3823} INFO - Setting next_dagrun for example_branch_dop_operator_v3 to 2024-02-06 20:28:00+00:00, run_after=2024-02-06 20:29:00+00:00
[2024-02-06T21:29:58.494+0100] {processor.py:183} INFO - Processing /home/ubuntu/.local/lib/python3.10/site-packages/airflow/example_dags/example_branch_python_dop_operator_3.py took 0.249 seconds
[2024-02-06T21:31:36.249+0100] {processor.py:161} INFO - Started process (PID=25035) to work on /home/ubuntu/.local/lib/python3.10/site-packages/airflow/example_dags/example_branch_python_dop_operator_3.py
[2024-02-06T21:31:36.273+0100] {processor.py:830} INFO - Processing file /home/ubuntu/.local/lib/python3.10/site-packages/airflow/example_dags/example_branch_python_dop_operator_3.py for tasks to queue
[2024-02-06T21:31:36.278+0100] {logging_mixin.py:188} INFO - [2024-02-06T21:31:36.275+0100] {dagbag.py:538} INFO - Filling up the DagBag from /home/ubuntu/.local/lib/python3.10/site-packages/airflow/example_dags/example_branch_python_dop_operator_3.py
[2024-02-06T21:31:36.302+0100] {processor.py:840} INFO - DAG(s) 'example_branch_dop_operator_v3' retrieved from /home/ubuntu/.local/lib/python3.10/site-packages/airflow/example_dags/example_branch_python_dop_operator_3.py
[2024-02-06T21:31:36.349+0100] {logging_mixin.py:188} INFO - [2024-02-06T21:31:36.349+0100] {dag.py:3036} INFO - Sync 1 DAGs
[2024-02-06T21:31:36.471+0100] {logging_mixin.py:188} INFO - [2024-02-06T21:31:36.470+0100] {dag.py:3823} INFO - Setting next_dagrun for example_branch_dop_operator_v3 to 2024-02-06 20:30:00+00:00, run_after=2024-02-06 20:31:00+00:00
[2024-02-06T21:31:36.551+0100] {processor.py:183} INFO - Processing /home/ubuntu/.local/lib/python3.10/site-packages/airflow/example_dags/example_branch_python_dop_operator_3.py took 0.310 seconds
[2024-02-06T21:32:50.463+0100] {processor.py:161} INFO - Started process (PID=25292) to work on /home/ubuntu/.local/lib/python3.10/site-packages/airflow/example_dags/example_branch_python_dop_operator_3.py
[2024-02-06T21:32:50.472+0100] {processor.py:830} INFO - Processing file /home/ubuntu/.local/lib/python3.10/site-packages/airflow/example_dags/example_branch_python_dop_operator_3.py for tasks to queue
[2024-02-06T21:32:50.476+0100] {logging_mixin.py:188} INFO - [2024-02-06T21:32:50.475+0100] {dagbag.py:538} INFO - Filling up the DagBag from /home/ubuntu/.local/lib/python3.10/site-packages/airflow/example_dags/example_branch_python_dop_operator_3.py
[2024-02-06T21:32:50.495+0100] {processor.py:840} INFO - DAG(s) 'example_branch_dop_operator_v3' retrieved from /home/ubuntu/.local/lib/python3.10/site-packages/airflow/example_dags/example_branch_python_dop_operator_3.py
[2024-02-06T21:32:50.526+0100] {logging_mixin.py:188} INFO - [2024-02-06T21:32:50.525+0100] {dag.py:3036} INFO - Sync 1 DAGs
[2024-02-06T21:32:50.576+0100] {logging_mixin.py:188} INFO - [2024-02-06T21:32:50.575+0100] {dag.py:3823} INFO - Setting next_dagrun for example_branch_dop_operator_v3 to 2024-02-06 20:31:00+00:00, run_after=2024-02-06 20:32:00+00:00
[2024-02-06T21:32:50.643+0100] {processor.py:183} INFO - Processing /home/ubuntu/.local/lib/python3.10/site-packages/airflow/example_dags/example_branch_python_dop_operator_3.py took 0.187 seconds
[2024-02-06T21:40:40.508+0100] {processor.py:161} INFO - Started process (PID=27783) to work on /home/ubuntu/.local/lib/python3.10/site-packages/airflow/example_dags/example_branch_python_dop_operator_3.py
[2024-02-06T21:40:40.513+0100] {processor.py:830} INFO - Processing file /home/ubuntu/.local/lib/python3.10/site-packages/airflow/example_dags/example_branch_python_dop_operator_3.py for tasks to queue
[2024-02-06T21:40:40.514+0100] {logging_mixin.py:188} INFO - [2024-02-06T21:40:40.513+0100] {dagbag.py:538} INFO - Filling up the DagBag from /home/ubuntu/.local/lib/python3.10/site-packages/airflow/example_dags/example_branch_python_dop_operator_3.py
[2024-02-06T21:40:40.530+0100] {processor.py:840} INFO - DAG(s) 'example_branch_dop_operator_v3' retrieved from /home/ubuntu/.local/lib/python3.10/site-packages/airflow/example_dags/example_branch_python_dop_operator_3.py
[2024-02-06T21:40:40.728+0100] {logging_mixin.py:188} INFO - [2024-02-06T21:40:40.727+0100] {dag.py:3036} INFO - Sync 1 DAGs
[2024-02-06T21:40:40.785+0100] {logging_mixin.py:188} INFO - [2024-02-06T21:40:40.785+0100] {dag.py:3823} INFO - Setting next_dagrun for example_branch_dop_operator_v3 to 2024-02-06 20:39:00+00:00, run_after=2024-02-06 20:40:00+00:00
[2024-02-06T21:40:40.860+0100] {processor.py:183} INFO - Processing /home/ubuntu/.local/lib/python3.10/site-packages/airflow/example_dags/example_branch_python_dop_operator_3.py took 0.362 seconds
[2024-02-06T21:41:19.251+0100] {processor.py:161} INFO - Started process (PID=27963) to work on /home/ubuntu/.local/lib/python3.10/site-packages/airflow/example_dags/example_branch_python_dop_operator_3.py
[2024-02-06T21:41:19.254+0100] {processor.py:830} INFO - Processing file /home/ubuntu/.local/lib/python3.10/site-packages/airflow/example_dags/example_branch_python_dop_operator_3.py for tasks to queue
[2024-02-06T21:41:19.256+0100] {logging_mixin.py:188} INFO - [2024-02-06T21:41:19.255+0100] {dagbag.py:538} INFO - Filling up the DagBag from /home/ubuntu/.local/lib/python3.10/site-packages/airflow/example_dags/example_branch_python_dop_operator_3.py
[2024-02-06T21:41:19.274+0100] {processor.py:840} INFO - DAG(s) 'example_branch_dop_operator_v3' retrieved from /home/ubuntu/.local/lib/python3.10/site-packages/airflow/example_dags/example_branch_python_dop_operator_3.py
[2024-02-06T21:41:19.303+0100] {logging_mixin.py:188} INFO - [2024-02-06T21:41:19.302+0100] {dag.py:3036} INFO - Sync 1 DAGs
[2024-02-06T21:41:19.352+0100] {logging_mixin.py:188} INFO - [2024-02-06T21:41:19.351+0100] {dag.py:3823} INFO - Setting next_dagrun for example_branch_dop_operator_v3 to 2024-02-06 20:40:00+00:00, run_after=2024-02-06 20:41:00+00:00
[2024-02-06T21:41:19.436+0100] {processor.py:183} INFO - Processing /home/ubuntu/.local/lib/python3.10/site-packages/airflow/example_dags/example_branch_python_dop_operator_3.py took 0.191 seconds
[2024-02-06T21:41:56.334+0100] {processor.py:161} INFO - Started process (PID=28188) to work on /home/ubuntu/.local/lib/python3.10/site-packages/airflow/example_dags/example_branch_python_dop_operator_3.py
[2024-02-06T21:41:56.336+0100] {processor.py:830} INFO - Processing file /home/ubuntu/.local/lib/python3.10/site-packages/airflow/example_dags/example_branch_python_dop_operator_3.py for tasks to queue
[2024-02-06T21:41:56.338+0100] {logging_mixin.py:188} INFO - [2024-02-06T21:41:56.337+0100] {dagbag.py:538} INFO - Filling up the DagBag from /home/ubuntu/.local/lib/python3.10/site-packages/airflow/example_dags/example_branch_python_dop_operator_3.py
[2024-02-06T21:41:56.356+0100] {processor.py:840} INFO - DAG(s) 'example_branch_dop_operator_v3' retrieved from /home/ubuntu/.local/lib/python3.10/site-packages/airflow/example_dags/example_branch_python_dop_operator_3.py
[2024-02-06T21:41:56.384+0100] {logging_mixin.py:188} INFO - [2024-02-06T21:41:56.383+0100] {dag.py:3036} INFO - Sync 1 DAGs
[2024-02-06T21:41:56.420+0100] {logging_mixin.py:188} INFO - [2024-02-06T21:41:56.420+0100] {dag.py:3823} INFO - Setting next_dagrun for example_branch_dop_operator_v3 to 2024-02-06 20:40:00+00:00, run_after=2024-02-06 20:41:00+00:00
[2024-02-06T21:41:56.473+0100] {processor.py:183} INFO - Processing /home/ubuntu/.local/lib/python3.10/site-packages/airflow/example_dags/example_branch_python_dop_operator_3.py took 0.145 seconds
[2024-02-06T21:42:51.779+0100] {processor.py:161} INFO - Started process (PID=28502) to work on /home/ubuntu/.local/lib/python3.10/site-packages/airflow/example_dags/example_branch_python_dop_operator_3.py
[2024-02-06T21:42:51.782+0100] {processor.py:830} INFO - Processing file /home/ubuntu/.local/lib/python3.10/site-packages/airflow/example_dags/example_branch_python_dop_operator_3.py for tasks to queue
[2024-02-06T21:42:51.784+0100] {logging_mixin.py:188} INFO - [2024-02-06T21:42:51.783+0100] {dagbag.py:538} INFO - Filling up the DagBag from /home/ubuntu/.local/lib/python3.10/site-packages/airflow/example_dags/example_branch_python_dop_operator_3.py
[2024-02-06T21:42:51.800+0100] {processor.py:840} INFO - DAG(s) 'example_branch_dop_operator_v3' retrieved from /home/ubuntu/.local/lib/python3.10/site-packages/airflow/example_dags/example_branch_python_dop_operator_3.py
[2024-02-06T21:42:51.827+0100] {logging_mixin.py:188} INFO - [2024-02-06T21:42:51.826+0100] {dag.py:3036} INFO - Sync 1 DAGs
[2024-02-06T21:42:51.864+0100] {logging_mixin.py:188} INFO - [2024-02-06T21:42:51.864+0100] {dag.py:3823} INFO - Setting next_dagrun for example_branch_dop_operator_v3 to 2024-02-06 20:41:00+00:00, run_after=2024-02-06 20:42:00+00:00
[2024-02-06T21:42:51.925+0100] {processor.py:183} INFO - Processing /home/ubuntu/.local/lib/python3.10/site-packages/airflow/example_dags/example_branch_python_dop_operator_3.py took 0.153 seconds
[2024-02-06T21:43:11.925+0100] {processor.py:161} INFO - Started process (PID=28640) to work on /home/ubuntu/.local/lib/python3.10/site-packages/airflow/example_dags/example_branch_python_dop_operator_3.py
[2024-02-06T21:43:11.926+0100] {processor.py:830} INFO - Processing file /home/ubuntu/.local/lib/python3.10/site-packages/airflow/example_dags/example_branch_python_dop_operator_3.py for tasks to queue
[2024-02-06T21:43:11.928+0100] {logging_mixin.py:188} INFO - [2024-02-06T21:43:11.927+0100] {dagbag.py:538} INFO - Filling up the DagBag from /home/ubuntu/.local/lib/python3.10/site-packages/airflow/example_dags/example_branch_python_dop_operator_3.py
[2024-02-06T21:43:11.947+0100] {processor.py:840} INFO - DAG(s) 'example_branch_dop_operator_v3' retrieved from /home/ubuntu/.local/lib/python3.10/site-packages/airflow/example_dags/example_branch_python_dop_operator_3.py
[2024-02-06T21:43:12.033+0100] {logging_mixin.py:188} INFO - [2024-02-06T21:43:12.033+0100] {dag.py:3036} INFO - Sync 1 DAGs
[2024-02-06T21:43:12.082+0100] {logging_mixin.py:188} INFO - [2024-02-06T21:43:12.081+0100] {dag.py:3823} INFO - Setting next_dagrun for example_branch_dop_operator_v3 to 2024-02-06 20:42:00+00:00, run_after=2024-02-06 20:43:00+00:00
[2024-02-06T21:43:12.178+0100] {processor.py:183} INFO - Processing /home/ubuntu/.local/lib/python3.10/site-packages/airflow/example_dags/example_branch_python_dop_operator_3.py took 0.260 seconds
[2024-02-06T21:44:00.936+0100] {processor.py:161} INFO - Started process (PID=28925) to work on /home/ubuntu/.local/lib/python3.10/site-packages/airflow/example_dags/example_branch_python_dop_operator_3.py
[2024-02-06T21:44:00.940+0100] {processor.py:830} INFO - Processing file /home/ubuntu/.local/lib/python3.10/site-packages/airflow/example_dags/example_branch_python_dop_operator_3.py for tasks to queue
[2024-02-06T21:44:00.943+0100] {logging_mixin.py:188} INFO - [2024-02-06T21:44:00.942+0100] {dagbag.py:538} INFO - Filling up the DagBag from /home/ubuntu/.local/lib/python3.10/site-packages/airflow/example_dags/example_branch_python_dop_operator_3.py
[2024-02-06T21:44:00.965+0100] {processor.py:840} INFO - DAG(s) 'example_branch_dop_operator_v3' retrieved from /home/ubuntu/.local/lib/python3.10/site-packages/airflow/example_dags/example_branch_python_dop_operator_3.py
[2024-02-06T21:44:00.997+0100] {logging_mixin.py:188} INFO - [2024-02-06T21:44:00.996+0100] {dag.py:3036} INFO - Sync 1 DAGs
[2024-02-06T21:44:01.033+0100] {logging_mixin.py:188} INFO - [2024-02-06T21:44:01.033+0100] {dag.py:3823} INFO - Setting next_dagrun for example_branch_dop_operator_v3 to 2024-02-06 20:43:00+00:00, run_after=2024-02-06 20:44:00+00:00
[2024-02-06T21:44:01.089+0100] {processor.py:183} INFO - Processing /home/ubuntu/.local/lib/python3.10/site-packages/airflow/example_dags/example_branch_python_dop_operator_3.py took 0.159 seconds
[2024-02-06T21:44:20.406+0100] {processor.py:161} INFO - Started process (PID=28999) to work on /home/ubuntu/.local/lib/python3.10/site-packages/airflow/example_dags/example_branch_python_dop_operator_3.py
[2024-02-06T21:44:20.411+0100] {processor.py:830} INFO - Processing file /home/ubuntu/.local/lib/python3.10/site-packages/airflow/example_dags/example_branch_python_dop_operator_3.py for tasks to queue
[2024-02-06T21:44:20.414+0100] {logging_mixin.py:188} INFO - [2024-02-06T21:44:20.412+0100] {dagbag.py:538} INFO - Filling up the DagBag from /home/ubuntu/.local/lib/python3.10/site-packages/airflow/example_dags/example_branch_python_dop_operator_3.py
[2024-02-06T21:44:20.459+0100] {processor.py:840} INFO - DAG(s) 'example_branch_dop_operator_v3' retrieved from /home/ubuntu/.local/lib/python3.10/site-packages/airflow/example_dags/example_branch_python_dop_operator_3.py
[2024-02-06T21:44:20.519+0100] {logging_mixin.py:188} INFO - [2024-02-06T21:44:20.518+0100] {dag.py:3036} INFO - Sync 1 DAGs
[2024-02-06T21:44:20.649+0100] {logging_mixin.py:188} INFO - [2024-02-06T21:44:20.649+0100] {dag.py:3823} INFO - Setting next_dagrun for example_branch_dop_operator_v3 to 2024-02-06 20:43:00+00:00, run_after=2024-02-06 20:44:00+00:00
[2024-02-06T21:44:20.772+0100] {processor.py:183} INFO - Processing /home/ubuntu/.local/lib/python3.10/site-packages/airflow/example_dags/example_branch_python_dop_operator_3.py took 0.392 seconds
[2024-02-06T21:45:17.718+0100] {processor.py:161} INFO - Started process (PID=29354) to work on /home/ubuntu/.local/lib/python3.10/site-packages/airflow/example_dags/example_branch_python_dop_operator_3.py
[2024-02-06T21:45:17.722+0100] {processor.py:830} INFO - Processing file /home/ubuntu/.local/lib/python3.10/site-packages/airflow/example_dags/example_branch_python_dop_operator_3.py for tasks to queue
[2024-02-06T21:45:17.724+0100] {logging_mixin.py:188} INFO - [2024-02-06T21:45:17.724+0100] {dagbag.py:538} INFO - Filling up the DagBag from /home/ubuntu/.local/lib/python3.10/site-packages/airflow/example_dags/example_branch_python_dop_operator_3.py
[2024-02-06T21:45:17.726+0100] {processor.py:842} WARNING - No viable dags retrieved from /home/ubuntu/.local/lib/python3.10/site-packages/airflow/example_dags/example_branch_python_dop_operator_3.py
[2024-02-06T21:45:17.743+0100] {processor.py:183} INFO - Processing /home/ubuntu/.local/lib/python3.10/site-packages/airflow/example_dags/example_branch_python_dop_operator_3.py took 0.035 seconds
[2024-02-06T21:54:35.807+0100] {processor.py:161} INFO - Started process (PID=31377) to work on /home/ubuntu/.local/lib/python3.10/site-packages/airflow/example_dags/example_branch_python_dop_operator_3.py
[2024-02-06T21:54:35.819+0100] {processor.py:830} INFO - Processing file /home/ubuntu/.local/lib/python3.10/site-packages/airflow/example_dags/example_branch_python_dop_operator_3.py for tasks to queue
[2024-02-06T21:54:35.822+0100] {logging_mixin.py:188} INFO - [2024-02-06T21:54:35.821+0100] {dagbag.py:538} INFO - Filling up the DagBag from /home/ubuntu/.local/lib/python3.10/site-packages/airflow/example_dags/example_branch_python_dop_operator_3.py
[2024-02-06T21:54:35.852+0100] {processor.py:840} INFO - DAG(s) 'example_branch_dop_operator_v3' retrieved from /home/ubuntu/.local/lib/python3.10/site-packages/airflow/example_dags/example_branch_python_dop_operator_3.py
[2024-02-06T21:54:36.331+0100] {logging_mixin.py:188} INFO - [2024-02-06T21:54:36.326+0100] {dag.py:3036} INFO - Sync 1 DAGs
[2024-02-06T21:54:36.686+0100] {logging_mixin.py:188} INFO - [2024-02-06T21:54:36.686+0100] {dag.py:3823} INFO - Setting next_dagrun for example_branch_dop_operator_v3 to 2024-02-06 20:53:00+00:00, run_after=2024-02-06 20:54:00+00:00
[2024-02-06T21:54:36.900+0100] {processor.py:183} INFO - Processing /home/ubuntu/.local/lib/python3.10/site-packages/airflow/example_dags/example_branch_python_dop_operator_3.py took 1.101 seconds
[2024-02-06T21:56:07.805+0100] {processor.py:161} INFO - Started process (PID=32216) to work on /home/ubuntu/.local/lib/python3.10/site-packages/airflow/example_dags/example_branch_python_dop_operator_3.py
[2024-02-06T21:56:07.808+0100] {processor.py:830} INFO - Processing file /home/ubuntu/.local/lib/python3.10/site-packages/airflow/example_dags/example_branch_python_dop_operator_3.py for tasks to queue
[2024-02-06T21:56:07.811+0100] {logging_mixin.py:188} INFO - [2024-02-06T21:56:07.810+0100] {dagbag.py:538} INFO - Filling up the DagBag from /home/ubuntu/.local/lib/python3.10/site-packages/airflow/example_dags/example_branch_python_dop_operator_3.py
[2024-02-06T21:56:07.842+0100] {processor.py:840} INFO - DAG(s) 'example_branch_dop_operator_v3' retrieved from /home/ubuntu/.local/lib/python3.10/site-packages/airflow/example_dags/example_branch_python_dop_operator_3.py
[2024-02-06T21:56:07.900+0100] {logging_mixin.py:188} INFO - [2024-02-06T21:56:07.899+0100] {dag.py:3036} INFO - Sync 1 DAGs
[2024-02-06T21:56:08.015+0100] {logging_mixin.py:188} INFO - [2024-02-06T21:56:08.015+0100] {dag.py:3823} INFO - Setting next_dagrun for example_branch_dop_operator_v3 to 2024-02-06 20:55:00+00:00, run_after=2024-02-06 20:56:00+00:00
[2024-02-06T21:56:08.185+0100] {processor.py:183} INFO - Processing /home/ubuntu/.local/lib/python3.10/site-packages/airflow/example_dags/example_branch_python_dop_operator_3.py took 0.388 seconds
[2024-02-06T21:56:40.271+0100] {processor.py:161} INFO - Started process (PID=32447) to work on /home/ubuntu/.local/lib/python3.10/site-packages/airflow/example_dags/example_branch_python_dop_operator_3.py
[2024-02-06T21:56:40.273+0100] {processor.py:830} INFO - Processing file /home/ubuntu/.local/lib/python3.10/site-packages/airflow/example_dags/example_branch_python_dop_operator_3.py for tasks to queue
[2024-02-06T21:56:40.275+0100] {logging_mixin.py:188} INFO - [2024-02-06T21:56:40.274+0100] {dagbag.py:538} INFO - Filling up the DagBag from /home/ubuntu/.local/lib/python3.10/site-packages/airflow/example_dags/example_branch_python_dop_operator_3.py
[2024-02-06T21:56:40.299+0100] {processor.py:840} INFO - DAG(s) 'example_branch_dop_operator_v3' retrieved from /home/ubuntu/.local/lib/python3.10/site-packages/airflow/example_dags/example_branch_python_dop_operator_3.py
[2024-02-06T21:56:40.334+0100] {logging_mixin.py:188} INFO - [2024-02-06T21:56:40.333+0100] {dag.py:3036} INFO - Sync 1 DAGs
[2024-02-06T21:56:40.387+0100] {logging_mixin.py:188} INFO - [2024-02-06T21:56:40.386+0100] {dag.py:3823} INFO - Setting next_dagrun for example_branch_dop_operator_v3 to 2024-02-06 20:55:00+00:00, run_after=2024-02-06 20:56:00+00:00
[2024-02-06T21:56:40.442+0100] {processor.py:183} INFO - Processing /home/ubuntu/.local/lib/python3.10/site-packages/airflow/example_dags/example_branch_python_dop_operator_3.py took 0.178 seconds
[2024-02-06T21:57:42.282+0100] {processor.py:161} INFO - Started process (PID=32945) to work on /home/ubuntu/.local/lib/python3.10/site-packages/airflow/example_dags/example_branch_python_dop_operator_3.py
[2024-02-06T21:57:42.286+0100] {processor.py:830} INFO - Processing file /home/ubuntu/.local/lib/python3.10/site-packages/airflow/example_dags/example_branch_python_dop_operator_3.py for tasks to queue
[2024-02-06T21:57:42.295+0100] {logging_mixin.py:188} INFO - [2024-02-06T21:57:42.294+0100] {dagbag.py:538} INFO - Filling up the DagBag from /home/ubuntu/.local/lib/python3.10/site-packages/airflow/example_dags/example_branch_python_dop_operator_3.py
[2024-02-06T21:57:42.320+0100] {processor.py:840} INFO - DAG(s) 'example_branch_dop_operator_v3' retrieved from /home/ubuntu/.local/lib/python3.10/site-packages/airflow/example_dags/example_branch_python_dop_operator_3.py
[2024-02-06T21:57:42.361+0100] {logging_mixin.py:188} INFO - [2024-02-06T21:57:42.361+0100] {dag.py:3036} INFO - Sync 1 DAGs
[2024-02-06T21:57:42.488+0100] {logging_mixin.py:188} INFO - [2024-02-06T21:57:42.487+0100] {dag.py:3823} INFO - Setting next_dagrun for example_branch_dop_operator_v3 to 2024-02-06 20:56:00+00:00, run_after=2024-02-06 20:57:00+00:00
[2024-02-06T21:57:42.614+0100] {processor.py:183} INFO - Processing /home/ubuntu/.local/lib/python3.10/site-packages/airflow/example_dags/example_branch_python_dop_operator_3.py took 0.341 seconds
[2024-02-06T21:58:07.715+0100] {processor.py:161} INFO - Started process (PID=33243) to work on /home/ubuntu/.local/lib/python3.10/site-packages/airflow/example_dags/example_branch_python_dop_operator_3.py
[2024-02-06T21:58:07.718+0100] {processor.py:830} INFO - Processing file /home/ubuntu/.local/lib/python3.10/site-packages/airflow/example_dags/example_branch_python_dop_operator_3.py for tasks to queue
[2024-02-06T21:58:07.720+0100] {logging_mixin.py:188} INFO - [2024-02-06T21:58:07.719+0100] {dagbag.py:538} INFO - Filling up the DagBag from /home/ubuntu/.local/lib/python3.10/site-packages/airflow/example_dags/example_branch_python_dop_operator_3.py
[2024-02-06T21:58:07.766+0100] {processor.py:840} INFO - DAG(s) 'example_branch_dop_operator_v3' retrieved from /home/ubuntu/.local/lib/python3.10/site-packages/airflow/example_dags/example_branch_python_dop_operator_3.py
[2024-02-06T21:58:08.504+0100] {logging_mixin.py:188} INFO - [2024-02-06T21:58:08.433+0100] {dag.py:3036} INFO - Sync 1 DAGs
[2024-02-06T21:58:08.735+0100] {logging_mixin.py:188} INFO - [2024-02-06T21:58:08.734+0100] {dag.py:3823} INFO - Setting next_dagrun for example_branch_dop_operator_v3 to 2024-02-06 20:57:00+00:00, run_after=2024-02-06 20:58:00+00:00
[2024-02-06T21:58:08.808+0100] {processor.py:183} INFO - Processing /home/ubuntu/.local/lib/python3.10/site-packages/airflow/example_dags/example_branch_python_dop_operator_3.py took 1.163 seconds
[2024-02-06T21:59:46.686+0100] {processor.py:161} INFO - Started process (PID=34186) to work on /home/ubuntu/.local/lib/python3.10/site-packages/airflow/example_dags/example_branch_python_dop_operator_3.py
[2024-02-06T21:59:46.691+0100] {processor.py:830} INFO - Processing file /home/ubuntu/.local/lib/python3.10/site-packages/airflow/example_dags/example_branch_python_dop_operator_3.py for tasks to queue
[2024-02-06T21:59:46.695+0100] {logging_mixin.py:188} INFO - [2024-02-06T21:59:46.692+0100] {dagbag.py:538} INFO - Filling up the DagBag from /home/ubuntu/.local/lib/python3.10/site-packages/airflow/example_dags/example_branch_python_dop_operator_3.py
[2024-02-06T21:59:46.733+0100] {processor.py:840} INFO - DAG(s) 'example_branch_dop_operator_v3' retrieved from /home/ubuntu/.local/lib/python3.10/site-packages/airflow/example_dags/example_branch_python_dop_operator_3.py
[2024-02-06T21:59:47.180+0100] {logging_mixin.py:188} INFO - [2024-02-06T21:59:47.180+0100] {dag.py:3036} INFO - Sync 1 DAGs
[2024-02-06T21:59:47.303+0100] {logging_mixin.py:188} INFO - [2024-02-06T21:59:47.303+0100] {dag.py:3823} INFO - Setting next_dagrun for example_branch_dop_operator_v3 to 2024-02-06 20:58:00+00:00, run_after=2024-02-06 20:59:00+00:00
[2024-02-06T21:59:47.377+0100] {processor.py:183} INFO - Processing /home/ubuntu/.local/lib/python3.10/site-packages/airflow/example_dags/example_branch_python_dop_operator_3.py took 0.732 seconds
[2024-02-06T22:00:01.874+0100] {processor.py:161} INFO - Started process (PID=34298) to work on /home/ubuntu/.local/lib/python3.10/site-packages/airflow/example_dags/example_branch_python_dop_operator_3.py
[2024-02-06T22:00:01.884+0100] {processor.py:830} INFO - Processing file /home/ubuntu/.local/lib/python3.10/site-packages/airflow/example_dags/example_branch_python_dop_operator_3.py for tasks to queue
[2024-02-06T22:00:01.904+0100] {logging_mixin.py:188} INFO - [2024-02-06T22:00:01.894+0100] {dagbag.py:538} INFO - Filling up the DagBag from /home/ubuntu/.local/lib/python3.10/site-packages/airflow/example_dags/example_branch_python_dop_operator_3.py
[2024-02-06T22:00:01.999+0100] {processor.py:840} INFO - DAG(s) 'example_branch_dop_operator_v3' retrieved from /home/ubuntu/.local/lib/python3.10/site-packages/airflow/example_dags/example_branch_python_dop_operator_3.py
[2024-02-06T22:00:02.081+0100] {logging_mixin.py:188} INFO - [2024-02-06T22:00:02.080+0100] {dag.py:3036} INFO - Sync 1 DAGs
[2024-02-06T22:00:02.267+0100] {logging_mixin.py:188} INFO - [2024-02-06T22:00:02.267+0100] {dag.py:3823} INFO - Setting next_dagrun for example_branch_dop_operator_v3 to 2024-02-06 20:59:00+00:00, run_after=2024-02-06 21:00:00+00:00
[2024-02-06T22:00:02.709+0100] {processor.py:183} INFO - Processing /home/ubuntu/.local/lib/python3.10/site-packages/airflow/example_dags/example_branch_python_dop_operator_3.py took 0.859 seconds
[2024-02-06T22:01:33.729+0100] {processor.py:161} INFO - Started process (PID=34888) to work on /home/ubuntu/.local/lib/python3.10/site-packages/airflow/example_dags/example_branch_python_dop_operator_3.py
[2024-02-06T22:01:33.733+0100] {processor.py:830} INFO - Processing file /home/ubuntu/.local/lib/python3.10/site-packages/airflow/example_dags/example_branch_python_dop_operator_3.py for tasks to queue
[2024-02-06T22:01:33.735+0100] {logging_mixin.py:188} INFO - [2024-02-06T22:01:33.734+0100] {dagbag.py:538} INFO - Filling up the DagBag from /home/ubuntu/.local/lib/python3.10/site-packages/airflow/example_dags/example_branch_python_dop_operator_3.py
[2024-02-06T22:01:33.751+0100] {processor.py:840} INFO - DAG(s) 'example_branch_dop_operator_v3' retrieved from /home/ubuntu/.local/lib/python3.10/site-packages/airflow/example_dags/example_branch_python_dop_operator_3.py
[2024-02-06T22:01:33.780+0100] {logging_mixin.py:188} INFO - [2024-02-06T22:01:33.779+0100] {dag.py:3036} INFO - Sync 1 DAGs
[2024-02-06T22:01:33.820+0100] {logging_mixin.py:188} INFO - [2024-02-06T22:01:33.820+0100] {dag.py:3823} INFO - Setting next_dagrun for example_branch_dop_operator_v3 to 2024-02-06 21:00:00+00:00, run_after=2024-02-06 21:01:00+00:00
[2024-02-06T22:01:33.903+0100] {processor.py:183} INFO - Processing /home/ubuntu/.local/lib/python3.10/site-packages/airflow/example_dags/example_branch_python_dop_operator_3.py took 0.182 seconds
[2024-02-06T22:01:35.698+0100] {processor.py:161} INFO - Started process (PID=34893) to work on /home/ubuntu/.local/lib/python3.10/site-packages/airflow/example_dags/example_branch_python_dop_operator_3.py
[2024-02-06T22:01:35.710+0100] {processor.py:830} INFO - Processing file /home/ubuntu/.local/lib/python3.10/site-packages/airflow/example_dags/example_branch_python_dop_operator_3.py for tasks to queue
[2024-02-06T22:01:35.713+0100] {logging_mixin.py:188} INFO - [2024-02-06T22:01:35.712+0100] {dagbag.py:538} INFO - Filling up the DagBag from /home/ubuntu/.local/lib/python3.10/site-packages/airflow/example_dags/example_branch_python_dop_operator_3.py
[2024-02-06T22:01:35.759+0100] {processor.py:840} INFO - DAG(s) 'example_branch_dop_operator_v3' retrieved from /home/ubuntu/.local/lib/python3.10/site-packages/airflow/example_dags/example_branch_python_dop_operator_3.py
[2024-02-06T22:01:35.806+0100] {logging_mixin.py:188} INFO - [2024-02-06T22:01:35.805+0100] {dag.py:3036} INFO - Sync 1 DAGs
[2024-02-06T22:01:35.942+0100] {logging_mixin.py:188} INFO - [2024-02-06T22:01:35.941+0100] {dag.py:3823} INFO - Setting next_dagrun for example_branch_dop_operator_v3 to 2024-02-06 21:00:00+00:00, run_after=2024-02-06 21:01:00+00:00
[2024-02-06T22:01:36.039+0100] {processor.py:183} INFO - Processing /home/ubuntu/.local/lib/python3.10/site-packages/airflow/example_dags/example_branch_python_dop_operator_3.py took 0.346 seconds
[2024-02-06T22:03:07.633+0100] {processor.py:161} INFO - Started process (PID=35822) to work on /home/ubuntu/.local/lib/python3.10/site-packages/airflow/example_dags/example_branch_python_dop_operator_3.py
[2024-02-06T22:03:07.636+0100] {processor.py:830} INFO - Processing file /home/ubuntu/.local/lib/python3.10/site-packages/airflow/example_dags/example_branch_python_dop_operator_3.py for tasks to queue
[2024-02-06T22:03:07.638+0100] {logging_mixin.py:188} INFO - [2024-02-06T22:03:07.637+0100] {dagbag.py:538} INFO - Filling up the DagBag from /home/ubuntu/.local/lib/python3.10/site-packages/airflow/example_dags/example_branch_python_dop_operator_3.py
[2024-02-06T22:03:07.724+0100] {processor.py:840} INFO - DAG(s) 'example_branch_dop_operator_v3' retrieved from /home/ubuntu/.local/lib/python3.10/site-packages/airflow/example_dags/example_branch_python_dop_operator_3.py
[2024-02-06T22:03:07.788+0100] {logging_mixin.py:188} INFO - [2024-02-06T22:03:07.787+0100] {dag.py:3036} INFO - Sync 1 DAGs
[2024-02-06T22:03:07.857+0100] {logging_mixin.py:188} INFO - [2024-02-06T22:03:07.856+0100] {dag.py:3823} INFO - Setting next_dagrun for example_branch_dop_operator_v3 to 2024-02-06 21:02:00+00:00, run_after=2024-02-06 21:03:00+00:00
[2024-02-06T22:03:07.936+0100] {processor.py:183} INFO - Processing /home/ubuntu/.local/lib/python3.10/site-packages/airflow/example_dags/example_branch_python_dop_operator_3.py took 0.310 seconds
[2024-02-06T22:03:08.036+0100] {processor.py:161} INFO - Started process (PID=35831) to work on /home/ubuntu/.local/lib/python3.10/site-packages/airflow/example_dags/example_branch_python_dop_operator_3.py
[2024-02-06T22:03:08.086+0100] {processor.py:830} INFO - Processing file /home/ubuntu/.local/lib/python3.10/site-packages/airflow/example_dags/example_branch_python_dop_operator_3.py for tasks to queue
[2024-02-06T22:03:08.097+0100] {logging_mixin.py:188} INFO - [2024-02-06T22:03:08.096+0100] {dagbag.py:538} INFO - Filling up the DagBag from /home/ubuntu/.local/lib/python3.10/site-packages/airflow/example_dags/example_branch_python_dop_operator_3.py
[2024-02-06T22:03:08.170+0100] {processor.py:840} INFO - DAG(s) 'example_branch_dop_operator_v3' retrieved from /home/ubuntu/.local/lib/python3.10/site-packages/airflow/example_dags/example_branch_python_dop_operator_3.py
[2024-02-06T22:03:08.216+0100] {logging_mixin.py:188} INFO - [2024-02-06T22:03:08.216+0100] {dag.py:3036} INFO - Sync 1 DAGs
[2024-02-06T22:03:08.298+0100] {logging_mixin.py:188} INFO - [2024-02-06T22:03:08.297+0100] {dag.py:3823} INFO - Setting next_dagrun for example_branch_dop_operator_v3 to 2024-02-06 21:02:00+00:00, run_after=2024-02-06 21:03:00+00:00
[2024-02-06T22:03:08.380+0100] {processor.py:183} INFO - Processing /home/ubuntu/.local/lib/python3.10/site-packages/airflow/example_dags/example_branch_python_dop_operator_3.py took 0.355 seconds
[2024-02-06T22:06:52.539+0100] {processor.py:161} INFO - Started process (PID=37780) to work on /home/ubuntu/.local/lib/python3.10/site-packages/airflow/example_dags/example_branch_python_dop_operator_3.py
[2024-02-06T22:06:52.542+0100] {processor.py:830} INFO - Processing file /home/ubuntu/.local/lib/python3.10/site-packages/airflow/example_dags/example_branch_python_dop_operator_3.py for tasks to queue
[2024-02-06T22:06:52.543+0100] {logging_mixin.py:188} INFO - [2024-02-06T22:06:52.543+0100] {dagbag.py:538} INFO - Filling up the DagBag from /home/ubuntu/.local/lib/python3.10/site-packages/airflow/example_dags/example_branch_python_dop_operator_3.py
[2024-02-06T22:06:52.560+0100] {processor.py:840} INFO - DAG(s) 'example_branch_dop_operator_v3' retrieved from /home/ubuntu/.local/lib/python3.10/site-packages/airflow/example_dags/example_branch_python_dop_operator_3.py
[2024-02-06T22:06:52.776+0100] {logging_mixin.py:188} INFO - [2024-02-06T22:06:52.775+0100] {dag.py:3036} INFO - Sync 1 DAGs
[2024-02-06T22:06:52.827+0100] {logging_mixin.py:188} INFO - [2024-02-06T22:06:52.827+0100] {dag.py:3823} INFO - Setting next_dagrun for example_branch_dop_operator_v3 to 2024-02-06 21:05:00+00:00, run_after=2024-02-06 21:06:00+00:00
[2024-02-06T22:06:52.887+0100] {processor.py:183} INFO - Processing /home/ubuntu/.local/lib/python3.10/site-packages/airflow/example_dags/example_branch_python_dop_operator_3.py took 0.358 seconds
[2024-02-06T22:11:16.302+0100] {processor.py:161} INFO - Started process (PID=39314) to work on /home/ubuntu/.local/lib/python3.10/site-packages/airflow/example_dags/example_branch_python_dop_operator_3.py
[2024-02-06T22:11:16.305+0100] {processor.py:830} INFO - Processing file /home/ubuntu/.local/lib/python3.10/site-packages/airflow/example_dags/example_branch_python_dop_operator_3.py for tasks to queue
[2024-02-06T22:11:16.307+0100] {logging_mixin.py:188} INFO - [2024-02-06T22:11:16.306+0100] {dagbag.py:538} INFO - Filling up the DagBag from /home/ubuntu/.local/lib/python3.10/site-packages/airflow/example_dags/example_branch_python_dop_operator_3.py
[2024-02-06T22:11:16.326+0100] {processor.py:840} INFO - DAG(s) 'example_branch_dop_operator_v3' retrieved from /home/ubuntu/.local/lib/python3.10/site-packages/airflow/example_dags/example_branch_python_dop_operator_3.py
[2024-02-06T22:11:16.491+0100] {logging_mixin.py:188} INFO - [2024-02-06T22:11:16.489+0100] {dag.py:3036} INFO - Sync 1 DAGs
[2024-02-06T22:11:16.605+0100] {logging_mixin.py:188} INFO - [2024-02-06T22:11:16.604+0100] {dag.py:3823} INFO - Setting next_dagrun for example_branch_dop_operator_v3 to 2024-02-06 21:10:00+00:00, run_after=2024-02-06 21:11:00+00:00
[2024-02-06T22:11:16.689+0100] {processor.py:183} INFO - Processing /home/ubuntu/.local/lib/python3.10/site-packages/airflow/example_dags/example_branch_python_dop_operator_3.py took 0.395 seconds
[2024-02-06T22:13:41.420+0100] {processor.py:161} INFO - Started process (PID=40355) to work on /home/ubuntu/.local/lib/python3.10/site-packages/airflow/example_dags/example_branch_python_dop_operator_3.py
[2024-02-06T22:13:41.438+0100] {processor.py:830} INFO - Processing file /home/ubuntu/.local/lib/python3.10/site-packages/airflow/example_dags/example_branch_python_dop_operator_3.py for tasks to queue
[2024-02-06T22:13:41.444+0100] {logging_mixin.py:188} INFO - [2024-02-06T22:13:41.443+0100] {dagbag.py:538} INFO - Filling up the DagBag from /home/ubuntu/.local/lib/python3.10/site-packages/airflow/example_dags/example_branch_python_dop_operator_3.py
[2024-02-06T22:13:41.535+0100] {processor.py:840} INFO - DAG(s) 'example_branch_dop_operator_v3' retrieved from /home/ubuntu/.local/lib/python3.10/site-packages/airflow/example_dags/example_branch_python_dop_operator_3.py
[2024-02-06T22:13:41.920+0100] {logging_mixin.py:188} INFO - [2024-02-06T22:13:41.919+0100] {dag.py:3036} INFO - Sync 1 DAGs
[2024-02-06T22:13:42.084+0100] {logging_mixin.py:188} INFO - [2024-02-06T22:13:42.082+0100] {dag.py:3823} INFO - Setting next_dagrun for example_branch_dop_operator_v3 to 2024-02-06 21:12:00+00:00, run_after=2024-02-06 21:13:00+00:00
[2024-02-06T22:13:42.274+0100] {processor.py:183} INFO - Processing /home/ubuntu/.local/lib/python3.10/site-packages/airflow/example_dags/example_branch_python_dop_operator_3.py took 0.861 seconds
[2024-02-06T22:15:42.708+0100] {processor.py:161} INFO - Started process (PID=41628) to work on /home/ubuntu/.local/lib/python3.10/site-packages/airflow/example_dags/example_branch_python_dop_operator_3.py
[2024-02-06T22:15:42.713+0100] {processor.py:830} INFO - Processing file /home/ubuntu/.local/lib/python3.10/site-packages/airflow/example_dags/example_branch_python_dop_operator_3.py for tasks to queue
[2024-02-06T22:15:42.717+0100] {logging_mixin.py:188} INFO - [2024-02-06T22:15:42.715+0100] {dagbag.py:538} INFO - Filling up the DagBag from /home/ubuntu/.local/lib/python3.10/site-packages/airflow/example_dags/example_branch_python_dop_operator_3.py
[2024-02-06T22:15:42.744+0100] {processor.py:840} INFO - DAG(s) 'example_branch_dop_operator_v3' retrieved from /home/ubuntu/.local/lib/python3.10/site-packages/airflow/example_dags/example_branch_python_dop_operator_3.py
[2024-02-06T22:15:42.788+0100] {logging_mixin.py:188} INFO - [2024-02-06T22:15:42.787+0100] {dag.py:3036} INFO - Sync 1 DAGs
[2024-02-06T22:15:42.876+0100] {logging_mixin.py:188} INFO - [2024-02-06T22:15:42.875+0100] {dag.py:3823} INFO - Setting next_dagrun for example_branch_dop_operator_v3 to 2024-02-06 21:14:00+00:00, run_after=2024-02-06 21:15:00+00:00
[2024-02-06T22:15:42.967+0100] {processor.py:183} INFO - Processing /home/ubuntu/.local/lib/python3.10/site-packages/airflow/example_dags/example_branch_python_dop_operator_3.py took 0.266 seconds
[2024-02-06T22:26:48.895+0100] {processor.py:161} INFO - Started process (PID=49541) to work on /home/ubuntu/.local/lib/python3.10/site-packages/airflow/example_dags/example_branch_python_dop_operator_3.py
[2024-02-06T22:26:48.954+0100] {processor.py:830} INFO - Processing file /home/ubuntu/.local/lib/python3.10/site-packages/airflow/example_dags/example_branch_python_dop_operator_3.py for tasks to queue
[2024-02-06T22:26:48.957+0100] {logging_mixin.py:188} INFO - [2024-02-06T22:26:48.956+0100] {dagbag.py:538} INFO - Filling up the DagBag from /home/ubuntu/.local/lib/python3.10/site-packages/airflow/example_dags/example_branch_python_dop_operator_3.py
[2024-02-06T22:26:48.995+0100] {processor.py:840} INFO - DAG(s) 'example_branch_dop_operator_v3' retrieved from /home/ubuntu/.local/lib/python3.10/site-packages/airflow/example_dags/example_branch_python_dop_operator_3.py
[2024-02-06T22:26:49.074+0100] {logging_mixin.py:188} INFO - [2024-02-06T22:26:49.074+0100] {dag.py:3036} INFO - Sync 1 DAGs
[2024-02-06T22:26:49.241+0100] {logging_mixin.py:188} INFO - [2024-02-06T22:26:49.240+0100] {dag.py:3823} INFO - Setting next_dagrun for example_branch_dop_operator_v3 to 2024-02-06 21:25:00+00:00, run_after=2024-02-06 21:26:00+00:00
[2024-02-06T22:26:49.330+0100] {processor.py:183} INFO - Processing /home/ubuntu/.local/lib/python3.10/site-packages/airflow/example_dags/example_branch_python_dop_operator_3.py took 0.464 seconds
[2024-02-06T22:28:46.212+0100] {processor.py:161} INFO - Started process (PID=50636) to work on /home/ubuntu/.local/lib/python3.10/site-packages/airflow/example_dags/example_branch_python_dop_operator_3.py
[2024-02-06T22:28:46.229+0100] {processor.py:830} INFO - Processing file /home/ubuntu/.local/lib/python3.10/site-packages/airflow/example_dags/example_branch_python_dop_operator_3.py for tasks to queue
[2024-02-06T22:28:46.307+0100] {logging_mixin.py:188} INFO - [2024-02-06T22:28:46.301+0100] {dagbag.py:538} INFO - Filling up the DagBag from /home/ubuntu/.local/lib/python3.10/site-packages/airflow/example_dags/example_branch_python_dop_operator_3.py
[2024-02-06T22:28:46.344+0100] {processor.py:840} INFO - DAG(s) 'example_branch_dop_operator_v3' retrieved from /home/ubuntu/.local/lib/python3.10/site-packages/airflow/example_dags/example_branch_python_dop_operator_3.py
[2024-02-06T22:28:46.813+0100] {logging_mixin.py:188} INFO - [2024-02-06T22:28:46.813+0100] {dag.py:3036} INFO - Sync 1 DAGs
[2024-02-06T22:28:46.951+0100] {logging_mixin.py:188} INFO - [2024-02-06T22:28:46.950+0100] {dag.py:3823} INFO - Setting next_dagrun for example_branch_dop_operator_v3 to 2024-02-06 21:27:00+00:00, run_after=2024-02-06 21:28:00+00:00
[2024-02-06T22:28:47.182+0100] {processor.py:183} INFO - Processing /home/ubuntu/.local/lib/python3.10/site-packages/airflow/example_dags/example_branch_python_dop_operator_3.py took 0.993 seconds
[2024-02-06T22:35:57.175+0100] {processor.py:161} INFO - Started process (PID=55879) to work on /home/ubuntu/.local/lib/python3.10/site-packages/airflow/example_dags/example_branch_python_dop_operator_3.py
[2024-02-06T22:35:57.179+0100] {processor.py:830} INFO - Processing file /home/ubuntu/.local/lib/python3.10/site-packages/airflow/example_dags/example_branch_python_dop_operator_3.py for tasks to queue
[2024-02-06T22:35:57.185+0100] {logging_mixin.py:188} INFO - [2024-02-06T22:35:57.181+0100] {dagbag.py:538} INFO - Filling up the DagBag from /home/ubuntu/.local/lib/python3.10/site-packages/airflow/example_dags/example_branch_python_dop_operator_3.py
[2024-02-06T22:35:57.207+0100] {processor.py:840} INFO - DAG(s) 'example_branch_dop_operator_v3' retrieved from /home/ubuntu/.local/lib/python3.10/site-packages/airflow/example_dags/example_branch_python_dop_operator_3.py
[2024-02-06T22:35:57.320+0100] {logging_mixin.py:188} INFO - [2024-02-06T22:35:57.319+0100] {dag.py:3036} INFO - Sync 1 DAGs
[2024-02-06T22:35:57.401+0100] {logging_mixin.py:188} INFO - [2024-02-06T22:35:57.400+0100] {dag.py:3823} INFO - Setting next_dagrun for example_branch_dop_operator_v3 to 2024-02-06 21:34:00+00:00, run_after=2024-02-06 21:35:00+00:00
[2024-02-06T22:35:57.576+0100] {processor.py:183} INFO - Processing /home/ubuntu/.local/lib/python3.10/site-packages/airflow/example_dags/example_branch_python_dop_operator_3.py took 0.427 seconds
[2024-02-06T23:15:02.418+0100] {processor.py:161} INFO - Started process (PID=64561) to work on /home/ubuntu/.local/lib/python3.10/site-packages/airflow/example_dags/example_branch_python_dop_operator_3.py
[2024-02-06T23:15:02.430+0100] {processor.py:830} INFO - Processing file /home/ubuntu/.local/lib/python3.10/site-packages/airflow/example_dags/example_branch_python_dop_operator_3.py for tasks to queue
[2024-02-06T23:15:02.433+0100] {logging_mixin.py:188} INFO - [2024-02-06T23:15:02.432+0100] {dagbag.py:538} INFO - Filling up the DagBag from /home/ubuntu/.local/lib/python3.10/site-packages/airflow/example_dags/example_branch_python_dop_operator_3.py
[2024-02-06T23:15:02.526+0100] {processor.py:840} INFO - DAG(s) 'example_branch_dop_operator_v3' retrieved from /home/ubuntu/.local/lib/python3.10/site-packages/airflow/example_dags/example_branch_python_dop_operator_3.py
[2024-02-06T23:15:03.121+0100] {logging_mixin.py:188} INFO - [2024-02-06T23:15:03.120+0100] {dag.py:3036} INFO - Sync 1 DAGs
[2024-02-06T23:15:03.300+0100] {logging_mixin.py:188} INFO - [2024-02-06T23:15:03.299+0100] {dag.py:3823} INFO - Setting next_dagrun for example_branch_dop_operator_v3 to 2024-02-06 22:14:00+00:00, run_after=2024-02-06 22:15:00+00:00
[2024-02-06T23:15:03.621+0100] {processor.py:183} INFO - Processing /home/ubuntu/.local/lib/python3.10/site-packages/airflow/example_dags/example_branch_python_dop_operator_3.py took 1.211 seconds
[2024-02-06T23:30:26.528+0100] {processor.py:161} INFO - Started process (PID=73018) to work on /home/ubuntu/.local/lib/python3.10/site-packages/airflow/example_dags/example_branch_python_dop_operator_3.py
[2024-02-06T23:30:26.537+0100] {processor.py:830} INFO - Processing file /home/ubuntu/.local/lib/python3.10/site-packages/airflow/example_dags/example_branch_python_dop_operator_3.py for tasks to queue
[2024-02-06T23:30:26.542+0100] {logging_mixin.py:188} INFO - [2024-02-06T23:30:26.541+0100] {dagbag.py:538} INFO - Filling up the DagBag from /home/ubuntu/.local/lib/python3.10/site-packages/airflow/example_dags/example_branch_python_dop_operator_3.py
[2024-02-06T23:30:26.581+0100] {processor.py:840} INFO - DAG(s) 'example_branch_dop_operator_v3' retrieved from /home/ubuntu/.local/lib/python3.10/site-packages/airflow/example_dags/example_branch_python_dop_operator_3.py
[2024-02-06T23:30:27.646+0100] {logging_mixin.py:188} INFO - [2024-02-06T23:30:27.646+0100] {dag.py:3036} INFO - Sync 1 DAGs
[2024-02-06T23:30:27.960+0100] {logging_mixin.py:188} INFO - [2024-02-06T23:30:27.960+0100] {dag.py:3823} INFO - Setting next_dagrun for example_branch_dop_operator_v3 to 2024-02-06 22:29:00+00:00, run_after=2024-02-06 22:30:00+00:00
[2024-02-06T23:30:29.134+0100] {processor.py:183} INFO - Processing /home/ubuntu/.local/lib/python3.10/site-packages/airflow/example_dags/example_branch_python_dop_operator_3.py took 2.622 seconds
