[2024-02-06T21:28:35.315+0100] {processor.py:161} INFO - Started process (PID=23932) to work on /home/ubuntu/.local/lib/python3.10/site-packages/airflow/example_dags/example_branch_operator_decorator.py
[2024-02-06T21:28:35.317+0100] {processor.py:830} INFO - Processing file /home/ubuntu/.local/lib/python3.10/site-packages/airflow/example_dags/example_branch_operator_decorator.py for tasks to queue
[2024-02-06T21:28:35.320+0100] {logging_mixin.py:188} INFO - [2024-02-06T21:28:35.319+0100] {dagbag.py:538} INFO - Filling up the DagBag from /home/ubuntu/.local/lib/python3.10/site-packages/airflow/example_dags/example_branch_operator_decorator.py
[2024-02-06T21:28:35.383+0100] {processor.py:840} INFO - DAG(s) 'example_branch_python_operator_decorator' retrieved from /home/ubuntu/.local/lib/python3.10/site-packages/airflow/example_dags/example_branch_operator_decorator.py
[2024-02-06T21:28:35.671+0100] {logging_mixin.py:188} INFO - [2024-02-06T21:28:35.670+0100] {dag.py:3036} INFO - Sync 1 DAGs
[2024-02-06T21:28:35.769+0100] {logging_mixin.py:188} INFO - [2024-02-06T21:28:35.768+0100] {dag.py:3823} INFO - Setting next_dagrun for example_branch_python_operator_decorator to 2024-02-05 00:00:00+00:00, run_after=2024-02-06 00:00:00+00:00
[2024-02-06T21:28:35.871+0100] {processor.py:183} INFO - Processing /home/ubuntu/.local/lib/python3.10/site-packages/airflow/example_dags/example_branch_operator_decorator.py took 0.564 seconds
[2024-02-06T21:29:59.644+0100] {processor.py:161} INFO - Started process (PID=24593) to work on /home/ubuntu/.local/lib/python3.10/site-packages/airflow/example_dags/example_branch_operator_decorator.py
[2024-02-06T21:29:59.648+0100] {processor.py:830} INFO - Processing file /home/ubuntu/.local/lib/python3.10/site-packages/airflow/example_dags/example_branch_operator_decorator.py for tasks to queue
[2024-02-06T21:29:59.652+0100] {logging_mixin.py:188} INFO - [2024-02-06T21:29:59.650+0100] {dagbag.py:538} INFO - Filling up the DagBag from /home/ubuntu/.local/lib/python3.10/site-packages/airflow/example_dags/example_branch_operator_decorator.py
[2024-02-06T21:29:59.719+0100] {processor.py:840} INFO - DAG(s) 'example_branch_python_operator_decorator' retrieved from /home/ubuntu/.local/lib/python3.10/site-packages/airflow/example_dags/example_branch_operator_decorator.py
[2024-02-06T21:29:59.788+0100] {logging_mixin.py:188} INFO - [2024-02-06T21:29:59.787+0100] {dag.py:3036} INFO - Sync 1 DAGs
[2024-02-06T21:29:59.859+0100] {logging_mixin.py:188} INFO - [2024-02-06T21:29:59.858+0100] {dag.py:3823} INFO - Setting next_dagrun for example_branch_python_operator_decorator to 2024-02-05 00:00:00+00:00, run_after=2024-02-06 00:00:00+00:00
[2024-02-06T21:29:59.928+0100] {processor.py:183} INFO - Processing /home/ubuntu/.local/lib/python3.10/site-packages/airflow/example_dags/example_branch_operator_decorator.py took 0.293 seconds
[2024-02-06T21:31:36.885+0100] {processor.py:161} INFO - Started process (PID=25044) to work on /home/ubuntu/.local/lib/python3.10/site-packages/airflow/example_dags/example_branch_operator_decorator.py
[2024-02-06T21:31:36.907+0100] {processor.py:830} INFO - Processing file /home/ubuntu/.local/lib/python3.10/site-packages/airflow/example_dags/example_branch_operator_decorator.py for tasks to queue
[2024-02-06T21:31:36.910+0100] {logging_mixin.py:188} INFO - [2024-02-06T21:31:36.909+0100] {dagbag.py:538} INFO - Filling up the DagBag from /home/ubuntu/.local/lib/python3.10/site-packages/airflow/example_dags/example_branch_operator_decorator.py
[2024-02-06T21:31:37.055+0100] {processor.py:840} INFO - DAG(s) 'example_branch_python_operator_decorator' retrieved from /home/ubuntu/.local/lib/python3.10/site-packages/airflow/example_dags/example_branch_operator_decorator.py
[2024-02-06T21:31:37.613+0100] {logging_mixin.py:188} INFO - [2024-02-06T21:31:37.612+0100] {dag.py:3036} INFO - Sync 1 DAGs
[2024-02-06T21:31:37.815+0100] {logging_mixin.py:188} INFO - [2024-02-06T21:31:37.814+0100] {dag.py:3823} INFO - Setting next_dagrun for example_branch_python_operator_decorator to 2024-02-05 00:00:00+00:00, run_after=2024-02-06 00:00:00+00:00
[2024-02-06T21:31:37.940+0100] {processor.py:183} INFO - Processing /home/ubuntu/.local/lib/python3.10/site-packages/airflow/example_dags/example_branch_operator_decorator.py took 1.063 seconds
[2024-02-06T21:32:51.839+0100] {processor.py:161} INFO - Started process (PID=25305) to work on /home/ubuntu/.local/lib/python3.10/site-packages/airflow/example_dags/example_branch_operator_decorator.py
[2024-02-06T21:32:51.842+0100] {processor.py:830} INFO - Processing file /home/ubuntu/.local/lib/python3.10/site-packages/airflow/example_dags/example_branch_operator_decorator.py for tasks to queue
[2024-02-06T21:32:51.844+0100] {logging_mixin.py:188} INFO - [2024-02-06T21:32:51.843+0100] {dagbag.py:538} INFO - Filling up the DagBag from /home/ubuntu/.local/lib/python3.10/site-packages/airflow/example_dags/example_branch_operator_decorator.py
[2024-02-06T21:32:51.914+0100] {processor.py:840} INFO - DAG(s) 'example_branch_python_operator_decorator' retrieved from /home/ubuntu/.local/lib/python3.10/site-packages/airflow/example_dags/example_branch_operator_decorator.py
[2024-02-06T21:32:51.961+0100] {logging_mixin.py:188} INFO - [2024-02-06T21:32:51.960+0100] {dag.py:3036} INFO - Sync 1 DAGs
[2024-02-06T21:32:51.991+0100] {logging_mixin.py:188} INFO - [2024-02-06T21:32:51.991+0100] {dag.py:3823} INFO - Setting next_dagrun for example_branch_python_operator_decorator to 2024-02-05 00:00:00+00:00, run_after=2024-02-06 00:00:00+00:00
[2024-02-06T21:32:52.047+0100] {processor.py:183} INFO - Processing /home/ubuntu/.local/lib/python3.10/site-packages/airflow/example_dags/example_branch_operator_decorator.py took 0.220 seconds
[2024-02-06T21:40:46.522+0100] {processor.py:161} INFO - Started process (PID=27827) to work on /home/ubuntu/.local/lib/python3.10/site-packages/airflow/example_dags/example_branch_operator_decorator.py
[2024-02-06T21:40:46.555+0100] {processor.py:830} INFO - Processing file /home/ubuntu/.local/lib/python3.10/site-packages/airflow/example_dags/example_branch_operator_decorator.py for tasks to queue
[2024-02-06T21:40:46.587+0100] {logging_mixin.py:188} INFO - [2024-02-06T21:40:46.586+0100] {dagbag.py:538} INFO - Filling up the DagBag from /home/ubuntu/.local/lib/python3.10/site-packages/airflow/example_dags/example_branch_operator_decorator.py
[2024-02-06T21:40:46.716+0100] {processor.py:840} INFO - DAG(s) 'example_branch_python_operator_decorator' retrieved from /home/ubuntu/.local/lib/python3.10/site-packages/airflow/example_dags/example_branch_operator_decorator.py
[2024-02-06T21:40:47.029+0100] {logging_mixin.py:188} INFO - [2024-02-06T21:40:47.028+0100] {dag.py:3036} INFO - Sync 1 DAGs
[2024-02-06T21:40:47.089+0100] {logging_mixin.py:188} INFO - [2024-02-06T21:40:47.088+0100] {dag.py:3823} INFO - Setting next_dagrun for example_branch_python_operator_decorator to 2024-02-05 00:00:00+00:00, run_after=2024-02-06 00:00:00+00:00
[2024-02-06T21:40:47.157+0100] {processor.py:183} INFO - Processing /home/ubuntu/.local/lib/python3.10/site-packages/airflow/example_dags/example_branch_operator_decorator.py took 0.646 seconds
[2024-02-06T21:41:26.048+0100] {processor.py:161} INFO - Started process (PID=28013) to work on /home/ubuntu/.local/lib/python3.10/site-packages/airflow/example_dags/example_branch_operator_decorator.py
[2024-02-06T21:41:26.050+0100] {processor.py:830} INFO - Processing file /home/ubuntu/.local/lib/python3.10/site-packages/airflow/example_dags/example_branch_operator_decorator.py for tasks to queue
[2024-02-06T21:41:26.052+0100] {logging_mixin.py:188} INFO - [2024-02-06T21:41:26.051+0100] {dagbag.py:538} INFO - Filling up the DagBag from /home/ubuntu/.local/lib/python3.10/site-packages/airflow/example_dags/example_branch_operator_decorator.py
[2024-02-06T21:41:26.119+0100] {processor.py:840} INFO - DAG(s) 'example_branch_python_operator_decorator' retrieved from /home/ubuntu/.local/lib/python3.10/site-packages/airflow/example_dags/example_branch_operator_decorator.py
[2024-02-06T21:41:26.704+0100] {logging_mixin.py:188} INFO - [2024-02-06T21:41:26.700+0100] {dag.py:3036} INFO - Sync 1 DAGs
[2024-02-06T21:41:26.856+0100] {logging_mixin.py:188} INFO - [2024-02-06T21:41:26.856+0100] {dag.py:3823} INFO - Setting next_dagrun for example_branch_python_operator_decorator to 2024-02-05 00:00:00+00:00, run_after=2024-02-06 00:00:00+00:00
[2024-02-06T21:41:27.027+0100] {processor.py:183} INFO - Processing /home/ubuntu/.local/lib/python3.10/site-packages/airflow/example_dags/example_branch_operator_decorator.py took 0.991 seconds
[2024-02-06T21:42:12.200+0100] {processor.py:161} INFO - Started process (PID=28268) to work on /home/ubuntu/.local/lib/python3.10/site-packages/airflow/example_dags/example_branch_operator_decorator.py
[2024-02-06T21:42:12.203+0100] {processor.py:830} INFO - Processing file /home/ubuntu/.local/lib/python3.10/site-packages/airflow/example_dags/example_branch_operator_decorator.py for tasks to queue
[2024-02-06T21:42:12.207+0100] {logging_mixin.py:188} INFO - [2024-02-06T21:42:12.204+0100] {dagbag.py:538} INFO - Filling up the DagBag from /home/ubuntu/.local/lib/python3.10/site-packages/airflow/example_dags/example_branch_operator_decorator.py
[2024-02-06T21:42:12.267+0100] {processor.py:840} INFO - DAG(s) 'example_branch_python_operator_decorator' retrieved from /home/ubuntu/.local/lib/python3.10/site-packages/airflow/example_dags/example_branch_operator_decorator.py
[2024-02-06T21:42:12.544+0100] {logging_mixin.py:188} INFO - [2024-02-06T21:42:12.544+0100] {dag.py:3036} INFO - Sync 1 DAGs
[2024-02-06T21:42:12.603+0100] {logging_mixin.py:188} INFO - [2024-02-06T21:42:12.603+0100] {dag.py:3823} INFO - Setting next_dagrun for example_branch_python_operator_decorator to 2024-02-05 00:00:00+00:00, run_after=2024-02-06 00:00:00+00:00
[2024-02-06T21:42:12.727+0100] {processor.py:183} INFO - Processing /home/ubuntu/.local/lib/python3.10/site-packages/airflow/example_dags/example_branch_operator_decorator.py took 0.534 seconds
[2024-02-06T21:42:56.058+0100] {processor.py:161} INFO - Started process (PID=28520) to work on /home/ubuntu/.local/lib/python3.10/site-packages/airflow/example_dags/example_branch_operator_decorator.py
[2024-02-06T21:42:56.071+0100] {processor.py:830} INFO - Processing file /home/ubuntu/.local/lib/python3.10/site-packages/airflow/example_dags/example_branch_operator_decorator.py for tasks to queue
[2024-02-06T21:42:56.073+0100] {logging_mixin.py:188} INFO - [2024-02-06T21:42:56.072+0100] {dagbag.py:538} INFO - Filling up the DagBag from /home/ubuntu/.local/lib/python3.10/site-packages/airflow/example_dags/example_branch_operator_decorator.py
[2024-02-06T21:42:56.148+0100] {processor.py:840} INFO - DAG(s) 'example_branch_python_operator_decorator' retrieved from /home/ubuntu/.local/lib/python3.10/site-packages/airflow/example_dags/example_branch_operator_decorator.py
[2024-02-06T21:42:56.361+0100] {logging_mixin.py:188} INFO - [2024-02-06T21:42:56.360+0100] {dag.py:3036} INFO - Sync 1 DAGs
[2024-02-06T21:42:56.405+0100] {logging_mixin.py:188} INFO - [2024-02-06T21:42:56.404+0100] {dag.py:3823} INFO - Setting next_dagrun for example_branch_python_operator_decorator to 2024-02-05 00:00:00+00:00, run_after=2024-02-06 00:00:00+00:00
[2024-02-06T21:42:56.464+0100] {processor.py:183} INFO - Processing /home/ubuntu/.local/lib/python3.10/site-packages/airflow/example_dags/example_branch_operator_decorator.py took 0.415 seconds
[2024-02-06T21:43:27.503+0100] {processor.py:161} INFO - Started process (PID=28777) to work on /home/ubuntu/.local/lib/python3.10/site-packages/airflow/example_dags/example_branch_operator_decorator.py
[2024-02-06T21:43:27.504+0100] {processor.py:830} INFO - Processing file /home/ubuntu/.local/lib/python3.10/site-packages/airflow/example_dags/example_branch_operator_decorator.py for tasks to queue
[2024-02-06T21:43:27.506+0100] {logging_mixin.py:188} INFO - [2024-02-06T21:43:27.505+0100] {dagbag.py:538} INFO - Filling up the DagBag from /home/ubuntu/.local/lib/python3.10/site-packages/airflow/example_dags/example_branch_operator_decorator.py
[2024-02-06T21:43:27.543+0100] {processor.py:840} INFO - DAG(s) 'example_branch_python_operator_decorator' retrieved from /home/ubuntu/.local/lib/python3.10/site-packages/airflow/example_dags/example_branch_operator_decorator.py
[2024-02-06T21:43:27.795+0100] {logging_mixin.py:188} INFO - [2024-02-06T21:43:27.794+0100] {dag.py:3036} INFO - Sync 1 DAGs
[2024-02-06T21:43:27.843+0100] {logging_mixin.py:188} INFO - [2024-02-06T21:43:27.843+0100] {dag.py:3823} INFO - Setting next_dagrun for example_branch_python_operator_decorator to 2024-02-05 00:00:00+00:00, run_after=2024-02-06 00:00:00+00:00
[2024-02-06T21:43:27.922+0100] {processor.py:183} INFO - Processing /home/ubuntu/.local/lib/python3.10/site-packages/airflow/example_dags/example_branch_operator_decorator.py took 0.426 seconds
[2024-02-06T21:44:06.395+0100] {processor.py:161} INFO - Started process (PID=28937) to work on /home/ubuntu/.local/lib/python3.10/site-packages/airflow/example_dags/example_branch_operator_decorator.py
[2024-02-06T21:44:06.399+0100] {processor.py:830} INFO - Processing file /home/ubuntu/.local/lib/python3.10/site-packages/airflow/example_dags/example_branch_operator_decorator.py for tasks to queue
[2024-02-06T21:44:06.403+0100] {logging_mixin.py:188} INFO - [2024-02-06T21:44:06.402+0100] {dagbag.py:538} INFO - Filling up the DagBag from /home/ubuntu/.local/lib/python3.10/site-packages/airflow/example_dags/example_branch_operator_decorator.py
[2024-02-06T21:44:06.461+0100] {processor.py:840} INFO - DAG(s) 'example_branch_python_operator_decorator' retrieved from /home/ubuntu/.local/lib/python3.10/site-packages/airflow/example_dags/example_branch_operator_decorator.py
[2024-02-06T21:44:06.665+0100] {logging_mixin.py:188} INFO - [2024-02-06T21:44:06.664+0100] {dag.py:3036} INFO - Sync 1 DAGs
[2024-02-06T21:44:06.714+0100] {logging_mixin.py:188} INFO - [2024-02-06T21:44:06.714+0100] {dag.py:3823} INFO - Setting next_dagrun for example_branch_python_operator_decorator to 2024-02-05 00:00:00+00:00, run_after=2024-02-06 00:00:00+00:00
[2024-02-06T21:44:06.783+0100] {processor.py:183} INFO - Processing /home/ubuntu/.local/lib/python3.10/site-packages/airflow/example_dags/example_branch_operator_decorator.py took 0.400 seconds
[2024-02-06T21:45:22.126+0100] {processor.py:161} INFO - Started process (PID=29372) to work on /home/ubuntu/.local/lib/python3.10/site-packages/airflow/example_dags/example_branch_operator_decorator.py
[2024-02-06T21:45:22.129+0100] {processor.py:830} INFO - Processing file /home/ubuntu/.local/lib/python3.10/site-packages/airflow/example_dags/example_branch_operator_decorator.py for tasks to queue
[2024-02-06T21:45:22.130+0100] {logging_mixin.py:188} INFO - [2024-02-06T21:45:22.130+0100] {dagbag.py:538} INFO - Filling up the DagBag from /home/ubuntu/.local/lib/python3.10/site-packages/airflow/example_dags/example_branch_operator_decorator.py
[2024-02-06T21:45:22.131+0100] {processor.py:842} WARNING - No viable dags retrieved from /home/ubuntu/.local/lib/python3.10/site-packages/airflow/example_dags/example_branch_operator_decorator.py
[2024-02-06T21:45:22.143+0100] {processor.py:183} INFO - Processing /home/ubuntu/.local/lib/python3.10/site-packages/airflow/example_dags/example_branch_operator_decorator.py took 0.022 seconds
[2024-02-06T21:54:41.095+0100] {processor.py:161} INFO - Started process (PID=31440) to work on /home/ubuntu/.local/lib/python3.10/site-packages/airflow/example_dags/example_branch_operator_decorator.py
[2024-02-06T21:54:41.105+0100] {processor.py:830} INFO - Processing file /home/ubuntu/.local/lib/python3.10/site-packages/airflow/example_dags/example_branch_operator_decorator.py for tasks to queue
[2024-02-06T21:54:41.108+0100] {logging_mixin.py:188} INFO - [2024-02-06T21:54:41.107+0100] {dagbag.py:538} INFO - Filling up the DagBag from /home/ubuntu/.local/lib/python3.10/site-packages/airflow/example_dags/example_branch_operator_decorator.py
[2024-02-06T21:54:41.188+0100] {processor.py:840} INFO - DAG(s) 'example_branch_python_operator_decorator' retrieved from /home/ubuntu/.local/lib/python3.10/site-packages/airflow/example_dags/example_branch_operator_decorator.py
[2024-02-06T21:54:41.445+0100] {logging_mixin.py:188} INFO - [2024-02-06T21:54:41.445+0100] {dag.py:3036} INFO - Sync 1 DAGs
[2024-02-06T21:54:41.489+0100] {logging_mixin.py:188} INFO - [2024-02-06T21:54:41.489+0100] {dag.py:3823} INFO - Setting next_dagrun for example_branch_python_operator_decorator to 2024-02-05 00:00:00+00:00, run_after=2024-02-06 00:00:00+00:00
[2024-02-06T21:54:41.571+0100] {processor.py:183} INFO - Processing /home/ubuntu/.local/lib/python3.10/site-packages/airflow/example_dags/example_branch_operator_decorator.py took 0.487 seconds
[2024-02-06T21:56:13.024+0100] {processor.py:161} INFO - Started process (PID=32224) to work on /home/ubuntu/.local/lib/python3.10/site-packages/airflow/example_dags/example_branch_operator_decorator.py
[2024-02-06T21:56:13.028+0100] {processor.py:830} INFO - Processing file /home/ubuntu/.local/lib/python3.10/site-packages/airflow/example_dags/example_branch_operator_decorator.py for tasks to queue
[2024-02-06T21:56:13.030+0100] {logging_mixin.py:188} INFO - [2024-02-06T21:56:13.029+0100] {dagbag.py:538} INFO - Filling up the DagBag from /home/ubuntu/.local/lib/python3.10/site-packages/airflow/example_dags/example_branch_operator_decorator.py
[2024-02-06T21:56:13.131+0100] {processor.py:840} INFO - DAG(s) 'example_branch_python_operator_decorator' retrieved from /home/ubuntu/.local/lib/python3.10/site-packages/airflow/example_dags/example_branch_operator_decorator.py
[2024-02-06T21:56:13.227+0100] {logging_mixin.py:188} INFO - [2024-02-06T21:56:13.226+0100] {dag.py:3036} INFO - Sync 1 DAGs
[2024-02-06T21:56:13.266+0100] {logging_mixin.py:188} INFO - [2024-02-06T21:56:13.266+0100] {dag.py:3823} INFO - Setting next_dagrun for example_branch_python_operator_decorator to 2024-02-05 00:00:00+00:00, run_after=2024-02-06 00:00:00+00:00
[2024-02-06T21:56:13.335+0100] {processor.py:183} INFO - Processing /home/ubuntu/.local/lib/python3.10/site-packages/airflow/example_dags/example_branch_operator_decorator.py took 0.327 seconds
[2024-02-06T21:56:45.924+0100] {processor.py:161} INFO - Started process (PID=32505) to work on /home/ubuntu/.local/lib/python3.10/site-packages/airflow/example_dags/example_branch_operator_decorator.py
[2024-02-06T21:56:45.928+0100] {processor.py:830} INFO - Processing file /home/ubuntu/.local/lib/python3.10/site-packages/airflow/example_dags/example_branch_operator_decorator.py for tasks to queue
[2024-02-06T21:56:45.931+0100] {logging_mixin.py:188} INFO - [2024-02-06T21:56:45.929+0100] {dagbag.py:538} INFO - Filling up the DagBag from /home/ubuntu/.local/lib/python3.10/site-packages/airflow/example_dags/example_branch_operator_decorator.py
[2024-02-06T21:56:45.993+0100] {processor.py:840} INFO - DAG(s) 'example_branch_python_operator_decorator' retrieved from /home/ubuntu/.local/lib/python3.10/site-packages/airflow/example_dags/example_branch_operator_decorator.py
[2024-02-06T21:56:46.555+0100] {logging_mixin.py:188} INFO - [2024-02-06T21:56:46.554+0100] {dag.py:3036} INFO - Sync 1 DAGs
[2024-02-06T21:56:46.633+0100] {logging_mixin.py:188} INFO - [2024-02-06T21:56:46.632+0100] {dag.py:3823} INFO - Setting next_dagrun for example_branch_python_operator_decorator to 2024-02-05 00:00:00+00:00, run_after=2024-02-06 00:00:00+00:00
[2024-02-06T21:56:46.725+0100] {processor.py:183} INFO - Processing /home/ubuntu/.local/lib/python3.10/site-packages/airflow/example_dags/example_branch_operator_decorator.py took 0.810 seconds
[2024-02-06T21:57:46.717+0100] {processor.py:161} INFO - Started process (PID=33008) to work on /home/ubuntu/.local/lib/python3.10/site-packages/airflow/example_dags/example_branch_operator_decorator.py
[2024-02-06T21:57:46.729+0100] {processor.py:830} INFO - Processing file /home/ubuntu/.local/lib/python3.10/site-packages/airflow/example_dags/example_branch_operator_decorator.py for tasks to queue
[2024-02-06T21:57:46.732+0100] {logging_mixin.py:188} INFO - [2024-02-06T21:57:46.731+0100] {dagbag.py:538} INFO - Filling up the DagBag from /home/ubuntu/.local/lib/python3.10/site-packages/airflow/example_dags/example_branch_operator_decorator.py
[2024-02-06T21:57:46.876+0100] {processor.py:840} INFO - DAG(s) 'example_branch_python_operator_decorator' retrieved from /home/ubuntu/.local/lib/python3.10/site-packages/airflow/example_dags/example_branch_operator_decorator.py
[2024-02-06T21:57:47.225+0100] {logging_mixin.py:188} INFO - [2024-02-06T21:57:47.225+0100] {dag.py:3036} INFO - Sync 1 DAGs
[2024-02-06T21:57:47.266+0100] {logging_mixin.py:188} INFO - [2024-02-06T21:57:47.265+0100] {dag.py:3823} INFO - Setting next_dagrun for example_branch_python_operator_decorator to 2024-02-05 00:00:00+00:00, run_after=2024-02-06 00:00:00+00:00
[2024-02-06T21:57:47.356+0100] {processor.py:183} INFO - Processing /home/ubuntu/.local/lib/python3.10/site-packages/airflow/example_dags/example_branch_operator_decorator.py took 0.649 seconds
[2024-02-06T21:58:14.955+0100] {processor.py:161} INFO - Started process (PID=33349) to work on /home/ubuntu/.local/lib/python3.10/site-packages/airflow/example_dags/example_branch_operator_decorator.py
[2024-02-06T21:58:14.957+0100] {processor.py:830} INFO - Processing file /home/ubuntu/.local/lib/python3.10/site-packages/airflow/example_dags/example_branch_operator_decorator.py for tasks to queue
[2024-02-06T21:58:14.960+0100] {logging_mixin.py:188} INFO - [2024-02-06T21:58:14.959+0100] {dagbag.py:538} INFO - Filling up the DagBag from /home/ubuntu/.local/lib/python3.10/site-packages/airflow/example_dags/example_branch_operator_decorator.py
[2024-02-06T21:58:15.056+0100] {processor.py:840} INFO - DAG(s) 'example_branch_python_operator_decorator' retrieved from /home/ubuntu/.local/lib/python3.10/site-packages/airflow/example_dags/example_branch_operator_decorator.py
[2024-02-06T21:58:15.086+0100] {logging_mixin.py:188} INFO - [2024-02-06T21:58:15.086+0100] {dag.py:3036} INFO - Sync 1 DAGs
[2024-02-06T21:58:15.163+0100] {logging_mixin.py:188} INFO - [2024-02-06T21:58:15.162+0100] {dag.py:3823} INFO - Setting next_dagrun for example_branch_python_operator_decorator to 2024-02-05 00:00:00+00:00, run_after=2024-02-06 00:00:00+00:00
[2024-02-06T21:58:15.257+0100] {processor.py:183} INFO - Processing /home/ubuntu/.local/lib/python3.10/site-packages/airflow/example_dags/example_branch_operator_decorator.py took 0.313 seconds
[2024-02-06T21:59:52.505+0100] {processor.py:161} INFO - Started process (PID=34251) to work on /home/ubuntu/.local/lib/python3.10/site-packages/airflow/example_dags/example_branch_operator_decorator.py
[2024-02-06T21:59:52.556+0100] {processor.py:830} INFO - Processing file /home/ubuntu/.local/lib/python3.10/site-packages/airflow/example_dags/example_branch_operator_decorator.py for tasks to queue
[2024-02-06T21:59:52.559+0100] {logging_mixin.py:188} INFO - [2024-02-06T21:59:52.558+0100] {dagbag.py:538} INFO - Filling up the DagBag from /home/ubuntu/.local/lib/python3.10/site-packages/airflow/example_dags/example_branch_operator_decorator.py
[2024-02-06T21:59:52.655+0100] {processor.py:840} INFO - DAG(s) 'example_branch_python_operator_decorator' retrieved from /home/ubuntu/.local/lib/python3.10/site-packages/airflow/example_dags/example_branch_operator_decorator.py
[2024-02-06T21:59:52.992+0100] {logging_mixin.py:188} INFO - [2024-02-06T21:59:52.991+0100] {dag.py:3036} INFO - Sync 1 DAGs
[2024-02-06T21:59:53.096+0100] {logging_mixin.py:188} INFO - [2024-02-06T21:59:53.096+0100] {dag.py:3823} INFO - Setting next_dagrun for example_branch_python_operator_decorator to 2024-02-05 00:00:00+00:00, run_after=2024-02-06 00:00:00+00:00
[2024-02-06T21:59:53.211+0100] {processor.py:183} INFO - Processing /home/ubuntu/.local/lib/python3.10/site-packages/airflow/example_dags/example_branch_operator_decorator.py took 0.753 seconds
[2024-02-06T22:00:08.065+0100] {processor.py:161} INFO - Started process (PID=34385) to work on /home/ubuntu/.local/lib/python3.10/site-packages/airflow/example_dags/example_branch_operator_decorator.py
[2024-02-06T22:00:08.067+0100] {processor.py:830} INFO - Processing file /home/ubuntu/.local/lib/python3.10/site-packages/airflow/example_dags/example_branch_operator_decorator.py for tasks to queue
[2024-02-06T22:00:08.069+0100] {logging_mixin.py:188} INFO - [2024-02-06T22:00:08.068+0100] {dagbag.py:538} INFO - Filling up the DagBag from /home/ubuntu/.local/lib/python3.10/site-packages/airflow/example_dags/example_branch_operator_decorator.py
[2024-02-06T22:00:08.117+0100] {processor.py:840} INFO - DAG(s) 'example_branch_python_operator_decorator' retrieved from /home/ubuntu/.local/lib/python3.10/site-packages/airflow/example_dags/example_branch_operator_decorator.py
[2024-02-06T22:00:08.135+0100] {logging_mixin.py:188} INFO - [2024-02-06T22:00:08.134+0100] {dag.py:3036} INFO - Sync 1 DAGs
[2024-02-06T22:00:08.258+0100] {logging_mixin.py:188} INFO - [2024-02-06T22:00:08.257+0100] {dag.py:3823} INFO - Setting next_dagrun for example_branch_python_operator_decorator to 2024-02-05 00:00:00+00:00, run_after=2024-02-06 00:00:00+00:00
[2024-02-06T22:00:08.320+0100] {processor.py:183} INFO - Processing /home/ubuntu/.local/lib/python3.10/site-packages/airflow/example_dags/example_branch_operator_decorator.py took 0.263 seconds
[2024-02-06T22:01:37.732+0100] {processor.py:161} INFO - Started process (PID=34919) to work on /home/ubuntu/.local/lib/python3.10/site-packages/airflow/example_dags/example_branch_operator_decorator.py
[2024-02-06T22:01:37.735+0100] {processor.py:830} INFO - Processing file /home/ubuntu/.local/lib/python3.10/site-packages/airflow/example_dags/example_branch_operator_decorator.py for tasks to queue
[2024-02-06T22:01:37.738+0100] {logging_mixin.py:188} INFO - [2024-02-06T22:01:37.737+0100] {dagbag.py:538} INFO - Filling up the DagBag from /home/ubuntu/.local/lib/python3.10/site-packages/airflow/example_dags/example_branch_operator_decorator.py
[2024-02-06T22:01:37.789+0100] {processor.py:840} INFO - DAG(s) 'example_branch_python_operator_decorator' retrieved from /home/ubuntu/.local/lib/python3.10/site-packages/airflow/example_dags/example_branch_operator_decorator.py
[2024-02-06T22:01:37.844+0100] {logging_mixin.py:188} INFO - [2024-02-06T22:01:37.843+0100] {dag.py:3036} INFO - Sync 1 DAGs
[2024-02-06T22:01:37.914+0100] {logging_mixin.py:188} INFO - [2024-02-06T22:01:37.913+0100] {dag.py:3823} INFO - Setting next_dagrun for example_branch_python_operator_decorator to 2024-02-05 00:00:00+00:00, run_after=2024-02-06 00:00:00+00:00
[2024-02-06T22:01:37.991+0100] {processor.py:183} INFO - Processing /home/ubuntu/.local/lib/python3.10/site-packages/airflow/example_dags/example_branch_operator_decorator.py took 0.267 seconds
[2024-02-06T22:01:40.062+0100] {processor.py:161} INFO - Started process (PID=34953) to work on /home/ubuntu/.local/lib/python3.10/site-packages/airflow/example_dags/example_branch_operator_decorator.py
[2024-02-06T22:01:40.067+0100] {processor.py:830} INFO - Processing file /home/ubuntu/.local/lib/python3.10/site-packages/airflow/example_dags/example_branch_operator_decorator.py for tasks to queue
[2024-02-06T22:01:40.069+0100] {logging_mixin.py:188} INFO - [2024-02-06T22:01:40.068+0100] {dagbag.py:538} INFO - Filling up the DagBag from /home/ubuntu/.local/lib/python3.10/site-packages/airflow/example_dags/example_branch_operator_decorator.py
[2024-02-06T22:01:40.226+0100] {processor.py:840} INFO - DAG(s) 'example_branch_python_operator_decorator' retrieved from /home/ubuntu/.local/lib/python3.10/site-packages/airflow/example_dags/example_branch_operator_decorator.py
[2024-02-06T22:01:40.636+0100] {logging_mixin.py:188} INFO - [2024-02-06T22:01:40.635+0100] {dag.py:3036} INFO - Sync 1 DAGs
[2024-02-06T22:01:40.704+0100] {logging_mixin.py:188} INFO - [2024-02-06T22:01:40.704+0100] {dag.py:3823} INFO - Setting next_dagrun for example_branch_python_operator_decorator to 2024-02-05 00:00:00+00:00, run_after=2024-02-06 00:00:00+00:00
[2024-02-06T22:01:40.789+0100] {processor.py:183} INFO - Processing /home/ubuntu/.local/lib/python3.10/site-packages/airflow/example_dags/example_branch_operator_decorator.py took 0.739 seconds
[2024-02-06T22:03:13.132+0100] {processor.py:161} INFO - Started process (PID=35890) to work on /home/ubuntu/.local/lib/python3.10/site-packages/airflow/example_dags/example_branch_operator_decorator.py
[2024-02-06T22:03:13.135+0100] {processor.py:830} INFO - Processing file /home/ubuntu/.local/lib/python3.10/site-packages/airflow/example_dags/example_branch_operator_decorator.py for tasks to queue
[2024-02-06T22:03:13.137+0100] {logging_mixin.py:188} INFO - [2024-02-06T22:03:13.136+0100] {dagbag.py:538} INFO - Filling up the DagBag from /home/ubuntu/.local/lib/python3.10/site-packages/airflow/example_dags/example_branch_operator_decorator.py
[2024-02-06T22:03:13.195+0100] {processor.py:840} INFO - DAG(s) 'example_branch_python_operator_decorator' retrieved from /home/ubuntu/.local/lib/python3.10/site-packages/airflow/example_dags/example_branch_operator_decorator.py
[2024-02-06T22:03:13.243+0100] {logging_mixin.py:188} INFO - [2024-02-06T22:03:13.243+0100] {dag.py:3036} INFO - Sync 1 DAGs
[2024-02-06T22:03:13.315+0100] {logging_mixin.py:188} INFO - [2024-02-06T22:03:13.314+0100] {dag.py:3823} INFO - Setting next_dagrun for example_branch_python_operator_decorator to 2024-02-05 00:00:00+00:00, run_after=2024-02-06 00:00:00+00:00
[2024-02-06T22:03:13.321+0100] {processor.py:161} INFO - Started process (PID=35891) to work on /home/ubuntu/.local/lib/python3.10/site-packages/airflow/example_dags/example_branch_operator_decorator.py
[2024-02-06T22:03:13.323+0100] {processor.py:830} INFO - Processing file /home/ubuntu/.local/lib/python3.10/site-packages/airflow/example_dags/example_branch_operator_decorator.py for tasks to queue
[2024-02-06T22:03:13.327+0100] {logging_mixin.py:188} INFO - [2024-02-06T22:03:13.326+0100] {dagbag.py:538} INFO - Filling up the DagBag from /home/ubuntu/.local/lib/python3.10/site-packages/airflow/example_dags/example_branch_operator_decorator.py
[2024-02-06T22:03:13.406+0100] {processor.py:183} INFO - Processing /home/ubuntu/.local/lib/python3.10/site-packages/airflow/example_dags/example_branch_operator_decorator.py took 0.281 seconds
[2024-02-06T22:03:13.422+0100] {processor.py:840} INFO - DAG(s) 'example_branch_python_operator_decorator' retrieved from /home/ubuntu/.local/lib/python3.10/site-packages/airflow/example_dags/example_branch_operator_decorator.py
[2024-02-06T22:03:13.677+0100] {logging_mixin.py:188} INFO - [2024-02-06T22:03:13.677+0100] {dag.py:3036} INFO - Sync 1 DAGs
[2024-02-06T22:03:13.740+0100] {logging_mixin.py:188} INFO - [2024-02-06T22:03:13.739+0100] {dag.py:3823} INFO - Setting next_dagrun for example_branch_python_operator_decorator to 2024-02-05 00:00:00+00:00, run_after=2024-02-06 00:00:00+00:00
[2024-02-06T22:03:13.869+0100] {processor.py:183} INFO - Processing /home/ubuntu/.local/lib/python3.10/site-packages/airflow/example_dags/example_branch_operator_decorator.py took 0.557 seconds
[2024-02-06T22:06:56.801+0100] {processor.py:161} INFO - Started process (PID=37789) to work on /home/ubuntu/.local/lib/python3.10/site-packages/airflow/example_dags/example_branch_operator_decorator.py
[2024-02-06T22:06:56.807+0100] {processor.py:830} INFO - Processing file /home/ubuntu/.local/lib/python3.10/site-packages/airflow/example_dags/example_branch_operator_decorator.py for tasks to queue
[2024-02-06T22:06:56.810+0100] {logging_mixin.py:188} INFO - [2024-02-06T22:06:56.809+0100] {dagbag.py:538} INFO - Filling up the DagBag from /home/ubuntu/.local/lib/python3.10/site-packages/airflow/example_dags/example_branch_operator_decorator.py
[2024-02-06T22:06:56.868+0100] {processor.py:840} INFO - DAG(s) 'example_branch_python_operator_decorator' retrieved from /home/ubuntu/.local/lib/python3.10/site-packages/airflow/example_dags/example_branch_operator_decorator.py
[2024-02-06T22:06:57.085+0100] {logging_mixin.py:188} INFO - [2024-02-06T22:06:57.084+0100] {dag.py:3036} INFO - Sync 1 DAGs
[2024-02-06T22:06:57.134+0100] {logging_mixin.py:188} INFO - [2024-02-06T22:06:57.134+0100] {dag.py:3823} INFO - Setting next_dagrun for example_branch_python_operator_decorator to 2024-02-05 00:00:00+00:00, run_after=2024-02-06 00:00:00+00:00
[2024-02-06T22:06:57.235+0100] {processor.py:183} INFO - Processing /home/ubuntu/.local/lib/python3.10/site-packages/airflow/example_dags/example_branch_operator_decorator.py took 0.443 seconds
[2024-02-06T22:11:21.062+0100] {processor.py:161} INFO - Started process (PID=39342) to work on /home/ubuntu/.local/lib/python3.10/site-packages/airflow/example_dags/example_branch_operator_decorator.py
[2024-02-06T22:11:21.072+0100] {processor.py:830} INFO - Processing file /home/ubuntu/.local/lib/python3.10/site-packages/airflow/example_dags/example_branch_operator_decorator.py for tasks to queue
[2024-02-06T22:11:21.076+0100] {logging_mixin.py:188} INFO - [2024-02-06T22:11:21.074+0100] {dagbag.py:538} INFO - Filling up the DagBag from /home/ubuntu/.local/lib/python3.10/site-packages/airflow/example_dags/example_branch_operator_decorator.py
[2024-02-06T22:11:21.133+0100] {processor.py:840} INFO - DAG(s) 'example_branch_python_operator_decorator' retrieved from /home/ubuntu/.local/lib/python3.10/site-packages/airflow/example_dags/example_branch_operator_decorator.py
[2024-02-06T22:11:21.523+0100] {logging_mixin.py:188} INFO - [2024-02-06T22:11:21.522+0100] {dag.py:3036} INFO - Sync 1 DAGs
[2024-02-06T22:11:21.594+0100] {logging_mixin.py:188} INFO - [2024-02-06T22:11:21.594+0100] {dag.py:3823} INFO - Setting next_dagrun for example_branch_python_operator_decorator to 2024-02-05 00:00:00+00:00, run_after=2024-02-06 00:00:00+00:00
[2024-02-06T22:11:21.754+0100] {processor.py:183} INFO - Processing /home/ubuntu/.local/lib/python3.10/site-packages/airflow/example_dags/example_branch_operator_decorator.py took 0.700 seconds
[2024-02-06T22:13:47.138+0100] {processor.py:161} INFO - Started process (PID=40433) to work on /home/ubuntu/.local/lib/python3.10/site-packages/airflow/example_dags/example_branch_operator_decorator.py
[2024-02-06T22:13:47.149+0100] {processor.py:830} INFO - Processing file /home/ubuntu/.local/lib/python3.10/site-packages/airflow/example_dags/example_branch_operator_decorator.py for tasks to queue
[2024-02-06T22:13:47.156+0100] {logging_mixin.py:188} INFO - [2024-02-06T22:13:47.153+0100] {dagbag.py:538} INFO - Filling up the DagBag from /home/ubuntu/.local/lib/python3.10/site-packages/airflow/example_dags/example_branch_operator_decorator.py
[2024-02-06T22:13:47.241+0100] {processor.py:840} INFO - DAG(s) 'example_branch_python_operator_decorator' retrieved from /home/ubuntu/.local/lib/python3.10/site-packages/airflow/example_dags/example_branch_operator_decorator.py
[2024-02-06T22:13:47.615+0100] {logging_mixin.py:188} INFO - [2024-02-06T22:13:47.614+0100] {dag.py:3036} INFO - Sync 1 DAGs
[2024-02-06T22:13:47.687+0100] {logging_mixin.py:188} INFO - [2024-02-06T22:13:47.687+0100] {dag.py:3823} INFO - Setting next_dagrun for example_branch_python_operator_decorator to 2024-02-05 00:00:00+00:00, run_after=2024-02-06 00:00:00+00:00
[2024-02-06T22:13:47.827+0100] {processor.py:183} INFO - Processing /home/ubuntu/.local/lib/python3.10/site-packages/airflow/example_dags/example_branch_operator_decorator.py took 0.720 seconds
[2024-02-06T22:15:47.137+0100] {processor.py:161} INFO - Started process (PID=41658) to work on /home/ubuntu/.local/lib/python3.10/site-packages/airflow/example_dags/example_branch_operator_decorator.py
[2024-02-06T22:15:47.147+0100] {processor.py:830} INFO - Processing file /home/ubuntu/.local/lib/python3.10/site-packages/airflow/example_dags/example_branch_operator_decorator.py for tasks to queue
[2024-02-06T22:15:47.148+0100] {logging_mixin.py:188} INFO - [2024-02-06T22:15:47.148+0100] {dagbag.py:538} INFO - Filling up the DagBag from /home/ubuntu/.local/lib/python3.10/site-packages/airflow/example_dags/example_branch_operator_decorator.py
[2024-02-06T22:15:47.196+0100] {processor.py:840} INFO - DAG(s) 'example_branch_python_operator_decorator' retrieved from /home/ubuntu/.local/lib/python3.10/site-packages/airflow/example_dags/example_branch_operator_decorator.py
[2024-02-06T22:15:47.232+0100] {logging_mixin.py:188} INFO - [2024-02-06T22:15:47.231+0100] {dag.py:3036} INFO - Sync 1 DAGs
[2024-02-06T22:15:47.266+0100] {logging_mixin.py:188} INFO - [2024-02-06T22:15:47.266+0100] {dag.py:3823} INFO - Setting next_dagrun for example_branch_python_operator_decorator to 2024-02-05 00:00:00+00:00, run_after=2024-02-06 00:00:00+00:00
[2024-02-06T22:15:47.324+0100] {processor.py:183} INFO - Processing /home/ubuntu/.local/lib/python3.10/site-packages/airflow/example_dags/example_branch_operator_decorator.py took 0.195 seconds
[2024-02-06T22:28:52.815+0100] {processor.py:161} INFO - Started process (PID=50721) to work on /home/ubuntu/.local/lib/python3.10/site-packages/airflow/example_dags/example_branch_operator_decorator.py
[2024-02-06T22:28:52.820+0100] {processor.py:830} INFO - Processing file /home/ubuntu/.local/lib/python3.10/site-packages/airflow/example_dags/example_branch_operator_decorator.py for tasks to queue
[2024-02-06T22:28:52.825+0100] {logging_mixin.py:188} INFO - [2024-02-06T22:28:52.823+0100] {dagbag.py:538} INFO - Filling up the DagBag from /home/ubuntu/.local/lib/python3.10/site-packages/airflow/example_dags/example_branch_operator_decorator.py
[2024-02-06T22:28:52.953+0100] {processor.py:840} INFO - DAG(s) 'example_branch_python_operator_decorator' retrieved from /home/ubuntu/.local/lib/python3.10/site-packages/airflow/example_dags/example_branch_operator_decorator.py
[2024-02-06T22:28:53.538+0100] {logging_mixin.py:188} INFO - [2024-02-06T22:28:53.536+0100] {dag.py:3036} INFO - Sync 1 DAGs
[2024-02-06T22:28:53.626+0100] {logging_mixin.py:188} INFO - [2024-02-06T22:28:53.626+0100] {dag.py:3823} INFO - Setting next_dagrun for example_branch_python_operator_decorator to 2024-02-05 00:00:00+00:00, run_after=2024-02-06 00:00:00+00:00
[2024-02-06T22:28:53.862+0100] {processor.py:183} INFO - Processing /home/ubuntu/.local/lib/python3.10/site-packages/airflow/example_dags/example_branch_operator_decorator.py took 1.057 seconds
[2024-02-06T22:36:03.972+0100] {processor.py:161} INFO - Started process (PID=55886) to work on /home/ubuntu/.local/lib/python3.10/site-packages/airflow/example_dags/example_branch_operator_decorator.py
[2024-02-06T22:36:04.004+0100] {processor.py:830} INFO - Processing file /home/ubuntu/.local/lib/python3.10/site-packages/airflow/example_dags/example_branch_operator_decorator.py for tasks to queue
[2024-02-06T22:36:04.007+0100] {logging_mixin.py:188} INFO - [2024-02-06T22:36:04.006+0100] {dagbag.py:538} INFO - Filling up the DagBag from /home/ubuntu/.local/lib/python3.10/site-packages/airflow/example_dags/example_branch_operator_decorator.py
[2024-02-06T22:36:04.153+0100] {processor.py:840} INFO - DAG(s) 'example_branch_python_operator_decorator' retrieved from /home/ubuntu/.local/lib/python3.10/site-packages/airflow/example_dags/example_branch_operator_decorator.py
[2024-02-06T22:36:04.262+0100] {logging_mixin.py:188} INFO - [2024-02-06T22:36:04.261+0100] {dag.py:3036} INFO - Sync 1 DAGs
[2024-02-06T22:36:04.369+0100] {logging_mixin.py:188} INFO - [2024-02-06T22:36:04.369+0100] {dag.py:3823} INFO - Setting next_dagrun for example_branch_python_operator_decorator to 2024-02-05 00:00:00+00:00, run_after=2024-02-06 00:00:00+00:00
[2024-02-06T22:36:04.562+0100] {processor.py:183} INFO - Processing /home/ubuntu/.local/lib/python3.10/site-packages/airflow/example_dags/example_branch_operator_decorator.py took 0.612 seconds
[2024-02-06T23:15:11.112+0100] {processor.py:161} INFO - Started process (PID=64659) to work on /home/ubuntu/.local/lib/python3.10/site-packages/airflow/example_dags/example_branch_operator_decorator.py
[2024-02-06T23:15:11.131+0100] {processor.py:830} INFO - Processing file /home/ubuntu/.local/lib/python3.10/site-packages/airflow/example_dags/example_branch_operator_decorator.py for tasks to queue
[2024-02-06T23:15:11.141+0100] {logging_mixin.py:188} INFO - [2024-02-06T23:15:11.135+0100] {dagbag.py:538} INFO - Filling up the DagBag from /home/ubuntu/.local/lib/python3.10/site-packages/airflow/example_dags/example_branch_operator_decorator.py
[2024-02-06T23:15:11.299+0100] {processor.py:840} INFO - DAG(s) 'example_branch_python_operator_decorator' retrieved from /home/ubuntu/.local/lib/python3.10/site-packages/airflow/example_dags/example_branch_operator_decorator.py
[2024-02-06T23:15:12.657+0100] {logging_mixin.py:188} INFO - [2024-02-06T23:15:12.657+0100] {dag.py:3036} INFO - Sync 1 DAGs
[2024-02-06T23:15:13.595+0100] {logging_mixin.py:188} INFO - [2024-02-06T23:15:13.477+0100] {dag.py:3823} INFO - Setting next_dagrun for example_branch_python_operator_decorator to 2024-02-05 00:00:00+00:00, run_after=2024-02-06 00:00:00+00:00
[2024-02-06T23:15:13.980+0100] {processor.py:183} INFO - Processing /home/ubuntu/.local/lib/python3.10/site-packages/airflow/example_dags/example_branch_operator_decorator.py took 2.875 seconds
[2024-02-06T23:30:36.249+0100] {processor.py:161} INFO - Started process (PID=73131) to work on /home/ubuntu/.local/lib/python3.10/site-packages/airflow/example_dags/example_branch_operator_decorator.py
[2024-02-06T23:30:36.315+0100] {processor.py:830} INFO - Processing file /home/ubuntu/.local/lib/python3.10/site-packages/airflow/example_dags/example_branch_operator_decorator.py for tasks to queue
[2024-02-06T23:30:36.330+0100] {logging_mixin.py:188} INFO - [2024-02-06T23:30:36.325+0100] {dagbag.py:538} INFO - Filling up the DagBag from /home/ubuntu/.local/lib/python3.10/site-packages/airflow/example_dags/example_branch_operator_decorator.py
[2024-02-06T23:30:36.547+0100] {processor.py:840} INFO - DAG(s) 'example_branch_python_operator_decorator' retrieved from /home/ubuntu/.local/lib/python3.10/site-packages/airflow/example_dags/example_branch_operator_decorator.py
[2024-02-06T23:30:37.151+0100] {logging_mixin.py:188} INFO - [2024-02-06T23:30:37.142+0100] {dag.py:3036} INFO - Sync 1 DAGs
[2024-02-06T23:30:37.242+0100] {logging_mixin.py:188} INFO - [2024-02-06T23:30:37.241+0100] {dag.py:3823} INFO - Setting next_dagrun for example_branch_python_operator_decorator to 2024-02-05 00:00:00+00:00, run_after=2024-02-06 00:00:00+00:00
[2024-02-06T23:30:37.366+0100] {processor.py:183} INFO - Processing /home/ubuntu/.local/lib/python3.10/site-packages/airflow/example_dags/example_branch_operator_decorator.py took 1.135 seconds
