[2024-02-06T21:28:03.092+0100] {processor.py:161} INFO - Started process (PID=23526) to work on /home/ubuntu/.local/lib/python3.10/site-packages/airflow/example_dags/example_python_operator.py
[2024-02-06T21:28:03.094+0100] {processor.py:830} INFO - Processing file /home/ubuntu/.local/lib/python3.10/site-packages/airflow/example_dags/example_python_operator.py for tasks to queue
[2024-02-06T21:28:03.096+0100] {logging_mixin.py:188} INFO - [2024-02-06T21:28:03.095+0100] {dagbag.py:538} INFO - Filling up the DagBag from /home/ubuntu/.local/lib/python3.10/site-packages/airflow/example_dags/example_python_operator.py
[2024-02-06T21:28:03.124+0100] {processor.py:840} INFO - DAG(s) 'example_python_operator' retrieved from /home/ubuntu/.local/lib/python3.10/site-packages/airflow/example_dags/example_python_operator.py
[2024-02-06T21:28:03.344+0100] {logging_mixin.py:188} INFO - [2024-02-06T21:28:03.343+0100] {dag.py:3036} INFO - Sync 1 DAGs
[2024-02-06T21:28:03.355+0100] {logging_mixin.py:188} INFO - [2024-02-06T21:28:03.355+0100] {dag.py:3823} INFO - Setting next_dagrun for example_python_operator to None, run_after=None
[2024-02-06T21:28:03.457+0100] {processor.py:183} INFO - Processing /home/ubuntu/.local/lib/python3.10/site-packages/airflow/example_dags/example_python_operator.py took 0.371 seconds
[2024-02-06T21:29:18.093+0100] {processor.py:161} INFO - Started process (PID=24267) to work on /home/ubuntu/.local/lib/python3.10/site-packages/airflow/example_dags/example_python_operator.py
[2024-02-06T21:29:18.096+0100] {processor.py:830} INFO - Processing file /home/ubuntu/.local/lib/python3.10/site-packages/airflow/example_dags/example_python_operator.py for tasks to queue
[2024-02-06T21:29:18.107+0100] {logging_mixin.py:188} INFO - [2024-02-06T21:29:18.105+0100] {dagbag.py:538} INFO - Filling up the DagBag from /home/ubuntu/.local/lib/python3.10/site-packages/airflow/example_dags/example_python_operator.py
[2024-02-06T21:29:18.197+0100] {processor.py:840} INFO - DAG(s) 'example_python_operator' retrieved from /home/ubuntu/.local/lib/python3.10/site-packages/airflow/example_dags/example_python_operator.py
[2024-02-06T21:29:18.285+0100] {logging_mixin.py:188} INFO - [2024-02-06T21:29:18.280+0100] {dag.py:3036} INFO - Sync 1 DAGs
[2024-02-06T21:29:18.316+0100] {logging_mixin.py:188} INFO - [2024-02-06T21:29:18.315+0100] {dag.py:3823} INFO - Setting next_dagrun for example_python_operator to None, run_after=None
[2024-02-06T21:29:18.501+0100] {processor.py:183} INFO - Processing /home/ubuntu/.local/lib/python3.10/site-packages/airflow/example_dags/example_python_operator.py took 0.420 seconds
[2024-02-06T21:31:05.701+0100] {processor.py:161} INFO - Started process (PID=24899) to work on /home/ubuntu/.local/lib/python3.10/site-packages/airflow/example_dags/example_python_operator.py
[2024-02-06T21:31:05.707+0100] {processor.py:830} INFO - Processing file /home/ubuntu/.local/lib/python3.10/site-packages/airflow/example_dags/example_python_operator.py for tasks to queue
[2024-02-06T21:31:05.709+0100] {logging_mixin.py:188} INFO - [2024-02-06T21:31:05.708+0100] {dagbag.py:538} INFO - Filling up the DagBag from /home/ubuntu/.local/lib/python3.10/site-packages/airflow/example_dags/example_python_operator.py
[2024-02-06T21:31:05.742+0100] {processor.py:840} INFO - DAG(s) 'example_python_operator' retrieved from /home/ubuntu/.local/lib/python3.10/site-packages/airflow/example_dags/example_python_operator.py
[2024-02-06T21:31:05.972+0100] {logging_mixin.py:188} INFO - [2024-02-06T21:31:05.972+0100] {dag.py:3036} INFO - Sync 1 DAGs
[2024-02-06T21:31:06.000+0100] {logging_mixin.py:188} INFO - [2024-02-06T21:31:06.000+0100] {dag.py:3823} INFO - Setting next_dagrun for example_python_operator to None, run_after=None
[2024-02-06T21:31:06.076+0100] {processor.py:183} INFO - Processing /home/ubuntu/.local/lib/python3.10/site-packages/airflow/example_dags/example_python_operator.py took 0.384 seconds
[2024-02-06T21:32:14.421+0100] {processor.py:161} INFO - Started process (PID=25129) to work on /home/ubuntu/.local/lib/python3.10/site-packages/airflow/example_dags/example_python_operator.py
[2024-02-06T21:32:14.423+0100] {processor.py:830} INFO - Processing file /home/ubuntu/.local/lib/python3.10/site-packages/airflow/example_dags/example_python_operator.py for tasks to queue
[2024-02-06T21:32:14.425+0100] {logging_mixin.py:188} INFO - [2024-02-06T21:32:14.424+0100] {dagbag.py:538} INFO - Filling up the DagBag from /home/ubuntu/.local/lib/python3.10/site-packages/airflow/example_dags/example_python_operator.py
[2024-02-06T21:32:14.445+0100] {processor.py:840} INFO - DAG(s) 'example_python_operator' retrieved from /home/ubuntu/.local/lib/python3.10/site-packages/airflow/example_dags/example_python_operator.py
[2024-02-06T21:32:14.475+0100] {logging_mixin.py:188} INFO - [2024-02-06T21:32:14.474+0100] {dag.py:3036} INFO - Sync 1 DAGs
[2024-02-06T21:32:14.494+0100] {logging_mixin.py:188} INFO - [2024-02-06T21:32:14.493+0100] {dag.py:3823} INFO - Setting next_dagrun for example_python_operator to None, run_after=None
[2024-02-06T21:32:14.556+0100] {processor.py:183} INFO - Processing /home/ubuntu/.local/lib/python3.10/site-packages/airflow/example_dags/example_python_operator.py took 0.141 seconds
[2024-02-06T21:33:32.717+0100] {processor.py:161} INFO - Started process (PID=25507) to work on /home/ubuntu/.local/lib/python3.10/site-packages/airflow/example_dags/example_python_operator.py
[2024-02-06T21:33:32.760+0100] {processor.py:830} INFO - Processing file /home/ubuntu/.local/lib/python3.10/site-packages/airflow/example_dags/example_python_operator.py for tasks to queue
[2024-02-06T21:33:32.771+0100] {logging_mixin.py:188} INFO - [2024-02-06T21:33:32.766+0100] {dagbag.py:538} INFO - Filling up the DagBag from /home/ubuntu/.local/lib/python3.10/site-packages/airflow/example_dags/example_python_operator.py
[2024-02-06T21:33:32.908+0100] {processor.py:840} INFO - DAG(s) 'example_python_operator' retrieved from /home/ubuntu/.local/lib/python3.10/site-packages/airflow/example_dags/example_python_operator.py
[2024-02-06T21:33:33.002+0100] {logging_mixin.py:188} INFO - [2024-02-06T21:33:33.001+0100] {dag.py:3036} INFO - Sync 1 DAGs
[2024-02-06T21:33:33.087+0100] {logging_mixin.py:188} INFO - [2024-02-06T21:33:33.086+0100] {dag.py:3823} INFO - Setting next_dagrun for example_python_operator to None, run_after=None
[2024-02-06T21:33:33.255+0100] {processor.py:183} INFO - Processing /home/ubuntu/.local/lib/python3.10/site-packages/airflow/example_dags/example_python_operator.py took 0.565 seconds
[2024-02-06T21:40:36.911+0100] {processor.py:161} INFO - Started process (PID=27745) to work on /home/ubuntu/.local/lib/python3.10/site-packages/airflow/example_dags/example_python_operator.py
[2024-02-06T21:40:36.926+0100] {processor.py:830} INFO - Processing file /home/ubuntu/.local/lib/python3.10/site-packages/airflow/example_dags/example_python_operator.py for tasks to queue
[2024-02-06T21:40:36.929+0100] {logging_mixin.py:188} INFO - [2024-02-06T21:40:36.928+0100] {dagbag.py:538} INFO - Filling up the DagBag from /home/ubuntu/.local/lib/python3.10/site-packages/airflow/example_dags/example_python_operator.py
[2024-02-06T21:40:36.964+0100] {processor.py:840} INFO - DAG(s) 'example_python_operator' retrieved from /home/ubuntu/.local/lib/python3.10/site-packages/airflow/example_dags/example_python_operator.py
[2024-02-06T21:40:37.307+0100] {logging_mixin.py:188} INFO - [2024-02-06T21:40:37.296+0100] {dag.py:3036} INFO - Sync 1 DAGs
[2024-02-06T21:40:37.347+0100] {logging_mixin.py:188} INFO - [2024-02-06T21:40:37.346+0100] {dag.py:3823} INFO - Setting next_dagrun for example_python_operator to None, run_after=None
[2024-02-06T21:40:37.536+0100] {processor.py:183} INFO - Processing /home/ubuntu/.local/lib/python3.10/site-packages/airflow/example_dags/example_python_operator.py took 0.635 seconds
[2024-02-06T21:41:16.216+0100] {processor.py:161} INFO - Started process (PID=27957) to work on /home/ubuntu/.local/lib/python3.10/site-packages/airflow/example_dags/example_python_operator.py
[2024-02-06T21:41:16.220+0100] {processor.py:830} INFO - Processing file /home/ubuntu/.local/lib/python3.10/site-packages/airflow/example_dags/example_python_operator.py for tasks to queue
[2024-02-06T21:41:16.223+0100] {logging_mixin.py:188} INFO - [2024-02-06T21:41:16.222+0100] {dagbag.py:538} INFO - Filling up the DagBag from /home/ubuntu/.local/lib/python3.10/site-packages/airflow/example_dags/example_python_operator.py
[2024-02-06T21:41:16.256+0100] {processor.py:840} INFO - DAG(s) 'example_python_operator' retrieved from /home/ubuntu/.local/lib/python3.10/site-packages/airflow/example_dags/example_python_operator.py
[2024-02-06T21:41:16.588+0100] {logging_mixin.py:188} INFO - [2024-02-06T21:41:16.587+0100] {dag.py:3036} INFO - Sync 1 DAGs
[2024-02-06T21:41:16.610+0100] {logging_mixin.py:188} INFO - [2024-02-06T21:41:16.609+0100] {dag.py:3823} INFO - Setting next_dagrun for example_python_operator to None, run_after=None
[2024-02-06T21:41:16.667+0100] {processor.py:183} INFO - Processing /home/ubuntu/.local/lib/python3.10/site-packages/airflow/example_dags/example_python_operator.py took 0.461 seconds
[2024-02-06T21:41:53.107+0100] {processor.py:161} INFO - Started process (PID=28182) to work on /home/ubuntu/.local/lib/python3.10/site-packages/airflow/example_dags/example_python_operator.py
[2024-02-06T21:41:53.121+0100] {processor.py:830} INFO - Processing file /home/ubuntu/.local/lib/python3.10/site-packages/airflow/example_dags/example_python_operator.py for tasks to queue
[2024-02-06T21:41:53.122+0100] {logging_mixin.py:188} INFO - [2024-02-06T21:41:53.122+0100] {dagbag.py:538} INFO - Filling up the DagBag from /home/ubuntu/.local/lib/python3.10/site-packages/airflow/example_dags/example_python_operator.py
[2024-02-06T21:41:53.186+0100] {processor.py:840} INFO - DAG(s) 'example_python_operator' retrieved from /home/ubuntu/.local/lib/python3.10/site-packages/airflow/example_dags/example_python_operator.py
[2024-02-06T21:41:53.417+0100] {logging_mixin.py:188} INFO - [2024-02-06T21:41:53.417+0100] {dag.py:3036} INFO - Sync 1 DAGs
[2024-02-06T21:41:53.429+0100] {logging_mixin.py:188} INFO - [2024-02-06T21:41:53.429+0100] {dag.py:3823} INFO - Setting next_dagrun for example_python_operator to None, run_after=None
[2024-02-06T21:41:53.610+0100] {processor.py:183} INFO - Processing /home/ubuntu/.local/lib/python3.10/site-packages/airflow/example_dags/example_python_operator.py took 0.555 seconds
[2024-02-06T21:42:30.922+0100] {processor.py:161} INFO - Started process (PID=28373) to work on /home/ubuntu/.local/lib/python3.10/site-packages/airflow/example_dags/example_python_operator.py
[2024-02-06T21:42:30.925+0100] {processor.py:830} INFO - Processing file /home/ubuntu/.local/lib/python3.10/site-packages/airflow/example_dags/example_python_operator.py for tasks to queue
[2024-02-06T21:42:30.935+0100] {logging_mixin.py:188} INFO - [2024-02-06T21:42:30.933+0100] {dagbag.py:538} INFO - Filling up the DagBag from /home/ubuntu/.local/lib/python3.10/site-packages/airflow/example_dags/example_python_operator.py
[2024-02-06T21:42:30.968+0100] {processor.py:840} INFO - DAG(s) 'example_python_operator' retrieved from /home/ubuntu/.local/lib/python3.10/site-packages/airflow/example_dags/example_python_operator.py
[2024-02-06T21:42:31.251+0100] {logging_mixin.py:188} INFO - [2024-02-06T21:42:31.251+0100] {dag.py:3036} INFO - Sync 1 DAGs
[2024-02-06T21:42:31.279+0100] {logging_mixin.py:188} INFO - [2024-02-06T21:42:31.272+0100] {dag.py:3823} INFO - Setting next_dagrun for example_python_operator to None, run_after=None
[2024-02-06T21:42:31.349+0100] {processor.py:183} INFO - Processing /home/ubuntu/.local/lib/python3.10/site-packages/airflow/example_dags/example_python_operator.py took 0.443 seconds
[2024-02-06T21:43:09.560+0100] {processor.py:161} INFO - Started process (PID=28618) to work on /home/ubuntu/.local/lib/python3.10/site-packages/airflow/example_dags/example_python_operator.py
[2024-02-06T21:43:09.564+0100] {processor.py:830} INFO - Processing file /home/ubuntu/.local/lib/python3.10/site-packages/airflow/example_dags/example_python_operator.py for tasks to queue
[2024-02-06T21:43:09.566+0100] {logging_mixin.py:188} INFO - [2024-02-06T21:43:09.565+0100] {dagbag.py:538} INFO - Filling up the DagBag from /home/ubuntu/.local/lib/python3.10/site-packages/airflow/example_dags/example_python_operator.py
[2024-02-06T21:43:09.597+0100] {processor.py:840} INFO - DAG(s) 'example_python_operator' retrieved from /home/ubuntu/.local/lib/python3.10/site-packages/airflow/example_dags/example_python_operator.py
[2024-02-06T21:43:09.762+0100] {logging_mixin.py:188} INFO - [2024-02-06T21:43:09.762+0100] {dag.py:3036} INFO - Sync 1 DAGs
[2024-02-06T21:43:09.780+0100] {logging_mixin.py:188} INFO - [2024-02-06T21:43:09.779+0100] {dag.py:3823} INFO - Setting next_dagrun for example_python_operator to None, run_after=None
[2024-02-06T21:43:09.863+0100] {processor.py:183} INFO - Processing /home/ubuntu/.local/lib/python3.10/site-packages/airflow/example_dags/example_python_operator.py took 0.318 seconds
[2024-02-06T21:43:45.272+0100] {processor.py:161} INFO - Started process (PID=28847) to work on /home/ubuntu/.local/lib/python3.10/site-packages/airflow/example_dags/example_python_operator.py
[2024-02-06T21:43:45.281+0100] {processor.py:830} INFO - Processing file /home/ubuntu/.local/lib/python3.10/site-packages/airflow/example_dags/example_python_operator.py for tasks to queue
[2024-02-06T21:43:45.283+0100] {logging_mixin.py:188} INFO - [2024-02-06T21:43:45.283+0100] {dagbag.py:538} INFO - Filling up the DagBag from /home/ubuntu/.local/lib/python3.10/site-packages/airflow/example_dags/example_python_operator.py
[2024-02-06T21:43:45.306+0100] {processor.py:840} INFO - DAG(s) 'example_python_operator' retrieved from /home/ubuntu/.local/lib/python3.10/site-packages/airflow/example_dags/example_python_operator.py
[2024-02-06T21:43:45.480+0100] {logging_mixin.py:188} INFO - [2024-02-06T21:43:45.479+0100] {dag.py:3036} INFO - Sync 1 DAGs
[2024-02-06T21:43:45.506+0100] {logging_mixin.py:188} INFO - [2024-02-06T21:43:45.505+0100] {dag.py:3823} INFO - Setting next_dagrun for example_python_operator to None, run_after=None
[2024-02-06T21:43:45.572+0100] {processor.py:183} INFO - Processing /home/ubuntu/.local/lib/python3.10/site-packages/airflow/example_dags/example_python_operator.py took 0.305 seconds
[2024-02-06T21:44:16.456+0100] {processor.py:161} INFO - Started process (PID=28957) to work on /home/ubuntu/.local/lib/python3.10/site-packages/airflow/example_dags/example_python_operator.py
[2024-02-06T21:44:16.457+0100] {processor.py:830} INFO - Processing file /home/ubuntu/.local/lib/python3.10/site-packages/airflow/example_dags/example_python_operator.py for tasks to queue
[2024-02-06T21:44:16.460+0100] {logging_mixin.py:188} INFO - [2024-02-06T21:44:16.459+0100] {dagbag.py:538} INFO - Filling up the DagBag from /home/ubuntu/.local/lib/python3.10/site-packages/airflow/example_dags/example_python_operator.py
[2024-02-06T21:44:16.493+0100] {processor.py:840} INFO - DAG(s) 'example_python_operator' retrieved from /home/ubuntu/.local/lib/python3.10/site-packages/airflow/example_dags/example_python_operator.py
[2024-02-06T21:44:16.756+0100] {logging_mixin.py:188} INFO - [2024-02-06T21:44:16.756+0100] {dag.py:3036} INFO - Sync 1 DAGs
[2024-02-06T21:44:16.773+0100] {logging_mixin.py:188} INFO - [2024-02-06T21:44:16.773+0100] {dag.py:3823} INFO - Setting next_dagrun for example_python_operator to None, run_after=None
[2024-02-06T21:44:16.832+0100] {processor.py:183} INFO - Processing /home/ubuntu/.local/lib/python3.10/site-packages/airflow/example_dags/example_python_operator.py took 0.383 seconds
[2024-02-06T21:45:00.762+0100] {processor.py:161} INFO - Started process (PID=29270) to work on /home/ubuntu/.local/lib/python3.10/site-packages/airflow/example_dags/example_python_operator.py
[2024-02-06T21:45:00.765+0100] {processor.py:830} INFO - Processing file /home/ubuntu/.local/lib/python3.10/site-packages/airflow/example_dags/example_python_operator.py for tasks to queue
[2024-02-06T21:45:00.767+0100] {logging_mixin.py:188} INFO - [2024-02-06T21:45:00.766+0100] {dagbag.py:538} INFO - Filling up the DagBag from /home/ubuntu/.local/lib/python3.10/site-packages/airflow/example_dags/example_python_operator.py
[2024-02-06T21:45:00.790+0100] {processor.py:840} INFO - DAG(s) 'example_python_operator' retrieved from /home/ubuntu/.local/lib/python3.10/site-packages/airflow/example_dags/example_python_operator.py
[2024-02-06T21:45:00.987+0100] {logging_mixin.py:188} INFO - [2024-02-06T21:45:00.986+0100] {dag.py:3036} INFO - Sync 1 DAGs
[2024-02-06T21:45:01.001+0100] {logging_mixin.py:188} INFO - [2024-02-06T21:45:01.000+0100] {dag.py:3823} INFO - Setting next_dagrun for example_python_operator to None, run_after=None
[2024-02-06T21:45:01.052+0100] {processor.py:183} INFO - Processing /home/ubuntu/.local/lib/python3.10/site-packages/airflow/example_dags/example_python_operator.py took 0.296 seconds
[2024-02-06T21:54:18.337+0100] {processor.py:161} INFO - Started process (PID=31193) to work on /home/ubuntu/.local/lib/python3.10/site-packages/airflow/example_dags/example_python_operator.py
[2024-02-06T21:54:18.343+0100] {processor.py:830} INFO - Processing file /home/ubuntu/.local/lib/python3.10/site-packages/airflow/example_dags/example_python_operator.py for tasks to queue
[2024-02-06T21:54:18.349+0100] {logging_mixin.py:188} INFO - [2024-02-06T21:54:18.348+0100] {dagbag.py:538} INFO - Filling up the DagBag from /home/ubuntu/.local/lib/python3.10/site-packages/airflow/example_dags/example_python_operator.py
[2024-02-06T21:54:18.403+0100] {processor.py:840} INFO - DAG(s) 'example_python_operator' retrieved from /home/ubuntu/.local/lib/python3.10/site-packages/airflow/example_dags/example_python_operator.py
[2024-02-06T21:54:18.554+0100] {logging_mixin.py:188} INFO - [2024-02-06T21:54:18.553+0100] {dag.py:3036} INFO - Sync 1 DAGs
[2024-02-06T21:54:18.565+0100] {logging_mixin.py:188} INFO - [2024-02-06T21:54:18.565+0100] {dag.py:3823} INFO - Setting next_dagrun for example_python_operator to None, run_after=None
[2024-02-06T21:54:18.646+0100] {processor.py:183} INFO - Processing /home/ubuntu/.local/lib/python3.10/site-packages/airflow/example_dags/example_python_operator.py took 0.317 seconds
[2024-02-06T21:55:28.135+0100] {processor.py:161} INFO - Started process (PID=31758) to work on /home/ubuntu/.local/lib/python3.10/site-packages/airflow/example_dags/example_python_operator.py
[2024-02-06T21:55:28.139+0100] {processor.py:830} INFO - Processing file /home/ubuntu/.local/lib/python3.10/site-packages/airflow/example_dags/example_python_operator.py for tasks to queue
[2024-02-06T21:55:28.141+0100] {logging_mixin.py:188} INFO - [2024-02-06T21:55:28.140+0100] {dagbag.py:538} INFO - Filling up the DagBag from /home/ubuntu/.local/lib/python3.10/site-packages/airflow/example_dags/example_python_operator.py
[2024-02-06T21:55:28.165+0100] {processor.py:840} INFO - DAG(s) 'example_python_operator' retrieved from /home/ubuntu/.local/lib/python3.10/site-packages/airflow/example_dags/example_python_operator.py
[2024-02-06T21:55:28.213+0100] {logging_mixin.py:188} INFO - [2024-02-06T21:55:28.213+0100] {dag.py:3036} INFO - Sync 1 DAGs
[2024-02-06T21:55:28.238+0100] {logging_mixin.py:188} INFO - [2024-02-06T21:55:28.237+0100] {dag.py:3823} INFO - Setting next_dagrun for example_python_operator to None, run_after=None
[2024-02-06T21:55:28.433+0100] {processor.py:183} INFO - Processing /home/ubuntu/.local/lib/python3.10/site-packages/airflow/example_dags/example_python_operator.py took 0.307 seconds
[2024-02-06T21:56:24.638+0100] {processor.py:161} INFO - Started process (PID=32351) to work on /home/ubuntu/.local/lib/python3.10/site-packages/airflow/example_dags/example_python_operator.py
[2024-02-06T21:56:24.647+0100] {processor.py:830} INFO - Processing file /home/ubuntu/.local/lib/python3.10/site-packages/airflow/example_dags/example_python_operator.py for tasks to queue
[2024-02-06T21:56:24.651+0100] {logging_mixin.py:188} INFO - [2024-02-06T21:56:24.649+0100] {dagbag.py:538} INFO - Filling up the DagBag from /home/ubuntu/.local/lib/python3.10/site-packages/airflow/example_dags/example_python_operator.py
[2024-02-06T21:56:24.693+0100] {processor.py:840} INFO - DAG(s) 'example_python_operator' retrieved from /home/ubuntu/.local/lib/python3.10/site-packages/airflow/example_dags/example_python_operator.py
[2024-02-06T21:56:24.997+0100] {logging_mixin.py:188} INFO - [2024-02-06T21:56:24.996+0100] {dag.py:3036} INFO - Sync 1 DAGs
[2024-02-06T21:56:25.015+0100] {logging_mixin.py:188} INFO - [2024-02-06T21:56:25.015+0100] {dag.py:3823} INFO - Setting next_dagrun for example_python_operator to None, run_after=None
[2024-02-06T21:56:25.086+0100] {processor.py:183} INFO - Processing /home/ubuntu/.local/lib/python3.10/site-packages/airflow/example_dags/example_python_operator.py took 0.459 seconds
[2024-02-06T21:57:02.409+0100] {processor.py:161} INFO - Started process (PID=32623) to work on /home/ubuntu/.local/lib/python3.10/site-packages/airflow/example_dags/example_python_operator.py
[2024-02-06T21:57:02.424+0100] {processor.py:830} INFO - Processing file /home/ubuntu/.local/lib/python3.10/site-packages/airflow/example_dags/example_python_operator.py for tasks to queue
[2024-02-06T21:57:02.427+0100] {logging_mixin.py:188} INFO - [2024-02-06T21:57:02.426+0100] {dagbag.py:538} INFO - Filling up the DagBag from /home/ubuntu/.local/lib/python3.10/site-packages/airflow/example_dags/example_python_operator.py
[2024-02-06T21:57:02.470+0100] {processor.py:840} INFO - DAG(s) 'example_python_operator' retrieved from /home/ubuntu/.local/lib/python3.10/site-packages/airflow/example_dags/example_python_operator.py
[2024-02-06T21:57:02.711+0100] {logging_mixin.py:188} INFO - [2024-02-06T21:57:02.710+0100] {dag.py:3036} INFO - Sync 1 DAGs
[2024-02-06T21:57:02.725+0100] {logging_mixin.py:188} INFO - [2024-02-06T21:57:02.724+0100] {dag.py:3823} INFO - Setting next_dagrun for example_python_operator to None, run_after=None
[2024-02-06T21:57:02.777+0100] {processor.py:183} INFO - Processing /home/ubuntu/.local/lib/python3.10/site-packages/airflow/example_dags/example_python_operator.py took 0.379 seconds
[2024-02-06T21:57:33.904+0100] {processor.py:161} INFO - Started process (PID=32854) to work on /home/ubuntu/.local/lib/python3.10/site-packages/airflow/example_dags/example_python_operator.py
[2024-02-06T21:57:33.906+0100] {processor.py:830} INFO - Processing file /home/ubuntu/.local/lib/python3.10/site-packages/airflow/example_dags/example_python_operator.py for tasks to queue
[2024-02-06T21:57:33.911+0100] {logging_mixin.py:188} INFO - [2024-02-06T21:57:33.910+0100] {dagbag.py:538} INFO - Filling up the DagBag from /home/ubuntu/.local/lib/python3.10/site-packages/airflow/example_dags/example_python_operator.py
[2024-02-06T21:57:33.989+0100] {processor.py:840} INFO - DAG(s) 'example_python_operator' retrieved from /home/ubuntu/.local/lib/python3.10/site-packages/airflow/example_dags/example_python_operator.py
[2024-02-06T21:57:34.395+0100] {logging_mixin.py:188} INFO - [2024-02-06T21:57:34.394+0100] {dag.py:3036} INFO - Sync 1 DAGs
[2024-02-06T21:57:34.467+0100] {logging_mixin.py:188} INFO - [2024-02-06T21:57:34.467+0100] {dag.py:3823} INFO - Setting next_dagrun for example_python_operator to None, run_after=None
[2024-02-06T21:57:34.554+0100] {processor.py:183} INFO - Processing /home/ubuntu/.local/lib/python3.10/site-packages/airflow/example_dags/example_python_operator.py took 0.670 seconds
[2024-02-06T21:59:12.640+0100] {processor.py:161} INFO - Started process (PID=33862) to work on /home/ubuntu/.local/lib/python3.10/site-packages/airflow/example_dags/example_python_operator.py
[2024-02-06T21:59:12.650+0100] {processor.py:830} INFO - Processing file /home/ubuntu/.local/lib/python3.10/site-packages/airflow/example_dags/example_python_operator.py for tasks to queue
[2024-02-06T21:59:12.653+0100] {logging_mixin.py:188} INFO - [2024-02-06T21:59:12.652+0100] {dagbag.py:538} INFO - Filling up the DagBag from /home/ubuntu/.local/lib/python3.10/site-packages/airflow/example_dags/example_python_operator.py
[2024-02-06T21:59:12.674+0100] {processor.py:840} INFO - DAG(s) 'example_python_operator' retrieved from /home/ubuntu/.local/lib/python3.10/site-packages/airflow/example_dags/example_python_operator.py
[2024-02-06T21:59:12.828+0100] {logging_mixin.py:188} INFO - [2024-02-06T21:59:12.828+0100] {dag.py:3036} INFO - Sync 1 DAGs
[2024-02-06T21:59:12.851+0100] {logging_mixin.py:188} INFO - [2024-02-06T21:59:12.850+0100] {dag.py:3823} INFO - Setting next_dagrun for example_python_operator to None, run_after=None
[2024-02-06T21:59:12.917+0100] {processor.py:183} INFO - Processing /home/ubuntu/.local/lib/python3.10/site-packages/airflow/example_dags/example_python_operator.py took 0.285 seconds
[2024-02-06T21:59:25.211+0100] {processor.py:161} INFO - Started process (PID=34018) to work on /home/ubuntu/.local/lib/python3.10/site-packages/airflow/example_dags/example_python_operator.py
[2024-02-06T21:59:25.223+0100] {processor.py:830} INFO - Processing file /home/ubuntu/.local/lib/python3.10/site-packages/airflow/example_dags/example_python_operator.py for tasks to queue
[2024-02-06T21:59:25.296+0100] {logging_mixin.py:188} INFO - [2024-02-06T21:59:25.294+0100] {dagbag.py:538} INFO - Filling up the DagBag from /home/ubuntu/.local/lib/python3.10/site-packages/airflow/example_dags/example_python_operator.py
[2024-02-06T21:59:25.457+0100] {processor.py:840} INFO - DAG(s) 'example_python_operator' retrieved from /home/ubuntu/.local/lib/python3.10/site-packages/airflow/example_dags/example_python_operator.py
[2024-02-06T21:59:25.538+0100] {logging_mixin.py:188} INFO - [2024-02-06T21:59:25.535+0100] {dag.py:3036} INFO - Sync 1 DAGs
[2024-02-06T21:59:25.665+0100] {logging_mixin.py:188} INFO - [2024-02-06T21:59:25.659+0100] {dag.py:3823} INFO - Setting next_dagrun for example_python_operator to None, run_after=None
[2024-02-06T21:59:25.863+0100] {processor.py:183} INFO - Processing /home/ubuntu/.local/lib/python3.10/site-packages/airflow/example_dags/example_python_operator.py took 0.702 seconds
[2024-02-06T22:00:53.285+0100] {processor.py:161} INFO - Started process (PID=34811) to work on /home/ubuntu/.local/lib/python3.10/site-packages/airflow/example_dags/example_python_operator.py
[2024-02-06T22:00:53.290+0100] {processor.py:830} INFO - Processing file /home/ubuntu/.local/lib/python3.10/site-packages/airflow/example_dags/example_python_operator.py for tasks to queue
[2024-02-06T22:00:53.292+0100] {logging_mixin.py:188} INFO - [2024-02-06T22:00:53.291+0100] {dagbag.py:538} INFO - Filling up the DagBag from /home/ubuntu/.local/lib/python3.10/site-packages/airflow/example_dags/example_python_operator.py
[2024-02-06T22:00:53.335+0100] {processor.py:840} INFO - DAG(s) 'example_python_operator' retrieved from /home/ubuntu/.local/lib/python3.10/site-packages/airflow/example_dags/example_python_operator.py
[2024-02-06T22:00:53.778+0100] {logging_mixin.py:188} INFO - [2024-02-06T22:00:53.777+0100] {dag.py:3036} INFO - Sync 1 DAGs
[2024-02-06T22:00:53.838+0100] {logging_mixin.py:188} INFO - [2024-02-06T22:00:53.837+0100] {dag.py:3823} INFO - Setting next_dagrun for example_python_operator to None, run_after=None
[2024-02-06T22:00:53.927+0100] {processor.py:183} INFO - Processing /home/ubuntu/.local/lib/python3.10/site-packages/airflow/example_dags/example_python_operator.py took 0.648 seconds
[2024-02-06T22:00:59.405+0100] {processor.py:161} INFO - Started process (PID=34822) to work on /home/ubuntu/.local/lib/python3.10/site-packages/airflow/example_dags/example_python_operator.py
[2024-02-06T22:00:59.406+0100] {processor.py:830} INFO - Processing file /home/ubuntu/.local/lib/python3.10/site-packages/airflow/example_dags/example_python_operator.py for tasks to queue
[2024-02-06T22:00:59.409+0100] {logging_mixin.py:188} INFO - [2024-02-06T22:00:59.408+0100] {dagbag.py:538} INFO - Filling up the DagBag from /home/ubuntu/.local/lib/python3.10/site-packages/airflow/example_dags/example_python_operator.py
[2024-02-06T22:00:59.454+0100] {processor.py:840} INFO - DAG(s) 'example_python_operator' retrieved from /home/ubuntu/.local/lib/python3.10/site-packages/airflow/example_dags/example_python_operator.py
[2024-02-06T22:00:59.477+0100] {logging_mixin.py:188} INFO - [2024-02-06T22:00:59.476+0100] {dag.py:3036} INFO - Sync 1 DAGs
[2024-02-06T22:00:59.522+0100] {logging_mixin.py:188} INFO - [2024-02-06T22:00:59.521+0100] {dag.py:3823} INFO - Setting next_dagrun for example_python_operator to None, run_after=None
[2024-02-06T22:00:59.738+0100] {processor.py:183} INFO - Processing /home/ubuntu/.local/lib/python3.10/site-packages/airflow/example_dags/example_python_operator.py took 0.341 seconds
[2024-02-06T22:02:20.865+0100] {processor.py:161} INFO - Started process (PID=35409) to work on /home/ubuntu/.local/lib/python3.10/site-packages/airflow/example_dags/example_python_operator.py
[2024-02-06T22:02:20.955+0100] {processor.py:830} INFO - Processing file /home/ubuntu/.local/lib/python3.10/site-packages/airflow/example_dags/example_python_operator.py for tasks to queue
[2024-02-06T22:02:20.965+0100] {logging_mixin.py:188} INFO - [2024-02-06T22:02:20.964+0100] {dagbag.py:538} INFO - Filling up the DagBag from /home/ubuntu/.local/lib/python3.10/site-packages/airflow/example_dags/example_python_operator.py
[2024-02-06T22:02:21.090+0100] {processor.py:840} INFO - DAG(s) 'example_python_operator' retrieved from /home/ubuntu/.local/lib/python3.10/site-packages/airflow/example_dags/example_python_operator.py
[2024-02-06T22:02:21.145+0100] {logging_mixin.py:188} INFO - [2024-02-06T22:02:21.145+0100] {dag.py:3036} INFO - Sync 1 DAGs
[2024-02-06T22:02:21.209+0100] {logging_mixin.py:188} INFO - [2024-02-06T22:02:21.209+0100] {dag.py:3823} INFO - Setting next_dagrun for example_python_operator to None, run_after=None
[2024-02-06T22:02:21.475+0100] {processor.py:183} INFO - Processing /home/ubuntu/.local/lib/python3.10/site-packages/airflow/example_dags/example_python_operator.py took 0.617 seconds
[2024-02-06T22:02:22.060+0100] {processor.py:161} INFO - Started process (PID=35410) to work on /home/ubuntu/.local/lib/python3.10/site-packages/airflow/example_dags/example_python_operator.py
[2024-02-06T22:02:22.063+0100] {processor.py:830} INFO - Processing file /home/ubuntu/.local/lib/python3.10/site-packages/airflow/example_dags/example_python_operator.py for tasks to queue
[2024-02-06T22:02:22.065+0100] {logging_mixin.py:188} INFO - [2024-02-06T22:02:22.064+0100] {dagbag.py:538} INFO - Filling up the DagBag from /home/ubuntu/.local/lib/python3.10/site-packages/airflow/example_dags/example_python_operator.py
[2024-02-06T22:02:22.244+0100] {processor.py:840} INFO - DAG(s) 'example_python_operator' retrieved from /home/ubuntu/.local/lib/python3.10/site-packages/airflow/example_dags/example_python_operator.py
[2024-02-06T22:02:23.439+0100] {logging_mixin.py:188} INFO - [2024-02-06T22:02:23.438+0100] {dag.py:3036} INFO - Sync 1 DAGs
[2024-02-06T22:02:23.528+0100] {logging_mixin.py:188} INFO - [2024-02-06T22:02:23.528+0100] {dag.py:3823} INFO - Setting next_dagrun for example_python_operator to None, run_after=None
[2024-02-06T22:02:24.038+0100] {processor.py:183} INFO - Processing /home/ubuntu/.local/lib/python3.10/site-packages/airflow/example_dags/example_python_operator.py took 1.992 seconds
[2024-02-06T22:04:02.860+0100] {processor.py:161} INFO - Started process (PID=36458) to work on /home/ubuntu/.local/lib/python3.10/site-packages/airflow/example_dags/example_python_operator.py
[2024-02-06T22:04:02.893+0100] {processor.py:830} INFO - Processing file /home/ubuntu/.local/lib/python3.10/site-packages/airflow/example_dags/example_python_operator.py for tasks to queue
[2024-02-06T22:04:02.896+0100] {logging_mixin.py:188} INFO - [2024-02-06T22:04:02.895+0100] {dagbag.py:538} INFO - Filling up the DagBag from /home/ubuntu/.local/lib/python3.10/site-packages/airflow/example_dags/example_python_operator.py
[2024-02-06T22:04:03.052+0100] {processor.py:840} INFO - DAG(s) 'example_python_operator' retrieved from /home/ubuntu/.local/lib/python3.10/site-packages/airflow/example_dags/example_python_operator.py
[2024-02-06T22:04:03.443+0100] {processor.py:161} INFO - Started process (PID=36479) to work on /home/ubuntu/.local/lib/python3.10/site-packages/airflow/example_dags/example_python_operator.py
[2024-02-06T22:04:03.445+0100] {processor.py:830} INFO - Processing file /home/ubuntu/.local/lib/python3.10/site-packages/airflow/example_dags/example_python_operator.py for tasks to queue
[2024-02-06T22:04:03.447+0100] {logging_mixin.py:188} INFO - [2024-02-06T22:04:03.446+0100] {dagbag.py:538} INFO - Filling up the DagBag from /home/ubuntu/.local/lib/python3.10/site-packages/airflow/example_dags/example_python_operator.py
[2024-02-06T22:04:03.539+0100] {processor.py:840} INFO - DAG(s) 'example_python_operator' retrieved from /home/ubuntu/.local/lib/python3.10/site-packages/airflow/example_dags/example_python_operator.py
[2024-02-06T22:04:03.663+0100] {logging_mixin.py:188} INFO - [2024-02-06T22:04:03.663+0100] {dag.py:3036} INFO - Sync 1 DAGs
[2024-02-06T22:04:03.745+0100] {logging_mixin.py:188} INFO - [2024-02-06T22:04:03.744+0100] {dag.py:3823} INFO - Setting next_dagrun for example_python_operator to None, run_after=None
[2024-02-06T22:04:04.860+0100] {logging_mixin.py:188} INFO - [2024-02-06T22:04:04.859+0100] {dag.py:3036} INFO - Sync 1 DAGs
[2024-02-06T22:04:05.011+0100] {logging_mixin.py:188} INFO - [2024-02-06T22:04:05.010+0100] {dag.py:3823} INFO - Setting next_dagrun for example_python_operator to None, run_after=None
[2024-02-06T22:04:05.202+0100] {processor.py:183} INFO - Processing /home/ubuntu/.local/lib/python3.10/site-packages/airflow/example_dags/example_python_operator.py took 1.769 seconds
[2024-02-06T22:04:05.216+0100] {processor.py:183} INFO - Processing /home/ubuntu/.local/lib/python3.10/site-packages/airflow/example_dags/example_python_operator.py took 2.364 seconds
[2024-02-06T22:06:29.517+0100] {processor.py:161} INFO - Started process (PID=37568) to work on /home/ubuntu/.local/lib/python3.10/site-packages/airflow/example_dags/example_python_operator.py
[2024-02-06T22:06:29.528+0100] {processor.py:830} INFO - Processing file /home/ubuntu/.local/lib/python3.10/site-packages/airflow/example_dags/example_python_operator.py for tasks to queue
[2024-02-06T22:06:29.551+0100] {logging_mixin.py:188} INFO - [2024-02-06T22:06:29.549+0100] {dagbag.py:538} INFO - Filling up the DagBag from /home/ubuntu/.local/lib/python3.10/site-packages/airflow/example_dags/example_python_operator.py
[2024-02-06T22:06:29.603+0100] {processor.py:840} INFO - DAG(s) 'example_python_operator' retrieved from /home/ubuntu/.local/lib/python3.10/site-packages/airflow/example_dags/example_python_operator.py
[2024-02-06T22:06:30.068+0100] {logging_mixin.py:188} INFO - [2024-02-06T22:06:30.067+0100] {dag.py:3036} INFO - Sync 1 DAGs
[2024-02-06T22:06:30.095+0100] {logging_mixin.py:188} INFO - [2024-02-06T22:06:30.095+0100] {dag.py:3823} INFO - Setting next_dagrun for example_python_operator to None, run_after=None
[2024-02-06T22:06:30.327+0100] {processor.py:183} INFO - Processing /home/ubuntu/.local/lib/python3.10/site-packages/airflow/example_dags/example_python_operator.py took 0.823 seconds
[2024-02-06T22:07:47.322+0100] {processor.py:161} INFO - Started process (PID=38241) to work on /home/ubuntu/.local/lib/python3.10/site-packages/airflow/example_dags/example_python_operator.py
[2024-02-06T22:07:47.332+0100] {processor.py:830} INFO - Processing file /home/ubuntu/.local/lib/python3.10/site-packages/airflow/example_dags/example_python_operator.py for tasks to queue
[2024-02-06T22:07:47.334+0100] {logging_mixin.py:188} INFO - [2024-02-06T22:07:47.333+0100] {dagbag.py:538} INFO - Filling up the DagBag from /home/ubuntu/.local/lib/python3.10/site-packages/airflow/example_dags/example_python_operator.py
[2024-02-06T22:07:47.354+0100] {processor.py:840} INFO - DAG(s) 'example_python_operator' retrieved from /home/ubuntu/.local/lib/python3.10/site-packages/airflow/example_dags/example_python_operator.py
[2024-02-06T22:07:47.385+0100] {logging_mixin.py:188} INFO - [2024-02-06T22:07:47.384+0100] {dag.py:3036} INFO - Sync 1 DAGs
[2024-02-06T22:07:47.404+0100] {logging_mixin.py:188} INFO - [2024-02-06T22:07:47.403+0100] {dag.py:3823} INFO - Setting next_dagrun for example_python_operator to None, run_after=None
[2024-02-06T22:07:47.468+0100] {processor.py:183} INFO - Processing /home/ubuntu/.local/lib/python3.10/site-packages/airflow/example_dags/example_python_operator.py took 0.155 seconds
[2024-02-06T22:10:56.040+0100] {processor.py:161} INFO - Started process (PID=39256) to work on /home/ubuntu/.local/lib/python3.10/site-packages/airflow/example_dags/example_python_operator.py
[2024-02-06T22:10:56.050+0100] {processor.py:830} INFO - Processing file /home/ubuntu/.local/lib/python3.10/site-packages/airflow/example_dags/example_python_operator.py for tasks to queue
[2024-02-06T22:10:56.052+0100] {logging_mixin.py:188} INFO - [2024-02-06T22:10:56.051+0100] {dagbag.py:538} INFO - Filling up the DagBag from /home/ubuntu/.local/lib/python3.10/site-packages/airflow/example_dags/example_python_operator.py
[2024-02-06T22:10:56.076+0100] {processor.py:840} INFO - DAG(s) 'example_python_operator' retrieved from /home/ubuntu/.local/lib/python3.10/site-packages/airflow/example_dags/example_python_operator.py
[2024-02-06T22:10:56.304+0100] {logging_mixin.py:188} INFO - [2024-02-06T22:10:56.303+0100] {dag.py:3036} INFO - Sync 1 DAGs
[2024-02-06T22:10:56.330+0100] {logging_mixin.py:188} INFO - [2024-02-06T22:10:56.330+0100] {dag.py:3823} INFO - Setting next_dagrun for example_python_operator to None, run_after=None
[2024-02-06T22:10:56.384+0100] {processor.py:183} INFO - Processing /home/ubuntu/.local/lib/python3.10/site-packages/airflow/example_dags/example_python_operator.py took 0.350 seconds
[2024-02-06T22:13:18.890+0100] {processor.py:161} INFO - Started process (PID=40146) to work on /home/ubuntu/.local/lib/python3.10/site-packages/airflow/example_dags/example_python_operator.py
[2024-02-06T22:13:18.893+0100] {processor.py:830} INFO - Processing file /home/ubuntu/.local/lib/python3.10/site-packages/airflow/example_dags/example_python_operator.py for tasks to queue
[2024-02-06T22:13:18.895+0100] {logging_mixin.py:188} INFO - [2024-02-06T22:13:18.894+0100] {dagbag.py:538} INFO - Filling up the DagBag from /home/ubuntu/.local/lib/python3.10/site-packages/airflow/example_dags/example_python_operator.py
[2024-02-06T22:13:18.912+0100] {processor.py:840} INFO - DAG(s) 'example_python_operator' retrieved from /home/ubuntu/.local/lib/python3.10/site-packages/airflow/example_dags/example_python_operator.py
[2024-02-06T22:13:19.165+0100] {logging_mixin.py:188} INFO - [2024-02-06T22:13:19.164+0100] {dag.py:3036} INFO - Sync 1 DAGs
[2024-02-06T22:13:19.240+0100] {logging_mixin.py:188} INFO - [2024-02-06T22:13:19.209+0100] {dag.py:3823} INFO - Setting next_dagrun for example_python_operator to None, run_after=None
[2024-02-06T22:13:19.375+0100] {processor.py:183} INFO - Processing /home/ubuntu/.local/lib/python3.10/site-packages/airflow/example_dags/example_python_operator.py took 0.490 seconds
[2024-02-06T22:14:49.953+0100] {processor.py:161} INFO - Started process (PID=41161) to work on /home/ubuntu/.local/lib/python3.10/site-packages/airflow/example_dags/example_python_operator.py
[2024-02-06T22:14:49.959+0100] {processor.py:830} INFO - Processing file /home/ubuntu/.local/lib/python3.10/site-packages/airflow/example_dags/example_python_operator.py for tasks to queue
[2024-02-06T22:14:49.961+0100] {logging_mixin.py:188} INFO - [2024-02-06T22:14:49.960+0100] {dagbag.py:538} INFO - Filling up the DagBag from /home/ubuntu/.local/lib/python3.10/site-packages/airflow/example_dags/example_python_operator.py
[2024-02-06T22:14:49.993+0100] {processor.py:840} INFO - DAG(s) 'example_python_operator' retrieved from /home/ubuntu/.local/lib/python3.10/site-packages/airflow/example_dags/example_python_operator.py
[2024-02-06T22:14:50.089+0100] {logging_mixin.py:188} INFO - [2024-02-06T22:14:50.088+0100] {dag.py:3036} INFO - Sync 1 DAGs
[2024-02-06T22:14:50.151+0100] {logging_mixin.py:188} INFO - [2024-02-06T22:14:50.150+0100] {dag.py:3823} INFO - Setting next_dagrun for example_python_operator to None, run_after=None
[2024-02-06T22:14:50.213+0100] {processor.py:183} INFO - Processing /home/ubuntu/.local/lib/python3.10/site-packages/airflow/example_dags/example_python_operator.py took 0.269 seconds
[2024-02-06T22:26:24.734+0100] {processor.py:161} INFO - Started process (PID=49330) to work on /home/ubuntu/.local/lib/python3.10/site-packages/airflow/example_dags/example_python_operator.py
[2024-02-06T22:26:24.766+0100] {processor.py:830} INFO - Processing file /home/ubuntu/.local/lib/python3.10/site-packages/airflow/example_dags/example_python_operator.py for tasks to queue
[2024-02-06T22:26:24.768+0100] {logging_mixin.py:188} INFO - [2024-02-06T22:26:24.767+0100] {dagbag.py:538} INFO - Filling up the DagBag from /home/ubuntu/.local/lib/python3.10/site-packages/airflow/example_dags/example_python_operator.py
[2024-02-06T22:26:24.803+0100] {processor.py:840} INFO - DAG(s) 'example_python_operator' retrieved from /home/ubuntu/.local/lib/python3.10/site-packages/airflow/example_dags/example_python_operator.py
[2024-02-06T22:26:24.906+0100] {logging_mixin.py:188} INFO - [2024-02-06T22:26:24.905+0100] {dag.py:3036} INFO - Sync 1 DAGs
[2024-02-06T22:26:24.945+0100] {logging_mixin.py:188} INFO - [2024-02-06T22:26:24.945+0100] {dag.py:3823} INFO - Setting next_dagrun for example_python_operator to None, run_after=None
[2024-02-06T22:26:25.098+0100] {processor.py:183} INFO - Processing /home/ubuntu/.local/lib/python3.10/site-packages/airflow/example_dags/example_python_operator.py took 0.393 seconds
[2024-02-06T22:28:10.989+0100] {processor.py:161} INFO - Started process (PID=50223) to work on /home/ubuntu/.local/lib/python3.10/site-packages/airflow/example_dags/example_python_operator.py
[2024-02-06T22:28:10.994+0100] {processor.py:830} INFO - Processing file /home/ubuntu/.local/lib/python3.10/site-packages/airflow/example_dags/example_python_operator.py for tasks to queue
[2024-02-06T22:28:11.003+0100] {logging_mixin.py:188} INFO - [2024-02-06T22:28:10.995+0100] {dagbag.py:538} INFO - Filling up the DagBag from /home/ubuntu/.local/lib/python3.10/site-packages/airflow/example_dags/example_python_operator.py
[2024-02-06T22:28:11.055+0100] {processor.py:840} INFO - DAG(s) 'example_python_operator' retrieved from /home/ubuntu/.local/lib/python3.10/site-packages/airflow/example_dags/example_python_operator.py
[2024-02-06T22:28:11.789+0100] {logging_mixin.py:188} INFO - [2024-02-06T22:28:11.789+0100] {dag.py:3036} INFO - Sync 1 DAGs
[2024-02-06T22:28:11.812+0100] {logging_mixin.py:188} INFO - [2024-02-06T22:28:11.811+0100] {dag.py:3823} INFO - Setting next_dagrun for example_python_operator to None, run_after=None
[2024-02-06T22:28:12.547+0100] {processor.py:183} INFO - Processing /home/ubuntu/.local/lib/python3.10/site-packages/airflow/example_dags/example_python_operator.py took 1.586 seconds
[2024-02-06T22:35:30.091+0100] {processor.py:161} INFO - Started process (PID=55707) to work on /home/ubuntu/.local/lib/python3.10/site-packages/airflow/example_dags/example_python_operator.py
[2024-02-06T22:35:30.094+0100] {processor.py:830} INFO - Processing file /home/ubuntu/.local/lib/python3.10/site-packages/airflow/example_dags/example_python_operator.py for tasks to queue
[2024-02-06T22:35:30.100+0100] {logging_mixin.py:188} INFO - [2024-02-06T22:35:30.098+0100] {dagbag.py:538} INFO - Filling up the DagBag from /home/ubuntu/.local/lib/python3.10/site-packages/airflow/example_dags/example_python_operator.py
[2024-02-06T22:35:30.135+0100] {processor.py:840} INFO - DAG(s) 'example_python_operator' retrieved from /home/ubuntu/.local/lib/python3.10/site-packages/airflow/example_dags/example_python_operator.py
[2024-02-06T22:35:30.373+0100] {logging_mixin.py:188} INFO - [2024-02-06T22:35:30.372+0100] {dag.py:3036} INFO - Sync 1 DAGs
[2024-02-06T22:35:30.422+0100] {logging_mixin.py:188} INFO - [2024-02-06T22:35:30.411+0100] {dag.py:3823} INFO - Setting next_dagrun for example_python_operator to None, run_after=None
[2024-02-06T22:35:30.541+0100] {processor.py:183} INFO - Processing /home/ubuntu/.local/lib/python3.10/site-packages/airflow/example_dags/example_python_operator.py took 0.460 seconds
[2024-02-06T23:14:24.769+0100] {processor.py:161} INFO - Started process (PID=64119) to work on /home/ubuntu/.local/lib/python3.10/site-packages/airflow/example_dags/example_python_operator.py
[2024-02-06T23:14:24.778+0100] {processor.py:830} INFO - Processing file /home/ubuntu/.local/lib/python3.10/site-packages/airflow/example_dags/example_python_operator.py for tasks to queue
[2024-02-06T23:14:24.780+0100] {logging_mixin.py:188} INFO - [2024-02-06T23:14:24.780+0100] {dagbag.py:538} INFO - Filling up the DagBag from /home/ubuntu/.local/lib/python3.10/site-packages/airflow/example_dags/example_python_operator.py
[2024-02-06T23:14:24.803+0100] {processor.py:840} INFO - DAG(s) 'example_python_operator' retrieved from /home/ubuntu/.local/lib/python3.10/site-packages/airflow/example_dags/example_python_operator.py
[2024-02-06T23:14:24.995+0100] {logging_mixin.py:188} INFO - [2024-02-06T23:14:24.995+0100] {dag.py:3036} INFO - Sync 1 DAGs
[2024-02-06T23:14:25.021+0100] {logging_mixin.py:188} INFO - [2024-02-06T23:14:25.021+0100] {dag.py:3823} INFO - Setting next_dagrun for example_python_operator to None, run_after=None
[2024-02-06T23:14:25.105+0100] {processor.py:183} INFO - Processing /home/ubuntu/.local/lib/python3.10/site-packages/airflow/example_dags/example_python_operator.py took 0.345 seconds
[2024-02-06T23:29:47.356+0100] {processor.py:161} INFO - Started process (PID=72555) to work on /home/ubuntu/.local/lib/python3.10/site-packages/airflow/example_dags/example_python_operator.py
[2024-02-06T23:29:47.382+0100] {processor.py:830} INFO - Processing file /home/ubuntu/.local/lib/python3.10/site-packages/airflow/example_dags/example_python_operator.py for tasks to queue
[2024-02-06T23:29:47.384+0100] {logging_mixin.py:188} INFO - [2024-02-06T23:29:47.383+0100] {dagbag.py:538} INFO - Filling up the DagBag from /home/ubuntu/.local/lib/python3.10/site-packages/airflow/example_dags/example_python_operator.py
[2024-02-06T23:29:47.500+0100] {processor.py:840} INFO - DAG(s) 'example_python_operator' retrieved from /home/ubuntu/.local/lib/python3.10/site-packages/airflow/example_dags/example_python_operator.py
[2024-02-06T23:29:47.945+0100] {logging_mixin.py:188} INFO - [2024-02-06T23:29:47.943+0100] {dag.py:3036} INFO - Sync 1 DAGs
[2024-02-06T23:29:48.060+0100] {logging_mixin.py:188} INFO - [2024-02-06T23:29:48.059+0100] {dag.py:3823} INFO - Setting next_dagrun for example_python_operator to None, run_after=None
[2024-02-06T23:29:48.331+0100] {processor.py:183} INFO - Processing /home/ubuntu/.local/lib/python3.10/site-packages/airflow/example_dags/example_python_operator.py took 0.986 seconds
