[2024-02-06T21:28:17.089+0100] {processor.py:161} INFO - Started process (PID=23743) to work on /home/ubuntu/.local/lib/python3.10/site-packages/airflow/example_dags/example_nested_branch_dag.py
[2024-02-06T21:28:17.097+0100] {processor.py:830} INFO - Processing file /home/ubuntu/.local/lib/python3.10/site-packages/airflow/example_dags/example_nested_branch_dag.py for tasks to queue
[2024-02-06T21:28:17.100+0100] {logging_mixin.py:188} INFO - [2024-02-06T21:28:17.099+0100] {dagbag.py:538} INFO - Filling up the DagBag from /home/ubuntu/.local/lib/python3.10/site-packages/airflow/example_dags/example_nested_branch_dag.py
[2024-02-06T21:28:17.129+0100] {processor.py:840} INFO - DAG(s) 'example_nested_branch_dag' retrieved from /home/ubuntu/.local/lib/python3.10/site-packages/airflow/example_dags/example_nested_branch_dag.py
[2024-02-06T21:28:17.352+0100] {logging_mixin.py:188} INFO - [2024-02-06T21:28:17.351+0100] {dag.py:3036} INFO - Sync 1 DAGs
[2024-02-06T21:28:17.383+0100] {logging_mixin.py:188} INFO - [2024-02-06T21:28:17.382+0100] {dag.py:3823} INFO - Setting next_dagrun for example_nested_branch_dag to 2024-02-05 00:00:00+00:00, run_after=2024-02-06 00:00:00+00:00
[2024-02-06T21:28:17.449+0100] {processor.py:183} INFO - Processing /home/ubuntu/.local/lib/python3.10/site-packages/airflow/example_dags/example_nested_branch_dag.py took 0.367 seconds
[2024-02-06T21:29:43.140+0100] {processor.py:161} INFO - Started process (PID=24481) to work on /home/ubuntu/.local/lib/python3.10/site-packages/airflow/example_dags/example_nested_branch_dag.py
[2024-02-06T21:29:43.142+0100] {processor.py:830} INFO - Processing file /home/ubuntu/.local/lib/python3.10/site-packages/airflow/example_dags/example_nested_branch_dag.py for tasks to queue
[2024-02-06T21:29:43.145+0100] {logging_mixin.py:188} INFO - [2024-02-06T21:29:43.143+0100] {dagbag.py:538} INFO - Filling up the DagBag from /home/ubuntu/.local/lib/python3.10/site-packages/airflow/example_dags/example_nested_branch_dag.py
[2024-02-06T21:29:43.163+0100] {processor.py:840} INFO - DAG(s) 'example_nested_branch_dag' retrieved from /home/ubuntu/.local/lib/python3.10/site-packages/airflow/example_dags/example_nested_branch_dag.py
[2024-02-06T21:29:43.190+0100] {logging_mixin.py:188} INFO - [2024-02-06T21:29:43.190+0100] {dag.py:3036} INFO - Sync 1 DAGs
[2024-02-06T21:29:43.223+0100] {logging_mixin.py:188} INFO - [2024-02-06T21:29:43.222+0100] {dag.py:3823} INFO - Setting next_dagrun for example_nested_branch_dag to 2024-02-05 00:00:00+00:00, run_after=2024-02-06 00:00:00+00:00
[2024-02-06T21:29:43.294+0100] {processor.py:183} INFO - Processing /home/ubuntu/.local/lib/python3.10/site-packages/airflow/example_dags/example_nested_branch_dag.py took 0.160 seconds
[2024-02-06T21:31:18.884+0100] {processor.py:161} INFO - Started process (PID=24968) to work on /home/ubuntu/.local/lib/python3.10/site-packages/airflow/example_dags/example_nested_branch_dag.py
[2024-02-06T21:31:18.896+0100] {processor.py:830} INFO - Processing file /home/ubuntu/.local/lib/python3.10/site-packages/airflow/example_dags/example_nested_branch_dag.py for tasks to queue
[2024-02-06T21:31:18.898+0100] {logging_mixin.py:188} INFO - [2024-02-06T21:31:18.897+0100] {dagbag.py:538} INFO - Filling up the DagBag from /home/ubuntu/.local/lib/python3.10/site-packages/airflow/example_dags/example_nested_branch_dag.py
[2024-02-06T21:31:18.936+0100] {processor.py:840} INFO - DAG(s) 'example_nested_branch_dag' retrieved from /home/ubuntu/.local/lib/python3.10/site-packages/airflow/example_dags/example_nested_branch_dag.py
[2024-02-06T21:31:19.041+0100] {logging_mixin.py:188} INFO - [2024-02-06T21:31:19.040+0100] {dag.py:3036} INFO - Sync 1 DAGs
[2024-02-06T21:31:19.130+0100] {logging_mixin.py:188} INFO - [2024-02-06T21:31:19.129+0100] {dag.py:3823} INFO - Setting next_dagrun for example_nested_branch_dag to 2024-02-05 00:00:00+00:00, run_after=2024-02-06 00:00:00+00:00
[2024-02-06T21:31:19.338+0100] {processor.py:183} INFO - Processing /home/ubuntu/.local/lib/python3.10/site-packages/airflow/example_dags/example_nested_branch_dag.py took 0.469 seconds
[2024-02-06T21:32:33.156+0100] {processor.py:161} INFO - Started process (PID=25193) to work on /home/ubuntu/.local/lib/python3.10/site-packages/airflow/example_dags/example_nested_branch_dag.py
[2024-02-06T21:32:33.159+0100] {processor.py:830} INFO - Processing file /home/ubuntu/.local/lib/python3.10/site-packages/airflow/example_dags/example_nested_branch_dag.py for tasks to queue
[2024-02-06T21:32:33.162+0100] {logging_mixin.py:188} INFO - [2024-02-06T21:32:33.161+0100] {dagbag.py:538} INFO - Filling up the DagBag from /home/ubuntu/.local/lib/python3.10/site-packages/airflow/example_dags/example_nested_branch_dag.py
[2024-02-06T21:32:33.190+0100] {processor.py:840} INFO - DAG(s) 'example_nested_branch_dag' retrieved from /home/ubuntu/.local/lib/python3.10/site-packages/airflow/example_dags/example_nested_branch_dag.py
[2024-02-06T21:32:33.245+0100] {logging_mixin.py:188} INFO - [2024-02-06T21:32:33.244+0100] {dag.py:3036} INFO - Sync 1 DAGs
[2024-02-06T21:32:33.291+0100] {logging_mixin.py:188} INFO - [2024-02-06T21:32:33.291+0100] {dag.py:3823} INFO - Setting next_dagrun for example_nested_branch_dag to 2024-02-05 00:00:00+00:00, run_after=2024-02-06 00:00:00+00:00
[2024-02-06T21:32:33.363+0100] {processor.py:183} INFO - Processing /home/ubuntu/.local/lib/python3.10/site-packages/airflow/example_dags/example_nested_branch_dag.py took 0.213 seconds
[2024-02-06T21:40:48.392+0100] {processor.py:161} INFO - Started process (PID=27858) to work on /home/ubuntu/.local/lib/python3.10/site-packages/airflow/example_dags/example_nested_branch_dag.py
[2024-02-06T21:40:48.408+0100] {processor.py:830} INFO - Processing file /home/ubuntu/.local/lib/python3.10/site-packages/airflow/example_dags/example_nested_branch_dag.py for tasks to queue
[2024-02-06T21:40:48.452+0100] {logging_mixin.py:188} INFO - [2024-02-06T21:40:48.451+0100] {dagbag.py:538} INFO - Filling up the DagBag from /home/ubuntu/.local/lib/python3.10/site-packages/airflow/example_dags/example_nested_branch_dag.py
[2024-02-06T21:40:48.520+0100] {processor.py:840} INFO - DAG(s) 'example_nested_branch_dag' retrieved from /home/ubuntu/.local/lib/python3.10/site-packages/airflow/example_dags/example_nested_branch_dag.py
[2024-02-06T21:40:49.086+0100] {logging_mixin.py:188} INFO - [2024-02-06T21:40:49.086+0100] {dag.py:3036} INFO - Sync 1 DAGs
[2024-02-06T21:40:49.268+0100] {logging_mixin.py:188} INFO - [2024-02-06T21:40:49.267+0100] {dag.py:3823} INFO - Setting next_dagrun for example_nested_branch_dag to 2024-02-05 00:00:00+00:00, run_after=2024-02-06 00:00:00+00:00
[2024-02-06T21:40:49.391+0100] {processor.py:183} INFO - Processing /home/ubuntu/.local/lib/python3.10/site-packages/airflow/example_dags/example_nested_branch_dag.py took 1.009 seconds
[2024-02-06T21:41:27.654+0100] {processor.py:161} INFO - Started process (PID=28021) to work on /home/ubuntu/.local/lib/python3.10/site-packages/airflow/example_dags/example_nested_branch_dag.py
[2024-02-06T21:41:27.665+0100] {processor.py:830} INFO - Processing file /home/ubuntu/.local/lib/python3.10/site-packages/airflow/example_dags/example_nested_branch_dag.py for tasks to queue
[2024-02-06T21:41:27.670+0100] {logging_mixin.py:188} INFO - [2024-02-06T21:41:27.669+0100] {dagbag.py:538} INFO - Filling up the DagBag from /home/ubuntu/.local/lib/python3.10/site-packages/airflow/example_dags/example_nested_branch_dag.py
[2024-02-06T21:41:27.768+0100] {processor.py:840} INFO - DAG(s) 'example_nested_branch_dag' retrieved from /home/ubuntu/.local/lib/python3.10/site-packages/airflow/example_dags/example_nested_branch_dag.py
[2024-02-06T21:41:27.936+0100] {logging_mixin.py:188} INFO - [2024-02-06T21:41:27.935+0100] {dag.py:3036} INFO - Sync 1 DAGs
[2024-02-06T21:41:28.047+0100] {logging_mixin.py:188} INFO - [2024-02-06T21:41:28.047+0100] {dag.py:3823} INFO - Setting next_dagrun for example_nested_branch_dag to 2024-02-05 00:00:00+00:00, run_after=2024-02-06 00:00:00+00:00
[2024-02-06T21:41:28.259+0100] {processor.py:183} INFO - Processing /home/ubuntu/.local/lib/python3.10/site-packages/airflow/example_dags/example_nested_branch_dag.py took 0.635 seconds
[2024-02-06T21:42:14.013+0100] {processor.py:161} INFO - Started process (PID=28271) to work on /home/ubuntu/.local/lib/python3.10/site-packages/airflow/example_dags/example_nested_branch_dag.py
[2024-02-06T21:42:14.099+0100] {processor.py:830} INFO - Processing file /home/ubuntu/.local/lib/python3.10/site-packages/airflow/example_dags/example_nested_branch_dag.py for tasks to queue
[2024-02-06T21:42:14.104+0100] {logging_mixin.py:188} INFO - [2024-02-06T21:42:14.103+0100] {dagbag.py:538} INFO - Filling up the DagBag from /home/ubuntu/.local/lib/python3.10/site-packages/airflow/example_dags/example_nested_branch_dag.py
[2024-02-06T21:42:14.205+0100] {processor.py:840} INFO - DAG(s) 'example_nested_branch_dag' retrieved from /home/ubuntu/.local/lib/python3.10/site-packages/airflow/example_dags/example_nested_branch_dag.py
[2024-02-06T21:42:14.258+0100] {logging_mixin.py:188} INFO - [2024-02-06T21:42:14.256+0100] {dag.py:3036} INFO - Sync 1 DAGs
[2024-02-06T21:42:14.382+0100] {logging_mixin.py:188} INFO - [2024-02-06T21:42:14.381+0100] {dag.py:3823} INFO - Setting next_dagrun for example_nested_branch_dag to 2024-02-05 00:00:00+00:00, run_after=2024-02-06 00:00:00+00:00
[2024-02-06T21:42:14.637+0100] {processor.py:183} INFO - Processing /home/ubuntu/.local/lib/python3.10/site-packages/airflow/example_dags/example_nested_branch_dag.py took 0.651 seconds
[2024-02-06T21:42:57.617+0100] {processor.py:161} INFO - Started process (PID=28555) to work on /home/ubuntu/.local/lib/python3.10/site-packages/airflow/example_dags/example_nested_branch_dag.py
[2024-02-06T21:42:57.621+0100] {processor.py:830} INFO - Processing file /home/ubuntu/.local/lib/python3.10/site-packages/airflow/example_dags/example_nested_branch_dag.py for tasks to queue
[2024-02-06T21:42:57.622+0100] {logging_mixin.py:188} INFO - [2024-02-06T21:42:57.621+0100] {dagbag.py:538} INFO - Filling up the DagBag from /home/ubuntu/.local/lib/python3.10/site-packages/airflow/example_dags/example_nested_branch_dag.py
[2024-02-06T21:42:57.640+0100] {processor.py:840} INFO - DAG(s) 'example_nested_branch_dag' retrieved from /home/ubuntu/.local/lib/python3.10/site-packages/airflow/example_dags/example_nested_branch_dag.py
[2024-02-06T21:42:57.667+0100] {logging_mixin.py:188} INFO - [2024-02-06T21:42:57.667+0100] {dag.py:3036} INFO - Sync 1 DAGs
[2024-02-06T21:42:57.700+0100] {logging_mixin.py:188} INFO - [2024-02-06T21:42:57.699+0100] {dag.py:3823} INFO - Setting next_dagrun for example_nested_branch_dag to 2024-02-05 00:00:00+00:00, run_after=2024-02-06 00:00:00+00:00
[2024-02-06T21:42:57.757+0100] {processor.py:183} INFO - Processing /home/ubuntu/.local/lib/python3.10/site-packages/airflow/example_dags/example_nested_branch_dag.py took 0.146 seconds
[2024-02-06T21:43:29.167+0100] {processor.py:161} INFO - Started process (PID=28779) to work on /home/ubuntu/.local/lib/python3.10/site-packages/airflow/example_dags/example_nested_branch_dag.py
[2024-02-06T21:43:29.169+0100] {processor.py:830} INFO - Processing file /home/ubuntu/.local/lib/python3.10/site-packages/airflow/example_dags/example_nested_branch_dag.py for tasks to queue
[2024-02-06T21:43:29.171+0100] {logging_mixin.py:188} INFO - [2024-02-06T21:43:29.170+0100] {dagbag.py:538} INFO - Filling up the DagBag from /home/ubuntu/.local/lib/python3.10/site-packages/airflow/example_dags/example_nested_branch_dag.py
[2024-02-06T21:43:29.186+0100] {processor.py:840} INFO - DAG(s) 'example_nested_branch_dag' retrieved from /home/ubuntu/.local/lib/python3.10/site-packages/airflow/example_dags/example_nested_branch_dag.py
[2024-02-06T21:43:29.216+0100] {logging_mixin.py:188} INFO - [2024-02-06T21:43:29.215+0100] {dag.py:3036} INFO - Sync 1 DAGs
[2024-02-06T21:43:29.254+0100] {logging_mixin.py:188} INFO - [2024-02-06T21:43:29.254+0100] {dag.py:3823} INFO - Setting next_dagrun for example_nested_branch_dag to 2024-02-05 00:00:00+00:00, run_after=2024-02-06 00:00:00+00:00
[2024-02-06T21:43:29.325+0100] {processor.py:183} INFO - Processing /home/ubuntu/.local/lib/python3.10/site-packages/airflow/example_dags/example_nested_branch_dag.py took 0.164 seconds
[2024-02-06T21:44:07.240+0100] {processor.py:161} INFO - Started process (PID=28940) to work on /home/ubuntu/.local/lib/python3.10/site-packages/airflow/example_dags/example_nested_branch_dag.py
[2024-02-06T21:44:07.243+0100] {processor.py:830} INFO - Processing file /home/ubuntu/.local/lib/python3.10/site-packages/airflow/example_dags/example_nested_branch_dag.py for tasks to queue
[2024-02-06T21:44:07.245+0100] {logging_mixin.py:188} INFO - [2024-02-06T21:44:07.244+0100] {dagbag.py:538} INFO - Filling up the DagBag from /home/ubuntu/.local/lib/python3.10/site-packages/airflow/example_dags/example_nested_branch_dag.py
[2024-02-06T21:44:07.261+0100] {processor.py:840} INFO - DAG(s) 'example_nested_branch_dag' retrieved from /home/ubuntu/.local/lib/python3.10/site-packages/airflow/example_dags/example_nested_branch_dag.py
[2024-02-06T21:44:07.287+0100] {logging_mixin.py:188} INFO - [2024-02-06T21:44:07.286+0100] {dag.py:3036} INFO - Sync 1 DAGs
[2024-02-06T21:44:07.344+0100] {logging_mixin.py:188} INFO - [2024-02-06T21:44:07.343+0100] {dag.py:3823} INFO - Setting next_dagrun for example_nested_branch_dag to 2024-02-05 00:00:00+00:00, run_after=2024-02-06 00:00:00+00:00
[2024-02-06T21:44:07.402+0100] {processor.py:183} INFO - Processing /home/ubuntu/.local/lib/python3.10/site-packages/airflow/example_dags/example_nested_branch_dag.py took 0.167 seconds
[2024-02-06T21:45:23.009+0100] {processor.py:161} INFO - Started process (PID=29374) to work on /home/ubuntu/.local/lib/python3.10/site-packages/airflow/example_dags/example_nested_branch_dag.py
[2024-02-06T21:45:23.030+0100] {processor.py:830} INFO - Processing file /home/ubuntu/.local/lib/python3.10/site-packages/airflow/example_dags/example_nested_branch_dag.py for tasks to queue
[2024-02-06T21:45:23.036+0100] {logging_mixin.py:188} INFO - [2024-02-06T21:45:23.031+0100] {dagbag.py:538} INFO - Filling up the DagBag from /home/ubuntu/.local/lib/python3.10/site-packages/airflow/example_dags/example_nested_branch_dag.py
[2024-02-06T21:45:23.038+0100] {processor.py:842} WARNING - No viable dags retrieved from /home/ubuntu/.local/lib/python3.10/site-packages/airflow/example_dags/example_nested_branch_dag.py
[2024-02-06T21:45:23.083+0100] {processor.py:183} INFO - Processing /home/ubuntu/.local/lib/python3.10/site-packages/airflow/example_dags/example_nested_branch_dag.py took 0.124 seconds
[2024-02-06T21:54:24.345+0100] {processor.py:161} INFO - Started process (PID=31254) to work on /home/ubuntu/.local/lib/python3.10/site-packages/airflow/example_dags/example_nested_branch_dag.py
[2024-02-06T21:54:24.355+0100] {processor.py:830} INFO - Processing file /home/ubuntu/.local/lib/python3.10/site-packages/airflow/example_dags/example_nested_branch_dag.py for tasks to queue
[2024-02-06T21:54:24.357+0100] {logging_mixin.py:188} INFO - [2024-02-06T21:54:24.356+0100] {dagbag.py:538} INFO - Filling up the DagBag from /home/ubuntu/.local/lib/python3.10/site-packages/airflow/example_dags/example_nested_branch_dag.py
[2024-02-06T21:54:24.418+0100] {processor.py:840} INFO - DAG(s) 'example_nested_branch_dag' retrieved from /home/ubuntu/.local/lib/python3.10/site-packages/airflow/example_dags/example_nested_branch_dag.py
[2024-02-06T21:54:24.592+0100] {logging_mixin.py:188} INFO - [2024-02-06T21:54:24.592+0100] {dag.py:3036} INFO - Sync 1 DAGs
[2024-02-06T21:54:24.627+0100] {logging_mixin.py:188} INFO - [2024-02-06T21:54:24.627+0100] {dag.py:3823} INFO - Setting next_dagrun for example_nested_branch_dag to 2024-02-05 00:00:00+00:00, run_after=2024-02-06 00:00:00+00:00
[2024-02-06T21:54:24.676+0100] {processor.py:183} INFO - Processing /home/ubuntu/.local/lib/python3.10/site-packages/airflow/example_dags/example_nested_branch_dag.py took 0.346 seconds
[2024-02-06T21:55:52.379+0100] {processor.py:161} INFO - Started process (PID=32082) to work on /home/ubuntu/.local/lib/python3.10/site-packages/airflow/example_dags/example_nested_branch_dag.py
[2024-02-06T21:55:52.398+0100] {processor.py:830} INFO - Processing file /home/ubuntu/.local/lib/python3.10/site-packages/airflow/example_dags/example_nested_branch_dag.py for tasks to queue
[2024-02-06T21:55:52.401+0100] {logging_mixin.py:188} INFO - [2024-02-06T21:55:52.399+0100] {dagbag.py:538} INFO - Filling up the DagBag from /home/ubuntu/.local/lib/python3.10/site-packages/airflow/example_dags/example_nested_branch_dag.py
[2024-02-06T21:55:52.444+0100] {processor.py:840} INFO - DAG(s) 'example_nested_branch_dag' retrieved from /home/ubuntu/.local/lib/python3.10/site-packages/airflow/example_dags/example_nested_branch_dag.py
[2024-02-06T21:55:52.568+0100] {logging_mixin.py:188} INFO - [2024-02-06T21:55:52.567+0100] {dag.py:3036} INFO - Sync 1 DAGs
[2024-02-06T21:55:52.741+0100] {logging_mixin.py:188} INFO - [2024-02-06T21:55:52.741+0100] {dag.py:3823} INFO - Setting next_dagrun for example_nested_branch_dag to 2024-02-05 00:00:00+00:00, run_after=2024-02-06 00:00:00+00:00
[2024-02-06T21:55:53.016+0100] {processor.py:183} INFO - Processing /home/ubuntu/.local/lib/python3.10/site-packages/airflow/example_dags/example_nested_branch_dag.py took 0.657 seconds
[2024-02-06T21:56:31.297+0100] {processor.py:161} INFO - Started process (PID=32427) to work on /home/ubuntu/.local/lib/python3.10/site-packages/airflow/example_dags/example_nested_branch_dag.py
[2024-02-06T21:56:31.300+0100] {processor.py:830} INFO - Processing file /home/ubuntu/.local/lib/python3.10/site-packages/airflow/example_dags/example_nested_branch_dag.py for tasks to queue
[2024-02-06T21:56:31.303+0100] {logging_mixin.py:188} INFO - [2024-02-06T21:56:31.302+0100] {dagbag.py:538} INFO - Filling up the DagBag from /home/ubuntu/.local/lib/python3.10/site-packages/airflow/example_dags/example_nested_branch_dag.py
[2024-02-06T21:56:31.355+0100] {processor.py:840} INFO - DAG(s) 'example_nested_branch_dag' retrieved from /home/ubuntu/.local/lib/python3.10/site-packages/airflow/example_dags/example_nested_branch_dag.py
[2024-02-06T21:56:31.451+0100] {logging_mixin.py:188} INFO - [2024-02-06T21:56:31.450+0100] {dag.py:3036} INFO - Sync 1 DAGs
[2024-02-06T21:56:31.540+0100] {logging_mixin.py:188} INFO - [2024-02-06T21:56:31.540+0100] {dag.py:3823} INFO - Setting next_dagrun for example_nested_branch_dag to 2024-02-05 00:00:00+00:00, run_after=2024-02-06 00:00:00+00:00
[2024-02-06T21:56:31.607+0100] {processor.py:183} INFO - Processing /home/ubuntu/.local/lib/python3.10/site-packages/airflow/example_dags/example_nested_branch_dag.py took 0.327 seconds
[2024-02-06T21:57:10.338+0100] {processor.py:161} INFO - Started process (PID=32638) to work on /home/ubuntu/.local/lib/python3.10/site-packages/airflow/example_dags/example_nested_branch_dag.py
[2024-02-06T21:57:10.346+0100] {processor.py:830} INFO - Processing file /home/ubuntu/.local/lib/python3.10/site-packages/airflow/example_dags/example_nested_branch_dag.py for tasks to queue
[2024-02-06T21:57:10.356+0100] {logging_mixin.py:188} INFO - [2024-02-06T21:57:10.348+0100] {dagbag.py:538} INFO - Filling up the DagBag from /home/ubuntu/.local/lib/python3.10/site-packages/airflow/example_dags/example_nested_branch_dag.py
[2024-02-06T21:57:10.405+0100] {processor.py:840} INFO - DAG(s) 'example_nested_branch_dag' retrieved from /home/ubuntu/.local/lib/python3.10/site-packages/airflow/example_dags/example_nested_branch_dag.py
[2024-02-06T21:57:10.468+0100] {logging_mixin.py:188} INFO - [2024-02-06T21:57:10.468+0100] {dag.py:3036} INFO - Sync 1 DAGs
[2024-02-06T21:57:10.546+0100] {logging_mixin.py:188} INFO - [2024-02-06T21:57:10.546+0100] {dag.py:3823} INFO - Setting next_dagrun for example_nested_branch_dag to 2024-02-05 00:00:00+00:00, run_after=2024-02-06 00:00:00+00:00
[2024-02-06T21:57:10.619+0100] {processor.py:183} INFO - Processing /home/ubuntu/.local/lib/python3.10/site-packages/airflow/example_dags/example_nested_branch_dag.py took 0.295 seconds
[2024-02-06T21:57:54.948+0100] {processor.py:161} INFO - Started process (PID=33107) to work on /home/ubuntu/.local/lib/python3.10/site-packages/airflow/example_dags/example_nested_branch_dag.py
[2024-02-06T21:57:54.953+0100] {processor.py:830} INFO - Processing file /home/ubuntu/.local/lib/python3.10/site-packages/airflow/example_dags/example_nested_branch_dag.py for tasks to queue
[2024-02-06T21:57:54.956+0100] {logging_mixin.py:188} INFO - [2024-02-06T21:57:54.955+0100] {dagbag.py:538} INFO - Filling up the DagBag from /home/ubuntu/.local/lib/python3.10/site-packages/airflow/example_dags/example_nested_branch_dag.py
[2024-02-06T21:57:54.985+0100] {processor.py:840} INFO - DAG(s) 'example_nested_branch_dag' retrieved from /home/ubuntu/.local/lib/python3.10/site-packages/airflow/example_dags/example_nested_branch_dag.py
[2024-02-06T21:57:55.026+0100] {logging_mixin.py:188} INFO - [2024-02-06T21:57:55.025+0100] {dag.py:3036} INFO - Sync 1 DAGs
[2024-02-06T21:57:55.057+0100] {logging_mixin.py:188} INFO - [2024-02-06T21:57:55.057+0100] {dag.py:3823} INFO - Setting next_dagrun for example_nested_branch_dag to 2024-02-05 00:00:00+00:00, run_after=2024-02-06 00:00:00+00:00
[2024-02-06T21:57:55.122+0100] {processor.py:183} INFO - Processing /home/ubuntu/.local/lib/python3.10/site-packages/airflow/example_dags/example_nested_branch_dag.py took 0.183 seconds
[2024-02-06T21:59:20.912+0100] {processor.py:161} INFO - Started process (PID=33994) to work on /home/ubuntu/.local/lib/python3.10/site-packages/airflow/example_dags/example_nested_branch_dag.py
[2024-02-06T21:59:20.918+0100] {processor.py:830} INFO - Processing file /home/ubuntu/.local/lib/python3.10/site-packages/airflow/example_dags/example_nested_branch_dag.py for tasks to queue
[2024-02-06T21:59:20.928+0100] {logging_mixin.py:188} INFO - [2024-02-06T21:59:20.925+0100] {dagbag.py:538} INFO - Filling up the DagBag from /home/ubuntu/.local/lib/python3.10/site-packages/airflow/example_dags/example_nested_branch_dag.py
[2024-02-06T21:59:20.989+0100] {processor.py:840} INFO - DAG(s) 'example_nested_branch_dag' retrieved from /home/ubuntu/.local/lib/python3.10/site-packages/airflow/example_dags/example_nested_branch_dag.py
[2024-02-06T21:59:21.341+0100] {logging_mixin.py:188} INFO - [2024-02-06T21:59:21.340+0100] {dag.py:3036} INFO - Sync 1 DAGs
[2024-02-06T21:59:21.397+0100] {logging_mixin.py:188} INFO - [2024-02-06T21:59:21.396+0100] {dag.py:3823} INFO - Setting next_dagrun for example_nested_branch_dag to 2024-02-05 00:00:00+00:00, run_after=2024-02-06 00:00:00+00:00
[2024-02-06T21:59:21.460+0100] {processor.py:183} INFO - Processing /home/ubuntu/.local/lib/python3.10/site-packages/airflow/example_dags/example_nested_branch_dag.py took 0.567 seconds
[2024-02-06T21:59:32.742+0100] {processor.py:161} INFO - Started process (PID=34086) to work on /home/ubuntu/.local/lib/python3.10/site-packages/airflow/example_dags/example_nested_branch_dag.py
[2024-02-06T21:59:32.744+0100] {processor.py:830} INFO - Processing file /home/ubuntu/.local/lib/python3.10/site-packages/airflow/example_dags/example_nested_branch_dag.py for tasks to queue
[2024-02-06T21:59:32.747+0100] {logging_mixin.py:188} INFO - [2024-02-06T21:59:32.746+0100] {dagbag.py:538} INFO - Filling up the DagBag from /home/ubuntu/.local/lib/python3.10/site-packages/airflow/example_dags/example_nested_branch_dag.py
[2024-02-06T21:59:32.870+0100] {processor.py:840} INFO - DAG(s) 'example_nested_branch_dag' retrieved from /home/ubuntu/.local/lib/python3.10/site-packages/airflow/example_dags/example_nested_branch_dag.py
[2024-02-06T21:59:32.905+0100] {logging_mixin.py:188} INFO - [2024-02-06T21:59:32.904+0100] {dag.py:3036} INFO - Sync 1 DAGs
[2024-02-06T21:59:33.002+0100] {logging_mixin.py:188} INFO - [2024-02-06T21:59:33.001+0100] {dag.py:3823} INFO - Setting next_dagrun for example_nested_branch_dag to 2024-02-05 00:00:00+00:00, run_after=2024-02-06 00:00:00+00:00
[2024-02-06T21:59:33.088+0100] {processor.py:183} INFO - Processing /home/ubuntu/.local/lib/python3.10/site-packages/airflow/example_dags/example_nested_branch_dag.py took 0.365 seconds
[2024-02-06T22:01:01.003+0100] {processor.py:161} INFO - Started process (PID=34827) to work on /home/ubuntu/.local/lib/python3.10/site-packages/airflow/example_dags/example_nested_branch_dag.py
[2024-02-06T22:01:01.006+0100] {processor.py:830} INFO - Processing file /home/ubuntu/.local/lib/python3.10/site-packages/airflow/example_dags/example_nested_branch_dag.py for tasks to queue
[2024-02-06T22:01:01.009+0100] {logging_mixin.py:188} INFO - [2024-02-06T22:01:01.008+0100] {dagbag.py:538} INFO - Filling up the DagBag from /home/ubuntu/.local/lib/python3.10/site-packages/airflow/example_dags/example_nested_branch_dag.py
[2024-02-06T22:01:01.032+0100] {processor.py:840} INFO - DAG(s) 'example_nested_branch_dag' retrieved from /home/ubuntu/.local/lib/python3.10/site-packages/airflow/example_dags/example_nested_branch_dag.py
[2024-02-06T22:01:01.089+0100] {logging_mixin.py:188} INFO - [2024-02-06T22:01:01.088+0100] {dag.py:3036} INFO - Sync 1 DAGs
[2024-02-06T22:01:01.123+0100] {logging_mixin.py:188} INFO - [2024-02-06T22:01:01.123+0100] {dag.py:3823} INFO - Setting next_dagrun for example_nested_branch_dag to 2024-02-05 00:00:00+00:00, run_after=2024-02-06 00:00:00+00:00
[2024-02-06T22:01:01.180+0100] {processor.py:183} INFO - Processing /home/ubuntu/.local/lib/python3.10/site-packages/airflow/example_dags/example_nested_branch_dag.py took 0.186 seconds
[2024-02-06T22:01:05.871+0100] {processor.py:161} INFO - Started process (PID=34834) to work on /home/ubuntu/.local/lib/python3.10/site-packages/airflow/example_dags/example_nested_branch_dag.py
[2024-02-06T22:01:05.873+0100] {processor.py:830} INFO - Processing file /home/ubuntu/.local/lib/python3.10/site-packages/airflow/example_dags/example_nested_branch_dag.py for tasks to queue
[2024-02-06T22:01:05.875+0100] {logging_mixin.py:188} INFO - [2024-02-06T22:01:05.875+0100] {dagbag.py:538} INFO - Filling up the DagBag from /home/ubuntu/.local/lib/python3.10/site-packages/airflow/example_dags/example_nested_branch_dag.py
[2024-02-06T22:01:05.909+0100] {processor.py:840} INFO - DAG(s) 'example_nested_branch_dag' retrieved from /home/ubuntu/.local/lib/python3.10/site-packages/airflow/example_dags/example_nested_branch_dag.py
[2024-02-06T22:01:05.940+0100] {logging_mixin.py:188} INFO - [2024-02-06T22:01:05.939+0100] {dag.py:3036} INFO - Sync 1 DAGs
[2024-02-06T22:01:05.976+0100] {logging_mixin.py:188} INFO - [2024-02-06T22:01:05.976+0100] {dag.py:3823} INFO - Setting next_dagrun for example_nested_branch_dag to 2024-02-05 00:00:00+00:00, run_after=2024-02-06 00:00:00+00:00
[2024-02-06T22:01:06.037+0100] {processor.py:183} INFO - Processing /home/ubuntu/.local/lib/python3.10/site-packages/airflow/example_dags/example_nested_branch_dag.py took 0.173 seconds
[2024-02-06T22:02:29.633+0100] {processor.py:161} INFO - Started process (PID=35532) to work on /home/ubuntu/.local/lib/python3.10/site-packages/airflow/example_dags/example_nested_branch_dag.py
[2024-02-06T22:02:29.651+0100] {processor.py:830} INFO - Processing file /home/ubuntu/.local/lib/python3.10/site-packages/airflow/example_dags/example_nested_branch_dag.py for tasks to queue
[2024-02-06T22:02:29.667+0100] {logging_mixin.py:188} INFO - [2024-02-06T22:02:29.666+0100] {dagbag.py:538} INFO - Filling up the DagBag from /home/ubuntu/.local/lib/python3.10/site-packages/airflow/example_dags/example_nested_branch_dag.py
[2024-02-06T22:02:29.716+0100] {processor.py:840} INFO - DAG(s) 'example_nested_branch_dag' retrieved from /home/ubuntu/.local/lib/python3.10/site-packages/airflow/example_dags/example_nested_branch_dag.py
[2024-02-06T22:02:29.780+0100] {logging_mixin.py:188} INFO - [2024-02-06T22:02:29.779+0100] {dag.py:3036} INFO - Sync 1 DAGs
[2024-02-06T22:02:29.908+0100] {logging_mixin.py:188} INFO - [2024-02-06T22:02:29.907+0100] {dag.py:3823} INFO - Setting next_dagrun for example_nested_branch_dag to 2024-02-05 00:00:00+00:00, run_after=2024-02-06 00:00:00+00:00
[2024-02-06T22:02:30.106+0100] {processor.py:183} INFO - Processing /home/ubuntu/.local/lib/python3.10/site-packages/airflow/example_dags/example_nested_branch_dag.py took 0.494 seconds
[2024-02-06T22:02:31.951+0100] {processor.py:161} INFO - Started process (PID=35535) to work on /home/ubuntu/.local/lib/python3.10/site-packages/airflow/example_dags/example_nested_branch_dag.py
[2024-02-06T22:02:31.953+0100] {processor.py:830} INFO - Processing file /home/ubuntu/.local/lib/python3.10/site-packages/airflow/example_dags/example_nested_branch_dag.py for tasks to queue
[2024-02-06T22:02:31.955+0100] {logging_mixin.py:188} INFO - [2024-02-06T22:02:31.954+0100] {dagbag.py:538} INFO - Filling up the DagBag from /home/ubuntu/.local/lib/python3.10/site-packages/airflow/example_dags/example_nested_branch_dag.py
[2024-02-06T22:02:31.986+0100] {processor.py:840} INFO - DAG(s) 'example_nested_branch_dag' retrieved from /home/ubuntu/.local/lib/python3.10/site-packages/airflow/example_dags/example_nested_branch_dag.py
[2024-02-06T22:02:32.031+0100] {logging_mixin.py:188} INFO - [2024-02-06T22:02:32.030+0100] {dag.py:3036} INFO - Sync 1 DAGs
[2024-02-06T22:02:32.069+0100] {logging_mixin.py:188} INFO - [2024-02-06T22:02:32.068+0100] {dag.py:3823} INFO - Setting next_dagrun for example_nested_branch_dag to 2024-02-05 00:00:00+00:00, run_after=2024-02-06 00:00:00+00:00
[2024-02-06T22:02:32.115+0100] {processor.py:183} INFO - Processing /home/ubuntu/.local/lib/python3.10/site-packages/airflow/example_dags/example_nested_branch_dag.py took 0.171 seconds
[2024-02-06T22:04:13.098+0100] {processor.py:161} INFO - Started process (PID=36566) to work on /home/ubuntu/.local/lib/python3.10/site-packages/airflow/example_dags/example_nested_branch_dag.py
[2024-02-06T22:04:13.178+0100] {processor.py:830} INFO - Processing file /home/ubuntu/.local/lib/python3.10/site-packages/airflow/example_dags/example_nested_branch_dag.py for tasks to queue
[2024-02-06T22:04:13.182+0100] {logging_mixin.py:188} INFO - [2024-02-06T22:04:13.179+0100] {dagbag.py:538} INFO - Filling up the DagBag from /home/ubuntu/.local/lib/python3.10/site-packages/airflow/example_dags/example_nested_branch_dag.py
[2024-02-06T22:04:13.440+0100] {processor.py:840} INFO - DAG(s) 'example_nested_branch_dag' retrieved from /home/ubuntu/.local/lib/python3.10/site-packages/airflow/example_dags/example_nested_branch_dag.py
[2024-02-06T22:04:13.819+0100] {logging_mixin.py:188} INFO - [2024-02-06T22:04:13.818+0100] {dag.py:3036} INFO - Sync 1 DAGs
[2024-02-06T22:04:14.200+0100] {logging_mixin.py:188} INFO - [2024-02-06T22:04:14.199+0100] {dag.py:3823} INFO - Setting next_dagrun for example_nested_branch_dag to 2024-02-05 00:00:00+00:00, run_after=2024-02-06 00:00:00+00:00
[2024-02-06T22:04:14.878+0100] {processor.py:183} INFO - Processing /home/ubuntu/.local/lib/python3.10/site-packages/airflow/example_dags/example_nested_branch_dag.py took 2.062 seconds
[2024-02-06T22:06:39.508+0100] {processor.py:161} INFO - Started process (PID=37631) to work on /home/ubuntu/.local/lib/python3.10/site-packages/airflow/example_dags/example_nested_branch_dag.py
[2024-02-06T22:06:39.520+0100] {processor.py:830} INFO - Processing file /home/ubuntu/.local/lib/python3.10/site-packages/airflow/example_dags/example_nested_branch_dag.py for tasks to queue
[2024-02-06T22:06:39.523+0100] {logging_mixin.py:188} INFO - [2024-02-06T22:06:39.522+0100] {dagbag.py:538} INFO - Filling up the DagBag from /home/ubuntu/.local/lib/python3.10/site-packages/airflow/example_dags/example_nested_branch_dag.py
[2024-02-06T22:06:39.570+0100] {processor.py:840} INFO - DAG(s) 'example_nested_branch_dag' retrieved from /home/ubuntu/.local/lib/python3.10/site-packages/airflow/example_dags/example_nested_branch_dag.py
[2024-02-06T22:06:39.887+0100] {logging_mixin.py:188} INFO - [2024-02-06T22:06:39.886+0100] {dag.py:3036} INFO - Sync 1 DAGs
[2024-02-06T22:06:39.966+0100] {logging_mixin.py:188} INFO - [2024-02-06T22:06:39.965+0100] {dag.py:3823} INFO - Setting next_dagrun for example_nested_branch_dag to 2024-02-05 00:00:00+00:00, run_after=2024-02-06 00:00:00+00:00
[2024-02-06T22:06:40.044+0100] {processor.py:183} INFO - Processing /home/ubuntu/.local/lib/python3.10/site-packages/airflow/example_dags/example_nested_branch_dag.py took 0.547 seconds
[2024-02-06T22:11:03.764+0100] {processor.py:161} INFO - Started process (PID=39297) to work on /home/ubuntu/.local/lib/python3.10/site-packages/airflow/example_dags/example_nested_branch_dag.py
[2024-02-06T22:11:03.768+0100] {processor.py:830} INFO - Processing file /home/ubuntu/.local/lib/python3.10/site-packages/airflow/example_dags/example_nested_branch_dag.py for tasks to queue
[2024-02-06T22:11:03.775+0100] {logging_mixin.py:188} INFO - [2024-02-06T22:11:03.770+0100] {dagbag.py:538} INFO - Filling up the DagBag from /home/ubuntu/.local/lib/python3.10/site-packages/airflow/example_dags/example_nested_branch_dag.py
[2024-02-06T22:11:03.820+0100] {processor.py:840} INFO - DAG(s) 'example_nested_branch_dag' retrieved from /home/ubuntu/.local/lib/python3.10/site-packages/airflow/example_dags/example_nested_branch_dag.py
[2024-02-06T22:11:04.156+0100] {logging_mixin.py:188} INFO - [2024-02-06T22:11:04.155+0100] {dag.py:3036} INFO - Sync 1 DAGs
[2024-02-06T22:11:04.220+0100] {logging_mixin.py:188} INFO - [2024-02-06T22:11:04.214+0100] {dag.py:3823} INFO - Setting next_dagrun for example_nested_branch_dag to 2024-02-05 00:00:00+00:00, run_after=2024-02-06 00:00:00+00:00
[2024-02-06T22:11:04.403+0100] {processor.py:183} INFO - Processing /home/ubuntu/.local/lib/python3.10/site-packages/airflow/example_dags/example_nested_branch_dag.py took 0.656 seconds
[2024-02-06T22:13:27.056+0100] {processor.py:161} INFO - Started process (PID=40212) to work on /home/ubuntu/.local/lib/python3.10/site-packages/airflow/example_dags/example_nested_branch_dag.py
[2024-02-06T22:13:27.068+0100] {processor.py:830} INFO - Processing file /home/ubuntu/.local/lib/python3.10/site-packages/airflow/example_dags/example_nested_branch_dag.py for tasks to queue
[2024-02-06T22:13:27.070+0100] {logging_mixin.py:188} INFO - [2024-02-06T22:13:27.069+0100] {dagbag.py:538} INFO - Filling up the DagBag from /home/ubuntu/.local/lib/python3.10/site-packages/airflow/example_dags/example_nested_branch_dag.py
[2024-02-06T22:13:27.100+0100] {processor.py:840} INFO - DAG(s) 'example_nested_branch_dag' retrieved from /home/ubuntu/.local/lib/python3.10/site-packages/airflow/example_dags/example_nested_branch_dag.py
[2024-02-06T22:13:27.285+0100] {logging_mixin.py:188} INFO - [2024-02-06T22:13:27.285+0100] {dag.py:3036} INFO - Sync 1 DAGs
[2024-02-06T22:13:27.323+0100] {logging_mixin.py:188} INFO - [2024-02-06T22:13:27.323+0100] {dag.py:3823} INFO - Setting next_dagrun for example_nested_branch_dag to 2024-02-05 00:00:00+00:00, run_after=2024-02-06 00:00:00+00:00
[2024-02-06T22:13:27.387+0100] {processor.py:183} INFO - Processing /home/ubuntu/.local/lib/python3.10/site-packages/airflow/example_dags/example_nested_branch_dag.py took 0.339 seconds
[2024-02-06T22:14:56.645+0100] {processor.py:161} INFO - Started process (PID=41220) to work on /home/ubuntu/.local/lib/python3.10/site-packages/airflow/example_dags/example_nested_branch_dag.py
[2024-02-06T22:14:56.655+0100] {processor.py:830} INFO - Processing file /home/ubuntu/.local/lib/python3.10/site-packages/airflow/example_dags/example_nested_branch_dag.py for tasks to queue
[2024-02-06T22:14:56.657+0100] {logging_mixin.py:188} INFO - [2024-02-06T22:14:56.657+0100] {dagbag.py:538} INFO - Filling up the DagBag from /home/ubuntu/.local/lib/python3.10/site-packages/airflow/example_dags/example_nested_branch_dag.py
[2024-02-06T22:14:56.679+0100] {processor.py:840} INFO - DAG(s) 'example_nested_branch_dag' retrieved from /home/ubuntu/.local/lib/python3.10/site-packages/airflow/example_dags/example_nested_branch_dag.py
[2024-02-06T22:14:56.709+0100] {logging_mixin.py:188} INFO - [2024-02-06T22:14:56.708+0100] {dag.py:3036} INFO - Sync 1 DAGs
[2024-02-06T22:14:56.745+0100] {logging_mixin.py:188} INFO - [2024-02-06T22:14:56.745+0100] {dag.py:3823} INFO - Setting next_dagrun for example_nested_branch_dag to 2024-02-05 00:00:00+00:00, run_after=2024-02-06 00:00:00+00:00
[2024-02-06T22:14:56.813+0100] {processor.py:183} INFO - Processing /home/ubuntu/.local/lib/python3.10/site-packages/airflow/example_dags/example_nested_branch_dag.py took 0.181 seconds
[2024-02-06T22:26:32.265+0100] {processor.py:161} INFO - Started process (PID=49369) to work on /home/ubuntu/.local/lib/python3.10/site-packages/airflow/example_dags/example_nested_branch_dag.py
[2024-02-06T22:26:32.277+0100] {processor.py:830} INFO - Processing file /home/ubuntu/.local/lib/python3.10/site-packages/airflow/example_dags/example_nested_branch_dag.py for tasks to queue
[2024-02-06T22:26:32.280+0100] {logging_mixin.py:188} INFO - [2024-02-06T22:26:32.279+0100] {dagbag.py:538} INFO - Filling up the DagBag from /home/ubuntu/.local/lib/python3.10/site-packages/airflow/example_dags/example_nested_branch_dag.py
[2024-02-06T22:26:32.305+0100] {processor.py:840} INFO - DAG(s) 'example_nested_branch_dag' retrieved from /home/ubuntu/.local/lib/python3.10/site-packages/airflow/example_dags/example_nested_branch_dag.py
[2024-02-06T22:26:32.396+0100] {logging_mixin.py:188} INFO - [2024-02-06T22:26:32.396+0100] {dag.py:3036} INFO - Sync 1 DAGs
[2024-02-06T22:26:32.454+0100] {logging_mixin.py:188} INFO - [2024-02-06T22:26:32.453+0100] {dag.py:3823} INFO - Setting next_dagrun for example_nested_branch_dag to 2024-02-05 00:00:00+00:00, run_after=2024-02-06 00:00:00+00:00
[2024-02-06T22:26:32.589+0100] {processor.py:183} INFO - Processing /home/ubuntu/.local/lib/python3.10/site-packages/airflow/example_dags/example_nested_branch_dag.py took 0.328 seconds
[2024-02-06T22:28:23.273+0100] {processor.py:161} INFO - Started process (PID=50366) to work on /home/ubuntu/.local/lib/python3.10/site-packages/airflow/example_dags/example_nested_branch_dag.py
[2024-02-06T22:28:23.285+0100] {processor.py:830} INFO - Processing file /home/ubuntu/.local/lib/python3.10/site-packages/airflow/example_dags/example_nested_branch_dag.py for tasks to queue
[2024-02-06T22:28:23.287+0100] {logging_mixin.py:188} INFO - [2024-02-06T22:28:23.286+0100] {dagbag.py:538} INFO - Filling up the DagBag from /home/ubuntu/.local/lib/python3.10/site-packages/airflow/example_dags/example_nested_branch_dag.py
[2024-02-06T22:28:23.377+0100] {processor.py:840} INFO - DAG(s) 'example_nested_branch_dag' retrieved from /home/ubuntu/.local/lib/python3.10/site-packages/airflow/example_dags/example_nested_branch_dag.py
[2024-02-06T22:28:23.946+0100] {logging_mixin.py:188} INFO - [2024-02-06T22:28:23.945+0100] {dag.py:3036} INFO - Sync 1 DAGs
[2024-02-06T22:28:24.054+0100] {logging_mixin.py:188} INFO - [2024-02-06T22:28:24.053+0100] {dag.py:3823} INFO - Setting next_dagrun for example_nested_branch_dag to 2024-02-05 00:00:00+00:00, run_after=2024-02-06 00:00:00+00:00
[2024-02-06T22:28:24.188+0100] {processor.py:183} INFO - Processing /home/ubuntu/.local/lib/python3.10/site-packages/airflow/example_dags/example_nested_branch_dag.py took 0.923 seconds
[2024-02-06T22:35:39.114+0100] {processor.py:161} INFO - Started process (PID=55738) to work on /home/ubuntu/.local/lib/python3.10/site-packages/airflow/example_dags/example_nested_branch_dag.py
[2024-02-06T22:35:39.118+0100] {processor.py:830} INFO - Processing file /home/ubuntu/.local/lib/python3.10/site-packages/airflow/example_dags/example_nested_branch_dag.py for tasks to queue
[2024-02-06T22:35:39.122+0100] {logging_mixin.py:188} INFO - [2024-02-06T22:35:39.120+0100] {dagbag.py:538} INFO - Filling up the DagBag from /home/ubuntu/.local/lib/python3.10/site-packages/airflow/example_dags/example_nested_branch_dag.py
[2024-02-06T22:35:39.193+0100] {processor.py:840} INFO - DAG(s) 'example_nested_branch_dag' retrieved from /home/ubuntu/.local/lib/python3.10/site-packages/airflow/example_dags/example_nested_branch_dag.py
[2024-02-06T22:35:39.565+0100] {logging_mixin.py:188} INFO - [2024-02-06T22:35:39.564+0100] {dag.py:3036} INFO - Sync 1 DAGs
[2024-02-06T22:35:40.047+0100] {logging_mixin.py:188} INFO - [2024-02-06T22:35:40.045+0100] {dag.py:3823} INFO - Setting next_dagrun for example_nested_branch_dag to 2024-02-05 00:00:00+00:00, run_after=2024-02-06 00:00:00+00:00
[2024-02-06T22:35:40.392+0100] {processor.py:183} INFO - Processing /home/ubuntu/.local/lib/python3.10/site-packages/airflow/example_dags/example_nested_branch_dag.py took 1.313 seconds
[2024-02-06T23:14:32.819+0100] {processor.py:161} INFO - Started process (PID=64238) to work on /home/ubuntu/.local/lib/python3.10/site-packages/airflow/example_dags/example_nested_branch_dag.py
[2024-02-06T23:14:32.834+0100] {processor.py:830} INFO - Processing file /home/ubuntu/.local/lib/python3.10/site-packages/airflow/example_dags/example_nested_branch_dag.py for tasks to queue
[2024-02-06T23:14:32.837+0100] {logging_mixin.py:188} INFO - [2024-02-06T23:14:32.836+0100] {dagbag.py:538} INFO - Filling up the DagBag from /home/ubuntu/.local/lib/python3.10/site-packages/airflow/example_dags/example_nested_branch_dag.py
[2024-02-06T23:14:32.907+0100] {processor.py:840} INFO - DAG(s) 'example_nested_branch_dag' retrieved from /home/ubuntu/.local/lib/python3.10/site-packages/airflow/example_dags/example_nested_branch_dag.py
[2024-02-06T23:14:33.467+0100] {logging_mixin.py:188} INFO - [2024-02-06T23:14:33.466+0100] {dag.py:3036} INFO - Sync 1 DAGs
[2024-02-06T23:14:33.696+0100] {logging_mixin.py:188} INFO - [2024-02-06T23:14:33.694+0100] {dag.py:3823} INFO - Setting next_dagrun for example_nested_branch_dag to 2024-02-05 00:00:00+00:00, run_after=2024-02-06 00:00:00+00:00
[2024-02-06T23:14:33.921+0100] {processor.py:183} INFO - Processing /home/ubuntu/.local/lib/python3.10/site-packages/airflow/example_dags/example_nested_branch_dag.py took 1.119 seconds
[2024-02-06T23:29:59.971+0100] {processor.py:161} INFO - Started process (PID=72704) to work on /home/ubuntu/.local/lib/python3.10/site-packages/airflow/example_dags/example_nested_branch_dag.py
[2024-02-06T23:30:00.066+0100] {processor.py:830} INFO - Processing file /home/ubuntu/.local/lib/python3.10/site-packages/airflow/example_dags/example_nested_branch_dag.py for tasks to queue
[2024-02-06T23:30:00.071+0100] {logging_mixin.py:188} INFO - [2024-02-06T23:30:00.069+0100] {dagbag.py:538} INFO - Filling up the DagBag from /home/ubuntu/.local/lib/python3.10/site-packages/airflow/example_dags/example_nested_branch_dag.py
[2024-02-06T23:30:00.290+0100] {processor.py:840} INFO - DAG(s) 'example_nested_branch_dag' retrieved from /home/ubuntu/.local/lib/python3.10/site-packages/airflow/example_dags/example_nested_branch_dag.py
[2024-02-06T23:30:00.704+0100] {logging_mixin.py:188} INFO - [2024-02-06T23:30:00.703+0100] {dag.py:3036} INFO - Sync 1 DAGs
[2024-02-06T23:30:00.854+0100] {logging_mixin.py:188} INFO - [2024-02-06T23:30:00.854+0100] {dag.py:3823} INFO - Setting next_dagrun for example_nested_branch_dag to 2024-02-05 00:00:00+00:00, run_after=2024-02-06 00:00:00+00:00
[2024-02-06T23:30:01.126+0100] {processor.py:183} INFO - Processing /home/ubuntu/.local/lib/python3.10/site-packages/airflow/example_dags/example_nested_branch_dag.py took 1.173 seconds
