[2024-02-06T21:27:46.899+0100] {processor.py:161} INFO - Started process (PID=23329) to work on /home/ubuntu/.local/lib/python3.10/site-packages/airflow/example_dags/example_python_decorator.py
[2024-02-06T21:27:46.901+0100] {processor.py:830} INFO - Processing file /home/ubuntu/.local/lib/python3.10/site-packages/airflow/example_dags/example_python_decorator.py for tasks to queue
[2024-02-06T21:27:46.902+0100] {logging_mixin.py:188} INFO - [2024-02-06T21:27:46.902+0100] {dagbag.py:538} INFO - Filling up the DagBag from /home/ubuntu/.local/lib/python3.10/site-packages/airflow/example_dags/example_python_decorator.py
[2024-02-06T21:27:46.931+0100] {processor.py:840} INFO - DAG(s) 'example_python_decorator' retrieved from /home/ubuntu/.local/lib/python3.10/site-packages/airflow/example_dags/example_python_decorator.py
[2024-02-06T21:27:47.097+0100] {logging_mixin.py:188} INFO - [2024-02-06T21:27:47.097+0100] {dag.py:3036} INFO - Sync 1 DAGs
[2024-02-06T21:27:47.113+0100] {logging_mixin.py:188} INFO - [2024-02-06T21:27:47.112+0100] {dag.py:3823} INFO - Setting next_dagrun for example_python_decorator to None, run_after=None
[2024-02-06T21:27:47.214+0100] {processor.py:183} INFO - Processing /home/ubuntu/.local/lib/python3.10/site-packages/airflow/example_dags/example_python_decorator.py took 0.320 seconds
[2024-02-06T21:29:02.784+0100] {processor.py:161} INFO - Started process (PID=24107) to work on /home/ubuntu/.local/lib/python3.10/site-packages/airflow/example_dags/example_python_decorator.py
[2024-02-06T21:29:02.787+0100] {processor.py:830} INFO - Processing file /home/ubuntu/.local/lib/python3.10/site-packages/airflow/example_dags/example_python_decorator.py for tasks to queue
[2024-02-06T21:29:02.795+0100] {logging_mixin.py:188} INFO - [2024-02-06T21:29:02.788+0100] {dagbag.py:538} INFO - Filling up the DagBag from /home/ubuntu/.local/lib/python3.10/site-packages/airflow/example_dags/example_python_decorator.py
[2024-02-06T21:29:02.829+0100] {processor.py:840} INFO - DAG(s) 'example_python_decorator' retrieved from /home/ubuntu/.local/lib/python3.10/site-packages/airflow/example_dags/example_python_decorator.py
[2024-02-06T21:29:02.869+0100] {logging_mixin.py:188} INFO - [2024-02-06T21:29:02.869+0100] {dag.py:3036} INFO - Sync 1 DAGs
[2024-02-06T21:29:02.904+0100] {logging_mixin.py:188} INFO - [2024-02-06T21:29:02.903+0100] {dag.py:3823} INFO - Setting next_dagrun for example_python_decorator to None, run_after=None
[2024-02-06T21:29:03.001+0100] {processor.py:183} INFO - Processing /home/ubuntu/.local/lib/python3.10/site-packages/airflow/example_dags/example_python_decorator.py took 0.223 seconds
[2024-02-06T21:30:50.038+0100] {processor.py:161} INFO - Started process (PID=24869) to work on /home/ubuntu/.local/lib/python3.10/site-packages/airflow/example_dags/example_python_decorator.py
[2024-02-06T21:30:50.041+0100] {processor.py:830} INFO - Processing file /home/ubuntu/.local/lib/python3.10/site-packages/airflow/example_dags/example_python_decorator.py for tasks to queue
[2024-02-06T21:30:50.043+0100] {logging_mixin.py:188} INFO - [2024-02-06T21:30:50.042+0100] {dagbag.py:538} INFO - Filling up the DagBag from /home/ubuntu/.local/lib/python3.10/site-packages/airflow/example_dags/example_python_decorator.py
[2024-02-06T21:30:50.075+0100] {processor.py:840} INFO - DAG(s) 'example_python_decorator' retrieved from /home/ubuntu/.local/lib/python3.10/site-packages/airflow/example_dags/example_python_decorator.py
[2024-02-06T21:30:50.248+0100] {logging_mixin.py:188} INFO - [2024-02-06T21:30:50.247+0100] {dag.py:3036} INFO - Sync 1 DAGs
[2024-02-06T21:30:50.260+0100] {logging_mixin.py:188} INFO - [2024-02-06T21:30:50.259+0100] {dag.py:3823} INFO - Setting next_dagrun for example_python_decorator to None, run_after=None
[2024-02-06T21:30:50.319+0100] {processor.py:183} INFO - Processing /home/ubuntu/.local/lib/python3.10/site-packages/airflow/example_dags/example_python_decorator.py took 0.287 seconds
[2024-02-06T21:32:01.212+0100] {processor.py:161} INFO - Started process (PID=25111) to work on /home/ubuntu/.local/lib/python3.10/site-packages/airflow/example_dags/example_python_decorator.py
[2024-02-06T21:32:01.216+0100] {processor.py:830} INFO - Processing file /home/ubuntu/.local/lib/python3.10/site-packages/airflow/example_dags/example_python_decorator.py for tasks to queue
[2024-02-06T21:32:01.218+0100] {logging_mixin.py:188} INFO - [2024-02-06T21:32:01.217+0100] {dagbag.py:538} INFO - Filling up the DagBag from /home/ubuntu/.local/lib/python3.10/site-packages/airflow/example_dags/example_python_decorator.py
[2024-02-06T21:32:01.240+0100] {processor.py:840} INFO - DAG(s) 'example_python_decorator' retrieved from /home/ubuntu/.local/lib/python3.10/site-packages/airflow/example_dags/example_python_decorator.py
[2024-02-06T21:32:01.264+0100] {logging_mixin.py:188} INFO - [2024-02-06T21:32:01.263+0100] {dag.py:3036} INFO - Sync 1 DAGs
[2024-02-06T21:32:01.285+0100] {logging_mixin.py:188} INFO - [2024-02-06T21:32:01.285+0100] {dag.py:3823} INFO - Setting next_dagrun for example_python_decorator to None, run_after=None
[2024-02-06T21:32:01.361+0100] {processor.py:183} INFO - Processing /home/ubuntu/.local/lib/python3.10/site-packages/airflow/example_dags/example_python_decorator.py took 0.154 seconds
[2024-02-06T21:33:17.211+0100] {processor.py:161} INFO - Started process (PID=25418) to work on /home/ubuntu/.local/lib/python3.10/site-packages/airflow/example_dags/example_python_decorator.py
[2024-02-06T21:33:17.221+0100] {processor.py:830} INFO - Processing file /home/ubuntu/.local/lib/python3.10/site-packages/airflow/example_dags/example_python_decorator.py for tasks to queue
[2024-02-06T21:33:17.224+0100] {logging_mixin.py:188} INFO - [2024-02-06T21:33:17.223+0100] {dagbag.py:538} INFO - Filling up the DagBag from /home/ubuntu/.local/lib/python3.10/site-packages/airflow/example_dags/example_python_decorator.py
[2024-02-06T21:33:17.248+0100] {processor.py:840} INFO - DAG(s) 'example_python_decorator' retrieved from /home/ubuntu/.local/lib/python3.10/site-packages/airflow/example_dags/example_python_decorator.py
[2024-02-06T21:33:17.274+0100] {logging_mixin.py:188} INFO - [2024-02-06T21:33:17.274+0100] {dag.py:3036} INFO - Sync 1 DAGs
[2024-02-06T21:33:17.293+0100] {logging_mixin.py:188} INFO - [2024-02-06T21:33:17.293+0100] {dag.py:3823} INFO - Setting next_dagrun for example_python_decorator to None, run_after=None
[2024-02-06T21:33:17.344+0100] {processor.py:183} INFO - Processing /home/ubuntu/.local/lib/python3.10/site-packages/airflow/example_dags/example_python_decorator.py took 0.140 seconds
[2024-02-06T21:40:36.036+0100] {processor.py:161} INFO - Started process (PID=27706) to work on /home/ubuntu/.local/lib/python3.10/site-packages/airflow/example_dags/example_python_decorator.py
[2024-02-06T21:40:36.047+0100] {processor.py:830} INFO - Processing file /home/ubuntu/.local/lib/python3.10/site-packages/airflow/example_dags/example_python_decorator.py for tasks to queue
[2024-02-06T21:40:36.050+0100] {logging_mixin.py:188} INFO - [2024-02-06T21:40:36.049+0100] {dagbag.py:538} INFO - Filling up the DagBag from /home/ubuntu/.local/lib/python3.10/site-packages/airflow/example_dags/example_python_decorator.py
[2024-02-06T21:40:36.108+0100] {processor.py:840} INFO - DAG(s) 'example_python_decorator' retrieved from /home/ubuntu/.local/lib/python3.10/site-packages/airflow/example_dags/example_python_decorator.py
[2024-02-06T21:40:36.381+0100] {logging_mixin.py:188} INFO - [2024-02-06T21:40:36.381+0100] {dag.py:3036} INFO - Sync 1 DAGs
[2024-02-06T21:40:36.419+0100] {logging_mixin.py:188} INFO - [2024-02-06T21:40:36.419+0100] {dag.py:3823} INFO - Setting next_dagrun for example_python_decorator to None, run_after=None
[2024-02-06T21:40:36.506+0100] {processor.py:183} INFO - Processing /home/ubuntu/.local/lib/python3.10/site-packages/airflow/example_dags/example_python_decorator.py took 0.495 seconds
[2024-02-06T21:41:15.514+0100] {processor.py:161} INFO - Started process (PID=27952) to work on /home/ubuntu/.local/lib/python3.10/site-packages/airflow/example_dags/example_python_decorator.py
[2024-02-06T21:41:15.517+0100] {processor.py:830} INFO - Processing file /home/ubuntu/.local/lib/python3.10/site-packages/airflow/example_dags/example_python_decorator.py for tasks to queue
[2024-02-06T21:41:15.520+0100] {logging_mixin.py:188} INFO - [2024-02-06T21:41:15.519+0100] {dagbag.py:538} INFO - Filling up the DagBag from /home/ubuntu/.local/lib/python3.10/site-packages/airflow/example_dags/example_python_decorator.py
[2024-02-06T21:41:15.549+0100] {processor.py:840} INFO - DAG(s) 'example_python_decorator' retrieved from /home/ubuntu/.local/lib/python3.10/site-packages/airflow/example_dags/example_python_decorator.py
[2024-02-06T21:41:15.711+0100] {logging_mixin.py:188} INFO - [2024-02-06T21:41:15.711+0100] {dag.py:3036} INFO - Sync 1 DAGs
[2024-02-06T21:41:15.727+0100] {logging_mixin.py:188} INFO - [2024-02-06T21:41:15.727+0100] {dag.py:3823} INFO - Setting next_dagrun for example_python_decorator to None, run_after=None
[2024-02-06T21:41:15.790+0100] {processor.py:183} INFO - Processing /home/ubuntu/.local/lib/python3.10/site-packages/airflow/example_dags/example_python_decorator.py took 0.286 seconds
[2024-02-06T21:41:51.309+0100] {processor.py:161} INFO - Started process (PID=28174) to work on /home/ubuntu/.local/lib/python3.10/site-packages/airflow/example_dags/example_python_decorator.py
[2024-02-06T21:41:51.332+0100] {processor.py:830} INFO - Processing file /home/ubuntu/.local/lib/python3.10/site-packages/airflow/example_dags/example_python_decorator.py for tasks to queue
[2024-02-06T21:41:51.339+0100] {logging_mixin.py:188} INFO - [2024-02-06T21:41:51.333+0100] {dagbag.py:538} INFO - Filling up the DagBag from /home/ubuntu/.local/lib/python3.10/site-packages/airflow/example_dags/example_python_decorator.py
[2024-02-06T21:41:51.392+0100] {processor.py:840} INFO - DAG(s) 'example_python_decorator' retrieved from /home/ubuntu/.local/lib/python3.10/site-packages/airflow/example_dags/example_python_decorator.py
[2024-02-06T21:41:51.671+0100] {logging_mixin.py:188} INFO - [2024-02-06T21:41:51.670+0100] {dag.py:3036} INFO - Sync 1 DAGs
[2024-02-06T21:41:51.684+0100] {logging_mixin.py:188} INFO - [2024-02-06T21:41:51.684+0100] {dag.py:3823} INFO - Setting next_dagrun for example_python_decorator to None, run_after=None
[2024-02-06T21:41:51.770+0100] {processor.py:183} INFO - Processing /home/ubuntu/.local/lib/python3.10/site-packages/airflow/example_dags/example_python_decorator.py took 0.496 seconds
[2024-02-06T21:42:29.356+0100] {processor.py:161} INFO - Started process (PID=28349) to work on /home/ubuntu/.local/lib/python3.10/site-packages/airflow/example_dags/example_python_decorator.py
[2024-02-06T21:42:29.359+0100] {processor.py:830} INFO - Processing file /home/ubuntu/.local/lib/python3.10/site-packages/airflow/example_dags/example_python_decorator.py for tasks to queue
[2024-02-06T21:42:29.360+0100] {logging_mixin.py:188} INFO - [2024-02-06T21:42:29.360+0100] {dagbag.py:538} INFO - Filling up the DagBag from /home/ubuntu/.local/lib/python3.10/site-packages/airflow/example_dags/example_python_decorator.py
[2024-02-06T21:42:29.401+0100] {processor.py:840} INFO - DAG(s) 'example_python_decorator' retrieved from /home/ubuntu/.local/lib/python3.10/site-packages/airflow/example_dags/example_python_decorator.py
[2024-02-06T21:42:29.646+0100] {logging_mixin.py:188} INFO - [2024-02-06T21:42:29.645+0100] {dag.py:3036} INFO - Sync 1 DAGs
[2024-02-06T21:42:29.665+0100] {logging_mixin.py:188} INFO - [2024-02-06T21:42:29.665+0100] {dag.py:3823} INFO - Setting next_dagrun for example_python_decorator to None, run_after=None
[2024-02-06T21:42:29.744+0100] {processor.py:183} INFO - Processing /home/ubuntu/.local/lib/python3.10/site-packages/airflow/example_dags/example_python_decorator.py took 0.394 seconds
[2024-02-06T21:43:07.937+0100] {processor.py:161} INFO - Started process (PID=28616) to work on /home/ubuntu/.local/lib/python3.10/site-packages/airflow/example_dags/example_python_decorator.py
[2024-02-06T21:43:07.943+0100] {processor.py:830} INFO - Processing file /home/ubuntu/.local/lib/python3.10/site-packages/airflow/example_dags/example_python_decorator.py for tasks to queue
[2024-02-06T21:43:07.945+0100] {logging_mixin.py:188} INFO - [2024-02-06T21:43:07.944+0100] {dagbag.py:538} INFO - Filling up the DagBag from /home/ubuntu/.local/lib/python3.10/site-packages/airflow/example_dags/example_python_decorator.py
[2024-02-06T21:43:07.980+0100] {processor.py:840} INFO - DAG(s) 'example_python_decorator' retrieved from /home/ubuntu/.local/lib/python3.10/site-packages/airflow/example_dags/example_python_decorator.py
[2024-02-06T21:43:08.306+0100] {logging_mixin.py:188} INFO - [2024-02-06T21:43:08.306+0100] {dag.py:3036} INFO - Sync 1 DAGs
[2024-02-06T21:43:08.348+0100] {logging_mixin.py:188} INFO - [2024-02-06T21:43:08.347+0100] {dag.py:3823} INFO - Setting next_dagrun for example_python_decorator to None, run_after=None
[2024-02-06T21:43:08.428+0100] {processor.py:183} INFO - Processing /home/ubuntu/.local/lib/python3.10/site-packages/airflow/example_dags/example_python_decorator.py took 0.499 seconds
[2024-02-06T21:43:43.746+0100] {processor.py:161} INFO - Started process (PID=28845) to work on /home/ubuntu/.local/lib/python3.10/site-packages/airflow/example_dags/example_python_decorator.py
[2024-02-06T21:43:43.748+0100] {processor.py:830} INFO - Processing file /home/ubuntu/.local/lib/python3.10/site-packages/airflow/example_dags/example_python_decorator.py for tasks to queue
[2024-02-06T21:43:43.750+0100] {logging_mixin.py:188} INFO - [2024-02-06T21:43:43.749+0100] {dagbag.py:538} INFO - Filling up the DagBag from /home/ubuntu/.local/lib/python3.10/site-packages/airflow/example_dags/example_python_decorator.py
[2024-02-06T21:43:43.773+0100] {processor.py:840} INFO - DAG(s) 'example_python_decorator' retrieved from /home/ubuntu/.local/lib/python3.10/site-packages/airflow/example_dags/example_python_decorator.py
[2024-02-06T21:43:43.961+0100] {logging_mixin.py:188} INFO - [2024-02-06T21:43:43.961+0100] {dag.py:3036} INFO - Sync 1 DAGs
[2024-02-06T21:43:43.978+0100] {logging_mixin.py:188} INFO - [2024-02-06T21:43:43.978+0100] {dag.py:3823} INFO - Setting next_dagrun for example_python_decorator to None, run_after=None
[2024-02-06T21:43:44.066+0100] {processor.py:183} INFO - Processing /home/ubuntu/.local/lib/python3.10/site-packages/airflow/example_dags/example_python_decorator.py took 0.327 seconds
[2024-02-06T21:44:15.530+0100] {processor.py:161} INFO - Started process (PID=28956) to work on /home/ubuntu/.local/lib/python3.10/site-packages/airflow/example_dags/example_python_decorator.py
[2024-02-06T21:44:15.534+0100] {processor.py:830} INFO - Processing file /home/ubuntu/.local/lib/python3.10/site-packages/airflow/example_dags/example_python_decorator.py for tasks to queue
[2024-02-06T21:44:15.545+0100] {logging_mixin.py:188} INFO - [2024-02-06T21:44:15.536+0100] {dagbag.py:538} INFO - Filling up the DagBag from /home/ubuntu/.local/lib/python3.10/site-packages/airflow/example_dags/example_python_decorator.py
[2024-02-06T21:44:15.609+0100] {processor.py:840} INFO - DAG(s) 'example_python_decorator' retrieved from /home/ubuntu/.local/lib/python3.10/site-packages/airflow/example_dags/example_python_decorator.py
[2024-02-06T21:44:15.905+0100] {logging_mixin.py:188} INFO - [2024-02-06T21:44:15.905+0100] {dag.py:3036} INFO - Sync 1 DAGs
[2024-02-06T21:44:15.943+0100] {logging_mixin.py:188} INFO - [2024-02-06T21:44:15.942+0100] {dag.py:3823} INFO - Setting next_dagrun for example_python_decorator to None, run_after=None
[2024-02-06T21:44:16.025+0100] {processor.py:183} INFO - Processing /home/ubuntu/.local/lib/python3.10/site-packages/airflow/example_dags/example_python_decorator.py took 0.503 seconds
[2024-02-06T21:44:59.164+0100] {processor.py:161} INFO - Started process (PID=29257) to work on /home/ubuntu/.local/lib/python3.10/site-packages/airflow/example_dags/example_python_decorator.py
[2024-02-06T21:44:59.168+0100] {processor.py:830} INFO - Processing file /home/ubuntu/.local/lib/python3.10/site-packages/airflow/example_dags/example_python_decorator.py for tasks to queue
[2024-02-06T21:44:59.171+0100] {logging_mixin.py:188} INFO - [2024-02-06T21:44:59.170+0100] {dagbag.py:538} INFO - Filling up the DagBag from /home/ubuntu/.local/lib/python3.10/site-packages/airflow/example_dags/example_python_decorator.py
[2024-02-06T21:44:59.214+0100] {processor.py:840} INFO - DAG(s) 'example_python_decorator' retrieved from /home/ubuntu/.local/lib/python3.10/site-packages/airflow/example_dags/example_python_decorator.py
[2024-02-06T21:44:59.553+0100] {logging_mixin.py:188} INFO - [2024-02-06T21:44:59.553+0100] {dag.py:3036} INFO - Sync 1 DAGs
[2024-02-06T21:44:59.575+0100] {logging_mixin.py:188} INFO - [2024-02-06T21:44:59.575+0100] {dag.py:3823} INFO - Setting next_dagrun for example_python_decorator to None, run_after=None
[2024-02-06T21:44:59.642+0100] {processor.py:183} INFO - Processing /home/ubuntu/.local/lib/python3.10/site-packages/airflow/example_dags/example_python_decorator.py took 0.486 seconds
[2024-02-06T21:54:15.335+0100] {processor.py:161} INFO - Started process (PID=31141) to work on /home/ubuntu/.local/lib/python3.10/site-packages/airflow/example_dags/example_python_decorator.py
[2024-02-06T21:54:15.339+0100] {processor.py:830} INFO - Processing file /home/ubuntu/.local/lib/python3.10/site-packages/airflow/example_dags/example_python_decorator.py for tasks to queue
[2024-02-06T21:54:15.341+0100] {logging_mixin.py:188} INFO - [2024-02-06T21:54:15.340+0100] {dagbag.py:538} INFO - Filling up the DagBag from /home/ubuntu/.local/lib/python3.10/site-packages/airflow/example_dags/example_python_decorator.py
[2024-02-06T21:54:15.400+0100] {processor.py:840} INFO - DAG(s) 'example_python_decorator' retrieved from /home/ubuntu/.local/lib/python3.10/site-packages/airflow/example_dags/example_python_decorator.py
[2024-02-06T21:54:15.584+0100] {logging_mixin.py:188} INFO - [2024-02-06T21:54:15.584+0100] {dag.py:3036} INFO - Sync 1 DAGs
[2024-02-06T21:54:15.598+0100] {logging_mixin.py:188} INFO - [2024-02-06T21:54:15.598+0100] {dag.py:3823} INFO - Setting next_dagrun for example_python_decorator to None, run_after=None
[2024-02-06T21:54:15.643+0100] {processor.py:183} INFO - Processing /home/ubuntu/.local/lib/python3.10/site-packages/airflow/example_dags/example_python_decorator.py took 0.317 seconds
[2024-02-06T21:55:27.335+0100] {processor.py:161} INFO - Started process (PID=31733) to work on /home/ubuntu/.local/lib/python3.10/site-packages/airflow/example_dags/example_python_decorator.py
[2024-02-06T21:55:27.341+0100] {processor.py:830} INFO - Processing file /home/ubuntu/.local/lib/python3.10/site-packages/airflow/example_dags/example_python_decorator.py for tasks to queue
[2024-02-06T21:55:27.343+0100] {logging_mixin.py:188} INFO - [2024-02-06T21:55:27.342+0100] {dagbag.py:538} INFO - Filling up the DagBag from /home/ubuntu/.local/lib/python3.10/site-packages/airflow/example_dags/example_python_decorator.py
[2024-02-06T21:55:27.392+0100] {processor.py:840} INFO - DAG(s) 'example_python_decorator' retrieved from /home/ubuntu/.local/lib/python3.10/site-packages/airflow/example_dags/example_python_decorator.py
[2024-02-06T21:55:27.431+0100] {logging_mixin.py:188} INFO - [2024-02-06T21:55:27.430+0100] {dag.py:3036} INFO - Sync 1 DAGs
[2024-02-06T21:55:27.451+0100] {logging_mixin.py:188} INFO - [2024-02-06T21:55:27.450+0100] {dag.py:3823} INFO - Setting next_dagrun for example_python_decorator to None, run_after=None
[2024-02-06T21:55:27.509+0100] {processor.py:183} INFO - Processing /home/ubuntu/.local/lib/python3.10/site-packages/airflow/example_dags/example_python_decorator.py took 0.183 seconds
[2024-02-06T21:56:21.196+0100] {processor.py:161} INFO - Started process (PID=32294) to work on /home/ubuntu/.local/lib/python3.10/site-packages/airflow/example_dags/example_python_decorator.py
[2024-02-06T21:56:21.203+0100] {processor.py:830} INFO - Processing file /home/ubuntu/.local/lib/python3.10/site-packages/airflow/example_dags/example_python_decorator.py for tasks to queue
[2024-02-06T21:56:21.206+0100] {logging_mixin.py:188} INFO - [2024-02-06T21:56:21.205+0100] {dagbag.py:538} INFO - Filling up the DagBag from /home/ubuntu/.local/lib/python3.10/site-packages/airflow/example_dags/example_python_decorator.py
[2024-02-06T21:56:21.249+0100] {processor.py:840} INFO - DAG(s) 'example_python_decorator' retrieved from /home/ubuntu/.local/lib/python3.10/site-packages/airflow/example_dags/example_python_decorator.py
[2024-02-06T21:56:21.697+0100] {logging_mixin.py:188} INFO - [2024-02-06T21:56:21.696+0100] {dag.py:3036} INFO - Sync 1 DAGs
[2024-02-06T21:56:21.784+0100] {logging_mixin.py:188} INFO - [2024-02-06T21:56:21.783+0100] {dag.py:3823} INFO - Setting next_dagrun for example_python_decorator to None, run_after=None
[2024-02-06T21:56:21.868+0100] {processor.py:183} INFO - Processing /home/ubuntu/.local/lib/python3.10/site-packages/airflow/example_dags/example_python_decorator.py took 0.680 seconds
[2024-02-06T21:56:59.925+0100] {processor.py:161} INFO - Started process (PID=32620) to work on /home/ubuntu/.local/lib/python3.10/site-packages/airflow/example_dags/example_python_decorator.py
[2024-02-06T21:56:59.928+0100] {processor.py:830} INFO - Processing file /home/ubuntu/.local/lib/python3.10/site-packages/airflow/example_dags/example_python_decorator.py for tasks to queue
[2024-02-06T21:56:59.930+0100] {logging_mixin.py:188} INFO - [2024-02-06T21:56:59.929+0100] {dagbag.py:538} INFO - Filling up the DagBag from /home/ubuntu/.local/lib/python3.10/site-packages/airflow/example_dags/example_python_decorator.py
[2024-02-06T21:56:59.952+0100] {processor.py:840} INFO - DAG(s) 'example_python_decorator' retrieved from /home/ubuntu/.local/lib/python3.10/site-packages/airflow/example_dags/example_python_decorator.py
[2024-02-06T21:57:00.376+0100] {logging_mixin.py:188} INFO - [2024-02-06T21:57:00.376+0100] {dag.py:3036} INFO - Sync 1 DAGs
[2024-02-06T21:57:00.447+0100] {logging_mixin.py:188} INFO - [2024-02-06T21:57:00.447+0100] {dag.py:3823} INFO - Setting next_dagrun for example_python_decorator to None, run_after=None
[2024-02-06T21:57:00.526+0100] {processor.py:183} INFO - Processing /home/ubuntu/.local/lib/python3.10/site-packages/airflow/example_dags/example_python_decorator.py took 0.606 seconds
[2024-02-06T21:57:31.036+0100] {processor.py:161} INFO - Started process (PID=32848) to work on /home/ubuntu/.local/lib/python3.10/site-packages/airflow/example_dags/example_python_decorator.py
[2024-02-06T21:57:31.044+0100] {processor.py:830} INFO - Processing file /home/ubuntu/.local/lib/python3.10/site-packages/airflow/example_dags/example_python_decorator.py for tasks to queue
[2024-02-06T21:57:31.051+0100] {logging_mixin.py:188} INFO - [2024-02-06T21:57:31.046+0100] {dagbag.py:538} INFO - Filling up the DagBag from /home/ubuntu/.local/lib/python3.10/site-packages/airflow/example_dags/example_python_decorator.py
[2024-02-06T21:57:31.104+0100] {processor.py:840} INFO - DAG(s) 'example_python_decorator' retrieved from /home/ubuntu/.local/lib/python3.10/site-packages/airflow/example_dags/example_python_decorator.py
[2024-02-06T21:57:31.493+0100] {logging_mixin.py:188} INFO - [2024-02-06T21:57:31.492+0100] {dag.py:3036} INFO - Sync 1 DAGs
[2024-02-06T21:57:31.519+0100] {logging_mixin.py:188} INFO - [2024-02-06T21:57:31.518+0100] {dag.py:3823} INFO - Setting next_dagrun for example_python_decorator to None, run_after=None
[2024-02-06T21:57:31.575+0100] {processor.py:183} INFO - Processing /home/ubuntu/.local/lib/python3.10/site-packages/airflow/example_dags/example_python_decorator.py took 0.552 seconds
[2024-02-06T21:59:08.748+0100] {processor.py:161} INFO - Started process (PID=33803) to work on /home/ubuntu/.local/lib/python3.10/site-packages/airflow/example_dags/example_python_decorator.py
[2024-02-06T21:59:08.759+0100] {processor.py:830} INFO - Processing file /home/ubuntu/.local/lib/python3.10/site-packages/airflow/example_dags/example_python_decorator.py for tasks to queue
[2024-02-06T21:59:08.763+0100] {logging_mixin.py:188} INFO - [2024-02-06T21:59:08.763+0100] {dagbag.py:538} INFO - Filling up the DagBag from /home/ubuntu/.local/lib/python3.10/site-packages/airflow/example_dags/example_python_decorator.py
[2024-02-06T21:59:08.839+0100] {processor.py:840} INFO - DAG(s) 'example_python_decorator' retrieved from /home/ubuntu/.local/lib/python3.10/site-packages/airflow/example_dags/example_python_decorator.py
[2024-02-06T21:59:09.433+0100] {logging_mixin.py:188} INFO - [2024-02-06T21:59:09.433+0100] {dag.py:3036} INFO - Sync 1 DAGs
[2024-02-06T21:59:09.511+0100] {logging_mixin.py:188} INFO - [2024-02-06T21:59:09.510+0100] {dag.py:3823} INFO - Setting next_dagrun for example_python_decorator to None, run_after=None
[2024-02-06T21:59:09.660+0100] {processor.py:183} INFO - Processing /home/ubuntu/.local/lib/python3.10/site-packages/airflow/example_dags/example_python_decorator.py took 0.938 seconds
[2024-02-06T21:59:22.350+0100] {processor.py:161} INFO - Started process (PID=34008) to work on /home/ubuntu/.local/lib/python3.10/site-packages/airflow/example_dags/example_python_decorator.py
[2024-02-06T21:59:22.352+0100] {processor.py:830} INFO - Processing file /home/ubuntu/.local/lib/python3.10/site-packages/airflow/example_dags/example_python_decorator.py for tasks to queue
[2024-02-06T21:59:22.355+0100] {logging_mixin.py:188} INFO - [2024-02-06T21:59:22.354+0100] {dagbag.py:538} INFO - Filling up the DagBag from /home/ubuntu/.local/lib/python3.10/site-packages/airflow/example_dags/example_python_decorator.py
[2024-02-06T21:59:22.397+0100] {processor.py:840} INFO - DAG(s) 'example_python_decorator' retrieved from /home/ubuntu/.local/lib/python3.10/site-packages/airflow/example_dags/example_python_decorator.py
[2024-02-06T21:59:22.420+0100] {logging_mixin.py:188} INFO - [2024-02-06T21:59:22.420+0100] {dag.py:3036} INFO - Sync 1 DAGs
[2024-02-06T21:59:22.467+0100] {logging_mixin.py:188} INFO - [2024-02-06T21:59:22.467+0100] {dag.py:3823} INFO - Setting next_dagrun for example_python_decorator to None, run_after=None
[2024-02-06T21:59:22.560+0100] {processor.py:183} INFO - Processing /home/ubuntu/.local/lib/python3.10/site-packages/airflow/example_dags/example_python_decorator.py took 0.218 seconds
[2024-02-06T22:00:50.977+0100] {processor.py:161} INFO - Started process (PID=34776) to work on /home/ubuntu/.local/lib/python3.10/site-packages/airflow/example_dags/example_python_decorator.py
[2024-02-06T22:00:50.983+0100] {processor.py:830} INFO - Processing file /home/ubuntu/.local/lib/python3.10/site-packages/airflow/example_dags/example_python_decorator.py for tasks to queue
[2024-02-06T22:00:50.986+0100] {logging_mixin.py:188} INFO - [2024-02-06T22:00:50.984+0100] {dagbag.py:538} INFO - Filling up the DagBag from /home/ubuntu/.local/lib/python3.10/site-packages/airflow/example_dags/example_python_decorator.py
[2024-02-06T22:00:51.078+0100] {processor.py:840} INFO - DAG(s) 'example_python_decorator' retrieved from /home/ubuntu/.local/lib/python3.10/site-packages/airflow/example_dags/example_python_decorator.py
[2024-02-06T22:00:51.368+0100] {logging_mixin.py:188} INFO - [2024-02-06T22:00:51.367+0100] {dag.py:3036} INFO - Sync 1 DAGs
[2024-02-06T22:00:51.392+0100] {logging_mixin.py:188} INFO - [2024-02-06T22:00:51.392+0100] {dag.py:3823} INFO - Setting next_dagrun for example_python_decorator to None, run_after=None
[2024-02-06T22:00:51.486+0100] {processor.py:183} INFO - Processing /home/ubuntu/.local/lib/python3.10/site-packages/airflow/example_dags/example_python_decorator.py took 0.527 seconds
[2024-02-06T22:00:57.000+0100] {processor.py:161} INFO - Started process (PID=34818) to work on /home/ubuntu/.local/lib/python3.10/site-packages/airflow/example_dags/example_python_decorator.py
[2024-02-06T22:00:57.001+0100] {processor.py:830} INFO - Processing file /home/ubuntu/.local/lib/python3.10/site-packages/airflow/example_dags/example_python_decorator.py for tasks to queue
[2024-02-06T22:00:57.003+0100] {logging_mixin.py:188} INFO - [2024-02-06T22:00:57.002+0100] {dagbag.py:538} INFO - Filling up the DagBag from /home/ubuntu/.local/lib/python3.10/site-packages/airflow/example_dags/example_python_decorator.py
[2024-02-06T22:00:57.024+0100] {processor.py:840} INFO - DAG(s) 'example_python_decorator' retrieved from /home/ubuntu/.local/lib/python3.10/site-packages/airflow/example_dags/example_python_decorator.py
[2024-02-06T22:00:57.035+0100] {logging_mixin.py:188} INFO - [2024-02-06T22:00:57.035+0100] {dag.py:3036} INFO - Sync 1 DAGs
[2024-02-06T22:00:57.054+0100] {logging_mixin.py:188} INFO - [2024-02-06T22:00:57.054+0100] {dag.py:3823} INFO - Setting next_dagrun for example_python_decorator to None, run_after=None
[2024-02-06T22:00:57.107+0100] {processor.py:183} INFO - Processing /home/ubuntu/.local/lib/python3.10/site-packages/airflow/example_dags/example_python_decorator.py took 0.116 seconds
[2024-02-06T22:02:18.210+0100] {processor.py:161} INFO - Started process (PID=35403) to work on /home/ubuntu/.local/lib/python3.10/site-packages/airflow/example_dags/example_python_decorator.py
[2024-02-06T22:02:18.215+0100] {processor.py:830} INFO - Processing file /home/ubuntu/.local/lib/python3.10/site-packages/airflow/example_dags/example_python_decorator.py for tasks to queue
[2024-02-06T22:02:18.217+0100] {logging_mixin.py:188} INFO - [2024-02-06T22:02:18.216+0100] {dagbag.py:538} INFO - Filling up the DagBag from /home/ubuntu/.local/lib/python3.10/site-packages/airflow/example_dags/example_python_decorator.py
[2024-02-06T22:02:18.236+0100] {processor.py:840} INFO - DAG(s) 'example_python_decorator' retrieved from /home/ubuntu/.local/lib/python3.10/site-packages/airflow/example_dags/example_python_decorator.py
[2024-02-06T22:02:18.259+0100] {logging_mixin.py:188} INFO - [2024-02-06T22:02:18.259+0100] {dag.py:3036} INFO - Sync 1 DAGs
[2024-02-06T22:02:18.274+0100] {logging_mixin.py:188} INFO - [2024-02-06T22:02:18.274+0100] {dag.py:3823} INFO - Setting next_dagrun for example_python_decorator to None, run_after=None
[2024-02-06T22:02:18.328+0100] {processor.py:183} INFO - Processing /home/ubuntu/.local/lib/python3.10/site-packages/airflow/example_dags/example_python_decorator.py took 0.123 seconds
[2024-02-06T22:02:19.387+0100] {processor.py:161} INFO - Started process (PID=35404) to work on /home/ubuntu/.local/lib/python3.10/site-packages/airflow/example_dags/example_python_decorator.py
[2024-02-06T22:02:19.389+0100] {processor.py:830} INFO - Processing file /home/ubuntu/.local/lib/python3.10/site-packages/airflow/example_dags/example_python_decorator.py for tasks to queue
[2024-02-06T22:02:19.391+0100] {logging_mixin.py:188} INFO - [2024-02-06T22:02:19.390+0100] {dagbag.py:538} INFO - Filling up the DagBag from /home/ubuntu/.local/lib/python3.10/site-packages/airflow/example_dags/example_python_decorator.py
[2024-02-06T22:02:19.422+0100] {processor.py:840} INFO - DAG(s) 'example_python_decorator' retrieved from /home/ubuntu/.local/lib/python3.10/site-packages/airflow/example_dags/example_python_decorator.py
[2024-02-06T22:02:19.612+0100] {logging_mixin.py:188} INFO - [2024-02-06T22:02:19.612+0100] {dag.py:3036} INFO - Sync 1 DAGs
[2024-02-06T22:02:19.632+0100] {logging_mixin.py:188} INFO - [2024-02-06T22:02:19.632+0100] {dag.py:3823} INFO - Setting next_dagrun for example_python_decorator to None, run_after=None
[2024-02-06T22:02:19.794+0100] {processor.py:183} INFO - Processing /home/ubuntu/.local/lib/python3.10/site-packages/airflow/example_dags/example_python_decorator.py took 0.414 seconds
[2024-02-06T22:03:59.304+0100] {processor.py:161} INFO - Started process (PID=36419) to work on /home/ubuntu/.local/lib/python3.10/site-packages/airflow/example_dags/example_python_decorator.py
[2024-02-06T22:03:59.311+0100] {processor.py:830} INFO - Processing file /home/ubuntu/.local/lib/python3.10/site-packages/airflow/example_dags/example_python_decorator.py for tasks to queue
[2024-02-06T22:03:59.314+0100] {logging_mixin.py:188} INFO - [2024-02-06T22:03:59.313+0100] {dagbag.py:538} INFO - Filling up the DagBag from /home/ubuntu/.local/lib/python3.10/site-packages/airflow/example_dags/example_python_decorator.py
[2024-02-06T22:03:59.351+0100] {processor.py:840} INFO - DAG(s) 'example_python_decorator' retrieved from /home/ubuntu/.local/lib/python3.10/site-packages/airflow/example_dags/example_python_decorator.py
[2024-02-06T22:03:59.407+0100] {logging_mixin.py:188} INFO - [2024-02-06T22:03:59.407+0100] {dag.py:3036} INFO - Sync 1 DAGs
[2024-02-06T22:03:59.439+0100] {logging_mixin.py:188} INFO - [2024-02-06T22:03:59.437+0100] {dag.py:3823} INFO - Setting next_dagrun for example_python_decorator to None, run_after=None
[2024-02-06T22:03:59.585+0100] {processor.py:183} INFO - Processing /home/ubuntu/.local/lib/python3.10/site-packages/airflow/example_dags/example_python_decorator.py took 0.355 seconds
[2024-02-06T22:03:59.778+0100] {processor.py:161} INFO - Started process (PID=36420) to work on /home/ubuntu/.local/lib/python3.10/site-packages/airflow/example_dags/example_python_decorator.py
[2024-02-06T22:03:59.779+0100] {processor.py:830} INFO - Processing file /home/ubuntu/.local/lib/python3.10/site-packages/airflow/example_dags/example_python_decorator.py for tasks to queue
[2024-02-06T22:03:59.782+0100] {logging_mixin.py:188} INFO - [2024-02-06T22:03:59.781+0100] {dagbag.py:538} INFO - Filling up the DagBag from /home/ubuntu/.local/lib/python3.10/site-packages/airflow/example_dags/example_python_decorator.py
[2024-02-06T22:03:59.903+0100] {processor.py:840} INFO - DAG(s) 'example_python_decorator' retrieved from /home/ubuntu/.local/lib/python3.10/site-packages/airflow/example_dags/example_python_decorator.py
[2024-02-06T22:04:00.314+0100] {logging_mixin.py:188} INFO - [2024-02-06T22:04:00.314+0100] {dag.py:3036} INFO - Sync 1 DAGs
[2024-02-06T22:04:00.336+0100] {logging_mixin.py:188} INFO - [2024-02-06T22:04:00.335+0100] {dag.py:3823} INFO - Setting next_dagrun for example_python_decorator to None, run_after=None
[2024-02-06T22:04:00.417+0100] {processor.py:183} INFO - Processing /home/ubuntu/.local/lib/python3.10/site-packages/airflow/example_dags/example_python_decorator.py took 0.649 seconds
[2024-02-06T22:06:25.800+0100] {processor.py:161} INFO - Started process (PID=37521) to work on /home/ubuntu/.local/lib/python3.10/site-packages/airflow/example_dags/example_python_decorator.py
[2024-02-06T22:06:25.805+0100] {processor.py:830} INFO - Processing file /home/ubuntu/.local/lib/python3.10/site-packages/airflow/example_dags/example_python_decorator.py for tasks to queue
[2024-02-06T22:06:25.813+0100] {logging_mixin.py:188} INFO - [2024-02-06T22:06:25.811+0100] {dagbag.py:538} INFO - Filling up the DagBag from /home/ubuntu/.local/lib/python3.10/site-packages/airflow/example_dags/example_python_decorator.py
[2024-02-06T22:06:25.905+0100] {processor.py:840} INFO - DAG(s) 'example_python_decorator' retrieved from /home/ubuntu/.local/lib/python3.10/site-packages/airflow/example_dags/example_python_decorator.py
[2024-02-06T22:06:26.342+0100] {logging_mixin.py:188} INFO - [2024-02-06T22:06:26.341+0100] {dag.py:3036} INFO - Sync 1 DAGs
[2024-02-06T22:06:26.388+0100] {logging_mixin.py:188} INFO - [2024-02-06T22:06:26.388+0100] {dag.py:3823} INFO - Setting next_dagrun for example_python_decorator to None, run_after=None
[2024-02-06T22:06:26.473+0100] {processor.py:183} INFO - Processing /home/ubuntu/.local/lib/python3.10/site-packages/airflow/example_dags/example_python_decorator.py took 0.684 seconds
[2024-02-06T22:07:44.706+0100] {processor.py:161} INFO - Started process (PID=38225) to work on /home/ubuntu/.local/lib/python3.10/site-packages/airflow/example_dags/example_python_decorator.py
[2024-02-06T22:07:44.709+0100] {processor.py:830} INFO - Processing file /home/ubuntu/.local/lib/python3.10/site-packages/airflow/example_dags/example_python_decorator.py for tasks to queue
[2024-02-06T22:07:44.713+0100] {logging_mixin.py:188} INFO - [2024-02-06T22:07:44.712+0100] {dagbag.py:538} INFO - Filling up the DagBag from /home/ubuntu/.local/lib/python3.10/site-packages/airflow/example_dags/example_python_decorator.py
[2024-02-06T22:07:44.741+0100] {processor.py:840} INFO - DAG(s) 'example_python_decorator' retrieved from /home/ubuntu/.local/lib/python3.10/site-packages/airflow/example_dags/example_python_decorator.py
[2024-02-06T22:07:44.773+0100] {logging_mixin.py:188} INFO - [2024-02-06T22:07:44.773+0100] {dag.py:3036} INFO - Sync 1 DAGs
[2024-02-06T22:07:44.793+0100] {logging_mixin.py:188} INFO - [2024-02-06T22:07:44.792+0100] {dag.py:3823} INFO - Setting next_dagrun for example_python_decorator to None, run_after=None
[2024-02-06T22:07:44.844+0100] {processor.py:183} INFO - Processing /home/ubuntu/.local/lib/python3.10/site-packages/airflow/example_dags/example_python_decorator.py took 0.145 seconds
[2024-02-06T22:10:49.776+0100] {processor.py:161} INFO - Started process (PID=39169) to work on /home/ubuntu/.local/lib/python3.10/site-packages/airflow/example_dags/example_python_decorator.py
[2024-02-06T22:10:49.781+0100] {processor.py:830} INFO - Processing file /home/ubuntu/.local/lib/python3.10/site-packages/airflow/example_dags/example_python_decorator.py for tasks to queue
[2024-02-06T22:10:49.783+0100] {logging_mixin.py:188} INFO - [2024-02-06T22:10:49.782+0100] {dagbag.py:538} INFO - Filling up the DagBag from /home/ubuntu/.local/lib/python3.10/site-packages/airflow/example_dags/example_python_decorator.py
[2024-02-06T22:10:49.815+0100] {processor.py:840} INFO - DAG(s) 'example_python_decorator' retrieved from /home/ubuntu/.local/lib/python3.10/site-packages/airflow/example_dags/example_python_decorator.py
[2024-02-06T22:10:51.682+0100] {logging_mixin.py:188} INFO - [2024-02-06T22:10:51.682+0100] {dag.py:3036} INFO - Sync 1 DAGs
[2024-02-06T22:10:51.987+0100] {logging_mixin.py:188} INFO - [2024-02-06T22:10:51.987+0100] {dag.py:3823} INFO - Setting next_dagrun for example_python_decorator to None, run_after=None
[2024-02-06T22:10:52.964+0100] {processor.py:183} INFO - Processing /home/ubuntu/.local/lib/python3.10/site-packages/airflow/example_dags/example_python_decorator.py took 3.206 seconds
[2024-02-06T22:13:15.815+0100] {processor.py:161} INFO - Started process (PID=40112) to work on /home/ubuntu/.local/lib/python3.10/site-packages/airflow/example_dags/example_python_decorator.py
[2024-02-06T22:13:15.826+0100] {processor.py:830} INFO - Processing file /home/ubuntu/.local/lib/python3.10/site-packages/airflow/example_dags/example_python_decorator.py for tasks to queue
[2024-02-06T22:13:15.828+0100] {logging_mixin.py:188} INFO - [2024-02-06T22:13:15.828+0100] {dagbag.py:538} INFO - Filling up the DagBag from /home/ubuntu/.local/lib/python3.10/site-packages/airflow/example_dags/example_python_decorator.py
[2024-02-06T22:13:15.853+0100] {processor.py:840} INFO - DAG(s) 'example_python_decorator' retrieved from /home/ubuntu/.local/lib/python3.10/site-packages/airflow/example_dags/example_python_decorator.py
[2024-02-06T22:13:16.045+0100] {logging_mixin.py:188} INFO - [2024-02-06T22:13:16.044+0100] {dag.py:3036} INFO - Sync 1 DAGs
[2024-02-06T22:13:16.057+0100] {logging_mixin.py:188} INFO - [2024-02-06T22:13:16.056+0100] {dag.py:3823} INFO - Setting next_dagrun for example_python_decorator to None, run_after=None
[2024-02-06T22:13:16.148+0100] {processor.py:183} INFO - Processing /home/ubuntu/.local/lib/python3.10/site-packages/airflow/example_dags/example_python_decorator.py took 0.338 seconds
[2024-02-06T22:14:47.214+0100] {processor.py:161} INFO - Started process (PID=41103) to work on /home/ubuntu/.local/lib/python3.10/site-packages/airflow/example_dags/example_python_decorator.py
[2024-02-06T22:14:47.218+0100] {processor.py:830} INFO - Processing file /home/ubuntu/.local/lib/python3.10/site-packages/airflow/example_dags/example_python_decorator.py for tasks to queue
[2024-02-06T22:14:47.221+0100] {logging_mixin.py:188} INFO - [2024-02-06T22:14:47.220+0100] {dagbag.py:538} INFO - Filling up the DagBag from /home/ubuntu/.local/lib/python3.10/site-packages/airflow/example_dags/example_python_decorator.py
[2024-02-06T22:14:47.260+0100] {processor.py:840} INFO - DAG(s) 'example_python_decorator' retrieved from /home/ubuntu/.local/lib/python3.10/site-packages/airflow/example_dags/example_python_decorator.py
[2024-02-06T22:14:47.305+0100] {logging_mixin.py:188} INFO - [2024-02-06T22:14:47.305+0100] {dag.py:3036} INFO - Sync 1 DAGs
[2024-02-06T22:14:47.335+0100] {logging_mixin.py:188} INFO - [2024-02-06T22:14:47.334+0100] {dag.py:3823} INFO - Setting next_dagrun for example_python_decorator to None, run_after=None
[2024-02-06T22:14:47.414+0100] {processor.py:183} INFO - Processing /home/ubuntu/.local/lib/python3.10/site-packages/airflow/example_dags/example_python_decorator.py took 0.210 seconds
[2024-02-06T22:26:21.296+0100] {processor.py:161} INFO - Started process (PID=49305) to work on /home/ubuntu/.local/lib/python3.10/site-packages/airflow/example_dags/example_python_decorator.py
[2024-02-06T22:26:21.314+0100] {processor.py:830} INFO - Processing file /home/ubuntu/.local/lib/python3.10/site-packages/airflow/example_dags/example_python_decorator.py for tasks to queue
[2024-02-06T22:26:21.321+0100] {logging_mixin.py:188} INFO - [2024-02-06T22:26:21.317+0100] {dagbag.py:538} INFO - Filling up the DagBag from /home/ubuntu/.local/lib/python3.10/site-packages/airflow/example_dags/example_python_decorator.py
[2024-02-06T22:26:21.380+0100] {processor.py:840} INFO - DAG(s) 'example_python_decorator' retrieved from /home/ubuntu/.local/lib/python3.10/site-packages/airflow/example_dags/example_python_decorator.py
[2024-02-06T22:26:21.545+0100] {logging_mixin.py:188} INFO - [2024-02-06T22:26:21.544+0100] {dag.py:3036} INFO - Sync 1 DAGs
[2024-02-06T22:26:21.577+0100] {logging_mixin.py:188} INFO - [2024-02-06T22:26:21.576+0100] {dag.py:3823} INFO - Setting next_dagrun for example_python_decorator to None, run_after=None
[2024-02-06T22:26:21.735+0100] {processor.py:183} INFO - Processing /home/ubuntu/.local/lib/python3.10/site-packages/airflow/example_dags/example_python_decorator.py took 0.449 seconds
[2024-02-06T22:28:06.772+0100] {processor.py:161} INFO - Started process (PID=50187) to work on /home/ubuntu/.local/lib/python3.10/site-packages/airflow/example_dags/example_python_decorator.py
[2024-02-06T22:28:06.775+0100] {processor.py:830} INFO - Processing file /home/ubuntu/.local/lib/python3.10/site-packages/airflow/example_dags/example_python_decorator.py for tasks to queue
[2024-02-06T22:28:06.777+0100] {logging_mixin.py:188} INFO - [2024-02-06T22:28:06.776+0100] {dagbag.py:538} INFO - Filling up the DagBag from /home/ubuntu/.local/lib/python3.10/site-packages/airflow/example_dags/example_python_decorator.py
[2024-02-06T22:28:06.854+0100] {processor.py:840} INFO - DAG(s) 'example_python_decorator' retrieved from /home/ubuntu/.local/lib/python3.10/site-packages/airflow/example_dags/example_python_decorator.py
[2024-02-06T22:28:07.339+0100] {logging_mixin.py:188} INFO - [2024-02-06T22:28:07.338+0100] {dag.py:3036} INFO - Sync 1 DAGs
[2024-02-06T22:28:07.365+0100] {logging_mixin.py:188} INFO - [2024-02-06T22:28:07.365+0100] {dag.py:3823} INFO - Setting next_dagrun for example_python_decorator to None, run_after=None
[2024-02-06T22:28:07.475+0100] {processor.py:183} INFO - Processing /home/ubuntu/.local/lib/python3.10/site-packages/airflow/example_dags/example_python_decorator.py took 0.707 seconds
[2024-02-06T22:35:26.832+0100] {processor.py:161} INFO - Started process (PID=55673) to work on /home/ubuntu/.local/lib/python3.10/site-packages/airflow/example_dags/example_python_decorator.py
[2024-02-06T22:35:26.842+0100] {processor.py:830} INFO - Processing file /home/ubuntu/.local/lib/python3.10/site-packages/airflow/example_dags/example_python_decorator.py for tasks to queue
[2024-02-06T22:35:26.844+0100] {logging_mixin.py:188} INFO - [2024-02-06T22:35:26.843+0100] {dagbag.py:538} INFO - Filling up the DagBag from /home/ubuntu/.local/lib/python3.10/site-packages/airflow/example_dags/example_python_decorator.py
[2024-02-06T22:35:26.872+0100] {processor.py:840} INFO - DAG(s) 'example_python_decorator' retrieved from /home/ubuntu/.local/lib/python3.10/site-packages/airflow/example_dags/example_python_decorator.py
[2024-02-06T22:35:26.904+0100] {logging_mixin.py:188} INFO - [2024-02-06T22:35:26.904+0100] {dag.py:3036} INFO - Sync 1 DAGs
[2024-02-06T22:35:26.933+0100] {logging_mixin.py:188} INFO - [2024-02-06T22:35:26.933+0100] {dag.py:3823} INFO - Setting next_dagrun for example_python_decorator to None, run_after=None
[2024-02-06T22:35:27.052+0100] {processor.py:183} INFO - Processing /home/ubuntu/.local/lib/python3.10/site-packages/airflow/example_dags/example_python_decorator.py took 0.228 seconds
[2024-02-06T23:14:22.296+0100] {processor.py:161} INFO - Started process (PID=64115) to work on /home/ubuntu/.local/lib/python3.10/site-packages/airflow/example_dags/example_python_decorator.py
[2024-02-06T23:14:22.307+0100] {processor.py:830} INFO - Processing file /home/ubuntu/.local/lib/python3.10/site-packages/airflow/example_dags/example_python_decorator.py for tasks to queue
[2024-02-06T23:14:22.310+0100] {logging_mixin.py:188} INFO - [2024-02-06T23:14:22.309+0100] {dagbag.py:538} INFO - Filling up the DagBag from /home/ubuntu/.local/lib/python3.10/site-packages/airflow/example_dags/example_python_decorator.py
[2024-02-06T23:14:22.340+0100] {processor.py:840} INFO - DAG(s) 'example_python_decorator' retrieved from /home/ubuntu/.local/lib/python3.10/site-packages/airflow/example_dags/example_python_decorator.py
[2024-02-06T23:14:22.594+0100] {logging_mixin.py:188} INFO - [2024-02-06T23:14:22.594+0100] {dag.py:3036} INFO - Sync 1 DAGs
[2024-02-06T23:14:22.616+0100] {logging_mixin.py:188} INFO - [2024-02-06T23:14:22.615+0100] {dag.py:3823} INFO - Setting next_dagrun for example_python_decorator to None, run_after=None
[2024-02-06T23:14:22.685+0100] {processor.py:183} INFO - Processing /home/ubuntu/.local/lib/python3.10/site-packages/airflow/example_dags/example_python_decorator.py took 0.395 seconds
[2024-02-06T23:29:42.816+0100] {processor.py:161} INFO - Started process (PID=72479) to work on /home/ubuntu/.local/lib/python3.10/site-packages/airflow/example_dags/example_python_decorator.py
[2024-02-06T23:29:42.826+0100] {processor.py:830} INFO - Processing file /home/ubuntu/.local/lib/python3.10/site-packages/airflow/example_dags/example_python_decorator.py for tasks to queue
[2024-02-06T23:29:42.829+0100] {logging_mixin.py:188} INFO - [2024-02-06T23:29:42.827+0100] {dagbag.py:538} INFO - Filling up the DagBag from /home/ubuntu/.local/lib/python3.10/site-packages/airflow/example_dags/example_python_decorator.py
[2024-02-06T23:29:42.976+0100] {processor.py:840} INFO - DAG(s) 'example_python_decorator' retrieved from /home/ubuntu/.local/lib/python3.10/site-packages/airflow/example_dags/example_python_decorator.py
[2024-02-06T23:29:43.529+0100] {logging_mixin.py:188} INFO - [2024-02-06T23:29:43.529+0100] {dag.py:3036} INFO - Sync 1 DAGs
[2024-02-06T23:29:43.553+0100] {logging_mixin.py:188} INFO - [2024-02-06T23:29:43.553+0100] {dag.py:3823} INFO - Setting next_dagrun for example_python_decorator to None, run_after=None
[2024-02-06T23:29:43.772+0100] {processor.py:183} INFO - Processing /home/ubuntu/.local/lib/python3.10/site-packages/airflow/example_dags/example_python_decorator.py took 0.997 seconds
