[2024-02-06T21:27:51.247+0100] {processor.py:161} INFO - Started process (PID=23384) to work on /home/ubuntu/.local/lib/python3.10/site-packages/airflow/example_dags/example_short_circuit_decorator.py
[2024-02-06T21:27:51.249+0100] {processor.py:830} INFO - Processing file /home/ubuntu/.local/lib/python3.10/site-packages/airflow/example_dags/example_short_circuit_decorator.py for tasks to queue
[2024-02-06T21:27:51.251+0100] {logging_mixin.py:188} INFO - [2024-02-06T21:27:51.250+0100] {dagbag.py:538} INFO - Filling up the DagBag from /home/ubuntu/.local/lib/python3.10/site-packages/airflow/example_dags/example_short_circuit_decorator.py
[2024-02-06T21:27:51.273+0100] {processor.py:840} INFO - DAG(s) 'example_short_circuit_decorator' retrieved from /home/ubuntu/.local/lib/python3.10/site-packages/airflow/example_dags/example_short_circuit_decorator.py
[2024-02-06T21:27:51.556+0100] {logging_mixin.py:188} INFO - [2024-02-06T21:27:51.555+0100] {dag.py:3036} INFO - Sync 1 DAGs
[2024-02-06T21:27:51.590+0100] {logging_mixin.py:188} INFO - [2024-02-06T21:27:51.589+0100] {dag.py:3823} INFO - Setting next_dagrun for example_short_circuit_decorator to 2024-02-05 00:00:00+00:00, run_after=2024-02-06 00:00:00+00:00
[2024-02-06T21:27:51.646+0100] {processor.py:183} INFO - Processing /home/ubuntu/.local/lib/python3.10/site-packages/airflow/example_dags/example_short_circuit_decorator.py took 0.404 seconds
[2024-02-06T21:29:06.897+0100] {processor.py:161} INFO - Started process (PID=24111) to work on /home/ubuntu/.local/lib/python3.10/site-packages/airflow/example_dags/example_short_circuit_decorator.py
[2024-02-06T21:29:06.909+0100] {processor.py:830} INFO - Processing file /home/ubuntu/.local/lib/python3.10/site-packages/airflow/example_dags/example_short_circuit_decorator.py for tasks to queue
[2024-02-06T21:29:06.911+0100] {logging_mixin.py:188} INFO - [2024-02-06T21:29:06.910+0100] {dagbag.py:538} INFO - Filling up the DagBag from /home/ubuntu/.local/lib/python3.10/site-packages/airflow/example_dags/example_short_circuit_decorator.py
[2024-02-06T21:29:06.931+0100] {processor.py:840} INFO - DAG(s) 'example_short_circuit_decorator' retrieved from /home/ubuntu/.local/lib/python3.10/site-packages/airflow/example_dags/example_short_circuit_decorator.py
[2024-02-06T21:29:06.961+0100] {logging_mixin.py:188} INFO - [2024-02-06T21:29:06.961+0100] {dag.py:3036} INFO - Sync 1 DAGs
[2024-02-06T21:29:06.997+0100] {logging_mixin.py:188} INFO - [2024-02-06T21:29:06.996+0100] {dag.py:3823} INFO - Setting next_dagrun for example_short_circuit_decorator to 2024-02-05 00:00:00+00:00, run_after=2024-02-06 00:00:00+00:00
[2024-02-06T21:29:07.072+0100] {processor.py:183} INFO - Processing /home/ubuntu/.local/lib/python3.10/site-packages/airflow/example_dags/example_short_circuit_decorator.py took 0.184 seconds
[2024-02-06T21:30:54.198+0100] {processor.py:161} INFO - Started process (PID=24873) to work on /home/ubuntu/.local/lib/python3.10/site-packages/airflow/example_dags/example_short_circuit_decorator.py
[2024-02-06T21:30:54.209+0100] {processor.py:830} INFO - Processing file /home/ubuntu/.local/lib/python3.10/site-packages/airflow/example_dags/example_short_circuit_decorator.py for tasks to queue
[2024-02-06T21:30:54.212+0100] {logging_mixin.py:188} INFO - [2024-02-06T21:30:54.211+0100] {dagbag.py:538} INFO - Filling up the DagBag from /home/ubuntu/.local/lib/python3.10/site-packages/airflow/example_dags/example_short_circuit_decorator.py
[2024-02-06T21:30:54.249+0100] {processor.py:840} INFO - DAG(s) 'example_short_circuit_decorator' retrieved from /home/ubuntu/.local/lib/python3.10/site-packages/airflow/example_dags/example_short_circuit_decorator.py
[2024-02-06T21:30:54.310+0100] {logging_mixin.py:188} INFO - [2024-02-06T21:30:54.309+0100] {dag.py:3036} INFO - Sync 1 DAGs
[2024-02-06T21:30:54.349+0100] {logging_mixin.py:188} INFO - [2024-02-06T21:30:54.348+0100] {dag.py:3823} INFO - Setting next_dagrun for example_short_circuit_decorator to 2024-02-05 00:00:00+00:00, run_after=2024-02-06 00:00:00+00:00
[2024-02-06T21:30:54.414+0100] {processor.py:183} INFO - Processing /home/ubuntu/.local/lib/python3.10/site-packages/airflow/example_dags/example_short_circuit_decorator.py took 0.230 seconds
[2024-02-06T21:32:05.056+0100] {processor.py:161} INFO - Started process (PID=25116) to work on /home/ubuntu/.local/lib/python3.10/site-packages/airflow/example_dags/example_short_circuit_decorator.py
[2024-02-06T21:32:05.066+0100] {processor.py:830} INFO - Processing file /home/ubuntu/.local/lib/python3.10/site-packages/airflow/example_dags/example_short_circuit_decorator.py for tasks to queue
[2024-02-06T21:32:05.073+0100] {logging_mixin.py:188} INFO - [2024-02-06T21:32:05.072+0100] {dagbag.py:538} INFO - Filling up the DagBag from /home/ubuntu/.local/lib/python3.10/site-packages/airflow/example_dags/example_short_circuit_decorator.py
[2024-02-06T21:32:05.097+0100] {processor.py:840} INFO - DAG(s) 'example_short_circuit_decorator' retrieved from /home/ubuntu/.local/lib/python3.10/site-packages/airflow/example_dags/example_short_circuit_decorator.py
[2024-02-06T21:32:05.137+0100] {logging_mixin.py:188} INFO - [2024-02-06T21:32:05.137+0100] {dag.py:3036} INFO - Sync 1 DAGs
[2024-02-06T21:32:05.188+0100] {logging_mixin.py:188} INFO - [2024-02-06T21:32:05.187+0100] {dag.py:3823} INFO - Setting next_dagrun for example_short_circuit_decorator to 2024-02-05 00:00:00+00:00, run_after=2024-02-06 00:00:00+00:00
[2024-02-06T21:32:05.254+0100] {processor.py:183} INFO - Processing /home/ubuntu/.local/lib/python3.10/site-packages/airflow/example_dags/example_short_circuit_decorator.py took 0.204 seconds
[2024-02-06T21:33:21.230+0100] {processor.py:161} INFO - Started process (PID=25441) to work on /home/ubuntu/.local/lib/python3.10/site-packages/airflow/example_dags/example_short_circuit_decorator.py
[2024-02-06T21:33:21.244+0100] {processor.py:830} INFO - Processing file /home/ubuntu/.local/lib/python3.10/site-packages/airflow/example_dags/example_short_circuit_decorator.py for tasks to queue
[2024-02-06T21:33:21.246+0100] {logging_mixin.py:188} INFO - [2024-02-06T21:33:21.245+0100] {dagbag.py:538} INFO - Filling up the DagBag from /home/ubuntu/.local/lib/python3.10/site-packages/airflow/example_dags/example_short_circuit_decorator.py
[2024-02-06T21:33:21.273+0100] {processor.py:840} INFO - DAG(s) 'example_short_circuit_decorator' retrieved from /home/ubuntu/.local/lib/python3.10/site-packages/airflow/example_dags/example_short_circuit_decorator.py
[2024-02-06T21:33:21.313+0100] {logging_mixin.py:188} INFO - [2024-02-06T21:33:21.312+0100] {dag.py:3036} INFO - Sync 1 DAGs
[2024-02-06T21:33:21.345+0100] {logging_mixin.py:188} INFO - [2024-02-06T21:33:21.344+0100] {dag.py:3823} INFO - Setting next_dagrun for example_short_circuit_decorator to 2024-02-05 00:00:00+00:00, run_after=2024-02-06 00:00:00+00:00
[2024-02-06T21:33:21.418+0100] {processor.py:183} INFO - Processing /home/ubuntu/.local/lib/python3.10/site-packages/airflow/example_dags/example_short_circuit_decorator.py took 0.197 seconds
[2024-02-06T21:40:25.195+0100] {processor.py:161} INFO - Started process (PID=27588) to work on /home/ubuntu/.local/lib/python3.10/site-packages/airflow/example_dags/example_short_circuit_decorator.py
[2024-02-06T21:40:25.206+0100] {processor.py:830} INFO - Processing file /home/ubuntu/.local/lib/python3.10/site-packages/airflow/example_dags/example_short_circuit_decorator.py for tasks to queue
[2024-02-06T21:40:25.208+0100] {logging_mixin.py:188} INFO - [2024-02-06T21:40:25.207+0100] {dagbag.py:538} INFO - Filling up the DagBag from /home/ubuntu/.local/lib/python3.10/site-packages/airflow/example_dags/example_short_circuit_decorator.py
[2024-02-06T21:40:25.238+0100] {processor.py:840} INFO - DAG(s) 'example_short_circuit_decorator' retrieved from /home/ubuntu/.local/lib/python3.10/site-packages/airflow/example_dags/example_short_circuit_decorator.py
[2024-02-06T21:40:25.713+0100] {logging_mixin.py:188} INFO - [2024-02-06T21:40:25.712+0100] {dag.py:3036} INFO - Sync 1 DAGs
[2024-02-06T21:40:25.761+0100] {logging_mixin.py:188} INFO - [2024-02-06T21:40:25.760+0100] {dag.py:3823} INFO - Setting next_dagrun for example_short_circuit_decorator to 2024-02-05 00:00:00+00:00, run_after=2024-02-06 00:00:00+00:00
[2024-02-06T21:40:25.834+0100] {processor.py:183} INFO - Processing /home/ubuntu/.local/lib/python3.10/site-packages/airflow/example_dags/example_short_circuit_decorator.py took 0.663 seconds
[2024-02-06T21:41:05.672+0100] {processor.py:161} INFO - Started process (PID=27935) to work on /home/ubuntu/.local/lib/python3.10/site-packages/airflow/example_dags/example_short_circuit_decorator.py
[2024-02-06T21:41:05.676+0100] {processor.py:830} INFO - Processing file /home/ubuntu/.local/lib/python3.10/site-packages/airflow/example_dags/example_short_circuit_decorator.py for tasks to queue
[2024-02-06T21:41:05.680+0100] {logging_mixin.py:188} INFO - [2024-02-06T21:41:05.679+0100] {dagbag.py:538} INFO - Filling up the DagBag from /home/ubuntu/.local/lib/python3.10/site-packages/airflow/example_dags/example_short_circuit_decorator.py
[2024-02-06T21:41:05.705+0100] {processor.py:840} INFO - DAG(s) 'example_short_circuit_decorator' retrieved from /home/ubuntu/.local/lib/python3.10/site-packages/airflow/example_dags/example_short_circuit_decorator.py
[2024-02-06T21:41:05.770+0100] {logging_mixin.py:188} INFO - [2024-02-06T21:41:05.768+0100] {dag.py:3036} INFO - Sync 1 DAGs
[2024-02-06T21:41:05.826+0100] {logging_mixin.py:188} INFO - [2024-02-06T21:41:05.824+0100] {dag.py:3823} INFO - Setting next_dagrun for example_short_circuit_decorator to 2024-02-05 00:00:00+00:00, run_after=2024-02-06 00:00:00+00:00
[2024-02-06T21:41:05.899+0100] {processor.py:183} INFO - Processing /home/ubuntu/.local/lib/python3.10/site-packages/airflow/example_dags/example_short_circuit_decorator.py took 0.233 seconds
[2024-02-06T21:41:43.906+0100] {processor.py:161} INFO - Started process (PID=28086) to work on /home/ubuntu/.local/lib/python3.10/site-packages/airflow/example_dags/example_short_circuit_decorator.py
[2024-02-06T21:41:43.911+0100] {processor.py:830} INFO - Processing file /home/ubuntu/.local/lib/python3.10/site-packages/airflow/example_dags/example_short_circuit_decorator.py for tasks to queue
[2024-02-06T21:41:43.914+0100] {logging_mixin.py:188} INFO - [2024-02-06T21:41:43.913+0100] {dagbag.py:538} INFO - Filling up the DagBag from /home/ubuntu/.local/lib/python3.10/site-packages/airflow/example_dags/example_short_circuit_decorator.py
[2024-02-06T21:41:43.954+0100] {processor.py:840} INFO - DAG(s) 'example_short_circuit_decorator' retrieved from /home/ubuntu/.local/lib/python3.10/site-packages/airflow/example_dags/example_short_circuit_decorator.py
[2024-02-06T21:41:44.017+0100] {logging_mixin.py:188} INFO - [2024-02-06T21:41:44.016+0100] {dag.py:3036} INFO - Sync 1 DAGs
[2024-02-06T21:41:44.107+0100] {logging_mixin.py:188} INFO - [2024-02-06T21:41:44.106+0100] {dag.py:3823} INFO - Setting next_dagrun for example_short_circuit_decorator to 2024-02-05 00:00:00+00:00, run_after=2024-02-06 00:00:00+00:00
[2024-02-06T21:41:44.161+0100] {processor.py:183} INFO - Processing /home/ubuntu/.local/lib/python3.10/site-packages/airflow/example_dags/example_short_circuit_decorator.py took 0.264 seconds
[2024-02-06T21:42:16.235+0100] {processor.py:161} INFO - Started process (PID=28276) to work on /home/ubuntu/.local/lib/python3.10/site-packages/airflow/example_dags/example_short_circuit_decorator.py
[2024-02-06T21:42:16.273+0100] {processor.py:830} INFO - Processing file /home/ubuntu/.local/lib/python3.10/site-packages/airflow/example_dags/example_short_circuit_decorator.py for tasks to queue
[2024-02-06T21:42:16.280+0100] {logging_mixin.py:188} INFO - [2024-02-06T21:42:16.275+0100] {dagbag.py:538} INFO - Filling up the DagBag from /home/ubuntu/.local/lib/python3.10/site-packages/airflow/example_dags/example_short_circuit_decorator.py
[2024-02-06T21:42:16.383+0100] {processor.py:840} INFO - DAG(s) 'example_short_circuit_decorator' retrieved from /home/ubuntu/.local/lib/python3.10/site-packages/airflow/example_dags/example_short_circuit_decorator.py
[2024-02-06T21:42:16.509+0100] {logging_mixin.py:188} INFO - [2024-02-06T21:42:16.508+0100] {dag.py:3036} INFO - Sync 1 DAGs
[2024-02-06T21:42:16.634+0100] {logging_mixin.py:188} INFO - [2024-02-06T21:42:16.633+0100] {dag.py:3823} INFO - Setting next_dagrun for example_short_circuit_decorator to 2024-02-05 00:00:00+00:00, run_after=2024-02-06 00:00:00+00:00
[2024-02-06T21:42:16.959+0100] {processor.py:183} INFO - Processing /home/ubuntu/.local/lib/python3.10/site-packages/airflow/example_dags/example_short_circuit_decorator.py took 0.756 seconds
[2024-02-06T21:42:59.860+0100] {processor.py:161} INFO - Started process (PID=28560) to work on /home/ubuntu/.local/lib/python3.10/site-packages/airflow/example_dags/example_short_circuit_decorator.py
[2024-02-06T21:42:59.863+0100] {processor.py:830} INFO - Processing file /home/ubuntu/.local/lib/python3.10/site-packages/airflow/example_dags/example_short_circuit_decorator.py for tasks to queue
[2024-02-06T21:42:59.867+0100] {logging_mixin.py:188} INFO - [2024-02-06T21:42:59.866+0100] {dagbag.py:538} INFO - Filling up the DagBag from /home/ubuntu/.local/lib/python3.10/site-packages/airflow/example_dags/example_short_circuit_decorator.py
[2024-02-06T21:42:59.886+0100] {processor.py:840} INFO - DAG(s) 'example_short_circuit_decorator' retrieved from /home/ubuntu/.local/lib/python3.10/site-packages/airflow/example_dags/example_short_circuit_decorator.py
[2024-02-06T21:42:59.915+0100] {logging_mixin.py:188} INFO - [2024-02-06T21:42:59.915+0100] {dag.py:3036} INFO - Sync 1 DAGs
[2024-02-06T21:42:59.947+0100] {logging_mixin.py:188} INFO - [2024-02-06T21:42:59.947+0100] {dag.py:3823} INFO - Setting next_dagrun for example_short_circuit_decorator to 2024-02-05 00:00:00+00:00, run_after=2024-02-06 00:00:00+00:00
[2024-02-06T21:42:59.998+0100] {processor.py:183} INFO - Processing /home/ubuntu/.local/lib/python3.10/site-packages/airflow/example_dags/example_short_circuit_decorator.py took 0.149 seconds
[2024-02-06T21:43:34.691+0100] {processor.py:161} INFO - Started process (PID=28830) to work on /home/ubuntu/.local/lib/python3.10/site-packages/airflow/example_dags/example_short_circuit_decorator.py
[2024-02-06T21:43:34.696+0100] {processor.py:830} INFO - Processing file /home/ubuntu/.local/lib/python3.10/site-packages/airflow/example_dags/example_short_circuit_decorator.py for tasks to queue
[2024-02-06T21:43:34.697+0100] {logging_mixin.py:188} INFO - [2024-02-06T21:43:34.697+0100] {dagbag.py:538} INFO - Filling up the DagBag from /home/ubuntu/.local/lib/python3.10/site-packages/airflow/example_dags/example_short_circuit_decorator.py
[2024-02-06T21:43:34.711+0100] {processor.py:840} INFO - DAG(s) 'example_short_circuit_decorator' retrieved from /home/ubuntu/.local/lib/python3.10/site-packages/airflow/example_dags/example_short_circuit_decorator.py
[2024-02-06T21:43:34.736+0100] {logging_mixin.py:188} INFO - [2024-02-06T21:43:34.736+0100] {dag.py:3036} INFO - Sync 1 DAGs
[2024-02-06T21:43:34.761+0100] {logging_mixin.py:188} INFO - [2024-02-06T21:43:34.761+0100] {dag.py:3823} INFO - Setting next_dagrun for example_short_circuit_decorator to 2024-02-05 00:00:00+00:00, run_after=2024-02-06 00:00:00+00:00
[2024-02-06T21:43:34.837+0100] {processor.py:183} INFO - Processing /home/ubuntu/.local/lib/python3.10/site-packages/airflow/example_dags/example_short_circuit_decorator.py took 0.150 seconds
[2024-02-06T21:44:05.064+0100] {processor.py:161} INFO - Started process (PID=28936) to work on /home/ubuntu/.local/lib/python3.10/site-packages/airflow/example_dags/example_short_circuit_decorator.py
[2024-02-06T21:44:05.067+0100] {processor.py:830} INFO - Processing file /home/ubuntu/.local/lib/python3.10/site-packages/airflow/example_dags/example_short_circuit_decorator.py for tasks to queue
[2024-02-06T21:44:05.070+0100] {logging_mixin.py:188} INFO - [2024-02-06T21:44:05.069+0100] {dagbag.py:538} INFO - Filling up the DagBag from /home/ubuntu/.local/lib/python3.10/site-packages/airflow/example_dags/example_short_circuit_decorator.py
[2024-02-06T21:44:05.097+0100] {processor.py:840} INFO - DAG(s) 'example_short_circuit_decorator' retrieved from /home/ubuntu/.local/lib/python3.10/site-packages/airflow/example_dags/example_short_circuit_decorator.py
[2024-02-06T21:44:05.148+0100] {logging_mixin.py:188} INFO - [2024-02-06T21:44:05.148+0100] {dag.py:3036} INFO - Sync 1 DAGs
[2024-02-06T21:44:05.218+0100] {logging_mixin.py:188} INFO - [2024-02-06T21:44:05.218+0100] {dag.py:3823} INFO - Setting next_dagrun for example_short_circuit_decorator to 2024-02-05 00:00:00+00:00, run_after=2024-02-06 00:00:00+00:00
[2024-02-06T21:44:05.278+0100] {processor.py:183} INFO - Processing /home/ubuntu/.local/lib/python3.10/site-packages/airflow/example_dags/example_short_circuit_decorator.py took 0.223 seconds
[2024-02-06T21:44:49.300+0100] {processor.py:161} INFO - Started process (PID=29193) to work on /home/ubuntu/.local/lib/python3.10/site-packages/airflow/example_dags/example_short_circuit_decorator.py
[2024-02-06T21:44:49.304+0100] {processor.py:830} INFO - Processing file /home/ubuntu/.local/lib/python3.10/site-packages/airflow/example_dags/example_short_circuit_decorator.py for tasks to queue
[2024-02-06T21:44:49.307+0100] {logging_mixin.py:188} INFO - [2024-02-06T21:44:49.306+0100] {dagbag.py:538} INFO - Filling up the DagBag from /home/ubuntu/.local/lib/python3.10/site-packages/airflow/example_dags/example_short_circuit_decorator.py
[2024-02-06T21:44:49.324+0100] {processor.py:840} INFO - DAG(s) 'example_short_circuit_decorator' retrieved from /home/ubuntu/.local/lib/python3.10/site-packages/airflow/example_dags/example_short_circuit_decorator.py
[2024-02-06T21:44:49.361+0100] {logging_mixin.py:188} INFO - [2024-02-06T21:44:49.361+0100] {dag.py:3036} INFO - Sync 1 DAGs
[2024-02-06T21:44:49.392+0100] {logging_mixin.py:188} INFO - [2024-02-06T21:44:49.392+0100] {dag.py:3823} INFO - Setting next_dagrun for example_short_circuit_decorator to 2024-02-05 00:00:00+00:00, run_after=2024-02-06 00:00:00+00:00
[2024-02-06T21:44:49.436+0100] {processor.py:183} INFO - Processing /home/ubuntu/.local/lib/python3.10/site-packages/airflow/example_dags/example_short_circuit_decorator.py took 0.144 seconds
[2024-02-06T21:54:09.828+0100] {processor.py:161} INFO - Started process (PID=31075) to work on /home/ubuntu/.local/lib/python3.10/site-packages/airflow/example_dags/example_short_circuit_decorator.py
[2024-02-06T21:54:09.832+0100] {processor.py:830} INFO - Processing file /home/ubuntu/.local/lib/python3.10/site-packages/airflow/example_dags/example_short_circuit_decorator.py for tasks to queue
[2024-02-06T21:54:09.835+0100] {logging_mixin.py:188} INFO - [2024-02-06T21:54:09.834+0100] {dagbag.py:538} INFO - Filling up the DagBag from /home/ubuntu/.local/lib/python3.10/site-packages/airflow/example_dags/example_short_circuit_decorator.py
[2024-02-06T21:54:09.861+0100] {processor.py:840} INFO - DAG(s) 'example_short_circuit_decorator' retrieved from /home/ubuntu/.local/lib/python3.10/site-packages/airflow/example_dags/example_short_circuit_decorator.py
[2024-02-06T21:54:10.349+0100] {logging_mixin.py:188} INFO - [2024-02-06T21:54:10.349+0100] {dag.py:3036} INFO - Sync 1 DAGs
[2024-02-06T21:54:10.468+0100] {logging_mixin.py:188} INFO - [2024-02-06T21:54:10.467+0100] {dag.py:3823} INFO - Setting next_dagrun for example_short_circuit_decorator to 2024-02-05 00:00:00+00:00, run_after=2024-02-06 00:00:00+00:00
[2024-02-06T21:54:10.705+0100] {processor.py:183} INFO - Processing /home/ubuntu/.local/lib/python3.10/site-packages/airflow/example_dags/example_short_circuit_decorator.py took 0.886 seconds
[2024-02-06T21:55:22.890+0100] {processor.py:161} INFO - Started process (PID=31728) to work on /home/ubuntu/.local/lib/python3.10/site-packages/airflow/example_dags/example_short_circuit_decorator.py
[2024-02-06T21:55:22.903+0100] {processor.py:830} INFO - Processing file /home/ubuntu/.local/lib/python3.10/site-packages/airflow/example_dags/example_short_circuit_decorator.py for tasks to queue
[2024-02-06T21:55:22.905+0100] {logging_mixin.py:188} INFO - [2024-02-06T21:55:22.904+0100] {dagbag.py:538} INFO - Filling up the DagBag from /home/ubuntu/.local/lib/python3.10/site-packages/airflow/example_dags/example_short_circuit_decorator.py
[2024-02-06T21:55:22.988+0100] {processor.py:840} INFO - DAG(s) 'example_short_circuit_decorator' retrieved from /home/ubuntu/.local/lib/python3.10/site-packages/airflow/example_dags/example_short_circuit_decorator.py
[2024-02-06T21:55:23.031+0100] {logging_mixin.py:188} INFO - [2024-02-06T21:55:23.028+0100] {dag.py:3036} INFO - Sync 1 DAGs
[2024-02-06T21:55:23.129+0100] {logging_mixin.py:188} INFO - [2024-02-06T21:55:23.129+0100] {dag.py:3823} INFO - Setting next_dagrun for example_short_circuit_decorator to 2024-02-05 00:00:00+00:00, run_after=2024-02-06 00:00:00+00:00
[2024-02-06T21:55:23.309+0100] {processor.py:183} INFO - Processing /home/ubuntu/.local/lib/python3.10/site-packages/airflow/example_dags/example_short_circuit_decorator.py took 0.426 seconds
[2024-02-06T21:56:16.139+0100] {processor.py:161} INFO - Started process (PID=32231) to work on /home/ubuntu/.local/lib/python3.10/site-packages/airflow/example_dags/example_short_circuit_decorator.py
[2024-02-06T21:56:16.151+0100] {processor.py:830} INFO - Processing file /home/ubuntu/.local/lib/python3.10/site-packages/airflow/example_dags/example_short_circuit_decorator.py for tasks to queue
[2024-02-06T21:56:16.153+0100] {logging_mixin.py:188} INFO - [2024-02-06T21:56:16.152+0100] {dagbag.py:538} INFO - Filling up the DagBag from /home/ubuntu/.local/lib/python3.10/site-packages/airflow/example_dags/example_short_circuit_decorator.py
[2024-02-06T21:56:16.182+0100] {processor.py:840} INFO - DAG(s) 'example_short_circuit_decorator' retrieved from /home/ubuntu/.local/lib/python3.10/site-packages/airflow/example_dags/example_short_circuit_decorator.py
[2024-02-06T21:56:16.244+0100] {logging_mixin.py:188} INFO - [2024-02-06T21:56:16.237+0100] {dag.py:3036} INFO - Sync 1 DAGs
[2024-02-06T21:56:16.304+0100] {logging_mixin.py:188} INFO - [2024-02-06T21:56:16.303+0100] {dag.py:3823} INFO - Setting next_dagrun for example_short_circuit_decorator to 2024-02-05 00:00:00+00:00, run_after=2024-02-06 00:00:00+00:00
[2024-02-06T21:56:16.542+0100] {processor.py:183} INFO - Processing /home/ubuntu/.local/lib/python3.10/site-packages/airflow/example_dags/example_short_circuit_decorator.py took 0.409 seconds
[2024-02-06T21:56:56.467+0100] {processor.py:161} INFO - Started process (PID=32610) to work on /home/ubuntu/.local/lib/python3.10/site-packages/airflow/example_dags/example_short_circuit_decorator.py
[2024-02-06T21:56:56.475+0100] {processor.py:830} INFO - Processing file /home/ubuntu/.local/lib/python3.10/site-packages/airflow/example_dags/example_short_circuit_decorator.py for tasks to queue
[2024-02-06T21:56:56.478+0100] {logging_mixin.py:188} INFO - [2024-02-06T21:56:56.477+0100] {dagbag.py:538} INFO - Filling up the DagBag from /home/ubuntu/.local/lib/python3.10/site-packages/airflow/example_dags/example_short_circuit_decorator.py
[2024-02-06T21:56:56.511+0100] {processor.py:840} INFO - DAG(s) 'example_short_circuit_decorator' retrieved from /home/ubuntu/.local/lib/python3.10/site-packages/airflow/example_dags/example_short_circuit_decorator.py
[2024-02-06T21:56:56.597+0100] {logging_mixin.py:188} INFO - [2024-02-06T21:56:56.595+0100] {dag.py:3036} INFO - Sync 1 DAGs
[2024-02-06T21:56:56.638+0100] {logging_mixin.py:188} INFO - [2024-02-06T21:56:56.638+0100] {dag.py:3823} INFO - Setting next_dagrun for example_short_circuit_decorator to 2024-02-05 00:00:00+00:00, run_after=2024-02-06 00:00:00+00:00
[2024-02-06T21:56:56.697+0100] {processor.py:183} INFO - Processing /home/ubuntu/.local/lib/python3.10/site-packages/airflow/example_dags/example_short_circuit_decorator.py took 0.243 seconds
[2024-02-06T21:57:26.794+0100] {processor.py:161} INFO - Started process (PID=32788) to work on /home/ubuntu/.local/lib/python3.10/site-packages/airflow/example_dags/example_short_circuit_decorator.py
[2024-02-06T21:57:26.796+0100] {processor.py:830} INFO - Processing file /home/ubuntu/.local/lib/python3.10/site-packages/airflow/example_dags/example_short_circuit_decorator.py for tasks to queue
[2024-02-06T21:57:26.799+0100] {logging_mixin.py:188} INFO - [2024-02-06T21:57:26.798+0100] {dagbag.py:538} INFO - Filling up the DagBag from /home/ubuntu/.local/lib/python3.10/site-packages/airflow/example_dags/example_short_circuit_decorator.py
[2024-02-06T21:57:26.822+0100] {processor.py:840} INFO - DAG(s) 'example_short_circuit_decorator' retrieved from /home/ubuntu/.local/lib/python3.10/site-packages/airflow/example_dags/example_short_circuit_decorator.py
[2024-02-06T21:57:26.874+0100] {logging_mixin.py:188} INFO - [2024-02-06T21:57:26.873+0100] {dag.py:3036} INFO - Sync 1 DAGs
[2024-02-06T21:57:26.917+0100] {logging_mixin.py:188} INFO - [2024-02-06T21:57:26.916+0100] {dag.py:3823} INFO - Setting next_dagrun for example_short_circuit_decorator to 2024-02-05 00:00:00+00:00, run_after=2024-02-06 00:00:00+00:00
[2024-02-06T21:57:26.990+0100] {processor.py:183} INFO - Processing /home/ubuntu/.local/lib/python3.10/site-packages/airflow/example_dags/example_short_circuit_decorator.py took 0.206 seconds
[2024-02-06T21:59:03.353+0100] {processor.py:161} INFO - Started process (PID=33735) to work on /home/ubuntu/.local/lib/python3.10/site-packages/airflow/example_dags/example_short_circuit_decorator.py
[2024-02-06T21:59:03.358+0100] {processor.py:830} INFO - Processing file /home/ubuntu/.local/lib/python3.10/site-packages/airflow/example_dags/example_short_circuit_decorator.py for tasks to queue
[2024-02-06T21:59:03.361+0100] {logging_mixin.py:188} INFO - [2024-02-06T21:59:03.359+0100] {dagbag.py:538} INFO - Filling up the DagBag from /home/ubuntu/.local/lib/python3.10/site-packages/airflow/example_dags/example_short_circuit_decorator.py
[2024-02-06T21:59:03.396+0100] {processor.py:840} INFO - DAG(s) 'example_short_circuit_decorator' retrieved from /home/ubuntu/.local/lib/python3.10/site-packages/airflow/example_dags/example_short_circuit_decorator.py
[2024-02-06T21:59:03.421+0100] {logging_mixin.py:188} INFO - [2024-02-06T21:59:03.420+0100] {dag.py:3036} INFO - Sync 1 DAGs
[2024-02-06T21:59:03.494+0100] {logging_mixin.py:188} INFO - [2024-02-06T21:59:03.494+0100] {dag.py:3823} INFO - Setting next_dagrun for example_short_circuit_decorator to 2024-02-05 00:00:00+00:00, run_after=2024-02-06 00:00:00+00:00
[2024-02-06T21:59:03.574+0100] {processor.py:183} INFO - Processing /home/ubuntu/.local/lib/python3.10/site-packages/airflow/example_dags/example_short_circuit_decorator.py took 0.236 seconds
[2024-02-06T21:59:17.388+0100] {processor.py:161} INFO - Started process (PID=33924) to work on /home/ubuntu/.local/lib/python3.10/site-packages/airflow/example_dags/example_short_circuit_decorator.py
[2024-02-06T21:59:17.389+0100] {processor.py:830} INFO - Processing file /home/ubuntu/.local/lib/python3.10/site-packages/airflow/example_dags/example_short_circuit_decorator.py for tasks to queue
[2024-02-06T21:59:17.391+0100] {logging_mixin.py:188} INFO - [2024-02-06T21:59:17.390+0100] {dagbag.py:538} INFO - Filling up the DagBag from /home/ubuntu/.local/lib/python3.10/site-packages/airflow/example_dags/example_short_circuit_decorator.py
[2024-02-06T21:59:17.410+0100] {processor.py:840} INFO - DAG(s) 'example_short_circuit_decorator' retrieved from /home/ubuntu/.local/lib/python3.10/site-packages/airflow/example_dags/example_short_circuit_decorator.py
[2024-02-06T21:59:17.712+0100] {logging_mixin.py:188} INFO - [2024-02-06T21:59:17.711+0100] {dag.py:3036} INFO - Sync 1 DAGs
[2024-02-06T21:59:17.790+0100] {logging_mixin.py:188} INFO - [2024-02-06T21:59:17.789+0100] {dag.py:3823} INFO - Setting next_dagrun for example_short_circuit_decorator to 2024-02-05 00:00:00+00:00, run_after=2024-02-06 00:00:00+00:00
[2024-02-06T21:59:17.934+0100] {processor.py:183} INFO - Processing /home/ubuntu/.local/lib/python3.10/site-packages/airflow/example_dags/example_short_circuit_decorator.py took 0.553 seconds
[2024-02-06T22:00:43.345+0100] {processor.py:161} INFO - Started process (PID=34686) to work on /home/ubuntu/.local/lib/python3.10/site-packages/airflow/example_dags/example_short_circuit_decorator.py
[2024-02-06T22:00:43.356+0100] {processor.py:830} INFO - Processing file /home/ubuntu/.local/lib/python3.10/site-packages/airflow/example_dags/example_short_circuit_decorator.py for tasks to queue
[2024-02-06T22:00:43.359+0100] {logging_mixin.py:188} INFO - [2024-02-06T22:00:43.358+0100] {dagbag.py:538} INFO - Filling up the DagBag from /home/ubuntu/.local/lib/python3.10/site-packages/airflow/example_dags/example_short_circuit_decorator.py
[2024-02-06T22:00:43.378+0100] {processor.py:840} INFO - DAG(s) 'example_short_circuit_decorator' retrieved from /home/ubuntu/.local/lib/python3.10/site-packages/airflow/example_dags/example_short_circuit_decorator.py
[2024-02-06T22:00:43.404+0100] {logging_mixin.py:188} INFO - [2024-02-06T22:00:43.404+0100] {dag.py:3036} INFO - Sync 1 DAGs
[2024-02-06T22:00:43.430+0100] {logging_mixin.py:188} INFO - [2024-02-06T22:00:43.430+0100] {dag.py:3823} INFO - Setting next_dagrun for example_short_circuit_decorator to 2024-02-05 00:00:00+00:00, run_after=2024-02-06 00:00:00+00:00
[2024-02-06T22:00:43.544+0100] {processor.py:183} INFO - Processing /home/ubuntu/.local/lib/python3.10/site-packages/airflow/example_dags/example_short_circuit_decorator.py took 0.206 seconds
[2024-02-06T22:00:53.006+0100] {processor.py:161} INFO - Started process (PID=34810) to work on /home/ubuntu/.local/lib/python3.10/site-packages/airflow/example_dags/example_short_circuit_decorator.py
[2024-02-06T22:00:53.009+0100] {processor.py:830} INFO - Processing file /home/ubuntu/.local/lib/python3.10/site-packages/airflow/example_dags/example_short_circuit_decorator.py for tasks to queue
[2024-02-06T22:00:53.011+0100] {logging_mixin.py:188} INFO - [2024-02-06T22:00:53.010+0100] {dagbag.py:538} INFO - Filling up the DagBag from /home/ubuntu/.local/lib/python3.10/site-packages/airflow/example_dags/example_short_circuit_decorator.py
[2024-02-06T22:00:53.026+0100] {processor.py:840} INFO - DAG(s) 'example_short_circuit_decorator' retrieved from /home/ubuntu/.local/lib/python3.10/site-packages/airflow/example_dags/example_short_circuit_decorator.py
[2024-02-06T22:00:53.050+0100] {logging_mixin.py:188} INFO - [2024-02-06T22:00:53.049+0100] {dag.py:3036} INFO - Sync 1 DAGs
[2024-02-06T22:00:53.076+0100] {logging_mixin.py:188} INFO - [2024-02-06T22:00:53.076+0100] {dag.py:3823} INFO - Setting next_dagrun for example_short_circuit_decorator to 2024-02-05 00:00:00+00:00, run_after=2024-02-06 00:00:00+00:00
[2024-02-06T22:00:53.159+0100] {processor.py:183} INFO - Processing /home/ubuntu/.local/lib/python3.10/site-packages/airflow/example_dags/example_short_circuit_decorator.py took 0.163 seconds
[2024-02-06T22:02:14.175+0100] {processor.py:161} INFO - Started process (PID=35364) to work on /home/ubuntu/.local/lib/python3.10/site-packages/airflow/example_dags/example_short_circuit_decorator.py
[2024-02-06T22:02:14.178+0100] {processor.py:830} INFO - Processing file /home/ubuntu/.local/lib/python3.10/site-packages/airflow/example_dags/example_short_circuit_decorator.py for tasks to queue
[2024-02-06T22:02:14.180+0100] {logging_mixin.py:188} INFO - [2024-02-06T22:02:14.179+0100] {dagbag.py:538} INFO - Filling up the DagBag from /home/ubuntu/.local/lib/python3.10/site-packages/airflow/example_dags/example_short_circuit_decorator.py
[2024-02-06T22:02:14.263+0100] {processor.py:840} INFO - DAG(s) 'example_short_circuit_decorator' retrieved from /home/ubuntu/.local/lib/python3.10/site-packages/airflow/example_dags/example_short_circuit_decorator.py
[2024-02-06T22:02:14.319+0100] {logging_mixin.py:188} INFO - [2024-02-06T22:02:14.319+0100] {dag.py:3036} INFO - Sync 1 DAGs
[2024-02-06T22:02:14.409+0100] {logging_mixin.py:188} INFO - [2024-02-06T22:02:14.408+0100] {dag.py:3823} INFO - Setting next_dagrun for example_short_circuit_decorator to 2024-02-05 00:00:00+00:00, run_after=2024-02-06 00:00:00+00:00
[2024-02-06T22:02:14.603+0100] {processor.py:183} INFO - Processing /home/ubuntu/.local/lib/python3.10/site-packages/airflow/example_dags/example_short_circuit_decorator.py took 0.435 seconds
[2024-02-06T22:02:15.272+0100] {processor.py:161} INFO - Started process (PID=35396) to work on /home/ubuntu/.local/lib/python3.10/site-packages/airflow/example_dags/example_short_circuit_decorator.py
[2024-02-06T22:02:15.274+0100] {processor.py:830} INFO - Processing file /home/ubuntu/.local/lib/python3.10/site-packages/airflow/example_dags/example_short_circuit_decorator.py for tasks to queue
[2024-02-06T22:02:15.277+0100] {logging_mixin.py:188} INFO - [2024-02-06T22:02:15.276+0100] {dagbag.py:538} INFO - Filling up the DagBag from /home/ubuntu/.local/lib/python3.10/site-packages/airflow/example_dags/example_short_circuit_decorator.py
[2024-02-06T22:02:15.306+0100] {processor.py:840} INFO - DAG(s) 'example_short_circuit_decorator' retrieved from /home/ubuntu/.local/lib/python3.10/site-packages/airflow/example_dags/example_short_circuit_decorator.py
[2024-02-06T22:02:15.346+0100] {logging_mixin.py:188} INFO - [2024-02-06T22:02:15.346+0100] {dag.py:3036} INFO - Sync 1 DAGs
[2024-02-06T22:02:15.384+0100] {logging_mixin.py:188} INFO - [2024-02-06T22:02:15.384+0100] {dag.py:3823} INFO - Setting next_dagrun for example_short_circuit_decorator to 2024-02-05 00:00:00+00:00, run_after=2024-02-06 00:00:00+00:00
[2024-02-06T22:02:15.434+0100] {processor.py:183} INFO - Processing /home/ubuntu/.local/lib/python3.10/site-packages/airflow/example_dags/example_short_circuit_decorator.py took 0.170 seconds
[2024-02-06T22:03:53.185+0100] {processor.py:161} INFO - Started process (PID=36355) to work on /home/ubuntu/.local/lib/python3.10/site-packages/airflow/example_dags/example_short_circuit_decorator.py
[2024-02-06T22:03:53.194+0100] {processor.py:830} INFO - Processing file /home/ubuntu/.local/lib/python3.10/site-packages/airflow/example_dags/example_short_circuit_decorator.py for tasks to queue
[2024-02-06T22:03:53.205+0100] {logging_mixin.py:188} INFO - [2024-02-06T22:03:53.195+0100] {dagbag.py:538} INFO - Filling up the DagBag from /home/ubuntu/.local/lib/python3.10/site-packages/airflow/example_dags/example_short_circuit_decorator.py
[2024-02-06T22:03:53.274+0100] {processor.py:840} INFO - DAG(s) 'example_short_circuit_decorator' retrieved from /home/ubuntu/.local/lib/python3.10/site-packages/airflow/example_dags/example_short_circuit_decorator.py
[2024-02-06T22:03:53.375+0100] {logging_mixin.py:188} INFO - [2024-02-06T22:03:53.374+0100] {dag.py:3036} INFO - Sync 1 DAGs
[2024-02-06T22:03:53.433+0100] {logging_mixin.py:188} INFO - [2024-02-06T22:03:53.432+0100] {dag.py:3823} INFO - Setting next_dagrun for example_short_circuit_decorator to 2024-02-05 00:00:00+00:00, run_after=2024-02-06 00:00:00+00:00
[2024-02-06T22:03:53.523+0100] {processor.py:183} INFO - Processing /home/ubuntu/.local/lib/python3.10/site-packages/airflow/example_dags/example_short_circuit_decorator.py took 0.347 seconds
[2024-02-06T22:03:54.068+0100] {processor.py:161} INFO - Started process (PID=36356) to work on /home/ubuntu/.local/lib/python3.10/site-packages/airflow/example_dags/example_short_circuit_decorator.py
[2024-02-06T22:03:54.071+0100] {processor.py:830} INFO - Processing file /home/ubuntu/.local/lib/python3.10/site-packages/airflow/example_dags/example_short_circuit_decorator.py for tasks to queue
[2024-02-06T22:03:54.073+0100] {logging_mixin.py:188} INFO - [2024-02-06T22:03:54.072+0100] {dagbag.py:538} INFO - Filling up the DagBag from /home/ubuntu/.local/lib/python3.10/site-packages/airflow/example_dags/example_short_circuit_decorator.py
[2024-02-06T22:03:54.098+0100] {processor.py:840} INFO - DAG(s) 'example_short_circuit_decorator' retrieved from /home/ubuntu/.local/lib/python3.10/site-packages/airflow/example_dags/example_short_circuit_decorator.py
[2024-02-06T22:03:54.199+0100] {logging_mixin.py:188} INFO - [2024-02-06T22:03:54.199+0100] {dag.py:3036} INFO - Sync 1 DAGs
[2024-02-06T22:03:54.226+0100] {logging_mixin.py:188} INFO - [2024-02-06T22:03:54.226+0100] {dag.py:3823} INFO - Setting next_dagrun for example_short_circuit_decorator to 2024-02-05 00:00:00+00:00, run_after=2024-02-06 00:00:00+00:00
[2024-02-06T22:03:54.301+0100] {processor.py:183} INFO - Processing /home/ubuntu/.local/lib/python3.10/site-packages/airflow/example_dags/example_short_circuit_decorator.py took 0.248 seconds
[2024-02-06T22:06:19.869+0100] {processor.py:161} INFO - Started process (PID=37445) to work on /home/ubuntu/.local/lib/python3.10/site-packages/airflow/example_dags/example_short_circuit_decorator.py
[2024-02-06T22:06:19.876+0100] {processor.py:830} INFO - Processing file /home/ubuntu/.local/lib/python3.10/site-packages/airflow/example_dags/example_short_circuit_decorator.py for tasks to queue
[2024-02-06T22:06:19.879+0100] {logging_mixin.py:188} INFO - [2024-02-06T22:06:19.877+0100] {dagbag.py:538} INFO - Filling up the DagBag from /home/ubuntu/.local/lib/python3.10/site-packages/airflow/example_dags/example_short_circuit_decorator.py
[2024-02-06T22:06:19.921+0100] {processor.py:840} INFO - DAG(s) 'example_short_circuit_decorator' retrieved from /home/ubuntu/.local/lib/python3.10/site-packages/airflow/example_dags/example_short_circuit_decorator.py
[2024-02-06T22:06:20.420+0100] {logging_mixin.py:188} INFO - [2024-02-06T22:06:20.419+0100] {dag.py:3036} INFO - Sync 1 DAGs
[2024-02-06T22:06:20.476+0100] {logging_mixin.py:188} INFO - [2024-02-06T22:06:20.476+0100] {dag.py:3823} INFO - Setting next_dagrun for example_short_circuit_decorator to 2024-02-05 00:00:00+00:00, run_after=2024-02-06 00:00:00+00:00
[2024-02-06T22:06:20.547+0100] {processor.py:183} INFO - Processing /home/ubuntu/.local/lib/python3.10/site-packages/airflow/example_dags/example_short_circuit_decorator.py took 0.698 seconds
[2024-02-06T22:07:41.061+0100] {processor.py:161} INFO - Started process (PID=38178) to work on /home/ubuntu/.local/lib/python3.10/site-packages/airflow/example_dags/example_short_circuit_decorator.py
[2024-02-06T22:07:41.064+0100] {processor.py:830} INFO - Processing file /home/ubuntu/.local/lib/python3.10/site-packages/airflow/example_dags/example_short_circuit_decorator.py for tasks to queue
[2024-02-06T22:07:41.067+0100] {logging_mixin.py:188} INFO - [2024-02-06T22:07:41.065+0100] {dagbag.py:538} INFO - Filling up the DagBag from /home/ubuntu/.local/lib/python3.10/site-packages/airflow/example_dags/example_short_circuit_decorator.py
[2024-02-06T22:07:41.092+0100] {processor.py:840} INFO - DAG(s) 'example_short_circuit_decorator' retrieved from /home/ubuntu/.local/lib/python3.10/site-packages/airflow/example_dags/example_short_circuit_decorator.py
[2024-02-06T22:07:41.134+0100] {logging_mixin.py:188} INFO - [2024-02-06T22:07:41.134+0100] {dag.py:3036} INFO - Sync 1 DAGs
[2024-02-06T22:07:41.179+0100] {logging_mixin.py:188} INFO - [2024-02-06T22:07:41.179+0100] {dag.py:3823} INFO - Setting next_dagrun for example_short_circuit_decorator to 2024-02-05 00:00:00+00:00, run_after=2024-02-06 00:00:00+00:00
[2024-02-06T22:07:41.243+0100] {processor.py:183} INFO - Processing /home/ubuntu/.local/lib/python3.10/site-packages/airflow/example_dags/example_short_circuit_decorator.py took 0.188 seconds
[2024-02-06T22:10:46.006+0100] {processor.py:161} INFO - Started process (PID=39133) to work on /home/ubuntu/.local/lib/python3.10/site-packages/airflow/example_dags/example_short_circuit_decorator.py
[2024-02-06T22:10:46.009+0100] {processor.py:830} INFO - Processing file /home/ubuntu/.local/lib/python3.10/site-packages/airflow/example_dags/example_short_circuit_decorator.py for tasks to queue
[2024-02-06T22:10:46.011+0100] {logging_mixin.py:188} INFO - [2024-02-06T22:10:46.010+0100] {dagbag.py:538} INFO - Filling up the DagBag from /home/ubuntu/.local/lib/python3.10/site-packages/airflow/example_dags/example_short_circuit_decorator.py
[2024-02-06T22:10:46.030+0100] {processor.py:840} INFO - DAG(s) 'example_short_circuit_decorator' retrieved from /home/ubuntu/.local/lib/python3.10/site-packages/airflow/example_dags/example_short_circuit_decorator.py
[2024-02-06T22:10:46.199+0100] {logging_mixin.py:188} INFO - [2024-02-06T22:10:46.198+0100] {dag.py:3036} INFO - Sync 1 DAGs
[2024-02-06T22:10:46.224+0100] {logging_mixin.py:188} INFO - [2024-02-06T22:10:46.224+0100] {dag.py:3823} INFO - Setting next_dagrun for example_short_circuit_decorator to 2024-02-05 00:00:00+00:00, run_after=2024-02-06 00:00:00+00:00
[2024-02-06T22:10:46.281+0100] {processor.py:183} INFO - Processing /home/ubuntu/.local/lib/python3.10/site-packages/airflow/example_dags/example_short_circuit_decorator.py took 0.286 seconds
[2024-02-06T22:13:11.906+0100] {processor.py:161} INFO - Started process (PID=40055) to work on /home/ubuntu/.local/lib/python3.10/site-packages/airflow/example_dags/example_short_circuit_decorator.py
[2024-02-06T22:13:11.917+0100] {processor.py:830} INFO - Processing file /home/ubuntu/.local/lib/python3.10/site-packages/airflow/example_dags/example_short_circuit_decorator.py for tasks to queue
[2024-02-06T22:13:11.920+0100] {logging_mixin.py:188} INFO - [2024-02-06T22:13:11.919+0100] {dagbag.py:538} INFO - Filling up the DagBag from /home/ubuntu/.local/lib/python3.10/site-packages/airflow/example_dags/example_short_circuit_decorator.py
[2024-02-06T22:13:11.951+0100] {processor.py:840} INFO - DAG(s) 'example_short_circuit_decorator' retrieved from /home/ubuntu/.local/lib/python3.10/site-packages/airflow/example_dags/example_short_circuit_decorator.py
[2024-02-06T22:13:12.358+0100] {logging_mixin.py:188} INFO - [2024-02-06T22:13:12.358+0100] {dag.py:3036} INFO - Sync 1 DAGs
[2024-02-06T22:13:12.398+0100] {logging_mixin.py:188} INFO - [2024-02-06T22:13:12.398+0100] {dag.py:3823} INFO - Setting next_dagrun for example_short_circuit_decorator to 2024-02-05 00:00:00+00:00, run_after=2024-02-06 00:00:00+00:00
[2024-02-06T22:13:12.472+0100] {processor.py:183} INFO - Processing /home/ubuntu/.local/lib/python3.10/site-packages/airflow/example_dags/example_short_circuit_decorator.py took 0.610 seconds
[2024-02-06T22:14:43.287+0100] {processor.py:161} INFO - Started process (PID=41043) to work on /home/ubuntu/.local/lib/python3.10/site-packages/airflow/example_dags/example_short_circuit_decorator.py
[2024-02-06T22:14:43.303+0100] {processor.py:830} INFO - Processing file /home/ubuntu/.local/lib/python3.10/site-packages/airflow/example_dags/example_short_circuit_decorator.py for tasks to queue
[2024-02-06T22:14:43.306+0100] {logging_mixin.py:188} INFO - [2024-02-06T22:14:43.305+0100] {dagbag.py:538} INFO - Filling up the DagBag from /home/ubuntu/.local/lib/python3.10/site-packages/airflow/example_dags/example_short_circuit_decorator.py
[2024-02-06T22:14:43.358+0100] {processor.py:840} INFO - DAG(s) 'example_short_circuit_decorator' retrieved from /home/ubuntu/.local/lib/python3.10/site-packages/airflow/example_dags/example_short_circuit_decorator.py
[2024-02-06T22:14:43.424+0100] {logging_mixin.py:188} INFO - [2024-02-06T22:14:43.424+0100] {dag.py:3036} INFO - Sync 1 DAGs
[2024-02-06T22:14:43.479+0100] {logging_mixin.py:188} INFO - [2024-02-06T22:14:43.478+0100] {dag.py:3823} INFO - Setting next_dagrun for example_short_circuit_decorator to 2024-02-05 00:00:00+00:00, run_after=2024-02-06 00:00:00+00:00
[2024-02-06T22:14:43.902+0100] {processor.py:183} INFO - Processing /home/ubuntu/.local/lib/python3.10/site-packages/airflow/example_dags/example_short_circuit_decorator.py took 0.625 seconds
[2024-02-06T22:26:16.147+0100] {processor.py:161} INFO - Started process (PID=49250) to work on /home/ubuntu/.local/lib/python3.10/site-packages/airflow/example_dags/example_short_circuit_decorator.py
[2024-02-06T22:26:16.156+0100] {processor.py:830} INFO - Processing file /home/ubuntu/.local/lib/python3.10/site-packages/airflow/example_dags/example_short_circuit_decorator.py for tasks to queue
[2024-02-06T22:26:16.159+0100] {logging_mixin.py:188} INFO - [2024-02-06T22:26:16.158+0100] {dagbag.py:538} INFO - Filling up the DagBag from /home/ubuntu/.local/lib/python3.10/site-packages/airflow/example_dags/example_short_circuit_decorator.py
[2024-02-06T22:26:16.183+0100] {processor.py:840} INFO - DAG(s) 'example_short_circuit_decorator' retrieved from /home/ubuntu/.local/lib/python3.10/site-packages/airflow/example_dags/example_short_circuit_decorator.py
[2024-02-06T22:26:16.297+0100] {logging_mixin.py:188} INFO - [2024-02-06T22:26:16.292+0100] {dag.py:3036} INFO - Sync 1 DAGs
[2024-02-06T22:26:16.404+0100] {logging_mixin.py:188} INFO - [2024-02-06T22:26:16.403+0100] {dag.py:3823} INFO - Setting next_dagrun for example_short_circuit_decorator to 2024-02-05 00:00:00+00:00, run_after=2024-02-06 00:00:00+00:00
[2024-02-06T22:26:16.502+0100] {processor.py:183} INFO - Processing /home/ubuntu/.local/lib/python3.10/site-packages/airflow/example_dags/example_short_circuit_decorator.py took 0.362 seconds
[2024-02-06T22:28:02.173+0100] {processor.py:161} INFO - Started process (PID=50161) to work on /home/ubuntu/.local/lib/python3.10/site-packages/airflow/example_dags/example_short_circuit_decorator.py
[2024-02-06T22:28:02.184+0100] {processor.py:830} INFO - Processing file /home/ubuntu/.local/lib/python3.10/site-packages/airflow/example_dags/example_short_circuit_decorator.py for tasks to queue
[2024-02-06T22:28:02.189+0100] {logging_mixin.py:188} INFO - [2024-02-06T22:28:02.187+0100] {dagbag.py:538} INFO - Filling up the DagBag from /home/ubuntu/.local/lib/python3.10/site-packages/airflow/example_dags/example_short_circuit_decorator.py
[2024-02-06T22:28:02.220+0100] {processor.py:840} INFO - DAG(s) 'example_short_circuit_decorator' retrieved from /home/ubuntu/.local/lib/python3.10/site-packages/airflow/example_dags/example_short_circuit_decorator.py
[2024-02-06T22:28:02.397+0100] {logging_mixin.py:188} INFO - [2024-02-06T22:28:02.396+0100] {dag.py:3036} INFO - Sync 1 DAGs
[2024-02-06T22:28:02.433+0100] {logging_mixin.py:188} INFO - [2024-02-06T22:28:02.432+0100] {dag.py:3823} INFO - Setting next_dagrun for example_short_circuit_decorator to 2024-02-05 00:00:00+00:00, run_after=2024-02-06 00:00:00+00:00
[2024-02-06T22:28:02.522+0100] {processor.py:183} INFO - Processing /home/ubuntu/.local/lib/python3.10/site-packages/airflow/example_dags/example_short_circuit_decorator.py took 0.355 seconds
[2024-02-06T22:35:22.767+0100] {processor.py:161} INFO - Started process (PID=55644) to work on /home/ubuntu/.local/lib/python3.10/site-packages/airflow/example_dags/example_short_circuit_decorator.py
[2024-02-06T22:35:22.771+0100] {processor.py:830} INFO - Processing file /home/ubuntu/.local/lib/python3.10/site-packages/airflow/example_dags/example_short_circuit_decorator.py for tasks to queue
[2024-02-06T22:35:22.777+0100] {logging_mixin.py:188} INFO - [2024-02-06T22:35:22.775+0100] {dagbag.py:538} INFO - Filling up the DagBag from /home/ubuntu/.local/lib/python3.10/site-packages/airflow/example_dags/example_short_circuit_decorator.py
[2024-02-06T22:35:22.821+0100] {processor.py:840} INFO - DAG(s) 'example_short_circuit_decorator' retrieved from /home/ubuntu/.local/lib/python3.10/site-packages/airflow/example_dags/example_short_circuit_decorator.py
[2024-02-06T22:35:22.884+0100] {logging_mixin.py:188} INFO - [2024-02-06T22:35:22.884+0100] {dag.py:3036} INFO - Sync 1 DAGs
[2024-02-06T22:35:22.914+0100] {logging_mixin.py:188} INFO - [2024-02-06T22:35:22.914+0100] {dag.py:3823} INFO - Setting next_dagrun for example_short_circuit_decorator to 2024-02-05 00:00:00+00:00, run_after=2024-02-06 00:00:00+00:00
[2024-02-06T22:35:22.960+0100] {processor.py:183} INFO - Processing /home/ubuntu/.local/lib/python3.10/site-packages/airflow/example_dags/example_short_circuit_decorator.py took 0.199 seconds
[2024-02-06T23:14:17.999+0100] {processor.py:161} INFO - Started process (PID=64056) to work on /home/ubuntu/.local/lib/python3.10/site-packages/airflow/example_dags/example_short_circuit_decorator.py
[2024-02-06T23:14:18.006+0100] {processor.py:830} INFO - Processing file /home/ubuntu/.local/lib/python3.10/site-packages/airflow/example_dags/example_short_circuit_decorator.py for tasks to queue
[2024-02-06T23:14:18.008+0100] {logging_mixin.py:188} INFO - [2024-02-06T23:14:18.007+0100] {dagbag.py:538} INFO - Filling up the DagBag from /home/ubuntu/.local/lib/python3.10/site-packages/airflow/example_dags/example_short_circuit_decorator.py
[2024-02-06T23:14:18.028+0100] {processor.py:840} INFO - DAG(s) 'example_short_circuit_decorator' retrieved from /home/ubuntu/.local/lib/python3.10/site-packages/airflow/example_dags/example_short_circuit_decorator.py
[2024-02-06T23:14:18.269+0100] {logging_mixin.py:188} INFO - [2024-02-06T23:14:18.269+0100] {dag.py:3036} INFO - Sync 1 DAGs
[2024-02-06T23:14:18.314+0100] {logging_mixin.py:188} INFO - [2024-02-06T23:14:18.313+0100] {dag.py:3823} INFO - Setting next_dagrun for example_short_circuit_decorator to 2024-02-05 00:00:00+00:00, run_after=2024-02-06 00:00:00+00:00
[2024-02-06T23:14:18.367+0100] {processor.py:183} INFO - Processing /home/ubuntu/.local/lib/python3.10/site-packages/airflow/example_dags/example_short_circuit_decorator.py took 0.375 seconds
[2024-02-06T23:29:28.701+0100] {processor.py:161} INFO - Started process (PID=72348) to work on /home/ubuntu/.local/lib/python3.10/site-packages/airflow/example_dags/example_short_circuit_decorator.py
[2024-02-06T23:29:28.729+0100] {processor.py:830} INFO - Processing file /home/ubuntu/.local/lib/python3.10/site-packages/airflow/example_dags/example_short_circuit_decorator.py for tasks to queue
[2024-02-06T23:29:28.740+0100] {logging_mixin.py:188} INFO - [2024-02-06T23:29:28.736+0100] {dagbag.py:538} INFO - Filling up the DagBag from /home/ubuntu/.local/lib/python3.10/site-packages/airflow/example_dags/example_short_circuit_decorator.py
[2024-02-06T23:29:28.857+0100] {processor.py:840} INFO - DAG(s) 'example_short_circuit_decorator' retrieved from /home/ubuntu/.local/lib/python3.10/site-packages/airflow/example_dags/example_short_circuit_decorator.py
[2024-02-06T23:29:31.577+0100] {logging_mixin.py:188} INFO - [2024-02-06T23:29:31.577+0100] {dag.py:3036} INFO - Sync 1 DAGs
[2024-02-06T23:29:31.645+0100] {logging_mixin.py:188} INFO - [2024-02-06T23:29:31.644+0100] {dag.py:3823} INFO - Setting next_dagrun for example_short_circuit_decorator to 2024-02-05 00:00:00+00:00, run_after=2024-02-06 00:00:00+00:00
[2024-02-06T23:29:32.022+0100] {processor.py:183} INFO - Processing /home/ubuntu/.local/lib/python3.10/site-packages/airflow/example_dags/example_short_circuit_decorator.py took 3.330 seconds
