[2024-02-06T21:28:25.515+0100] {processor.py:161} INFO - Started process (PID=23825) to work on /home/ubuntu/.local/lib/python3.10/site-packages/airflow/example_dags/example_external_task_marker_dag.py
[2024-02-06T21:28:25.517+0100] {processor.py:830} INFO - Processing file /home/ubuntu/.local/lib/python3.10/site-packages/airflow/example_dags/example_external_task_marker_dag.py for tasks to queue
[2024-02-06T21:28:25.519+0100] {logging_mixin.py:188} INFO - [2024-02-06T21:28:25.518+0100] {dagbag.py:538} INFO - Filling up the DagBag from /home/ubuntu/.local/lib/python3.10/site-packages/airflow/example_dags/example_external_task_marker_dag.py
[2024-02-06T21:28:25.534+0100] {processor.py:840} INFO - DAG(s) 'example_external_task_marker_parent', 'example_external_task_marker_child' retrieved from /home/ubuntu/.local/lib/python3.10/site-packages/airflow/example_dags/example_external_task_marker_dag.py
[2024-02-06T21:28:26.507+0100] {logging_mixin.py:188} INFO - [2024-02-06T21:28:26.505+0100] {dag.py:3036} INFO - Sync 2 DAGs
[2024-02-06T21:28:26.532+0100] {logging_mixin.py:188} INFO - [2024-02-06T21:28:26.532+0100] {dag.py:3823} INFO - Setting next_dagrun for example_external_task_marker_child to None, run_after=None
[2024-02-06T21:28:26.539+0100] {logging_mixin.py:188} INFO - [2024-02-06T21:28:26.539+0100] {dag.py:3823} INFO - Setting next_dagrun for example_external_task_marker_parent to None, run_after=None
[2024-02-06T21:28:26.617+0100] {processor.py:183} INFO - Processing /home/ubuntu/.local/lib/python3.10/site-packages/airflow/example_dags/example_external_task_marker_dag.py took 1.108 seconds
[2024-02-06T21:29:50.127+0100] {processor.py:161} INFO - Started process (PID=24540) to work on /home/ubuntu/.local/lib/python3.10/site-packages/airflow/example_dags/example_external_task_marker_dag.py
[2024-02-06T21:29:50.130+0100] {processor.py:830} INFO - Processing file /home/ubuntu/.local/lib/python3.10/site-packages/airflow/example_dags/example_external_task_marker_dag.py for tasks to queue
[2024-02-06T21:29:50.133+0100] {logging_mixin.py:188} INFO - [2024-02-06T21:29:50.132+0100] {dagbag.py:538} INFO - Filling up the DagBag from /home/ubuntu/.local/lib/python3.10/site-packages/airflow/example_dags/example_external_task_marker_dag.py
[2024-02-06T21:29:50.149+0100] {processor.py:840} INFO - DAG(s) 'example_external_task_marker_child', 'example_external_task_marker_parent' retrieved from /home/ubuntu/.local/lib/python3.10/site-packages/airflow/example_dags/example_external_task_marker_dag.py
[2024-02-06T21:29:50.195+0100] {logging_mixin.py:188} INFO - [2024-02-06T21:29:50.194+0100] {dag.py:3036} INFO - Sync 2 DAGs
[2024-02-06T21:29:50.243+0100] {logging_mixin.py:188} INFO - [2024-02-06T21:29:50.242+0100] {dag.py:3823} INFO - Setting next_dagrun for example_external_task_marker_child to None, run_after=None
[2024-02-06T21:29:50.251+0100] {logging_mixin.py:188} INFO - [2024-02-06T21:29:50.251+0100] {dag.py:3823} INFO - Setting next_dagrun for example_external_task_marker_parent to None, run_after=None
[2024-02-06T21:29:50.333+0100] {processor.py:183} INFO - Processing /home/ubuntu/.local/lib/python3.10/site-packages/airflow/example_dags/example_external_task_marker_dag.py took 0.214 seconds
[2024-02-06T21:31:27.899+0100] {processor.py:161} INFO - Started process (PID=24996) to work on /home/ubuntu/.local/lib/python3.10/site-packages/airflow/example_dags/example_external_task_marker_dag.py
[2024-02-06T21:31:27.906+0100] {processor.py:830} INFO - Processing file /home/ubuntu/.local/lib/python3.10/site-packages/airflow/example_dags/example_external_task_marker_dag.py for tasks to queue
[2024-02-06T21:31:27.909+0100] {logging_mixin.py:188} INFO - [2024-02-06T21:31:27.907+0100] {dagbag.py:538} INFO - Filling up the DagBag from /home/ubuntu/.local/lib/python3.10/site-packages/airflow/example_dags/example_external_task_marker_dag.py
[2024-02-06T21:31:27.931+0100] {processor.py:840} INFO - DAG(s) 'example_external_task_marker_child', 'example_external_task_marker_parent' retrieved from /home/ubuntu/.local/lib/python3.10/site-packages/airflow/example_dags/example_external_task_marker_dag.py
[2024-02-06T21:31:28.053+0100] {logging_mixin.py:188} INFO - [2024-02-06T21:31:28.052+0100] {dag.py:3036} INFO - Sync 2 DAGs
[2024-02-06T21:31:28.145+0100] {logging_mixin.py:188} INFO - [2024-02-06T21:31:28.144+0100] {dag.py:3823} INFO - Setting next_dagrun for example_external_task_marker_child to None, run_after=None
[2024-02-06T21:31:28.150+0100] {logging_mixin.py:188} INFO - [2024-02-06T21:31:28.150+0100] {dag.py:3823} INFO - Setting next_dagrun for example_external_task_marker_parent to None, run_after=None
[2024-02-06T21:31:28.245+0100] {processor.py:183} INFO - Processing /home/ubuntu/.local/lib/python3.10/site-packages/airflow/example_dags/example_external_task_marker_dag.py took 0.359 seconds
[2024-02-06T21:32:41.521+0100] {processor.py:161} INFO - Started process (PID=25239) to work on /home/ubuntu/.local/lib/python3.10/site-packages/airflow/example_dags/example_external_task_marker_dag.py
[2024-02-06T21:32:41.575+0100] {processor.py:830} INFO - Processing file /home/ubuntu/.local/lib/python3.10/site-packages/airflow/example_dags/example_external_task_marker_dag.py for tasks to queue
[2024-02-06T21:32:41.577+0100] {logging_mixin.py:188} INFO - [2024-02-06T21:32:41.576+0100] {dagbag.py:538} INFO - Filling up the DagBag from /home/ubuntu/.local/lib/python3.10/site-packages/airflow/example_dags/example_external_task_marker_dag.py
[2024-02-06T21:32:41.638+0100] {processor.py:840} INFO - DAG(s) 'example_external_task_marker_child', 'example_external_task_marker_parent' retrieved from /home/ubuntu/.local/lib/python3.10/site-packages/airflow/example_dags/example_external_task_marker_dag.py
[2024-02-06T21:32:41.744+0100] {logging_mixin.py:188} INFO - [2024-02-06T21:32:41.743+0100] {dag.py:3036} INFO - Sync 2 DAGs
[2024-02-06T21:32:41.782+0100] {logging_mixin.py:188} INFO - [2024-02-06T21:32:41.781+0100] {dag.py:3823} INFO - Setting next_dagrun for example_external_task_marker_child to None, run_after=None
[2024-02-06T21:32:41.803+0100] {logging_mixin.py:188} INFO - [2024-02-06T21:32:41.802+0100] {dag.py:3823} INFO - Setting next_dagrun for example_external_task_marker_parent to None, run_after=None
[2024-02-06T21:32:41.963+0100] {processor.py:183} INFO - Processing /home/ubuntu/.local/lib/python3.10/site-packages/airflow/example_dags/example_external_task_marker_dag.py took 0.471 seconds
[2024-02-06T21:40:42.027+0100] {processor.py:161} INFO - Started process (PID=27808) to work on /home/ubuntu/.local/lib/python3.10/site-packages/airflow/example_dags/example_external_task_marker_dag.py
[2024-02-06T21:40:42.040+0100] {processor.py:830} INFO - Processing file /home/ubuntu/.local/lib/python3.10/site-packages/airflow/example_dags/example_external_task_marker_dag.py for tasks to queue
[2024-02-06T21:40:42.042+0100] {logging_mixin.py:188} INFO - [2024-02-06T21:40:42.041+0100] {dagbag.py:538} INFO - Filling up the DagBag from /home/ubuntu/.local/lib/python3.10/site-packages/airflow/example_dags/example_external_task_marker_dag.py
[2024-02-06T21:40:42.058+0100] {processor.py:840} INFO - DAG(s) 'example_external_task_marker_child', 'example_external_task_marker_parent' retrieved from /home/ubuntu/.local/lib/python3.10/site-packages/airflow/example_dags/example_external_task_marker_dag.py
[2024-02-06T21:40:42.361+0100] {logging_mixin.py:188} INFO - [2024-02-06T21:40:42.360+0100] {dag.py:3036} INFO - Sync 2 DAGs
[2024-02-06T21:40:42.385+0100] {logging_mixin.py:188} INFO - [2024-02-06T21:40:42.384+0100] {dag.py:3823} INFO - Setting next_dagrun for example_external_task_marker_child to None, run_after=None
[2024-02-06T21:40:42.392+0100] {logging_mixin.py:188} INFO - [2024-02-06T21:40:42.391+0100] {dag.py:3823} INFO - Setting next_dagrun for example_external_task_marker_parent to None, run_after=None
[2024-02-06T21:40:42.478+0100] {processor.py:183} INFO - Processing /home/ubuntu/.local/lib/python3.10/site-packages/airflow/example_dags/example_external_task_marker_dag.py took 0.460 seconds
[2024-02-06T21:41:20.582+0100] {processor.py:161} INFO - Started process (PID=27965) to work on /home/ubuntu/.local/lib/python3.10/site-packages/airflow/example_dags/example_external_task_marker_dag.py
[2024-02-06T21:41:20.588+0100] {processor.py:830} INFO - Processing file /home/ubuntu/.local/lib/python3.10/site-packages/airflow/example_dags/example_external_task_marker_dag.py for tasks to queue
[2024-02-06T21:41:20.591+0100] {logging_mixin.py:188} INFO - [2024-02-06T21:41:20.590+0100] {dagbag.py:538} INFO - Filling up the DagBag from /home/ubuntu/.local/lib/python3.10/site-packages/airflow/example_dags/example_external_task_marker_dag.py
[2024-02-06T21:41:20.609+0100] {processor.py:840} INFO - DAG(s) 'example_external_task_marker_parent', 'example_external_task_marker_child' retrieved from /home/ubuntu/.local/lib/python3.10/site-packages/airflow/example_dags/example_external_task_marker_dag.py
[2024-02-06T21:41:20.655+0100] {logging_mixin.py:188} INFO - [2024-02-06T21:41:20.654+0100] {dag.py:3036} INFO - Sync 2 DAGs
[2024-02-06T21:41:20.741+0100] {logging_mixin.py:188} INFO - [2024-02-06T21:41:20.740+0100] {dag.py:3823} INFO - Setting next_dagrun for example_external_task_marker_child to None, run_after=None
[2024-02-06T21:41:20.757+0100] {logging_mixin.py:188} INFO - [2024-02-06T21:41:20.756+0100] {dag.py:3823} INFO - Setting next_dagrun for example_external_task_marker_parent to None, run_after=None
[2024-02-06T21:41:21.122+0100] {processor.py:183} INFO - Processing /home/ubuntu/.local/lib/python3.10/site-packages/airflow/example_dags/example_external_task_marker_dag.py took 0.549 seconds
[2024-02-06T21:41:57.030+0100] {processor.py:161} INFO - Started process (PID=28190) to work on /home/ubuntu/.local/lib/python3.10/site-packages/airflow/example_dags/example_external_task_marker_dag.py
[2024-02-06T21:41:57.033+0100] {processor.py:830} INFO - Processing file /home/ubuntu/.local/lib/python3.10/site-packages/airflow/example_dags/example_external_task_marker_dag.py for tasks to queue
[2024-02-06T21:41:57.035+0100] {logging_mixin.py:188} INFO - [2024-02-06T21:41:57.034+0100] {dagbag.py:538} INFO - Filling up the DagBag from /home/ubuntu/.local/lib/python3.10/site-packages/airflow/example_dags/example_external_task_marker_dag.py
[2024-02-06T21:41:57.055+0100] {processor.py:840} INFO - DAG(s) 'example_external_task_marker_child', 'example_external_task_marker_parent' retrieved from /home/ubuntu/.local/lib/python3.10/site-packages/airflow/example_dags/example_external_task_marker_dag.py
[2024-02-06T21:41:57.101+0100] {logging_mixin.py:188} INFO - [2024-02-06T21:41:57.101+0100] {dag.py:3036} INFO - Sync 2 DAGs
[2024-02-06T21:41:57.132+0100] {logging_mixin.py:188} INFO - [2024-02-06T21:41:57.131+0100] {dag.py:3823} INFO - Setting next_dagrun for example_external_task_marker_child to None, run_after=None
[2024-02-06T21:41:57.137+0100] {logging_mixin.py:188} INFO - [2024-02-06T21:41:57.137+0100] {dag.py:3823} INFO - Setting next_dagrun for example_external_task_marker_parent to None, run_after=None
[2024-02-06T21:41:57.182+0100] {processor.py:183} INFO - Processing /home/ubuntu/.local/lib/python3.10/site-packages/airflow/example_dags/example_external_task_marker_dag.py took 0.162 seconds
[2024-02-06T21:42:52.942+0100] {processor.py:161} INFO - Started process (PID=28505) to work on /home/ubuntu/.local/lib/python3.10/site-packages/airflow/example_dags/example_external_task_marker_dag.py
[2024-02-06T21:42:52.946+0100] {processor.py:830} INFO - Processing file /home/ubuntu/.local/lib/python3.10/site-packages/airflow/example_dags/example_external_task_marker_dag.py for tasks to queue
[2024-02-06T21:42:52.948+0100] {logging_mixin.py:188} INFO - [2024-02-06T21:42:52.947+0100] {dagbag.py:538} INFO - Filling up the DagBag from /home/ubuntu/.local/lib/python3.10/site-packages/airflow/example_dags/example_external_task_marker_dag.py
[2024-02-06T21:42:52.967+0100] {processor.py:840} INFO - DAG(s) 'example_external_task_marker_child', 'example_external_task_marker_parent' retrieved from /home/ubuntu/.local/lib/python3.10/site-packages/airflow/example_dags/example_external_task_marker_dag.py
[2024-02-06T21:42:53.004+0100] {logging_mixin.py:188} INFO - [2024-02-06T21:42:53.003+0100] {dag.py:3036} INFO - Sync 2 DAGs
[2024-02-06T21:42:53.021+0100] {logging_mixin.py:188} INFO - [2024-02-06T21:42:53.020+0100] {dag.py:3823} INFO - Setting next_dagrun for example_external_task_marker_child to None, run_after=None
[2024-02-06T21:42:53.026+0100] {logging_mixin.py:188} INFO - [2024-02-06T21:42:53.026+0100] {dag.py:3823} INFO - Setting next_dagrun for example_external_task_marker_parent to None, run_after=None
[2024-02-06T21:42:53.071+0100] {processor.py:183} INFO - Processing /home/ubuntu/.local/lib/python3.10/site-packages/airflow/example_dags/example_external_task_marker_dag.py took 0.135 seconds
[2024-02-06T21:43:13.364+0100] {processor.py:161} INFO - Started process (PID=28663) to work on /home/ubuntu/.local/lib/python3.10/site-packages/airflow/example_dags/example_external_task_marker_dag.py
[2024-02-06T21:43:13.366+0100] {processor.py:830} INFO - Processing file /home/ubuntu/.local/lib/python3.10/site-packages/airflow/example_dags/example_external_task_marker_dag.py for tasks to queue
[2024-02-06T21:43:13.368+0100] {logging_mixin.py:188} INFO - [2024-02-06T21:43:13.367+0100] {dagbag.py:538} INFO - Filling up the DagBag from /home/ubuntu/.local/lib/python3.10/site-packages/airflow/example_dags/example_external_task_marker_dag.py
[2024-02-06T21:43:13.381+0100] {processor.py:840} INFO - DAG(s) 'example_external_task_marker_child', 'example_external_task_marker_parent' retrieved from /home/ubuntu/.local/lib/python3.10/site-packages/airflow/example_dags/example_external_task_marker_dag.py
[2024-02-06T21:43:13.416+0100] {logging_mixin.py:188} INFO - [2024-02-06T21:43:13.416+0100] {dag.py:3036} INFO - Sync 2 DAGs
[2024-02-06T21:43:13.434+0100] {logging_mixin.py:188} INFO - [2024-02-06T21:43:13.432+0100] {dag.py:3823} INFO - Setting next_dagrun for example_external_task_marker_child to None, run_after=None
[2024-02-06T21:43:13.444+0100] {logging_mixin.py:188} INFO - [2024-02-06T21:43:13.444+0100] {dag.py:3823} INFO - Setting next_dagrun for example_external_task_marker_parent to None, run_after=None
[2024-02-06T21:43:13.495+0100] {processor.py:183} INFO - Processing /home/ubuntu/.local/lib/python3.10/site-packages/airflow/example_dags/example_external_task_marker_dag.py took 0.139 seconds
[2024-02-06T21:44:02.193+0100] {processor.py:161} INFO - Started process (PID=28929) to work on /home/ubuntu/.local/lib/python3.10/site-packages/airflow/example_dags/example_external_task_marker_dag.py
[2024-02-06T21:44:02.204+0100] {processor.py:830} INFO - Processing file /home/ubuntu/.local/lib/python3.10/site-packages/airflow/example_dags/example_external_task_marker_dag.py for tasks to queue
[2024-02-06T21:44:02.205+0100] {logging_mixin.py:188} INFO - [2024-02-06T21:44:02.204+0100] {dagbag.py:538} INFO - Filling up the DagBag from /home/ubuntu/.local/lib/python3.10/site-packages/airflow/example_dags/example_external_task_marker_dag.py
[2024-02-06T21:44:02.217+0100] {processor.py:840} INFO - DAG(s) 'example_external_task_marker_parent', 'example_external_task_marker_child' retrieved from /home/ubuntu/.local/lib/python3.10/site-packages/airflow/example_dags/example_external_task_marker_dag.py
[2024-02-06T21:44:02.248+0100] {logging_mixin.py:188} INFO - [2024-02-06T21:44:02.248+0100] {dag.py:3036} INFO - Sync 2 DAGs
[2024-02-06T21:44:02.267+0100] {logging_mixin.py:188} INFO - [2024-02-06T21:44:02.266+0100] {dag.py:3823} INFO - Setting next_dagrun for example_external_task_marker_child to None, run_after=None
[2024-02-06T21:44:02.272+0100] {logging_mixin.py:188} INFO - [2024-02-06T21:44:02.272+0100] {dag.py:3823} INFO - Setting next_dagrun for example_external_task_marker_parent to None, run_after=None
[2024-02-06T21:44:02.329+0100] {processor.py:183} INFO - Processing /home/ubuntu/.local/lib/python3.10/site-packages/airflow/example_dags/example_external_task_marker_dag.py took 0.141 seconds
[2024-02-06T21:44:22.070+0100] {processor.py:161} INFO - Started process (PID=29006) to work on /home/ubuntu/.local/lib/python3.10/site-packages/airflow/example_dags/example_external_task_marker_dag.py
[2024-02-06T21:44:22.071+0100] {processor.py:830} INFO - Processing file /home/ubuntu/.local/lib/python3.10/site-packages/airflow/example_dags/example_external_task_marker_dag.py for tasks to queue
[2024-02-06T21:44:22.076+0100] {logging_mixin.py:188} INFO - [2024-02-06T21:44:22.074+0100] {dagbag.py:538} INFO - Filling up the DagBag from /home/ubuntu/.local/lib/python3.10/site-packages/airflow/example_dags/example_external_task_marker_dag.py
[2024-02-06T21:44:22.102+0100] {processor.py:840} INFO - DAG(s) 'example_external_task_marker_parent', 'example_external_task_marker_child' retrieved from /home/ubuntu/.local/lib/python3.10/site-packages/airflow/example_dags/example_external_task_marker_dag.py
[2024-02-06T21:44:22.163+0100] {logging_mixin.py:188} INFO - [2024-02-06T21:44:22.162+0100] {dag.py:3036} INFO - Sync 2 DAGs
[2024-02-06T21:44:22.194+0100] {logging_mixin.py:188} INFO - [2024-02-06T21:44:22.193+0100] {dag.py:3823} INFO - Setting next_dagrun for example_external_task_marker_child to None, run_after=None
[2024-02-06T21:44:22.201+0100] {logging_mixin.py:188} INFO - [2024-02-06T21:44:22.201+0100] {dag.py:3823} INFO - Setting next_dagrun for example_external_task_marker_parent to None, run_after=None
[2024-02-06T21:44:22.259+0100] {processor.py:183} INFO - Processing /home/ubuntu/.local/lib/python3.10/site-packages/airflow/example_dags/example_external_task_marker_dag.py took 0.197 seconds
[2024-02-06T21:45:18.924+0100] {processor.py:161} INFO - Started process (PID=29355) to work on /home/ubuntu/.local/lib/python3.10/site-packages/airflow/example_dags/example_external_task_marker_dag.py
[2024-02-06T21:45:18.928+0100] {processor.py:830} INFO - Processing file /home/ubuntu/.local/lib/python3.10/site-packages/airflow/example_dags/example_external_task_marker_dag.py for tasks to queue
[2024-02-06T21:45:18.931+0100] {logging_mixin.py:188} INFO - [2024-02-06T21:45:18.930+0100] {dagbag.py:538} INFO - Filling up the DagBag from /home/ubuntu/.local/lib/python3.10/site-packages/airflow/example_dags/example_external_task_marker_dag.py
[2024-02-06T21:45:18.933+0100] {processor.py:842} WARNING - No viable dags retrieved from /home/ubuntu/.local/lib/python3.10/site-packages/airflow/example_dags/example_external_task_marker_dag.py
[2024-02-06T21:45:18.946+0100] {processor.py:183} INFO - Processing /home/ubuntu/.local/lib/python3.10/site-packages/airflow/example_dags/example_external_task_marker_dag.py took 0.030 seconds
[2024-02-06T21:54:24.904+0100] {processor.py:161} INFO - Started process (PID=31255) to work on /home/ubuntu/.local/lib/python3.10/site-packages/airflow/example_dags/example_external_task_marker_dag.py
[2024-02-06T21:54:24.914+0100] {processor.py:830} INFO - Processing file /home/ubuntu/.local/lib/python3.10/site-packages/airflow/example_dags/example_external_task_marker_dag.py for tasks to queue
[2024-02-06T21:54:24.916+0100] {logging_mixin.py:188} INFO - [2024-02-06T21:54:24.915+0100] {dagbag.py:538} INFO - Filling up the DagBag from /home/ubuntu/.local/lib/python3.10/site-packages/airflow/example_dags/example_external_task_marker_dag.py
[2024-02-06T21:54:24.926+0100] {processor.py:840} INFO - DAG(s) 'example_external_task_marker_child', 'example_external_task_marker_parent' retrieved from /home/ubuntu/.local/lib/python3.10/site-packages/airflow/example_dags/example_external_task_marker_dag.py
[2024-02-06T21:54:25.103+0100] {logging_mixin.py:188} INFO - [2024-02-06T21:54:25.102+0100] {dag.py:3036} INFO - Sync 2 DAGs
[2024-02-06T21:54:25.122+0100] {logging_mixin.py:188} INFO - [2024-02-06T21:54:25.122+0100] {dag.py:3823} INFO - Setting next_dagrun for example_external_task_marker_child to None, run_after=None
[2024-02-06T21:54:25.126+0100] {logging_mixin.py:188} INFO - [2024-02-06T21:54:25.126+0100] {dag.py:3823} INFO - Setting next_dagrun for example_external_task_marker_parent to None, run_after=None
[2024-02-06T21:54:25.183+0100] {processor.py:183} INFO - Processing /home/ubuntu/.local/lib/python3.10/site-packages/airflow/example_dags/example_external_task_marker_dag.py took 0.284 seconds
[2024-02-06T21:55:54.178+0100] {processor.py:161} INFO - Started process (PID=32086) to work on /home/ubuntu/.local/lib/python3.10/site-packages/airflow/example_dags/example_external_task_marker_dag.py
[2024-02-06T21:55:54.183+0100] {processor.py:830} INFO - Processing file /home/ubuntu/.local/lib/python3.10/site-packages/airflow/example_dags/example_external_task_marker_dag.py for tasks to queue
[2024-02-06T21:55:54.185+0100] {logging_mixin.py:188} INFO - [2024-02-06T21:55:54.184+0100] {dagbag.py:538} INFO - Filling up the DagBag from /home/ubuntu/.local/lib/python3.10/site-packages/airflow/example_dags/example_external_task_marker_dag.py
[2024-02-06T21:55:54.208+0100] {processor.py:840} INFO - DAG(s) 'example_external_task_marker_parent', 'example_external_task_marker_child' retrieved from /home/ubuntu/.local/lib/python3.10/site-packages/airflow/example_dags/example_external_task_marker_dag.py
[2024-02-06T21:55:54.290+0100] {logging_mixin.py:188} INFO - [2024-02-06T21:55:54.286+0100] {dag.py:3036} INFO - Sync 2 DAGs
[2024-02-06T21:55:54.363+0100] {logging_mixin.py:188} INFO - [2024-02-06T21:55:54.363+0100] {dag.py:3823} INFO - Setting next_dagrun for example_external_task_marker_child to None, run_after=None
[2024-02-06T21:55:54.393+0100] {logging_mixin.py:188} INFO - [2024-02-06T21:55:54.393+0100] {dag.py:3823} INFO - Setting next_dagrun for example_external_task_marker_parent to None, run_after=None
[2024-02-06T21:55:54.610+0100] {processor.py:183} INFO - Processing /home/ubuntu/.local/lib/python3.10/site-packages/airflow/example_dags/example_external_task_marker_dag.py took 0.437 seconds
[2024-02-06T21:56:32.379+0100] {processor.py:161} INFO - Started process (PID=32428) to work on /home/ubuntu/.local/lib/python3.10/site-packages/airflow/example_dags/example_external_task_marker_dag.py
[2024-02-06T21:56:32.384+0100] {processor.py:830} INFO - Processing file /home/ubuntu/.local/lib/python3.10/site-packages/airflow/example_dags/example_external_task_marker_dag.py for tasks to queue
[2024-02-06T21:56:32.385+0100] {logging_mixin.py:188} INFO - [2024-02-06T21:56:32.384+0100] {dagbag.py:538} INFO - Filling up the DagBag from /home/ubuntu/.local/lib/python3.10/site-packages/airflow/example_dags/example_external_task_marker_dag.py
[2024-02-06T21:56:32.402+0100] {processor.py:840} INFO - DAG(s) 'example_external_task_marker_child', 'example_external_task_marker_parent' retrieved from /home/ubuntu/.local/lib/python3.10/site-packages/airflow/example_dags/example_external_task_marker_dag.py
[2024-02-06T21:56:32.442+0100] {logging_mixin.py:188} INFO - [2024-02-06T21:56:32.442+0100] {dag.py:3036} INFO - Sync 2 DAGs
[2024-02-06T21:56:32.465+0100] {logging_mixin.py:188} INFO - [2024-02-06T21:56:32.465+0100] {dag.py:3823} INFO - Setting next_dagrun for example_external_task_marker_child to None, run_after=None
[2024-02-06T21:56:32.474+0100] {logging_mixin.py:188} INFO - [2024-02-06T21:56:32.473+0100] {dag.py:3823} INFO - Setting next_dagrun for example_external_task_marker_parent to None, run_after=None
[2024-02-06T21:56:32.525+0100] {processor.py:183} INFO - Processing /home/ubuntu/.local/lib/python3.10/site-packages/airflow/example_dags/example_external_task_marker_dag.py took 0.151 seconds
[2024-02-06T21:57:11.870+0100] {processor.py:161} INFO - Started process (PID=32642) to work on /home/ubuntu/.local/lib/python3.10/site-packages/airflow/example_dags/example_external_task_marker_dag.py
[2024-02-06T21:57:11.901+0100] {processor.py:830} INFO - Processing file /home/ubuntu/.local/lib/python3.10/site-packages/airflow/example_dags/example_external_task_marker_dag.py for tasks to queue
[2024-02-06T21:57:11.941+0100] {logging_mixin.py:188} INFO - [2024-02-06T21:57:11.939+0100] {dagbag.py:538} INFO - Filling up the DagBag from /home/ubuntu/.local/lib/python3.10/site-packages/airflow/example_dags/example_external_task_marker_dag.py
[2024-02-06T21:57:12.032+0100] {processor.py:840} INFO - DAG(s) 'example_external_task_marker_child', 'example_external_task_marker_parent' retrieved from /home/ubuntu/.local/lib/python3.10/site-packages/airflow/example_dags/example_external_task_marker_dag.py
[2024-02-06T21:57:12.171+0100] {logging_mixin.py:188} INFO - [2024-02-06T21:57:12.170+0100] {dag.py:3036} INFO - Sync 2 DAGs
[2024-02-06T21:57:12.196+0100] {logging_mixin.py:188} INFO - [2024-02-06T21:57:12.195+0100] {dag.py:3823} INFO - Setting next_dagrun for example_external_task_marker_child to None, run_after=None
[2024-02-06T21:57:12.202+0100] {logging_mixin.py:188} INFO - [2024-02-06T21:57:12.201+0100] {dag.py:3823} INFO - Setting next_dagrun for example_external_task_marker_parent to None, run_after=None
[2024-02-06T21:57:12.381+0100] {processor.py:183} INFO - Processing /home/ubuntu/.local/lib/python3.10/site-packages/airflow/example_dags/example_external_task_marker_dag.py took 0.532 seconds
[2024-02-06T21:57:56.471+0100] {processor.py:161} INFO - Started process (PID=33111) to work on /home/ubuntu/.local/lib/python3.10/site-packages/airflow/example_dags/example_external_task_marker_dag.py
[2024-02-06T21:57:56.475+0100] {processor.py:830} INFO - Processing file /home/ubuntu/.local/lib/python3.10/site-packages/airflow/example_dags/example_external_task_marker_dag.py for tasks to queue
[2024-02-06T21:57:56.477+0100] {logging_mixin.py:188} INFO - [2024-02-06T21:57:56.476+0100] {dagbag.py:538} INFO - Filling up the DagBag from /home/ubuntu/.local/lib/python3.10/site-packages/airflow/example_dags/example_external_task_marker_dag.py
[2024-02-06T21:57:56.518+0100] {processor.py:840} INFO - DAG(s) 'example_external_task_marker_parent', 'example_external_task_marker_child' retrieved from /home/ubuntu/.local/lib/python3.10/site-packages/airflow/example_dags/example_external_task_marker_dag.py
[2024-02-06T21:57:56.596+0100] {logging_mixin.py:188} INFO - [2024-02-06T21:57:56.595+0100] {dag.py:3036} INFO - Sync 2 DAGs
[2024-02-06T21:57:56.651+0100] {logging_mixin.py:188} INFO - [2024-02-06T21:57:56.651+0100] {dag.py:3823} INFO - Setting next_dagrun for example_external_task_marker_child to None, run_after=None
[2024-02-06T21:57:56.668+0100] {logging_mixin.py:188} INFO - [2024-02-06T21:57:56.668+0100] {dag.py:3823} INFO - Setting next_dagrun for example_external_task_marker_parent to None, run_after=None
[2024-02-06T21:57:56.761+0100] {processor.py:183} INFO - Processing /home/ubuntu/.local/lib/python3.10/site-packages/airflow/example_dags/example_external_task_marker_dag.py took 0.346 seconds
[2024-02-06T21:59:22.690+0100] {processor.py:161} INFO - Started process (PID=34009) to work on /home/ubuntu/.local/lib/python3.10/site-packages/airflow/example_dags/example_external_task_marker_dag.py
[2024-02-06T21:59:22.694+0100] {processor.py:830} INFO - Processing file /home/ubuntu/.local/lib/python3.10/site-packages/airflow/example_dags/example_external_task_marker_dag.py for tasks to queue
[2024-02-06T21:59:22.696+0100] {logging_mixin.py:188} INFO - [2024-02-06T21:59:22.695+0100] {dagbag.py:538} INFO - Filling up the DagBag from /home/ubuntu/.local/lib/python3.10/site-packages/airflow/example_dags/example_external_task_marker_dag.py
[2024-02-06T21:59:22.716+0100] {processor.py:840} INFO - DAG(s) 'example_external_task_marker_parent', 'example_external_task_marker_child' retrieved from /home/ubuntu/.local/lib/python3.10/site-packages/airflow/example_dags/example_external_task_marker_dag.py
[2024-02-06T21:59:23.096+0100] {logging_mixin.py:188} INFO - [2024-02-06T21:59:23.095+0100] {dag.py:3036} INFO - Sync 2 DAGs
[2024-02-06T21:59:23.141+0100] {logging_mixin.py:188} INFO - [2024-02-06T21:59:23.140+0100] {dag.py:3823} INFO - Setting next_dagrun for example_external_task_marker_child to None, run_after=None
[2024-02-06T21:59:23.152+0100] {logging_mixin.py:188} INFO - [2024-02-06T21:59:23.151+0100] {dag.py:3823} INFO - Setting next_dagrun for example_external_task_marker_parent to None, run_after=None
[2024-02-06T21:59:23.252+0100] {processor.py:183} INFO - Processing /home/ubuntu/.local/lib/python3.10/site-packages/airflow/example_dags/example_external_task_marker_dag.py took 0.570 seconds
[2024-02-06T21:59:34.420+0100] {processor.py:161} INFO - Started process (PID=34089) to work on /home/ubuntu/.local/lib/python3.10/site-packages/airflow/example_dags/example_external_task_marker_dag.py
[2024-02-06T21:59:34.423+0100] {processor.py:830} INFO - Processing file /home/ubuntu/.local/lib/python3.10/site-packages/airflow/example_dags/example_external_task_marker_dag.py for tasks to queue
[2024-02-06T21:59:34.425+0100] {logging_mixin.py:188} INFO - [2024-02-06T21:59:34.424+0100] {dagbag.py:538} INFO - Filling up the DagBag from /home/ubuntu/.local/lib/python3.10/site-packages/airflow/example_dags/example_external_task_marker_dag.py
[2024-02-06T21:59:34.440+0100] {processor.py:840} INFO - DAG(s) 'example_external_task_marker_parent', 'example_external_task_marker_child' retrieved from /home/ubuntu/.local/lib/python3.10/site-packages/airflow/example_dags/example_external_task_marker_dag.py
[2024-02-06T21:59:34.455+0100] {logging_mixin.py:188} INFO - [2024-02-06T21:59:34.454+0100] {dag.py:3036} INFO - Sync 2 DAGs
[2024-02-06T21:59:34.483+0100] {logging_mixin.py:188} INFO - [2024-02-06T21:59:34.483+0100] {dag.py:3823} INFO - Setting next_dagrun for example_external_task_marker_child to None, run_after=None
[2024-02-06T21:59:34.492+0100] {logging_mixin.py:188} INFO - [2024-02-06T21:59:34.491+0100] {dag.py:3823} INFO - Setting next_dagrun for example_external_task_marker_parent to None, run_after=None
[2024-02-06T21:59:34.578+0100] {processor.py:183} INFO - Processing /home/ubuntu/.local/lib/python3.10/site-packages/airflow/example_dags/example_external_task_marker_dag.py took 0.164 seconds
[2024-02-06T22:01:02.431+0100] {processor.py:161} INFO - Started process (PID=34829) to work on /home/ubuntu/.local/lib/python3.10/site-packages/airflow/example_dags/example_external_task_marker_dag.py
[2024-02-06T22:01:02.435+0100] {processor.py:830} INFO - Processing file /home/ubuntu/.local/lib/python3.10/site-packages/airflow/example_dags/example_external_task_marker_dag.py for tasks to queue
[2024-02-06T22:01:02.438+0100] {logging_mixin.py:188} INFO - [2024-02-06T22:01:02.436+0100] {dagbag.py:538} INFO - Filling up the DagBag from /home/ubuntu/.local/lib/python3.10/site-packages/airflow/example_dags/example_external_task_marker_dag.py
[2024-02-06T22:01:02.456+0100] {processor.py:840} INFO - DAG(s) 'example_external_task_marker_parent', 'example_external_task_marker_child' retrieved from /home/ubuntu/.local/lib/python3.10/site-packages/airflow/example_dags/example_external_task_marker_dag.py
[2024-02-06T22:01:02.504+0100] {logging_mixin.py:188} INFO - [2024-02-06T22:01:02.504+0100] {dag.py:3036} INFO - Sync 2 DAGs
[2024-02-06T22:01:02.522+0100] {logging_mixin.py:188} INFO - [2024-02-06T22:01:02.522+0100] {dag.py:3823} INFO - Setting next_dagrun for example_external_task_marker_child to None, run_after=None
[2024-02-06T22:01:02.528+0100] {logging_mixin.py:188} INFO - [2024-02-06T22:01:02.528+0100] {dag.py:3823} INFO - Setting next_dagrun for example_external_task_marker_parent to None, run_after=None
[2024-02-06T22:01:02.582+0100] {processor.py:183} INFO - Processing /home/ubuntu/.local/lib/python3.10/site-packages/airflow/example_dags/example_external_task_marker_dag.py took 0.163 seconds
[2024-02-06T22:01:07.144+0100] {processor.py:161} INFO - Started process (PID=34840) to work on /home/ubuntu/.local/lib/python3.10/site-packages/airflow/example_dags/example_external_task_marker_dag.py
[2024-02-06T22:01:07.146+0100] {processor.py:830} INFO - Processing file /home/ubuntu/.local/lib/python3.10/site-packages/airflow/example_dags/example_external_task_marker_dag.py for tasks to queue
[2024-02-06T22:01:07.149+0100] {logging_mixin.py:188} INFO - [2024-02-06T22:01:07.147+0100] {dagbag.py:538} INFO - Filling up the DagBag from /home/ubuntu/.local/lib/python3.10/site-packages/airflow/example_dags/example_external_task_marker_dag.py
[2024-02-06T22:01:07.165+0100] {processor.py:840} INFO - DAG(s) 'example_external_task_marker_child', 'example_external_task_marker_parent' retrieved from /home/ubuntu/.local/lib/python3.10/site-packages/airflow/example_dags/example_external_task_marker_dag.py
[2024-02-06T22:01:07.203+0100] {logging_mixin.py:188} INFO - [2024-02-06T22:01:07.202+0100] {dag.py:3036} INFO - Sync 2 DAGs
[2024-02-06T22:01:07.242+0100] {logging_mixin.py:188} INFO - [2024-02-06T22:01:07.241+0100] {dag.py:3823} INFO - Setting next_dagrun for example_external_task_marker_child to None, run_after=None
[2024-02-06T22:01:07.252+0100] {logging_mixin.py:188} INFO - [2024-02-06T22:01:07.252+0100] {dag.py:3823} INFO - Setting next_dagrun for example_external_task_marker_parent to None, run_after=None
[2024-02-06T22:01:07.364+0100] {processor.py:183} INFO - Processing /home/ubuntu/.local/lib/python3.10/site-packages/airflow/example_dags/example_external_task_marker_dag.py took 0.229 seconds
[2024-02-06T22:02:31.329+0100] {processor.py:161} INFO - Started process (PID=35534) to work on /home/ubuntu/.local/lib/python3.10/site-packages/airflow/example_dags/example_external_task_marker_dag.py
[2024-02-06T22:02:31.333+0100] {processor.py:830} INFO - Processing file /home/ubuntu/.local/lib/python3.10/site-packages/airflow/example_dags/example_external_task_marker_dag.py for tasks to queue
[2024-02-06T22:02:31.334+0100] {logging_mixin.py:188} INFO - [2024-02-06T22:02:31.334+0100] {dagbag.py:538} INFO - Filling up the DagBag from /home/ubuntu/.local/lib/python3.10/site-packages/airflow/example_dags/example_external_task_marker_dag.py
[2024-02-06T22:02:31.344+0100] {processor.py:840} INFO - DAG(s) 'example_external_task_marker_child', 'example_external_task_marker_parent' retrieved from /home/ubuntu/.local/lib/python3.10/site-packages/airflow/example_dags/example_external_task_marker_dag.py
[2024-02-06T22:02:31.391+0100] {logging_mixin.py:188} INFO - [2024-02-06T22:02:31.390+0100] {dag.py:3036} INFO - Sync 2 DAGs
[2024-02-06T22:02:31.410+0100] {logging_mixin.py:188} INFO - [2024-02-06T22:02:31.410+0100] {dag.py:3823} INFO - Setting next_dagrun for example_external_task_marker_child to None, run_after=None
[2024-02-06T22:02:31.417+0100] {logging_mixin.py:188} INFO - [2024-02-06T22:02:31.416+0100] {dag.py:3823} INFO - Setting next_dagrun for example_external_task_marker_parent to None, run_after=None
[2024-02-06T22:02:31.469+0100] {processor.py:183} INFO - Processing /home/ubuntu/.local/lib/python3.10/site-packages/airflow/example_dags/example_external_task_marker_dag.py took 0.145 seconds
[2024-02-06T22:02:33.221+0100] {processor.py:161} INFO - Started process (PID=35539) to work on /home/ubuntu/.local/lib/python3.10/site-packages/airflow/example_dags/example_external_task_marker_dag.py
[2024-02-06T22:02:33.224+0100] {processor.py:830} INFO - Processing file /home/ubuntu/.local/lib/python3.10/site-packages/airflow/example_dags/example_external_task_marker_dag.py for tasks to queue
[2024-02-06T22:02:33.233+0100] {logging_mixin.py:188} INFO - [2024-02-06T22:02:33.225+0100] {dagbag.py:538} INFO - Filling up the DagBag from /home/ubuntu/.local/lib/python3.10/site-packages/airflow/example_dags/example_external_task_marker_dag.py
[2024-02-06T22:02:33.255+0100] {processor.py:840} INFO - DAG(s) 'example_external_task_marker_parent', 'example_external_task_marker_child' retrieved from /home/ubuntu/.local/lib/python3.10/site-packages/airflow/example_dags/example_external_task_marker_dag.py
[2024-02-06T22:02:33.341+0100] {logging_mixin.py:188} INFO - [2024-02-06T22:02:33.341+0100] {dag.py:3036} INFO - Sync 2 DAGs
[2024-02-06T22:02:33.435+0100] {logging_mixin.py:188} INFO - [2024-02-06T22:02:33.435+0100] {dag.py:3823} INFO - Setting next_dagrun for example_external_task_marker_child to None, run_after=None
[2024-02-06T22:02:33.442+0100] {logging_mixin.py:188} INFO - [2024-02-06T22:02:33.441+0100] {dag.py:3823} INFO - Setting next_dagrun for example_external_task_marker_parent to None, run_after=None
[2024-02-06T22:02:33.542+0100] {processor.py:183} INFO - Processing /home/ubuntu/.local/lib/python3.10/site-packages/airflow/example_dags/example_external_task_marker_dag.py took 0.333 seconds
[2024-02-06T22:04:16.427+0100] {processor.py:161} INFO - Started process (PID=36614) to work on /home/ubuntu/.local/lib/python3.10/site-packages/airflow/example_dags/example_external_task_marker_dag.py
[2024-02-06T22:04:16.437+0100] {processor.py:830} INFO - Processing file /home/ubuntu/.local/lib/python3.10/site-packages/airflow/example_dags/example_external_task_marker_dag.py for tasks to queue
[2024-02-06T22:04:16.453+0100] {logging_mixin.py:188} INFO - [2024-02-06T22:04:16.442+0100] {dagbag.py:538} INFO - Filling up the DagBag from /home/ubuntu/.local/lib/python3.10/site-packages/airflow/example_dags/example_external_task_marker_dag.py
[2024-02-06T22:04:16.542+0100] {processor.py:840} INFO - DAG(s) 'example_external_task_marker_child', 'example_external_task_marker_parent' retrieved from /home/ubuntu/.local/lib/python3.10/site-packages/airflow/example_dags/example_external_task_marker_dag.py
[2024-02-06T22:04:16.817+0100] {logging_mixin.py:188} INFO - [2024-02-06T22:04:16.815+0100] {dag.py:3036} INFO - Sync 2 DAGs
[2024-02-06T22:04:16.897+0100] {logging_mixin.py:188} INFO - [2024-02-06T22:04:16.896+0100] {dag.py:3823} INFO - Setting next_dagrun for example_external_task_marker_child to None, run_after=None
[2024-02-06T22:04:16.915+0100] {logging_mixin.py:188} INFO - [2024-02-06T22:04:16.915+0100] {dag.py:3823} INFO - Setting next_dagrun for example_external_task_marker_parent to None, run_after=None
[2024-02-06T22:04:17.045+0100] {processor.py:183} INFO - Processing /home/ubuntu/.local/lib/python3.10/site-packages/airflow/example_dags/example_external_task_marker_dag.py took 0.640 seconds
[2024-02-06T22:06:41.409+0100] {processor.py:161} INFO - Started process (PID=37633) to work on /home/ubuntu/.local/lib/python3.10/site-packages/airflow/example_dags/example_external_task_marker_dag.py
[2024-02-06T22:06:41.438+0100] {processor.py:830} INFO - Processing file /home/ubuntu/.local/lib/python3.10/site-packages/airflow/example_dags/example_external_task_marker_dag.py for tasks to queue
[2024-02-06T22:06:41.441+0100] {logging_mixin.py:188} INFO - [2024-02-06T22:06:41.440+0100] {dagbag.py:538} INFO - Filling up the DagBag from /home/ubuntu/.local/lib/python3.10/site-packages/airflow/example_dags/example_external_task_marker_dag.py
[2024-02-06T22:06:41.467+0100] {processor.py:840} INFO - DAG(s) 'example_external_task_marker_child', 'example_external_task_marker_parent' retrieved from /home/ubuntu/.local/lib/python3.10/site-packages/airflow/example_dags/example_external_task_marker_dag.py
[2024-02-06T22:06:41.701+0100] {logging_mixin.py:188} INFO - [2024-02-06T22:06:41.701+0100] {dag.py:3036} INFO - Sync 2 DAGs
[2024-02-06T22:06:41.732+0100] {logging_mixin.py:188} INFO - [2024-02-06T22:06:41.731+0100] {dag.py:3823} INFO - Setting next_dagrun for example_external_task_marker_child to None, run_after=None
[2024-02-06T22:06:41.741+0100] {logging_mixin.py:188} INFO - [2024-02-06T22:06:41.737+0100] {dag.py:3823} INFO - Setting next_dagrun for example_external_task_marker_parent to None, run_after=None
[2024-02-06T22:06:41.797+0100] {processor.py:183} INFO - Processing /home/ubuntu/.local/lib/python3.10/site-packages/airflow/example_dags/example_external_task_marker_dag.py took 0.406 seconds
[2024-02-06T22:11:05.706+0100] {processor.py:161} INFO - Started process (PID=39298) to work on /home/ubuntu/.local/lib/python3.10/site-packages/airflow/example_dags/example_external_task_marker_dag.py
[2024-02-06T22:11:05.717+0100] {processor.py:830} INFO - Processing file /home/ubuntu/.local/lib/python3.10/site-packages/airflow/example_dags/example_external_task_marker_dag.py for tasks to queue
[2024-02-06T22:11:05.720+0100] {logging_mixin.py:188} INFO - [2024-02-06T22:11:05.719+0100] {dagbag.py:538} INFO - Filling up the DagBag from /home/ubuntu/.local/lib/python3.10/site-packages/airflow/example_dags/example_external_task_marker_dag.py
[2024-02-06T22:11:05.737+0100] {processor.py:840} INFO - DAG(s) 'example_external_task_marker_child', 'example_external_task_marker_parent' retrieved from /home/ubuntu/.local/lib/python3.10/site-packages/airflow/example_dags/example_external_task_marker_dag.py
[2024-02-06T22:11:06.094+0100] {logging_mixin.py:188} INFO - [2024-02-06T22:11:06.093+0100] {dag.py:3036} INFO - Sync 2 DAGs
[2024-02-06T22:11:06.122+0100] {logging_mixin.py:188} INFO - [2024-02-06T22:11:06.122+0100] {dag.py:3823} INFO - Setting next_dagrun for example_external_task_marker_child to None, run_after=None
[2024-02-06T22:11:06.127+0100] {logging_mixin.py:188} INFO - [2024-02-06T22:11:06.127+0100] {dag.py:3823} INFO - Setting next_dagrun for example_external_task_marker_parent to None, run_after=None
[2024-02-06T22:11:06.257+0100] {processor.py:183} INFO - Processing /home/ubuntu/.local/lib/python3.10/site-packages/airflow/example_dags/example_external_task_marker_dag.py took 0.579 seconds
[2024-02-06T22:13:27.584+0100] {processor.py:161} INFO - Started process (PID=40231) to work on /home/ubuntu/.local/lib/python3.10/site-packages/airflow/example_dags/example_external_task_marker_dag.py
[2024-02-06T22:13:27.588+0100] {processor.py:830} INFO - Processing file /home/ubuntu/.local/lib/python3.10/site-packages/airflow/example_dags/example_external_task_marker_dag.py for tasks to queue
[2024-02-06T22:13:27.591+0100] {logging_mixin.py:188} INFO - [2024-02-06T22:13:27.589+0100] {dagbag.py:538} INFO - Filling up the DagBag from /home/ubuntu/.local/lib/python3.10/site-packages/airflow/example_dags/example_external_task_marker_dag.py
[2024-02-06T22:13:27.624+0100] {processor.py:840} INFO - DAG(s) 'example_external_task_marker_child', 'example_external_task_marker_parent' retrieved from /home/ubuntu/.local/lib/python3.10/site-packages/airflow/example_dags/example_external_task_marker_dag.py
[2024-02-06T22:13:27.833+0100] {logging_mixin.py:188} INFO - [2024-02-06T22:13:27.833+0100] {dag.py:3036} INFO - Sync 2 DAGs
[2024-02-06T22:13:27.854+0100] {logging_mixin.py:188} INFO - [2024-02-06T22:13:27.854+0100] {dag.py:3823} INFO - Setting next_dagrun for example_external_task_marker_child to None, run_after=None
[2024-02-06T22:13:27.859+0100] {logging_mixin.py:188} INFO - [2024-02-06T22:13:27.858+0100] {dag.py:3823} INFO - Setting next_dagrun for example_external_task_marker_parent to None, run_after=None
[2024-02-06T22:13:27.912+0100] {processor.py:183} INFO - Processing /home/ubuntu/.local/lib/python3.10/site-packages/airflow/example_dags/example_external_task_marker_dag.py took 0.337 seconds
[2024-02-06T22:14:57.913+0100] {processor.py:161} INFO - Started process (PID=41224) to work on /home/ubuntu/.local/lib/python3.10/site-packages/airflow/example_dags/example_external_task_marker_dag.py
[2024-02-06T22:14:57.916+0100] {processor.py:830} INFO - Processing file /home/ubuntu/.local/lib/python3.10/site-packages/airflow/example_dags/example_external_task_marker_dag.py for tasks to queue
[2024-02-06T22:14:57.918+0100] {logging_mixin.py:188} INFO - [2024-02-06T22:14:57.918+0100] {dagbag.py:538} INFO - Filling up the DagBag from /home/ubuntu/.local/lib/python3.10/site-packages/airflow/example_dags/example_external_task_marker_dag.py
[2024-02-06T22:14:57.931+0100] {processor.py:840} INFO - DAG(s) 'example_external_task_marker_child', 'example_external_task_marker_parent' retrieved from /home/ubuntu/.local/lib/python3.10/site-packages/airflow/example_dags/example_external_task_marker_dag.py
[2024-02-06T22:14:57.966+0100] {logging_mixin.py:188} INFO - [2024-02-06T22:14:57.965+0100] {dag.py:3036} INFO - Sync 2 DAGs
[2024-02-06T22:14:57.986+0100] {logging_mixin.py:188} INFO - [2024-02-06T22:14:57.986+0100] {dag.py:3823} INFO - Setting next_dagrun for example_external_task_marker_child to None, run_after=None
[2024-02-06T22:14:57.994+0100] {logging_mixin.py:188} INFO - [2024-02-06T22:14:57.994+0100] {dag.py:3823} INFO - Setting next_dagrun for example_external_task_marker_parent to None, run_after=None
[2024-02-06T22:14:58.075+0100] {processor.py:183} INFO - Processing /home/ubuntu/.local/lib/python3.10/site-packages/airflow/example_dags/example_external_task_marker_dag.py took 0.169 seconds
[2024-02-06T22:26:34.861+0100] {processor.py:161} INFO - Started process (PID=49423) to work on /home/ubuntu/.local/lib/python3.10/site-packages/airflow/example_dags/example_external_task_marker_dag.py
[2024-02-06T22:26:34.876+0100] {processor.py:830} INFO - Processing file /home/ubuntu/.local/lib/python3.10/site-packages/airflow/example_dags/example_external_task_marker_dag.py for tasks to queue
[2024-02-06T22:26:34.880+0100] {logging_mixin.py:188} INFO - [2024-02-06T22:26:34.878+0100] {dagbag.py:538} INFO - Filling up the DagBag from /home/ubuntu/.local/lib/python3.10/site-packages/airflow/example_dags/example_external_task_marker_dag.py
[2024-02-06T22:26:34.986+0100] {processor.py:840} INFO - DAG(s) 'example_external_task_marker_parent', 'example_external_task_marker_child' retrieved from /home/ubuntu/.local/lib/python3.10/site-packages/airflow/example_dags/example_external_task_marker_dag.py
[2024-02-06T22:26:35.683+0100] {logging_mixin.py:188} INFO - [2024-02-06T22:26:35.682+0100] {dag.py:3036} INFO - Sync 2 DAGs
[2024-02-06T22:26:35.780+0100] {logging_mixin.py:188} INFO - [2024-02-06T22:26:35.779+0100] {dag.py:3823} INFO - Setting next_dagrun for example_external_task_marker_child to None, run_after=None
[2024-02-06T22:26:35.996+0100] {logging_mixin.py:188} INFO - [2024-02-06T22:26:35.995+0100] {dag.py:3823} INFO - Setting next_dagrun for example_external_task_marker_parent to None, run_after=None
[2024-02-06T22:26:36.133+0100] {processor.py:183} INFO - Processing /home/ubuntu/.local/lib/python3.10/site-packages/airflow/example_dags/example_external_task_marker_dag.py took 1.358 seconds
[2024-02-06T22:28:25.115+0100] {processor.py:161} INFO - Started process (PID=50399) to work on /home/ubuntu/.local/lib/python3.10/site-packages/airflow/example_dags/example_external_task_marker_dag.py
[2024-02-06T22:28:25.162+0100] {processor.py:830} INFO - Processing file /home/ubuntu/.local/lib/python3.10/site-packages/airflow/example_dags/example_external_task_marker_dag.py for tasks to queue
[2024-02-06T22:28:25.163+0100] {logging_mixin.py:188} INFO - [2024-02-06T22:28:25.163+0100] {dagbag.py:538} INFO - Filling up the DagBag from /home/ubuntu/.local/lib/python3.10/site-packages/airflow/example_dags/example_external_task_marker_dag.py
[2024-02-06T22:28:25.185+0100] {processor.py:840} INFO - DAG(s) 'example_external_task_marker_child', 'example_external_task_marker_parent' retrieved from /home/ubuntu/.local/lib/python3.10/site-packages/airflow/example_dags/example_external_task_marker_dag.py
[2024-02-06T22:28:25.619+0100] {logging_mixin.py:188} INFO - [2024-02-06T22:28:25.619+0100] {dag.py:3036} INFO - Sync 2 DAGs
[2024-02-06T22:28:25.656+0100] {logging_mixin.py:188} INFO - [2024-02-06T22:28:25.655+0100] {dag.py:3823} INFO - Setting next_dagrun for example_external_task_marker_child to None, run_after=None
[2024-02-06T22:28:25.685+0100] {logging_mixin.py:188} INFO - [2024-02-06T22:28:25.684+0100] {dag.py:3823} INFO - Setting next_dagrun for example_external_task_marker_parent to None, run_after=None
[2024-02-06T22:28:25.863+0100] {processor.py:183} INFO - Processing /home/ubuntu/.local/lib/python3.10/site-packages/airflow/example_dags/example_external_task_marker_dag.py took 0.759 seconds
[2024-02-06T22:35:42.053+0100] {processor.py:161} INFO - Started process (PID=55769) to work on /home/ubuntu/.local/lib/python3.10/site-packages/airflow/example_dags/example_external_task_marker_dag.py
[2024-02-06T22:35:42.076+0100] {processor.py:830} INFO - Processing file /home/ubuntu/.local/lib/python3.10/site-packages/airflow/example_dags/example_external_task_marker_dag.py for tasks to queue
[2024-02-06T22:35:42.079+0100] {logging_mixin.py:188} INFO - [2024-02-06T22:35:42.077+0100] {dagbag.py:538} INFO - Filling up the DagBag from /home/ubuntu/.local/lib/python3.10/site-packages/airflow/example_dags/example_external_task_marker_dag.py
[2024-02-06T22:35:42.098+0100] {processor.py:840} INFO - DAG(s) 'example_external_task_marker_child', 'example_external_task_marker_parent' retrieved from /home/ubuntu/.local/lib/python3.10/site-packages/airflow/example_dags/example_external_task_marker_dag.py
[2024-02-06T22:35:42.227+0100] {logging_mixin.py:188} INFO - [2024-02-06T22:35:42.226+0100] {dag.py:3036} INFO - Sync 2 DAGs
[2024-02-06T22:35:42.289+0100] {logging_mixin.py:188} INFO - [2024-02-06T22:35:42.288+0100] {dag.py:3823} INFO - Setting next_dagrun for example_external_task_marker_child to None, run_after=None
[2024-02-06T22:35:42.380+0100] {logging_mixin.py:188} INFO - [2024-02-06T22:35:42.379+0100] {dag.py:3823} INFO - Setting next_dagrun for example_external_task_marker_parent to None, run_after=None
[2024-02-06T22:35:42.707+0100] {processor.py:183} INFO - Processing /home/ubuntu/.local/lib/python3.10/site-packages/airflow/example_dags/example_external_task_marker_dag.py took 0.708 seconds
[2024-02-06T23:14:35.165+0100] {processor.py:161} INFO - Started process (PID=64239) to work on /home/ubuntu/.local/lib/python3.10/site-packages/airflow/example_dags/example_external_task_marker_dag.py
[2024-02-06T23:14:35.183+0100] {processor.py:830} INFO - Processing file /home/ubuntu/.local/lib/python3.10/site-packages/airflow/example_dags/example_external_task_marker_dag.py for tasks to queue
[2024-02-06T23:14:35.185+0100] {logging_mixin.py:188} INFO - [2024-02-06T23:14:35.184+0100] {dagbag.py:538} INFO - Filling up the DagBag from /home/ubuntu/.local/lib/python3.10/site-packages/airflow/example_dags/example_external_task_marker_dag.py
[2024-02-06T23:14:35.267+0100] {processor.py:840} INFO - DAG(s) 'example_external_task_marker_child', 'example_external_task_marker_parent' retrieved from /home/ubuntu/.local/lib/python3.10/site-packages/airflow/example_dags/example_external_task_marker_dag.py
[2024-02-06T23:14:35.792+0100] {logging_mixin.py:188} INFO - [2024-02-06T23:14:35.791+0100] {dag.py:3036} INFO - Sync 2 DAGs
[2024-02-06T23:14:35.904+0100] {logging_mixin.py:188} INFO - [2024-02-06T23:14:35.904+0100] {dag.py:3823} INFO - Setting next_dagrun for example_external_task_marker_child to None, run_after=None
[2024-02-06T23:14:35.912+0100] {logging_mixin.py:188} INFO - [2024-02-06T23:14:35.911+0100] {dag.py:3823} INFO - Setting next_dagrun for example_external_task_marker_parent to None, run_after=None
[2024-02-06T23:14:36.034+0100] {processor.py:183} INFO - Processing /home/ubuntu/.local/lib/python3.10/site-packages/airflow/example_dags/example_external_task_marker_dag.py took 0.877 seconds
[2024-02-06T23:30:02.478+0100] {processor.py:161} INFO - Started process (PID=72715) to work on /home/ubuntu/.local/lib/python3.10/site-packages/airflow/example_dags/example_external_task_marker_dag.py
[2024-02-06T23:30:02.507+0100] {processor.py:830} INFO - Processing file /home/ubuntu/.local/lib/python3.10/site-packages/airflow/example_dags/example_external_task_marker_dag.py for tasks to queue
[2024-02-06T23:30:02.510+0100] {logging_mixin.py:188} INFO - [2024-02-06T23:30:02.509+0100] {dagbag.py:538} INFO - Filling up the DagBag from /home/ubuntu/.local/lib/python3.10/site-packages/airflow/example_dags/example_external_task_marker_dag.py
[2024-02-06T23:30:02.709+0100] {processor.py:840} INFO - DAG(s) 'example_external_task_marker_parent', 'example_external_task_marker_child' retrieved from /home/ubuntu/.local/lib/python3.10/site-packages/airflow/example_dags/example_external_task_marker_dag.py
[2024-02-06T23:30:03.392+0100] {logging_mixin.py:188} INFO - [2024-02-06T23:30:03.391+0100] {dag.py:3036} INFO - Sync 2 DAGs
[2024-02-06T23:30:03.492+0100] {logging_mixin.py:188} INFO - [2024-02-06T23:30:03.491+0100] {dag.py:3823} INFO - Setting next_dagrun for example_external_task_marker_child to None, run_after=None
[2024-02-06T23:30:03.509+0100] {logging_mixin.py:188} INFO - [2024-02-06T23:30:03.509+0100] {dag.py:3823} INFO - Setting next_dagrun for example_external_task_marker_parent to None, run_after=None
[2024-02-06T23:30:03.895+0100] {processor.py:183} INFO - Processing /home/ubuntu/.local/lib/python3.10/site-packages/airflow/example_dags/example_external_task_marker_dag.py took 1.531 seconds
