[2024-02-06T21:28:07.609+0100] {processor.py:161} INFO - Started process (PID=23590) to work on /home/ubuntu/.local/lib/python3.10/site-packages/airflow/example_dags/example_setup_teardown.py
[2024-02-06T21:28:07.613+0100] {processor.py:830} INFO - Processing file /home/ubuntu/.local/lib/python3.10/site-packages/airflow/example_dags/example_setup_teardown.py for tasks to queue
[2024-02-06T21:28:07.615+0100] {logging_mixin.py:188} INFO - [2024-02-06T21:28:07.614+0100] {dagbag.py:538} INFO - Filling up the DagBag from /home/ubuntu/.local/lib/python3.10/site-packages/airflow/example_dags/example_setup_teardown.py
[2024-02-06T21:28:07.678+0100] {processor.py:840} INFO - DAG(s) 'example_setup_teardown' retrieved from /home/ubuntu/.local/lib/python3.10/site-packages/airflow/example_dags/example_setup_teardown.py
[2024-02-06T21:28:08.084+0100] {logging_mixin.py:188} INFO - [2024-02-06T21:28:08.084+0100] {dag.py:3036} INFO - Sync 1 DAGs
[2024-02-06T21:28:08.154+0100] {logging_mixin.py:188} INFO - [2024-02-06T21:28:08.152+0100] {dag.py:3823} INFO - Setting next_dagrun for example_setup_teardown to 2024-02-05 00:00:00+00:00, run_after=2024-02-06 00:00:00+00:00
[2024-02-06T21:28:08.328+0100] {processor.py:183} INFO - Processing /home/ubuntu/.local/lib/python3.10/site-packages/airflow/example_dags/example_setup_teardown.py took 0.723 seconds
[2024-02-06T21:29:21.865+0100] {processor.py:161} INFO - Started process (PID=24319) to work on /home/ubuntu/.local/lib/python3.10/site-packages/airflow/example_dags/example_setup_teardown.py
[2024-02-06T21:29:21.926+0100] {processor.py:830} INFO - Processing file /home/ubuntu/.local/lib/python3.10/site-packages/airflow/example_dags/example_setup_teardown.py for tasks to queue
[2024-02-06T21:29:21.929+0100] {logging_mixin.py:188} INFO - [2024-02-06T21:29:21.928+0100] {dagbag.py:538} INFO - Filling up the DagBag from /home/ubuntu/.local/lib/python3.10/site-packages/airflow/example_dags/example_setup_teardown.py
[2024-02-06T21:29:21.953+0100] {processor.py:840} INFO - DAG(s) 'example_setup_teardown' retrieved from /home/ubuntu/.local/lib/python3.10/site-packages/airflow/example_dags/example_setup_teardown.py
[2024-02-06T21:29:22.082+0100] {logging_mixin.py:188} INFO - [2024-02-06T21:29:22.081+0100] {dag.py:3036} INFO - Sync 1 DAGs
[2024-02-06T21:29:22.163+0100] {logging_mixin.py:188} INFO - [2024-02-06T21:29:22.163+0100] {dag.py:3823} INFO - Setting next_dagrun for example_setup_teardown to 2024-02-05 00:00:00+00:00, run_after=2024-02-06 00:00:00+00:00
[2024-02-06T21:29:22.358+0100] {processor.py:183} INFO - Processing /home/ubuntu/.local/lib/python3.10/site-packages/airflow/example_dags/example_setup_teardown.py took 0.503 seconds
[2024-02-06T21:31:11.227+0100] {processor.py:161} INFO - Started process (PID=24921) to work on /home/ubuntu/.local/lib/python3.10/site-packages/airflow/example_dags/example_setup_teardown.py
[2024-02-06T21:31:11.243+0100] {processor.py:830} INFO - Processing file /home/ubuntu/.local/lib/python3.10/site-packages/airflow/example_dags/example_setup_teardown.py for tasks to queue
[2024-02-06T21:31:11.250+0100] {logging_mixin.py:188} INFO - [2024-02-06T21:31:11.249+0100] {dagbag.py:538} INFO - Filling up the DagBag from /home/ubuntu/.local/lib/python3.10/site-packages/airflow/example_dags/example_setup_teardown.py
[2024-02-06T21:31:11.282+0100] {processor.py:840} INFO - DAG(s) 'example_setup_teardown' retrieved from /home/ubuntu/.local/lib/python3.10/site-packages/airflow/example_dags/example_setup_teardown.py
[2024-02-06T21:31:11.351+0100] {logging_mixin.py:188} INFO - [2024-02-06T21:31:11.351+0100] {dag.py:3036} INFO - Sync 1 DAGs
[2024-02-06T21:31:11.399+0100] {logging_mixin.py:188} INFO - [2024-02-06T21:31:11.399+0100] {dag.py:3823} INFO - Setting next_dagrun for example_setup_teardown to 2024-02-05 00:00:00+00:00, run_after=2024-02-06 00:00:00+00:00
[2024-02-06T21:31:11.581+0100] {processor.py:183} INFO - Processing /home/ubuntu/.local/lib/python3.10/site-packages/airflow/example_dags/example_setup_teardown.py took 0.384 seconds
[2024-02-06T21:32:18.289+0100] {processor.py:161} INFO - Started process (PID=25133) to work on /home/ubuntu/.local/lib/python3.10/site-packages/airflow/example_dags/example_setup_teardown.py
[2024-02-06T21:32:18.300+0100] {processor.py:830} INFO - Processing file /home/ubuntu/.local/lib/python3.10/site-packages/airflow/example_dags/example_setup_teardown.py for tasks to queue
[2024-02-06T21:32:18.302+0100] {logging_mixin.py:188} INFO - [2024-02-06T21:32:18.301+0100] {dagbag.py:538} INFO - Filling up the DagBag from /home/ubuntu/.local/lib/python3.10/site-packages/airflow/example_dags/example_setup_teardown.py
[2024-02-06T21:32:18.315+0100] {processor.py:840} INFO - DAG(s) 'example_setup_teardown' retrieved from /home/ubuntu/.local/lib/python3.10/site-packages/airflow/example_dags/example_setup_teardown.py
[2024-02-06T21:32:18.353+0100] {logging_mixin.py:188} INFO - [2024-02-06T21:32:18.353+0100] {dag.py:3036} INFO - Sync 1 DAGs
[2024-02-06T21:32:18.400+0100] {logging_mixin.py:188} INFO - [2024-02-06T21:32:18.400+0100] {dag.py:3823} INFO - Setting next_dagrun for example_setup_teardown to 2024-02-05 00:00:00+00:00, run_after=2024-02-06 00:00:00+00:00
[2024-02-06T21:32:18.452+0100] {processor.py:183} INFO - Processing /home/ubuntu/.local/lib/python3.10/site-packages/airflow/example_dags/example_setup_teardown.py took 0.168 seconds
[2024-02-06T21:33:37.285+0100] {processor.py:161} INFO - Started process (PID=25542) to work on /home/ubuntu/.local/lib/python3.10/site-packages/airflow/example_dags/example_setup_teardown.py
[2024-02-06T21:33:37.298+0100] {processor.py:830} INFO - Processing file /home/ubuntu/.local/lib/python3.10/site-packages/airflow/example_dags/example_setup_teardown.py for tasks to queue
[2024-02-06T21:33:37.306+0100] {logging_mixin.py:188} INFO - [2024-02-06T21:33:37.305+0100] {dagbag.py:538} INFO - Filling up the DagBag from /home/ubuntu/.local/lib/python3.10/site-packages/airflow/example_dags/example_setup_teardown.py
[2024-02-06T21:33:37.313+0100] {processor.py:842} WARNING - No viable dags retrieved from /home/ubuntu/.local/lib/python3.10/site-packages/airflow/example_dags/example_setup_teardown.py
[2024-02-06T21:33:37.350+0100] {processor.py:183} INFO - Processing /home/ubuntu/.local/lib/python3.10/site-packages/airflow/example_dags/example_setup_teardown.py took 0.070 seconds
[2024-02-06T21:40:30.355+0100] {processor.py:161} INFO - Started process (PID=27646) to work on /home/ubuntu/.local/lib/python3.10/site-packages/airflow/example_dags/example_setup_teardown.py
[2024-02-06T21:40:30.367+0100] {processor.py:830} INFO - Processing file /home/ubuntu/.local/lib/python3.10/site-packages/airflow/example_dags/example_setup_teardown.py for tasks to queue
[2024-02-06T21:40:30.370+0100] {logging_mixin.py:188} INFO - [2024-02-06T21:40:30.370+0100] {dagbag.py:538} INFO - Filling up the DagBag from /home/ubuntu/.local/lib/python3.10/site-packages/airflow/example_dags/example_setup_teardown.py
[2024-02-06T21:40:30.394+0100] {processor.py:840} INFO - DAG(s) 'example_setup_teardown' retrieved from /home/ubuntu/.local/lib/python3.10/site-packages/airflow/example_dags/example_setup_teardown.py
[2024-02-06T21:40:30.615+0100] {logging_mixin.py:188} INFO - [2024-02-06T21:40:30.614+0100] {dag.py:3036} INFO - Sync 1 DAGs
[2024-02-06T21:40:30.669+0100] {logging_mixin.py:188} INFO - [2024-02-06T21:40:30.668+0100] {dag.py:3823} INFO - Setting next_dagrun for example_setup_teardown to 2024-02-05 00:00:00+00:00, run_after=2024-02-06 00:00:00+00:00
[2024-02-06T21:40:30.723+0100] {processor.py:183} INFO - Processing /home/ubuntu/.local/lib/python3.10/site-packages/airflow/example_dags/example_setup_teardown.py took 0.377 seconds
[2024-02-06T21:41:08.884+0100] {processor.py:161} INFO - Started process (PID=27944) to work on /home/ubuntu/.local/lib/python3.10/site-packages/airflow/example_dags/example_setup_teardown.py
[2024-02-06T21:41:08.888+0100] {processor.py:830} INFO - Processing file /home/ubuntu/.local/lib/python3.10/site-packages/airflow/example_dags/example_setup_teardown.py for tasks to queue
[2024-02-06T21:41:08.889+0100] {logging_mixin.py:188} INFO - [2024-02-06T21:41:08.888+0100] {dagbag.py:538} INFO - Filling up the DagBag from /home/ubuntu/.local/lib/python3.10/site-packages/airflow/example_dags/example_setup_teardown.py
[2024-02-06T21:41:08.906+0100] {processor.py:840} INFO - DAG(s) 'example_setup_teardown' retrieved from /home/ubuntu/.local/lib/python3.10/site-packages/airflow/example_dags/example_setup_teardown.py
[2024-02-06T21:41:08.934+0100] {logging_mixin.py:188} INFO - [2024-02-06T21:41:08.933+0100] {dag.py:3036} INFO - Sync 1 DAGs
[2024-02-06T21:41:08.970+0100] {logging_mixin.py:188} INFO - [2024-02-06T21:41:08.968+0100] {dag.py:3823} INFO - Setting next_dagrun for example_setup_teardown to 2024-02-05 00:00:00+00:00, run_after=2024-02-06 00:00:00+00:00
[2024-02-06T21:41:09.031+0100] {processor.py:183} INFO - Processing /home/ubuntu/.local/lib/python3.10/site-packages/airflow/example_dags/example_setup_teardown.py took 0.156 seconds
[2024-02-06T21:41:47.277+0100] {processor.py:161} INFO - Started process (PID=28111) to work on /home/ubuntu/.local/lib/python3.10/site-packages/airflow/example_dags/example_setup_teardown.py
[2024-02-06T21:41:47.280+0100] {processor.py:830} INFO - Processing file /home/ubuntu/.local/lib/python3.10/site-packages/airflow/example_dags/example_setup_teardown.py for tasks to queue
[2024-02-06T21:41:47.284+0100] {logging_mixin.py:188} INFO - [2024-02-06T21:41:47.283+0100] {dagbag.py:538} INFO - Filling up the DagBag from /home/ubuntu/.local/lib/python3.10/site-packages/airflow/example_dags/example_setup_teardown.py
[2024-02-06T21:41:47.317+0100] {processor.py:840} INFO - DAG(s) 'example_setup_teardown' retrieved from /home/ubuntu/.local/lib/python3.10/site-packages/airflow/example_dags/example_setup_teardown.py
[2024-02-06T21:41:47.360+0100] {logging_mixin.py:188} INFO - [2024-02-06T21:41:47.359+0100] {dag.py:3036} INFO - Sync 1 DAGs
[2024-02-06T21:41:47.416+0100] {logging_mixin.py:188} INFO - [2024-02-06T21:41:47.415+0100] {dag.py:3823} INFO - Setting next_dagrun for example_setup_teardown to 2024-02-05 00:00:00+00:00, run_after=2024-02-06 00:00:00+00:00
[2024-02-06T21:41:47.488+0100] {processor.py:183} INFO - Processing /home/ubuntu/.local/lib/python3.10/site-packages/airflow/example_dags/example_setup_teardown.py took 0.219 seconds
[2024-02-06T21:42:22.267+0100] {processor.py:161} INFO - Started process (PID=28283) to work on /home/ubuntu/.local/lib/python3.10/site-packages/airflow/example_dags/example_setup_teardown.py
[2024-02-06T21:42:22.281+0100] {processor.py:830} INFO - Processing file /home/ubuntu/.local/lib/python3.10/site-packages/airflow/example_dags/example_setup_teardown.py for tasks to queue
[2024-02-06T21:42:22.288+0100] {logging_mixin.py:188} INFO - [2024-02-06T21:42:22.287+0100] {dagbag.py:538} INFO - Filling up the DagBag from /home/ubuntu/.local/lib/python3.10/site-packages/airflow/example_dags/example_setup_teardown.py
[2024-02-06T21:42:22.318+0100] {processor.py:840} INFO - DAG(s) 'example_setup_teardown' retrieved from /home/ubuntu/.local/lib/python3.10/site-packages/airflow/example_dags/example_setup_teardown.py
[2024-02-06T21:42:22.416+0100] {logging_mixin.py:188} INFO - [2024-02-06T21:42:22.415+0100] {dag.py:3036} INFO - Sync 1 DAGs
[2024-02-06T21:42:22.474+0100] {logging_mixin.py:188} INFO - [2024-02-06T21:42:22.473+0100] {dag.py:3823} INFO - Setting next_dagrun for example_setup_teardown to 2024-02-05 00:00:00+00:00, run_after=2024-02-06 00:00:00+00:00
[2024-02-06T21:42:22.560+0100] {processor.py:183} INFO - Processing /home/ubuntu/.local/lib/python3.10/site-packages/airflow/example_dags/example_setup_teardown.py took 0.314 seconds
[2024-02-06T21:43:03.456+0100] {processor.py:161} INFO - Started process (PID=28568) to work on /home/ubuntu/.local/lib/python3.10/site-packages/airflow/example_dags/example_setup_teardown.py
[2024-02-06T21:43:03.460+0100] {processor.py:830} INFO - Processing file /home/ubuntu/.local/lib/python3.10/site-packages/airflow/example_dags/example_setup_teardown.py for tasks to queue
[2024-02-06T21:43:03.462+0100] {logging_mixin.py:188} INFO - [2024-02-06T21:43:03.461+0100] {dagbag.py:538} INFO - Filling up the DagBag from /home/ubuntu/.local/lib/python3.10/site-packages/airflow/example_dags/example_setup_teardown.py
[2024-02-06T21:43:03.480+0100] {processor.py:840} INFO - DAG(s) 'example_setup_teardown' retrieved from /home/ubuntu/.local/lib/python3.10/site-packages/airflow/example_dags/example_setup_teardown.py
[2024-02-06T21:43:03.503+0100] {logging_mixin.py:188} INFO - [2024-02-06T21:43:03.503+0100] {dag.py:3036} INFO - Sync 1 DAGs
[2024-02-06T21:43:03.529+0100] {logging_mixin.py:188} INFO - [2024-02-06T21:43:03.529+0100] {dag.py:3823} INFO - Setting next_dagrun for example_setup_teardown to 2024-02-05 00:00:00+00:00, run_after=2024-02-06 00:00:00+00:00
[2024-02-06T21:43:03.591+0100] {processor.py:183} INFO - Processing /home/ubuntu/.local/lib/python3.10/site-packages/airflow/example_dags/example_setup_teardown.py took 0.140 seconds
[2024-02-06T21:43:38.653+0100] {processor.py:161} INFO - Started process (PID=28835) to work on /home/ubuntu/.local/lib/python3.10/site-packages/airflow/example_dags/example_setup_teardown.py
[2024-02-06T21:43:38.656+0100] {processor.py:830} INFO - Processing file /home/ubuntu/.local/lib/python3.10/site-packages/airflow/example_dags/example_setup_teardown.py for tasks to queue
[2024-02-06T21:43:38.659+0100] {logging_mixin.py:188} INFO - [2024-02-06T21:43:38.658+0100] {dagbag.py:538} INFO - Filling up the DagBag from /home/ubuntu/.local/lib/python3.10/site-packages/airflow/example_dags/example_setup_teardown.py
[2024-02-06T21:43:38.672+0100] {processor.py:840} INFO - DAG(s) 'example_setup_teardown' retrieved from /home/ubuntu/.local/lib/python3.10/site-packages/airflow/example_dags/example_setup_teardown.py
[2024-02-06T21:43:38.693+0100] {logging_mixin.py:188} INFO - [2024-02-06T21:43:38.693+0100] {dag.py:3036} INFO - Sync 1 DAGs
[2024-02-06T21:43:38.719+0100] {logging_mixin.py:188} INFO - [2024-02-06T21:43:38.719+0100] {dag.py:3823} INFO - Setting next_dagrun for example_setup_teardown to 2024-02-05 00:00:00+00:00, run_after=2024-02-06 00:00:00+00:00
[2024-02-06T21:43:38.776+0100] {processor.py:183} INFO - Processing /home/ubuntu/.local/lib/python3.10/site-packages/airflow/example_dags/example_setup_teardown.py took 0.129 seconds
[2024-02-06T21:44:08.503+0100] {processor.py:161} INFO - Started process (PID=28943) to work on /home/ubuntu/.local/lib/python3.10/site-packages/airflow/example_dags/example_setup_teardown.py
[2024-02-06T21:44:08.505+0100] {processor.py:830} INFO - Processing file /home/ubuntu/.local/lib/python3.10/site-packages/airflow/example_dags/example_setup_teardown.py for tasks to queue
[2024-02-06T21:44:08.507+0100] {logging_mixin.py:188} INFO - [2024-02-06T21:44:08.506+0100] {dagbag.py:538} INFO - Filling up the DagBag from /home/ubuntu/.local/lib/python3.10/site-packages/airflow/example_dags/example_setup_teardown.py
[2024-02-06T21:44:08.528+0100] {processor.py:840} INFO - DAG(s) 'example_setup_teardown' retrieved from /home/ubuntu/.local/lib/python3.10/site-packages/airflow/example_dags/example_setup_teardown.py
[2024-02-06T21:44:08.561+0100] {logging_mixin.py:188} INFO - [2024-02-06T21:44:08.561+0100] {dag.py:3036} INFO - Sync 1 DAGs
[2024-02-06T21:44:08.598+0100] {logging_mixin.py:188} INFO - [2024-02-06T21:44:08.598+0100] {dag.py:3823} INFO - Setting next_dagrun for example_setup_teardown to 2024-02-05 00:00:00+00:00, run_after=2024-02-06 00:00:00+00:00
[2024-02-06T21:44:08.684+0100] {processor.py:183} INFO - Processing /home/ubuntu/.local/lib/python3.10/site-packages/airflow/example_dags/example_setup_teardown.py took 0.189 seconds
[2024-02-06T21:44:53.561+0100] {processor.py:161} INFO - Started process (PID=29228) to work on /home/ubuntu/.local/lib/python3.10/site-packages/airflow/example_dags/example_setup_teardown.py
[2024-02-06T21:44:53.572+0100] {processor.py:830} INFO - Processing file /home/ubuntu/.local/lib/python3.10/site-packages/airflow/example_dags/example_setup_teardown.py for tasks to queue
[2024-02-06T21:44:53.577+0100] {logging_mixin.py:188} INFO - [2024-02-06T21:44:53.575+0100] {dagbag.py:538} INFO - Filling up the DagBag from /home/ubuntu/.local/lib/python3.10/site-packages/airflow/example_dags/example_setup_teardown.py
[2024-02-06T21:44:53.621+0100] {processor.py:840} INFO - DAG(s) 'example_setup_teardown' retrieved from /home/ubuntu/.local/lib/python3.10/site-packages/airflow/example_dags/example_setup_teardown.py
[2024-02-06T21:44:53.669+0100] {logging_mixin.py:188} INFO - [2024-02-06T21:44:53.669+0100] {dag.py:3036} INFO - Sync 1 DAGs
[2024-02-06T21:44:53.753+0100] {logging_mixin.py:188} INFO - [2024-02-06T21:44:53.753+0100] {dag.py:3823} INFO - Setting next_dagrun for example_setup_teardown to 2024-02-05 00:00:00+00:00, run_after=2024-02-06 00:00:00+00:00
[2024-02-06T21:44:53.848+0100] {processor.py:183} INFO - Processing /home/ubuntu/.local/lib/python3.10/site-packages/airflow/example_dags/example_setup_teardown.py took 0.302 seconds
[2024-02-06T21:54:13.748+0100] {processor.py:161} INFO - Started process (PID=31136) to work on /home/ubuntu/.local/lib/python3.10/site-packages/airflow/example_dags/example_setup_teardown.py
[2024-02-06T21:54:13.751+0100] {processor.py:830} INFO - Processing file /home/ubuntu/.local/lib/python3.10/site-packages/airflow/example_dags/example_setup_teardown.py for tasks to queue
[2024-02-06T21:54:13.753+0100] {logging_mixin.py:188} INFO - [2024-02-06T21:54:13.752+0100] {dagbag.py:538} INFO - Filling up the DagBag from /home/ubuntu/.local/lib/python3.10/site-packages/airflow/example_dags/example_setup_teardown.py
[2024-02-06T21:54:13.767+0100] {processor.py:840} INFO - DAG(s) 'example_setup_teardown' retrieved from /home/ubuntu/.local/lib/python3.10/site-packages/airflow/example_dags/example_setup_teardown.py
[2024-02-06T21:54:13.963+0100] {logging_mixin.py:188} INFO - [2024-02-06T21:54:13.962+0100] {dag.py:3036} INFO - Sync 1 DAGs
[2024-02-06T21:54:14.000+0100] {logging_mixin.py:188} INFO - [2024-02-06T21:54:14.000+0100] {dag.py:3823} INFO - Setting next_dagrun for example_setup_teardown to 2024-02-05 00:00:00+00:00, run_after=2024-02-06 00:00:00+00:00
[2024-02-06T21:54:14.059+0100] {processor.py:183} INFO - Processing /home/ubuntu/.local/lib/python3.10/site-packages/airflow/example_dags/example_setup_teardown.py took 0.317 seconds
[2024-02-06T21:55:25.969+0100] {processor.py:161} INFO - Started process (PID=31732) to work on /home/ubuntu/.local/lib/python3.10/site-packages/airflow/example_dags/example_setup_teardown.py
[2024-02-06T21:55:25.980+0100] {processor.py:830} INFO - Processing file /home/ubuntu/.local/lib/python3.10/site-packages/airflow/example_dags/example_setup_teardown.py for tasks to queue
[2024-02-06T21:55:25.981+0100] {logging_mixin.py:188} INFO - [2024-02-06T21:55:25.981+0100] {dagbag.py:538} INFO - Filling up the DagBag from /home/ubuntu/.local/lib/python3.10/site-packages/airflow/example_dags/example_setup_teardown.py
[2024-02-06T21:55:25.996+0100] {processor.py:840} INFO - DAG(s) 'example_setup_teardown' retrieved from /home/ubuntu/.local/lib/python3.10/site-packages/airflow/example_dags/example_setup_teardown.py
[2024-02-06T21:55:26.022+0100] {logging_mixin.py:188} INFO - [2024-02-06T21:55:26.022+0100] {dag.py:3036} INFO - Sync 1 DAGs
[2024-02-06T21:55:26.062+0100] {logging_mixin.py:188} INFO - [2024-02-06T21:55:26.061+0100] {dag.py:3823} INFO - Setting next_dagrun for example_setup_teardown to 2024-02-05 00:00:00+00:00, run_after=2024-02-06 00:00:00+00:00
[2024-02-06T21:55:26.132+0100] {processor.py:183} INFO - Processing /home/ubuntu/.local/lib/python3.10/site-packages/airflow/example_dags/example_setup_teardown.py took 0.169 seconds
[2024-02-06T21:56:19.581+0100] {processor.py:161} INFO - Started process (PID=32264) to work on /home/ubuntu/.local/lib/python3.10/site-packages/airflow/example_dags/example_setup_teardown.py
[2024-02-06T21:56:19.595+0100] {processor.py:830} INFO - Processing file /home/ubuntu/.local/lib/python3.10/site-packages/airflow/example_dags/example_setup_teardown.py for tasks to queue
[2024-02-06T21:56:19.598+0100] {logging_mixin.py:188} INFO - [2024-02-06T21:56:19.597+0100] {dagbag.py:538} INFO - Filling up the DagBag from /home/ubuntu/.local/lib/python3.10/site-packages/airflow/example_dags/example_setup_teardown.py
[2024-02-06T21:56:19.671+0100] {processor.py:840} INFO - DAG(s) 'example_setup_teardown' retrieved from /home/ubuntu/.local/lib/python3.10/site-packages/airflow/example_dags/example_setup_teardown.py
[2024-02-06T21:56:19.720+0100] {logging_mixin.py:188} INFO - [2024-02-06T21:56:19.719+0100] {dag.py:3036} INFO - Sync 1 DAGs
[2024-02-06T21:56:19.839+0100] {logging_mixin.py:188} INFO - [2024-02-06T21:56:19.839+0100] {dag.py:3823} INFO - Setting next_dagrun for example_setup_teardown to 2024-02-05 00:00:00+00:00, run_after=2024-02-06 00:00:00+00:00
[2024-02-06T21:56:19.992+0100] {processor.py:183} INFO - Processing /home/ubuntu/.local/lib/python3.10/site-packages/airflow/example_dags/example_setup_teardown.py took 0.448 seconds
[2024-02-06T21:56:58.639+0100] {processor.py:161} INFO - Started process (PID=32617) to work on /home/ubuntu/.local/lib/python3.10/site-packages/airflow/example_dags/example_setup_teardown.py
[2024-02-06T21:56:58.644+0100] {processor.py:830} INFO - Processing file /home/ubuntu/.local/lib/python3.10/site-packages/airflow/example_dags/example_setup_teardown.py for tasks to queue
[2024-02-06T21:56:58.646+0100] {logging_mixin.py:188} INFO - [2024-02-06T21:56:58.645+0100] {dagbag.py:538} INFO - Filling up the DagBag from /home/ubuntu/.local/lib/python3.10/site-packages/airflow/example_dags/example_setup_teardown.py
[2024-02-06T21:56:58.662+0100] {processor.py:840} INFO - DAG(s) 'example_setup_teardown' retrieved from /home/ubuntu/.local/lib/python3.10/site-packages/airflow/example_dags/example_setup_teardown.py
[2024-02-06T21:56:58.694+0100] {logging_mixin.py:188} INFO - [2024-02-06T21:56:58.693+0100] {dag.py:3036} INFO - Sync 1 DAGs
[2024-02-06T21:56:58.725+0100] {logging_mixin.py:188} INFO - [2024-02-06T21:56:58.725+0100] {dag.py:3823} INFO - Setting next_dagrun for example_setup_teardown to 2024-02-05 00:00:00+00:00, run_after=2024-02-06 00:00:00+00:00
[2024-02-06T21:56:58.781+0100] {processor.py:183} INFO - Processing /home/ubuntu/.local/lib/python3.10/site-packages/airflow/example_dags/example_setup_teardown.py took 0.150 seconds
[2024-02-06T21:57:29.242+0100] {processor.py:161} INFO - Started process (PID=32807) to work on /home/ubuntu/.local/lib/python3.10/site-packages/airflow/example_dags/example_setup_teardown.py
[2024-02-06T21:57:29.244+0100] {processor.py:830} INFO - Processing file /home/ubuntu/.local/lib/python3.10/site-packages/airflow/example_dags/example_setup_teardown.py for tasks to queue
[2024-02-06T21:57:29.250+0100] {logging_mixin.py:188} INFO - [2024-02-06T21:57:29.246+0100] {dagbag.py:538} INFO - Filling up the DagBag from /home/ubuntu/.local/lib/python3.10/site-packages/airflow/example_dags/example_setup_teardown.py
[2024-02-06T21:57:29.277+0100] {processor.py:840} INFO - DAG(s) 'example_setup_teardown' retrieved from /home/ubuntu/.local/lib/python3.10/site-packages/airflow/example_dags/example_setup_teardown.py
[2024-02-06T21:57:29.333+0100] {logging_mixin.py:188} INFO - [2024-02-06T21:57:29.332+0100] {dag.py:3036} INFO - Sync 1 DAGs
[2024-02-06T21:57:29.411+0100] {logging_mixin.py:188} INFO - [2024-02-06T21:57:29.410+0100] {dag.py:3823} INFO - Setting next_dagrun for example_setup_teardown to 2024-02-05 00:00:00+00:00, run_after=2024-02-06 00:00:00+00:00
[2024-02-06T21:57:29.534+0100] {processor.py:183} INFO - Processing /home/ubuntu/.local/lib/python3.10/site-packages/airflow/example_dags/example_setup_teardown.py took 0.301 seconds
[2024-02-06T21:59:06.661+0100] {processor.py:161} INFO - Started process (PID=33800) to work on /home/ubuntu/.local/lib/python3.10/site-packages/airflow/example_dags/example_setup_teardown.py
[2024-02-06T21:59:06.672+0100] {processor.py:830} INFO - Processing file /home/ubuntu/.local/lib/python3.10/site-packages/airflow/example_dags/example_setup_teardown.py for tasks to queue
[2024-02-06T21:59:06.676+0100] {logging_mixin.py:188} INFO - [2024-02-06T21:59:06.675+0100] {dagbag.py:538} INFO - Filling up the DagBag from /home/ubuntu/.local/lib/python3.10/site-packages/airflow/example_dags/example_setup_teardown.py
[2024-02-06T21:59:06.718+0100] {processor.py:840} INFO - DAG(s) 'example_setup_teardown' retrieved from /home/ubuntu/.local/lib/python3.10/site-packages/airflow/example_dags/example_setup_teardown.py
[2024-02-06T21:59:07.148+0100] {logging_mixin.py:188} INFO - [2024-02-06T21:59:07.146+0100] {dag.py:3036} INFO - Sync 1 DAGs
[2024-02-06T21:59:07.285+0100] {logging_mixin.py:188} INFO - [2024-02-06T21:59:07.285+0100] {dag.py:3823} INFO - Setting next_dagrun for example_setup_teardown to 2024-02-05 00:00:00+00:00, run_after=2024-02-06 00:00:00+00:00
[2024-02-06T21:59:07.444+0100] {processor.py:183} INFO - Processing /home/ubuntu/.local/lib/python3.10/site-packages/airflow/example_dags/example_setup_teardown.py took 0.797 seconds
[2024-02-06T21:59:20.786+0100] {processor.py:161} INFO - Started process (PID=33981) to work on /home/ubuntu/.local/lib/python3.10/site-packages/airflow/example_dags/example_setup_teardown.py
[2024-02-06T21:59:20.793+0100] {processor.py:830} INFO - Processing file /home/ubuntu/.local/lib/python3.10/site-packages/airflow/example_dags/example_setup_teardown.py for tasks to queue
[2024-02-06T21:59:20.797+0100] {logging_mixin.py:188} INFO - [2024-02-06T21:59:20.795+0100] {dagbag.py:538} INFO - Filling up the DagBag from /home/ubuntu/.local/lib/python3.10/site-packages/airflow/example_dags/example_setup_teardown.py
[2024-02-06T21:59:20.833+0100] {processor.py:840} INFO - DAG(s) 'example_setup_teardown' retrieved from /home/ubuntu/.local/lib/python3.10/site-packages/airflow/example_dags/example_setup_teardown.py
[2024-02-06T21:59:20.860+0100] {logging_mixin.py:188} INFO - [2024-02-06T21:59:20.859+0100] {dag.py:3036} INFO - Sync 1 DAGs
[2024-02-06T21:59:20.986+0100] {logging_mixin.py:188} INFO - [2024-02-06T21:59:20.985+0100] {dag.py:3823} INFO - Setting next_dagrun for example_setup_teardown to 2024-02-05 00:00:00+00:00, run_after=2024-02-06 00:00:00+00:00
[2024-02-06T21:59:21.144+0100] {processor.py:183} INFO - Processing /home/ubuntu/.local/lib/python3.10/site-packages/airflow/example_dags/example_setup_teardown.py took 0.397 seconds
[2024-02-06T22:00:49.359+0100] {processor.py:161} INFO - Started process (PID=34750) to work on /home/ubuntu/.local/lib/python3.10/site-packages/airflow/example_dags/example_setup_teardown.py
[2024-02-06T22:00:49.367+0100] {processor.py:830} INFO - Processing file /home/ubuntu/.local/lib/python3.10/site-packages/airflow/example_dags/example_setup_teardown.py for tasks to queue
[2024-02-06T22:00:49.372+0100] {logging_mixin.py:188} INFO - [2024-02-06T22:00:49.371+0100] {dagbag.py:538} INFO - Filling up the DagBag from /home/ubuntu/.local/lib/python3.10/site-packages/airflow/example_dags/example_setup_teardown.py
[2024-02-06T22:00:49.431+0100] {processor.py:840} INFO - DAG(s) 'example_setup_teardown' retrieved from /home/ubuntu/.local/lib/python3.10/site-packages/airflow/example_dags/example_setup_teardown.py
[2024-02-06T22:00:49.482+0100] {logging_mixin.py:188} INFO - [2024-02-06T22:00:49.482+0100] {dag.py:3036} INFO - Sync 1 DAGs
[2024-02-06T22:00:49.578+0100] {logging_mixin.py:188} INFO - [2024-02-06T22:00:49.577+0100] {dag.py:3823} INFO - Setting next_dagrun for example_setup_teardown to 2024-02-05 00:00:00+00:00, run_after=2024-02-06 00:00:00+00:00
[2024-02-06T22:00:49.669+0100] {processor.py:183} INFO - Processing /home/ubuntu/.local/lib/python3.10/site-packages/airflow/example_dags/example_setup_teardown.py took 0.326 seconds
[2024-02-06T22:00:55.704+0100] {processor.py:161} INFO - Started process (PID=34814) to work on /home/ubuntu/.local/lib/python3.10/site-packages/airflow/example_dags/example_setup_teardown.py
[2024-02-06T22:00:55.705+0100] {processor.py:830} INFO - Processing file /home/ubuntu/.local/lib/python3.10/site-packages/airflow/example_dags/example_setup_teardown.py for tasks to queue
[2024-02-06T22:00:55.707+0100] {logging_mixin.py:188} INFO - [2024-02-06T22:00:55.706+0100] {dagbag.py:538} INFO - Filling up the DagBag from /home/ubuntu/.local/lib/python3.10/site-packages/airflow/example_dags/example_setup_teardown.py
[2024-02-06T22:00:55.724+0100] {processor.py:840} INFO - DAG(s) 'example_setup_teardown' retrieved from /home/ubuntu/.local/lib/python3.10/site-packages/airflow/example_dags/example_setup_teardown.py
[2024-02-06T22:00:55.764+0100] {logging_mixin.py:188} INFO - [2024-02-06T22:00:55.764+0100] {dag.py:3036} INFO - Sync 1 DAGs
[2024-02-06T22:00:55.845+0100] {logging_mixin.py:188} INFO - [2024-02-06T22:00:55.844+0100] {dag.py:3823} INFO - Setting next_dagrun for example_setup_teardown to 2024-02-05 00:00:00+00:00, run_after=2024-02-06 00:00:00+00:00
[2024-02-06T22:00:55.903+0100] {processor.py:183} INFO - Processing /home/ubuntu/.local/lib/python3.10/site-packages/airflow/example_dags/example_setup_teardown.py took 0.206 seconds
[2024-02-06T22:02:16.717+0100] {processor.py:161} INFO - Started process (PID=35401) to work on /home/ubuntu/.local/lib/python3.10/site-packages/airflow/example_dags/example_setup_teardown.py
[2024-02-06T22:02:16.721+0100] {processor.py:830} INFO - Processing file /home/ubuntu/.local/lib/python3.10/site-packages/airflow/example_dags/example_setup_teardown.py for tasks to queue
[2024-02-06T22:02:16.725+0100] {logging_mixin.py:188} INFO - [2024-02-06T22:02:16.722+0100] {dagbag.py:538} INFO - Filling up the DagBag from /home/ubuntu/.local/lib/python3.10/site-packages/airflow/example_dags/example_setup_teardown.py
[2024-02-06T22:02:16.744+0100] {processor.py:840} INFO - DAG(s) 'example_setup_teardown' retrieved from /home/ubuntu/.local/lib/python3.10/site-packages/airflow/example_dags/example_setup_teardown.py
[2024-02-06T22:02:16.771+0100] {logging_mixin.py:188} INFO - [2024-02-06T22:02:16.771+0100] {dag.py:3036} INFO - Sync 1 DAGs
[2024-02-06T22:02:16.822+0100] {logging_mixin.py:188} INFO - [2024-02-06T22:02:16.822+0100] {dag.py:3823} INFO - Setting next_dagrun for example_setup_teardown to 2024-02-05 00:00:00+00:00, run_after=2024-02-06 00:00:00+00:00
[2024-02-06T22:02:16.951+0100] {processor.py:183} INFO - Processing /home/ubuntu/.local/lib/python3.10/site-packages/airflow/example_dags/example_setup_teardown.py took 0.244 seconds
[2024-02-06T22:02:17.733+0100] {processor.py:161} INFO - Started process (PID=35402) to work on /home/ubuntu/.local/lib/python3.10/site-packages/airflow/example_dags/example_setup_teardown.py
[2024-02-06T22:02:17.742+0100] {processor.py:830} INFO - Processing file /home/ubuntu/.local/lib/python3.10/site-packages/airflow/example_dags/example_setup_teardown.py for tasks to queue
[2024-02-06T22:02:17.745+0100] {logging_mixin.py:188} INFO - [2024-02-06T22:02:17.744+0100] {dagbag.py:538} INFO - Filling up the DagBag from /home/ubuntu/.local/lib/python3.10/site-packages/airflow/example_dags/example_setup_teardown.py
[2024-02-06T22:02:17.761+0100] {processor.py:840} INFO - DAG(s) 'example_setup_teardown' retrieved from /home/ubuntu/.local/lib/python3.10/site-packages/airflow/example_dags/example_setup_teardown.py
[2024-02-06T22:02:17.828+0100] {logging_mixin.py:188} INFO - [2024-02-06T22:02:17.828+0100] {dag.py:3036} INFO - Sync 1 DAGs
[2024-02-06T22:02:17.878+0100] {logging_mixin.py:188} INFO - [2024-02-06T22:02:17.878+0100] {dag.py:3823} INFO - Setting next_dagrun for example_setup_teardown to 2024-02-05 00:00:00+00:00, run_after=2024-02-06 00:00:00+00:00
[2024-02-06T22:02:18.040+0100] {processor.py:183} INFO - Processing /home/ubuntu/.local/lib/python3.10/site-packages/airflow/example_dags/example_setup_teardown.py took 0.323 seconds
[2024-02-06T22:03:55.649+0100] {processor.py:161} INFO - Started process (PID=36361) to work on /home/ubuntu/.local/lib/python3.10/site-packages/airflow/example_dags/example_setup_teardown.py
[2024-02-06T22:03:55.659+0100] {processor.py:830} INFO - Processing file /home/ubuntu/.local/lib/python3.10/site-packages/airflow/example_dags/example_setup_teardown.py for tasks to queue
[2024-02-06T22:03:55.665+0100] {logging_mixin.py:188} INFO - [2024-02-06T22:03:55.662+0100] {dagbag.py:538} INFO - Filling up the DagBag from /home/ubuntu/.local/lib/python3.10/site-packages/airflow/example_dags/example_setup_teardown.py
[2024-02-06T22:03:55.727+0100] {processor.py:840} INFO - DAG(s) 'example_setup_teardown' retrieved from /home/ubuntu/.local/lib/python3.10/site-packages/airflow/example_dags/example_setup_teardown.py
[2024-02-06T22:03:56.078+0100] {logging_mixin.py:188} INFO - [2024-02-06T22:03:56.078+0100] {dag.py:3036} INFO - Sync 1 DAGs
[2024-02-06T22:03:56.334+0100] {logging_mixin.py:188} INFO - [2024-02-06T22:03:56.333+0100] {dag.py:3823} INFO - Setting next_dagrun for example_setup_teardown to 2024-02-05 00:00:00+00:00, run_after=2024-02-06 00:00:00+00:00
[2024-02-06T22:03:57.462+0100] {processor.py:183} INFO - Processing /home/ubuntu/.local/lib/python3.10/site-packages/airflow/example_dags/example_setup_teardown.py took 1.844 seconds
[2024-02-06T22:03:57.627+0100] {processor.py:161} INFO - Started process (PID=36386) to work on /home/ubuntu/.local/lib/python3.10/site-packages/airflow/example_dags/example_setup_teardown.py
[2024-02-06T22:03:57.651+0100] {processor.py:830} INFO - Processing file /home/ubuntu/.local/lib/python3.10/site-packages/airflow/example_dags/example_setup_teardown.py for tasks to queue
[2024-02-06T22:03:57.655+0100] {logging_mixin.py:188} INFO - [2024-02-06T22:03:57.653+0100] {dagbag.py:538} INFO - Filling up the DagBag from /home/ubuntu/.local/lib/python3.10/site-packages/airflow/example_dags/example_setup_teardown.py
[2024-02-06T22:03:57.741+0100] {processor.py:840} INFO - DAG(s) 'example_setup_teardown' retrieved from /home/ubuntu/.local/lib/python3.10/site-packages/airflow/example_dags/example_setup_teardown.py
[2024-02-06T22:03:58.226+0100] {logging_mixin.py:188} INFO - [2024-02-06T22:03:58.226+0100] {dag.py:3036} INFO - Sync 1 DAGs
[2024-02-06T22:03:58.304+0100] {logging_mixin.py:188} INFO - [2024-02-06T22:03:58.303+0100] {dag.py:3823} INFO - Setting next_dagrun for example_setup_teardown to 2024-02-05 00:00:00+00:00, run_after=2024-02-06 00:00:00+00:00
[2024-02-06T22:03:58.470+0100] {processor.py:183} INFO - Processing /home/ubuntu/.local/lib/python3.10/site-packages/airflow/example_dags/example_setup_teardown.py took 0.877 seconds
[2024-02-06T22:06:24.008+0100] {processor.py:161} INFO - Started process (PID=37505) to work on /home/ubuntu/.local/lib/python3.10/site-packages/airflow/example_dags/example_setup_teardown.py
[2024-02-06T22:06:24.013+0100] {processor.py:830} INFO - Processing file /home/ubuntu/.local/lib/python3.10/site-packages/airflow/example_dags/example_setup_teardown.py for tasks to queue
[2024-02-06T22:06:24.067+0100] {logging_mixin.py:188} INFO - [2024-02-06T22:06:24.047+0100] {dagbag.py:538} INFO - Filling up the DagBag from /home/ubuntu/.local/lib/python3.10/site-packages/airflow/example_dags/example_setup_teardown.py
[2024-02-06T22:06:24.183+0100] {processor.py:840} INFO - DAG(s) 'example_setup_teardown' retrieved from /home/ubuntu/.local/lib/python3.10/site-packages/airflow/example_dags/example_setup_teardown.py
[2024-02-06T22:06:24.927+0100] {logging_mixin.py:188} INFO - [2024-02-06T22:06:24.926+0100] {dag.py:3036} INFO - Sync 1 DAGs
[2024-02-06T22:06:25.041+0100] {logging_mixin.py:188} INFO - [2024-02-06T22:06:25.040+0100] {dag.py:3823} INFO - Setting next_dagrun for example_setup_teardown to 2024-02-05 00:00:00+00:00, run_after=2024-02-06 00:00:00+00:00
[2024-02-06T22:06:25.312+0100] {processor.py:183} INFO - Processing /home/ubuntu/.local/lib/python3.10/site-packages/airflow/example_dags/example_setup_teardown.py took 1.315 seconds
[2024-02-06T22:07:43.313+0100] {processor.py:161} INFO - Started process (PID=38180) to work on /home/ubuntu/.local/lib/python3.10/site-packages/airflow/example_dags/example_setup_teardown.py
[2024-02-06T22:07:43.323+0100] {processor.py:830} INFO - Processing file /home/ubuntu/.local/lib/python3.10/site-packages/airflow/example_dags/example_setup_teardown.py for tasks to queue
[2024-02-06T22:07:43.325+0100] {logging_mixin.py:188} INFO - [2024-02-06T22:07:43.324+0100] {dagbag.py:538} INFO - Filling up the DagBag from /home/ubuntu/.local/lib/python3.10/site-packages/airflow/example_dags/example_setup_teardown.py
[2024-02-06T22:07:43.340+0100] {processor.py:840} INFO - DAG(s) 'example_setup_teardown' retrieved from /home/ubuntu/.local/lib/python3.10/site-packages/airflow/example_dags/example_setup_teardown.py
[2024-02-06T22:07:43.378+0100] {logging_mixin.py:188} INFO - [2024-02-06T22:07:43.377+0100] {dag.py:3036} INFO - Sync 1 DAGs
[2024-02-06T22:07:43.433+0100] {logging_mixin.py:188} INFO - [2024-02-06T22:07:43.433+0100] {dag.py:3823} INFO - Setting next_dagrun for example_setup_teardown to 2024-02-05 00:00:00+00:00, run_after=2024-02-06 00:00:00+00:00
[2024-02-06T22:07:43.511+0100] {processor.py:183} INFO - Processing /home/ubuntu/.local/lib/python3.10/site-packages/airflow/example_dags/example_setup_teardown.py took 0.203 seconds
[2024-02-06T22:10:48.137+0100] {processor.py:161} INFO - Started process (PID=39167) to work on /home/ubuntu/.local/lib/python3.10/site-packages/airflow/example_dags/example_setup_teardown.py
[2024-02-06T22:10:48.140+0100] {processor.py:830} INFO - Processing file /home/ubuntu/.local/lib/python3.10/site-packages/airflow/example_dags/example_setup_teardown.py for tasks to queue
[2024-02-06T22:10:48.143+0100] {logging_mixin.py:188} INFO - [2024-02-06T22:10:48.142+0100] {dagbag.py:538} INFO - Filling up the DagBag from /home/ubuntu/.local/lib/python3.10/site-packages/airflow/example_dags/example_setup_teardown.py
[2024-02-06T22:10:48.162+0100] {processor.py:840} INFO - DAG(s) 'example_setup_teardown' retrieved from /home/ubuntu/.local/lib/python3.10/site-packages/airflow/example_dags/example_setup_teardown.py
[2024-02-06T22:10:48.465+0100] {logging_mixin.py:188} INFO - [2024-02-06T22:10:48.464+0100] {dag.py:3036} INFO - Sync 1 DAGs
[2024-02-06T22:10:48.512+0100] {logging_mixin.py:188} INFO - [2024-02-06T22:10:48.511+0100] {dag.py:3823} INFO - Setting next_dagrun for example_setup_teardown to 2024-02-05 00:00:00+00:00, run_after=2024-02-06 00:00:00+00:00
[2024-02-06T22:10:48.575+0100] {processor.py:183} INFO - Processing /home/ubuntu/.local/lib/python3.10/site-packages/airflow/example_dags/example_setup_teardown.py took 0.447 seconds
[2024-02-06T22:13:15.108+0100] {processor.py:161} INFO - Started process (PID=40088) to work on /home/ubuntu/.local/lib/python3.10/site-packages/airflow/example_dags/example_setup_teardown.py
[2024-02-06T22:13:15.119+0100] {processor.py:830} INFO - Processing file /home/ubuntu/.local/lib/python3.10/site-packages/airflow/example_dags/example_setup_teardown.py for tasks to queue
[2024-02-06T22:13:15.121+0100] {logging_mixin.py:188} INFO - [2024-02-06T22:13:15.121+0100] {dagbag.py:538} INFO - Filling up the DagBag from /home/ubuntu/.local/lib/python3.10/site-packages/airflow/example_dags/example_setup_teardown.py
[2024-02-06T22:13:15.134+0100] {processor.py:840} INFO - DAG(s) 'example_setup_teardown' retrieved from /home/ubuntu/.local/lib/python3.10/site-packages/airflow/example_dags/example_setup_teardown.py
[2024-02-06T22:13:15.263+0100] {logging_mixin.py:188} INFO - [2024-02-06T22:13:15.262+0100] {dag.py:3036} INFO - Sync 1 DAGs
[2024-02-06T22:13:15.290+0100] {logging_mixin.py:188} INFO - [2024-02-06T22:13:15.290+0100] {dag.py:3823} INFO - Setting next_dagrun for example_setup_teardown to 2024-02-05 00:00:00+00:00, run_after=2024-02-06 00:00:00+00:00
[2024-02-06T22:13:15.396+0100] {processor.py:183} INFO - Processing /home/ubuntu/.local/lib/python3.10/site-packages/airflow/example_dags/example_setup_teardown.py took 0.293 seconds
[2024-02-06T22:14:46.235+0100] {processor.py:161} INFO - Started process (PID=41102) to work on /home/ubuntu/.local/lib/python3.10/site-packages/airflow/example_dags/example_setup_teardown.py
[2024-02-06T22:14:46.240+0100] {processor.py:830} INFO - Processing file /home/ubuntu/.local/lib/python3.10/site-packages/airflow/example_dags/example_setup_teardown.py for tasks to queue
[2024-02-06T22:14:46.243+0100] {logging_mixin.py:188} INFO - [2024-02-06T22:14:46.242+0100] {dagbag.py:538} INFO - Filling up the DagBag from /home/ubuntu/.local/lib/python3.10/site-packages/airflow/example_dags/example_setup_teardown.py
[2024-02-06T22:14:46.267+0100] {processor.py:840} INFO - DAG(s) 'example_setup_teardown' retrieved from /home/ubuntu/.local/lib/python3.10/site-packages/airflow/example_dags/example_setup_teardown.py
[2024-02-06T22:14:46.304+0100] {logging_mixin.py:188} INFO - [2024-02-06T22:14:46.303+0100] {dag.py:3036} INFO - Sync 1 DAGs
[2024-02-06T22:14:46.364+0100] {logging_mixin.py:188} INFO - [2024-02-06T22:14:46.364+0100] {dag.py:3823} INFO - Setting next_dagrun for example_setup_teardown to 2024-02-05 00:00:00+00:00, run_after=2024-02-06 00:00:00+00:00
[2024-02-06T22:14:46.443+0100] {processor.py:183} INFO - Processing /home/ubuntu/.local/lib/python3.10/site-packages/airflow/example_dags/example_setup_teardown.py took 0.216 seconds
[2024-02-06T22:26:19.686+0100] {processor.py:161} INFO - Started process (PID=49275) to work on /home/ubuntu/.local/lib/python3.10/site-packages/airflow/example_dags/example_setup_teardown.py
[2024-02-06T22:26:19.690+0100] {processor.py:830} INFO - Processing file /home/ubuntu/.local/lib/python3.10/site-packages/airflow/example_dags/example_setup_teardown.py for tasks to queue
[2024-02-06T22:26:19.698+0100] {logging_mixin.py:188} INFO - [2024-02-06T22:26:19.692+0100] {dagbag.py:538} INFO - Filling up the DagBag from /home/ubuntu/.local/lib/python3.10/site-packages/airflow/example_dags/example_setup_teardown.py
[2024-02-06T22:26:19.745+0100] {processor.py:840} INFO - DAG(s) 'example_setup_teardown' retrieved from /home/ubuntu/.local/lib/python3.10/site-packages/airflow/example_dags/example_setup_teardown.py
[2024-02-06T22:26:19.816+0100] {logging_mixin.py:188} INFO - [2024-02-06T22:26:19.816+0100] {dag.py:3036} INFO - Sync 1 DAGs
[2024-02-06T22:26:19.876+0100] {logging_mixin.py:188} INFO - [2024-02-06T22:26:19.875+0100] {dag.py:3823} INFO - Setting next_dagrun for example_setup_teardown to 2024-02-05 00:00:00+00:00, run_after=2024-02-06 00:00:00+00:00
[2024-02-06T22:26:19.996+0100] {processor.py:183} INFO - Processing /home/ubuntu/.local/lib/python3.10/site-packages/airflow/example_dags/example_setup_teardown.py took 0.314 seconds
[2024-02-06T22:28:04.547+0100] {processor.py:161} INFO - Started process (PID=50163) to work on /home/ubuntu/.local/lib/python3.10/site-packages/airflow/example_dags/example_setup_teardown.py
[2024-02-06T22:28:04.556+0100] {processor.py:830} INFO - Processing file /home/ubuntu/.local/lib/python3.10/site-packages/airflow/example_dags/example_setup_teardown.py for tasks to queue
[2024-02-06T22:28:04.561+0100] {logging_mixin.py:188} INFO - [2024-02-06T22:28:04.560+0100] {dagbag.py:538} INFO - Filling up the DagBag from /home/ubuntu/.local/lib/python3.10/site-packages/airflow/example_dags/example_setup_teardown.py
[2024-02-06T22:28:04.585+0100] {processor.py:840} INFO - DAG(s) 'example_setup_teardown' retrieved from /home/ubuntu/.local/lib/python3.10/site-packages/airflow/example_dags/example_setup_teardown.py
[2024-02-06T22:28:05.206+0100] {logging_mixin.py:188} INFO - [2024-02-06T22:28:05.205+0100] {dag.py:3036} INFO - Sync 1 DAGs
[2024-02-06T22:28:05.295+0100] {logging_mixin.py:188} INFO - [2024-02-06T22:28:05.294+0100] {dag.py:3823} INFO - Setting next_dagrun for example_setup_teardown to 2024-02-05 00:00:00+00:00, run_after=2024-02-06 00:00:00+00:00
[2024-02-06T22:28:05.442+0100] {processor.py:183} INFO - Processing /home/ubuntu/.local/lib/python3.10/site-packages/airflow/example_dags/example_setup_teardown.py took 0.911 seconds
[2024-02-06T22:35:25.451+0100] {processor.py:161} INFO - Started process (PID=55648) to work on /home/ubuntu/.local/lib/python3.10/site-packages/airflow/example_dags/example_setup_teardown.py
[2024-02-06T22:35:25.456+0100] {processor.py:830} INFO - Processing file /home/ubuntu/.local/lib/python3.10/site-packages/airflow/example_dags/example_setup_teardown.py for tasks to queue
[2024-02-06T22:35:25.471+0100] {logging_mixin.py:188} INFO - [2024-02-06T22:35:25.458+0100] {dagbag.py:538} INFO - Filling up the DagBag from /home/ubuntu/.local/lib/python3.10/site-packages/airflow/example_dags/example_setup_teardown.py
[2024-02-06T22:35:25.503+0100] {processor.py:840} INFO - DAG(s) 'example_setup_teardown' retrieved from /home/ubuntu/.local/lib/python3.10/site-packages/airflow/example_dags/example_setup_teardown.py
[2024-02-06T22:35:25.602+0100] {logging_mixin.py:188} INFO - [2024-02-06T22:35:25.601+0100] {dag.py:3036} INFO - Sync 1 DAGs
[2024-02-06T22:35:25.636+0100] {logging_mixin.py:188} INFO - [2024-02-06T22:35:25.636+0100] {dag.py:3823} INFO - Setting next_dagrun for example_setup_teardown to 2024-02-05 00:00:00+00:00, run_after=2024-02-06 00:00:00+00:00
[2024-02-06T22:35:25.680+0100] {processor.py:183} INFO - Processing /home/ubuntu/.local/lib/python3.10/site-packages/airflow/example_dags/example_setup_teardown.py took 0.238 seconds
[2024-02-06T23:14:20.766+0100] {processor.py:161} INFO - Started process (PID=64083) to work on /home/ubuntu/.local/lib/python3.10/site-packages/airflow/example_dags/example_setup_teardown.py
[2024-02-06T23:14:20.774+0100] {processor.py:830} INFO - Processing file /home/ubuntu/.local/lib/python3.10/site-packages/airflow/example_dags/example_setup_teardown.py for tasks to queue
[2024-02-06T23:14:20.776+0100] {logging_mixin.py:188} INFO - [2024-02-06T23:14:20.775+0100] {dagbag.py:538} INFO - Filling up the DagBag from /home/ubuntu/.local/lib/python3.10/site-packages/airflow/example_dags/example_setup_teardown.py
[2024-02-06T23:14:20.793+0100] {processor.py:840} INFO - DAG(s) 'example_setup_teardown' retrieved from /home/ubuntu/.local/lib/python3.10/site-packages/airflow/example_dags/example_setup_teardown.py
[2024-02-06T23:14:20.940+0100] {logging_mixin.py:188} INFO - [2024-02-06T23:14:20.939+0100] {dag.py:3036} INFO - Sync 1 DAGs
[2024-02-06T23:14:20.969+0100] {logging_mixin.py:188} INFO - [2024-02-06T23:14:20.968+0100] {dag.py:3823} INFO - Setting next_dagrun for example_setup_teardown to 2024-02-05 00:00:00+00:00, run_after=2024-02-06 00:00:00+00:00
[2024-02-06T23:14:21.113+0100] {processor.py:183} INFO - Processing /home/ubuntu/.local/lib/python3.10/site-packages/airflow/example_dags/example_setup_teardown.py took 0.354 seconds
[2024-02-06T23:29:35.581+0100] {processor.py:161} INFO - Started process (PID=72412) to work on /home/ubuntu/.local/lib/python3.10/site-packages/airflow/example_dags/example_setup_teardown.py
[2024-02-06T23:29:35.691+0100] {processor.py:830} INFO - Processing file /home/ubuntu/.local/lib/python3.10/site-packages/airflow/example_dags/example_setup_teardown.py for tasks to queue
[2024-02-06T23:29:35.846+0100] {logging_mixin.py:188} INFO - [2024-02-06T23:29:35.796+0100] {dagbag.py:538} INFO - Filling up the DagBag from /home/ubuntu/.local/lib/python3.10/site-packages/airflow/example_dags/example_setup_teardown.py
[2024-02-06T23:29:36.252+0100] {processor.py:840} INFO - DAG(s) 'example_setup_teardown' retrieved from /home/ubuntu/.local/lib/python3.10/site-packages/airflow/example_dags/example_setup_teardown.py
[2024-02-06T23:29:40.986+0100] {logging_mixin.py:188} INFO - [2024-02-06T23:29:40.985+0100] {dag.py:3036} INFO - Sync 1 DAGs
[2024-02-06T23:29:41.140+0100] {logging_mixin.py:188} INFO - [2024-02-06T23:29:41.139+0100] {dag.py:3823} INFO - Setting next_dagrun for example_setup_teardown to 2024-02-05 00:00:00+00:00, run_after=2024-02-06 00:00:00+00:00
[2024-02-06T23:29:41.304+0100] {processor.py:183} INFO - Processing /home/ubuntu/.local/lib/python3.10/site-packages/airflow/example_dags/example_setup_teardown.py took 5.730 seconds
