[2024-02-06T21:28:42.647+0100] {processor.py:161} INFO - Started process (PID=23991) to work on /home/ubuntu/.local/lib/python3.10/site-packages/airflow/example_dags/example_branch_datetime_operator.py
[2024-02-06T21:28:42.648+0100] {processor.py:830} INFO - Processing file /home/ubuntu/.local/lib/python3.10/site-packages/airflow/example_dags/example_branch_datetime_operator.py for tasks to queue
[2024-02-06T21:28:42.650+0100] {logging_mixin.py:188} INFO - [2024-02-06T21:28:42.649+0100] {dagbag.py:538} INFO - Filling up the DagBag from /home/ubuntu/.local/lib/python3.10/site-packages/airflow/example_dags/example_branch_datetime_operator.py
[2024-02-06T21:28:42.669+0100] {processor.py:840} INFO - DAG(s) 'example_branch_datetime_operator', 'example_branch_datetime_operator_3', 'example_branch_datetime_operator_2' retrieved from /home/ubuntu/.local/lib/python3.10/site-packages/airflow/example_dags/example_branch_datetime_operator.py
[2024-02-06T21:28:42.827+0100] {logging_mixin.py:188} INFO - [2024-02-06T21:28:42.826+0100] {dag.py:3036} INFO - Sync 3 DAGs
[2024-02-06T21:28:42.850+0100] {logging_mixin.py:188} INFO - [2024-02-06T21:28:42.850+0100] {dag.py:3823} INFO - Setting next_dagrun for example_branch_datetime_operator to 2024-02-05 00:00:00+00:00, run_after=2024-02-06 00:00:00+00:00
[2024-02-06T21:28:42.856+0100] {logging_mixin.py:188} INFO - [2024-02-06T21:28:42.856+0100] {dag.py:3823} INFO - Setting next_dagrun for example_branch_datetime_operator_2 to 2024-02-05 00:00:00+00:00, run_after=2024-02-06 00:00:00+00:00
[2024-02-06T21:28:42.859+0100] {logging_mixin.py:188} INFO - [2024-02-06T21:28:42.859+0100] {dag.py:3823} INFO - Setting next_dagrun for example_branch_datetime_operator_3 to 2024-02-05 00:00:00+00:00, run_after=2024-02-06 00:00:00+00:00
[2024-02-06T21:28:42.973+0100] {processor.py:183} INFO - Processing /home/ubuntu/.local/lib/python3.10/site-packages/airflow/example_dags/example_branch_datetime_operator.py took 0.330 seconds
[2024-02-06T21:30:06.129+0100] {processor.py:161} INFO - Started process (PID=24602) to work on /home/ubuntu/.local/lib/python3.10/site-packages/airflow/example_dags/example_branch_datetime_operator.py
[2024-02-06T21:30:06.136+0100] {processor.py:830} INFO - Processing file /home/ubuntu/.local/lib/python3.10/site-packages/airflow/example_dags/example_branch_datetime_operator.py for tasks to queue
[2024-02-06T21:30:06.138+0100] {logging_mixin.py:188} INFO - [2024-02-06T21:30:06.137+0100] {dagbag.py:538} INFO - Filling up the DagBag from /home/ubuntu/.local/lib/python3.10/site-packages/airflow/example_dags/example_branch_datetime_operator.py
[2024-02-06T21:30:06.170+0100] {processor.py:840} INFO - DAG(s) 'example_branch_datetime_operator', 'example_branch_datetime_operator_2', 'example_branch_datetime_operator_3' retrieved from /home/ubuntu/.local/lib/python3.10/site-packages/airflow/example_dags/example_branch_datetime_operator.py
[2024-02-06T21:30:06.230+0100] {logging_mixin.py:188} INFO - [2024-02-06T21:30:06.230+0100] {dag.py:3036} INFO - Sync 3 DAGs
[2024-02-06T21:30:06.304+0100] {logging_mixin.py:188} INFO - [2024-02-06T21:30:06.304+0100] {dag.py:3823} INFO - Setting next_dagrun for example_branch_datetime_operator to 2024-02-05 00:00:00+00:00, run_after=2024-02-06 00:00:00+00:00
[2024-02-06T21:30:06.312+0100] {logging_mixin.py:188} INFO - [2024-02-06T21:30:06.311+0100] {dag.py:3823} INFO - Setting next_dagrun for example_branch_datetime_operator_2 to 2024-02-05 00:00:00+00:00, run_after=2024-02-06 00:00:00+00:00
[2024-02-06T21:30:06.320+0100] {logging_mixin.py:188} INFO - [2024-02-06T21:30:06.319+0100] {dag.py:3823} INFO - Setting next_dagrun for example_branch_datetime_operator_3 to 2024-02-05 00:00:00+00:00, run_after=2024-02-06 00:00:00+00:00
[2024-02-06T21:30:06.372+0100] {processor.py:183} INFO - Processing /home/ubuntu/.local/lib/python3.10/site-packages/airflow/example_dags/example_branch_datetime_operator.py took 0.254 seconds
[2024-02-06T21:31:44.402+0100] {processor.py:161} INFO - Started process (PID=25089) to work on /home/ubuntu/.local/lib/python3.10/site-packages/airflow/example_dags/example_branch_datetime_operator.py
[2024-02-06T21:31:44.406+0100] {processor.py:830} INFO - Processing file /home/ubuntu/.local/lib/python3.10/site-packages/airflow/example_dags/example_branch_datetime_operator.py for tasks to queue
[2024-02-06T21:31:44.408+0100] {logging_mixin.py:188} INFO - [2024-02-06T21:31:44.407+0100] {dagbag.py:538} INFO - Filling up the DagBag from /home/ubuntu/.local/lib/python3.10/site-packages/airflow/example_dags/example_branch_datetime_operator.py
[2024-02-06T21:31:44.432+0100] {processor.py:840} INFO - DAG(s) 'example_branch_datetime_operator', 'example_branch_datetime_operator_3', 'example_branch_datetime_operator_2' retrieved from /home/ubuntu/.local/lib/python3.10/site-packages/airflow/example_dags/example_branch_datetime_operator.py
[2024-02-06T21:31:44.475+0100] {logging_mixin.py:188} INFO - [2024-02-06T21:31:44.475+0100] {dag.py:3036} INFO - Sync 3 DAGs
[2024-02-06T21:31:44.520+0100] {logging_mixin.py:188} INFO - [2024-02-06T21:31:44.519+0100] {dag.py:3823} INFO - Setting next_dagrun for example_branch_datetime_operator to 2024-02-05 00:00:00+00:00, run_after=2024-02-06 00:00:00+00:00
[2024-02-06T21:31:44.529+0100] {logging_mixin.py:188} INFO - [2024-02-06T21:31:44.528+0100] {dag.py:3823} INFO - Setting next_dagrun for example_branch_datetime_operator_2 to 2024-02-05 00:00:00+00:00, run_after=2024-02-06 00:00:00+00:00
[2024-02-06T21:31:44.533+0100] {logging_mixin.py:188} INFO - [2024-02-06T21:31:44.532+0100] {dag.py:3823} INFO - Setting next_dagrun for example_branch_datetime_operator_3 to 2024-02-05 00:00:00+00:00, run_after=2024-02-06 00:00:00+00:00
[2024-02-06T21:31:44.601+0100] {processor.py:183} INFO - Processing /home/ubuntu/.local/lib/python3.10/site-packages/airflow/example_dags/example_branch_datetime_operator.py took 0.205 seconds
[2024-02-06T21:33:00.292+0100] {processor.py:161} INFO - Started process (PID=25315) to work on /home/ubuntu/.local/lib/python3.10/site-packages/airflow/example_dags/example_branch_datetime_operator.py
[2024-02-06T21:33:00.315+0100] {processor.py:830} INFO - Processing file /home/ubuntu/.local/lib/python3.10/site-packages/airflow/example_dags/example_branch_datetime_operator.py for tasks to queue
[2024-02-06T21:33:00.320+0100] {logging_mixin.py:188} INFO - [2024-02-06T21:33:00.319+0100] {dagbag.py:538} INFO - Filling up the DagBag from /home/ubuntu/.local/lib/python3.10/site-packages/airflow/example_dags/example_branch_datetime_operator.py
[2024-02-06T21:33:00.354+0100] {processor.py:840} INFO - DAG(s) 'example_branch_datetime_operator_2', 'example_branch_datetime_operator', 'example_branch_datetime_operator_3' retrieved from /home/ubuntu/.local/lib/python3.10/site-packages/airflow/example_dags/example_branch_datetime_operator.py
[2024-02-06T21:33:00.436+0100] {logging_mixin.py:188} INFO - [2024-02-06T21:33:00.435+0100] {dag.py:3036} INFO - Sync 3 DAGs
[2024-02-06T21:33:00.519+0100] {logging_mixin.py:188} INFO - [2024-02-06T21:33:00.518+0100] {dag.py:3823} INFO - Setting next_dagrun for example_branch_datetime_operator to 2024-02-05 00:00:00+00:00, run_after=2024-02-06 00:00:00+00:00
[2024-02-06T21:33:00.536+0100] {logging_mixin.py:188} INFO - [2024-02-06T21:33:00.536+0100] {dag.py:3823} INFO - Setting next_dagrun for example_branch_datetime_operator_2 to 2024-02-05 00:00:00+00:00, run_after=2024-02-06 00:00:00+00:00
[2024-02-06T21:33:00.547+0100] {logging_mixin.py:188} INFO - [2024-02-06T21:33:00.542+0100] {dag.py:3823} INFO - Setting next_dagrun for example_branch_datetime_operator_3 to 2024-02-05 00:00:00+00:00, run_after=2024-02-06 00:00:00+00:00
[2024-02-06T21:33:00.642+0100] {processor.py:183} INFO - Processing /home/ubuntu/.local/lib/python3.10/site-packages/airflow/example_dags/example_branch_datetime_operator.py took 0.360 seconds
[2024-02-06T21:41:11.523+0100] {processor.py:161} INFO - Started process (PID=27947) to work on /home/ubuntu/.local/lib/python3.10/site-packages/airflow/example_dags/example_branch_datetime_operator.py
[2024-02-06T21:41:11.556+0100] {processor.py:830} INFO - Processing file /home/ubuntu/.local/lib/python3.10/site-packages/airflow/example_dags/example_branch_datetime_operator.py for tasks to queue
[2024-02-06T21:41:11.559+0100] {logging_mixin.py:188} INFO - [2024-02-06T21:41:11.558+0100] {dagbag.py:538} INFO - Filling up the DagBag from /home/ubuntu/.local/lib/python3.10/site-packages/airflow/example_dags/example_branch_datetime_operator.py
[2024-02-06T21:41:11.601+0100] {processor.py:840} INFO - DAG(s) 'example_branch_datetime_operator_3', 'example_branch_datetime_operator_2', 'example_branch_datetime_operator' retrieved from /home/ubuntu/.local/lib/python3.10/site-packages/airflow/example_dags/example_branch_datetime_operator.py
[2024-02-06T21:41:11.886+0100] {logging_mixin.py:188} INFO - [2024-02-06T21:41:11.886+0100] {dag.py:3036} INFO - Sync 3 DAGs
[2024-02-06T21:41:11.974+0100] {logging_mixin.py:188} INFO - [2024-02-06T21:41:11.970+0100] {dag.py:3823} INFO - Setting next_dagrun for example_branch_datetime_operator to 2024-02-05 00:00:00+00:00, run_after=2024-02-06 00:00:00+00:00
[2024-02-06T21:41:12.009+0100] {logging_mixin.py:188} INFO - [2024-02-06T21:41:12.008+0100] {dag.py:3823} INFO - Setting next_dagrun for example_branch_datetime_operator_2 to 2024-02-05 00:00:00+00:00, run_after=2024-02-06 00:00:00+00:00
[2024-02-06T21:41:12.015+0100] {logging_mixin.py:188} INFO - [2024-02-06T21:41:12.015+0100] {dag.py:3823} INFO - Setting next_dagrun for example_branch_datetime_operator_3 to 2024-02-05 00:00:00+00:00, run_after=2024-02-06 00:00:00+00:00
[2024-02-06T21:41:12.190+0100] {processor.py:183} INFO - Processing /home/ubuntu/.local/lib/python3.10/site-packages/airflow/example_dags/example_branch_datetime_operator.py took 0.699 seconds
[2024-02-06T21:41:47.360+0100] {processor.py:161} INFO - Started process (PID=28120) to work on /home/ubuntu/.local/lib/python3.10/site-packages/airflow/example_dags/example_branch_datetime_operator.py
[2024-02-06T21:41:47.363+0100] {processor.py:830} INFO - Processing file /home/ubuntu/.local/lib/python3.10/site-packages/airflow/example_dags/example_branch_datetime_operator.py for tasks to queue
[2024-02-06T21:41:47.366+0100] {logging_mixin.py:188} INFO - [2024-02-06T21:41:47.364+0100] {dagbag.py:538} INFO - Filling up the DagBag from /home/ubuntu/.local/lib/python3.10/site-packages/airflow/example_dags/example_branch_datetime_operator.py
[2024-02-06T21:41:47.398+0100] {processor.py:840} INFO - DAG(s) 'example_branch_datetime_operator_2', 'example_branch_datetime_operator_3', 'example_branch_datetime_operator' retrieved from /home/ubuntu/.local/lib/python3.10/site-packages/airflow/example_dags/example_branch_datetime_operator.py
[2024-02-06T21:41:47.488+0100] {logging_mixin.py:188} INFO - [2024-02-06T21:41:47.487+0100] {dag.py:3036} INFO - Sync 3 DAGs
[2024-02-06T21:41:47.548+0100] {logging_mixin.py:188} INFO - [2024-02-06T21:41:47.547+0100] {dag.py:3823} INFO - Setting next_dagrun for example_branch_datetime_operator to 2024-02-05 00:00:00+00:00, run_after=2024-02-06 00:00:00+00:00
[2024-02-06T21:41:47.557+0100] {logging_mixin.py:188} INFO - [2024-02-06T21:41:47.556+0100] {dag.py:3823} INFO - Setting next_dagrun for example_branch_datetime_operator_2 to 2024-02-05 00:00:00+00:00, run_after=2024-02-06 00:00:00+00:00
[2024-02-06T21:41:47.561+0100] {logging_mixin.py:188} INFO - [2024-02-06T21:41:47.561+0100] {dag.py:3823} INFO - Setting next_dagrun for example_branch_datetime_operator_3 to 2024-02-05 00:00:00+00:00, run_after=2024-02-06 00:00:00+00:00
[2024-02-06T21:41:47.627+0100] {processor.py:183} INFO - Processing /home/ubuntu/.local/lib/python3.10/site-packages/airflow/example_dags/example_branch_datetime_operator.py took 0.277 seconds
[2024-02-06T21:42:34.650+0100] {processor.py:161} INFO - Started process (PID=28417) to work on /home/ubuntu/.local/lib/python3.10/site-packages/airflow/example_dags/example_branch_datetime_operator.py
[2024-02-06T21:42:34.659+0100] {processor.py:830} INFO - Processing file /home/ubuntu/.local/lib/python3.10/site-packages/airflow/example_dags/example_branch_datetime_operator.py for tasks to queue
[2024-02-06T21:42:34.662+0100] {logging_mixin.py:188} INFO - [2024-02-06T21:42:34.661+0100] {dagbag.py:538} INFO - Filling up the DagBag from /home/ubuntu/.local/lib/python3.10/site-packages/airflow/example_dags/example_branch_datetime_operator.py
[2024-02-06T21:42:34.706+0100] {processor.py:840} INFO - DAG(s) 'example_branch_datetime_operator_3', 'example_branch_datetime_operator', 'example_branch_datetime_operator_2' retrieved from /home/ubuntu/.local/lib/python3.10/site-packages/airflow/example_dags/example_branch_datetime_operator.py
[2024-02-06T21:42:34.775+0100] {logging_mixin.py:188} INFO - [2024-02-06T21:42:34.774+0100] {dag.py:3036} INFO - Sync 3 DAGs
[2024-02-06T21:42:34.826+0100] {logging_mixin.py:188} INFO - [2024-02-06T21:42:34.825+0100] {dag.py:3823} INFO - Setting next_dagrun for example_branch_datetime_operator to 2024-02-05 00:00:00+00:00, run_after=2024-02-06 00:00:00+00:00
[2024-02-06T21:42:34.842+0100] {logging_mixin.py:188} INFO - [2024-02-06T21:42:34.841+0100] {dag.py:3823} INFO - Setting next_dagrun for example_branch_datetime_operator_2 to 2024-02-05 00:00:00+00:00, run_after=2024-02-06 00:00:00+00:00
[2024-02-06T21:42:34.849+0100] {logging_mixin.py:188} INFO - [2024-02-06T21:42:34.848+0100] {dag.py:3823} INFO - Setting next_dagrun for example_branch_datetime_operator_3 to 2024-02-05 00:00:00+00:00, run_after=2024-02-06 00:00:00+00:00
[2024-02-06T21:42:34.926+0100] {processor.py:183} INFO - Processing /home/ubuntu/.local/lib/python3.10/site-packages/airflow/example_dags/example_branch_datetime_operator.py took 0.306 seconds
[2024-02-06T21:43:13.214+0100] {processor.py:161} INFO - Started process (PID=28662) to work on /home/ubuntu/.local/lib/python3.10/site-packages/airflow/example_dags/example_branch_datetime_operator.py
[2024-02-06T21:43:13.216+0100] {processor.py:830} INFO - Processing file /home/ubuntu/.local/lib/python3.10/site-packages/airflow/example_dags/example_branch_datetime_operator.py for tasks to queue
[2024-02-06T21:43:13.219+0100] {logging_mixin.py:188} INFO - [2024-02-06T21:43:13.217+0100] {dagbag.py:538} INFO - Filling up the DagBag from /home/ubuntu/.local/lib/python3.10/site-packages/airflow/example_dags/example_branch_datetime_operator.py
[2024-02-06T21:43:13.238+0100] {processor.py:840} INFO - DAG(s) 'example_branch_datetime_operator_3', 'example_branch_datetime_operator', 'example_branch_datetime_operator_2' retrieved from /home/ubuntu/.local/lib/python3.10/site-packages/airflow/example_dags/example_branch_datetime_operator.py
[2024-02-06T21:43:13.277+0100] {logging_mixin.py:188} INFO - [2024-02-06T21:43:13.277+0100] {dag.py:3036} INFO - Sync 3 DAGs
[2024-02-06T21:43:13.314+0100] {logging_mixin.py:188} INFO - [2024-02-06T21:43:13.314+0100] {dag.py:3823} INFO - Setting next_dagrun for example_branch_datetime_operator to 2024-02-05 00:00:00+00:00, run_after=2024-02-06 00:00:00+00:00
[2024-02-06T21:43:13.324+0100] {logging_mixin.py:188} INFO - [2024-02-06T21:43:13.324+0100] {dag.py:3823} INFO - Setting next_dagrun for example_branch_datetime_operator_2 to 2024-02-05 00:00:00+00:00, run_after=2024-02-06 00:00:00+00:00
[2024-02-06T21:43:13.328+0100] {logging_mixin.py:188} INFO - [2024-02-06T21:43:13.328+0100] {dag.py:3823} INFO - Setting next_dagrun for example_branch_datetime_operator_3 to 2024-02-05 00:00:00+00:00, run_after=2024-02-06 00:00:00+00:00
[2024-02-06T21:43:13.379+0100] {processor.py:183} INFO - Processing /home/ubuntu/.local/lib/python3.10/site-packages/airflow/example_dags/example_branch_datetime_operator.py took 0.171 seconds
[2024-02-06T21:43:44.584+0100] {processor.py:161} INFO - Started process (PID=28846) to work on /home/ubuntu/.local/lib/python3.10/site-packages/airflow/example_dags/example_branch_datetime_operator.py
[2024-02-06T21:43:44.586+0100] {processor.py:830} INFO - Processing file /home/ubuntu/.local/lib/python3.10/site-packages/airflow/example_dags/example_branch_datetime_operator.py for tasks to queue
[2024-02-06T21:43:44.588+0100] {logging_mixin.py:188} INFO - [2024-02-06T21:43:44.588+0100] {dagbag.py:538} INFO - Filling up the DagBag from /home/ubuntu/.local/lib/python3.10/site-packages/airflow/example_dags/example_branch_datetime_operator.py
[2024-02-06T21:43:44.622+0100] {processor.py:840} INFO - DAG(s) 'example_branch_datetime_operator', 'example_branch_datetime_operator_3', 'example_branch_datetime_operator_2' retrieved from /home/ubuntu/.local/lib/python3.10/site-packages/airflow/example_dags/example_branch_datetime_operator.py
[2024-02-06T21:43:44.681+0100] {logging_mixin.py:188} INFO - [2024-02-06T21:43:44.680+0100] {dag.py:3036} INFO - Sync 3 DAGs
[2024-02-06T21:43:44.744+0100] {logging_mixin.py:188} INFO - [2024-02-06T21:43:44.743+0100] {dag.py:3823} INFO - Setting next_dagrun for example_branch_datetime_operator to 2024-02-05 00:00:00+00:00, run_after=2024-02-06 00:00:00+00:00
[2024-02-06T21:43:44.754+0100] {logging_mixin.py:188} INFO - [2024-02-06T21:43:44.754+0100] {dag.py:3823} INFO - Setting next_dagrun for example_branch_datetime_operator_2 to 2024-02-05 00:00:00+00:00, run_after=2024-02-06 00:00:00+00:00
[2024-02-06T21:43:44.762+0100] {logging_mixin.py:188} INFO - [2024-02-06T21:43:44.762+0100] {dag.py:3823} INFO - Setting next_dagrun for example_branch_datetime_operator_3 to 2024-02-05 00:00:00+00:00, run_after=2024-02-06 00:00:00+00:00
[2024-02-06T21:43:44.821+0100] {processor.py:183} INFO - Processing /home/ubuntu/.local/lib/python3.10/site-packages/airflow/example_dags/example_branch_datetime_operator.py took 0.244 seconds
[2024-02-06T21:44:24.351+0100] {processor.py:161} INFO - Started process (PID=29031) to work on /home/ubuntu/.local/lib/python3.10/site-packages/airflow/example_dags/example_branch_datetime_operator.py
[2024-02-06T21:44:24.361+0100] {processor.py:830} INFO - Processing file /home/ubuntu/.local/lib/python3.10/site-packages/airflow/example_dags/example_branch_datetime_operator.py for tasks to queue
[2024-02-06T21:44:24.367+0100] {logging_mixin.py:188} INFO - [2024-02-06T21:44:24.362+0100] {dagbag.py:538} INFO - Filling up the DagBag from /home/ubuntu/.local/lib/python3.10/site-packages/airflow/example_dags/example_branch_datetime_operator.py
[2024-02-06T21:44:24.411+0100] {processor.py:840} INFO - DAG(s) 'example_branch_datetime_operator_2', 'example_branch_datetime_operator_3', 'example_branch_datetime_operator' retrieved from /home/ubuntu/.local/lib/python3.10/site-packages/airflow/example_dags/example_branch_datetime_operator.py
[2024-02-06T21:44:24.534+0100] {logging_mixin.py:188} INFO - [2024-02-06T21:44:24.533+0100] {dag.py:3036} INFO - Sync 3 DAGs
[2024-02-06T21:44:24.606+0100] {logging_mixin.py:188} INFO - [2024-02-06T21:44:24.605+0100] {dag.py:3823} INFO - Setting next_dagrun for example_branch_datetime_operator to 2024-02-05 00:00:00+00:00, run_after=2024-02-06 00:00:00+00:00
[2024-02-06T21:44:24.620+0100] {logging_mixin.py:188} INFO - [2024-02-06T21:44:24.619+0100] {dag.py:3823} INFO - Setting next_dagrun for example_branch_datetime_operator_2 to 2024-02-05 00:00:00+00:00, run_after=2024-02-06 00:00:00+00:00
[2024-02-06T21:44:24.629+0100] {logging_mixin.py:188} INFO - [2024-02-06T21:44:24.626+0100] {dag.py:3823} INFO - Setting next_dagrun for example_branch_datetime_operator_3 to 2024-02-05 00:00:00+00:00, run_after=2024-02-06 00:00:00+00:00
[2024-02-06T21:44:24.695+0100] {processor.py:183} INFO - Processing /home/ubuntu/.local/lib/python3.10/site-packages/airflow/example_dags/example_branch_datetime_operator.py took 0.351 seconds
[2024-02-06T21:54:52.206+0100] {processor.py:161} INFO - Started process (PID=31502) to work on /home/ubuntu/.local/lib/python3.10/site-packages/airflow/example_dags/example_branch_datetime_operator.py
[2024-02-06T21:54:52.210+0100] {processor.py:830} INFO - Processing file /home/ubuntu/.local/lib/python3.10/site-packages/airflow/example_dags/example_branch_datetime_operator.py for tasks to queue
[2024-02-06T21:54:52.213+0100] {logging_mixin.py:188} INFO - [2024-02-06T21:54:52.212+0100] {dagbag.py:538} INFO - Filling up the DagBag from /home/ubuntu/.local/lib/python3.10/site-packages/airflow/example_dags/example_branch_datetime_operator.py
[2024-02-06T21:54:52.236+0100] {processor.py:840} INFO - DAG(s) 'example_branch_datetime_operator_3', 'example_branch_datetime_operator_2', 'example_branch_datetime_operator' retrieved from /home/ubuntu/.local/lib/python3.10/site-packages/airflow/example_dags/example_branch_datetime_operator.py
[2024-02-06T21:54:52.476+0100] {logging_mixin.py:188} INFO - [2024-02-06T21:54:52.476+0100] {dag.py:3036} INFO - Sync 3 DAGs
[2024-02-06T21:54:52.531+0100] {logging_mixin.py:188} INFO - [2024-02-06T21:54:52.530+0100] {dag.py:3823} INFO - Setting next_dagrun for example_branch_datetime_operator to 2024-02-05 00:00:00+00:00, run_after=2024-02-06 00:00:00+00:00
[2024-02-06T21:54:52.542+0100] {logging_mixin.py:188} INFO - [2024-02-06T21:54:52.541+0100] {dag.py:3823} INFO - Setting next_dagrun for example_branch_datetime_operator_2 to 2024-02-05 00:00:00+00:00, run_after=2024-02-06 00:00:00+00:00
[2024-02-06T21:54:52.549+0100] {logging_mixin.py:188} INFO - [2024-02-06T21:54:52.548+0100] {dag.py:3823} INFO - Setting next_dagrun for example_branch_datetime_operator_3 to 2024-02-05 00:00:00+00:00, run_after=2024-02-06 00:00:00+00:00
[2024-02-06T21:54:52.623+0100] {processor.py:183} INFO - Processing /home/ubuntu/.local/lib/python3.10/site-packages/airflow/example_dags/example_branch_datetime_operator.py took 0.424 seconds
[2024-02-06T21:56:25.176+0100] {processor.py:161} INFO - Started process (PID=32357) to work on /home/ubuntu/.local/lib/python3.10/site-packages/airflow/example_dags/example_branch_datetime_operator.py
[2024-02-06T21:56:25.185+0100] {processor.py:830} INFO - Processing file /home/ubuntu/.local/lib/python3.10/site-packages/airflow/example_dags/example_branch_datetime_operator.py for tasks to queue
[2024-02-06T21:56:25.188+0100] {logging_mixin.py:188} INFO - [2024-02-06T21:56:25.186+0100] {dagbag.py:538} INFO - Filling up the DagBag from /home/ubuntu/.local/lib/python3.10/site-packages/airflow/example_dags/example_branch_datetime_operator.py
[2024-02-06T21:56:25.220+0100] {processor.py:840} INFO - DAG(s) 'example_branch_datetime_operator', 'example_branch_datetime_operator_3', 'example_branch_datetime_operator_2' retrieved from /home/ubuntu/.local/lib/python3.10/site-packages/airflow/example_dags/example_branch_datetime_operator.py
[2024-02-06T21:56:25.268+0100] {logging_mixin.py:188} INFO - [2024-02-06T21:56:25.268+0100] {dag.py:3036} INFO - Sync 3 DAGs
[2024-02-06T21:56:25.335+0100] {logging_mixin.py:188} INFO - [2024-02-06T21:56:25.334+0100] {dag.py:3823} INFO - Setting next_dagrun for example_branch_datetime_operator to 2024-02-05 00:00:00+00:00, run_after=2024-02-06 00:00:00+00:00
[2024-02-06T21:56:25.352+0100] {logging_mixin.py:188} INFO - [2024-02-06T21:56:25.352+0100] {dag.py:3823} INFO - Setting next_dagrun for example_branch_datetime_operator_2 to 2024-02-05 00:00:00+00:00, run_after=2024-02-06 00:00:00+00:00
[2024-02-06T21:56:25.360+0100] {logging_mixin.py:188} INFO - [2024-02-06T21:56:25.359+0100] {dag.py:3823} INFO - Setting next_dagrun for example_branch_datetime_operator_3 to 2024-02-05 00:00:00+00:00, run_after=2024-02-06 00:00:00+00:00
[2024-02-06T21:56:25.431+0100] {processor.py:183} INFO - Processing /home/ubuntu/.local/lib/python3.10/site-packages/airflow/example_dags/example_branch_datetime_operator.py took 0.266 seconds
[2024-02-06T21:56:55.470+0100] {processor.py:161} INFO - Started process (PID=32607) to work on /home/ubuntu/.local/lib/python3.10/site-packages/airflow/example_dags/example_branch_datetime_operator.py
[2024-02-06T21:56:55.474+0100] {processor.py:830} INFO - Processing file /home/ubuntu/.local/lib/python3.10/site-packages/airflow/example_dags/example_branch_datetime_operator.py for tasks to queue
[2024-02-06T21:56:55.477+0100] {logging_mixin.py:188} INFO - [2024-02-06T21:56:55.475+0100] {dagbag.py:538} INFO - Filling up the DagBag from /home/ubuntu/.local/lib/python3.10/site-packages/airflow/example_dags/example_branch_datetime_operator.py
[2024-02-06T21:56:55.568+0100] {processor.py:840} INFO - DAG(s) 'example_branch_datetime_operator_2', 'example_branch_datetime_operator', 'example_branch_datetime_operator_3' retrieved from /home/ubuntu/.local/lib/python3.10/site-packages/airflow/example_dags/example_branch_datetime_operator.py
[2024-02-06T21:56:55.654+0100] {logging_mixin.py:188} INFO - [2024-02-06T21:56:55.654+0100] {dag.py:3036} INFO - Sync 3 DAGs
[2024-02-06T21:56:55.733+0100] {logging_mixin.py:188} INFO - [2024-02-06T21:56:55.732+0100] {dag.py:3823} INFO - Setting next_dagrun for example_branch_datetime_operator to 2024-02-05 00:00:00+00:00, run_after=2024-02-06 00:00:00+00:00
[2024-02-06T21:56:55.745+0100] {logging_mixin.py:188} INFO - [2024-02-06T21:56:55.745+0100] {dag.py:3823} INFO - Setting next_dagrun for example_branch_datetime_operator_2 to 2024-02-05 00:00:00+00:00, run_after=2024-02-06 00:00:00+00:00
[2024-02-06T21:56:55.753+0100] {logging_mixin.py:188} INFO - [2024-02-06T21:56:55.752+0100] {dag.py:3823} INFO - Setting next_dagrun for example_branch_datetime_operator_3 to 2024-02-05 00:00:00+00:00, run_after=2024-02-06 00:00:00+00:00
[2024-02-06T21:56:55.843+0100] {processor.py:183} INFO - Processing /home/ubuntu/.local/lib/python3.10/site-packages/airflow/example_dags/example_branch_datetime_operator.py took 0.384 seconds
[2024-02-06T21:57:57.372+0100] {processor.py:161} INFO - Started process (PID=33112) to work on /home/ubuntu/.local/lib/python3.10/site-packages/airflow/example_dags/example_branch_datetime_operator.py
[2024-02-06T21:57:57.382+0100] {processor.py:830} INFO - Processing file /home/ubuntu/.local/lib/python3.10/site-packages/airflow/example_dags/example_branch_datetime_operator.py for tasks to queue
[2024-02-06T21:57:57.385+0100] {logging_mixin.py:188} INFO - [2024-02-06T21:57:57.383+0100] {dagbag.py:538} INFO - Filling up the DagBag from /home/ubuntu/.local/lib/python3.10/site-packages/airflow/example_dags/example_branch_datetime_operator.py
[2024-02-06T21:57:57.449+0100] {processor.py:840} INFO - DAG(s) 'example_branch_datetime_operator_2', 'example_branch_datetime_operator_3', 'example_branch_datetime_operator' retrieved from /home/ubuntu/.local/lib/python3.10/site-packages/airflow/example_dags/example_branch_datetime_operator.py
[2024-02-06T21:57:57.504+0100] {logging_mixin.py:188} INFO - [2024-02-06T21:57:57.504+0100] {dag.py:3036} INFO - Sync 3 DAGs
[2024-02-06T21:57:57.587+0100] {logging_mixin.py:188} INFO - [2024-02-06T21:57:57.587+0100] {dag.py:3823} INFO - Setting next_dagrun for example_branch_datetime_operator to 2024-02-05 00:00:00+00:00, run_after=2024-02-06 00:00:00+00:00
[2024-02-06T21:57:57.602+0100] {logging_mixin.py:188} INFO - [2024-02-06T21:57:57.602+0100] {dag.py:3823} INFO - Setting next_dagrun for example_branch_datetime_operator_2 to 2024-02-05 00:00:00+00:00, run_after=2024-02-06 00:00:00+00:00
[2024-02-06T21:57:57.607+0100] {logging_mixin.py:188} INFO - [2024-02-06T21:57:57.607+0100] {dag.py:3823} INFO - Setting next_dagrun for example_branch_datetime_operator_3 to 2024-02-05 00:00:00+00:00, run_after=2024-02-06 00:00:00+00:00
[2024-02-06T21:57:57.756+0100] {processor.py:183} INFO - Processing /home/ubuntu/.local/lib/python3.10/site-packages/airflow/example_dags/example_branch_datetime_operator.py took 0.391 seconds
[2024-02-06T21:58:26.872+0100] {processor.py:161} INFO - Started process (PID=33464) to work on /home/ubuntu/.local/lib/python3.10/site-packages/airflow/example_dags/example_branch_datetime_operator.py
[2024-02-06T21:58:26.874+0100] {processor.py:830} INFO - Processing file /home/ubuntu/.local/lib/python3.10/site-packages/airflow/example_dags/example_branch_datetime_operator.py for tasks to queue
[2024-02-06T21:58:26.877+0100] {logging_mixin.py:188} INFO - [2024-02-06T21:58:26.876+0100] {dagbag.py:538} INFO - Filling up the DagBag from /home/ubuntu/.local/lib/python3.10/site-packages/airflow/example_dags/example_branch_datetime_operator.py
[2024-02-06T21:58:26.898+0100] {processor.py:840} INFO - DAG(s) 'example_branch_datetime_operator_2', 'example_branch_datetime_operator_3', 'example_branch_datetime_operator' retrieved from /home/ubuntu/.local/lib/python3.10/site-packages/airflow/example_dags/example_branch_datetime_operator.py
[2024-02-06T21:58:26.942+0100] {logging_mixin.py:188} INFO - [2024-02-06T21:58:26.942+0100] {dag.py:3036} INFO - Sync 3 DAGs
[2024-02-06T21:58:26.991+0100] {logging_mixin.py:188} INFO - [2024-02-06T21:58:26.991+0100] {dag.py:3823} INFO - Setting next_dagrun for example_branch_datetime_operator to 2024-02-05 00:00:00+00:00, run_after=2024-02-06 00:00:00+00:00
[2024-02-06T21:58:27.000+0100] {logging_mixin.py:188} INFO - [2024-02-06T21:58:26.999+0100] {dag.py:3823} INFO - Setting next_dagrun for example_branch_datetime_operator_2 to 2024-02-05 00:00:00+00:00, run_after=2024-02-06 00:00:00+00:00
[2024-02-06T21:58:27.005+0100] {logging_mixin.py:188} INFO - [2024-02-06T21:58:27.005+0100] {dag.py:3823} INFO - Setting next_dagrun for example_branch_datetime_operator_3 to 2024-02-05 00:00:00+00:00, run_after=2024-02-06 00:00:00+00:00
[2024-02-06T21:58:27.061+0100] {processor.py:183} INFO - Processing /home/ubuntu/.local/lib/python3.10/site-packages/airflow/example_dags/example_branch_datetime_operator.py took 0.196 seconds
[2024-02-06T22:00:08.309+0100] {processor.py:161} INFO - Started process (PID=34386) to work on /home/ubuntu/.local/lib/python3.10/site-packages/airflow/example_dags/example_branch_datetime_operator.py
[2024-02-06T22:00:08.313+0100] {processor.py:830} INFO - Processing file /home/ubuntu/.local/lib/python3.10/site-packages/airflow/example_dags/example_branch_datetime_operator.py for tasks to queue
[2024-02-06T22:00:08.315+0100] {logging_mixin.py:188} INFO - [2024-02-06T22:00:08.314+0100] {dagbag.py:538} INFO - Filling up the DagBag from /home/ubuntu/.local/lib/python3.10/site-packages/airflow/example_dags/example_branch_datetime_operator.py
[2024-02-06T22:00:08.346+0100] {processor.py:840} INFO - DAG(s) 'example_branch_datetime_operator_3', 'example_branch_datetime_operator_2', 'example_branch_datetime_operator' retrieved from /home/ubuntu/.local/lib/python3.10/site-packages/airflow/example_dags/example_branch_datetime_operator.py
[2024-02-06T22:00:08.865+0100] {logging_mixin.py:188} INFO - [2024-02-06T22:00:08.864+0100] {dag.py:3036} INFO - Sync 3 DAGs
[2024-02-06T22:00:09.001+0100] {logging_mixin.py:188} INFO - [2024-02-06T22:00:09.000+0100] {dag.py:3823} INFO - Setting next_dagrun for example_branch_datetime_operator to 2024-02-05 00:00:00+00:00, run_after=2024-02-06 00:00:00+00:00
[2024-02-06T22:00:09.022+0100] {logging_mixin.py:188} INFO - [2024-02-06T22:00:09.022+0100] {dag.py:3823} INFO - Setting next_dagrun for example_branch_datetime_operator_2 to 2024-02-05 00:00:00+00:00, run_after=2024-02-06 00:00:00+00:00
[2024-02-06T22:00:09.027+0100] {logging_mixin.py:188} INFO - [2024-02-06T22:00:09.026+0100] {dag.py:3823} INFO - Setting next_dagrun for example_branch_datetime_operator_3 to 2024-02-05 00:00:00+00:00, run_after=2024-02-06 00:00:00+00:00
[2024-02-06T22:00:09.167+0100] {processor.py:183} INFO - Processing /home/ubuntu/.local/lib/python3.10/site-packages/airflow/example_dags/example_branch_datetime_operator.py took 0.865 seconds
[2024-02-06T22:00:21.234+0100] {processor.py:161} INFO - Started process (PID=34521) to work on /home/ubuntu/.local/lib/python3.10/site-packages/airflow/example_dags/example_branch_datetime_operator.py
[2024-02-06T22:00:21.237+0100] {processor.py:830} INFO - Processing file /home/ubuntu/.local/lib/python3.10/site-packages/airflow/example_dags/example_branch_datetime_operator.py for tasks to queue
[2024-02-06T22:00:21.240+0100] {logging_mixin.py:188} INFO - [2024-02-06T22:00:21.239+0100] {dagbag.py:538} INFO - Filling up the DagBag from /home/ubuntu/.local/lib/python3.10/site-packages/airflow/example_dags/example_branch_datetime_operator.py
[2024-02-06T22:00:21.272+0100] {processor.py:840} INFO - DAG(s) 'example_branch_datetime_operator_2', 'example_branch_datetime_operator', 'example_branch_datetime_operator_3' retrieved from /home/ubuntu/.local/lib/python3.10/site-packages/airflow/example_dags/example_branch_datetime_operator.py
[2024-02-06T22:00:21.292+0100] {logging_mixin.py:188} INFO - [2024-02-06T22:00:21.291+0100] {dag.py:3036} INFO - Sync 3 DAGs
[2024-02-06T22:00:21.365+0100] {logging_mixin.py:188} INFO - [2024-02-06T22:00:21.365+0100] {dag.py:3823} INFO - Setting next_dagrun for example_branch_datetime_operator to 2024-02-05 00:00:00+00:00, run_after=2024-02-06 00:00:00+00:00
[2024-02-06T22:00:21.381+0100] {logging_mixin.py:188} INFO - [2024-02-06T22:00:21.381+0100] {dag.py:3823} INFO - Setting next_dagrun for example_branch_datetime_operator_2 to 2024-02-05 00:00:00+00:00, run_after=2024-02-06 00:00:00+00:00
[2024-02-06T22:00:21.386+0100] {logging_mixin.py:188} INFO - [2024-02-06T22:00:21.386+0100] {dag.py:3823} INFO - Setting next_dagrun for example_branch_datetime_operator_3 to 2024-02-05 00:00:00+00:00, run_after=2024-02-06 00:00:00+00:00
[2024-02-06T22:00:21.467+0100] {processor.py:183} INFO - Processing /home/ubuntu/.local/lib/python3.10/site-packages/airflow/example_dags/example_branch_datetime_operator.py took 0.250 seconds
[2024-02-06T22:01:47.372+0100] {processor.py:161} INFO - Started process (PID=35023) to work on /home/ubuntu/.local/lib/python3.10/site-packages/airflow/example_dags/example_branch_datetime_operator.py
[2024-02-06T22:01:47.375+0100] {processor.py:830} INFO - Processing file /home/ubuntu/.local/lib/python3.10/site-packages/airflow/example_dags/example_branch_datetime_operator.py for tasks to queue
[2024-02-06T22:01:47.376+0100] {logging_mixin.py:188} INFO - [2024-02-06T22:01:47.376+0100] {dagbag.py:538} INFO - Filling up the DagBag from /home/ubuntu/.local/lib/python3.10/site-packages/airflow/example_dags/example_branch_datetime_operator.py
[2024-02-06T22:01:47.402+0100] {processor.py:840} INFO - DAG(s) 'example_branch_datetime_operator_3', 'example_branch_datetime_operator_2', 'example_branch_datetime_operator' retrieved from /home/ubuntu/.local/lib/python3.10/site-packages/airflow/example_dags/example_branch_datetime_operator.py
[2024-02-06T22:01:47.538+0100] {logging_mixin.py:188} INFO - [2024-02-06T22:01:47.538+0100] {dag.py:3036} INFO - Sync 3 DAGs
[2024-02-06T22:01:47.696+0100] {logging_mixin.py:188} INFO - [2024-02-06T22:01:47.695+0100] {dag.py:3823} INFO - Setting next_dagrun for example_branch_datetime_operator to 2024-02-05 00:00:00+00:00, run_after=2024-02-06 00:00:00+00:00
[2024-02-06T22:01:47.735+0100] {logging_mixin.py:188} INFO - [2024-02-06T22:01:47.734+0100] {dag.py:3823} INFO - Setting next_dagrun for example_branch_datetime_operator_2 to 2024-02-05 00:00:00+00:00, run_after=2024-02-06 00:00:00+00:00
[2024-02-06T22:01:47.740+0100] {logging_mixin.py:188} INFO - [2024-02-06T22:01:47.739+0100] {dag.py:3823} INFO - Setting next_dagrun for example_branch_datetime_operator_3 to 2024-02-05 00:00:00+00:00, run_after=2024-02-06 00:00:00+00:00
[2024-02-06T22:01:47.914+0100] {processor.py:183} INFO - Processing /home/ubuntu/.local/lib/python3.10/site-packages/airflow/example_dags/example_branch_datetime_operator.py took 0.547 seconds
[2024-02-06T22:01:49.657+0100] {processor.py:161} INFO - Started process (PID=35090) to work on /home/ubuntu/.local/lib/python3.10/site-packages/airflow/example_dags/example_branch_datetime_operator.py
[2024-02-06T22:01:49.659+0100] {processor.py:830} INFO - Processing file /home/ubuntu/.local/lib/python3.10/site-packages/airflow/example_dags/example_branch_datetime_operator.py for tasks to queue
[2024-02-06T22:01:49.664+0100] {logging_mixin.py:188} INFO - [2024-02-06T22:01:49.660+0100] {dagbag.py:538} INFO - Filling up the DagBag from /home/ubuntu/.local/lib/python3.10/site-packages/airflow/example_dags/example_branch_datetime_operator.py
[2024-02-06T22:01:49.720+0100] {processor.py:840} INFO - DAG(s) 'example_branch_datetime_operator', 'example_branch_datetime_operator_2', 'example_branch_datetime_operator_3' retrieved from /home/ubuntu/.local/lib/python3.10/site-packages/airflow/example_dags/example_branch_datetime_operator.py
[2024-02-06T22:01:49.826+0100] {logging_mixin.py:188} INFO - [2024-02-06T22:01:49.826+0100] {dag.py:3036} INFO - Sync 3 DAGs
[2024-02-06T22:01:49.899+0100] {logging_mixin.py:188} INFO - [2024-02-06T22:01:49.898+0100] {dag.py:3823} INFO - Setting next_dagrun for example_branch_datetime_operator to 2024-02-05 00:00:00+00:00, run_after=2024-02-06 00:00:00+00:00
[2024-02-06T22:01:49.907+0100] {logging_mixin.py:188} INFO - [2024-02-06T22:01:49.906+0100] {dag.py:3823} INFO - Setting next_dagrun for example_branch_datetime_operator_2 to 2024-02-05 00:00:00+00:00, run_after=2024-02-06 00:00:00+00:00
[2024-02-06T22:01:49.911+0100] {logging_mixin.py:188} INFO - [2024-02-06T22:01:49.911+0100] {dag.py:3823} INFO - Setting next_dagrun for example_branch_datetime_operator_3 to 2024-02-05 00:00:00+00:00, run_after=2024-02-06 00:00:00+00:00
[2024-02-06T22:01:49.989+0100] {processor.py:183} INFO - Processing /home/ubuntu/.local/lib/python3.10/site-packages/airflow/example_dags/example_branch_datetime_operator.py took 0.342 seconds
[2024-02-06T22:03:23.845+0100] {processor.py:161} INFO - Started process (PID=36014) to work on /home/ubuntu/.local/lib/python3.10/site-packages/airflow/example_dags/example_branch_datetime_operator.py
[2024-02-06T22:03:23.849+0100] {processor.py:830} INFO - Processing file /home/ubuntu/.local/lib/python3.10/site-packages/airflow/example_dags/example_branch_datetime_operator.py for tasks to queue
[2024-02-06T22:03:23.853+0100] {logging_mixin.py:188} INFO - [2024-02-06T22:03:23.852+0100] {dagbag.py:538} INFO - Filling up the DagBag from /home/ubuntu/.local/lib/python3.10/site-packages/airflow/example_dags/example_branch_datetime_operator.py
[2024-02-06T22:03:23.906+0100] {processor.py:161} INFO - Started process (PID=36015) to work on /home/ubuntu/.local/lib/python3.10/site-packages/airflow/example_dags/example_branch_datetime_operator.py
[2024-02-06T22:03:23.908+0100] {processor.py:830} INFO - Processing file /home/ubuntu/.local/lib/python3.10/site-packages/airflow/example_dags/example_branch_datetime_operator.py for tasks to queue
[2024-02-06T22:03:23.915+0100] {logging_mixin.py:188} INFO - [2024-02-06T22:03:23.911+0100] {dagbag.py:538} INFO - Filling up the DagBag from /home/ubuntu/.local/lib/python3.10/site-packages/airflow/example_dags/example_branch_datetime_operator.py
[2024-02-06T22:03:23.927+0100] {processor.py:840} INFO - DAG(s) 'example_branch_datetime_operator_3', 'example_branch_datetime_operator', 'example_branch_datetime_operator_2' retrieved from /home/ubuntu/.local/lib/python3.10/site-packages/airflow/example_dags/example_branch_datetime_operator.py
[2024-02-06T22:03:23.950+0100] {processor.py:840} INFO - DAG(s) 'example_branch_datetime_operator', 'example_branch_datetime_operator_2', 'example_branch_datetime_operator_3' retrieved from /home/ubuntu/.local/lib/python3.10/site-packages/airflow/example_dags/example_branch_datetime_operator.py
[2024-02-06T22:03:23.987+0100] {logging_mixin.py:188} INFO - [2024-02-06T22:03:23.986+0100] {dag.py:3036} INFO - Sync 3 DAGs
[2024-02-06T22:03:24.033+0100] {logging_mixin.py:188} INFO - [2024-02-06T22:03:24.032+0100] {dag.py:3036} INFO - Sync 3 DAGs
[2024-02-06T22:03:24.069+0100] {logging_mixin.py:188} INFO - [2024-02-06T22:03:24.069+0100] {dag.py:3823} INFO - Setting next_dagrun for example_branch_datetime_operator to 2024-02-05 00:00:00+00:00, run_after=2024-02-06 00:00:00+00:00
[2024-02-06T22:03:24.086+0100] {logging_mixin.py:188} INFO - [2024-02-06T22:03:24.086+0100] {dag.py:3823} INFO - Setting next_dagrun for example_branch_datetime_operator_2 to 2024-02-05 00:00:00+00:00, run_after=2024-02-06 00:00:00+00:00
[2024-02-06T22:03:24.094+0100] {logging_mixin.py:188} INFO - [2024-02-06T22:03:24.093+0100] {dag.py:3823} INFO - Setting next_dagrun for example_branch_datetime_operator_3 to 2024-02-05 00:00:00+00:00, run_after=2024-02-06 00:00:00+00:00
[2024-02-06T22:03:24.095+0100] {logging_mixin.py:188} INFO - [2024-02-06T22:03:24.095+0100] {dag.py:3823} INFO - Setting next_dagrun for example_branch_datetime_operator to 2024-02-05 00:00:00+00:00, run_after=2024-02-06 00:00:00+00:00
[2024-02-06T22:03:24.109+0100] {logging_mixin.py:188} INFO - [2024-02-06T22:03:24.109+0100] {dag.py:3823} INFO - Setting next_dagrun for example_branch_datetime_operator_2 to 2024-02-05 00:00:00+00:00, run_after=2024-02-06 00:00:00+00:00
[2024-02-06T22:03:24.118+0100] {logging_mixin.py:188} INFO - [2024-02-06T22:03:24.118+0100] {dag.py:3823} INFO - Setting next_dagrun for example_branch_datetime_operator_3 to 2024-02-05 00:00:00+00:00, run_after=2024-02-06 00:00:00+00:00
[2024-02-06T22:03:24.246+0100] {processor.py:183} INFO - Processing /home/ubuntu/.local/lib/python3.10/site-packages/airflow/example_dags/example_branch_datetime_operator.py took 0.417 seconds
[2024-02-06T22:03:24.281+0100] {processor.py:183} INFO - Processing /home/ubuntu/.local/lib/python3.10/site-packages/airflow/example_dags/example_branch_datetime_operator.py took 0.389 seconds
[2024-02-06T22:07:08.925+0100] {processor.py:161} INFO - Started process (PID=37933) to work on /home/ubuntu/.local/lib/python3.10/site-packages/airflow/example_dags/example_branch_datetime_operator.py
[2024-02-06T22:07:08.930+0100] {processor.py:830} INFO - Processing file /home/ubuntu/.local/lib/python3.10/site-packages/airflow/example_dags/example_branch_datetime_operator.py for tasks to queue
[2024-02-06T22:07:08.931+0100] {logging_mixin.py:188} INFO - [2024-02-06T22:07:08.931+0100] {dagbag.py:538} INFO - Filling up the DagBag from /home/ubuntu/.local/lib/python3.10/site-packages/airflow/example_dags/example_branch_datetime_operator.py
[2024-02-06T22:07:08.952+0100] {processor.py:840} INFO - DAG(s) 'example_branch_datetime_operator_3', 'example_branch_datetime_operator', 'example_branch_datetime_operator_2' retrieved from /home/ubuntu/.local/lib/python3.10/site-packages/airflow/example_dags/example_branch_datetime_operator.py
[2024-02-06T22:07:09.224+0100] {logging_mixin.py:188} INFO - [2024-02-06T22:07:09.222+0100] {dag.py:3036} INFO - Sync 3 DAGs
[2024-02-06T22:07:09.285+0100] {logging_mixin.py:188} INFO - [2024-02-06T22:07:09.285+0100] {dag.py:3823} INFO - Setting next_dagrun for example_branch_datetime_operator to 2024-02-05 00:00:00+00:00, run_after=2024-02-06 00:00:00+00:00
[2024-02-06T22:07:09.298+0100] {logging_mixin.py:188} INFO - [2024-02-06T22:07:09.297+0100] {dag.py:3823} INFO - Setting next_dagrun for example_branch_datetime_operator_2 to 2024-02-05 00:00:00+00:00, run_after=2024-02-06 00:00:00+00:00
[2024-02-06T22:07:09.309+0100] {logging_mixin.py:188} INFO - [2024-02-06T22:07:09.308+0100] {dag.py:3823} INFO - Setting next_dagrun for example_branch_datetime_operator_3 to 2024-02-05 00:00:00+00:00, run_after=2024-02-06 00:00:00+00:00
[2024-02-06T22:07:09.436+0100] {processor.py:183} INFO - Processing /home/ubuntu/.local/lib/python3.10/site-packages/airflow/example_dags/example_branch_datetime_operator.py took 0.517 seconds
[2024-02-06T22:14:02.318+0100] {processor.py:161} INFO - Started process (PID=40567) to work on /home/ubuntu/.local/lib/python3.10/site-packages/airflow/example_dags/example_branch_datetime_operator.py
[2024-02-06T22:14:02.323+0100] {processor.py:830} INFO - Processing file /home/ubuntu/.local/lib/python3.10/site-packages/airflow/example_dags/example_branch_datetime_operator.py for tasks to queue
[2024-02-06T22:14:02.325+0100] {logging_mixin.py:188} INFO - [2024-02-06T22:14:02.325+0100] {dagbag.py:538} INFO - Filling up the DagBag from /home/ubuntu/.local/lib/python3.10/site-packages/airflow/example_dags/example_branch_datetime_operator.py
[2024-02-06T22:14:02.360+0100] {processor.py:840} INFO - DAG(s) 'example_branch_datetime_operator_2', 'example_branch_datetime_operator_3', 'example_branch_datetime_operator' retrieved from /home/ubuntu/.local/lib/python3.10/site-packages/airflow/example_dags/example_branch_datetime_operator.py
[2024-02-06T22:14:03.021+0100] {logging_mixin.py:188} INFO - [2024-02-06T22:14:03.021+0100] {dag.py:3036} INFO - Sync 3 DAGs
[2024-02-06T22:14:03.122+0100] {logging_mixin.py:188} INFO - [2024-02-06T22:14:03.121+0100] {dag.py:3823} INFO - Setting next_dagrun for example_branch_datetime_operator to 2024-02-05 00:00:00+00:00, run_after=2024-02-06 00:00:00+00:00
[2024-02-06T22:14:03.132+0100] {logging_mixin.py:188} INFO - [2024-02-06T22:14:03.131+0100] {dag.py:3823} INFO - Setting next_dagrun for example_branch_datetime_operator_2 to 2024-02-05 00:00:00+00:00, run_after=2024-02-06 00:00:00+00:00
[2024-02-06T22:14:03.154+0100] {logging_mixin.py:188} INFO - [2024-02-06T22:14:03.153+0100] {dag.py:3823} INFO - Setting next_dagrun for example_branch_datetime_operator_3 to 2024-02-05 00:00:00+00:00, run_after=2024-02-06 00:00:00+00:00
[2024-02-06T22:14:03.550+0100] {processor.py:183} INFO - Processing /home/ubuntu/.local/lib/python3.10/site-packages/airflow/example_dags/example_branch_datetime_operator.py took 1.254 seconds
[2024-02-06T22:15:55.990+0100] {processor.py:161} INFO - Started process (PID=41699) to work on /home/ubuntu/.local/lib/python3.10/site-packages/airflow/example_dags/example_branch_datetime_operator.py
[2024-02-06T22:15:55.994+0100] {processor.py:830} INFO - Processing file /home/ubuntu/.local/lib/python3.10/site-packages/airflow/example_dags/example_branch_datetime_operator.py for tasks to queue
[2024-02-06T22:15:55.996+0100] {logging_mixin.py:188} INFO - [2024-02-06T22:15:55.995+0100] {dagbag.py:538} INFO - Filling up the DagBag from /home/ubuntu/.local/lib/python3.10/site-packages/airflow/example_dags/example_branch_datetime_operator.py
[2024-02-06T22:15:56.024+0100] {processor.py:840} INFO - DAG(s) 'example_branch_datetime_operator_2', 'example_branch_datetime_operator', 'example_branch_datetime_operator_3' retrieved from /home/ubuntu/.local/lib/python3.10/site-packages/airflow/example_dags/example_branch_datetime_operator.py
[2024-02-06T22:15:56.068+0100] {logging_mixin.py:188} INFO - [2024-02-06T22:15:56.067+0100] {dag.py:3036} INFO - Sync 3 DAGs
[2024-02-06T22:15:56.105+0100] {logging_mixin.py:188} INFO - [2024-02-06T22:15:56.104+0100] {dag.py:3823} INFO - Setting next_dagrun for example_branch_datetime_operator to 2024-02-05 00:00:00+00:00, run_after=2024-02-06 00:00:00+00:00
[2024-02-06T22:15:56.112+0100] {logging_mixin.py:188} INFO - [2024-02-06T22:15:56.112+0100] {dag.py:3823} INFO - Setting next_dagrun for example_branch_datetime_operator_2 to 2024-02-05 00:00:00+00:00, run_after=2024-02-06 00:00:00+00:00
[2024-02-06T22:15:56.116+0100] {logging_mixin.py:188} INFO - [2024-02-06T22:15:56.116+0100] {dag.py:3823} INFO - Setting next_dagrun for example_branch_datetime_operator_3 to 2024-02-05 00:00:00+00:00, run_after=2024-02-06 00:00:00+00:00
[2024-02-06T22:15:56.168+0100] {processor.py:183} INFO - Processing /home/ubuntu/.local/lib/python3.10/site-packages/airflow/example_dags/example_branch_datetime_operator.py took 0.187 seconds
[2024-02-06T23:15:37.178+0100] {processor.py:161} INFO - Started process (PID=64984) to work on /home/ubuntu/.local/lib/python3.10/site-packages/airflow/example_dags/example_branch_datetime_operator.py
[2024-02-06T23:15:37.184+0100] {processor.py:830} INFO - Processing file /home/ubuntu/.local/lib/python3.10/site-packages/airflow/example_dags/example_branch_datetime_operator.py for tasks to queue
[2024-02-06T23:15:37.186+0100] {logging_mixin.py:188} INFO - [2024-02-06T23:15:37.185+0100] {dagbag.py:538} INFO - Filling up the DagBag from /home/ubuntu/.local/lib/python3.10/site-packages/airflow/example_dags/example_branch_datetime_operator.py
[2024-02-06T23:15:37.218+0100] {processor.py:840} INFO - DAG(s) 'example_branch_datetime_operator_3', 'example_branch_datetime_operator_2', 'example_branch_datetime_operator' retrieved from /home/ubuntu/.local/lib/python3.10/site-packages/airflow/example_dags/example_branch_datetime_operator.py
[2024-02-06T23:15:37.618+0100] {logging_mixin.py:188} INFO - [2024-02-06T23:15:37.617+0100] {dag.py:3036} INFO - Sync 3 DAGs
[2024-02-06T23:15:37.715+0100] {logging_mixin.py:188} INFO - [2024-02-06T23:15:37.714+0100] {dag.py:3823} INFO - Setting next_dagrun for example_branch_datetime_operator to 2024-02-05 00:00:00+00:00, run_after=2024-02-06 00:00:00+00:00
[2024-02-06T23:15:37.727+0100] {logging_mixin.py:188} INFO - [2024-02-06T23:15:37.726+0100] {dag.py:3823} INFO - Setting next_dagrun for example_branch_datetime_operator_2 to 2024-02-05 00:00:00+00:00, run_after=2024-02-06 00:00:00+00:00
[2024-02-06T23:15:37.734+0100] {logging_mixin.py:188} INFO - [2024-02-06T23:15:37.733+0100] {dag.py:3823} INFO - Setting next_dagrun for example_branch_datetime_operator_3 to 2024-02-05 00:00:00+00:00, run_after=2024-02-06 00:00:00+00:00
[2024-02-06T23:15:37.871+0100] {processor.py:183} INFO - Processing /home/ubuntu/.local/lib/python3.10/site-packages/airflow/example_dags/example_branch_datetime_operator.py took 0.718 seconds
