[2024-02-06T21:27:53.687+0100] {processor.py:161} INFO - Started process (PID=23414) to work on /home/ubuntu/.local/lib/python3.10/site-packages/airflow/example_dags/example_setup_teardown_taskflow.py
[2024-02-06T21:27:53.689+0100] {processor.py:830} INFO - Processing file /home/ubuntu/.local/lib/python3.10/site-packages/airflow/example_dags/example_setup_teardown_taskflow.py for tasks to queue
[2024-02-06T21:27:53.690+0100] {logging_mixin.py:188} INFO - [2024-02-06T21:27:53.690+0100] {dagbag.py:538} INFO - Filling up the DagBag from /home/ubuntu/.local/lib/python3.10/site-packages/airflow/example_dags/example_setup_teardown_taskflow.py
[2024-02-06T21:27:53.708+0100] {processor.py:840} INFO - DAG(s) 'example_setup_teardown_taskflow' retrieved from /home/ubuntu/.local/lib/python3.10/site-packages/airflow/example_dags/example_setup_teardown_taskflow.py
[2024-02-06T21:27:53.849+0100] {logging_mixin.py:188} INFO - [2024-02-06T21:27:53.848+0100] {dag.py:3036} INFO - Sync 1 DAGs
[2024-02-06T21:27:53.881+0100] {logging_mixin.py:188} INFO - [2024-02-06T21:27:53.881+0100] {dag.py:3823} INFO - Setting next_dagrun for example_setup_teardown_taskflow to 2024-02-05 00:00:00+00:00, run_after=2024-02-06 00:00:00+00:00
[2024-02-06T21:27:54.082+0100] {processor.py:183} INFO - Processing /home/ubuntu/.local/lib/python3.10/site-packages/airflow/example_dags/example_setup_teardown_taskflow.py took 0.399 seconds
[2024-02-06T21:29:09.421+0100] {processor.py:161} INFO - Started process (PID=24113) to work on /home/ubuntu/.local/lib/python3.10/site-packages/airflow/example_dags/example_setup_teardown_taskflow.py
[2024-02-06T21:29:09.428+0100] {processor.py:830} INFO - Processing file /home/ubuntu/.local/lib/python3.10/site-packages/airflow/example_dags/example_setup_teardown_taskflow.py for tasks to queue
[2024-02-06T21:29:09.431+0100] {logging_mixin.py:188} INFO - [2024-02-06T21:29:09.430+0100] {dagbag.py:538} INFO - Filling up the DagBag from /home/ubuntu/.local/lib/python3.10/site-packages/airflow/example_dags/example_setup_teardown_taskflow.py
[2024-02-06T21:29:09.506+0100] {processor.py:840} INFO - DAG(s) 'example_setup_teardown_taskflow' retrieved from /home/ubuntu/.local/lib/python3.10/site-packages/airflow/example_dags/example_setup_teardown_taskflow.py
[2024-02-06T21:29:09.561+0100] {logging_mixin.py:188} INFO - [2024-02-06T21:29:09.561+0100] {dag.py:3036} INFO - Sync 1 DAGs
[2024-02-06T21:29:09.641+0100] {logging_mixin.py:188} INFO - [2024-02-06T21:29:09.641+0100] {dag.py:3823} INFO - Setting next_dagrun for example_setup_teardown_taskflow to 2024-02-05 00:00:00+00:00, run_after=2024-02-06 00:00:00+00:00
[2024-02-06T21:29:09.779+0100] {processor.py:183} INFO - Processing /home/ubuntu/.local/lib/python3.10/site-packages/airflow/example_dags/example_setup_teardown_taskflow.py took 0.385 seconds
[2024-02-06T21:30:56.734+0100] {processor.py:161} INFO - Started process (PID=24875) to work on /home/ubuntu/.local/lib/python3.10/site-packages/airflow/example_dags/example_setup_teardown_taskflow.py
[2024-02-06T21:30:56.752+0100] {processor.py:830} INFO - Processing file /home/ubuntu/.local/lib/python3.10/site-packages/airflow/example_dags/example_setup_teardown_taskflow.py for tasks to queue
[2024-02-06T21:30:56.758+0100] {logging_mixin.py:188} INFO - [2024-02-06T21:30:56.753+0100] {dagbag.py:538} INFO - Filling up the DagBag from /home/ubuntu/.local/lib/python3.10/site-packages/airflow/example_dags/example_setup_teardown_taskflow.py
[2024-02-06T21:30:56.848+0100] {processor.py:840} INFO - DAG(s) 'example_setup_teardown_taskflow' retrieved from /home/ubuntu/.local/lib/python3.10/site-packages/airflow/example_dags/example_setup_teardown_taskflow.py
[2024-02-06T21:30:57.008+0100] {logging_mixin.py:188} INFO - [2024-02-06T21:30:57.004+0100] {dag.py:3036} INFO - Sync 1 DAGs
[2024-02-06T21:30:57.199+0100] {logging_mixin.py:188} INFO - [2024-02-06T21:30:57.175+0100] {dag.py:3823} INFO - Setting next_dagrun for example_setup_teardown_taskflow to 2024-02-05 00:00:00+00:00, run_after=2024-02-06 00:00:00+00:00
[2024-02-06T21:30:57.575+0100] {processor.py:183} INFO - Processing /home/ubuntu/.local/lib/python3.10/site-packages/airflow/example_dags/example_setup_teardown_taskflow.py took 0.846 seconds
[2024-02-06T21:32:07.779+0100] {processor.py:161} INFO - Started process (PID=25119) to work on /home/ubuntu/.local/lib/python3.10/site-packages/airflow/example_dags/example_setup_teardown_taskflow.py
[2024-02-06T21:32:07.782+0100] {processor.py:830} INFO - Processing file /home/ubuntu/.local/lib/python3.10/site-packages/airflow/example_dags/example_setup_teardown_taskflow.py for tasks to queue
[2024-02-06T21:32:07.784+0100] {logging_mixin.py:188} INFO - [2024-02-06T21:32:07.783+0100] {dagbag.py:538} INFO - Filling up the DagBag from /home/ubuntu/.local/lib/python3.10/site-packages/airflow/example_dags/example_setup_teardown_taskflow.py
[2024-02-06T21:32:07.802+0100] {processor.py:840} INFO - DAG(s) 'example_setup_teardown_taskflow' retrieved from /home/ubuntu/.local/lib/python3.10/site-packages/airflow/example_dags/example_setup_teardown_taskflow.py
[2024-02-06T21:32:07.827+0100] {logging_mixin.py:188} INFO - [2024-02-06T21:32:07.827+0100] {dag.py:3036} INFO - Sync 1 DAGs
[2024-02-06T21:32:07.864+0100] {logging_mixin.py:188} INFO - [2024-02-06T21:32:07.864+0100] {dag.py:3823} INFO - Setting next_dagrun for example_setup_teardown_taskflow to 2024-02-05 00:00:00+00:00, run_after=2024-02-06 00:00:00+00:00
[2024-02-06T21:32:07.921+0100] {processor.py:183} INFO - Processing /home/ubuntu/.local/lib/python3.10/site-packages/airflow/example_dags/example_setup_teardown_taskflow.py took 0.151 seconds
[2024-02-06T21:33:23.703+0100] {processor.py:161} INFO - Started process (PID=25460) to work on /home/ubuntu/.local/lib/python3.10/site-packages/airflow/example_dags/example_setup_teardown_taskflow.py
[2024-02-06T21:33:23.707+0100] {processor.py:830} INFO - Processing file /home/ubuntu/.local/lib/python3.10/site-packages/airflow/example_dags/example_setup_teardown_taskflow.py for tasks to queue
[2024-02-06T21:33:23.710+0100] {logging_mixin.py:188} INFO - [2024-02-06T21:33:23.709+0100] {dagbag.py:538} INFO - Filling up the DagBag from /home/ubuntu/.local/lib/python3.10/site-packages/airflow/example_dags/example_setup_teardown_taskflow.py
[2024-02-06T21:33:23.746+0100] {processor.py:840} INFO - DAG(s) 'example_setup_teardown_taskflow' retrieved from /home/ubuntu/.local/lib/python3.10/site-packages/airflow/example_dags/example_setup_teardown_taskflow.py
[2024-02-06T21:33:23.789+0100] {logging_mixin.py:188} INFO - [2024-02-06T21:33:23.789+0100] {dag.py:3036} INFO - Sync 1 DAGs
[2024-02-06T21:33:23.886+0100] {logging_mixin.py:188} INFO - [2024-02-06T21:33:23.882+0100] {dag.py:3823} INFO - Setting next_dagrun for example_setup_teardown_taskflow to 2024-02-05 00:00:00+00:00, run_after=2024-02-06 00:00:00+00:00
[2024-02-06T21:33:24.058+0100] {processor.py:183} INFO - Processing /home/ubuntu/.local/lib/python3.10/site-packages/airflow/example_dags/example_setup_teardown_taskflow.py took 0.379 seconds
[2024-02-06T21:40:27.072+0100] {processor.py:161} INFO - Started process (PID=27622) to work on /home/ubuntu/.local/lib/python3.10/site-packages/airflow/example_dags/example_setup_teardown_taskflow.py
[2024-02-06T21:40:27.076+0100] {processor.py:830} INFO - Processing file /home/ubuntu/.local/lib/python3.10/site-packages/airflow/example_dags/example_setup_teardown_taskflow.py for tasks to queue
[2024-02-06T21:40:27.079+0100] {logging_mixin.py:188} INFO - [2024-02-06T21:40:27.078+0100] {dagbag.py:538} INFO - Filling up the DagBag from /home/ubuntu/.local/lib/python3.10/site-packages/airflow/example_dags/example_setup_teardown_taskflow.py
[2024-02-06T21:40:27.111+0100] {processor.py:840} INFO - DAG(s) 'example_setup_teardown_taskflow' retrieved from /home/ubuntu/.local/lib/python3.10/site-packages/airflow/example_dags/example_setup_teardown_taskflow.py
[2024-02-06T21:40:27.420+0100] {logging_mixin.py:188} INFO - [2024-02-06T21:40:27.419+0100] {dag.py:3036} INFO - Sync 1 DAGs
[2024-02-06T21:40:27.493+0100] {logging_mixin.py:188} INFO - [2024-02-06T21:40:27.492+0100] {dag.py:3823} INFO - Setting next_dagrun for example_setup_teardown_taskflow to 2024-02-05 00:00:00+00:00, run_after=2024-02-06 00:00:00+00:00
[2024-02-06T21:40:27.595+0100] {processor.py:183} INFO - Processing /home/ubuntu/.local/lib/python3.10/site-packages/airflow/example_dags/example_setup_teardown_taskflow.py took 0.532 seconds
[2024-02-06T21:41:07.131+0100] {processor.py:161} INFO - Started process (PID=27938) to work on /home/ubuntu/.local/lib/python3.10/site-packages/airflow/example_dags/example_setup_teardown_taskflow.py
[2024-02-06T21:41:07.134+0100] {processor.py:830} INFO - Processing file /home/ubuntu/.local/lib/python3.10/site-packages/airflow/example_dags/example_setup_teardown_taskflow.py for tasks to queue
[2024-02-06T21:41:07.136+0100] {logging_mixin.py:188} INFO - [2024-02-06T21:41:07.135+0100] {dagbag.py:538} INFO - Filling up the DagBag from /home/ubuntu/.local/lib/python3.10/site-packages/airflow/example_dags/example_setup_teardown_taskflow.py
[2024-02-06T21:41:07.159+0100] {processor.py:840} INFO - DAG(s) 'example_setup_teardown_taskflow' retrieved from /home/ubuntu/.local/lib/python3.10/site-packages/airflow/example_dags/example_setup_teardown_taskflow.py
[2024-02-06T21:41:07.190+0100] {logging_mixin.py:188} INFO - [2024-02-06T21:41:07.190+0100] {dag.py:3036} INFO - Sync 1 DAGs
[2024-02-06T21:41:07.226+0100] {logging_mixin.py:188} INFO - [2024-02-06T21:41:07.225+0100] {dag.py:3823} INFO - Setting next_dagrun for example_setup_teardown_taskflow to 2024-02-05 00:00:00+00:00, run_after=2024-02-06 00:00:00+00:00
[2024-02-06T21:41:07.280+0100] {processor.py:183} INFO - Processing /home/ubuntu/.local/lib/python3.10/site-packages/airflow/example_dags/example_setup_teardown_taskflow.py took 0.155 seconds
[2024-02-06T21:41:45.290+0100] {processor.py:161} INFO - Started process (PID=28088) to work on /home/ubuntu/.local/lib/python3.10/site-packages/airflow/example_dags/example_setup_teardown_taskflow.py
[2024-02-06T21:41:45.294+0100] {processor.py:830} INFO - Processing file /home/ubuntu/.local/lib/python3.10/site-packages/airflow/example_dags/example_setup_teardown_taskflow.py for tasks to queue
[2024-02-06T21:41:45.297+0100] {logging_mixin.py:188} INFO - [2024-02-06T21:41:45.295+0100] {dagbag.py:538} INFO - Filling up the DagBag from /home/ubuntu/.local/lib/python3.10/site-packages/airflow/example_dags/example_setup_teardown_taskflow.py
[2024-02-06T21:41:45.324+0100] {processor.py:840} INFO - DAG(s) 'example_setup_teardown_taskflow' retrieved from /home/ubuntu/.local/lib/python3.10/site-packages/airflow/example_dags/example_setup_teardown_taskflow.py
[2024-02-06T21:41:45.368+0100] {logging_mixin.py:188} INFO - [2024-02-06T21:41:45.368+0100] {dag.py:3036} INFO - Sync 1 DAGs
[2024-02-06T21:41:45.415+0100] {logging_mixin.py:188} INFO - [2024-02-06T21:41:45.415+0100] {dag.py:3823} INFO - Setting next_dagrun for example_setup_teardown_taskflow to 2024-02-05 00:00:00+00:00, run_after=2024-02-06 00:00:00+00:00
[2024-02-06T21:41:45.471+0100] {processor.py:183} INFO - Processing /home/ubuntu/.local/lib/python3.10/site-packages/airflow/example_dags/example_setup_teardown_taskflow.py took 0.189 seconds
[2024-02-06T21:42:18.879+0100] {processor.py:161} INFO - Started process (PID=28278) to work on /home/ubuntu/.local/lib/python3.10/site-packages/airflow/example_dags/example_setup_teardown_taskflow.py
[2024-02-06T21:42:18.890+0100] {processor.py:830} INFO - Processing file /home/ubuntu/.local/lib/python3.10/site-packages/airflow/example_dags/example_setup_teardown_taskflow.py for tasks to queue
[2024-02-06T21:42:18.922+0100] {logging_mixin.py:188} INFO - [2024-02-06T21:42:18.920+0100] {dagbag.py:538} INFO - Filling up the DagBag from /home/ubuntu/.local/lib/python3.10/site-packages/airflow/example_dags/example_setup_teardown_taskflow.py
[2024-02-06T21:42:19.209+0100] {processor.py:840} INFO - DAG(s) 'example_setup_teardown_taskflow' retrieved from /home/ubuntu/.local/lib/python3.10/site-packages/airflow/example_dags/example_setup_teardown_taskflow.py
[2024-02-06T21:42:19.668+0100] {logging_mixin.py:188} INFO - [2024-02-06T21:42:19.658+0100] {dag.py:3036} INFO - Sync 1 DAGs
[2024-02-06T21:42:19.888+0100] {logging_mixin.py:188} INFO - [2024-02-06T21:42:19.887+0100] {dag.py:3823} INFO - Setting next_dagrun for example_setup_teardown_taskflow to 2024-02-05 00:00:00+00:00, run_after=2024-02-06 00:00:00+00:00
[2024-02-06T21:42:19.951+0100] {processor.py:183} INFO - Processing /home/ubuntu/.local/lib/python3.10/site-packages/airflow/example_dags/example_setup_teardown_taskflow.py took 1.106 seconds
[2024-02-06T21:43:01.153+0100] {processor.py:161} INFO - Started process (PID=28562) to work on /home/ubuntu/.local/lib/python3.10/site-packages/airflow/example_dags/example_setup_teardown_taskflow.py
[2024-02-06T21:43:01.156+0100] {processor.py:830} INFO - Processing file /home/ubuntu/.local/lib/python3.10/site-packages/airflow/example_dags/example_setup_teardown_taskflow.py for tasks to queue
[2024-02-06T21:43:01.158+0100] {logging_mixin.py:188} INFO - [2024-02-06T21:43:01.157+0100] {dagbag.py:538} INFO - Filling up the DagBag from /home/ubuntu/.local/lib/python3.10/site-packages/airflow/example_dags/example_setup_teardown_taskflow.py
[2024-02-06T21:43:01.177+0100] {processor.py:840} INFO - DAG(s) 'example_setup_teardown_taskflow' retrieved from /home/ubuntu/.local/lib/python3.10/site-packages/airflow/example_dags/example_setup_teardown_taskflow.py
[2024-02-06T21:43:01.212+0100] {logging_mixin.py:188} INFO - [2024-02-06T21:43:01.212+0100] {dag.py:3036} INFO - Sync 1 DAGs
[2024-02-06T21:43:01.258+0100] {logging_mixin.py:188} INFO - [2024-02-06T21:43:01.258+0100] {dag.py:3823} INFO - Setting next_dagrun for example_setup_teardown_taskflow to 2024-02-05 00:00:00+00:00, run_after=2024-02-06 00:00:00+00:00
[2024-02-06T21:43:01.333+0100] {processor.py:183} INFO - Processing /home/ubuntu/.local/lib/python3.10/site-packages/airflow/example_dags/example_setup_teardown_taskflow.py took 0.186 seconds
[2024-02-06T21:43:35.957+0100] {processor.py:161} INFO - Started process (PID=28832) to work on /home/ubuntu/.local/lib/python3.10/site-packages/airflow/example_dags/example_setup_teardown_taskflow.py
[2024-02-06T21:43:35.959+0100] {processor.py:830} INFO - Processing file /home/ubuntu/.local/lib/python3.10/site-packages/airflow/example_dags/example_setup_teardown_taskflow.py for tasks to queue
[2024-02-06T21:43:35.960+0100] {logging_mixin.py:188} INFO - [2024-02-06T21:43:35.960+0100] {dagbag.py:538} INFO - Filling up the DagBag from /home/ubuntu/.local/lib/python3.10/site-packages/airflow/example_dags/example_setup_teardown_taskflow.py
[2024-02-06T21:43:35.985+0100] {processor.py:840} INFO - DAG(s) 'example_setup_teardown_taskflow' retrieved from /home/ubuntu/.local/lib/python3.10/site-packages/airflow/example_dags/example_setup_teardown_taskflow.py
[2024-02-06T21:43:36.014+0100] {logging_mixin.py:188} INFO - [2024-02-06T21:43:36.014+0100] {dag.py:3036} INFO - Sync 1 DAGs
[2024-02-06T21:43:36.072+0100] {logging_mixin.py:188} INFO - [2024-02-06T21:43:36.071+0100] {dag.py:3823} INFO - Setting next_dagrun for example_setup_teardown_taskflow to 2024-02-05 00:00:00+00:00, run_after=2024-02-06 00:00:00+00:00
[2024-02-06T21:43:36.299+0100] {processor.py:183} INFO - Processing /home/ubuntu/.local/lib/python3.10/site-packages/airflow/example_dags/example_setup_teardown_taskflow.py took 0.350 seconds
[2024-02-06T21:44:06.465+0100] {processor.py:161} INFO - Started process (PID=28938) to work on /home/ubuntu/.local/lib/python3.10/site-packages/airflow/example_dags/example_setup_teardown_taskflow.py
[2024-02-06T21:44:06.468+0100] {processor.py:830} INFO - Processing file /home/ubuntu/.local/lib/python3.10/site-packages/airflow/example_dags/example_setup_teardown_taskflow.py for tasks to queue
[2024-02-06T21:44:06.470+0100] {logging_mixin.py:188} INFO - [2024-02-06T21:44:06.469+0100] {dagbag.py:538} INFO - Filling up the DagBag from /home/ubuntu/.local/lib/python3.10/site-packages/airflow/example_dags/example_setup_teardown_taskflow.py
[2024-02-06T21:44:06.497+0100] {processor.py:840} INFO - DAG(s) 'example_setup_teardown_taskflow' retrieved from /home/ubuntu/.local/lib/python3.10/site-packages/airflow/example_dags/example_setup_teardown_taskflow.py
[2024-02-06T21:44:06.528+0100] {logging_mixin.py:188} INFO - [2024-02-06T21:44:06.528+0100] {dag.py:3036} INFO - Sync 1 DAGs
[2024-02-06T21:44:06.568+0100] {logging_mixin.py:188} INFO - [2024-02-06T21:44:06.568+0100] {dag.py:3823} INFO - Setting next_dagrun for example_setup_teardown_taskflow to 2024-02-05 00:00:00+00:00, run_after=2024-02-06 00:00:00+00:00
[2024-02-06T21:44:06.623+0100] {processor.py:183} INFO - Processing /home/ubuntu/.local/lib/python3.10/site-packages/airflow/example_dags/example_setup_teardown_taskflow.py took 0.164 seconds
[2024-02-06T21:44:50.442+0100] {processor.py:161} INFO - Started process (PID=29205) to work on /home/ubuntu/.local/lib/python3.10/site-packages/airflow/example_dags/example_setup_teardown_taskflow.py
[2024-02-06T21:44:50.449+0100] {processor.py:830} INFO - Processing file /home/ubuntu/.local/lib/python3.10/site-packages/airflow/example_dags/example_setup_teardown_taskflow.py for tasks to queue
[2024-02-06T21:44:50.453+0100] {logging_mixin.py:188} INFO - [2024-02-06T21:44:50.451+0100] {dagbag.py:538} INFO - Filling up the DagBag from /home/ubuntu/.local/lib/python3.10/site-packages/airflow/example_dags/example_setup_teardown_taskflow.py
[2024-02-06T21:44:50.491+0100] {processor.py:840} INFO - DAG(s) 'example_setup_teardown_taskflow' retrieved from /home/ubuntu/.local/lib/python3.10/site-packages/airflow/example_dags/example_setup_teardown_taskflow.py
[2024-02-06T21:44:50.531+0100] {logging_mixin.py:188} INFO - [2024-02-06T21:44:50.530+0100] {dag.py:3036} INFO - Sync 1 DAGs
[2024-02-06T21:44:50.583+0100] {logging_mixin.py:188} INFO - [2024-02-06T21:44:50.583+0100] {dag.py:3823} INFO - Setting next_dagrun for example_setup_teardown_taskflow to 2024-02-05 00:00:00+00:00, run_after=2024-02-06 00:00:00+00:00
[2024-02-06T21:44:50.636+0100] {processor.py:183} INFO - Processing /home/ubuntu/.local/lib/python3.10/site-packages/airflow/example_dags/example_setup_teardown_taskflow.py took 0.202 seconds
[2024-02-06T21:54:11.970+0100] {processor.py:161} INFO - Started process (PID=31109) to work on /home/ubuntu/.local/lib/python3.10/site-packages/airflow/example_dags/example_setup_teardown_taskflow.py
[2024-02-06T21:54:11.995+0100] {processor.py:830} INFO - Processing file /home/ubuntu/.local/lib/python3.10/site-packages/airflow/example_dags/example_setup_teardown_taskflow.py for tasks to queue
[2024-02-06T21:54:12.013+0100] {logging_mixin.py:188} INFO - [2024-02-06T21:54:12.007+0100] {dagbag.py:538} INFO - Filling up the DagBag from /home/ubuntu/.local/lib/python3.10/site-packages/airflow/example_dags/example_setup_teardown_taskflow.py
[2024-02-06T21:54:12.055+0100] {processor.py:840} INFO - DAG(s) 'example_setup_teardown_taskflow' retrieved from /home/ubuntu/.local/lib/python3.10/site-packages/airflow/example_dags/example_setup_teardown_taskflow.py
[2024-02-06T21:54:12.436+0100] {logging_mixin.py:188} INFO - [2024-02-06T21:54:12.435+0100] {dag.py:3036} INFO - Sync 1 DAGs
[2024-02-06T21:54:12.535+0100] {logging_mixin.py:188} INFO - [2024-02-06T21:54:12.535+0100] {dag.py:3823} INFO - Setting next_dagrun for example_setup_teardown_taskflow to 2024-02-05 00:00:00+00:00, run_after=2024-02-06 00:00:00+00:00
[2024-02-06T21:54:12.609+0100] {processor.py:183} INFO - Processing /home/ubuntu/.local/lib/python3.10/site-packages/airflow/example_dags/example_setup_teardown_taskflow.py took 0.647 seconds
[2024-02-06T21:55:24.623+0100] {processor.py:161} INFO - Started process (PID=31729) to work on /home/ubuntu/.local/lib/python3.10/site-packages/airflow/example_dags/example_setup_teardown_taskflow.py
[2024-02-06T21:55:24.633+0100] {processor.py:830} INFO - Processing file /home/ubuntu/.local/lib/python3.10/site-packages/airflow/example_dags/example_setup_teardown_taskflow.py for tasks to queue
[2024-02-06T21:55:24.636+0100] {logging_mixin.py:188} INFO - [2024-02-06T21:55:24.636+0100] {dagbag.py:538} INFO - Filling up the DagBag from /home/ubuntu/.local/lib/python3.10/site-packages/airflow/example_dags/example_setup_teardown_taskflow.py
[2024-02-06T21:55:24.656+0100] {processor.py:840} INFO - DAG(s) 'example_setup_teardown_taskflow' retrieved from /home/ubuntu/.local/lib/python3.10/site-packages/airflow/example_dags/example_setup_teardown_taskflow.py
[2024-02-06T21:55:24.681+0100] {logging_mixin.py:188} INFO - [2024-02-06T21:55:24.681+0100] {dag.py:3036} INFO - Sync 1 DAGs
[2024-02-06T21:55:24.716+0100] {logging_mixin.py:188} INFO - [2024-02-06T21:55:24.715+0100] {dag.py:3823} INFO - Setting next_dagrun for example_setup_teardown_taskflow to 2024-02-05 00:00:00+00:00, run_after=2024-02-06 00:00:00+00:00
[2024-02-06T21:55:24.784+0100] {processor.py:183} INFO - Processing /home/ubuntu/.local/lib/python3.10/site-packages/airflow/example_dags/example_setup_teardown_taskflow.py took 0.169 seconds
[2024-02-06T21:56:18.039+0100] {processor.py:161} INFO - Started process (PID=32245) to work on /home/ubuntu/.local/lib/python3.10/site-packages/airflow/example_dags/example_setup_teardown_taskflow.py
[2024-02-06T21:56:18.075+0100] {processor.py:830} INFO - Processing file /home/ubuntu/.local/lib/python3.10/site-packages/airflow/example_dags/example_setup_teardown_taskflow.py for tasks to queue
[2024-02-06T21:56:18.077+0100] {logging_mixin.py:188} INFO - [2024-02-06T21:56:18.076+0100] {dagbag.py:538} INFO - Filling up the DagBag from /home/ubuntu/.local/lib/python3.10/site-packages/airflow/example_dags/example_setup_teardown_taskflow.py
[2024-02-06T21:56:18.106+0100] {processor.py:840} INFO - DAG(s) 'example_setup_teardown_taskflow' retrieved from /home/ubuntu/.local/lib/python3.10/site-packages/airflow/example_dags/example_setup_teardown_taskflow.py
[2024-02-06T21:56:18.149+0100] {logging_mixin.py:188} INFO - [2024-02-06T21:56:18.149+0100] {dag.py:3036} INFO - Sync 1 DAGs
[2024-02-06T21:56:18.209+0100] {logging_mixin.py:188} INFO - [2024-02-06T21:56:18.209+0100] {dag.py:3823} INFO - Setting next_dagrun for example_setup_teardown_taskflow to 2024-02-05 00:00:00+00:00, run_after=2024-02-06 00:00:00+00:00
[2024-02-06T21:56:18.564+0100] {processor.py:183} INFO - Processing /home/ubuntu/.local/lib/python3.10/site-packages/airflow/example_dags/example_setup_teardown_taskflow.py took 0.535 seconds
[2024-02-06T21:56:57.359+0100] {processor.py:161} INFO - Started process (PID=32612) to work on /home/ubuntu/.local/lib/python3.10/site-packages/airflow/example_dags/example_setup_teardown_taskflow.py
[2024-02-06T21:56:57.362+0100] {processor.py:830} INFO - Processing file /home/ubuntu/.local/lib/python3.10/site-packages/airflow/example_dags/example_setup_teardown_taskflow.py for tasks to queue
[2024-02-06T21:56:57.365+0100] {logging_mixin.py:188} INFO - [2024-02-06T21:56:57.364+0100] {dagbag.py:538} INFO - Filling up the DagBag from /home/ubuntu/.local/lib/python3.10/site-packages/airflow/example_dags/example_setup_teardown_taskflow.py
[2024-02-06T21:56:57.389+0100] {processor.py:840} INFO - DAG(s) 'example_setup_teardown_taskflow' retrieved from /home/ubuntu/.local/lib/python3.10/site-packages/airflow/example_dags/example_setup_teardown_taskflow.py
[2024-02-06T21:56:57.424+0100] {logging_mixin.py:188} INFO - [2024-02-06T21:56:57.423+0100] {dag.py:3036} INFO - Sync 1 DAGs
[2024-02-06T21:56:57.471+0100] {logging_mixin.py:188} INFO - [2024-02-06T21:56:57.471+0100] {dag.py:3823} INFO - Setting next_dagrun for example_setup_teardown_taskflow to 2024-02-05 00:00:00+00:00, run_after=2024-02-06 00:00:00+00:00
[2024-02-06T21:56:57.522+0100] {processor.py:183} INFO - Processing /home/ubuntu/.local/lib/python3.10/site-packages/airflow/example_dags/example_setup_teardown_taskflow.py took 0.170 seconds
[2024-02-06T21:57:28.195+0100] {processor.py:161} INFO - Started process (PID=32790) to work on /home/ubuntu/.local/lib/python3.10/site-packages/airflow/example_dags/example_setup_teardown_taskflow.py
[2024-02-06T21:57:28.196+0100] {processor.py:830} INFO - Processing file /home/ubuntu/.local/lib/python3.10/site-packages/airflow/example_dags/example_setup_teardown_taskflow.py for tasks to queue
[2024-02-06T21:57:28.198+0100] {logging_mixin.py:188} INFO - [2024-02-06T21:57:28.197+0100] {dagbag.py:538} INFO - Filling up the DagBag from /home/ubuntu/.local/lib/python3.10/site-packages/airflow/example_dags/example_setup_teardown_taskflow.py
[2024-02-06T21:57:28.216+0100] {processor.py:840} INFO - DAG(s) 'example_setup_teardown_taskflow' retrieved from /home/ubuntu/.local/lib/python3.10/site-packages/airflow/example_dags/example_setup_teardown_taskflow.py
[2024-02-06T21:57:28.255+0100] {logging_mixin.py:188} INFO - [2024-02-06T21:57:28.254+0100] {dag.py:3036} INFO - Sync 1 DAGs
[2024-02-06T21:57:28.289+0100] {logging_mixin.py:188} INFO - [2024-02-06T21:57:28.289+0100] {dag.py:3823} INFO - Setting next_dagrun for example_setup_teardown_taskflow to 2024-02-05 00:00:00+00:00, run_after=2024-02-06 00:00:00+00:00
[2024-02-06T21:57:28.346+0100] {processor.py:183} INFO - Processing /home/ubuntu/.local/lib/python3.10/site-packages/airflow/example_dags/example_setup_teardown_taskflow.py took 0.158 seconds
[2024-02-06T21:59:04.876+0100] {processor.py:161} INFO - Started process (PID=33766) to work on /home/ubuntu/.local/lib/python3.10/site-packages/airflow/example_dags/example_setup_teardown_taskflow.py
[2024-02-06T21:59:04.888+0100] {processor.py:830} INFO - Processing file /home/ubuntu/.local/lib/python3.10/site-packages/airflow/example_dags/example_setup_teardown_taskflow.py for tasks to queue
[2024-02-06T21:59:04.890+0100] {logging_mixin.py:188} INFO - [2024-02-06T21:59:04.889+0100] {dagbag.py:538} INFO - Filling up the DagBag from /home/ubuntu/.local/lib/python3.10/site-packages/airflow/example_dags/example_setup_teardown_taskflow.py
[2024-02-06T21:59:04.953+0100] {processor.py:840} INFO - DAG(s) 'example_setup_teardown_taskflow' retrieved from /home/ubuntu/.local/lib/python3.10/site-packages/airflow/example_dags/example_setup_teardown_taskflow.py
[2024-02-06T21:59:05.415+0100] {logging_mixin.py:188} INFO - [2024-02-06T21:59:05.415+0100] {dag.py:3036} INFO - Sync 1 DAGs
[2024-02-06T21:59:05.561+0100] {logging_mixin.py:188} INFO - [2024-02-06T21:59:05.561+0100] {dag.py:3823} INFO - Setting next_dagrun for example_setup_teardown_taskflow to 2024-02-05 00:00:00+00:00, run_after=2024-02-06 00:00:00+00:00
[2024-02-06T21:59:05.775+0100] {processor.py:183} INFO - Processing /home/ubuntu/.local/lib/python3.10/site-packages/airflow/example_dags/example_setup_teardown_taskflow.py took 0.954 seconds
[2024-02-06T21:59:19.290+0100] {processor.py:161} INFO - Started process (PID=33955) to work on /home/ubuntu/.local/lib/python3.10/site-packages/airflow/example_dags/example_setup_teardown_taskflow.py
[2024-02-06T21:59:19.293+0100] {processor.py:830} INFO - Processing file /home/ubuntu/.local/lib/python3.10/site-packages/airflow/example_dags/example_setup_teardown_taskflow.py for tasks to queue
[2024-02-06T21:59:19.295+0100] {logging_mixin.py:188} INFO - [2024-02-06T21:59:19.294+0100] {dagbag.py:538} INFO - Filling up the DagBag from /home/ubuntu/.local/lib/python3.10/site-packages/airflow/example_dags/example_setup_teardown_taskflow.py
[2024-02-06T21:59:19.323+0100] {processor.py:840} INFO - DAG(s) 'example_setup_teardown_taskflow' retrieved from /home/ubuntu/.local/lib/python3.10/site-packages/airflow/example_dags/example_setup_teardown_taskflow.py
[2024-02-06T21:59:19.338+0100] {logging_mixin.py:188} INFO - [2024-02-06T21:59:19.337+0100] {dag.py:3036} INFO - Sync 1 DAGs
[2024-02-06T21:59:19.414+0100] {logging_mixin.py:188} INFO - [2024-02-06T21:59:19.414+0100] {dag.py:3823} INFO - Setting next_dagrun for example_setup_teardown_taskflow to 2024-02-05 00:00:00+00:00, run_after=2024-02-06 00:00:00+00:00
[2024-02-06T21:59:19.478+0100] {processor.py:183} INFO - Processing /home/ubuntu/.local/lib/python3.10/site-packages/airflow/example_dags/example_setup_teardown_taskflow.py took 0.196 seconds
[2024-02-06T22:00:44.876+0100] {processor.py:161} INFO - Started process (PID=34689) to work on /home/ubuntu/.local/lib/python3.10/site-packages/airflow/example_dags/example_setup_teardown_taskflow.py
[2024-02-06T22:00:44.917+0100] {processor.py:830} INFO - Processing file /home/ubuntu/.local/lib/python3.10/site-packages/airflow/example_dags/example_setup_teardown_taskflow.py for tasks to queue
[2024-02-06T22:00:44.941+0100] {logging_mixin.py:188} INFO - [2024-02-06T22:00:44.939+0100] {dagbag.py:538} INFO - Filling up the DagBag from /home/ubuntu/.local/lib/python3.10/site-packages/airflow/example_dags/example_setup_teardown_taskflow.py
[2024-02-06T22:00:45.040+0100] {processor.py:840} INFO - DAG(s) 'example_setup_teardown_taskflow' retrieved from /home/ubuntu/.local/lib/python3.10/site-packages/airflow/example_dags/example_setup_teardown_taskflow.py
[2024-02-06T22:00:45.316+0100] {logging_mixin.py:188} INFO - [2024-02-06T22:00:45.315+0100] {dag.py:3036} INFO - Sync 1 DAGs
[2024-02-06T22:00:46.421+0100] {logging_mixin.py:188} INFO - [2024-02-06T22:00:46.420+0100] {dag.py:3823} INFO - Setting next_dagrun for example_setup_teardown_taskflow to 2024-02-05 00:00:00+00:00, run_after=2024-02-06 00:00:00+00:00
[2024-02-06T22:00:47.958+0100] {processor.py:183} INFO - Processing /home/ubuntu/.local/lib/python3.10/site-packages/airflow/example_dags/example_setup_teardown_taskflow.py took 3.118 seconds
[2024-02-06T22:00:54.428+0100] {processor.py:161} INFO - Started process (PID=34812) to work on /home/ubuntu/.local/lib/python3.10/site-packages/airflow/example_dags/example_setup_teardown_taskflow.py
[2024-02-06T22:00:54.430+0100] {processor.py:830} INFO - Processing file /home/ubuntu/.local/lib/python3.10/site-packages/airflow/example_dags/example_setup_teardown_taskflow.py for tasks to queue
[2024-02-06T22:00:54.431+0100] {logging_mixin.py:188} INFO - [2024-02-06T22:00:54.431+0100] {dagbag.py:538} INFO - Filling up the DagBag from /home/ubuntu/.local/lib/python3.10/site-packages/airflow/example_dags/example_setup_teardown_taskflow.py
[2024-02-06T22:00:54.451+0100] {processor.py:840} INFO - DAG(s) 'example_setup_teardown_taskflow' retrieved from /home/ubuntu/.local/lib/python3.10/site-packages/airflow/example_dags/example_setup_teardown_taskflow.py
[2024-02-06T22:00:54.474+0100] {logging_mixin.py:188} INFO - [2024-02-06T22:00:54.473+0100] {dag.py:3036} INFO - Sync 1 DAGs
[2024-02-06T22:00:54.500+0100] {logging_mixin.py:188} INFO - [2024-02-06T22:00:54.500+0100] {dag.py:3823} INFO - Setting next_dagrun for example_setup_teardown_taskflow to 2024-02-05 00:00:00+00:00, run_after=2024-02-06 00:00:00+00:00
[2024-02-06T22:00:54.565+0100] {processor.py:183} INFO - Processing /home/ubuntu/.local/lib/python3.10/site-packages/airflow/example_dags/example_setup_teardown_taskflow.py took 0.143 seconds
[2024-02-06T22:02:15.906+0100] {processor.py:161} INFO - Started process (PID=35397) to work on /home/ubuntu/.local/lib/python3.10/site-packages/airflow/example_dags/example_setup_teardown_taskflow.py
[2024-02-06T22:02:15.908+0100] {processor.py:830} INFO - Processing file /home/ubuntu/.local/lib/python3.10/site-packages/airflow/example_dags/example_setup_teardown_taskflow.py for tasks to queue
[2024-02-06T22:02:15.911+0100] {logging_mixin.py:188} INFO - [2024-02-06T22:02:15.910+0100] {dagbag.py:538} INFO - Filling up the DagBag from /home/ubuntu/.local/lib/python3.10/site-packages/airflow/example_dags/example_setup_teardown_taskflow.py
[2024-02-06T22:02:15.987+0100] {processor.py:840} INFO - DAG(s) 'example_setup_teardown_taskflow' retrieved from /home/ubuntu/.local/lib/python3.10/site-packages/airflow/example_dags/example_setup_teardown_taskflow.py
[2024-02-06T22:02:16.056+0100] {logging_mixin.py:188} INFO - [2024-02-06T22:02:16.056+0100] {dag.py:3036} INFO - Sync 1 DAGs
[2024-02-06T22:02:16.125+0100] {logging_mixin.py:188} INFO - [2024-02-06T22:02:16.124+0100] {dag.py:3823} INFO - Setting next_dagrun for example_setup_teardown_taskflow to 2024-02-05 00:00:00+00:00, run_after=2024-02-06 00:00:00+00:00
[2024-02-06T22:02:16.326+0100] {processor.py:183} INFO - Processing /home/ubuntu/.local/lib/python3.10/site-packages/airflow/example_dags/example_setup_teardown_taskflow.py took 0.426 seconds
[2024-02-06T22:02:16.541+0100] {processor.py:161} INFO - Started process (PID=35399) to work on /home/ubuntu/.local/lib/python3.10/site-packages/airflow/example_dags/example_setup_teardown_taskflow.py
[2024-02-06T22:02:16.546+0100] {processor.py:830} INFO - Processing file /home/ubuntu/.local/lib/python3.10/site-packages/airflow/example_dags/example_setup_teardown_taskflow.py for tasks to queue
[2024-02-06T22:02:16.548+0100] {logging_mixin.py:188} INFO - [2024-02-06T22:02:16.547+0100] {dagbag.py:538} INFO - Filling up the DagBag from /home/ubuntu/.local/lib/python3.10/site-packages/airflow/example_dags/example_setup_teardown_taskflow.py
[2024-02-06T22:02:16.562+0100] {processor.py:840} INFO - DAG(s) 'example_setup_teardown_taskflow' retrieved from /home/ubuntu/.local/lib/python3.10/site-packages/airflow/example_dags/example_setup_teardown_taskflow.py
[2024-02-06T22:02:16.585+0100] {logging_mixin.py:188} INFO - [2024-02-06T22:02:16.584+0100] {dag.py:3036} INFO - Sync 1 DAGs
[2024-02-06T22:02:16.619+0100] {logging_mixin.py:188} INFO - [2024-02-06T22:02:16.619+0100] {dag.py:3823} INFO - Setting next_dagrun for example_setup_teardown_taskflow to 2024-02-05 00:00:00+00:00, run_after=2024-02-06 00:00:00+00:00
[2024-02-06T22:02:16.696+0100] {processor.py:183} INFO - Processing /home/ubuntu/.local/lib/python3.10/site-packages/airflow/example_dags/example_setup_teardown_taskflow.py took 0.169 seconds
[2024-02-06T22:03:54.801+0100] {processor.py:161} INFO - Started process (PID=36357) to work on /home/ubuntu/.local/lib/python3.10/site-packages/airflow/example_dags/example_setup_teardown_taskflow.py
[2024-02-06T22:03:54.804+0100] {processor.py:830} INFO - Processing file /home/ubuntu/.local/lib/python3.10/site-packages/airflow/example_dags/example_setup_teardown_taskflow.py for tasks to queue
[2024-02-06T22:03:54.808+0100] {logging_mixin.py:188} INFO - [2024-02-06T22:03:54.807+0100] {dagbag.py:538} INFO - Filling up the DagBag from /home/ubuntu/.local/lib/python3.10/site-packages/airflow/example_dags/example_setup_teardown_taskflow.py
[2024-02-06T22:03:54.835+0100] {processor.py:840} INFO - DAG(s) 'example_setup_teardown_taskflow' retrieved from /home/ubuntu/.local/lib/python3.10/site-packages/airflow/example_dags/example_setup_teardown_taskflow.py
[2024-02-06T22:03:54.895+0100] {logging_mixin.py:188} INFO - [2024-02-06T22:03:54.894+0100] {dag.py:3036} INFO - Sync 1 DAGs
[2024-02-06T22:03:54.950+0100] {logging_mixin.py:188} INFO - [2024-02-06T22:03:54.950+0100] {dag.py:3823} INFO - Setting next_dagrun for example_setup_teardown_taskflow to 2024-02-05 00:00:00+00:00, run_after=2024-02-06 00:00:00+00:00
[2024-02-06T22:03:55.029+0100] {processor.py:183} INFO - Processing /home/ubuntu/.local/lib/python3.10/site-packages/airflow/example_dags/example_setup_teardown_taskflow.py took 0.240 seconds
[2024-02-06T22:03:55.157+0100] {processor.py:161} INFO - Started process (PID=36358) to work on /home/ubuntu/.local/lib/python3.10/site-packages/airflow/example_dags/example_setup_teardown_taskflow.py
[2024-02-06T22:03:55.217+0100] {processor.py:830} INFO - Processing file /home/ubuntu/.local/lib/python3.10/site-packages/airflow/example_dags/example_setup_teardown_taskflow.py for tasks to queue
[2024-02-06T22:03:55.219+0100] {logging_mixin.py:188} INFO - [2024-02-06T22:03:55.218+0100] {dagbag.py:538} INFO - Filling up the DagBag from /home/ubuntu/.local/lib/python3.10/site-packages/airflow/example_dags/example_setup_teardown_taskflow.py
[2024-02-06T22:03:55.429+0100] {processor.py:840} INFO - DAG(s) 'example_setup_teardown_taskflow' retrieved from /home/ubuntu/.local/lib/python3.10/site-packages/airflow/example_dags/example_setup_teardown_taskflow.py
[2024-02-06T22:03:55.487+0100] {logging_mixin.py:188} INFO - [2024-02-06T22:03:55.486+0100] {dag.py:3036} INFO - Sync 1 DAGs
[2024-02-06T22:03:55.571+0100] {logging_mixin.py:188} INFO - [2024-02-06T22:03:55.569+0100] {dag.py:3823} INFO - Setting next_dagrun for example_setup_teardown_taskflow to 2024-02-05 00:00:00+00:00, run_after=2024-02-06 00:00:00+00:00
[2024-02-06T22:03:55.723+0100] {processor.py:183} INFO - Processing /home/ubuntu/.local/lib/python3.10/site-packages/airflow/example_dags/example_setup_teardown_taskflow.py took 0.575 seconds
[2024-02-06T22:06:21.780+0100] {processor.py:161} INFO - Started process (PID=37502) to work on /home/ubuntu/.local/lib/python3.10/site-packages/airflow/example_dags/example_setup_teardown_taskflow.py
[2024-02-06T22:06:21.784+0100] {processor.py:830} INFO - Processing file /home/ubuntu/.local/lib/python3.10/site-packages/airflow/example_dags/example_setup_teardown_taskflow.py for tasks to queue
[2024-02-06T22:06:21.787+0100] {logging_mixin.py:188} INFO - [2024-02-06T22:06:21.786+0100] {dagbag.py:538} INFO - Filling up the DagBag from /home/ubuntu/.local/lib/python3.10/site-packages/airflow/example_dags/example_setup_teardown_taskflow.py
[2024-02-06T22:06:21.820+0100] {processor.py:840} INFO - DAG(s) 'example_setup_teardown_taskflow' retrieved from /home/ubuntu/.local/lib/python3.10/site-packages/airflow/example_dags/example_setup_teardown_taskflow.py
[2024-02-06T22:06:22.181+0100] {logging_mixin.py:188} INFO - [2024-02-06T22:06:22.181+0100] {dag.py:3036} INFO - Sync 1 DAGs
[2024-02-06T22:06:22.257+0100] {logging_mixin.py:188} INFO - [2024-02-06T22:06:22.256+0100] {dag.py:3823} INFO - Setting next_dagrun for example_setup_teardown_taskflow to 2024-02-05 00:00:00+00:00, run_after=2024-02-06 00:00:00+00:00
[2024-02-06T22:06:22.332+0100] {processor.py:183} INFO - Processing /home/ubuntu/.local/lib/python3.10/site-packages/airflow/example_dags/example_setup_teardown_taskflow.py took 0.559 seconds
[2024-02-06T22:07:41.854+0100] {processor.py:161} INFO - Started process (PID=38179) to work on /home/ubuntu/.local/lib/python3.10/site-packages/airflow/example_dags/example_setup_teardown_taskflow.py
[2024-02-06T22:07:41.864+0100] {processor.py:830} INFO - Processing file /home/ubuntu/.local/lib/python3.10/site-packages/airflow/example_dags/example_setup_teardown_taskflow.py for tasks to queue
[2024-02-06T22:07:41.866+0100] {logging_mixin.py:188} INFO - [2024-02-06T22:07:41.865+0100] {dagbag.py:538} INFO - Filling up the DagBag from /home/ubuntu/.local/lib/python3.10/site-packages/airflow/example_dags/example_setup_teardown_taskflow.py
[2024-02-06T22:07:41.885+0100] {processor.py:840} INFO - DAG(s) 'example_setup_teardown_taskflow' retrieved from /home/ubuntu/.local/lib/python3.10/site-packages/airflow/example_dags/example_setup_teardown_taskflow.py
[2024-02-06T22:07:41.915+0100] {logging_mixin.py:188} INFO - [2024-02-06T22:07:41.914+0100] {dag.py:3036} INFO - Sync 1 DAGs
[2024-02-06T22:07:42.021+0100] {logging_mixin.py:188} INFO - [2024-02-06T22:07:42.014+0100] {dag.py:3823} INFO - Setting next_dagrun for example_setup_teardown_taskflow to 2024-02-05 00:00:00+00:00, run_after=2024-02-06 00:00:00+00:00
[2024-02-06T22:07:42.119+0100] {processor.py:183} INFO - Processing /home/ubuntu/.local/lib/python3.10/site-packages/airflow/example_dags/example_setup_teardown_taskflow.py took 0.271 seconds
[2024-02-06T22:10:47.458+0100] {processor.py:161} INFO - Started process (PID=39161) to work on /home/ubuntu/.local/lib/python3.10/site-packages/airflow/example_dags/example_setup_teardown_taskflow.py
[2024-02-06T22:10:47.477+0100] {processor.py:830} INFO - Processing file /home/ubuntu/.local/lib/python3.10/site-packages/airflow/example_dags/example_setup_teardown_taskflow.py for tasks to queue
[2024-02-06T22:10:47.479+0100] {logging_mixin.py:188} INFO - [2024-02-06T22:10:47.478+0100] {dagbag.py:538} INFO - Filling up the DagBag from /home/ubuntu/.local/lib/python3.10/site-packages/airflow/example_dags/example_setup_teardown_taskflow.py
[2024-02-06T22:10:47.508+0100] {processor.py:840} INFO - DAG(s) 'example_setup_teardown_taskflow' retrieved from /home/ubuntu/.local/lib/python3.10/site-packages/airflow/example_dags/example_setup_teardown_taskflow.py
[2024-02-06T22:10:47.636+0100] {logging_mixin.py:188} INFO - [2024-02-06T22:10:47.635+0100] {dag.py:3036} INFO - Sync 1 DAGs
[2024-02-06T22:10:47.657+0100] {logging_mixin.py:188} INFO - [2024-02-06T22:10:47.657+0100] {dag.py:3823} INFO - Setting next_dagrun for example_setup_teardown_taskflow to 2024-02-05 00:00:00+00:00, run_after=2024-02-06 00:00:00+00:00
[2024-02-06T22:10:47.742+0100] {processor.py:183} INFO - Processing /home/ubuntu/.local/lib/python3.10/site-packages/airflow/example_dags/example_setup_teardown_taskflow.py took 0.316 seconds
[2024-02-06T22:13:13.764+0100] {processor.py:161} INFO - Started process (PID=40087) to work on /home/ubuntu/.local/lib/python3.10/site-packages/airflow/example_dags/example_setup_teardown_taskflow.py
[2024-02-06T22:13:13.774+0100] {processor.py:830} INFO - Processing file /home/ubuntu/.local/lib/python3.10/site-packages/airflow/example_dags/example_setup_teardown_taskflow.py for tasks to queue
[2024-02-06T22:13:13.776+0100] {logging_mixin.py:188} INFO - [2024-02-06T22:13:13.775+0100] {dagbag.py:538} INFO - Filling up the DagBag from /home/ubuntu/.local/lib/python3.10/site-packages/airflow/example_dags/example_setup_teardown_taskflow.py
[2024-02-06T22:13:13.795+0100] {processor.py:840} INFO - DAG(s) 'example_setup_teardown_taskflow' retrieved from /home/ubuntu/.local/lib/python3.10/site-packages/airflow/example_dags/example_setup_teardown_taskflow.py
[2024-02-06T22:13:14.017+0100] {logging_mixin.py:188} INFO - [2024-02-06T22:13:14.016+0100] {dag.py:3036} INFO - Sync 1 DAGs
[2024-02-06T22:13:14.046+0100] {logging_mixin.py:188} INFO - [2024-02-06T22:13:14.045+0100] {dag.py:3823} INFO - Setting next_dagrun for example_setup_teardown_taskflow to 2024-02-05 00:00:00+00:00, run_after=2024-02-06 00:00:00+00:00
[2024-02-06T22:13:14.100+0100] {processor.py:183} INFO - Processing /home/ubuntu/.local/lib/python3.10/site-packages/airflow/example_dags/example_setup_teardown_taskflow.py took 0.344 seconds
[2024-02-06T22:14:44.749+0100] {processor.py:161} INFO - Started process (PID=41067) to work on /home/ubuntu/.local/lib/python3.10/site-packages/airflow/example_dags/example_setup_teardown_taskflow.py
[2024-02-06T22:14:44.756+0100] {processor.py:830} INFO - Processing file /home/ubuntu/.local/lib/python3.10/site-packages/airflow/example_dags/example_setup_teardown_taskflow.py for tasks to queue
[2024-02-06T22:14:44.764+0100] {logging_mixin.py:188} INFO - [2024-02-06T22:14:44.759+0100] {dagbag.py:538} INFO - Filling up the DagBag from /home/ubuntu/.local/lib/python3.10/site-packages/airflow/example_dags/example_setup_teardown_taskflow.py
[2024-02-06T22:14:44.805+0100] {processor.py:840} INFO - DAG(s) 'example_setup_teardown_taskflow' retrieved from /home/ubuntu/.local/lib/python3.10/site-packages/airflow/example_dags/example_setup_teardown_taskflow.py
[2024-02-06T22:14:44.906+0100] {logging_mixin.py:188} INFO - [2024-02-06T22:14:44.906+0100] {dag.py:3036} INFO - Sync 1 DAGs
[2024-02-06T22:14:44.999+0100] {logging_mixin.py:188} INFO - [2024-02-06T22:14:44.997+0100] {dag.py:3823} INFO - Setting next_dagrun for example_setup_teardown_taskflow to 2024-02-05 00:00:00+00:00, run_after=2024-02-06 00:00:00+00:00
[2024-02-06T22:14:45.071+0100] {processor.py:183} INFO - Processing /home/ubuntu/.local/lib/python3.10/site-packages/airflow/example_dags/example_setup_teardown_taskflow.py took 0.331 seconds
[2024-02-06T22:26:17.936+0100] {processor.py:161} INFO - Started process (PID=49251) to work on /home/ubuntu/.local/lib/python3.10/site-packages/airflow/example_dags/example_setup_teardown_taskflow.py
[2024-02-06T22:26:17.944+0100] {processor.py:830} INFO - Processing file /home/ubuntu/.local/lib/python3.10/site-packages/airflow/example_dags/example_setup_teardown_taskflow.py for tasks to queue
[2024-02-06T22:26:17.948+0100] {logging_mixin.py:188} INFO - [2024-02-06T22:26:17.946+0100] {dagbag.py:538} INFO - Filling up the DagBag from /home/ubuntu/.local/lib/python3.10/site-packages/airflow/example_dags/example_setup_teardown_taskflow.py
[2024-02-06T22:26:17.975+0100] {processor.py:840} INFO - DAG(s) 'example_setup_teardown_taskflow' retrieved from /home/ubuntu/.local/lib/python3.10/site-packages/airflow/example_dags/example_setup_teardown_taskflow.py
[2024-02-06T22:26:18.107+0100] {logging_mixin.py:188} INFO - [2024-02-06T22:26:18.106+0100] {dag.py:3036} INFO - Sync 1 DAGs
[2024-02-06T22:26:18.245+0100] {logging_mixin.py:188} INFO - [2024-02-06T22:26:18.245+0100] {dag.py:3823} INFO - Setting next_dagrun for example_setup_teardown_taskflow to 2024-02-05 00:00:00+00:00, run_after=2024-02-06 00:00:00+00:00
[2024-02-06T22:26:18.344+0100] {processor.py:183} INFO - Processing /home/ubuntu/.local/lib/python3.10/site-packages/airflow/example_dags/example_setup_teardown_taskflow.py took 0.425 seconds
[2024-02-06T22:28:02.855+0100] {processor.py:161} INFO - Started process (PID=50162) to work on /home/ubuntu/.local/lib/python3.10/site-packages/airflow/example_dags/example_setup_teardown_taskflow.py
[2024-02-06T22:28:02.865+0100] {processor.py:830} INFO - Processing file /home/ubuntu/.local/lib/python3.10/site-packages/airflow/example_dags/example_setup_teardown_taskflow.py for tasks to queue
[2024-02-06T22:28:02.868+0100] {logging_mixin.py:188} INFO - [2024-02-06T22:28:02.867+0100] {dagbag.py:538} INFO - Filling up the DagBag from /home/ubuntu/.local/lib/python3.10/site-packages/airflow/example_dags/example_setup_teardown_taskflow.py
[2024-02-06T22:28:02.898+0100] {processor.py:840} INFO - DAG(s) 'example_setup_teardown_taskflow' retrieved from /home/ubuntu/.local/lib/python3.10/site-packages/airflow/example_dags/example_setup_teardown_taskflow.py
[2024-02-06T22:28:03.075+0100] {logging_mixin.py:188} INFO - [2024-02-06T22:28:03.075+0100] {dag.py:3036} INFO - Sync 1 DAGs
[2024-02-06T22:28:03.122+0100] {logging_mixin.py:188} INFO - [2024-02-06T22:28:03.121+0100] {dag.py:3823} INFO - Setting next_dagrun for example_setup_teardown_taskflow to 2024-02-05 00:00:00+00:00, run_after=2024-02-06 00:00:00+00:00
[2024-02-06T22:28:03.286+0100] {processor.py:183} INFO - Processing /home/ubuntu/.local/lib/python3.10/site-packages/airflow/example_dags/example_setup_teardown_taskflow.py took 0.437 seconds
[2024-02-06T22:35:24.096+0100] {processor.py:161} INFO - Started process (PID=55647) to work on /home/ubuntu/.local/lib/python3.10/site-packages/airflow/example_dags/example_setup_teardown_taskflow.py
[2024-02-06T22:35:24.100+0100] {processor.py:830} INFO - Processing file /home/ubuntu/.local/lib/python3.10/site-packages/airflow/example_dags/example_setup_teardown_taskflow.py for tasks to queue
[2024-02-06T22:35:24.102+0100] {logging_mixin.py:188} INFO - [2024-02-06T22:35:24.101+0100] {dagbag.py:538} INFO - Filling up the DagBag from /home/ubuntu/.local/lib/python3.10/site-packages/airflow/example_dags/example_setup_teardown_taskflow.py
[2024-02-06T22:35:24.121+0100] {processor.py:840} INFO - DAG(s) 'example_setup_teardown_taskflow' retrieved from /home/ubuntu/.local/lib/python3.10/site-packages/airflow/example_dags/example_setup_teardown_taskflow.py
[2024-02-06T22:35:24.154+0100] {logging_mixin.py:188} INFO - [2024-02-06T22:35:24.153+0100] {dag.py:3036} INFO - Sync 1 DAGs
[2024-02-06T22:35:24.201+0100] {logging_mixin.py:188} INFO - [2024-02-06T22:35:24.201+0100] {dag.py:3823} INFO - Setting next_dagrun for example_setup_teardown_taskflow to 2024-02-05 00:00:00+00:00, run_after=2024-02-06 00:00:00+00:00
[2024-02-06T22:35:24.267+0100] {processor.py:183} INFO - Processing /home/ubuntu/.local/lib/python3.10/site-packages/airflow/example_dags/example_setup_teardown_taskflow.py took 0.176 seconds
[2024-02-06T23:14:18.908+0100] {processor.py:161} INFO - Started process (PID=64057) to work on /home/ubuntu/.local/lib/python3.10/site-packages/airflow/example_dags/example_setup_teardown_taskflow.py
[2024-02-06T23:14:18.923+0100] {processor.py:830} INFO - Processing file /home/ubuntu/.local/lib/python3.10/site-packages/airflow/example_dags/example_setup_teardown_taskflow.py for tasks to queue
[2024-02-06T23:14:18.929+0100] {logging_mixin.py:188} INFO - [2024-02-06T23:14:18.927+0100] {dagbag.py:538} INFO - Filling up the DagBag from /home/ubuntu/.local/lib/python3.10/site-packages/airflow/example_dags/example_setup_teardown_taskflow.py
[2024-02-06T23:14:18.968+0100] {processor.py:840} INFO - DAG(s) 'example_setup_teardown_taskflow' retrieved from /home/ubuntu/.local/lib/python3.10/site-packages/airflow/example_dags/example_setup_teardown_taskflow.py
[2024-02-06T23:14:19.401+0100] {logging_mixin.py:188} INFO - [2024-02-06T23:14:19.400+0100] {dag.py:3036} INFO - Sync 1 DAGs
[2024-02-06T23:14:19.434+0100] {logging_mixin.py:188} INFO - [2024-02-06T23:14:19.434+0100] {dag.py:3823} INFO - Setting next_dagrun for example_setup_teardown_taskflow to 2024-02-05 00:00:00+00:00, run_after=2024-02-06 00:00:00+00:00
[2024-02-06T23:14:19.541+0100] {processor.py:183} INFO - Processing /home/ubuntu/.local/lib/python3.10/site-packages/airflow/example_dags/example_setup_teardown_taskflow.py took 0.641 seconds
[2024-02-06T23:29:32.521+0100] {processor.py:161} INFO - Started process (PID=72380) to work on /home/ubuntu/.local/lib/python3.10/site-packages/airflow/example_dags/example_setup_teardown_taskflow.py
[2024-02-06T23:29:32.558+0100] {processor.py:830} INFO - Processing file /home/ubuntu/.local/lib/python3.10/site-packages/airflow/example_dags/example_setup_teardown_taskflow.py for tasks to queue
[2024-02-06T23:29:32.575+0100] {logging_mixin.py:188} INFO - [2024-02-06T23:29:32.559+0100] {dagbag.py:538} INFO - Filling up the DagBag from /home/ubuntu/.local/lib/python3.10/site-packages/airflow/example_dags/example_setup_teardown_taskflow.py
[2024-02-06T23:29:32.599+0100] {processor.py:840} INFO - DAG(s) 'example_setup_teardown_taskflow' retrieved from /home/ubuntu/.local/lib/python3.10/site-packages/airflow/example_dags/example_setup_teardown_taskflow.py
[2024-02-06T23:29:33.194+0100] {logging_mixin.py:188} INFO - [2024-02-06T23:29:33.191+0100] {dag.py:3036} INFO - Sync 1 DAGs
[2024-02-06T23:29:33.413+0100] {logging_mixin.py:188} INFO - [2024-02-06T23:29:33.412+0100] {dag.py:3823} INFO - Setting next_dagrun for example_setup_teardown_taskflow to 2024-02-05 00:00:00+00:00, run_after=2024-02-06 00:00:00+00:00
[2024-02-06T23:29:33.830+0100] {processor.py:183} INFO - Processing /home/ubuntu/.local/lib/python3.10/site-packages/airflow/example_dags/example_setup_teardown_taskflow.py took 1.317 seconds
