[2024-02-06T21:28:20.684+0100] {processor.py:161} INFO - Started process (PID=23773) to work on /home/ubuntu/.local/lib/python3.10/site-packages/airflow/example_dags/example_latest_only_with_trigger.py
[2024-02-06T21:28:20.688+0100] {processor.py:830} INFO - Processing file /home/ubuntu/.local/lib/python3.10/site-packages/airflow/example_dags/example_latest_only_with_trigger.py for tasks to queue
[2024-02-06T21:28:20.689+0100] {logging_mixin.py:188} INFO - [2024-02-06T21:28:20.689+0100] {dagbag.py:538} INFO - Filling up the DagBag from /home/ubuntu/.local/lib/python3.10/site-packages/airflow/example_dags/example_latest_only_with_trigger.py
[2024-02-06T21:28:20.700+0100] {processor.py:840} INFO - DAG(s) 'latest_only_with_trigger' retrieved from /home/ubuntu/.local/lib/python3.10/site-packages/airflow/example_dags/example_latest_only_with_trigger.py
[2024-02-06T21:28:20.878+0100] {logging_mixin.py:188} INFO - [2024-02-06T21:28:20.878+0100] {dag.py:3036} INFO - Sync 1 DAGs
[2024-02-06T21:28:20.912+0100] {logging_mixin.py:188} INFO - [2024-02-06T21:28:20.912+0100] {dag.py:3823} INFO - Setting next_dagrun for latest_only_with_trigger to 2024-02-06 16:00:00+00:00, run_after=2024-02-06 20:00:00+00:00
[2024-02-06T21:28:20.980+0100] {processor.py:183} INFO - Processing /home/ubuntu/.local/lib/python3.10/site-packages/airflow/example_dags/example_latest_only_with_trigger.py took 0.301 seconds
[2024-02-06T21:29:45.674+0100] {processor.py:161} INFO - Started process (PID=24530) to work on /home/ubuntu/.local/lib/python3.10/site-packages/airflow/example_dags/example_latest_only_with_trigger.py
[2024-02-06T21:29:45.684+0100] {processor.py:830} INFO - Processing file /home/ubuntu/.local/lib/python3.10/site-packages/airflow/example_dags/example_latest_only_with_trigger.py for tasks to queue
[2024-02-06T21:29:45.686+0100] {logging_mixin.py:188} INFO - [2024-02-06T21:29:45.685+0100] {dagbag.py:538} INFO - Filling up the DagBag from /home/ubuntu/.local/lib/python3.10/site-packages/airflow/example_dags/example_latest_only_with_trigger.py
[2024-02-06T21:29:45.703+0100] {processor.py:840} INFO - DAG(s) 'latest_only_with_trigger' retrieved from /home/ubuntu/.local/lib/python3.10/site-packages/airflow/example_dags/example_latest_only_with_trigger.py
[2024-02-06T21:29:45.741+0100] {logging_mixin.py:188} INFO - [2024-02-06T21:29:45.741+0100] {dag.py:3036} INFO - Sync 1 DAGs
[2024-02-06T21:29:45.780+0100] {logging_mixin.py:188} INFO - [2024-02-06T21:29:45.779+0100] {dag.py:3823} INFO - Setting next_dagrun for latest_only_with_trigger to 2024-02-06 16:00:00+00:00, run_after=2024-02-06 20:00:00+00:00
[2024-02-06T21:29:45.873+0100] {processor.py:183} INFO - Processing /home/ubuntu/.local/lib/python3.10/site-packages/airflow/example_dags/example_latest_only_with_trigger.py took 0.206 seconds
[2024-02-06T21:31:22.834+0100] {processor.py:161} INFO - Started process (PID=24983) to work on /home/ubuntu/.local/lib/python3.10/site-packages/airflow/example_dags/example_latest_only_with_trigger.py
[2024-02-06T21:31:22.845+0100] {processor.py:830} INFO - Processing file /home/ubuntu/.local/lib/python3.10/site-packages/airflow/example_dags/example_latest_only_with_trigger.py for tasks to queue
[2024-02-06T21:31:22.847+0100] {logging_mixin.py:188} INFO - [2024-02-06T21:31:22.846+0100] {dagbag.py:538} INFO - Filling up the DagBag from /home/ubuntu/.local/lib/python3.10/site-packages/airflow/example_dags/example_latest_only_with_trigger.py
[2024-02-06T21:31:22.864+0100] {processor.py:840} INFO - DAG(s) 'latest_only_with_trigger' retrieved from /home/ubuntu/.local/lib/python3.10/site-packages/airflow/example_dags/example_latest_only_with_trigger.py
[2024-02-06T21:31:22.892+0100] {logging_mixin.py:188} INFO - [2024-02-06T21:31:22.892+0100] {dag.py:3036} INFO - Sync 1 DAGs
[2024-02-06T21:31:22.921+0100] {logging_mixin.py:188} INFO - [2024-02-06T21:31:22.921+0100] {dag.py:3823} INFO - Setting next_dagrun for latest_only_with_trigger to 2024-02-06 16:00:00+00:00, run_after=2024-02-06 20:00:00+00:00
[2024-02-06T21:31:23.005+0100] {processor.py:183} INFO - Processing /home/ubuntu/.local/lib/python3.10/site-packages/airflow/example_dags/example_latest_only_with_trigger.py took 0.180 seconds
[2024-02-06T21:32:36.796+0100] {processor.py:161} INFO - Started process (PID=25209) to work on /home/ubuntu/.local/lib/python3.10/site-packages/airflow/example_dags/example_latest_only_with_trigger.py
[2024-02-06T21:32:36.802+0100] {processor.py:830} INFO - Processing file /home/ubuntu/.local/lib/python3.10/site-packages/airflow/example_dags/example_latest_only_with_trigger.py for tasks to queue
[2024-02-06T21:32:36.807+0100] {logging_mixin.py:188} INFO - [2024-02-06T21:32:36.805+0100] {dagbag.py:538} INFO - Filling up the DagBag from /home/ubuntu/.local/lib/python3.10/site-packages/airflow/example_dags/example_latest_only_with_trigger.py
[2024-02-06T21:32:36.850+0100] {processor.py:840} INFO - DAG(s) 'latest_only_with_trigger' retrieved from /home/ubuntu/.local/lib/python3.10/site-packages/airflow/example_dags/example_latest_only_with_trigger.py
[2024-02-06T21:32:36.924+0100] {logging_mixin.py:188} INFO - [2024-02-06T21:32:36.924+0100] {dag.py:3036} INFO - Sync 1 DAGs
[2024-02-06T21:32:37.075+0100] {logging_mixin.py:188} INFO - [2024-02-06T21:32:37.075+0100] {dag.py:3823} INFO - Setting next_dagrun for latest_only_with_trigger to 2024-02-06 16:00:00+00:00, run_after=2024-02-06 20:00:00+00:00
[2024-02-06T21:32:37.177+0100] {processor.py:183} INFO - Processing /home/ubuntu/.local/lib/python3.10/site-packages/airflow/example_dags/example_latest_only_with_trigger.py took 0.396 seconds
[2024-02-06T21:40:53.114+0100] {processor.py:161} INFO - Started process (PID=27866) to work on /home/ubuntu/.local/lib/python3.10/site-packages/airflow/example_dags/example_latest_only_with_trigger.py
[2024-02-06T21:40:53.119+0100] {processor.py:830} INFO - Processing file /home/ubuntu/.local/lib/python3.10/site-packages/airflow/example_dags/example_latest_only_with_trigger.py for tasks to queue
[2024-02-06T21:40:53.121+0100] {logging_mixin.py:188} INFO - [2024-02-06T21:40:53.120+0100] {dagbag.py:538} INFO - Filling up the DagBag from /home/ubuntu/.local/lib/python3.10/site-packages/airflow/example_dags/example_latest_only_with_trigger.py
[2024-02-06T21:40:53.137+0100] {processor.py:840} INFO - DAG(s) 'latest_only_with_trigger' retrieved from /home/ubuntu/.local/lib/python3.10/site-packages/airflow/example_dags/example_latest_only_with_trigger.py
[2024-02-06T21:40:53.508+0100] {logging_mixin.py:188} INFO - [2024-02-06T21:40:53.505+0100] {dag.py:3036} INFO - Sync 1 DAGs
[2024-02-06T21:40:53.561+0100] {logging_mixin.py:188} INFO - [2024-02-06T21:40:53.561+0100] {dag.py:3823} INFO - Setting next_dagrun for latest_only_with_trigger to 2024-02-06 16:00:00+00:00, run_after=2024-02-06 20:00:00+00:00
[2024-02-06T21:40:53.634+0100] {processor.py:183} INFO - Processing /home/ubuntu/.local/lib/python3.10/site-packages/airflow/example_dags/example_latest_only_with_trigger.py took 0.525 seconds
[2024-02-06T21:41:31.663+0100] {processor.py:161} INFO - Started process (PID=28028) to work on /home/ubuntu/.local/lib/python3.10/site-packages/airflow/example_dags/example_latest_only_with_trigger.py
[2024-02-06T21:41:31.690+0100] {processor.py:830} INFO - Processing file /home/ubuntu/.local/lib/python3.10/site-packages/airflow/example_dags/example_latest_only_with_trigger.py for tasks to queue
[2024-02-06T21:41:31.696+0100] {logging_mixin.py:188} INFO - [2024-02-06T21:41:31.695+0100] {dagbag.py:538} INFO - Filling up the DagBag from /home/ubuntu/.local/lib/python3.10/site-packages/airflow/example_dags/example_latest_only_with_trigger.py
[2024-02-06T21:41:31.772+0100] {processor.py:840} INFO - DAG(s) 'latest_only_with_trigger' retrieved from /home/ubuntu/.local/lib/python3.10/site-packages/airflow/example_dags/example_latest_only_with_trigger.py
[2024-02-06T21:41:31.923+0100] {logging_mixin.py:188} INFO - [2024-02-06T21:41:31.923+0100] {dag.py:3036} INFO - Sync 1 DAGs
[2024-02-06T21:41:31.991+0100] {logging_mixin.py:188} INFO - [2024-02-06T21:41:31.990+0100] {dag.py:3823} INFO - Setting next_dagrun for latest_only_with_trigger to 2024-02-06 16:00:00+00:00, run_after=2024-02-06 20:00:00+00:00
[2024-02-06T21:41:32.168+0100] {processor.py:183} INFO - Processing /home/ubuntu/.local/lib/python3.10/site-packages/airflow/example_dags/example_latest_only_with_trigger.py took 0.542 seconds
[2024-02-06T21:42:19.217+0100] {processor.py:161} INFO - Started process (PID=28279) to work on /home/ubuntu/.local/lib/python3.10/site-packages/airflow/example_dags/example_latest_only_with_trigger.py
[2024-02-06T21:42:19.223+0100] {processor.py:830} INFO - Processing file /home/ubuntu/.local/lib/python3.10/site-packages/airflow/example_dags/example_latest_only_with_trigger.py for tasks to queue
[2024-02-06T21:42:19.228+0100] {logging_mixin.py:188} INFO - [2024-02-06T21:42:19.226+0100] {dagbag.py:538} INFO - Filling up the DagBag from /home/ubuntu/.local/lib/python3.10/site-packages/airflow/example_dags/example_latest_only_with_trigger.py
[2024-02-06T21:42:19.260+0100] {processor.py:840} INFO - DAG(s) 'latest_only_with_trigger' retrieved from /home/ubuntu/.local/lib/python3.10/site-packages/airflow/example_dags/example_latest_only_with_trigger.py
[2024-02-06T21:42:19.429+0100] {logging_mixin.py:188} INFO - [2024-02-06T21:42:19.428+0100] {dag.py:3036} INFO - Sync 1 DAGs
[2024-02-06T21:42:19.613+0100] {logging_mixin.py:188} INFO - [2024-02-06T21:42:19.612+0100] {dag.py:3823} INFO - Setting next_dagrun for latest_only_with_trigger to 2024-02-06 16:00:00+00:00, run_after=2024-02-06 20:00:00+00:00
[2024-02-06T21:42:19.862+0100] {processor.py:183} INFO - Processing /home/ubuntu/.local/lib/python3.10/site-packages/airflow/example_dags/example_latest_only_with_trigger.py took 0.662 seconds
[2024-02-06T21:43:00.069+0100] {processor.py:161} INFO - Started process (PID=28561) to work on /home/ubuntu/.local/lib/python3.10/site-packages/airflow/example_dags/example_latest_only_with_trigger.py
[2024-02-06T21:43:00.078+0100] {processor.py:830} INFO - Processing file /home/ubuntu/.local/lib/python3.10/site-packages/airflow/example_dags/example_latest_only_with_trigger.py for tasks to queue
[2024-02-06T21:43:00.080+0100] {logging_mixin.py:188} INFO - [2024-02-06T21:43:00.079+0100] {dagbag.py:538} INFO - Filling up the DagBag from /home/ubuntu/.local/lib/python3.10/site-packages/airflow/example_dags/example_latest_only_with_trigger.py
[2024-02-06T21:43:00.106+0100] {processor.py:840} INFO - DAG(s) 'latest_only_with_trigger' retrieved from /home/ubuntu/.local/lib/python3.10/site-packages/airflow/example_dags/example_latest_only_with_trigger.py
[2024-02-06T21:43:00.143+0100] {logging_mixin.py:188} INFO - [2024-02-06T21:43:00.142+0100] {dag.py:3036} INFO - Sync 1 DAGs
[2024-02-06T21:43:00.177+0100] {logging_mixin.py:188} INFO - [2024-02-06T21:43:00.177+0100] {dag.py:3823} INFO - Setting next_dagrun for latest_only_with_trigger to 2024-02-06 16:00:00+00:00, run_after=2024-02-06 20:00:00+00:00
[2024-02-06T21:43:00.239+0100] {processor.py:183} INFO - Processing /home/ubuntu/.local/lib/python3.10/site-packages/airflow/example_dags/example_latest_only_with_trigger.py took 0.178 seconds
[2024-02-06T21:43:31.852+0100] {processor.py:161} INFO - Started process (PID=28825) to work on /home/ubuntu/.local/lib/python3.10/site-packages/airflow/example_dags/example_latest_only_with_trigger.py
[2024-02-06T21:43:31.856+0100] {processor.py:830} INFO - Processing file /home/ubuntu/.local/lib/python3.10/site-packages/airflow/example_dags/example_latest_only_with_trigger.py for tasks to queue
[2024-02-06T21:43:31.857+0100] {logging_mixin.py:188} INFO - [2024-02-06T21:43:31.857+0100] {dagbag.py:538} INFO - Filling up the DagBag from /home/ubuntu/.local/lib/python3.10/site-packages/airflow/example_dags/example_latest_only_with_trigger.py
[2024-02-06T21:43:31.868+0100] {processor.py:840} INFO - DAG(s) 'latest_only_with_trigger' retrieved from /home/ubuntu/.local/lib/python3.10/site-packages/airflow/example_dags/example_latest_only_with_trigger.py
[2024-02-06T21:43:31.894+0100] {logging_mixin.py:188} INFO - [2024-02-06T21:43:31.894+0100] {dag.py:3036} INFO - Sync 1 DAGs
[2024-02-06T21:43:31.929+0100] {logging_mixin.py:188} INFO - [2024-02-06T21:43:31.929+0100] {dag.py:3823} INFO - Setting next_dagrun for latest_only_with_trigger to 2024-02-06 16:00:00+00:00, run_after=2024-02-06 20:00:00+00:00
[2024-02-06T21:43:32.000+0100] {processor.py:183} INFO - Processing /home/ubuntu/.local/lib/python3.10/site-packages/airflow/example_dags/example_latest_only_with_trigger.py took 0.154 seconds
[2024-02-06T21:44:09.008+0100] {processor.py:161} INFO - Started process (PID=28945) to work on /home/ubuntu/.local/lib/python3.10/site-packages/airflow/example_dags/example_latest_only_with_trigger.py
[2024-02-06T21:44:09.012+0100] {processor.py:830} INFO - Processing file /home/ubuntu/.local/lib/python3.10/site-packages/airflow/example_dags/example_latest_only_with_trigger.py for tasks to queue
[2024-02-06T21:44:09.013+0100] {logging_mixin.py:188} INFO - [2024-02-06T21:44:09.012+0100] {dagbag.py:538} INFO - Filling up the DagBag from /home/ubuntu/.local/lib/python3.10/site-packages/airflow/example_dags/example_latest_only_with_trigger.py
[2024-02-06T21:44:09.022+0100] {processor.py:840} INFO - DAG(s) 'latest_only_with_trigger' retrieved from /home/ubuntu/.local/lib/python3.10/site-packages/airflow/example_dags/example_latest_only_with_trigger.py
[2024-02-06T21:44:09.046+0100] {logging_mixin.py:188} INFO - [2024-02-06T21:44:09.045+0100] {dag.py:3036} INFO - Sync 1 DAGs
[2024-02-06T21:44:09.081+0100] {logging_mixin.py:188} INFO - [2024-02-06T21:44:09.081+0100] {dag.py:3823} INFO - Setting next_dagrun for latest_only_with_trigger to 2024-02-06 16:00:00+00:00, run_after=2024-02-06 20:00:00+00:00
[2024-02-06T21:44:09.183+0100] {processor.py:183} INFO - Processing /home/ubuntu/.local/lib/python3.10/site-packages/airflow/example_dags/example_latest_only_with_trigger.py took 0.180 seconds
[2024-02-06T21:45:25.887+0100] {processor.py:161} INFO - Started process (PID=29378) to work on /home/ubuntu/.local/lib/python3.10/site-packages/airflow/example_dags/example_latest_only_with_trigger.py
[2024-02-06T21:45:25.900+0100] {processor.py:830} INFO - Processing file /home/ubuntu/.local/lib/python3.10/site-packages/airflow/example_dags/example_latest_only_with_trigger.py for tasks to queue
[2024-02-06T21:45:25.902+0100] {logging_mixin.py:188} INFO - [2024-02-06T21:45:25.901+0100] {dagbag.py:538} INFO - Filling up the DagBag from /home/ubuntu/.local/lib/python3.10/site-packages/airflow/example_dags/example_latest_only_with_trigger.py
[2024-02-06T21:45:25.905+0100] {processor.py:842} WARNING - No viable dags retrieved from /home/ubuntu/.local/lib/python3.10/site-packages/airflow/example_dags/example_latest_only_with_trigger.py
[2024-02-06T21:45:25.956+0100] {processor.py:183} INFO - Processing /home/ubuntu/.local/lib/python3.10/site-packages/airflow/example_dags/example_latest_only_with_trigger.py took 0.076 seconds
[2024-02-06T21:54:26.326+0100] {processor.py:161} INFO - Started process (PID=31279) to work on /home/ubuntu/.local/lib/python3.10/site-packages/airflow/example_dags/example_latest_only_with_trigger.py
[2024-02-06T21:54:26.329+0100] {processor.py:830} INFO - Processing file /home/ubuntu/.local/lib/python3.10/site-packages/airflow/example_dags/example_latest_only_with_trigger.py for tasks to queue
[2024-02-06T21:54:26.332+0100] {logging_mixin.py:188} INFO - [2024-02-06T21:54:26.331+0100] {dagbag.py:538} INFO - Filling up the DagBag from /home/ubuntu/.local/lib/python3.10/site-packages/airflow/example_dags/example_latest_only_with_trigger.py
[2024-02-06T21:54:26.353+0100] {processor.py:840} INFO - DAG(s) 'latest_only_with_trigger' retrieved from /home/ubuntu/.local/lib/python3.10/site-packages/airflow/example_dags/example_latest_only_with_trigger.py
[2024-02-06T21:54:26.629+0100] {logging_mixin.py:188} INFO - [2024-02-06T21:54:26.629+0100] {dag.py:3036} INFO - Sync 1 DAGs
[2024-02-06T21:54:26.683+0100] {logging_mixin.py:188} INFO - [2024-02-06T21:54:26.682+0100] {dag.py:3823} INFO - Setting next_dagrun for latest_only_with_trigger to 2024-02-06 16:00:00+00:00, run_after=2024-02-06 20:00:00+00:00
[2024-02-06T21:54:26.773+0100] {processor.py:183} INFO - Processing /home/ubuntu/.local/lib/python3.10/site-packages/airflow/example_dags/example_latest_only_with_trigger.py took 0.453 seconds
[2024-02-06T21:55:55.905+0100] {processor.py:161} INFO - Started process (PID=32089) to work on /home/ubuntu/.local/lib/python3.10/site-packages/airflow/example_dags/example_latest_only_with_trigger.py
[2024-02-06T21:55:55.911+0100] {processor.py:830} INFO - Processing file /home/ubuntu/.local/lib/python3.10/site-packages/airflow/example_dags/example_latest_only_with_trigger.py for tasks to queue
[2024-02-06T21:55:55.914+0100] {logging_mixin.py:188} INFO - [2024-02-06T21:55:55.913+0100] {dagbag.py:538} INFO - Filling up the DagBag from /home/ubuntu/.local/lib/python3.10/site-packages/airflow/example_dags/example_latest_only_with_trigger.py
[2024-02-06T21:55:55.934+0100] {processor.py:840} INFO - DAG(s) 'latest_only_with_trigger' retrieved from /home/ubuntu/.local/lib/python3.10/site-packages/airflow/example_dags/example_latest_only_with_trigger.py
[2024-02-06T21:55:55.988+0100] {logging_mixin.py:188} INFO - [2024-02-06T21:55:55.987+0100] {dag.py:3036} INFO - Sync 1 DAGs
[2024-02-06T21:55:56.152+0100] {logging_mixin.py:188} INFO - [2024-02-06T21:55:56.152+0100] {dag.py:3823} INFO - Setting next_dagrun for latest_only_with_trigger to 2024-02-06 16:00:00+00:00, run_after=2024-02-06 20:00:00+00:00
[2024-02-06T21:55:56.280+0100] {processor.py:183} INFO - Processing /home/ubuntu/.local/lib/python3.10/site-packages/airflow/example_dags/example_latest_only_with_trigger.py took 0.394 seconds
[2024-02-06T21:56:33.744+0100] {processor.py:161} INFO - Started process (PID=32432) to work on /home/ubuntu/.local/lib/python3.10/site-packages/airflow/example_dags/example_latest_only_with_trigger.py
[2024-02-06T21:56:33.748+0100] {processor.py:830} INFO - Processing file /home/ubuntu/.local/lib/python3.10/site-packages/airflow/example_dags/example_latest_only_with_trigger.py for tasks to queue
[2024-02-06T21:56:33.751+0100] {logging_mixin.py:188} INFO - [2024-02-06T21:56:33.750+0100] {dagbag.py:538} INFO - Filling up the DagBag from /home/ubuntu/.local/lib/python3.10/site-packages/airflow/example_dags/example_latest_only_with_trigger.py
[2024-02-06T21:56:33.764+0100] {processor.py:840} INFO - DAG(s) 'latest_only_with_trigger' retrieved from /home/ubuntu/.local/lib/python3.10/site-packages/airflow/example_dags/example_latest_only_with_trigger.py
[2024-02-06T21:56:33.805+0100] {logging_mixin.py:188} INFO - [2024-02-06T21:56:33.804+0100] {dag.py:3036} INFO - Sync 1 DAGs
[2024-02-06T21:56:33.843+0100] {logging_mixin.py:188} INFO - [2024-02-06T21:56:33.843+0100] {dag.py:3823} INFO - Setting next_dagrun for latest_only_with_trigger to 2024-02-06 16:00:00+00:00, run_after=2024-02-06 20:00:00+00:00
[2024-02-06T21:56:33.911+0100] {processor.py:183} INFO - Processing /home/ubuntu/.local/lib/python3.10/site-packages/airflow/example_dags/example_latest_only_with_trigger.py took 0.188 seconds
[2024-02-06T21:57:14.050+0100] {processor.py:161} INFO - Started process (PID=32655) to work on /home/ubuntu/.local/lib/python3.10/site-packages/airflow/example_dags/example_latest_only_with_trigger.py
[2024-02-06T21:57:14.054+0100] {processor.py:830} INFO - Processing file /home/ubuntu/.local/lib/python3.10/site-packages/airflow/example_dags/example_latest_only_with_trigger.py for tasks to queue
[2024-02-06T21:57:14.058+0100] {logging_mixin.py:188} INFO - [2024-02-06T21:57:14.056+0100] {dagbag.py:538} INFO - Filling up the DagBag from /home/ubuntu/.local/lib/python3.10/site-packages/airflow/example_dags/example_latest_only_with_trigger.py
[2024-02-06T21:57:14.103+0100] {processor.py:840} INFO - DAG(s) 'latest_only_with_trigger' retrieved from /home/ubuntu/.local/lib/python3.10/site-packages/airflow/example_dags/example_latest_only_with_trigger.py
[2024-02-06T21:57:15.468+0100] {logging_mixin.py:188} INFO - [2024-02-06T21:57:15.468+0100] {dag.py:3036} INFO - Sync 1 DAGs
[2024-02-06T21:57:15.842+0100] {logging_mixin.py:188} INFO - [2024-02-06T21:57:15.842+0100] {dag.py:3823} INFO - Setting next_dagrun for latest_only_with_trigger to 2024-02-06 16:00:00+00:00, run_after=2024-02-06 20:00:00+00:00
[2024-02-06T21:57:15.956+0100] {processor.py:183} INFO - Processing /home/ubuntu/.local/lib/python3.10/site-packages/airflow/example_dags/example_latest_only_with_trigger.py took 1.918 seconds
[2024-02-06T21:57:58.057+0100] {processor.py:161} INFO - Started process (PID=33113) to work on /home/ubuntu/.local/lib/python3.10/site-packages/airflow/example_dags/example_latest_only_with_trigger.py
[2024-02-06T21:57:58.060+0100] {processor.py:830} INFO - Processing file /home/ubuntu/.local/lib/python3.10/site-packages/airflow/example_dags/example_latest_only_with_trigger.py for tasks to queue
[2024-02-06T21:57:58.064+0100] {logging_mixin.py:188} INFO - [2024-02-06T21:57:58.062+0100] {dagbag.py:538} INFO - Filling up the DagBag from /home/ubuntu/.local/lib/python3.10/site-packages/airflow/example_dags/example_latest_only_with_trigger.py
[2024-02-06T21:57:58.086+0100] {processor.py:840} INFO - DAG(s) 'latest_only_with_trigger' retrieved from /home/ubuntu/.local/lib/python3.10/site-packages/airflow/example_dags/example_latest_only_with_trigger.py
[2024-02-06T21:57:58.142+0100] {logging_mixin.py:188} INFO - [2024-02-06T21:57:58.142+0100] {dag.py:3036} INFO - Sync 1 DAGs
[2024-02-06T21:57:58.284+0100] {logging_mixin.py:188} INFO - [2024-02-06T21:57:58.275+0100] {dag.py:3823} INFO - Setting next_dagrun for latest_only_with_trigger to 2024-02-06 16:00:00+00:00, run_after=2024-02-06 20:00:00+00:00
[2024-02-06T21:57:58.364+0100] {processor.py:183} INFO - Processing /home/ubuntu/.local/lib/python3.10/site-packages/airflow/example_dags/example_latest_only_with_trigger.py took 0.316 seconds
[2024-02-06T21:59:35.174+0100] {processor.py:161} INFO - Started process (PID=34091) to work on /home/ubuntu/.local/lib/python3.10/site-packages/airflow/example_dags/example_latest_only_with_trigger.py
[2024-02-06T21:59:35.178+0100] {processor.py:830} INFO - Processing file /home/ubuntu/.local/lib/python3.10/site-packages/airflow/example_dags/example_latest_only_with_trigger.py for tasks to queue
[2024-02-06T21:59:35.181+0100] {logging_mixin.py:188} INFO - [2024-02-06T21:59:35.179+0100] {dagbag.py:538} INFO - Filling up the DagBag from /home/ubuntu/.local/lib/python3.10/site-packages/airflow/example_dags/example_latest_only_with_trigger.py
[2024-02-06T21:59:35.201+0100] {processor.py:840} INFO - DAG(s) 'latest_only_with_trigger' retrieved from /home/ubuntu/.local/lib/python3.10/site-packages/airflow/example_dags/example_latest_only_with_trigger.py
[2024-02-06T21:59:35.677+0100] {logging_mixin.py:188} INFO - [2024-02-06T21:59:35.676+0100] {dag.py:3036} INFO - Sync 1 DAGs
[2024-02-06T21:59:35.766+0100] {logging_mixin.py:188} INFO - [2024-02-06T21:59:35.765+0100] {dag.py:3823} INFO - Setting next_dagrun for latest_only_with_trigger to 2024-02-06 16:00:00+00:00, run_after=2024-02-06 20:00:00+00:00
[2024-02-06T21:59:35.852+0100] {processor.py:183} INFO - Processing /home/ubuntu/.local/lib/python3.10/site-packages/airflow/example_dags/example_latest_only_with_trigger.py took 0.685 seconds
[2024-02-06T21:59:53.695+0100] {processor.py:161} INFO - Started process (PID=34285) to work on /home/ubuntu/.local/lib/python3.10/site-packages/airflow/example_dags/example_latest_only_with_trigger.py
[2024-02-06T21:59:53.696+0100] {processor.py:830} INFO - Processing file /home/ubuntu/.local/lib/python3.10/site-packages/airflow/example_dags/example_latest_only_with_trigger.py for tasks to queue
[2024-02-06T21:59:53.699+0100] {logging_mixin.py:188} INFO - [2024-02-06T21:59:53.697+0100] {dagbag.py:538} INFO - Filling up the DagBag from /home/ubuntu/.local/lib/python3.10/site-packages/airflow/example_dags/example_latest_only_with_trigger.py
[2024-02-06T21:59:53.737+0100] {processor.py:840} INFO - DAG(s) 'latest_only_with_trigger' retrieved from /home/ubuntu/.local/lib/python3.10/site-packages/airflow/example_dags/example_latest_only_with_trigger.py
[2024-02-06T21:59:53.779+0100] {logging_mixin.py:188} INFO - [2024-02-06T21:59:53.778+0100] {dag.py:3036} INFO - Sync 1 DAGs
[2024-02-06T21:59:53.854+0100] {logging_mixin.py:188} INFO - [2024-02-06T21:59:53.853+0100] {dag.py:3823} INFO - Setting next_dagrun for latest_only_with_trigger to 2024-02-06 16:00:00+00:00, run_after=2024-02-06 20:00:00+00:00
[2024-02-06T21:59:53.928+0100] {processor.py:183} INFO - Processing /home/ubuntu/.local/lib/python3.10/site-packages/airflow/example_dags/example_latest_only_with_trigger.py took 0.247 seconds
[2024-02-06T22:01:03.717+0100] {processor.py:161} INFO - Started process (PID=34831) to work on /home/ubuntu/.local/lib/python3.10/site-packages/airflow/example_dags/example_latest_only_with_trigger.py
[2024-02-06T22:01:03.722+0100] {processor.py:830} INFO - Processing file /home/ubuntu/.local/lib/python3.10/site-packages/airflow/example_dags/example_latest_only_with_trigger.py for tasks to queue
[2024-02-06T22:01:03.725+0100] {logging_mixin.py:188} INFO - [2024-02-06T22:01:03.724+0100] {dagbag.py:538} INFO - Filling up the DagBag from /home/ubuntu/.local/lib/python3.10/site-packages/airflow/example_dags/example_latest_only_with_trigger.py
[2024-02-06T22:01:03.758+0100] {processor.py:840} INFO - DAG(s) 'latest_only_with_trigger' retrieved from /home/ubuntu/.local/lib/python3.10/site-packages/airflow/example_dags/example_latest_only_with_trigger.py
[2024-02-06T22:01:03.796+0100] {logging_mixin.py:188} INFO - [2024-02-06T22:01:03.796+0100] {dag.py:3036} INFO - Sync 1 DAGs
[2024-02-06T22:01:03.884+0100] {logging_mixin.py:188} INFO - [2024-02-06T22:01:03.883+0100] {dag.py:3823} INFO - Setting next_dagrun for latest_only_with_trigger to 2024-02-06 16:00:00+00:00, run_after=2024-02-06 20:00:00+00:00
[2024-02-06T22:01:04.052+0100] {processor.py:183} INFO - Processing /home/ubuntu/.local/lib/python3.10/site-packages/airflow/example_dags/example_latest_only_with_trigger.py took 0.344 seconds
[2024-02-06T22:01:29.244+0100] {processor.py:161} INFO - Started process (PID=34880) to work on /home/ubuntu/.local/lib/python3.10/site-packages/airflow/example_dags/example_latest_only_with_trigger.py
[2024-02-06T22:01:29.245+0100] {processor.py:830} INFO - Processing file /home/ubuntu/.local/lib/python3.10/site-packages/airflow/example_dags/example_latest_only_with_trigger.py for tasks to queue
[2024-02-06T22:01:29.247+0100] {logging_mixin.py:188} INFO - [2024-02-06T22:01:29.246+0100] {dagbag.py:538} INFO - Filling up the DagBag from /home/ubuntu/.local/lib/python3.10/site-packages/airflow/example_dags/example_latest_only_with_trigger.py
[2024-02-06T22:01:29.266+0100] {processor.py:840} INFO - DAG(s) 'latest_only_with_trigger' retrieved from /home/ubuntu/.local/lib/python3.10/site-packages/airflow/example_dags/example_latest_only_with_trigger.py
[2024-02-06T22:01:29.316+0100] {logging_mixin.py:188} INFO - [2024-02-06T22:01:29.316+0100] {dag.py:3036} INFO - Sync 1 DAGs
[2024-02-06T22:01:29.370+0100] {logging_mixin.py:188} INFO - [2024-02-06T22:01:29.369+0100] {dag.py:3823} INFO - Setting next_dagrun for latest_only_with_trigger to 2024-02-06 16:00:00+00:00, run_after=2024-02-06 20:00:00+00:00
[2024-02-06T22:01:29.457+0100] {processor.py:183} INFO - Processing /home/ubuntu/.local/lib/python3.10/site-packages/airflow/example_dags/example_latest_only_with_trigger.py took 0.220 seconds
[2024-02-06T22:02:32.613+0100] {processor.py:161} INFO - Started process (PID=35536) to work on /home/ubuntu/.local/lib/python3.10/site-packages/airflow/example_dags/example_latest_only_with_trigger.py
[2024-02-06T22:02:32.623+0100] {processor.py:830} INFO - Processing file /home/ubuntu/.local/lib/python3.10/site-packages/airflow/example_dags/example_latest_only_with_trigger.py for tasks to queue
[2024-02-06T22:02:32.626+0100] {logging_mixin.py:188} INFO - [2024-02-06T22:02:32.624+0100] {dagbag.py:538} INFO - Filling up the DagBag from /home/ubuntu/.local/lib/python3.10/site-packages/airflow/example_dags/example_latest_only_with_trigger.py
[2024-02-06T22:02:32.698+0100] {processor.py:840} INFO - DAG(s) 'latest_only_with_trigger' retrieved from /home/ubuntu/.local/lib/python3.10/site-packages/airflow/example_dags/example_latest_only_with_trigger.py
[2024-02-06T22:02:32.804+0100] {logging_mixin.py:188} INFO - [2024-02-06T22:02:32.803+0100] {dag.py:3036} INFO - Sync 1 DAGs
[2024-02-06T22:02:32.931+0100] {logging_mixin.py:188} INFO - [2024-02-06T22:02:32.926+0100] {dag.py:3823} INFO - Setting next_dagrun for latest_only_with_trigger to 2024-02-06 16:00:00+00:00, run_after=2024-02-06 20:00:00+00:00
[2024-02-06T22:02:33.019+0100] {processor.py:183} INFO - Processing /home/ubuntu/.local/lib/python3.10/site-packages/airflow/example_dags/example_latest_only_with_trigger.py took 0.412 seconds
[2024-02-06T22:02:57.947+0100] {processor.py:161} INFO - Started process (PID=35699) to work on /home/ubuntu/.local/lib/python3.10/site-packages/airflow/example_dags/example_latest_only_with_trigger.py
[2024-02-06T22:02:57.948+0100] {processor.py:830} INFO - Processing file /home/ubuntu/.local/lib/python3.10/site-packages/airflow/example_dags/example_latest_only_with_trigger.py for tasks to queue
[2024-02-06T22:02:57.950+0100] {logging_mixin.py:188} INFO - [2024-02-06T22:02:57.949+0100] {dagbag.py:538} INFO - Filling up the DagBag from /home/ubuntu/.local/lib/python3.10/site-packages/airflow/example_dags/example_latest_only_with_trigger.py
[2024-02-06T22:02:57.964+0100] {processor.py:840} INFO - DAG(s) 'latest_only_with_trigger' retrieved from /home/ubuntu/.local/lib/python3.10/site-packages/airflow/example_dags/example_latest_only_with_trigger.py
[2024-02-06T22:02:57.994+0100] {logging_mixin.py:188} INFO - [2024-02-06T22:02:57.993+0100] {dag.py:3036} INFO - Sync 1 DAGs
[2024-02-06T22:02:58.022+0100] {logging_mixin.py:188} INFO - [2024-02-06T22:02:58.022+0100] {dag.py:3823} INFO - Setting next_dagrun for latest_only_with_trigger to 2024-02-06 16:00:00+00:00, run_after=2024-02-06 20:00:00+00:00
[2024-02-06T22:02:58.110+0100] {processor.py:183} INFO - Processing /home/ubuntu/.local/lib/python3.10/site-packages/airflow/example_dags/example_latest_only_with_trigger.py took 0.170 seconds
[2024-02-06T22:06:43.048+0100] {processor.py:161} INFO - Started process (PID=37634) to work on /home/ubuntu/.local/lib/python3.10/site-packages/airflow/example_dags/example_latest_only_with_trigger.py
[2024-02-06T22:06:43.059+0100] {processor.py:830} INFO - Processing file /home/ubuntu/.local/lib/python3.10/site-packages/airflow/example_dags/example_latest_only_with_trigger.py for tasks to queue
[2024-02-06T22:06:43.061+0100] {logging_mixin.py:188} INFO - [2024-02-06T22:06:43.060+0100] {dagbag.py:538} INFO - Filling up the DagBag from /home/ubuntu/.local/lib/python3.10/site-packages/airflow/example_dags/example_latest_only_with_trigger.py
[2024-02-06T22:06:43.074+0100] {processor.py:840} INFO - DAG(s) 'latest_only_with_trigger' retrieved from /home/ubuntu/.local/lib/python3.10/site-packages/airflow/example_dags/example_latest_only_with_trigger.py
[2024-02-06T22:06:43.210+0100] {logging_mixin.py:188} INFO - [2024-02-06T22:06:43.210+0100] {dag.py:3036} INFO - Sync 1 DAGs
[2024-02-06T22:06:43.234+0100] {logging_mixin.py:188} INFO - [2024-02-06T22:06:43.233+0100] {dag.py:3823} INFO - Setting next_dagrun for latest_only_with_trigger to 2024-02-06 16:00:00+00:00, run_after=2024-02-06 20:00:00+00:00
[2024-02-06T22:06:43.351+0100] {processor.py:183} INFO - Processing /home/ubuntu/.local/lib/python3.10/site-packages/airflow/example_dags/example_latest_only_with_trigger.py took 0.308 seconds
[2024-02-06T22:11:07.507+0100] {processor.py:161} INFO - Started process (PID=39304) to work on /home/ubuntu/.local/lib/python3.10/site-packages/airflow/example_dags/example_latest_only_with_trigger.py
[2024-02-06T22:11:07.510+0100] {processor.py:830} INFO - Processing file /home/ubuntu/.local/lib/python3.10/site-packages/airflow/example_dags/example_latest_only_with_trigger.py for tasks to queue
[2024-02-06T22:11:07.515+0100] {logging_mixin.py:188} INFO - [2024-02-06T22:11:07.512+0100] {dagbag.py:538} INFO - Filling up the DagBag from /home/ubuntu/.local/lib/python3.10/site-packages/airflow/example_dags/example_latest_only_with_trigger.py
[2024-02-06T22:11:07.548+0100] {processor.py:840} INFO - DAG(s) 'latest_only_with_trigger' retrieved from /home/ubuntu/.local/lib/python3.10/site-packages/airflow/example_dags/example_latest_only_with_trigger.py
[2024-02-06T22:11:07.751+0100] {logging_mixin.py:188} INFO - [2024-02-06T22:11:07.751+0100] {dag.py:3036} INFO - Sync 1 DAGs
[2024-02-06T22:11:07.785+0100] {logging_mixin.py:188} INFO - [2024-02-06T22:11:07.785+0100] {dag.py:3823} INFO - Setting next_dagrun for latest_only_with_trigger to 2024-02-06 16:00:00+00:00, run_after=2024-02-06 20:00:00+00:00
[2024-02-06T22:11:07.842+0100] {processor.py:183} INFO - Processing /home/ubuntu/.local/lib/python3.10/site-packages/airflow/example_dags/example_latest_only_with_trigger.py took 0.339 seconds
[2024-02-06T22:13:29.118+0100] {processor.py:161} INFO - Started process (PID=40263) to work on /home/ubuntu/.local/lib/python3.10/site-packages/airflow/example_dags/example_latest_only_with_trigger.py
[2024-02-06T22:13:29.129+0100] {processor.py:830} INFO - Processing file /home/ubuntu/.local/lib/python3.10/site-packages/airflow/example_dags/example_latest_only_with_trigger.py for tasks to queue
[2024-02-06T22:13:29.132+0100] {logging_mixin.py:188} INFO - [2024-02-06T22:13:29.131+0100] {dagbag.py:538} INFO - Filling up the DagBag from /home/ubuntu/.local/lib/python3.10/site-packages/airflow/example_dags/example_latest_only_with_trigger.py
[2024-02-06T22:13:29.175+0100] {processor.py:840} INFO - DAG(s) 'latest_only_with_trigger' retrieved from /home/ubuntu/.local/lib/python3.10/site-packages/airflow/example_dags/example_latest_only_with_trigger.py
[2024-02-06T22:13:29.614+0100] {logging_mixin.py:188} INFO - [2024-02-06T22:13:29.613+0100] {dag.py:3036} INFO - Sync 1 DAGs
[2024-02-06T22:13:29.671+0100] {logging_mixin.py:188} INFO - [2024-02-06T22:13:29.670+0100] {dag.py:3823} INFO - Setting next_dagrun for latest_only_with_trigger to 2024-02-06 16:00:00+00:00, run_after=2024-02-06 20:00:00+00:00
[2024-02-06T22:13:29.801+0100] {processor.py:183} INFO - Processing /home/ubuntu/.local/lib/python3.10/site-packages/airflow/example_dags/example_latest_only_with_trigger.py took 0.708 seconds
[2024-02-06T22:14:59.302+0100] {processor.py:161} INFO - Started process (PID=41227) to work on /home/ubuntu/.local/lib/python3.10/site-packages/airflow/example_dags/example_latest_only_with_trigger.py
[2024-02-06T22:14:59.311+0100] {processor.py:830} INFO - Processing file /home/ubuntu/.local/lib/python3.10/site-packages/airflow/example_dags/example_latest_only_with_trigger.py for tasks to queue
[2024-02-06T22:14:59.313+0100] {logging_mixin.py:188} INFO - [2024-02-06T22:14:59.312+0100] {dagbag.py:538} INFO - Filling up the DagBag from /home/ubuntu/.local/lib/python3.10/site-packages/airflow/example_dags/example_latest_only_with_trigger.py
[2024-02-06T22:14:59.324+0100] {processor.py:840} INFO - DAG(s) 'latest_only_with_trigger' retrieved from /home/ubuntu/.local/lib/python3.10/site-packages/airflow/example_dags/example_latest_only_with_trigger.py
[2024-02-06T22:14:59.352+0100] {logging_mixin.py:188} INFO - [2024-02-06T22:14:59.352+0100] {dag.py:3036} INFO - Sync 1 DAGs
[2024-02-06T22:14:59.395+0100] {logging_mixin.py:188} INFO - [2024-02-06T22:14:59.395+0100] {dag.py:3823} INFO - Setting next_dagrun for latest_only_with_trigger to 2024-02-06 16:00:00+00:00, run_after=2024-02-06 20:00:00+00:00
[2024-02-06T22:14:59.469+0100] {processor.py:183} INFO - Processing /home/ubuntu/.local/lib/python3.10/site-packages/airflow/example_dags/example_latest_only_with_trigger.py took 0.173 seconds
[2024-02-06T22:26:37.491+0100] {processor.py:161} INFO - Started process (PID=49434) to work on /home/ubuntu/.local/lib/python3.10/site-packages/airflow/example_dags/example_latest_only_with_trigger.py
[2024-02-06T22:26:37.519+0100] {processor.py:830} INFO - Processing file /home/ubuntu/.local/lib/python3.10/site-packages/airflow/example_dags/example_latest_only_with_trigger.py for tasks to queue
[2024-02-06T22:26:37.524+0100] {logging_mixin.py:188} INFO - [2024-02-06T22:26:37.522+0100] {dagbag.py:538} INFO - Filling up the DagBag from /home/ubuntu/.local/lib/python3.10/site-packages/airflow/example_dags/example_latest_only_with_trigger.py
[2024-02-06T22:26:37.542+0100] {processor.py:840} INFO - DAG(s) 'latest_only_with_trigger' retrieved from /home/ubuntu/.local/lib/python3.10/site-packages/airflow/example_dags/example_latest_only_with_trigger.py
[2024-02-06T22:26:37.582+0100] {logging_mixin.py:188} INFO - [2024-02-06T22:26:37.581+0100] {dag.py:3036} INFO - Sync 1 DAGs
[2024-02-06T22:26:37.628+0100] {logging_mixin.py:188} INFO - [2024-02-06T22:26:37.628+0100] {dag.py:3823} INFO - Setting next_dagrun for latest_only_with_trigger to 2024-02-06 16:00:00+00:00, run_after=2024-02-06 20:00:00+00:00
[2024-02-06T22:26:37.707+0100] {processor.py:183} INFO - Processing /home/ubuntu/.local/lib/python3.10/site-packages/airflow/example_dags/example_latest_only_with_trigger.py took 0.224 seconds
[2024-02-06T22:28:27.251+0100] {processor.py:161} INFO - Started process (PID=50410) to work on /home/ubuntu/.local/lib/python3.10/site-packages/airflow/example_dags/example_latest_only_with_trigger.py
[2024-02-06T22:28:27.276+0100] {processor.py:830} INFO - Processing file /home/ubuntu/.local/lib/python3.10/site-packages/airflow/example_dags/example_latest_only_with_trigger.py for tasks to queue
[2024-02-06T22:28:27.279+0100] {logging_mixin.py:188} INFO - [2024-02-06T22:28:27.278+0100] {dagbag.py:538} INFO - Filling up the DagBag from /home/ubuntu/.local/lib/python3.10/site-packages/airflow/example_dags/example_latest_only_with_trigger.py
[2024-02-06T22:28:27.321+0100] {processor.py:840} INFO - DAG(s) 'latest_only_with_trigger' retrieved from /home/ubuntu/.local/lib/python3.10/site-packages/airflow/example_dags/example_latest_only_with_trigger.py
[2024-02-06T22:28:27.935+0100] {logging_mixin.py:188} INFO - [2024-02-06T22:28:27.935+0100] {dag.py:3036} INFO - Sync 1 DAGs
[2024-02-06T22:28:28.113+0100] {logging_mixin.py:188} INFO - [2024-02-06T22:28:28.104+0100] {dag.py:3823} INFO - Setting next_dagrun for latest_only_with_trigger to 2024-02-06 16:00:00+00:00, run_after=2024-02-06 20:00:00+00:00
[2024-02-06T22:28:28.259+0100] {processor.py:183} INFO - Processing /home/ubuntu/.local/lib/python3.10/site-packages/airflow/example_dags/example_latest_only_with_trigger.py took 1.030 seconds
[2024-02-06T22:35:44.080+0100] {processor.py:161} INFO - Started process (PID=55780) to work on /home/ubuntu/.local/lib/python3.10/site-packages/airflow/example_dags/example_latest_only_with_trigger.py
[2024-02-06T22:35:44.099+0100] {processor.py:830} INFO - Processing file /home/ubuntu/.local/lib/python3.10/site-packages/airflow/example_dags/example_latest_only_with_trigger.py for tasks to queue
[2024-02-06T22:35:44.117+0100] {logging_mixin.py:188} INFO - [2024-02-06T22:35:44.116+0100] {dagbag.py:538} INFO - Filling up the DagBag from /home/ubuntu/.local/lib/python3.10/site-packages/airflow/example_dags/example_latest_only_with_trigger.py
[2024-02-06T22:35:44.168+0100] {processor.py:840} INFO - DAG(s) 'latest_only_with_trigger' retrieved from /home/ubuntu/.local/lib/python3.10/site-packages/airflow/example_dags/example_latest_only_with_trigger.py
[2024-02-06T22:35:44.230+0100] {logging_mixin.py:188} INFO - [2024-02-06T22:35:44.229+0100] {dag.py:3036} INFO - Sync 1 DAGs
[2024-02-06T22:35:44.392+0100] {logging_mixin.py:188} INFO - [2024-02-06T22:35:44.391+0100] {dag.py:3823} INFO - Setting next_dagrun for latest_only_with_trigger to 2024-02-06 16:00:00+00:00, run_after=2024-02-06 20:00:00+00:00
[2024-02-06T22:35:44.754+0100] {processor.py:183} INFO - Processing /home/ubuntu/.local/lib/python3.10/site-packages/airflow/example_dags/example_latest_only_with_trigger.py took 0.687 seconds
[2024-02-06T23:14:37.264+0100] {processor.py:161} INFO - Started process (PID=64273) to work on /home/ubuntu/.local/lib/python3.10/site-packages/airflow/example_dags/example_latest_only_with_trigger.py
[2024-02-06T23:14:37.315+0100] {processor.py:830} INFO - Processing file /home/ubuntu/.local/lib/python3.10/site-packages/airflow/example_dags/example_latest_only_with_trigger.py for tasks to queue
[2024-02-06T23:14:37.317+0100] {logging_mixin.py:188} INFO - [2024-02-06T23:14:37.316+0100] {dagbag.py:538} INFO - Filling up the DagBag from /home/ubuntu/.local/lib/python3.10/site-packages/airflow/example_dags/example_latest_only_with_trigger.py
[2024-02-06T23:14:37.399+0100] {processor.py:840} INFO - DAG(s) 'latest_only_with_trigger' retrieved from /home/ubuntu/.local/lib/python3.10/site-packages/airflow/example_dags/example_latest_only_with_trigger.py
[2024-02-06T23:14:38.001+0100] {logging_mixin.py:188} INFO - [2024-02-06T23:14:38.000+0100] {dag.py:3036} INFO - Sync 1 DAGs
[2024-02-06T23:14:38.092+0100] {logging_mixin.py:188} INFO - [2024-02-06T23:14:38.092+0100] {dag.py:3823} INFO - Setting next_dagrun for latest_only_with_trigger to 2024-02-06 16:00:00+00:00, run_after=2024-02-06 20:00:00+00:00
[2024-02-06T23:14:38.341+0100] {processor.py:183} INFO - Processing /home/ubuntu/.local/lib/python3.10/site-packages/airflow/example_dags/example_latest_only_with_trigger.py took 1.102 seconds
[2024-02-06T23:30:05.617+0100] {processor.py:161} INFO - Started process (PID=72758) to work on /home/ubuntu/.local/lib/python3.10/site-packages/airflow/example_dags/example_latest_only_with_trigger.py
[2024-02-06T23:30:05.626+0100] {processor.py:830} INFO - Processing file /home/ubuntu/.local/lib/python3.10/site-packages/airflow/example_dags/example_latest_only_with_trigger.py for tasks to queue
[2024-02-06T23:30:05.630+0100] {logging_mixin.py:188} INFO - [2024-02-06T23:30:05.628+0100] {dagbag.py:538} INFO - Filling up the DagBag from /home/ubuntu/.local/lib/python3.10/site-packages/airflow/example_dags/example_latest_only_with_trigger.py
[2024-02-06T23:30:05.723+0100] {processor.py:840} INFO - DAG(s) 'latest_only_with_trigger' retrieved from /home/ubuntu/.local/lib/python3.10/site-packages/airflow/example_dags/example_latest_only_with_trigger.py
[2024-02-06T23:30:07.761+0100] {logging_mixin.py:188} INFO - [2024-02-06T23:30:07.760+0100] {dag.py:3036} INFO - Sync 1 DAGs
[2024-02-06T23:30:08.454+0100] {logging_mixin.py:188} INFO - [2024-02-06T23:30:08.453+0100] {dag.py:3823} INFO - Setting next_dagrun for latest_only_with_trigger to 2024-02-06 16:00:00+00:00, run_after=2024-02-06 20:00:00+00:00
[2024-02-06T23:30:09.064+0100] {processor.py:183} INFO - Processing /home/ubuntu/.local/lib/python3.10/site-packages/airflow/example_dags/example_latest_only_with_trigger.py took 3.503 seconds
