[2024-02-06T21:27:28.883+0100] {processor.py:161} INFO - Started process (PID=23080) to work on /home/ubuntu/.local/lib/python3.10/site-packages/airflow/example_dags/example_short_circuit_operator.py
[2024-02-06T21:27:28.887+0100] {processor.py:830} INFO - Processing file /home/ubuntu/.local/lib/python3.10/site-packages/airflow/example_dags/example_short_circuit_operator.py for tasks to queue
[2024-02-06T21:27:28.889+0100] {logging_mixin.py:188} INFO - [2024-02-06T21:27:28.888+0100] {dagbag.py:538} INFO - Filling up the DagBag from /home/ubuntu/.local/lib/python3.10/site-packages/airflow/example_dags/example_short_circuit_operator.py
[2024-02-06T21:27:29.235+0100] {processor.py:840} INFO - DAG(s) 'example_short_circuit_operator' retrieved from /home/ubuntu/.local/lib/python3.10/site-packages/airflow/example_dags/example_short_circuit_operator.py
[2024-02-06T21:27:29.441+0100] {logging_mixin.py:188} INFO - [2024-02-06T21:27:29.440+0100] {dag.py:3036} INFO - Sync 1 DAGs
[2024-02-06T21:27:29.563+0100] {logging_mixin.py:188} INFO - [2024-02-06T21:27:29.562+0100] {dag.py:3823} INFO - Setting next_dagrun for example_short_circuit_operator to 2024-02-05 00:00:00+00:00, run_after=2024-02-06 00:00:00+00:00
[2024-02-06T21:27:29.754+0100] {processor.py:183} INFO - Processing /home/ubuntu/.local/lib/python3.10/site-packages/airflow/example_dags/example_short_circuit_operator.py took 1.015 seconds
[2024-02-06T21:28:45.591+0100] {processor.py:161} INFO - Started process (PID=24033) to work on /home/ubuntu/.local/lib/python3.10/site-packages/airflow/example_dags/example_short_circuit_operator.py
[2024-02-06T21:28:45.598+0100] {processor.py:830} INFO - Processing file /home/ubuntu/.local/lib/python3.10/site-packages/airflow/example_dags/example_short_circuit_operator.py for tasks to queue
[2024-02-06T21:28:45.617+0100] {logging_mixin.py:188} INFO - [2024-02-06T21:28:45.600+0100] {dagbag.py:538} INFO - Filling up the DagBag from /home/ubuntu/.local/lib/python3.10/site-packages/airflow/example_dags/example_short_circuit_operator.py
[2024-02-06T21:28:45.695+0100] {processor.py:840} INFO - DAG(s) 'example_short_circuit_operator' retrieved from /home/ubuntu/.local/lib/python3.10/site-packages/airflow/example_dags/example_short_circuit_operator.py
[2024-02-06T21:28:45.920+0100] {logging_mixin.py:188} INFO - [2024-02-06T21:28:45.919+0100] {dag.py:3036} INFO - Sync 1 DAGs
[2024-02-06T21:28:45.954+0100] {logging_mixin.py:188} INFO - [2024-02-06T21:28:45.954+0100] {dag.py:3823} INFO - Setting next_dagrun for example_short_circuit_operator to 2024-02-05 00:00:00+00:00, run_after=2024-02-06 00:00:00+00:00
[2024-02-06T21:28:46.057+0100] {processor.py:183} INFO - Processing /home/ubuntu/.local/lib/python3.10/site-packages/airflow/example_dags/example_short_circuit_operator.py took 0.473 seconds
[2024-02-06T21:29:30.047+0100] {processor.py:161} INFO - Started process (PID=24376) to work on /home/ubuntu/.local/lib/python3.10/site-packages/airflow/example_dags/example_short_circuit_operator.py
[2024-02-06T21:29:30.051+0100] {processor.py:830} INFO - Processing file /home/ubuntu/.local/lib/python3.10/site-packages/airflow/example_dags/example_short_circuit_operator.py for tasks to queue
[2024-02-06T21:29:30.054+0100] {logging_mixin.py:188} INFO - [2024-02-06T21:29:30.053+0100] {dagbag.py:538} INFO - Filling up the DagBag from /home/ubuntu/.local/lib/python3.10/site-packages/airflow/example_dags/example_short_circuit_operator.py
[2024-02-06T21:29:30.088+0100] {processor.py:840} INFO - DAG(s) 'example_short_circuit_operator' retrieved from /home/ubuntu/.local/lib/python3.10/site-packages/airflow/example_dags/example_short_circuit_operator.py
[2024-02-06T21:29:30.202+0100] {logging_mixin.py:188} INFO - [2024-02-06T21:29:30.201+0100] {dag.py:3036} INFO - Sync 1 DAGs
[2024-02-06T21:29:30.291+0100] {logging_mixin.py:188} INFO - [2024-02-06T21:29:30.289+0100] {dag.py:3823} INFO - Setting next_dagrun for example_short_circuit_operator to 2024-02-05 00:00:00+00:00, run_after=2024-02-06 00:00:00+00:00
[2024-02-06T21:29:30.470+0100] {processor.py:183} INFO - Processing /home/ubuntu/.local/lib/python3.10/site-packages/airflow/example_dags/example_short_circuit_operator.py took 0.432 seconds
[2024-02-06T21:30:36.272+0100] {processor.py:161} INFO - Started process (PID=24797) to work on /home/ubuntu/.local/lib/python3.10/site-packages/airflow/example_dags/example_short_circuit_operator.py
[2024-02-06T21:30:36.275+0100] {processor.py:830} INFO - Processing file /home/ubuntu/.local/lib/python3.10/site-packages/airflow/example_dags/example_short_circuit_operator.py for tasks to queue
[2024-02-06T21:30:36.283+0100] {logging_mixin.py:188} INFO - [2024-02-06T21:30:36.277+0100] {dagbag.py:538} INFO - Filling up the DagBag from /home/ubuntu/.local/lib/python3.10/site-packages/airflow/example_dags/example_short_circuit_operator.py
[2024-02-06T21:30:36.320+0100] {processor.py:840} INFO - DAG(s) 'example_short_circuit_operator' retrieved from /home/ubuntu/.local/lib/python3.10/site-packages/airflow/example_dags/example_short_circuit_operator.py
[2024-02-06T21:30:36.384+0100] {logging_mixin.py:188} INFO - [2024-02-06T21:30:36.384+0100] {dag.py:3036} INFO - Sync 1 DAGs
[2024-02-06T21:30:36.456+0100] {logging_mixin.py:188} INFO - [2024-02-06T21:30:36.455+0100] {dag.py:3823} INFO - Setting next_dagrun for example_short_circuit_operator to 2024-02-05 00:00:00+00:00, run_after=2024-02-06 00:00:00+00:00
[2024-02-06T21:30:36.619+0100] {processor.py:183} INFO - Processing /home/ubuntu/.local/lib/python3.10/site-packages/airflow/example_dags/example_short_circuit_operator.py took 0.355 seconds
[2024-02-06T21:31:47.219+0100] {processor.py:161} INFO - Started process (PID=25092) to work on /home/ubuntu/.local/lib/python3.10/site-packages/airflow/example_dags/example_short_circuit_operator.py
[2024-02-06T21:31:47.223+0100] {processor.py:830} INFO - Processing file /home/ubuntu/.local/lib/python3.10/site-packages/airflow/example_dags/example_short_circuit_operator.py for tasks to queue
[2024-02-06T21:31:47.226+0100] {logging_mixin.py:188} INFO - [2024-02-06T21:31:47.224+0100] {dagbag.py:538} INFO - Filling up the DagBag from /home/ubuntu/.local/lib/python3.10/site-packages/airflow/example_dags/example_short_circuit_operator.py
[2024-02-06T21:31:47.263+0100] {processor.py:840} INFO - DAG(s) 'example_short_circuit_operator' retrieved from /home/ubuntu/.local/lib/python3.10/site-packages/airflow/example_dags/example_short_circuit_operator.py
[2024-02-06T21:31:47.325+0100] {logging_mixin.py:188} INFO - [2024-02-06T21:31:47.324+0100] {dag.py:3036} INFO - Sync 1 DAGs
[2024-02-06T21:31:47.397+0100] {logging_mixin.py:188} INFO - [2024-02-06T21:31:47.396+0100] {dag.py:3823} INFO - Setting next_dagrun for example_short_circuit_operator to 2024-02-05 00:00:00+00:00, run_after=2024-02-06 00:00:00+00:00
[2024-02-06T21:31:47.481+0100] {processor.py:183} INFO - Processing /home/ubuntu/.local/lib/python3.10/site-packages/airflow/example_dags/example_short_circuit_operator.py took 0.272 seconds
[2024-02-06T21:32:23.997+0100] {processor.py:161} INFO - Started process (PID=25145) to work on /home/ubuntu/.local/lib/python3.10/site-packages/airflow/example_dags/example_short_circuit_operator.py
[2024-02-06T21:32:24.002+0100] {processor.py:830} INFO - Processing file /home/ubuntu/.local/lib/python3.10/site-packages/airflow/example_dags/example_short_circuit_operator.py for tasks to queue
[2024-02-06T21:32:24.003+0100] {logging_mixin.py:188} INFO - [2024-02-06T21:32:24.003+0100] {dagbag.py:538} INFO - Filling up the DagBag from /home/ubuntu/.local/lib/python3.10/site-packages/airflow/example_dags/example_short_circuit_operator.py
[2024-02-06T21:32:24.018+0100] {processor.py:840} INFO - DAG(s) 'example_short_circuit_operator' retrieved from /home/ubuntu/.local/lib/python3.10/site-packages/airflow/example_dags/example_short_circuit_operator.py
[2024-02-06T21:32:24.042+0100] {logging_mixin.py:188} INFO - [2024-02-06T21:32:24.042+0100] {dag.py:3036} INFO - Sync 1 DAGs
[2024-02-06T21:32:24.068+0100] {logging_mixin.py:188} INFO - [2024-02-06T21:32:24.068+0100] {dag.py:3823} INFO - Setting next_dagrun for example_short_circuit_operator to 2024-02-05 00:00:00+00:00, run_after=2024-02-06 00:00:00+00:00
[2024-02-06T21:32:24.126+0100] {processor.py:183} INFO - Processing /home/ubuntu/.local/lib/python3.10/site-packages/airflow/example_dags/example_short_circuit_operator.py took 0.134 seconds
[2024-02-06T21:33:02.340+0100] {processor.py:161} INFO - Started process (PID=25319) to work on /home/ubuntu/.local/lib/python3.10/site-packages/airflow/example_dags/example_short_circuit_operator.py
[2024-02-06T21:33:02.344+0100] {processor.py:830} INFO - Processing file /home/ubuntu/.local/lib/python3.10/site-packages/airflow/example_dags/example_short_circuit_operator.py for tasks to queue
[2024-02-06T21:33:02.347+0100] {logging_mixin.py:188} INFO - [2024-02-06T21:33:02.346+0100] {dagbag.py:538} INFO - Filling up the DagBag from /home/ubuntu/.local/lib/python3.10/site-packages/airflow/example_dags/example_short_circuit_operator.py
[2024-02-06T21:33:02.367+0100] {processor.py:840} INFO - DAG(s) 'example_short_circuit_operator' retrieved from /home/ubuntu/.local/lib/python3.10/site-packages/airflow/example_dags/example_short_circuit_operator.py
[2024-02-06T21:33:02.413+0100] {logging_mixin.py:188} INFO - [2024-02-06T21:33:02.413+0100] {dag.py:3036} INFO - Sync 1 DAGs
[2024-02-06T21:33:02.446+0100] {logging_mixin.py:188} INFO - [2024-02-06T21:33:02.445+0100] {dag.py:3823} INFO - Setting next_dagrun for example_short_circuit_operator to 2024-02-05 00:00:00+00:00, run_after=2024-02-06 00:00:00+00:00
[2024-02-06T21:33:02.525+0100] {processor.py:183} INFO - Processing /home/ubuntu/.local/lib/python3.10/site-packages/airflow/example_dags/example_short_circuit_operator.py took 0.194 seconds
[2024-02-06T21:40:22.793+0100] {processor.py:161} INFO - Started process (PID=27585) to work on /home/ubuntu/.local/lib/python3.10/site-packages/airflow/example_dags/example_short_circuit_operator.py
[2024-02-06T21:40:22.797+0100] {processor.py:830} INFO - Processing file /home/ubuntu/.local/lib/python3.10/site-packages/airflow/example_dags/example_short_circuit_operator.py for tasks to queue
[2024-02-06T21:40:22.799+0100] {logging_mixin.py:188} INFO - [2024-02-06T21:40:22.798+0100] {dagbag.py:538} INFO - Filling up the DagBag from /home/ubuntu/.local/lib/python3.10/site-packages/airflow/example_dags/example_short_circuit_operator.py
[2024-02-06T21:40:22.824+0100] {processor.py:840} INFO - DAG(s) 'example_short_circuit_operator' retrieved from /home/ubuntu/.local/lib/python3.10/site-packages/airflow/example_dags/example_short_circuit_operator.py
[2024-02-06T21:40:22.981+0100] {logging_mixin.py:188} INFO - [2024-02-06T21:40:22.981+0100] {dag.py:3036} INFO - Sync 1 DAGs
[2024-02-06T21:40:23.003+0100] {logging_mixin.py:188} INFO - [2024-02-06T21:40:23.003+0100] {dag.py:3823} INFO - Setting next_dagrun for example_short_circuit_operator to 2024-02-05 00:00:00+00:00, run_after=2024-02-06 00:00:00+00:00
[2024-02-06T21:40:23.070+0100] {processor.py:183} INFO - Processing /home/ubuntu/.local/lib/python3.10/site-packages/airflow/example_dags/example_short_circuit_operator.py took 0.286 seconds
[2024-02-06T21:41:03.756+0100] {processor.py:161} INFO - Started process (PID=27932) to work on /home/ubuntu/.local/lib/python3.10/site-packages/airflow/example_dags/example_short_circuit_operator.py
[2024-02-06T21:41:03.763+0100] {processor.py:830} INFO - Processing file /home/ubuntu/.local/lib/python3.10/site-packages/airflow/example_dags/example_short_circuit_operator.py for tasks to queue
[2024-02-06T21:41:03.767+0100] {logging_mixin.py:188} INFO - [2024-02-06T21:41:03.766+0100] {dagbag.py:538} INFO - Filling up the DagBag from /home/ubuntu/.local/lib/python3.10/site-packages/airflow/example_dags/example_short_circuit_operator.py
[2024-02-06T21:41:03.795+0100] {processor.py:840} INFO - DAG(s) 'example_short_circuit_operator' retrieved from /home/ubuntu/.local/lib/python3.10/site-packages/airflow/example_dags/example_short_circuit_operator.py
[2024-02-06T21:41:03.843+0100] {logging_mixin.py:188} INFO - [2024-02-06T21:41:03.841+0100] {dag.py:3036} INFO - Sync 1 DAGs
[2024-02-06T21:41:03.891+0100] {logging_mixin.py:188} INFO - [2024-02-06T21:41:03.890+0100] {dag.py:3823} INFO - Setting next_dagrun for example_short_circuit_operator to 2024-02-05 00:00:00+00:00, run_after=2024-02-06 00:00:00+00:00
[2024-02-06T21:41:03.952+0100] {processor.py:183} INFO - Processing /home/ubuntu/.local/lib/python3.10/site-packages/airflow/example_dags/example_short_circuit_operator.py took 0.214 seconds
[2024-02-06T21:41:43.116+0100] {processor.py:161} INFO - Started process (PID=28062) to work on /home/ubuntu/.local/lib/python3.10/site-packages/airflow/example_dags/example_short_circuit_operator.py
[2024-02-06T21:41:43.119+0100] {processor.py:830} INFO - Processing file /home/ubuntu/.local/lib/python3.10/site-packages/airflow/example_dags/example_short_circuit_operator.py for tasks to queue
[2024-02-06T21:41:43.122+0100] {logging_mixin.py:188} INFO - [2024-02-06T21:41:43.120+0100] {dagbag.py:538} INFO - Filling up the DagBag from /home/ubuntu/.local/lib/python3.10/site-packages/airflow/example_dags/example_short_circuit_operator.py
[2024-02-06T21:41:43.136+0100] {processor.py:840} INFO - DAG(s) 'example_short_circuit_operator' retrieved from /home/ubuntu/.local/lib/python3.10/site-packages/airflow/example_dags/example_short_circuit_operator.py
[2024-02-06T21:41:43.169+0100] {logging_mixin.py:188} INFO - [2024-02-06T21:41:43.169+0100] {dag.py:3036} INFO - Sync 1 DAGs
[2024-02-06T21:41:43.217+0100] {logging_mixin.py:188} INFO - [2024-02-06T21:41:43.216+0100] {dag.py:3823} INFO - Setting next_dagrun for example_short_circuit_operator to 2024-02-05 00:00:00+00:00, run_after=2024-02-06 00:00:00+00:00
[2024-02-06T21:41:43.297+0100] {processor.py:183} INFO - Processing /home/ubuntu/.local/lib/python3.10/site-packages/airflow/example_dags/example_short_circuit_operator.py took 0.187 seconds
[2024-02-06T21:42:13.162+0100] {processor.py:161} INFO - Started process (PID=28270) to work on /home/ubuntu/.local/lib/python3.10/site-packages/airflow/example_dags/example_short_circuit_operator.py
[2024-02-06T21:42:13.164+0100] {processor.py:830} INFO - Processing file /home/ubuntu/.local/lib/python3.10/site-packages/airflow/example_dags/example_short_circuit_operator.py for tasks to queue
[2024-02-06T21:42:13.168+0100] {logging_mixin.py:188} INFO - [2024-02-06T21:42:13.167+0100] {dagbag.py:538} INFO - Filling up the DagBag from /home/ubuntu/.local/lib/python3.10/site-packages/airflow/example_dags/example_short_circuit_operator.py
[2024-02-06T21:42:13.192+0100] {processor.py:840} INFO - DAG(s) 'example_short_circuit_operator' retrieved from /home/ubuntu/.local/lib/python3.10/site-packages/airflow/example_dags/example_short_circuit_operator.py
[2024-02-06T21:42:13.240+0100] {logging_mixin.py:188} INFO - [2024-02-06T21:42:13.240+0100] {dag.py:3036} INFO - Sync 1 DAGs
[2024-02-06T21:42:13.311+0100] {logging_mixin.py:188} INFO - [2024-02-06T21:42:13.310+0100] {dag.py:3823} INFO - Setting next_dagrun for example_short_circuit_operator to 2024-02-05 00:00:00+00:00, run_after=2024-02-06 00:00:00+00:00
[2024-02-06T21:42:13.375+0100] {processor.py:183} INFO - Processing /home/ubuntu/.local/lib/python3.10/site-packages/airflow/example_dags/example_short_circuit_operator.py took 0.222 seconds
[2024-02-06T21:42:57.288+0100] {processor.py:161} INFO - Started process (PID=28554) to work on /home/ubuntu/.local/lib/python3.10/site-packages/airflow/example_dags/example_short_circuit_operator.py
[2024-02-06T21:42:57.291+0100] {processor.py:830} INFO - Processing file /home/ubuntu/.local/lib/python3.10/site-packages/airflow/example_dags/example_short_circuit_operator.py for tasks to queue
[2024-02-06T21:42:57.293+0100] {logging_mixin.py:188} INFO - [2024-02-06T21:42:57.292+0100] {dagbag.py:538} INFO - Filling up the DagBag from /home/ubuntu/.local/lib/python3.10/site-packages/airflow/example_dags/example_short_circuit_operator.py
[2024-02-06T21:42:57.305+0100] {processor.py:840} INFO - DAG(s) 'example_short_circuit_operator' retrieved from /home/ubuntu/.local/lib/python3.10/site-packages/airflow/example_dags/example_short_circuit_operator.py
[2024-02-06T21:42:57.330+0100] {logging_mixin.py:188} INFO - [2024-02-06T21:42:57.329+0100] {dag.py:3036} INFO - Sync 1 DAGs
[2024-02-06T21:42:57.356+0100] {logging_mixin.py:188} INFO - [2024-02-06T21:42:57.356+0100] {dag.py:3823} INFO - Setting next_dagrun for example_short_circuit_operator to 2024-02-05 00:00:00+00:00, run_after=2024-02-06 00:00:00+00:00
[2024-02-06T21:42:57.409+0100] {processor.py:183} INFO - Processing /home/ubuntu/.local/lib/python3.10/site-packages/airflow/example_dags/example_short_circuit_operator.py took 0.127 seconds
[2024-02-06T21:43:32.056+0100] {processor.py:161} INFO - Started process (PID=28826) to work on /home/ubuntu/.local/lib/python3.10/site-packages/airflow/example_dags/example_short_circuit_operator.py
[2024-02-06T21:43:32.059+0100] {processor.py:830} INFO - Processing file /home/ubuntu/.local/lib/python3.10/site-packages/airflow/example_dags/example_short_circuit_operator.py for tasks to queue
[2024-02-06T21:43:32.061+0100] {logging_mixin.py:188} INFO - [2024-02-06T21:43:32.060+0100] {dagbag.py:538} INFO - Filling up the DagBag from /home/ubuntu/.local/lib/python3.10/site-packages/airflow/example_dags/example_short_circuit_operator.py
[2024-02-06T21:43:32.082+0100] {processor.py:840} INFO - DAG(s) 'example_short_circuit_operator' retrieved from /home/ubuntu/.local/lib/python3.10/site-packages/airflow/example_dags/example_short_circuit_operator.py
[2024-02-06T21:43:32.129+0100] {logging_mixin.py:188} INFO - [2024-02-06T21:43:32.129+0100] {dag.py:3036} INFO - Sync 1 DAGs
[2024-02-06T21:43:32.172+0100] {logging_mixin.py:188} INFO - [2024-02-06T21:43:32.171+0100] {dag.py:3823} INFO - Setting next_dagrun for example_short_circuit_operator to 2024-02-05 00:00:00+00:00, run_after=2024-02-06 00:00:00+00:00
[2024-02-06T21:43:32.244+0100] {processor.py:183} INFO - Processing /home/ubuntu/.local/lib/python3.10/site-packages/airflow/example_dags/example_short_circuit_operator.py took 0.196 seconds
[2024-02-06T21:44:02.537+0100] {processor.py:161} INFO - Started process (PID=28930) to work on /home/ubuntu/.local/lib/python3.10/site-packages/airflow/example_dags/example_short_circuit_operator.py
[2024-02-06T21:44:02.538+0100] {processor.py:830} INFO - Processing file /home/ubuntu/.local/lib/python3.10/site-packages/airflow/example_dags/example_short_circuit_operator.py for tasks to queue
[2024-02-06T21:44:02.540+0100] {logging_mixin.py:188} INFO - [2024-02-06T21:44:02.539+0100] {dagbag.py:538} INFO - Filling up the DagBag from /home/ubuntu/.local/lib/python3.10/site-packages/airflow/example_dags/example_short_circuit_operator.py
[2024-02-06T21:44:02.557+0100] {processor.py:840} INFO - DAG(s) 'example_short_circuit_operator' retrieved from /home/ubuntu/.local/lib/python3.10/site-packages/airflow/example_dags/example_short_circuit_operator.py
[2024-02-06T21:44:02.596+0100] {logging_mixin.py:188} INFO - [2024-02-06T21:44:02.596+0100] {dag.py:3036} INFO - Sync 1 DAGs
[2024-02-06T21:44:02.639+0100] {logging_mixin.py:188} INFO - [2024-02-06T21:44:02.638+0100] {dag.py:3823} INFO - Setting next_dagrun for example_short_circuit_operator to 2024-02-05 00:00:00+00:00, run_after=2024-02-06 00:00:00+00:00
[2024-02-06T21:44:02.689+0100] {processor.py:183} INFO - Processing /home/ubuntu/.local/lib/python3.10/site-packages/airflow/example_dags/example_short_circuit_operator.py took 0.161 seconds
[2024-02-06T21:44:46.455+0100] {processor.py:161} INFO - Started process (PID=29191) to work on /home/ubuntu/.local/lib/python3.10/site-packages/airflow/example_dags/example_short_circuit_operator.py
[2024-02-06T21:44:46.496+0100] {processor.py:830} INFO - Processing file /home/ubuntu/.local/lib/python3.10/site-packages/airflow/example_dags/example_short_circuit_operator.py for tasks to queue
[2024-02-06T21:44:46.506+0100] {logging_mixin.py:188} INFO - [2024-02-06T21:44:46.498+0100] {dagbag.py:538} INFO - Filling up the DagBag from /home/ubuntu/.local/lib/python3.10/site-packages/airflow/example_dags/example_short_circuit_operator.py
[2024-02-06T21:44:46.551+0100] {processor.py:840} INFO - DAG(s) 'example_short_circuit_operator' retrieved from /home/ubuntu/.local/lib/python3.10/site-packages/airflow/example_dags/example_short_circuit_operator.py
[2024-02-06T21:44:46.661+0100] {logging_mixin.py:188} INFO - [2024-02-06T21:44:46.660+0100] {dag.py:3036} INFO - Sync 1 DAGs
[2024-02-06T21:44:46.752+0100] {logging_mixin.py:188} INFO - [2024-02-06T21:44:46.751+0100] {dag.py:3823} INFO - Setting next_dagrun for example_short_circuit_operator to 2024-02-05 00:00:00+00:00, run_after=2024-02-06 00:00:00+00:00
[2024-02-06T21:44:46.808+0100] {processor.py:183} INFO - Processing /home/ubuntu/.local/lib/python3.10/site-packages/airflow/example_dags/example_short_circuit_operator.py took 0.361 seconds
[2024-02-06T21:54:06.184+0100] {processor.py:161} INFO - Started process (PID=31028) to work on /home/ubuntu/.local/lib/python3.10/site-packages/airflow/example_dags/example_short_circuit_operator.py
[2024-02-06T21:54:06.197+0100] {processor.py:830} INFO - Processing file /home/ubuntu/.local/lib/python3.10/site-packages/airflow/example_dags/example_short_circuit_operator.py for tasks to queue
[2024-02-06T21:54:06.203+0100] {logging_mixin.py:188} INFO - [2024-02-06T21:54:06.201+0100] {dagbag.py:538} INFO - Filling up the DagBag from /home/ubuntu/.local/lib/python3.10/site-packages/airflow/example_dags/example_short_circuit_operator.py
[2024-02-06T21:54:06.377+0100] {processor.py:840} INFO - DAG(s) 'example_short_circuit_operator' retrieved from /home/ubuntu/.local/lib/python3.10/site-packages/airflow/example_dags/example_short_circuit_operator.py
[2024-02-06T21:54:07.753+0100] {logging_mixin.py:188} INFO - [2024-02-06T21:54:07.739+0100] {dag.py:3036} INFO - Sync 1 DAGs
[2024-02-06T21:54:08.111+0100] {logging_mixin.py:188} INFO - [2024-02-06T21:54:08.105+0100] {dag.py:3823} INFO - Setting next_dagrun for example_short_circuit_operator to 2024-02-05 00:00:00+00:00, run_after=2024-02-06 00:00:00+00:00
[2024-02-06T21:54:08.403+0100] {processor.py:183} INFO - Processing /home/ubuntu/.local/lib/python3.10/site-packages/airflow/example_dags/example_short_circuit_operator.py took 2.244 seconds
[2024-02-06T21:55:22.115+0100] {processor.py:161} INFO - Started process (PID=31724) to work on /home/ubuntu/.local/lib/python3.10/site-packages/airflow/example_dags/example_short_circuit_operator.py
[2024-02-06T21:55:22.119+0100] {processor.py:830} INFO - Processing file /home/ubuntu/.local/lib/python3.10/site-packages/airflow/example_dags/example_short_circuit_operator.py for tasks to queue
[2024-02-06T21:55:22.122+0100] {logging_mixin.py:188} INFO - [2024-02-06T21:55:22.121+0100] {dagbag.py:538} INFO - Filling up the DagBag from /home/ubuntu/.local/lib/python3.10/site-packages/airflow/example_dags/example_short_circuit_operator.py
[2024-02-06T21:55:22.147+0100] {processor.py:840} INFO - DAG(s) 'example_short_circuit_operator' retrieved from /home/ubuntu/.local/lib/python3.10/site-packages/airflow/example_dags/example_short_circuit_operator.py
[2024-02-06T21:55:22.283+0100] {logging_mixin.py:188} INFO - [2024-02-06T21:55:22.282+0100] {dag.py:3036} INFO - Sync 1 DAGs
[2024-02-06T21:55:22.376+0100] {logging_mixin.py:188} INFO - [2024-02-06T21:55:22.375+0100] {dag.py:3823} INFO - Setting next_dagrun for example_short_circuit_operator to 2024-02-05 00:00:00+00:00, run_after=2024-02-06 00:00:00+00:00
[2024-02-06T21:55:22.533+0100] {processor.py:183} INFO - Processing /home/ubuntu/.local/lib/python3.10/site-packages/airflow/example_dags/example_short_circuit_operator.py took 0.432 seconds
[2024-02-06T21:56:15.030+0100] {processor.py:161} INFO - Started process (PID=32228) to work on /home/ubuntu/.local/lib/python3.10/site-packages/airflow/example_dags/example_short_circuit_operator.py
[2024-02-06T21:56:15.034+0100] {processor.py:830} INFO - Processing file /home/ubuntu/.local/lib/python3.10/site-packages/airflow/example_dags/example_short_circuit_operator.py for tasks to queue
[2024-02-06T21:56:15.040+0100] {logging_mixin.py:188} INFO - [2024-02-06T21:56:15.035+0100] {dagbag.py:538} INFO - Filling up the DagBag from /home/ubuntu/.local/lib/python3.10/site-packages/airflow/example_dags/example_short_circuit_operator.py
[2024-02-06T21:56:15.054+0100] {processor.py:840} INFO - DAG(s) 'example_short_circuit_operator' retrieved from /home/ubuntu/.local/lib/python3.10/site-packages/airflow/example_dags/example_short_circuit_operator.py
[2024-02-06T21:56:15.088+0100] {logging_mixin.py:188} INFO - [2024-02-06T21:56:15.087+0100] {dag.py:3036} INFO - Sync 1 DAGs
[2024-02-06T21:56:15.131+0100] {logging_mixin.py:188} INFO - [2024-02-06T21:56:15.124+0100] {dag.py:3823} INFO - Setting next_dagrun for example_short_circuit_operator to 2024-02-05 00:00:00+00:00, run_after=2024-02-06 00:00:00+00:00
[2024-02-06T21:56:15.301+0100] {processor.py:183} INFO - Processing /home/ubuntu/.local/lib/python3.10/site-packages/airflow/example_dags/example_short_circuit_operator.py took 0.278 seconds
[2024-02-06T21:56:55.615+0100] {processor.py:161} INFO - Started process (PID=32608) to work on /home/ubuntu/.local/lib/python3.10/site-packages/airflow/example_dags/example_short_circuit_operator.py
[2024-02-06T21:56:55.622+0100] {processor.py:830} INFO - Processing file /home/ubuntu/.local/lib/python3.10/site-packages/airflow/example_dags/example_short_circuit_operator.py for tasks to queue
[2024-02-06T21:56:55.625+0100] {logging_mixin.py:188} INFO - [2024-02-06T21:56:55.624+0100] {dagbag.py:538} INFO - Filling up the DagBag from /home/ubuntu/.local/lib/python3.10/site-packages/airflow/example_dags/example_short_circuit_operator.py
[2024-02-06T21:56:55.661+0100] {processor.py:840} INFO - DAG(s) 'example_short_circuit_operator' retrieved from /home/ubuntu/.local/lib/python3.10/site-packages/airflow/example_dags/example_short_circuit_operator.py
[2024-02-06T21:56:55.720+0100] {logging_mixin.py:188} INFO - [2024-02-06T21:56:55.720+0100] {dag.py:3036} INFO - Sync 1 DAGs
[2024-02-06T21:56:55.809+0100] {logging_mixin.py:188} INFO - [2024-02-06T21:56:55.808+0100] {dag.py:3823} INFO - Setting next_dagrun for example_short_circuit_operator to 2024-02-05 00:00:00+00:00, run_after=2024-02-06 00:00:00+00:00
[2024-02-06T21:56:55.974+0100] {processor.py:183} INFO - Processing /home/ubuntu/.local/lib/python3.10/site-packages/airflow/example_dags/example_short_circuit_operator.py took 0.377 seconds
[2024-02-06T21:57:25.285+0100] {processor.py:161} INFO - Started process (PID=32784) to work on /home/ubuntu/.local/lib/python3.10/site-packages/airflow/example_dags/example_short_circuit_operator.py
[2024-02-06T21:57:25.287+0100] {processor.py:830} INFO - Processing file /home/ubuntu/.local/lib/python3.10/site-packages/airflow/example_dags/example_short_circuit_operator.py for tasks to queue
[2024-02-06T21:57:25.290+0100] {logging_mixin.py:188} INFO - [2024-02-06T21:57:25.289+0100] {dagbag.py:538} INFO - Filling up the DagBag from /home/ubuntu/.local/lib/python3.10/site-packages/airflow/example_dags/example_short_circuit_operator.py
[2024-02-06T21:57:25.318+0100] {processor.py:840} INFO - DAG(s) 'example_short_circuit_operator' retrieved from /home/ubuntu/.local/lib/python3.10/site-packages/airflow/example_dags/example_short_circuit_operator.py
[2024-02-06T21:57:25.422+0100] {logging_mixin.py:188} INFO - [2024-02-06T21:57:25.421+0100] {dag.py:3036} INFO - Sync 1 DAGs
[2024-02-06T21:57:25.513+0100] {logging_mixin.py:188} INFO - [2024-02-06T21:57:25.511+0100] {dag.py:3823} INFO - Setting next_dagrun for example_short_circuit_operator to 2024-02-05 00:00:00+00:00, run_after=2024-02-06 00:00:00+00:00
[2024-02-06T21:57:25.585+0100] {processor.py:183} INFO - Processing /home/ubuntu/.local/lib/python3.10/site-packages/airflow/example_dags/example_short_circuit_operator.py took 0.308 seconds
[2024-02-06T21:59:01.710+0100] {processor.py:161} INFO - Started process (PID=33733) to work on /home/ubuntu/.local/lib/python3.10/site-packages/airflow/example_dags/example_short_circuit_operator.py
[2024-02-06T21:59:01.720+0100] {processor.py:830} INFO - Processing file /home/ubuntu/.local/lib/python3.10/site-packages/airflow/example_dags/example_short_circuit_operator.py for tasks to queue
[2024-02-06T21:59:01.724+0100] {logging_mixin.py:188} INFO - [2024-02-06T21:59:01.723+0100] {dagbag.py:538} INFO - Filling up the DagBag from /home/ubuntu/.local/lib/python3.10/site-packages/airflow/example_dags/example_short_circuit_operator.py
[2024-02-06T21:59:01.771+0100] {processor.py:840} INFO - DAG(s) 'example_short_circuit_operator' retrieved from /home/ubuntu/.local/lib/python3.10/site-packages/airflow/example_dags/example_short_circuit_operator.py
[2024-02-06T21:59:01.795+0100] {logging_mixin.py:188} INFO - [2024-02-06T21:59:01.792+0100] {dag.py:3036} INFO - Sync 1 DAGs
[2024-02-06T21:59:01.889+0100] {logging_mixin.py:188} INFO - [2024-02-06T21:59:01.889+0100] {dag.py:3823} INFO - Setting next_dagrun for example_short_circuit_operator to 2024-02-05 00:00:00+00:00, run_after=2024-02-06 00:00:00+00:00
[2024-02-06T21:59:02.090+0100] {processor.py:183} INFO - Processing /home/ubuntu/.local/lib/python3.10/site-packages/airflow/example_dags/example_short_circuit_operator.py took 0.424 seconds
[2024-02-06T21:59:16.622+0100] {processor.py:161} INFO - Started process (PID=33922) to work on /home/ubuntu/.local/lib/python3.10/site-packages/airflow/example_dags/example_short_circuit_operator.py
[2024-02-06T21:59:16.625+0100] {processor.py:830} INFO - Processing file /home/ubuntu/.local/lib/python3.10/site-packages/airflow/example_dags/example_short_circuit_operator.py for tasks to queue
[2024-02-06T21:59:16.628+0100] {logging_mixin.py:188} INFO - [2024-02-06T21:59:16.628+0100] {dagbag.py:538} INFO - Filling up the DagBag from /home/ubuntu/.local/lib/python3.10/site-packages/airflow/example_dags/example_short_circuit_operator.py
[2024-02-06T21:59:16.649+0100] {processor.py:840} INFO - DAG(s) 'example_short_circuit_operator' retrieved from /home/ubuntu/.local/lib/python3.10/site-packages/airflow/example_dags/example_short_circuit_operator.py
[2024-02-06T21:59:16.890+0100] {logging_mixin.py:188} INFO - [2024-02-06T21:59:16.890+0100] {dag.py:3036} INFO - Sync 1 DAGs
[2024-02-06T21:59:16.937+0100] {logging_mixin.py:188} INFO - [2024-02-06T21:59:16.937+0100] {dag.py:3823} INFO - Setting next_dagrun for example_short_circuit_operator to 2024-02-05 00:00:00+00:00, run_after=2024-02-06 00:00:00+00:00
[2024-02-06T21:59:16.993+0100] {processor.py:183} INFO - Processing /home/ubuntu/.local/lib/python3.10/site-packages/airflow/example_dags/example_short_circuit_operator.py took 0.383 seconds
[2024-02-06T22:00:41.797+0100] {processor.py:161} INFO - Started process (PID=34684) to work on /home/ubuntu/.local/lib/python3.10/site-packages/airflow/example_dags/example_short_circuit_operator.py
[2024-02-06T22:00:41.801+0100] {processor.py:830} INFO - Processing file /home/ubuntu/.local/lib/python3.10/site-packages/airflow/example_dags/example_short_circuit_operator.py for tasks to queue
[2024-02-06T22:00:41.804+0100] {logging_mixin.py:188} INFO - [2024-02-06T22:00:41.802+0100] {dagbag.py:538} INFO - Filling up the DagBag from /home/ubuntu/.local/lib/python3.10/site-packages/airflow/example_dags/example_short_circuit_operator.py
[2024-02-06T22:00:41.830+0100] {processor.py:840} INFO - DAG(s) 'example_short_circuit_operator' retrieved from /home/ubuntu/.local/lib/python3.10/site-packages/airflow/example_dags/example_short_circuit_operator.py
[2024-02-06T22:00:41.878+0100] {logging_mixin.py:188} INFO - [2024-02-06T22:00:41.878+0100] {dag.py:3036} INFO - Sync 1 DAGs
[2024-02-06T22:00:41.973+0100] {logging_mixin.py:188} INFO - [2024-02-06T22:00:41.973+0100] {dag.py:3823} INFO - Setting next_dagrun for example_short_circuit_operator to 2024-02-05 00:00:00+00:00, run_after=2024-02-06 00:00:00+00:00
[2024-02-06T22:00:42.086+0100] {processor.py:183} INFO - Processing /home/ubuntu/.local/lib/python3.10/site-packages/airflow/example_dags/example_short_circuit_operator.py took 0.296 seconds
[2024-02-06T22:00:51.794+0100] {processor.py:161} INFO - Started process (PID=34808) to work on /home/ubuntu/.local/lib/python3.10/site-packages/airflow/example_dags/example_short_circuit_operator.py
[2024-02-06T22:00:51.795+0100] {processor.py:830} INFO - Processing file /home/ubuntu/.local/lib/python3.10/site-packages/airflow/example_dags/example_short_circuit_operator.py for tasks to queue
[2024-02-06T22:00:51.801+0100] {logging_mixin.py:188} INFO - [2024-02-06T22:00:51.800+0100] {dagbag.py:538} INFO - Filling up the DagBag from /home/ubuntu/.local/lib/python3.10/site-packages/airflow/example_dags/example_short_circuit_operator.py
[2024-02-06T22:00:51.864+0100] {processor.py:840} INFO - DAG(s) 'example_short_circuit_operator' retrieved from /home/ubuntu/.local/lib/python3.10/site-packages/airflow/example_dags/example_short_circuit_operator.py
[2024-02-06T22:00:51.968+0100] {logging_mixin.py:188} INFO - [2024-02-06T22:00:51.968+0100] {dag.py:3036} INFO - Sync 1 DAGs
[2024-02-06T22:00:52.033+0100] {logging_mixin.py:188} INFO - [2024-02-06T22:00:52.033+0100] {dag.py:3823} INFO - Setting next_dagrun for example_short_circuit_operator to 2024-02-05 00:00:00+00:00, run_after=2024-02-06 00:00:00+00:00
[2024-02-06T22:00:52.151+0100] {processor.py:183} INFO - Processing /home/ubuntu/.local/lib/python3.10/site-packages/airflow/example_dags/example_short_circuit_operator.py took 0.376 seconds
[2024-02-06T22:02:12.676+0100] {processor.py:161} INFO - Started process (PID=35337) to work on /home/ubuntu/.local/lib/python3.10/site-packages/airflow/example_dags/example_short_circuit_operator.py
[2024-02-06T22:02:12.679+0100] {processor.py:830} INFO - Processing file /home/ubuntu/.local/lib/python3.10/site-packages/airflow/example_dags/example_short_circuit_operator.py for tasks to queue
[2024-02-06T22:02:12.681+0100] {logging_mixin.py:188} INFO - [2024-02-06T22:02:12.680+0100] {dagbag.py:538} INFO - Filling up the DagBag from /home/ubuntu/.local/lib/python3.10/site-packages/airflow/example_dags/example_short_circuit_operator.py
[2024-02-06T22:02:12.704+0100] {processor.py:840} INFO - DAG(s) 'example_short_circuit_operator' retrieved from /home/ubuntu/.local/lib/python3.10/site-packages/airflow/example_dags/example_short_circuit_operator.py
[2024-02-06T22:02:12.743+0100] {logging_mixin.py:188} INFO - [2024-02-06T22:02:12.742+0100] {dag.py:3036} INFO - Sync 1 DAGs
[2024-02-06T22:02:12.809+0100] {logging_mixin.py:188} INFO - [2024-02-06T22:02:12.804+0100] {dag.py:3823} INFO - Setting next_dagrun for example_short_circuit_operator to 2024-02-05 00:00:00+00:00, run_after=2024-02-06 00:00:00+00:00
[2024-02-06T22:02:12.937+0100] {processor.py:183} INFO - Processing /home/ubuntu/.local/lib/python3.10/site-packages/airflow/example_dags/example_short_circuit_operator.py took 0.267 seconds
[2024-02-06T22:02:13.748+0100] {processor.py:161} INFO - Started process (PID=35363) to work on /home/ubuntu/.local/lib/python3.10/site-packages/airflow/example_dags/example_short_circuit_operator.py
[2024-02-06T22:02:13.763+0100] {processor.py:830} INFO - Processing file /home/ubuntu/.local/lib/python3.10/site-packages/airflow/example_dags/example_short_circuit_operator.py for tasks to queue
[2024-02-06T22:02:13.774+0100] {logging_mixin.py:188} INFO - [2024-02-06T22:02:13.765+0100] {dagbag.py:538} INFO - Filling up the DagBag from /home/ubuntu/.local/lib/python3.10/site-packages/airflow/example_dags/example_short_circuit_operator.py
[2024-02-06T22:02:13.798+0100] {processor.py:840} INFO - DAG(s) 'example_short_circuit_operator' retrieved from /home/ubuntu/.local/lib/python3.10/site-packages/airflow/example_dags/example_short_circuit_operator.py
[2024-02-06T22:02:13.852+0100] {logging_mixin.py:188} INFO - [2024-02-06T22:02:13.852+0100] {dag.py:3036} INFO - Sync 1 DAGs
[2024-02-06T22:02:13.969+0100] {logging_mixin.py:188} INFO - [2024-02-06T22:02:13.968+0100] {dag.py:3823} INFO - Setting next_dagrun for example_short_circuit_operator to 2024-02-05 00:00:00+00:00, run_after=2024-02-06 00:00:00+00:00
[2024-02-06T22:02:14.087+0100] {processor.py:183} INFO - Processing /home/ubuntu/.local/lib/python3.10/site-packages/airflow/example_dags/example_short_circuit_operator.py took 0.378 seconds
[2024-02-06T22:03:51.513+0100] {processor.py:161} INFO - Started process (PID=36353) to work on /home/ubuntu/.local/lib/python3.10/site-packages/airflow/example_dags/example_short_circuit_operator.py
[2024-02-06T22:03:51.516+0100] {processor.py:830} INFO - Processing file /home/ubuntu/.local/lib/python3.10/site-packages/airflow/example_dags/example_short_circuit_operator.py for tasks to queue
[2024-02-06T22:03:51.518+0100] {logging_mixin.py:188} INFO - [2024-02-06T22:03:51.517+0100] {dagbag.py:538} INFO - Filling up the DagBag from /home/ubuntu/.local/lib/python3.10/site-packages/airflow/example_dags/example_short_circuit_operator.py
[2024-02-06T22:03:51.561+0100] {processor.py:840} INFO - DAG(s) 'example_short_circuit_operator' retrieved from /home/ubuntu/.local/lib/python3.10/site-packages/airflow/example_dags/example_short_circuit_operator.py
[2024-02-06T22:03:51.615+0100] {logging_mixin.py:188} INFO - [2024-02-06T22:03:51.614+0100] {dag.py:3036} INFO - Sync 1 DAGs
[2024-02-06T22:03:51.691+0100] {logging_mixin.py:188} INFO - [2024-02-06T22:03:51.690+0100] {dag.py:3823} INFO - Setting next_dagrun for example_short_circuit_operator to 2024-02-05 00:00:00+00:00, run_after=2024-02-06 00:00:00+00:00
[2024-02-06T22:03:51.827+0100] {processor.py:183} INFO - Processing /home/ubuntu/.local/lib/python3.10/site-packages/airflow/example_dags/example_short_circuit_operator.py took 0.323 seconds
[2024-02-06T22:03:52.753+0100] {processor.py:161} INFO - Started process (PID=36354) to work on /home/ubuntu/.local/lib/python3.10/site-packages/airflow/example_dags/example_short_circuit_operator.py
[2024-02-06T22:03:52.755+0100] {processor.py:830} INFO - Processing file /home/ubuntu/.local/lib/python3.10/site-packages/airflow/example_dags/example_short_circuit_operator.py for tasks to queue
[2024-02-06T22:03:52.757+0100] {logging_mixin.py:188} INFO - [2024-02-06T22:03:52.756+0100] {dagbag.py:538} INFO - Filling up the DagBag from /home/ubuntu/.local/lib/python3.10/site-packages/airflow/example_dags/example_short_circuit_operator.py
[2024-02-06T22:03:52.775+0100] {processor.py:840} INFO - DAG(s) 'example_short_circuit_operator' retrieved from /home/ubuntu/.local/lib/python3.10/site-packages/airflow/example_dags/example_short_circuit_operator.py
[2024-02-06T22:03:52.801+0100] {logging_mixin.py:188} INFO - [2024-02-06T22:03:52.801+0100] {dag.py:3036} INFO - Sync 1 DAGs
[2024-02-06T22:03:52.831+0100] {logging_mixin.py:188} INFO - [2024-02-06T22:03:52.831+0100] {dag.py:3823} INFO - Setting next_dagrun for example_short_circuit_operator to 2024-02-05 00:00:00+00:00, run_after=2024-02-06 00:00:00+00:00
[2024-02-06T22:03:52.936+0100] {processor.py:183} INFO - Processing /home/ubuntu/.local/lib/python3.10/site-packages/airflow/example_dags/example_short_circuit_operator.py took 0.219 seconds
[2024-02-06T22:06:18.011+0100] {processor.py:161} INFO - Started process (PID=37444) to work on /home/ubuntu/.local/lib/python3.10/site-packages/airflow/example_dags/example_short_circuit_operator.py
[2024-02-06T22:06:18.015+0100] {processor.py:830} INFO - Processing file /home/ubuntu/.local/lib/python3.10/site-packages/airflow/example_dags/example_short_circuit_operator.py for tasks to queue
[2024-02-06T22:06:18.018+0100] {logging_mixin.py:188} INFO - [2024-02-06T22:06:18.016+0100] {dagbag.py:538} INFO - Filling up the DagBag from /home/ubuntu/.local/lib/python3.10/site-packages/airflow/example_dags/example_short_circuit_operator.py
[2024-02-06T22:06:18.043+0100] {processor.py:840} INFO - DAG(s) 'example_short_circuit_operator' retrieved from /home/ubuntu/.local/lib/python3.10/site-packages/airflow/example_dags/example_short_circuit_operator.py
[2024-02-06T22:06:18.328+0100] {logging_mixin.py:188} INFO - [2024-02-06T22:06:18.328+0100] {dag.py:3036} INFO - Sync 1 DAGs
[2024-02-06T22:06:18.421+0100] {logging_mixin.py:188} INFO - [2024-02-06T22:06:18.420+0100] {dag.py:3823} INFO - Setting next_dagrun for example_short_circuit_operator to 2024-02-05 00:00:00+00:00, run_after=2024-02-06 00:00:00+00:00
[2024-02-06T22:06:18.616+0100] {processor.py:183} INFO - Processing /home/ubuntu/.local/lib/python3.10/site-packages/airflow/example_dags/example_short_circuit_operator.py took 0.617 seconds
[2024-02-06T22:07:39.719+0100] {processor.py:161} INFO - Started process (PID=38177) to work on /home/ubuntu/.local/lib/python3.10/site-packages/airflow/example_dags/example_short_circuit_operator.py
[2024-02-06T22:07:39.722+0100] {processor.py:830} INFO - Processing file /home/ubuntu/.local/lib/python3.10/site-packages/airflow/example_dags/example_short_circuit_operator.py for tasks to queue
[2024-02-06T22:07:39.724+0100] {logging_mixin.py:188} INFO - [2024-02-06T22:07:39.723+0100] {dagbag.py:538} INFO - Filling up the DagBag from /home/ubuntu/.local/lib/python3.10/site-packages/airflow/example_dags/example_short_circuit_operator.py
[2024-02-06T22:07:39.738+0100] {processor.py:840} INFO - DAG(s) 'example_short_circuit_operator' retrieved from /home/ubuntu/.local/lib/python3.10/site-packages/airflow/example_dags/example_short_circuit_operator.py
[2024-02-06T22:07:39.770+0100] {logging_mixin.py:188} INFO - [2024-02-06T22:07:39.770+0100] {dag.py:3036} INFO - Sync 1 DAGs
[2024-02-06T22:07:39.802+0100] {logging_mixin.py:188} INFO - [2024-02-06T22:07:39.802+0100] {dag.py:3823} INFO - Setting next_dagrun for example_short_circuit_operator to 2024-02-05 00:00:00+00:00, run_after=2024-02-06 00:00:00+00:00
[2024-02-06T22:07:39.858+0100] {processor.py:183} INFO - Processing /home/ubuntu/.local/lib/python3.10/site-packages/airflow/example_dags/example_short_circuit_operator.py took 0.145 seconds
[2024-02-06T22:10:44.183+0100] {processor.py:161} INFO - Started process (PID=39109) to work on /home/ubuntu/.local/lib/python3.10/site-packages/airflow/example_dags/example_short_circuit_operator.py
[2024-02-06T22:10:44.249+0100] {processor.py:830} INFO - Processing file /home/ubuntu/.local/lib/python3.10/site-packages/airflow/example_dags/example_short_circuit_operator.py for tasks to queue
[2024-02-06T22:10:44.254+0100] {logging_mixin.py:188} INFO - [2024-02-06T22:10:44.253+0100] {dagbag.py:538} INFO - Filling up the DagBag from /home/ubuntu/.local/lib/python3.10/site-packages/airflow/example_dags/example_short_circuit_operator.py
[2024-02-06T22:10:44.314+0100] {processor.py:840} INFO - DAG(s) 'example_short_circuit_operator' retrieved from /home/ubuntu/.local/lib/python3.10/site-packages/airflow/example_dags/example_short_circuit_operator.py
[2024-02-06T22:10:44.667+0100] {logging_mixin.py:188} INFO - [2024-02-06T22:10:44.665+0100] {dag.py:3036} INFO - Sync 1 DAGs
[2024-02-06T22:10:44.743+0100] {logging_mixin.py:188} INFO - [2024-02-06T22:10:44.741+0100] {dag.py:3823} INFO - Setting next_dagrun for example_short_circuit_operator to 2024-02-05 00:00:00+00:00, run_after=2024-02-06 00:00:00+00:00
[2024-02-06T22:10:44.820+0100] {processor.py:183} INFO - Processing /home/ubuntu/.local/lib/python3.10/site-packages/airflow/example_dags/example_short_circuit_operator.py took 0.657 seconds
[2024-02-06T22:13:10.273+0100] {processor.py:161} INFO - Started process (PID=40031) to work on /home/ubuntu/.local/lib/python3.10/site-packages/airflow/example_dags/example_short_circuit_operator.py
[2024-02-06T22:13:10.287+0100] {processor.py:830} INFO - Processing file /home/ubuntu/.local/lib/python3.10/site-packages/airflow/example_dags/example_short_circuit_operator.py for tasks to queue
[2024-02-06T22:13:10.290+0100] {logging_mixin.py:188} INFO - [2024-02-06T22:13:10.289+0100] {dagbag.py:538} INFO - Filling up the DagBag from /home/ubuntu/.local/lib/python3.10/site-packages/airflow/example_dags/example_short_circuit_operator.py
[2024-02-06T22:13:10.317+0100] {processor.py:840} INFO - DAG(s) 'example_short_circuit_operator' retrieved from /home/ubuntu/.local/lib/python3.10/site-packages/airflow/example_dags/example_short_circuit_operator.py
[2024-02-06T22:13:10.487+0100] {logging_mixin.py:188} INFO - [2024-02-06T22:13:10.487+0100] {dag.py:3036} INFO - Sync 1 DAGs
[2024-02-06T22:13:10.509+0100] {logging_mixin.py:188} INFO - [2024-02-06T22:13:10.509+0100] {dag.py:3823} INFO - Setting next_dagrun for example_short_circuit_operator to 2024-02-05 00:00:00+00:00, run_after=2024-02-06 00:00:00+00:00
[2024-02-06T22:13:10.615+0100] {processor.py:183} INFO - Processing /home/ubuntu/.local/lib/python3.10/site-packages/airflow/example_dags/example_short_circuit_operator.py took 0.348 seconds
[2024-02-06T22:14:41.348+0100] {processor.py:161} INFO - Started process (PID=41041) to work on /home/ubuntu/.local/lib/python3.10/site-packages/airflow/example_dags/example_short_circuit_operator.py
[2024-02-06T22:14:41.352+0100] {processor.py:830} INFO - Processing file /home/ubuntu/.local/lib/python3.10/site-packages/airflow/example_dags/example_short_circuit_operator.py for tasks to queue
[2024-02-06T22:14:41.354+0100] {logging_mixin.py:188} INFO - [2024-02-06T22:14:41.353+0100] {dagbag.py:538} INFO - Filling up the DagBag from /home/ubuntu/.local/lib/python3.10/site-packages/airflow/example_dags/example_short_circuit_operator.py
[2024-02-06T22:14:41.378+0100] {processor.py:840} INFO - DAG(s) 'example_short_circuit_operator' retrieved from /home/ubuntu/.local/lib/python3.10/site-packages/airflow/example_dags/example_short_circuit_operator.py
[2024-02-06T22:14:41.449+0100] {logging_mixin.py:188} INFO - [2024-02-06T22:14:41.448+0100] {dag.py:3036} INFO - Sync 1 DAGs
[2024-02-06T22:14:41.514+0100] {logging_mixin.py:188} INFO - [2024-02-06T22:14:41.513+0100] {dag.py:3823} INFO - Setting next_dagrun for example_short_circuit_operator to 2024-02-05 00:00:00+00:00, run_after=2024-02-06 00:00:00+00:00
[2024-02-06T22:14:41.691+0100] {processor.py:183} INFO - Processing /home/ubuntu/.local/lib/python3.10/site-packages/airflow/example_dags/example_short_circuit_operator.py took 0.428 seconds
[2024-02-06T22:26:14.526+0100] {processor.py:161} INFO - Started process (PID=49243) to work on /home/ubuntu/.local/lib/python3.10/site-packages/airflow/example_dags/example_short_circuit_operator.py
[2024-02-06T22:26:14.534+0100] {processor.py:830} INFO - Processing file /home/ubuntu/.local/lib/python3.10/site-packages/airflow/example_dags/example_short_circuit_operator.py for tasks to queue
[2024-02-06T22:26:14.538+0100] {logging_mixin.py:188} INFO - [2024-02-06T22:26:14.537+0100] {dagbag.py:538} INFO - Filling up the DagBag from /home/ubuntu/.local/lib/python3.10/site-packages/airflow/example_dags/example_short_circuit_operator.py
[2024-02-06T22:26:14.560+0100] {processor.py:840} INFO - DAG(s) 'example_short_circuit_operator' retrieved from /home/ubuntu/.local/lib/python3.10/site-packages/airflow/example_dags/example_short_circuit_operator.py
[2024-02-06T22:26:14.637+0100] {logging_mixin.py:188} INFO - [2024-02-06T22:26:14.637+0100] {dag.py:3036} INFO - Sync 1 DAGs
[2024-02-06T22:26:14.684+0100] {logging_mixin.py:188} INFO - [2024-02-06T22:26:14.683+0100] {dag.py:3823} INFO - Setting next_dagrun for example_short_circuit_operator to 2024-02-05 00:00:00+00:00, run_after=2024-02-06 00:00:00+00:00
[2024-02-06T22:26:14.880+0100] {processor.py:183} INFO - Processing /home/ubuntu/.local/lib/python3.10/site-packages/airflow/example_dags/example_short_circuit_operator.py took 0.364 seconds
[2024-02-06T22:28:00.586+0100] {processor.py:161} INFO - Started process (PID=50110) to work on /home/ubuntu/.local/lib/python3.10/site-packages/airflow/example_dags/example_short_circuit_operator.py
[2024-02-06T22:28:00.597+0100] {processor.py:830} INFO - Processing file /home/ubuntu/.local/lib/python3.10/site-packages/airflow/example_dags/example_short_circuit_operator.py for tasks to queue
[2024-02-06T22:28:00.604+0100] {logging_mixin.py:188} INFO - [2024-02-06T22:28:00.603+0100] {dagbag.py:538} INFO - Filling up the DagBag from /home/ubuntu/.local/lib/python3.10/site-packages/airflow/example_dags/example_short_circuit_operator.py
[2024-02-06T22:28:00.628+0100] {processor.py:840} INFO - DAG(s) 'example_short_circuit_operator' retrieved from /home/ubuntu/.local/lib/python3.10/site-packages/airflow/example_dags/example_short_circuit_operator.py
[2024-02-06T22:28:00.945+0100] {logging_mixin.py:188} INFO - [2024-02-06T22:28:00.944+0100] {dag.py:3036} INFO - Sync 1 DAGs
[2024-02-06T22:28:00.969+0100] {logging_mixin.py:188} INFO - [2024-02-06T22:28:00.969+0100] {dag.py:3823} INFO - Setting next_dagrun for example_short_circuit_operator to 2024-02-05 00:00:00+00:00, run_after=2024-02-06 00:00:00+00:00
[2024-02-06T22:28:01.028+0100] {processor.py:183} INFO - Processing /home/ubuntu/.local/lib/python3.10/site-packages/airflow/example_dags/example_short_circuit_operator.py took 0.449 seconds
[2024-02-06T22:35:21.505+0100] {processor.py:161} INFO - Started process (PID=55643) to work on /home/ubuntu/.local/lib/python3.10/site-packages/airflow/example_dags/example_short_circuit_operator.py
[2024-02-06T22:35:21.519+0100] {processor.py:830} INFO - Processing file /home/ubuntu/.local/lib/python3.10/site-packages/airflow/example_dags/example_short_circuit_operator.py for tasks to queue
[2024-02-06T22:35:21.522+0100] {logging_mixin.py:188} INFO - [2024-02-06T22:35:21.520+0100] {dagbag.py:538} INFO - Filling up the DagBag from /home/ubuntu/.local/lib/python3.10/site-packages/airflow/example_dags/example_short_circuit_operator.py
[2024-02-06T22:35:21.546+0100] {processor.py:840} INFO - DAG(s) 'example_short_circuit_operator' retrieved from /home/ubuntu/.local/lib/python3.10/site-packages/airflow/example_dags/example_short_circuit_operator.py
[2024-02-06T22:35:21.599+0100] {logging_mixin.py:188} INFO - [2024-02-06T22:35:21.598+0100] {dag.py:3036} INFO - Sync 1 DAGs
[2024-02-06T22:35:21.632+0100] {logging_mixin.py:188} INFO - [2024-02-06T22:35:21.632+0100] {dag.py:3823} INFO - Setting next_dagrun for example_short_circuit_operator to 2024-02-05 00:00:00+00:00, run_after=2024-02-06 00:00:00+00:00
[2024-02-06T22:35:21.675+0100] {processor.py:183} INFO - Processing /home/ubuntu/.local/lib/python3.10/site-packages/airflow/example_dags/example_short_circuit_operator.py took 0.185 seconds
[2024-02-06T23:14:16.305+0100] {processor.py:161} INFO - Started process (PID=64021) to work on /home/ubuntu/.local/lib/python3.10/site-packages/airflow/example_dags/example_short_circuit_operator.py
[2024-02-06T23:14:16.313+0100] {processor.py:830} INFO - Processing file /home/ubuntu/.local/lib/python3.10/site-packages/airflow/example_dags/example_short_circuit_operator.py for tasks to queue
[2024-02-06T23:14:16.316+0100] {logging_mixin.py:188} INFO - [2024-02-06T23:14:16.315+0100] {dagbag.py:538} INFO - Filling up the DagBag from /home/ubuntu/.local/lib/python3.10/site-packages/airflow/example_dags/example_short_circuit_operator.py
[2024-02-06T23:14:16.343+0100] {processor.py:840} INFO - DAG(s) 'example_short_circuit_operator' retrieved from /home/ubuntu/.local/lib/python3.10/site-packages/airflow/example_dags/example_short_circuit_operator.py
[2024-02-06T23:14:16.801+0100] {logging_mixin.py:188} INFO - [2024-02-06T23:14:16.801+0100] {dag.py:3036} INFO - Sync 1 DAGs
[2024-02-06T23:14:16.830+0100] {logging_mixin.py:188} INFO - [2024-02-06T23:14:16.829+0100] {dag.py:3823} INFO - Setting next_dagrun for example_short_circuit_operator to 2024-02-05 00:00:00+00:00, run_after=2024-02-06 00:00:00+00:00
[2024-02-06T23:14:16.894+0100] {processor.py:183} INFO - Processing /home/ubuntu/.local/lib/python3.10/site-packages/airflow/example_dags/example_short_circuit_operator.py took 0.600 seconds
[2024-02-06T23:16:21.876+0100] {processor.py:161} INFO - Started process (PID=65454) to work on /home/ubuntu/.local/lib/python3.10/site-packages/airflow/example_dags/example_short_circuit_operator.py
[2024-02-06T23:16:21.980+0100] {processor.py:830} INFO - Processing file /home/ubuntu/.local/lib/python3.10/site-packages/airflow/example_dags/example_short_circuit_operator.py for tasks to queue
[2024-02-06T23:16:21.994+0100] {logging_mixin.py:188} INFO - [2024-02-06T23:16:21.984+0100] {dagbag.py:538} INFO - Filling up the DagBag from /home/ubuntu/.local/lib/python3.10/site-packages/airflow/example_dags/example_short_circuit_operator.py
[2024-02-06T23:16:22.065+0100] {processor.py:840} INFO - DAG(s) 'example_short_circuit_operator' retrieved from /home/ubuntu/.local/lib/python3.10/site-packages/airflow/example_dags/example_short_circuit_operator.py
[2024-02-06T23:16:22.189+0100] {logging_mixin.py:188} INFO - [2024-02-06T23:16:22.185+0100] {dag.py:3036} INFO - Sync 1 DAGs
[2024-02-06T23:16:22.291+0100] {logging_mixin.py:188} INFO - [2024-02-06T23:16:22.289+0100] {dag.py:3823} INFO - Setting next_dagrun for example_short_circuit_operator to 2024-02-05 00:00:00+00:00, run_after=2024-02-06 00:00:00+00:00
[2024-02-06T23:16:22.392+0100] {processor.py:183} INFO - Processing /home/ubuntu/.local/lib/python3.10/site-packages/airflow/example_dags/example_short_circuit_operator.py took 0.524 seconds
[2024-02-06T23:29:25.570+0100] {processor.py:161} INFO - Started process (PID=72299) to work on /home/ubuntu/.local/lib/python3.10/site-packages/airflow/example_dags/example_short_circuit_operator.py
[2024-02-06T23:29:25.596+0100] {processor.py:830} INFO - Processing file /home/ubuntu/.local/lib/python3.10/site-packages/airflow/example_dags/example_short_circuit_operator.py for tasks to queue
[2024-02-06T23:29:25.599+0100] {logging_mixin.py:188} INFO - [2024-02-06T23:29:25.598+0100] {dagbag.py:538} INFO - Filling up the DagBag from /home/ubuntu/.local/lib/python3.10/site-packages/airflow/example_dags/example_short_circuit_operator.py
[2024-02-06T23:29:25.679+0100] {processor.py:840} INFO - DAG(s) 'example_short_circuit_operator' retrieved from /home/ubuntu/.local/lib/python3.10/site-packages/airflow/example_dags/example_short_circuit_operator.py
[2024-02-06T23:29:26.286+0100] {logging_mixin.py:188} INFO - [2024-02-06T23:29:26.285+0100] {dag.py:3036} INFO - Sync 1 DAGs
[2024-02-06T23:29:26.401+0100] {logging_mixin.py:188} INFO - [2024-02-06T23:29:26.401+0100] {dag.py:3823} INFO - Setting next_dagrun for example_short_circuit_operator to 2024-02-05 00:00:00+00:00, run_after=2024-02-06 00:00:00+00:00
[2024-02-06T23:29:26.749+0100] {processor.py:183} INFO - Processing /home/ubuntu/.local/lib/python3.10/site-packages/airflow/example_dags/example_short_circuit_operator.py took 1.186 seconds
