[2024-02-06T21:28:22.212+0100] {processor.py:161} INFO - Started process (PID=23795) to work on /home/ubuntu/.local/lib/python3.10/site-packages/airflow/example_dags/example_latest_only.py
[2024-02-06T21:28:22.214+0100] {processor.py:830} INFO - Processing file /home/ubuntu/.local/lib/python3.10/site-packages/airflow/example_dags/example_latest_only.py for tasks to queue
[2024-02-06T21:28:22.216+0100] {logging_mixin.py:188} INFO - [2024-02-06T21:28:22.215+0100] {dagbag.py:538} INFO - Filling up the DagBag from /home/ubuntu/.local/lib/python3.10/site-packages/airflow/example_dags/example_latest_only.py
[2024-02-06T21:28:22.227+0100] {processor.py:840} INFO - DAG(s) 'latest_only' retrieved from /home/ubuntu/.local/lib/python3.10/site-packages/airflow/example_dags/example_latest_only.py
[2024-02-06T21:28:22.416+0100] {logging_mixin.py:188} INFO - [2024-02-06T21:28:22.416+0100] {dag.py:3036} INFO - Sync 1 DAGs
[2024-02-06T21:28:22.449+0100] {logging_mixin.py:188} INFO - [2024-02-06T21:28:22.449+0100] {dag.py:3823} INFO - Setting next_dagrun for latest_only to 2024-02-06 16:00:00+00:00, run_after=2024-02-06 20:00:00+00:00
[2024-02-06T21:28:22.522+0100] {processor.py:183} INFO - Processing /home/ubuntu/.local/lib/python3.10/site-packages/airflow/example_dags/example_latest_only.py took 0.320 seconds
[2024-02-06T21:29:47.056+0100] {processor.py:161} INFO - Started process (PID=24531) to work on /home/ubuntu/.local/lib/python3.10/site-packages/airflow/example_dags/example_latest_only.py
[2024-02-06T21:29:47.059+0100] {processor.py:830} INFO - Processing file /home/ubuntu/.local/lib/python3.10/site-packages/airflow/example_dags/example_latest_only.py for tasks to queue
[2024-02-06T21:29:47.060+0100] {logging_mixin.py:188} INFO - [2024-02-06T21:29:47.060+0100] {dagbag.py:538} INFO - Filling up the DagBag from /home/ubuntu/.local/lib/python3.10/site-packages/airflow/example_dags/example_latest_only.py
[2024-02-06T21:29:47.075+0100] {processor.py:840} INFO - DAG(s) 'latest_only' retrieved from /home/ubuntu/.local/lib/python3.10/site-packages/airflow/example_dags/example_latest_only.py
[2024-02-06T21:29:47.100+0100] {logging_mixin.py:188} INFO - [2024-02-06T21:29:47.100+0100] {dag.py:3036} INFO - Sync 1 DAGs
[2024-02-06T21:29:47.137+0100] {logging_mixin.py:188} INFO - [2024-02-06T21:29:47.136+0100] {dag.py:3823} INFO - Setting next_dagrun for latest_only to 2024-02-06 16:00:00+00:00, run_after=2024-02-06 20:00:00+00:00
[2024-02-06T21:29:47.200+0100] {processor.py:183} INFO - Processing /home/ubuntu/.local/lib/python3.10/site-packages/airflow/example_dags/example_latest_only.py took 0.151 seconds
[2024-02-06T21:31:24.165+0100] {processor.py:161} INFO - Started process (PID=24993) to work on /home/ubuntu/.local/lib/python3.10/site-packages/airflow/example_dags/example_latest_only.py
[2024-02-06T21:31:24.168+0100] {processor.py:830} INFO - Processing file /home/ubuntu/.local/lib/python3.10/site-packages/airflow/example_dags/example_latest_only.py for tasks to queue
[2024-02-06T21:31:24.171+0100] {logging_mixin.py:188} INFO - [2024-02-06T21:31:24.169+0100] {dagbag.py:538} INFO - Filling up the DagBag from /home/ubuntu/.local/lib/python3.10/site-packages/airflow/example_dags/example_latest_only.py
[2024-02-06T21:31:24.187+0100] {processor.py:840} INFO - DAG(s) 'latest_only' retrieved from /home/ubuntu/.local/lib/python3.10/site-packages/airflow/example_dags/example_latest_only.py
[2024-02-06T21:31:24.240+0100] {logging_mixin.py:188} INFO - [2024-02-06T21:31:24.240+0100] {dag.py:3036} INFO - Sync 1 DAGs
[2024-02-06T21:31:24.296+0100] {logging_mixin.py:188} INFO - [2024-02-06T21:31:24.296+0100] {dag.py:3823} INFO - Setting next_dagrun for latest_only to 2024-02-06 16:00:00+00:00, run_after=2024-02-06 20:00:00+00:00
[2024-02-06T21:31:24.358+0100] {processor.py:183} INFO - Processing /home/ubuntu/.local/lib/python3.10/site-packages/airflow/example_dags/example_latest_only.py took 0.201 seconds
[2024-02-06T21:32:38.538+0100] {processor.py:161} INFO - Started process (PID=25210) to work on /home/ubuntu/.local/lib/python3.10/site-packages/airflow/example_dags/example_latest_only.py
[2024-02-06T21:32:38.547+0100] {processor.py:830} INFO - Processing file /home/ubuntu/.local/lib/python3.10/site-packages/airflow/example_dags/example_latest_only.py for tasks to queue
[2024-02-06T21:32:38.549+0100] {logging_mixin.py:188} INFO - [2024-02-06T21:32:38.548+0100] {dagbag.py:538} INFO - Filling up the DagBag from /home/ubuntu/.local/lib/python3.10/site-packages/airflow/example_dags/example_latest_only.py
[2024-02-06T21:32:38.567+0100] {processor.py:840} INFO - DAG(s) 'latest_only' retrieved from /home/ubuntu/.local/lib/python3.10/site-packages/airflow/example_dags/example_latest_only.py
[2024-02-06T21:32:38.602+0100] {logging_mixin.py:188} INFO - [2024-02-06T21:32:38.602+0100] {dag.py:3036} INFO - Sync 1 DAGs
[2024-02-06T21:32:38.639+0100] {logging_mixin.py:188} INFO - [2024-02-06T21:32:38.639+0100] {dag.py:3823} INFO - Setting next_dagrun for latest_only to 2024-02-06 16:00:00+00:00, run_after=2024-02-06 20:00:00+00:00
[2024-02-06T21:32:38.708+0100] {processor.py:183} INFO - Processing /home/ubuntu/.local/lib/python3.10/site-packages/airflow/example_dags/example_latest_only.py took 0.180 seconds
[2024-02-06T21:40:56.754+0100] {processor.py:161} INFO - Started process (PID=27877) to work on /home/ubuntu/.local/lib/python3.10/site-packages/airflow/example_dags/example_latest_only.py
[2024-02-06T21:40:56.776+0100] {processor.py:830} INFO - Processing file /home/ubuntu/.local/lib/python3.10/site-packages/airflow/example_dags/example_latest_only.py for tasks to queue
[2024-02-06T21:40:56.779+0100] {logging_mixin.py:188} INFO - [2024-02-06T21:40:56.778+0100] {dagbag.py:538} INFO - Filling up the DagBag from /home/ubuntu/.local/lib/python3.10/site-packages/airflow/example_dags/example_latest_only.py
[2024-02-06T21:40:56.817+0100] {processor.py:840} INFO - DAG(s) 'latest_only' retrieved from /home/ubuntu/.local/lib/python3.10/site-packages/airflow/example_dags/example_latest_only.py
[2024-02-06T21:40:57.218+0100] {logging_mixin.py:188} INFO - [2024-02-06T21:40:57.218+0100] {dag.py:3036} INFO - Sync 1 DAGs
[2024-02-06T21:40:57.310+0100] {logging_mixin.py:188} INFO - [2024-02-06T21:40:57.309+0100] {dag.py:3823} INFO - Setting next_dagrun for latest_only to 2024-02-06 16:00:00+00:00, run_after=2024-02-06 20:00:00+00:00
[2024-02-06T21:40:57.409+0100] {processor.py:183} INFO - Processing /home/ubuntu/.local/lib/python3.10/site-packages/airflow/example_dags/example_latest_only.py took 0.666 seconds
[2024-02-06T21:41:35.425+0100] {processor.py:161} INFO - Started process (PID=28033) to work on /home/ubuntu/.local/lib/python3.10/site-packages/airflow/example_dags/example_latest_only.py
[2024-02-06T21:41:35.436+0100] {processor.py:830} INFO - Processing file /home/ubuntu/.local/lib/python3.10/site-packages/airflow/example_dags/example_latest_only.py for tasks to queue
[2024-02-06T21:41:35.440+0100] {logging_mixin.py:188} INFO - [2024-02-06T21:41:35.438+0100] {dagbag.py:538} INFO - Filling up the DagBag from /home/ubuntu/.local/lib/python3.10/site-packages/airflow/example_dags/example_latest_only.py
[2024-02-06T21:41:35.453+0100] {processor.py:840} INFO - DAG(s) 'latest_only' retrieved from /home/ubuntu/.local/lib/python3.10/site-packages/airflow/example_dags/example_latest_only.py
[2024-02-06T21:41:35.564+0100] {logging_mixin.py:188} INFO - [2024-02-06T21:41:35.564+0100] {dag.py:3036} INFO - Sync 1 DAGs
[2024-02-06T21:41:35.630+0100] {logging_mixin.py:188} INFO - [2024-02-06T21:41:35.628+0100] {dag.py:3823} INFO - Setting next_dagrun for latest_only to 2024-02-06 16:00:00+00:00, run_after=2024-02-06 20:00:00+00:00
[2024-02-06T21:41:35.954+0100] {processor.py:183} INFO - Processing /home/ubuntu/.local/lib/python3.10/site-packages/airflow/example_dags/example_latest_only.py took 0.537 seconds
[2024-02-06T21:42:23.116+0100] {processor.py:161} INFO - Started process (PID=28284) to work on /home/ubuntu/.local/lib/python3.10/site-packages/airflow/example_dags/example_latest_only.py
[2024-02-06T21:42:23.119+0100] {processor.py:830} INFO - Processing file /home/ubuntu/.local/lib/python3.10/site-packages/airflow/example_dags/example_latest_only.py for tasks to queue
[2024-02-06T21:42:23.121+0100] {logging_mixin.py:188} INFO - [2024-02-06T21:42:23.120+0100] {dagbag.py:538} INFO - Filling up the DagBag from /home/ubuntu/.local/lib/python3.10/site-packages/airflow/example_dags/example_latest_only.py
[2024-02-06T21:42:23.136+0100] {processor.py:840} INFO - DAG(s) 'latest_only' retrieved from /home/ubuntu/.local/lib/python3.10/site-packages/airflow/example_dags/example_latest_only.py
[2024-02-06T21:42:23.179+0100] {logging_mixin.py:188} INFO - [2024-02-06T21:42:23.178+0100] {dag.py:3036} INFO - Sync 1 DAGs
[2024-02-06T21:42:23.318+0100] {logging_mixin.py:188} INFO - [2024-02-06T21:42:23.316+0100] {dag.py:3823} INFO - Setting next_dagrun for latest_only to 2024-02-06 16:00:00+00:00, run_after=2024-02-06 20:00:00+00:00
[2024-02-06T21:42:23.770+0100] {processor.py:183} INFO - Processing /home/ubuntu/.local/lib/python3.10/site-packages/airflow/example_dags/example_latest_only.py took 0.660 seconds
[2024-02-06T21:43:02.734+0100] {processor.py:161} INFO - Started process (PID=28567) to work on /home/ubuntu/.local/lib/python3.10/site-packages/airflow/example_dags/example_latest_only.py
[2024-02-06T21:43:02.737+0100] {processor.py:830} INFO - Processing file /home/ubuntu/.local/lib/python3.10/site-packages/airflow/example_dags/example_latest_only.py for tasks to queue
[2024-02-06T21:43:02.740+0100] {logging_mixin.py:188} INFO - [2024-02-06T21:43:02.738+0100] {dagbag.py:538} INFO - Filling up the DagBag from /home/ubuntu/.local/lib/python3.10/site-packages/airflow/example_dags/example_latest_only.py
[2024-02-06T21:43:02.751+0100] {processor.py:840} INFO - DAG(s) 'latest_only' retrieved from /home/ubuntu/.local/lib/python3.10/site-packages/airflow/example_dags/example_latest_only.py
[2024-02-06T21:43:02.778+0100] {logging_mixin.py:188} INFO - [2024-02-06T21:43:02.778+0100] {dag.py:3036} INFO - Sync 1 DAGs
[2024-02-06T21:43:02.810+0100] {logging_mixin.py:188} INFO - [2024-02-06T21:43:02.810+0100] {dag.py:3823} INFO - Setting next_dagrun for latest_only to 2024-02-06 16:00:00+00:00, run_after=2024-02-06 20:00:00+00:00
[2024-02-06T21:43:02.884+0100] {processor.py:183} INFO - Processing /home/ubuntu/.local/lib/python3.10/site-packages/airflow/example_dags/example_latest_only.py took 0.159 seconds
[2024-02-06T21:43:34.410+0100] {processor.py:161} INFO - Started process (PID=28829) to work on /home/ubuntu/.local/lib/python3.10/site-packages/airflow/example_dags/example_latest_only.py
[2024-02-06T21:43:34.413+0100] {processor.py:830} INFO - Processing file /home/ubuntu/.local/lib/python3.10/site-packages/airflow/example_dags/example_latest_only.py for tasks to queue
[2024-02-06T21:43:34.415+0100] {logging_mixin.py:188} INFO - [2024-02-06T21:43:34.413+0100] {dagbag.py:538} INFO - Filling up the DagBag from /home/ubuntu/.local/lib/python3.10/site-packages/airflow/example_dags/example_latest_only.py
[2024-02-06T21:43:34.429+0100] {processor.py:840} INFO - DAG(s) 'latest_only' retrieved from /home/ubuntu/.local/lib/python3.10/site-packages/airflow/example_dags/example_latest_only.py
[2024-02-06T21:43:34.454+0100] {logging_mixin.py:188} INFO - [2024-02-06T21:43:34.454+0100] {dag.py:3036} INFO - Sync 1 DAGs
[2024-02-06T21:43:34.487+0100] {logging_mixin.py:188} INFO - [2024-02-06T21:43:34.487+0100] {dag.py:3823} INFO - Setting next_dagrun for latest_only to 2024-02-06 16:00:00+00:00, run_after=2024-02-06 20:00:00+00:00
[2024-02-06T21:43:34.559+0100] {processor.py:183} INFO - Processing /home/ubuntu/.local/lib/python3.10/site-packages/airflow/example_dags/example_latest_only.py took 0.159 seconds
[2024-02-06T21:44:12.734+0100] {processor.py:161} INFO - Started process (PID=28949) to work on /home/ubuntu/.local/lib/python3.10/site-packages/airflow/example_dags/example_latest_only.py
[2024-02-06T21:44:12.739+0100] {processor.py:830} INFO - Processing file /home/ubuntu/.local/lib/python3.10/site-packages/airflow/example_dags/example_latest_only.py for tasks to queue
[2024-02-06T21:44:12.742+0100] {logging_mixin.py:188} INFO - [2024-02-06T21:44:12.741+0100] {dagbag.py:538} INFO - Filling up the DagBag from /home/ubuntu/.local/lib/python3.10/site-packages/airflow/example_dags/example_latest_only.py
[2024-02-06T21:44:12.780+0100] {processor.py:840} INFO - DAG(s) 'latest_only' retrieved from /home/ubuntu/.local/lib/python3.10/site-packages/airflow/example_dags/example_latest_only.py
[2024-02-06T21:44:12.830+0100] {logging_mixin.py:188} INFO - [2024-02-06T21:44:12.829+0100] {dag.py:3036} INFO - Sync 1 DAGs
[2024-02-06T21:44:12.893+0100] {logging_mixin.py:188} INFO - [2024-02-06T21:44:12.893+0100] {dag.py:3823} INFO - Setting next_dagrun for latest_only to 2024-02-06 16:00:00+00:00, run_after=2024-02-06 20:00:00+00:00
[2024-02-06T21:44:13.024+0100] {processor.py:183} INFO - Processing /home/ubuntu/.local/lib/python3.10/site-packages/airflow/example_dags/example_latest_only.py took 0.334 seconds
[2024-02-06T21:45:28.616+0100] {processor.py:161} INFO - Started process (PID=29382) to work on /home/ubuntu/.local/lib/python3.10/site-packages/airflow/example_dags/example_latest_only.py
[2024-02-06T21:45:28.626+0100] {processor.py:830} INFO - Processing file /home/ubuntu/.local/lib/python3.10/site-packages/airflow/example_dags/example_latest_only.py for tasks to queue
[2024-02-06T21:45:28.629+0100] {logging_mixin.py:188} INFO - [2024-02-06T21:45:28.628+0100] {dagbag.py:538} INFO - Filling up the DagBag from /home/ubuntu/.local/lib/python3.10/site-packages/airflow/example_dags/example_latest_only.py
[2024-02-06T21:45:28.630+0100] {processor.py:842} WARNING - No viable dags retrieved from /home/ubuntu/.local/lib/python3.10/site-packages/airflow/example_dags/example_latest_only.py
[2024-02-06T21:45:28.719+0100] {processor.py:183} INFO - Processing /home/ubuntu/.local/lib/python3.10/site-packages/airflow/example_dags/example_latest_only.py took 0.180 seconds
[2024-02-06T21:54:27.986+0100] {processor.py:161} INFO - Started process (PID=31314) to work on /home/ubuntu/.local/lib/python3.10/site-packages/airflow/example_dags/example_latest_only.py
[2024-02-06T21:54:27.989+0100] {processor.py:830} INFO - Processing file /home/ubuntu/.local/lib/python3.10/site-packages/airflow/example_dags/example_latest_only.py for tasks to queue
[2024-02-06T21:54:27.991+0100] {logging_mixin.py:188} INFO - [2024-02-06T21:54:27.990+0100] {dagbag.py:538} INFO - Filling up the DagBag from /home/ubuntu/.local/lib/python3.10/site-packages/airflow/example_dags/example_latest_only.py
[2024-02-06T21:54:28.001+0100] {processor.py:840} INFO - DAG(s) 'latest_only' retrieved from /home/ubuntu/.local/lib/python3.10/site-packages/airflow/example_dags/example_latest_only.py
[2024-02-06T21:54:28.154+0100] {logging_mixin.py:188} INFO - [2024-02-06T21:54:28.154+0100] {dag.py:3036} INFO - Sync 1 DAGs
[2024-02-06T21:54:28.184+0100] {logging_mixin.py:188} INFO - [2024-02-06T21:54:28.184+0100] {dag.py:3823} INFO - Setting next_dagrun for latest_only to 2024-02-06 16:00:00+00:00, run_after=2024-02-06 20:00:00+00:00
[2024-02-06T21:54:28.239+0100] {processor.py:183} INFO - Processing /home/ubuntu/.local/lib/python3.10/site-packages/airflow/example_dags/example_latest_only.py took 0.267 seconds
[2024-02-06T21:55:57.536+0100] {processor.py:161} INFO - Started process (PID=32092) to work on /home/ubuntu/.local/lib/python3.10/site-packages/airflow/example_dags/example_latest_only.py
[2024-02-06T21:55:57.548+0100] {processor.py:830} INFO - Processing file /home/ubuntu/.local/lib/python3.10/site-packages/airflow/example_dags/example_latest_only.py for tasks to queue
[2024-02-06T21:55:57.551+0100] {logging_mixin.py:188} INFO - [2024-02-06T21:55:57.550+0100] {dagbag.py:538} INFO - Filling up the DagBag from /home/ubuntu/.local/lib/python3.10/site-packages/airflow/example_dags/example_latest_only.py
[2024-02-06T21:55:57.578+0100] {processor.py:840} INFO - DAG(s) 'latest_only' retrieved from /home/ubuntu/.local/lib/python3.10/site-packages/airflow/example_dags/example_latest_only.py
[2024-02-06T21:55:57.619+0100] {logging_mixin.py:188} INFO - [2024-02-06T21:55:57.616+0100] {dag.py:3036} INFO - Sync 1 DAGs
[2024-02-06T21:55:57.670+0100] {logging_mixin.py:188} INFO - [2024-02-06T21:55:57.669+0100] {dag.py:3823} INFO - Setting next_dagrun for latest_only to 2024-02-06 16:00:00+00:00, run_after=2024-02-06 20:00:00+00:00
[2024-02-06T21:55:57.743+0100] {processor.py:183} INFO - Processing /home/ubuntu/.local/lib/python3.10/site-packages/airflow/example_dags/example_latest_only.py took 0.224 seconds
[2024-02-06T21:56:35.073+0100] {processor.py:161} INFO - Started process (PID=32434) to work on /home/ubuntu/.local/lib/python3.10/site-packages/airflow/example_dags/example_latest_only.py
[2024-02-06T21:56:35.076+0100] {processor.py:830} INFO - Processing file /home/ubuntu/.local/lib/python3.10/site-packages/airflow/example_dags/example_latest_only.py for tasks to queue
[2024-02-06T21:56:35.078+0100] {logging_mixin.py:188} INFO - [2024-02-06T21:56:35.077+0100] {dagbag.py:538} INFO - Filling up the DagBag from /home/ubuntu/.local/lib/python3.10/site-packages/airflow/example_dags/example_latest_only.py
[2024-02-06T21:56:35.094+0100] {processor.py:840} INFO - DAG(s) 'latest_only' retrieved from /home/ubuntu/.local/lib/python3.10/site-packages/airflow/example_dags/example_latest_only.py
[2024-02-06T21:56:35.119+0100] {logging_mixin.py:188} INFO - [2024-02-06T21:56:35.119+0100] {dag.py:3036} INFO - Sync 1 DAGs
[2024-02-06T21:56:35.146+0100] {logging_mixin.py:188} INFO - [2024-02-06T21:56:35.145+0100] {dag.py:3823} INFO - Setting next_dagrun for latest_only to 2024-02-06 16:00:00+00:00, run_after=2024-02-06 20:00:00+00:00
[2024-02-06T21:56:35.264+0100] {processor.py:183} INFO - Processing /home/ubuntu/.local/lib/python3.10/site-packages/airflow/example_dags/example_latest_only.py took 0.198 seconds
[2024-02-06T21:57:34.706+0100] {processor.py:161} INFO - Started process (PID=32875) to work on /home/ubuntu/.local/lib/python3.10/site-packages/airflow/example_dags/example_latest_only.py
[2024-02-06T21:57:34.723+0100] {processor.py:830} INFO - Processing file /home/ubuntu/.local/lib/python3.10/site-packages/airflow/example_dags/example_latest_only.py for tasks to queue
[2024-02-06T21:57:34.726+0100] {logging_mixin.py:188} INFO - [2024-02-06T21:57:34.725+0100] {dagbag.py:538} INFO - Filling up the DagBag from /home/ubuntu/.local/lib/python3.10/site-packages/airflow/example_dags/example_latest_only.py
[2024-02-06T21:57:34.746+0100] {processor.py:840} INFO - DAG(s) 'latest_only' retrieved from /home/ubuntu/.local/lib/python3.10/site-packages/airflow/example_dags/example_latest_only.py
[2024-02-06T21:57:34.844+0100] {logging_mixin.py:188} INFO - [2024-02-06T21:57:34.843+0100] {dag.py:3036} INFO - Sync 1 DAGs
[2024-02-06T21:57:34.978+0100] {logging_mixin.py:188} INFO - [2024-02-06T21:57:34.978+0100] {dag.py:3823} INFO - Setting next_dagrun for latest_only to 2024-02-06 16:00:00+00:00, run_after=2024-02-06 20:00:00+00:00
[2024-02-06T21:57:35.071+0100] {processor.py:183} INFO - Processing /home/ubuntu/.local/lib/python3.10/site-packages/airflow/example_dags/example_latest_only.py took 0.374 seconds
[2024-02-06T21:57:58.965+0100] {processor.py:161} INFO - Started process (PID=33116) to work on /home/ubuntu/.local/lib/python3.10/site-packages/airflow/example_dags/example_latest_only.py
[2024-02-06T21:57:58.967+0100] {processor.py:830} INFO - Processing file /home/ubuntu/.local/lib/python3.10/site-packages/airflow/example_dags/example_latest_only.py for tasks to queue
[2024-02-06T21:57:58.969+0100] {logging_mixin.py:188} INFO - [2024-02-06T21:57:58.968+0100] {dagbag.py:538} INFO - Filling up the DagBag from /home/ubuntu/.local/lib/python3.10/site-packages/airflow/example_dags/example_latest_only.py
[2024-02-06T21:57:59.002+0100] {processor.py:840} INFO - DAG(s) 'latest_only' retrieved from /home/ubuntu/.local/lib/python3.10/site-packages/airflow/example_dags/example_latest_only.py
[2024-02-06T21:57:59.080+0100] {logging_mixin.py:188} INFO - [2024-02-06T21:57:59.078+0100] {dag.py:3036} INFO - Sync 1 DAGs
[2024-02-06T21:57:59.187+0100] {logging_mixin.py:188} INFO - [2024-02-06T21:57:59.187+0100] {dag.py:3823} INFO - Setting next_dagrun for latest_only to 2024-02-06 16:00:00+00:00, run_after=2024-02-06 20:00:00+00:00
[2024-02-06T21:57:59.286+0100] {processor.py:183} INFO - Processing /home/ubuntu/.local/lib/python3.10/site-packages/airflow/example_dags/example_latest_only.py took 0.329 seconds
[2024-02-06T21:59:37.139+0100] {processor.py:161} INFO - Started process (PID=34096) to work on /home/ubuntu/.local/lib/python3.10/site-packages/airflow/example_dags/example_latest_only.py
[2024-02-06T21:59:37.144+0100] {processor.py:830} INFO - Processing file /home/ubuntu/.local/lib/python3.10/site-packages/airflow/example_dags/example_latest_only.py for tasks to queue
[2024-02-06T21:59:37.149+0100] {logging_mixin.py:188} INFO - [2024-02-06T21:59:37.145+0100] {dagbag.py:538} INFO - Filling up the DagBag from /home/ubuntu/.local/lib/python3.10/site-packages/airflow/example_dags/example_latest_only.py
[2024-02-06T21:59:37.162+0100] {processor.py:840} INFO - DAG(s) 'latest_only' retrieved from /home/ubuntu/.local/lib/python3.10/site-packages/airflow/example_dags/example_latest_only.py
[2024-02-06T21:59:37.826+0100] {logging_mixin.py:188} INFO - [2024-02-06T21:59:37.825+0100] {dag.py:3036} INFO - Sync 1 DAGs
[2024-02-06T21:59:37.947+0100] {logging_mixin.py:188} INFO - [2024-02-06T21:59:37.947+0100] {dag.py:3823} INFO - Setting next_dagrun for latest_only to 2024-02-06 16:00:00+00:00, run_after=2024-02-06 20:00:00+00:00
[2024-02-06T21:59:38.159+0100] {processor.py:183} INFO - Processing /home/ubuntu/.local/lib/python3.10/site-packages/airflow/example_dags/example_latest_only.py took 1.051 seconds
[2024-02-06T21:59:55.195+0100] {processor.py:161} INFO - Started process (PID=34288) to work on /home/ubuntu/.local/lib/python3.10/site-packages/airflow/example_dags/example_latest_only.py
[2024-02-06T21:59:55.197+0100] {processor.py:830} INFO - Processing file /home/ubuntu/.local/lib/python3.10/site-packages/airflow/example_dags/example_latest_only.py for tasks to queue
[2024-02-06T21:59:55.206+0100] {logging_mixin.py:188} INFO - [2024-02-06T21:59:55.203+0100] {dagbag.py:538} INFO - Filling up the DagBag from /home/ubuntu/.local/lib/python3.10/site-packages/airflow/example_dags/example_latest_only.py
[2024-02-06T21:59:55.231+0100] {processor.py:840} INFO - DAG(s) 'latest_only' retrieved from /home/ubuntu/.local/lib/python3.10/site-packages/airflow/example_dags/example_latest_only.py
[2024-02-06T21:59:55.269+0100] {logging_mixin.py:188} INFO - [2024-02-06T21:59:55.268+0100] {dag.py:3036} INFO - Sync 1 DAGs
[2024-02-06T21:59:55.376+0100] {logging_mixin.py:188} INFO - [2024-02-06T21:59:55.375+0100] {dag.py:3823} INFO - Setting next_dagrun for latest_only to 2024-02-06 16:00:00+00:00, run_after=2024-02-06 20:00:00+00:00
[2024-02-06T21:59:55.516+0100] {processor.py:183} INFO - Processing /home/ubuntu/.local/lib/python3.10/site-packages/airflow/example_dags/example_latest_only.py took 0.328 seconds
[2024-02-06T22:01:05.004+0100] {processor.py:161} INFO - Started process (PID=34833) to work on /home/ubuntu/.local/lib/python3.10/site-packages/airflow/example_dags/example_latest_only.py
[2024-02-06T22:01:05.007+0100] {processor.py:830} INFO - Processing file /home/ubuntu/.local/lib/python3.10/site-packages/airflow/example_dags/example_latest_only.py for tasks to queue
[2024-02-06T22:01:05.008+0100] {logging_mixin.py:188} INFO - [2024-02-06T22:01:05.008+0100] {dagbag.py:538} INFO - Filling up the DagBag from /home/ubuntu/.local/lib/python3.10/site-packages/airflow/example_dags/example_latest_only.py
[2024-02-06T22:01:05.018+0100] {processor.py:840} INFO - DAG(s) 'latest_only' retrieved from /home/ubuntu/.local/lib/python3.10/site-packages/airflow/example_dags/example_latest_only.py
[2024-02-06T22:01:05.046+0100] {logging_mixin.py:188} INFO - [2024-02-06T22:01:05.046+0100] {dag.py:3036} INFO - Sync 1 DAGs
[2024-02-06T22:01:05.077+0100] {logging_mixin.py:188} INFO - [2024-02-06T22:01:05.077+0100] {dag.py:3823} INFO - Setting next_dagrun for latest_only to 2024-02-06 16:00:00+00:00, run_after=2024-02-06 20:00:00+00:00
[2024-02-06T22:01:05.133+0100] {processor.py:183} INFO - Processing /home/ubuntu/.local/lib/python3.10/site-packages/airflow/example_dags/example_latest_only.py took 0.136 seconds
[2024-02-06T22:01:29.807+0100] {processor.py:161} INFO - Started process (PID=34881) to work on /home/ubuntu/.local/lib/python3.10/site-packages/airflow/example_dags/example_latest_only.py
[2024-02-06T22:01:29.811+0100] {processor.py:830} INFO - Processing file /home/ubuntu/.local/lib/python3.10/site-packages/airflow/example_dags/example_latest_only.py for tasks to queue
[2024-02-06T22:01:29.813+0100] {logging_mixin.py:188} INFO - [2024-02-06T22:01:29.812+0100] {dagbag.py:538} INFO - Filling up the DagBag from /home/ubuntu/.local/lib/python3.10/site-packages/airflow/example_dags/example_latest_only.py
[2024-02-06T22:01:29.831+0100] {processor.py:840} INFO - DAG(s) 'latest_only' retrieved from /home/ubuntu/.local/lib/python3.10/site-packages/airflow/example_dags/example_latest_only.py
[2024-02-06T22:01:29.880+0100] {logging_mixin.py:188} INFO - [2024-02-06T22:01:29.879+0100] {dag.py:3036} INFO - Sync 1 DAGs
[2024-02-06T22:01:29.959+0100] {logging_mixin.py:188} INFO - [2024-02-06T22:01:29.959+0100] {dag.py:3823} INFO - Setting next_dagrun for latest_only to 2024-02-06 16:00:00+00:00, run_after=2024-02-06 20:00:00+00:00
[2024-02-06T22:01:30.043+0100] {processor.py:183} INFO - Processing /home/ubuntu/.local/lib/python3.10/site-packages/airflow/example_dags/example_latest_only.py took 0.249 seconds
[2024-02-06T22:02:34.205+0100] {processor.py:161} INFO - Started process (PID=35540) to work on /home/ubuntu/.local/lib/python3.10/site-packages/airflow/example_dags/example_latest_only.py
[2024-02-06T22:02:34.212+0100] {processor.py:830} INFO - Processing file /home/ubuntu/.local/lib/python3.10/site-packages/airflow/example_dags/example_latest_only.py for tasks to queue
[2024-02-06T22:02:34.216+0100] {logging_mixin.py:188} INFO - [2024-02-06T22:02:34.213+0100] {dagbag.py:538} INFO - Filling up the DagBag from /home/ubuntu/.local/lib/python3.10/site-packages/airflow/example_dags/example_latest_only.py
[2024-02-06T22:02:34.255+0100] {processor.py:840} INFO - DAG(s) 'latest_only' retrieved from /home/ubuntu/.local/lib/python3.10/site-packages/airflow/example_dags/example_latest_only.py
[2024-02-06T22:02:34.310+0100] {logging_mixin.py:188} INFO - [2024-02-06T22:02:34.309+0100] {dag.py:3036} INFO - Sync 1 DAGs
[2024-02-06T22:02:34.405+0100] {logging_mixin.py:188} INFO - [2024-02-06T22:02:34.404+0100] {dag.py:3823} INFO - Setting next_dagrun for latest_only to 2024-02-06 16:00:00+00:00, run_after=2024-02-06 20:00:00+00:00
[2024-02-06T22:02:34.501+0100] {processor.py:183} INFO - Processing /home/ubuntu/.local/lib/python3.10/site-packages/airflow/example_dags/example_latest_only.py took 0.304 seconds
[2024-02-06T22:02:59.302+0100] {processor.py:161} INFO - Started process (PID=35703) to work on /home/ubuntu/.local/lib/python3.10/site-packages/airflow/example_dags/example_latest_only.py
[2024-02-06T22:02:59.333+0100] {processor.py:830} INFO - Processing file /home/ubuntu/.local/lib/python3.10/site-packages/airflow/example_dags/example_latest_only.py for tasks to queue
[2024-02-06T22:02:59.335+0100] {logging_mixin.py:188} INFO - [2024-02-06T22:02:59.334+0100] {dagbag.py:538} INFO - Filling up the DagBag from /home/ubuntu/.local/lib/python3.10/site-packages/airflow/example_dags/example_latest_only.py
[2024-02-06T22:02:59.350+0100] {processor.py:840} INFO - DAG(s) 'latest_only' retrieved from /home/ubuntu/.local/lib/python3.10/site-packages/airflow/example_dags/example_latest_only.py
[2024-02-06T22:02:59.385+0100] {logging_mixin.py:188} INFO - [2024-02-06T22:02:59.384+0100] {dag.py:3036} INFO - Sync 1 DAGs
[2024-02-06T22:02:59.529+0100] {logging_mixin.py:188} INFO - [2024-02-06T22:02:59.528+0100] {dag.py:3823} INFO - Setting next_dagrun for latest_only to 2024-02-06 16:00:00+00:00, run_after=2024-02-06 20:00:00+00:00
[2024-02-06T22:02:59.752+0100] {processor.py:183} INFO - Processing /home/ubuntu/.local/lib/python3.10/site-packages/airflow/example_dags/example_latest_only.py took 0.473 seconds
[2024-02-06T22:06:44.670+0100] {processor.py:161} INFO - Started process (PID=37658) to work on /home/ubuntu/.local/lib/python3.10/site-packages/airflow/example_dags/example_latest_only.py
[2024-02-06T22:06:44.675+0100] {processor.py:830} INFO - Processing file /home/ubuntu/.local/lib/python3.10/site-packages/airflow/example_dags/example_latest_only.py for tasks to queue
[2024-02-06T22:06:44.676+0100] {logging_mixin.py:188} INFO - [2024-02-06T22:06:44.676+0100] {dagbag.py:538} INFO - Filling up the DagBag from /home/ubuntu/.local/lib/python3.10/site-packages/airflow/example_dags/example_latest_only.py
[2024-02-06T22:06:44.690+0100] {processor.py:840} INFO - DAG(s) 'latest_only' retrieved from /home/ubuntu/.local/lib/python3.10/site-packages/airflow/example_dags/example_latest_only.py
[2024-02-06T22:06:44.998+0100] {logging_mixin.py:188} INFO - [2024-02-06T22:06:44.998+0100] {dag.py:3036} INFO - Sync 1 DAGs
[2024-02-06T22:06:45.080+0100] {logging_mixin.py:188} INFO - [2024-02-06T22:06:45.079+0100] {dag.py:3823} INFO - Setting next_dagrun for latest_only to 2024-02-06 16:00:00+00:00, run_after=2024-02-06 20:00:00+00:00
[2024-02-06T22:06:45.208+0100] {processor.py:183} INFO - Processing /home/ubuntu/.local/lib/python3.10/site-packages/airflow/example_dags/example_latest_only.py took 0.544 seconds
[2024-02-06T22:11:09.040+0100] {processor.py:161} INFO - Started process (PID=39305) to work on /home/ubuntu/.local/lib/python3.10/site-packages/airflow/example_dags/example_latest_only.py
[2024-02-06T22:11:09.044+0100] {processor.py:830} INFO - Processing file /home/ubuntu/.local/lib/python3.10/site-packages/airflow/example_dags/example_latest_only.py for tasks to queue
[2024-02-06T22:11:09.048+0100] {logging_mixin.py:188} INFO - [2024-02-06T22:11:09.047+0100] {dagbag.py:538} INFO - Filling up the DagBag from /home/ubuntu/.local/lib/python3.10/site-packages/airflow/example_dags/example_latest_only.py
[2024-02-06T22:11:09.071+0100] {processor.py:840} INFO - DAG(s) 'latest_only' retrieved from /home/ubuntu/.local/lib/python3.10/site-packages/airflow/example_dags/example_latest_only.py
[2024-02-06T22:11:09.370+0100] {logging_mixin.py:188} INFO - [2024-02-06T22:11:09.370+0100] {dag.py:3036} INFO - Sync 1 DAGs
[2024-02-06T22:11:09.406+0100] {logging_mixin.py:188} INFO - [2024-02-06T22:11:09.406+0100] {dag.py:3823} INFO - Setting next_dagrun for latest_only to 2024-02-06 16:00:00+00:00, run_after=2024-02-06 20:00:00+00:00
[2024-02-06T22:11:09.475+0100] {processor.py:183} INFO - Processing /home/ubuntu/.local/lib/python3.10/site-packages/airflow/example_dags/example_latest_only.py took 0.468 seconds
[2024-02-06T22:13:31.012+0100] {processor.py:161} INFO - Started process (PID=40264) to work on /home/ubuntu/.local/lib/python3.10/site-packages/airflow/example_dags/example_latest_only.py
[2024-02-06T22:13:31.016+0100] {processor.py:830} INFO - Processing file /home/ubuntu/.local/lib/python3.10/site-packages/airflow/example_dags/example_latest_only.py for tasks to queue
[2024-02-06T22:13:31.019+0100] {logging_mixin.py:188} INFO - [2024-02-06T22:13:31.018+0100] {dagbag.py:538} INFO - Filling up the DagBag from /home/ubuntu/.local/lib/python3.10/site-packages/airflow/example_dags/example_latest_only.py
[2024-02-06T22:13:31.070+0100] {processor.py:840} INFO - DAG(s) 'latest_only' retrieved from /home/ubuntu/.local/lib/python3.10/site-packages/airflow/example_dags/example_latest_only.py
[2024-02-06T22:13:31.390+0100] {logging_mixin.py:188} INFO - [2024-02-06T22:13:31.388+0100] {dag.py:3036} INFO - Sync 1 DAGs
[2024-02-06T22:13:31.469+0100] {logging_mixin.py:188} INFO - [2024-02-06T22:13:31.468+0100] {dag.py:3823} INFO - Setting next_dagrun for latest_only to 2024-02-06 16:00:00+00:00, run_after=2024-02-06 20:00:00+00:00
[2024-02-06T22:13:31.572+0100] {processor.py:183} INFO - Processing /home/ubuntu/.local/lib/python3.10/site-packages/airflow/example_dags/example_latest_only.py took 0.570 seconds
[2024-02-06T22:15:00.590+0100] {processor.py:161} INFO - Started process (PID=41228) to work on /home/ubuntu/.local/lib/python3.10/site-packages/airflow/example_dags/example_latest_only.py
[2024-02-06T22:15:00.593+0100] {processor.py:830} INFO - Processing file /home/ubuntu/.local/lib/python3.10/site-packages/airflow/example_dags/example_latest_only.py for tasks to queue
[2024-02-06T22:15:00.596+0100] {logging_mixin.py:188} INFO - [2024-02-06T22:15:00.595+0100] {dagbag.py:538} INFO - Filling up the DagBag from /home/ubuntu/.local/lib/python3.10/site-packages/airflow/example_dags/example_latest_only.py
[2024-02-06T22:15:00.611+0100] {processor.py:840} INFO - DAG(s) 'latest_only' retrieved from /home/ubuntu/.local/lib/python3.10/site-packages/airflow/example_dags/example_latest_only.py
[2024-02-06T22:15:00.646+0100] {logging_mixin.py:188} INFO - [2024-02-06T22:15:00.645+0100] {dag.py:3036} INFO - Sync 1 DAGs
[2024-02-06T22:15:00.694+0100] {logging_mixin.py:188} INFO - [2024-02-06T22:15:00.694+0100] {dag.py:3823} INFO - Setting next_dagrun for latest_only to 2024-02-06 16:00:00+00:00, run_after=2024-02-06 20:00:00+00:00
[2024-02-06T22:15:00.759+0100] {processor.py:183} INFO - Processing /home/ubuntu/.local/lib/python3.10/site-packages/airflow/example_dags/example_latest_only.py took 0.177 seconds
[2024-02-06T22:26:37.963+0100] {processor.py:161} INFO - Started process (PID=49448) to work on /home/ubuntu/.local/lib/python3.10/site-packages/airflow/example_dags/example_latest_only.py
[2024-02-06T22:26:37.977+0100] {processor.py:830} INFO - Processing file /home/ubuntu/.local/lib/python3.10/site-packages/airflow/example_dags/example_latest_only.py for tasks to queue
[2024-02-06T22:26:37.981+0100] {logging_mixin.py:188} INFO - [2024-02-06T22:26:37.979+0100] {dagbag.py:538} INFO - Filling up the DagBag from /home/ubuntu/.local/lib/python3.10/site-packages/airflow/example_dags/example_latest_only.py
[2024-02-06T22:26:38.008+0100] {processor.py:840} INFO - DAG(s) 'latest_only' retrieved from /home/ubuntu/.local/lib/python3.10/site-packages/airflow/example_dags/example_latest_only.py
[2024-02-06T22:26:38.069+0100] {logging_mixin.py:188} INFO - [2024-02-06T22:26:38.069+0100] {dag.py:3036} INFO - Sync 1 DAGs
[2024-02-06T22:26:38.120+0100] {logging_mixin.py:188} INFO - [2024-02-06T22:26:38.119+0100] {dag.py:3823} INFO - Setting next_dagrun for latest_only to 2024-02-06 16:00:00+00:00, run_after=2024-02-06 20:00:00+00:00
[2024-02-06T22:26:38.261+0100] {processor.py:183} INFO - Processing /home/ubuntu/.local/lib/python3.10/site-packages/airflow/example_dags/example_latest_only.py took 0.307 seconds
[2024-02-06T22:28:29.550+0100] {processor.py:161} INFO - Started process (PID=50458) to work on /home/ubuntu/.local/lib/python3.10/site-packages/airflow/example_dags/example_latest_only.py
[2024-02-06T22:28:29.560+0100] {processor.py:830} INFO - Processing file /home/ubuntu/.local/lib/python3.10/site-packages/airflow/example_dags/example_latest_only.py for tasks to queue
[2024-02-06T22:28:29.569+0100] {logging_mixin.py:188} INFO - [2024-02-06T22:28:29.567+0100] {dagbag.py:538} INFO - Filling up the DagBag from /home/ubuntu/.local/lib/python3.10/site-packages/airflow/example_dags/example_latest_only.py
[2024-02-06T22:28:29.646+0100] {processor.py:840} INFO - DAG(s) 'latest_only' retrieved from /home/ubuntu/.local/lib/python3.10/site-packages/airflow/example_dags/example_latest_only.py
[2024-02-06T22:28:30.135+0100] {logging_mixin.py:188} INFO - [2024-02-06T22:28:30.135+0100] {dag.py:3036} INFO - Sync 1 DAGs
[2024-02-06T22:28:30.277+0100] {logging_mixin.py:188} INFO - [2024-02-06T22:28:30.277+0100] {dag.py:3823} INFO - Setting next_dagrun for latest_only to 2024-02-06 16:00:00+00:00, run_after=2024-02-06 20:00:00+00:00
[2024-02-06T22:28:30.527+0100] {processor.py:183} INFO - Processing /home/ubuntu/.local/lib/python3.10/site-packages/airflow/example_dags/example_latest_only.py took 0.983 seconds
[2024-02-06T22:35:45.854+0100] {processor.py:161} INFO - Started process (PID=55794) to work on /home/ubuntu/.local/lib/python3.10/site-packages/airflow/example_dags/example_latest_only.py
[2024-02-06T22:35:45.864+0100] {processor.py:830} INFO - Processing file /home/ubuntu/.local/lib/python3.10/site-packages/airflow/example_dags/example_latest_only.py for tasks to queue
[2024-02-06T22:35:45.880+0100] {logging_mixin.py:188} INFO - [2024-02-06T22:35:45.866+0100] {dagbag.py:538} INFO - Filling up the DagBag from /home/ubuntu/.local/lib/python3.10/site-packages/airflow/example_dags/example_latest_only.py
[2024-02-06T22:35:45.988+0100] {processor.py:840} INFO - DAG(s) 'latest_only' retrieved from /home/ubuntu/.local/lib/python3.10/site-packages/airflow/example_dags/example_latest_only.py
[2024-02-06T22:35:46.213+0100] {logging_mixin.py:188} INFO - [2024-02-06T22:35:46.212+0100] {dag.py:3036} INFO - Sync 1 DAGs
[2024-02-06T22:35:46.309+0100] {logging_mixin.py:188} INFO - [2024-02-06T22:35:46.308+0100] {dag.py:3823} INFO - Setting next_dagrun for latest_only to 2024-02-06 16:00:00+00:00, run_after=2024-02-06 20:00:00+00:00
[2024-02-06T22:35:46.485+0100] {processor.py:183} INFO - Processing /home/ubuntu/.local/lib/python3.10/site-packages/airflow/example_dags/example_latest_only.py took 0.642 seconds
[2024-02-06T23:14:40.200+0100] {processor.py:161} INFO - Started process (PID=64299) to work on /home/ubuntu/.local/lib/python3.10/site-packages/airflow/example_dags/example_latest_only.py
[2024-02-06T23:14:40.239+0100] {processor.py:830} INFO - Processing file /home/ubuntu/.local/lib/python3.10/site-packages/airflow/example_dags/example_latest_only.py for tasks to queue
[2024-02-06T23:14:40.262+0100] {logging_mixin.py:188} INFO - [2024-02-06T23:14:40.254+0100] {dagbag.py:538} INFO - Filling up the DagBag from /home/ubuntu/.local/lib/python3.10/site-packages/airflow/example_dags/example_latest_only.py
[2024-02-06T23:14:40.451+0100] {processor.py:840} INFO - DAG(s) 'latest_only' retrieved from /home/ubuntu/.local/lib/python3.10/site-packages/airflow/example_dags/example_latest_only.py
[2024-02-06T23:14:41.427+0100] {logging_mixin.py:188} INFO - [2024-02-06T23:14:41.425+0100] {dag.py:3036} INFO - Sync 1 DAGs
[2024-02-06T23:14:41.764+0100] {logging_mixin.py:188} INFO - [2024-02-06T23:14:41.763+0100] {dag.py:3823} INFO - Setting next_dagrun for latest_only to 2024-02-06 16:00:00+00:00, run_after=2024-02-06 20:00:00+00:00
[2024-02-06T23:14:42.177+0100] {processor.py:183} INFO - Processing /home/ubuntu/.local/lib/python3.10/site-packages/airflow/example_dags/example_latest_only.py took 2.111 seconds
[2024-02-06T23:30:11.212+0100] {processor.py:161} INFO - Started process (PID=72831) to work on /home/ubuntu/.local/lib/python3.10/site-packages/airflow/example_dags/example_latest_only.py
[2024-02-06T23:30:11.729+0100] {processor.py:830} INFO - Processing file /home/ubuntu/.local/lib/python3.10/site-packages/airflow/example_dags/example_latest_only.py for tasks to queue
[2024-02-06T23:30:11.731+0100] {logging_mixin.py:188} INFO - [2024-02-06T23:30:11.730+0100] {dagbag.py:538} INFO - Filling up the DagBag from /home/ubuntu/.local/lib/python3.10/site-packages/airflow/example_dags/example_latest_only.py
[2024-02-06T23:30:11.745+0100] {processor.py:840} INFO - DAG(s) 'latest_only' retrieved from /home/ubuntu/.local/lib/python3.10/site-packages/airflow/example_dags/example_latest_only.py
[2024-02-06T23:30:12.601+0100] {logging_mixin.py:188} INFO - [2024-02-06T23:30:12.600+0100] {dag.py:3036} INFO - Sync 1 DAGs
[2024-02-06T23:30:12.731+0100] {logging_mixin.py:188} INFO - [2024-02-06T23:30:12.731+0100] {dag.py:3823} INFO - Setting next_dagrun for latest_only to 2024-02-06 16:00:00+00:00, run_after=2024-02-06 20:00:00+00:00
[2024-02-06T23:30:12.932+0100] {processor.py:183} INFO - Processing /home/ubuntu/.local/lib/python3.10/site-packages/airflow/example_dags/example_latest_only.py took 1.764 seconds
