[2024-02-06T21:28:27.733+0100] {processor.py:161} INFO - Started process (PID=23876) to work on /home/ubuntu/.local/lib/python3.10/site-packages/airflow/example_dags/example_dynamic_task_mapping.py
[2024-02-06T21:28:27.735+0100] {processor.py:830} INFO - Processing file /home/ubuntu/.local/lib/python3.10/site-packages/airflow/example_dags/example_dynamic_task_mapping.py for tasks to queue
[2024-02-06T21:28:27.738+0100] {logging_mixin.py:188} INFO - [2024-02-06T21:28:27.736+0100] {dagbag.py:538} INFO - Filling up the DagBag from /home/ubuntu/.local/lib/python3.10/site-packages/airflow/example_dags/example_dynamic_task_mapping.py
[2024-02-06T21:28:27.760+0100] {processor.py:840} INFO - DAG(s) 'example_dynamic_task_mapping' retrieved from /home/ubuntu/.local/lib/python3.10/site-packages/airflow/example_dags/example_dynamic_task_mapping.py
[2024-02-06T21:28:27.981+0100] {logging_mixin.py:188} INFO - [2024-02-06T21:28:27.981+0100] {dag.py:3036} INFO - Sync 1 DAGs
[2024-02-06T21:28:28.016+0100] {logging_mixin.py:188} INFO - [2024-02-06T21:28:28.015+0100] {dag.py:3823} INFO - Setting next_dagrun for example_dynamic_task_mapping to 2022-03-04 00:00:00+00:00, run_after=2022-03-05 00:00:00+00:00
[2024-02-06T21:28:28.071+0100] {processor.py:183} INFO - Processing /home/ubuntu/.local/lib/python3.10/site-packages/airflow/example_dags/example_dynamic_task_mapping.py took 0.345 seconds
[2024-02-06T21:29:51.589+0100] {processor.py:161} INFO - Started process (PID=24583) to work on /home/ubuntu/.local/lib/python3.10/site-packages/airflow/example_dags/example_dynamic_task_mapping.py
[2024-02-06T21:29:51.593+0100] {processor.py:830} INFO - Processing file /home/ubuntu/.local/lib/python3.10/site-packages/airflow/example_dags/example_dynamic_task_mapping.py for tasks to queue
[2024-02-06T21:29:51.598+0100] {logging_mixin.py:188} INFO - [2024-02-06T21:29:51.596+0100] {dagbag.py:538} INFO - Filling up the DagBag from /home/ubuntu/.local/lib/python3.10/site-packages/airflow/example_dags/example_dynamic_task_mapping.py
[2024-02-06T21:29:51.617+0100] {processor.py:840} INFO - DAG(s) 'example_dynamic_task_mapping' retrieved from /home/ubuntu/.local/lib/python3.10/site-packages/airflow/example_dags/example_dynamic_task_mapping.py
[2024-02-06T21:29:51.641+0100] {logging_mixin.py:188} INFO - [2024-02-06T21:29:51.640+0100] {dag.py:3036} INFO - Sync 1 DAGs
[2024-02-06T21:29:51.672+0100] {logging_mixin.py:188} INFO - [2024-02-06T21:29:51.672+0100] {dag.py:3823} INFO - Setting next_dagrun for example_dynamic_task_mapping to 2022-03-04 00:00:00+00:00, run_after=2022-03-05 00:00:00+00:00
[2024-02-06T21:29:51.729+0100] {processor.py:183} INFO - Processing /home/ubuntu/.local/lib/python3.10/site-packages/airflow/example_dags/example_dynamic_task_mapping.py took 0.148 seconds
[2024-02-06T21:31:29.457+0100] {processor.py:161} INFO - Started process (PID=24997) to work on /home/ubuntu/.local/lib/python3.10/site-packages/airflow/example_dags/example_dynamic_task_mapping.py
[2024-02-06T21:31:29.461+0100] {processor.py:830} INFO - Processing file /home/ubuntu/.local/lib/python3.10/site-packages/airflow/example_dags/example_dynamic_task_mapping.py for tasks to queue
[2024-02-06T21:31:29.463+0100] {logging_mixin.py:188} INFO - [2024-02-06T21:31:29.461+0100] {dagbag.py:538} INFO - Filling up the DagBag from /home/ubuntu/.local/lib/python3.10/site-packages/airflow/example_dags/example_dynamic_task_mapping.py
[2024-02-06T21:31:29.477+0100] {processor.py:840} INFO - DAG(s) 'example_dynamic_task_mapping' retrieved from /home/ubuntu/.local/lib/python3.10/site-packages/airflow/example_dags/example_dynamic_task_mapping.py
[2024-02-06T21:31:29.511+0100] {logging_mixin.py:188} INFO - [2024-02-06T21:31:29.511+0100] {dag.py:3036} INFO - Sync 1 DAGs
[2024-02-06T21:31:29.544+0100] {logging_mixin.py:188} INFO - [2024-02-06T21:31:29.544+0100] {dag.py:3823} INFO - Setting next_dagrun for example_dynamic_task_mapping to 2022-03-04 00:00:00+00:00, run_after=2022-03-05 00:00:00+00:00
[2024-02-06T21:31:29.597+0100] {processor.py:183} INFO - Processing /home/ubuntu/.local/lib/python3.10/site-packages/airflow/example_dags/example_dynamic_task_mapping.py took 0.147 seconds
[2024-02-06T21:32:42.523+0100] {processor.py:161} INFO - Started process (PID=25242) to work on /home/ubuntu/.local/lib/python3.10/site-packages/airflow/example_dags/example_dynamic_task_mapping.py
[2024-02-06T21:32:42.527+0100] {processor.py:830} INFO - Processing file /home/ubuntu/.local/lib/python3.10/site-packages/airflow/example_dags/example_dynamic_task_mapping.py for tasks to queue
[2024-02-06T21:32:42.530+0100] {logging_mixin.py:188} INFO - [2024-02-06T21:32:42.529+0100] {dagbag.py:538} INFO - Filling up the DagBag from /home/ubuntu/.local/lib/python3.10/site-packages/airflow/example_dags/example_dynamic_task_mapping.py
[2024-02-06T21:32:42.550+0100] {processor.py:840} INFO - DAG(s) 'example_dynamic_task_mapping' retrieved from /home/ubuntu/.local/lib/python3.10/site-packages/airflow/example_dags/example_dynamic_task_mapping.py
[2024-02-06T21:32:42.621+0100] {logging_mixin.py:188} INFO - [2024-02-06T21:32:42.620+0100] {dag.py:3036} INFO - Sync 1 DAGs
[2024-02-06T21:32:42.703+0100] {logging_mixin.py:188} INFO - [2024-02-06T21:32:42.702+0100] {dag.py:3823} INFO - Setting next_dagrun for example_dynamic_task_mapping to 2022-03-04 00:00:00+00:00, run_after=2022-03-05 00:00:00+00:00
[2024-02-06T21:32:42.971+0100] {processor.py:183} INFO - Processing /home/ubuntu/.local/lib/python3.10/site-packages/airflow/example_dags/example_dynamic_task_mapping.py took 0.456 seconds
[2024-02-06T21:40:42.992+0100] {processor.py:161} INFO - Started process (PID=27809) to work on /home/ubuntu/.local/lib/python3.10/site-packages/airflow/example_dags/example_dynamic_task_mapping.py
[2024-02-06T21:40:43.046+0100] {processor.py:830} INFO - Processing file /home/ubuntu/.local/lib/python3.10/site-packages/airflow/example_dags/example_dynamic_task_mapping.py for tasks to queue
[2024-02-06T21:40:43.059+0100] {logging_mixin.py:188} INFO - [2024-02-06T21:40:43.054+0100] {dagbag.py:538} INFO - Filling up the DagBag from /home/ubuntu/.local/lib/python3.10/site-packages/airflow/example_dags/example_dynamic_task_mapping.py
[2024-02-06T21:40:43.085+0100] {processor.py:840} INFO - DAG(s) 'example_dynamic_task_mapping' retrieved from /home/ubuntu/.local/lib/python3.10/site-packages/airflow/example_dags/example_dynamic_task_mapping.py
[2024-02-06T21:40:43.565+0100] {logging_mixin.py:188} INFO - [2024-02-06T21:40:43.564+0100] {dag.py:3036} INFO - Sync 1 DAGs
[2024-02-06T21:40:43.612+0100] {logging_mixin.py:188} INFO - [2024-02-06T21:40:43.612+0100] {dag.py:3823} INFO - Setting next_dagrun for example_dynamic_task_mapping to 2022-03-04 00:00:00+00:00, run_after=2022-03-05 00:00:00+00:00
[2024-02-06T21:40:43.714+0100] {processor.py:183} INFO - Processing /home/ubuntu/.local/lib/python3.10/site-packages/airflow/example_dags/example_dynamic_task_mapping.py took 0.753 seconds
[2024-02-06T21:41:21.854+0100] {processor.py:161} INFO - Started process (PID=27968) to work on /home/ubuntu/.local/lib/python3.10/site-packages/airflow/example_dags/example_dynamic_task_mapping.py
[2024-02-06T21:41:21.863+0100] {processor.py:830} INFO - Processing file /home/ubuntu/.local/lib/python3.10/site-packages/airflow/example_dags/example_dynamic_task_mapping.py for tasks to queue
[2024-02-06T21:41:21.867+0100] {logging_mixin.py:188} INFO - [2024-02-06T21:41:21.865+0100] {dagbag.py:538} INFO - Filling up the DagBag from /home/ubuntu/.local/lib/python3.10/site-packages/airflow/example_dags/example_dynamic_task_mapping.py
[2024-02-06T21:41:21.950+0100] {processor.py:840} INFO - DAG(s) 'example_dynamic_task_mapping' retrieved from /home/ubuntu/.local/lib/python3.10/site-packages/airflow/example_dags/example_dynamic_task_mapping.py
[2024-02-06T21:41:22.022+0100] {logging_mixin.py:188} INFO - [2024-02-06T21:41:22.021+0100] {dag.py:3036} INFO - Sync 1 DAGs
[2024-02-06T21:41:22.087+0100] {logging_mixin.py:188} INFO - [2024-02-06T21:41:22.086+0100] {dag.py:3823} INFO - Setting next_dagrun for example_dynamic_task_mapping to 2022-03-04 00:00:00+00:00, run_after=2022-03-05 00:00:00+00:00
[2024-02-06T21:41:22.246+0100] {processor.py:183} INFO - Processing /home/ubuntu/.local/lib/python3.10/site-packages/airflow/example_dags/example_dynamic_task_mapping.py took 0.398 seconds
[2024-02-06T21:41:58.292+0100] {processor.py:161} INFO - Started process (PID=28192) to work on /home/ubuntu/.local/lib/python3.10/site-packages/airflow/example_dags/example_dynamic_task_mapping.py
[2024-02-06T21:41:58.295+0100] {processor.py:830} INFO - Processing file /home/ubuntu/.local/lib/python3.10/site-packages/airflow/example_dags/example_dynamic_task_mapping.py for tasks to queue
[2024-02-06T21:41:58.297+0100] {logging_mixin.py:188} INFO - [2024-02-06T21:41:58.296+0100] {dagbag.py:538} INFO - Filling up the DagBag from /home/ubuntu/.local/lib/python3.10/site-packages/airflow/example_dags/example_dynamic_task_mapping.py
[2024-02-06T21:41:58.313+0100] {processor.py:840} INFO - DAG(s) 'example_dynamic_task_mapping' retrieved from /home/ubuntu/.local/lib/python3.10/site-packages/airflow/example_dags/example_dynamic_task_mapping.py
[2024-02-06T21:41:58.341+0100] {logging_mixin.py:188} INFO - [2024-02-06T21:41:58.340+0100] {dag.py:3036} INFO - Sync 1 DAGs
[2024-02-06T21:41:58.373+0100] {logging_mixin.py:188} INFO - [2024-02-06T21:41:58.373+0100] {dag.py:3823} INFO - Setting next_dagrun for example_dynamic_task_mapping to 2022-03-04 00:00:00+00:00, run_after=2022-03-05 00:00:00+00:00
[2024-02-06T21:41:58.425+0100] {processor.py:183} INFO - Processing /home/ubuntu/.local/lib/python3.10/site-packages/airflow/example_dags/example_dynamic_task_mapping.py took 0.139 seconds
[2024-02-06T21:42:53.688+0100] {processor.py:161} INFO - Started process (PID=28508) to work on /home/ubuntu/.local/lib/python3.10/site-packages/airflow/example_dags/example_dynamic_task_mapping.py
[2024-02-06T21:42:53.692+0100] {processor.py:830} INFO - Processing file /home/ubuntu/.local/lib/python3.10/site-packages/airflow/example_dags/example_dynamic_task_mapping.py for tasks to queue
[2024-02-06T21:42:53.693+0100] {logging_mixin.py:188} INFO - [2024-02-06T21:42:53.693+0100] {dagbag.py:538} INFO - Filling up the DagBag from /home/ubuntu/.local/lib/python3.10/site-packages/airflow/example_dags/example_dynamic_task_mapping.py
[2024-02-06T21:42:53.706+0100] {processor.py:840} INFO - DAG(s) 'example_dynamic_task_mapping' retrieved from /home/ubuntu/.local/lib/python3.10/site-packages/airflow/example_dags/example_dynamic_task_mapping.py
[2024-02-06T21:42:53.731+0100] {logging_mixin.py:188} INFO - [2024-02-06T21:42:53.731+0100] {dag.py:3036} INFO - Sync 1 DAGs
[2024-02-06T21:42:53.769+0100] {logging_mixin.py:188} INFO - [2024-02-06T21:42:53.769+0100] {dag.py:3823} INFO - Setting next_dagrun for example_dynamic_task_mapping to 2022-03-04 00:00:00+00:00, run_after=2022-03-05 00:00:00+00:00
[2024-02-06T21:42:53.825+0100] {processor.py:183} INFO - Processing /home/ubuntu/.local/lib/python3.10/site-packages/airflow/example_dags/example_dynamic_task_mapping.py took 0.143 seconds
[2024-02-06T21:43:13.740+0100] {processor.py:161} INFO - Started process (PID=28664) to work on /home/ubuntu/.local/lib/python3.10/site-packages/airflow/example_dags/example_dynamic_task_mapping.py
[2024-02-06T21:43:13.741+0100] {processor.py:830} INFO - Processing file /home/ubuntu/.local/lib/python3.10/site-packages/airflow/example_dags/example_dynamic_task_mapping.py for tasks to queue
[2024-02-06T21:43:13.743+0100] {logging_mixin.py:188} INFO - [2024-02-06T21:43:13.742+0100] {dagbag.py:538} INFO - Filling up the DagBag from /home/ubuntu/.local/lib/python3.10/site-packages/airflow/example_dags/example_dynamic_task_mapping.py
[2024-02-06T21:43:13.757+0100] {processor.py:840} INFO - DAG(s) 'example_dynamic_task_mapping' retrieved from /home/ubuntu/.local/lib/python3.10/site-packages/airflow/example_dags/example_dynamic_task_mapping.py
[2024-02-06T21:43:13.782+0100] {logging_mixin.py:188} INFO - [2024-02-06T21:43:13.782+0100] {dag.py:3036} INFO - Sync 1 DAGs
[2024-02-06T21:43:13.820+0100] {logging_mixin.py:188} INFO - [2024-02-06T21:43:13.820+0100] {dag.py:3823} INFO - Setting next_dagrun for example_dynamic_task_mapping to 2022-03-04 00:00:00+00:00, run_after=2022-03-05 00:00:00+00:00
[2024-02-06T21:43:13.863+0100] {processor.py:183} INFO - Processing /home/ubuntu/.local/lib/python3.10/site-packages/airflow/example_dags/example_dynamic_task_mapping.py took 0.131 seconds
[2024-02-06T21:44:03.481+0100] {processor.py:161} INFO - Started process (PID=28931) to work on /home/ubuntu/.local/lib/python3.10/site-packages/airflow/example_dags/example_dynamic_task_mapping.py
[2024-02-06T21:44:03.483+0100] {processor.py:830} INFO - Processing file /home/ubuntu/.local/lib/python3.10/site-packages/airflow/example_dags/example_dynamic_task_mapping.py for tasks to queue
[2024-02-06T21:44:03.485+0100] {logging_mixin.py:188} INFO - [2024-02-06T21:44:03.484+0100] {dagbag.py:538} INFO - Filling up the DagBag from /home/ubuntu/.local/lib/python3.10/site-packages/airflow/example_dags/example_dynamic_task_mapping.py
[2024-02-06T21:44:03.498+0100] {processor.py:840} INFO - DAG(s) 'example_dynamic_task_mapping' retrieved from /home/ubuntu/.local/lib/python3.10/site-packages/airflow/example_dags/example_dynamic_task_mapping.py
[2024-02-06T21:44:03.523+0100] {logging_mixin.py:188} INFO - [2024-02-06T21:44:03.523+0100] {dag.py:3036} INFO - Sync 1 DAGs
[2024-02-06T21:44:03.555+0100] {logging_mixin.py:188} INFO - [2024-02-06T21:44:03.554+0100] {dag.py:3823} INFO - Setting next_dagrun for example_dynamic_task_mapping to 2022-03-04 00:00:00+00:00, run_after=2022-03-05 00:00:00+00:00
[2024-02-06T21:44:03.608+0100] {processor.py:183} INFO - Processing /home/ubuntu/.local/lib/python3.10/site-packages/airflow/example_dags/example_dynamic_task_mapping.py took 0.137 seconds
[2024-02-06T21:44:23.711+0100] {processor.py:161} INFO - Started process (PID=29029) to work on /home/ubuntu/.local/lib/python3.10/site-packages/airflow/example_dags/example_dynamic_task_mapping.py
[2024-02-06T21:44:23.712+0100] {processor.py:830} INFO - Processing file /home/ubuntu/.local/lib/python3.10/site-packages/airflow/example_dags/example_dynamic_task_mapping.py for tasks to queue
[2024-02-06T21:44:23.714+0100] {logging_mixin.py:188} INFO - [2024-02-06T21:44:23.713+0100] {dagbag.py:538} INFO - Filling up the DagBag from /home/ubuntu/.local/lib/python3.10/site-packages/airflow/example_dags/example_dynamic_task_mapping.py
[2024-02-06T21:44:23.727+0100] {processor.py:840} INFO - DAG(s) 'example_dynamic_task_mapping' retrieved from /home/ubuntu/.local/lib/python3.10/site-packages/airflow/example_dags/example_dynamic_task_mapping.py
[2024-02-06T21:44:23.755+0100] {logging_mixin.py:188} INFO - [2024-02-06T21:44:23.755+0100] {dag.py:3036} INFO - Sync 1 DAGs
[2024-02-06T21:44:23.781+0100] {logging_mixin.py:188} INFO - [2024-02-06T21:44:23.781+0100] {dag.py:3823} INFO - Setting next_dagrun for example_dynamic_task_mapping to 2022-03-04 00:00:00+00:00, run_after=2022-03-05 00:00:00+00:00
[2024-02-06T21:44:23.834+0100] {processor.py:183} INFO - Processing /home/ubuntu/.local/lib/python3.10/site-packages/airflow/example_dags/example_dynamic_task_mapping.py took 0.130 seconds
[2024-02-06T21:45:19.812+0100] {processor.py:161} INFO - Started process (PID=29356) to work on /home/ubuntu/.local/lib/python3.10/site-packages/airflow/example_dags/example_dynamic_task_mapping.py
[2024-02-06T21:45:19.815+0100] {processor.py:830} INFO - Processing file /home/ubuntu/.local/lib/python3.10/site-packages/airflow/example_dags/example_dynamic_task_mapping.py for tasks to queue
[2024-02-06T21:45:19.817+0100] {logging_mixin.py:188} INFO - [2024-02-06T21:45:19.816+0100] {dagbag.py:538} INFO - Filling up the DagBag from /home/ubuntu/.local/lib/python3.10/site-packages/airflow/example_dags/example_dynamic_task_mapping.py
[2024-02-06T21:45:19.817+0100] {processor.py:842} WARNING - No viable dags retrieved from /home/ubuntu/.local/lib/python3.10/site-packages/airflow/example_dags/example_dynamic_task_mapping.py
[2024-02-06T21:45:19.833+0100] {processor.py:183} INFO - Processing /home/ubuntu/.local/lib/python3.10/site-packages/airflow/example_dags/example_dynamic_task_mapping.py took 0.028 seconds
[2024-02-06T21:54:38.324+0100] {processor.py:161} INFO - Started process (PID=31405) to work on /home/ubuntu/.local/lib/python3.10/site-packages/airflow/example_dags/example_dynamic_task_mapping.py
[2024-02-06T21:54:38.350+0100] {processor.py:830} INFO - Processing file /home/ubuntu/.local/lib/python3.10/site-packages/airflow/example_dags/example_dynamic_task_mapping.py for tasks to queue
[2024-02-06T21:54:38.371+0100] {logging_mixin.py:188} INFO - [2024-02-06T21:54:38.352+0100] {dagbag.py:538} INFO - Filling up the DagBag from /home/ubuntu/.local/lib/python3.10/site-packages/airflow/example_dags/example_dynamic_task_mapping.py
[2024-02-06T21:54:38.424+0100] {processor.py:840} INFO - DAG(s) 'example_dynamic_task_mapping' retrieved from /home/ubuntu/.local/lib/python3.10/site-packages/airflow/example_dags/example_dynamic_task_mapping.py
[2024-02-06T21:54:38.723+0100] {logging_mixin.py:188} INFO - [2024-02-06T21:54:38.723+0100] {dag.py:3036} INFO - Sync 1 DAGs
[2024-02-06T21:54:38.745+0100] {logging_mixin.py:188} INFO - [2024-02-06T21:54:38.745+0100] {dag.py:3823} INFO - Setting next_dagrun for example_dynamic_task_mapping to 2022-03-04 00:00:00+00:00, run_after=2022-03-05 00:00:00+00:00
[2024-02-06T21:54:38.813+0100] {processor.py:183} INFO - Processing /home/ubuntu/.local/lib/python3.10/site-packages/airflow/example_dags/example_dynamic_task_mapping.py took 0.502 seconds
[2024-02-06T21:56:09.367+0100] {processor.py:161} INFO - Started process (PID=32220) to work on /home/ubuntu/.local/lib/python3.10/site-packages/airflow/example_dags/example_dynamic_task_mapping.py
[2024-02-06T21:56:09.374+0100] {processor.py:830} INFO - Processing file /home/ubuntu/.local/lib/python3.10/site-packages/airflow/example_dags/example_dynamic_task_mapping.py for tasks to queue
[2024-02-06T21:56:09.378+0100] {logging_mixin.py:188} INFO - [2024-02-06T21:56:09.375+0100] {dagbag.py:538} INFO - Filling up the DagBag from /home/ubuntu/.local/lib/python3.10/site-packages/airflow/example_dags/example_dynamic_task_mapping.py
[2024-02-06T21:56:09.447+0100] {processor.py:840} INFO - DAG(s) 'example_dynamic_task_mapping' retrieved from /home/ubuntu/.local/lib/python3.10/site-packages/airflow/example_dags/example_dynamic_task_mapping.py
[2024-02-06T21:56:09.489+0100] {logging_mixin.py:188} INFO - [2024-02-06T21:56:09.488+0100] {dag.py:3036} INFO - Sync 1 DAGs
[2024-02-06T21:56:09.610+0100] {logging_mixin.py:188} INFO - [2024-02-06T21:56:09.610+0100] {dag.py:3823} INFO - Setting next_dagrun for example_dynamic_task_mapping to 2022-03-04 00:00:00+00:00, run_after=2022-03-05 00:00:00+00:00
[2024-02-06T21:56:09.716+0100] {processor.py:183} INFO - Processing /home/ubuntu/.local/lib/python3.10/site-packages/airflow/example_dags/example_dynamic_task_mapping.py took 0.364 seconds
[2024-02-06T21:56:41.568+0100] {processor.py:161} INFO - Started process (PID=32495) to work on /home/ubuntu/.local/lib/python3.10/site-packages/airflow/example_dags/example_dynamic_task_mapping.py
[2024-02-06T21:56:41.572+0100] {processor.py:830} INFO - Processing file /home/ubuntu/.local/lib/python3.10/site-packages/airflow/example_dags/example_dynamic_task_mapping.py for tasks to queue
[2024-02-06T21:56:41.575+0100] {logging_mixin.py:188} INFO - [2024-02-06T21:56:41.573+0100] {dagbag.py:538} INFO - Filling up the DagBag from /home/ubuntu/.local/lib/python3.10/site-packages/airflow/example_dags/example_dynamic_task_mapping.py
[2024-02-06T21:56:41.607+0100] {processor.py:840} INFO - DAG(s) 'example_dynamic_task_mapping' retrieved from /home/ubuntu/.local/lib/python3.10/site-packages/airflow/example_dags/example_dynamic_task_mapping.py
[2024-02-06T21:56:41.652+0100] {logging_mixin.py:188} INFO - [2024-02-06T21:56:41.651+0100] {dag.py:3036} INFO - Sync 1 DAGs
[2024-02-06T21:56:41.714+0100] {logging_mixin.py:188} INFO - [2024-02-06T21:56:41.713+0100] {dag.py:3823} INFO - Setting next_dagrun for example_dynamic_task_mapping to 2022-03-04 00:00:00+00:00, run_after=2022-03-05 00:00:00+00:00
[2024-02-06T21:56:41.807+0100] {processor.py:183} INFO - Processing /home/ubuntu/.local/lib/python3.10/site-packages/airflow/example_dags/example_dynamic_task_mapping.py took 0.249 seconds
[2024-02-06T21:57:43.024+0100] {processor.py:161} INFO - Started process (PID=32968) to work on /home/ubuntu/.local/lib/python3.10/site-packages/airflow/example_dags/example_dynamic_task_mapping.py
[2024-02-06T21:57:43.068+0100] {processor.py:830} INFO - Processing file /home/ubuntu/.local/lib/python3.10/site-packages/airflow/example_dags/example_dynamic_task_mapping.py for tasks to queue
[2024-02-06T21:57:43.070+0100] {logging_mixin.py:188} INFO - [2024-02-06T21:57:43.069+0100] {dagbag.py:538} INFO - Filling up the DagBag from /home/ubuntu/.local/lib/python3.10/site-packages/airflow/example_dags/example_dynamic_task_mapping.py
[2024-02-06T21:57:43.111+0100] {processor.py:840} INFO - DAG(s) 'example_dynamic_task_mapping' retrieved from /home/ubuntu/.local/lib/python3.10/site-packages/airflow/example_dags/example_dynamic_task_mapping.py
[2024-02-06T21:57:43.189+0100] {logging_mixin.py:188} INFO - [2024-02-06T21:57:43.188+0100] {dag.py:3036} INFO - Sync 1 DAGs
[2024-02-06T21:57:43.325+0100] {logging_mixin.py:188} INFO - [2024-02-06T21:57:43.324+0100] {dag.py:3823} INFO - Setting next_dagrun for example_dynamic_task_mapping to 2022-03-04 00:00:00+00:00, run_after=2022-03-05 00:00:00+00:00
[2024-02-06T21:57:43.479+0100] {processor.py:183} INFO - Processing /home/ubuntu/.local/lib/python3.10/site-packages/airflow/example_dags/example_dynamic_task_mapping.py took 0.472 seconds
[2024-02-06T21:58:10.667+0100] {processor.py:161} INFO - Started process (PID=33290) to work on /home/ubuntu/.local/lib/python3.10/site-packages/airflow/example_dags/example_dynamic_task_mapping.py
[2024-02-06T21:58:10.669+0100] {processor.py:830} INFO - Processing file /home/ubuntu/.local/lib/python3.10/site-packages/airflow/example_dags/example_dynamic_task_mapping.py for tasks to queue
[2024-02-06T21:58:10.672+0100] {logging_mixin.py:188} INFO - [2024-02-06T21:58:10.671+0100] {dagbag.py:538} INFO - Filling up the DagBag from /home/ubuntu/.local/lib/python3.10/site-packages/airflow/example_dags/example_dynamic_task_mapping.py
[2024-02-06T21:58:10.723+0100] {processor.py:840} INFO - DAG(s) 'example_dynamic_task_mapping' retrieved from /home/ubuntu/.local/lib/python3.10/site-packages/airflow/example_dags/example_dynamic_task_mapping.py
[2024-02-06T21:58:10.762+0100] {logging_mixin.py:188} INFO - [2024-02-06T21:58:10.762+0100] {dag.py:3036} INFO - Sync 1 DAGs
[2024-02-06T21:58:10.847+0100] {logging_mixin.py:188} INFO - [2024-02-06T21:58:10.846+0100] {dag.py:3823} INFO - Setting next_dagrun for example_dynamic_task_mapping to 2022-03-04 00:00:00+00:00, run_after=2022-03-05 00:00:00+00:00
[2024-02-06T21:58:10.957+0100] {processor.py:183} INFO - Processing /home/ubuntu/.local/lib/python3.10/site-packages/airflow/example_dags/example_dynamic_task_mapping.py took 0.303 seconds
[2024-02-06T21:59:48.589+0100] {processor.py:161} INFO - Started process (PID=34220) to work on /home/ubuntu/.local/lib/python3.10/site-packages/airflow/example_dags/example_dynamic_task_mapping.py
[2024-02-06T21:59:48.599+0100] {processor.py:830} INFO - Processing file /home/ubuntu/.local/lib/python3.10/site-packages/airflow/example_dags/example_dynamic_task_mapping.py for tasks to queue
[2024-02-06T21:59:48.603+0100] {logging_mixin.py:188} INFO - [2024-02-06T21:59:48.601+0100] {dagbag.py:538} INFO - Filling up the DagBag from /home/ubuntu/.local/lib/python3.10/site-packages/airflow/example_dags/example_dynamic_task_mapping.py
[2024-02-06T21:59:48.621+0100] {processor.py:840} INFO - DAG(s) 'example_dynamic_task_mapping' retrieved from /home/ubuntu/.local/lib/python3.10/site-packages/airflow/example_dags/example_dynamic_task_mapping.py
[2024-02-06T21:59:48.912+0100] {logging_mixin.py:188} INFO - [2024-02-06T21:59:48.911+0100] {dag.py:3036} INFO - Sync 1 DAGs
[2024-02-06T21:59:48.974+0100] {logging_mixin.py:188} INFO - [2024-02-06T21:59:48.973+0100] {dag.py:3823} INFO - Setting next_dagrun for example_dynamic_task_mapping to 2022-03-04 00:00:00+00:00, run_after=2022-03-05 00:00:00+00:00
[2024-02-06T21:59:49.078+0100] {processor.py:183} INFO - Processing /home/ubuntu/.local/lib/python3.10/site-packages/airflow/example_dags/example_dynamic_task_mapping.py took 0.495 seconds
[2024-02-06T22:00:04.484+0100] {processor.py:161} INFO - Started process (PID=34328) to work on /home/ubuntu/.local/lib/python3.10/site-packages/airflow/example_dags/example_dynamic_task_mapping.py
[2024-02-06T22:00:04.486+0100] {processor.py:830} INFO - Processing file /home/ubuntu/.local/lib/python3.10/site-packages/airflow/example_dags/example_dynamic_task_mapping.py for tasks to queue
[2024-02-06T22:00:04.497+0100] {logging_mixin.py:188} INFO - [2024-02-06T22:00:04.488+0100] {dagbag.py:538} INFO - Filling up the DagBag from /home/ubuntu/.local/lib/python3.10/site-packages/airflow/example_dags/example_dynamic_task_mapping.py
[2024-02-06T22:00:04.530+0100] {processor.py:840} INFO - DAG(s) 'example_dynamic_task_mapping' retrieved from /home/ubuntu/.local/lib/python3.10/site-packages/airflow/example_dags/example_dynamic_task_mapping.py
[2024-02-06T22:00:04.618+0100] {logging_mixin.py:188} INFO - [2024-02-06T22:00:04.617+0100] {dag.py:3036} INFO - Sync 1 DAGs
[2024-02-06T22:00:04.789+0100] {logging_mixin.py:188} INFO - [2024-02-06T22:00:04.788+0100] {dag.py:3823} INFO - Setting next_dagrun for example_dynamic_task_mapping to 2022-03-04 00:00:00+00:00, run_after=2022-03-05 00:00:00+00:00
[2024-02-06T22:00:04.917+0100] {processor.py:183} INFO - Processing /home/ubuntu/.local/lib/python3.10/site-packages/airflow/example_dags/example_dynamic_task_mapping.py took 0.451 seconds
[2024-02-06T22:01:35.056+0100] {processor.py:161} INFO - Started process (PID=34892) to work on /home/ubuntu/.local/lib/python3.10/site-packages/airflow/example_dags/example_dynamic_task_mapping.py
[2024-02-06T22:01:35.078+0100] {processor.py:830} INFO - Processing file /home/ubuntu/.local/lib/python3.10/site-packages/airflow/example_dags/example_dynamic_task_mapping.py for tasks to queue
[2024-02-06T22:01:35.096+0100] {logging_mixin.py:188} INFO - [2024-02-06T22:01:35.095+0100] {dagbag.py:538} INFO - Filling up the DagBag from /home/ubuntu/.local/lib/python3.10/site-packages/airflow/example_dags/example_dynamic_task_mapping.py
[2024-02-06T22:01:35.163+0100] {processor.py:840} INFO - DAG(s) 'example_dynamic_task_mapping' retrieved from /home/ubuntu/.local/lib/python3.10/site-packages/airflow/example_dags/example_dynamic_task_mapping.py
[2024-02-06T22:01:35.204+0100] {logging_mixin.py:188} INFO - [2024-02-06T22:01:35.204+0100] {dag.py:3036} INFO - Sync 1 DAGs
[2024-02-06T22:01:35.264+0100] {logging_mixin.py:188} INFO - [2024-02-06T22:01:35.263+0100] {dag.py:3823} INFO - Setting next_dagrun for example_dynamic_task_mapping to 2022-03-04 00:00:00+00:00, run_after=2022-03-05 00:00:00+00:00
[2024-02-06T22:01:35.328+0100] {processor.py:183} INFO - Processing /home/ubuntu/.local/lib/python3.10/site-packages/airflow/example_dags/example_dynamic_task_mapping.py took 0.280 seconds
[2024-02-06T22:01:37.143+0100] {processor.py:161} INFO - Started process (PID=34896) to work on /home/ubuntu/.local/lib/python3.10/site-packages/airflow/example_dags/example_dynamic_task_mapping.py
[2024-02-06T22:01:37.146+0100] {processor.py:830} INFO - Processing file /home/ubuntu/.local/lib/python3.10/site-packages/airflow/example_dags/example_dynamic_task_mapping.py for tasks to queue
[2024-02-06T22:01:37.148+0100] {logging_mixin.py:188} INFO - [2024-02-06T22:01:37.147+0100] {dagbag.py:538} INFO - Filling up the DagBag from /home/ubuntu/.local/lib/python3.10/site-packages/airflow/example_dags/example_dynamic_task_mapping.py
[2024-02-06T22:01:37.173+0100] {processor.py:840} INFO - DAG(s) 'example_dynamic_task_mapping' retrieved from /home/ubuntu/.local/lib/python3.10/site-packages/airflow/example_dags/example_dynamic_task_mapping.py
[2024-02-06T22:01:37.209+0100] {logging_mixin.py:188} INFO - [2024-02-06T22:01:37.208+0100] {dag.py:3036} INFO - Sync 1 DAGs
[2024-02-06T22:01:37.293+0100] {logging_mixin.py:188} INFO - [2024-02-06T22:01:37.292+0100] {dag.py:3823} INFO - Setting next_dagrun for example_dynamic_task_mapping to 2022-03-04 00:00:00+00:00, run_after=2022-03-05 00:00:00+00:00
[2024-02-06T22:01:37.429+0100] {processor.py:183} INFO - Processing /home/ubuntu/.local/lib/python3.10/site-packages/airflow/example_dags/example_dynamic_task_mapping.py took 0.296 seconds
[2024-02-06T22:03:09.217+0100] {processor.py:161} INFO - Started process (PID=35832) to work on /home/ubuntu/.local/lib/python3.10/site-packages/airflow/example_dags/example_dynamic_task_mapping.py
[2024-02-06T22:03:09.223+0100] {processor.py:830} INFO - Processing file /home/ubuntu/.local/lib/python3.10/site-packages/airflow/example_dags/example_dynamic_task_mapping.py for tasks to queue
[2024-02-06T22:03:09.225+0100] {logging_mixin.py:188} INFO - [2024-02-06T22:03:09.224+0100] {dagbag.py:538} INFO - Filling up the DagBag from /home/ubuntu/.local/lib/python3.10/site-packages/airflow/example_dags/example_dynamic_task_mapping.py
[2024-02-06T22:03:09.298+0100] {processor.py:840} INFO - DAG(s) 'example_dynamic_task_mapping' retrieved from /home/ubuntu/.local/lib/python3.10/site-packages/airflow/example_dags/example_dynamic_task_mapping.py
[2024-02-06T22:03:09.304+0100] {processor.py:161} INFO - Started process (PID=35833) to work on /home/ubuntu/.local/lib/python3.10/site-packages/airflow/example_dags/example_dynamic_task_mapping.py
[2024-02-06T22:03:09.309+0100] {processor.py:830} INFO - Processing file /home/ubuntu/.local/lib/python3.10/site-packages/airflow/example_dags/example_dynamic_task_mapping.py for tasks to queue
[2024-02-06T22:03:09.313+0100] {logging_mixin.py:188} INFO - [2024-02-06T22:03:09.312+0100] {dagbag.py:538} INFO - Filling up the DagBag from /home/ubuntu/.local/lib/python3.10/site-packages/airflow/example_dags/example_dynamic_task_mapping.py
[2024-02-06T22:03:09.359+0100] {processor.py:840} INFO - DAG(s) 'example_dynamic_task_mapping' retrieved from /home/ubuntu/.local/lib/python3.10/site-packages/airflow/example_dags/example_dynamic_task_mapping.py
[2024-02-06T22:03:09.470+0100] {logging_mixin.py:188} INFO - [2024-02-06T22:03:09.469+0100] {dag.py:3036} INFO - Sync 1 DAGs
[2024-02-06T22:03:09.517+0100] {logging_mixin.py:188} INFO - [2024-02-06T22:03:09.516+0100] {dag.py:3036} INFO - Sync 1 DAGs
[2024-02-06T22:03:09.607+0100] {logging_mixin.py:188} INFO - [2024-02-06T22:03:09.607+0100] {dag.py:3823} INFO - Setting next_dagrun for example_dynamic_task_mapping to 2022-03-04 00:00:00+00:00, run_after=2022-03-05 00:00:00+00:00
[2024-02-06T22:03:09.616+0100] {logging_mixin.py:188} INFO - [2024-02-06T22:03:09.616+0100] {dag.py:3823} INFO - Setting next_dagrun for example_dynamic_task_mapping to 2022-03-04 00:00:00+00:00, run_after=2022-03-05 00:00:00+00:00
[2024-02-06T22:03:09.788+0100] {processor.py:183} INFO - Processing /home/ubuntu/.local/lib/python3.10/site-packages/airflow/example_dags/example_dynamic_task_mapping.py took 0.673 seconds
[2024-02-06T22:03:09.850+0100] {processor.py:183} INFO - Processing /home/ubuntu/.local/lib/python3.10/site-packages/airflow/example_dags/example_dynamic_task_mapping.py took 0.556 seconds
[2024-02-06T22:06:54.062+0100] {processor.py:161} INFO - Started process (PID=37782) to work on /home/ubuntu/.local/lib/python3.10/site-packages/airflow/example_dags/example_dynamic_task_mapping.py
[2024-02-06T22:06:54.080+0100] {processor.py:830} INFO - Processing file /home/ubuntu/.local/lib/python3.10/site-packages/airflow/example_dags/example_dynamic_task_mapping.py for tasks to queue
[2024-02-06T22:06:54.082+0100] {logging_mixin.py:188} INFO - [2024-02-06T22:06:54.081+0100] {dagbag.py:538} INFO - Filling up the DagBag from /home/ubuntu/.local/lib/python3.10/site-packages/airflow/example_dags/example_dynamic_task_mapping.py
[2024-02-06T22:06:54.104+0100] {processor.py:840} INFO - DAG(s) 'example_dynamic_task_mapping' retrieved from /home/ubuntu/.local/lib/python3.10/site-packages/airflow/example_dags/example_dynamic_task_mapping.py
[2024-02-06T22:06:54.283+0100] {logging_mixin.py:188} INFO - [2024-02-06T22:06:54.283+0100] {dag.py:3036} INFO - Sync 1 DAGs
[2024-02-06T22:06:54.312+0100] {logging_mixin.py:188} INFO - [2024-02-06T22:06:54.312+0100] {dag.py:3823} INFO - Setting next_dagrun for example_dynamic_task_mapping to 2022-03-04 00:00:00+00:00, run_after=2022-03-05 00:00:00+00:00
[2024-02-06T22:06:54.378+0100] {processor.py:183} INFO - Processing /home/ubuntu/.local/lib/python3.10/site-packages/airflow/example_dags/example_dynamic_task_mapping.py took 0.322 seconds
[2024-02-06T22:11:17.845+0100] {processor.py:161} INFO - Started process (PID=39315) to work on /home/ubuntu/.local/lib/python3.10/site-packages/airflow/example_dags/example_dynamic_task_mapping.py
[2024-02-06T22:11:17.855+0100] {processor.py:830} INFO - Processing file /home/ubuntu/.local/lib/python3.10/site-packages/airflow/example_dags/example_dynamic_task_mapping.py for tasks to queue
[2024-02-06T22:11:17.860+0100] {logging_mixin.py:188} INFO - [2024-02-06T22:11:17.858+0100] {dagbag.py:538} INFO - Filling up the DagBag from /home/ubuntu/.local/lib/python3.10/site-packages/airflow/example_dags/example_dynamic_task_mapping.py
[2024-02-06T22:11:17.876+0100] {processor.py:840} INFO - DAG(s) 'example_dynamic_task_mapping' retrieved from /home/ubuntu/.local/lib/python3.10/site-packages/airflow/example_dags/example_dynamic_task_mapping.py
[2024-02-06T22:11:18.135+0100] {logging_mixin.py:188} INFO - [2024-02-06T22:11:18.134+0100] {dag.py:3036} INFO - Sync 1 DAGs
[2024-02-06T22:11:18.172+0100] {logging_mixin.py:188} INFO - [2024-02-06T22:11:18.171+0100] {dag.py:3823} INFO - Setting next_dagrun for example_dynamic_task_mapping to 2022-03-04 00:00:00+00:00, run_after=2022-03-05 00:00:00+00:00
[2024-02-06T22:11:18.253+0100] {processor.py:183} INFO - Processing /home/ubuntu/.local/lib/python3.10/site-packages/airflow/example_dags/example_dynamic_task_mapping.py took 0.431 seconds
[2024-02-06T22:13:43.642+0100] {processor.py:161} INFO - Started process (PID=40387) to work on /home/ubuntu/.local/lib/python3.10/site-packages/airflow/example_dags/example_dynamic_task_mapping.py
[2024-02-06T22:13:43.653+0100] {processor.py:830} INFO - Processing file /home/ubuntu/.local/lib/python3.10/site-packages/airflow/example_dags/example_dynamic_task_mapping.py for tasks to queue
[2024-02-06T22:13:43.658+0100] {logging_mixin.py:188} INFO - [2024-02-06T22:13:43.655+0100] {dagbag.py:538} INFO - Filling up the DagBag from /home/ubuntu/.local/lib/python3.10/site-packages/airflow/example_dags/example_dynamic_task_mapping.py
[2024-02-06T22:13:43.753+0100] {processor.py:840} INFO - DAG(s) 'example_dynamic_task_mapping' retrieved from /home/ubuntu/.local/lib/python3.10/site-packages/airflow/example_dags/example_dynamic_task_mapping.py
[2024-02-06T22:13:44.269+0100] {logging_mixin.py:188} INFO - [2024-02-06T22:13:44.269+0100] {dag.py:3036} INFO - Sync 1 DAGs
[2024-02-06T22:13:44.366+0100] {logging_mixin.py:188} INFO - [2024-02-06T22:13:44.365+0100] {dag.py:3823} INFO - Setting next_dagrun for example_dynamic_task_mapping to 2022-03-04 00:00:00+00:00, run_after=2022-03-05 00:00:00+00:00
[2024-02-06T22:13:44.484+0100] {processor.py:183} INFO - Processing /home/ubuntu/.local/lib/python3.10/site-packages/airflow/example_dags/example_dynamic_task_mapping.py took 0.852 seconds
[2024-02-06T22:15:44.076+0100] {processor.py:161} INFO - Started process (PID=41631) to work on /home/ubuntu/.local/lib/python3.10/site-packages/airflow/example_dags/example_dynamic_task_mapping.py
[2024-02-06T22:15:44.081+0100] {processor.py:830} INFO - Processing file /home/ubuntu/.local/lib/python3.10/site-packages/airflow/example_dags/example_dynamic_task_mapping.py for tasks to queue
[2024-02-06T22:15:44.086+0100] {logging_mixin.py:188} INFO - [2024-02-06T22:15:44.085+0100] {dagbag.py:538} INFO - Filling up the DagBag from /home/ubuntu/.local/lib/python3.10/site-packages/airflow/example_dags/example_dynamic_task_mapping.py
[2024-02-06T22:15:44.105+0100] {processor.py:840} INFO - DAG(s) 'example_dynamic_task_mapping' retrieved from /home/ubuntu/.local/lib/python3.10/site-packages/airflow/example_dags/example_dynamic_task_mapping.py
[2024-02-06T22:15:44.152+0100] {logging_mixin.py:188} INFO - [2024-02-06T22:15:44.150+0100] {dag.py:3036} INFO - Sync 1 DAGs
[2024-02-06T22:15:44.223+0100] {logging_mixin.py:188} INFO - [2024-02-06T22:15:44.222+0100] {dag.py:3823} INFO - Setting next_dagrun for example_dynamic_task_mapping to 2022-03-04 00:00:00+00:00, run_after=2022-03-05 00:00:00+00:00
[2024-02-06T22:15:44.326+0100] {processor.py:183} INFO - Processing /home/ubuntu/.local/lib/python3.10/site-packages/airflow/example_dags/example_dynamic_task_mapping.py took 0.260 seconds
[2024-02-06T22:26:50.723+0100] {processor.py:161} INFO - Started process (PID=49565) to work on /home/ubuntu/.local/lib/python3.10/site-packages/airflow/example_dags/example_dynamic_task_mapping.py
[2024-02-06T22:26:50.753+0100] {processor.py:830} INFO - Processing file /home/ubuntu/.local/lib/python3.10/site-packages/airflow/example_dags/example_dynamic_task_mapping.py for tasks to queue
[2024-02-06T22:26:50.767+0100] {logging_mixin.py:188} INFO - [2024-02-06T22:26:50.757+0100] {dagbag.py:538} INFO - Filling up the DagBag from /home/ubuntu/.local/lib/python3.10/site-packages/airflow/example_dags/example_dynamic_task_mapping.py
[2024-02-06T22:26:50.830+0100] {processor.py:840} INFO - DAG(s) 'example_dynamic_task_mapping' retrieved from /home/ubuntu/.local/lib/python3.10/site-packages/airflow/example_dags/example_dynamic_task_mapping.py
[2024-02-06T22:26:50.944+0100] {logging_mixin.py:188} INFO - [2024-02-06T22:26:50.943+0100] {dag.py:3036} INFO - Sync 1 DAGs
[2024-02-06T22:26:51.067+0100] {logging_mixin.py:188} INFO - [2024-02-06T22:26:51.046+0100] {dag.py:3823} INFO - Setting next_dagrun for example_dynamic_task_mapping to 2022-03-04 00:00:00+00:00, run_after=2022-03-05 00:00:00+00:00
[2024-02-06T22:26:51.324+0100] {processor.py:183} INFO - Processing /home/ubuntu/.local/lib/python3.10/site-packages/airflow/example_dags/example_dynamic_task_mapping.py took 0.743 seconds
[2024-02-06T22:28:48.403+0100] {processor.py:161} INFO - Started process (PID=50667) to work on /home/ubuntu/.local/lib/python3.10/site-packages/airflow/example_dags/example_dynamic_task_mapping.py
[2024-02-06T22:28:48.419+0100] {processor.py:830} INFO - Processing file /home/ubuntu/.local/lib/python3.10/site-packages/airflow/example_dags/example_dynamic_task_mapping.py for tasks to queue
[2024-02-06T22:28:48.421+0100] {logging_mixin.py:188} INFO - [2024-02-06T22:28:48.420+0100] {dagbag.py:538} INFO - Filling up the DagBag from /home/ubuntu/.local/lib/python3.10/site-packages/airflow/example_dags/example_dynamic_task_mapping.py
[2024-02-06T22:28:48.445+0100] {processor.py:840} INFO - DAG(s) 'example_dynamic_task_mapping' retrieved from /home/ubuntu/.local/lib/python3.10/site-packages/airflow/example_dags/example_dynamic_task_mapping.py
[2024-02-06T22:28:48.894+0100] {logging_mixin.py:188} INFO - [2024-02-06T22:28:48.888+0100] {dag.py:3036} INFO - Sync 1 DAGs
[2024-02-06T22:28:48.994+0100] {logging_mixin.py:188} INFO - [2024-02-06T22:28:48.994+0100] {dag.py:3823} INFO - Setting next_dagrun for example_dynamic_task_mapping to 2022-03-04 00:00:00+00:00, run_after=2022-03-05 00:00:00+00:00
[2024-02-06T22:28:49.271+0100] {processor.py:183} INFO - Processing /home/ubuntu/.local/lib/python3.10/site-packages/airflow/example_dags/example_dynamic_task_mapping.py took 0.924 seconds
[2024-02-06T22:35:58.810+0100] {processor.py:161} INFO - Started process (PID=55881) to work on /home/ubuntu/.local/lib/python3.10/site-packages/airflow/example_dags/example_dynamic_task_mapping.py
[2024-02-06T22:35:58.818+0100] {processor.py:830} INFO - Processing file /home/ubuntu/.local/lib/python3.10/site-packages/airflow/example_dags/example_dynamic_task_mapping.py for tasks to queue
[2024-02-06T22:35:58.873+0100] {logging_mixin.py:188} INFO - [2024-02-06T22:35:58.858+0100] {dagbag.py:538} INFO - Filling up the DagBag from /home/ubuntu/.local/lib/python3.10/site-packages/airflow/example_dags/example_dynamic_task_mapping.py
[2024-02-06T22:35:58.929+0100] {processor.py:840} INFO - DAG(s) 'example_dynamic_task_mapping' retrieved from /home/ubuntu/.local/lib/python3.10/site-packages/airflow/example_dags/example_dynamic_task_mapping.py
[2024-02-06T22:35:59.044+0100] {logging_mixin.py:188} INFO - [2024-02-06T22:35:59.043+0100] {dag.py:3036} INFO - Sync 1 DAGs
[2024-02-06T22:35:59.196+0100] {logging_mixin.py:188} INFO - [2024-02-06T22:35:59.178+0100] {dag.py:3823} INFO - Setting next_dagrun for example_dynamic_task_mapping to 2022-03-04 00:00:00+00:00, run_after=2022-03-05 00:00:00+00:00
[2024-02-06T22:35:59.447+0100] {processor.py:183} INFO - Processing /home/ubuntu/.local/lib/python3.10/site-packages/airflow/example_dags/example_dynamic_task_mapping.py took 0.644 seconds
[2024-02-06T23:15:04.942+0100] {processor.py:161} INFO - Started process (PID=64594) to work on /home/ubuntu/.local/lib/python3.10/site-packages/airflow/example_dags/example_dynamic_task_mapping.py
[2024-02-06T23:15:04.949+0100] {processor.py:830} INFO - Processing file /home/ubuntu/.local/lib/python3.10/site-packages/airflow/example_dags/example_dynamic_task_mapping.py for tasks to queue
[2024-02-06T23:15:04.953+0100] {logging_mixin.py:188} INFO - [2024-02-06T23:15:04.952+0100] {dagbag.py:538} INFO - Filling up the DagBag from /home/ubuntu/.local/lib/python3.10/site-packages/airflow/example_dags/example_dynamic_task_mapping.py
[2024-02-06T23:15:05.029+0100] {processor.py:840} INFO - DAG(s) 'example_dynamic_task_mapping' retrieved from /home/ubuntu/.local/lib/python3.10/site-packages/airflow/example_dags/example_dynamic_task_mapping.py
[2024-02-06T23:15:05.628+0100] {logging_mixin.py:188} INFO - [2024-02-06T23:15:05.627+0100] {dag.py:3036} INFO - Sync 1 DAGs
[2024-02-06T23:15:05.693+0100] {logging_mixin.py:188} INFO - [2024-02-06T23:15:05.692+0100] {dag.py:3823} INFO - Setting next_dagrun for example_dynamic_task_mapping to 2022-03-04 00:00:00+00:00, run_after=2022-03-05 00:00:00+00:00
[2024-02-06T23:15:05.803+0100] {processor.py:183} INFO - Processing /home/ubuntu/.local/lib/python3.10/site-packages/airflow/example_dags/example_dynamic_task_mapping.py took 0.895 seconds
[2024-02-06T23:30:30.690+0100] {processor.py:161} INFO - Started process (PID=73061) to work on /home/ubuntu/.local/lib/python3.10/site-packages/airflow/example_dags/example_dynamic_task_mapping.py
[2024-02-06T23:30:30.716+0100] {processor.py:830} INFO - Processing file /home/ubuntu/.local/lib/python3.10/site-packages/airflow/example_dags/example_dynamic_task_mapping.py for tasks to queue
[2024-02-06T23:30:30.719+0100] {logging_mixin.py:188} INFO - [2024-02-06T23:30:30.718+0100] {dagbag.py:538} INFO - Filling up the DagBag from /home/ubuntu/.local/lib/python3.10/site-packages/airflow/example_dags/example_dynamic_task_mapping.py
[2024-02-06T23:30:30.752+0100] {processor.py:840} INFO - DAG(s) 'example_dynamic_task_mapping' retrieved from /home/ubuntu/.local/lib/python3.10/site-packages/airflow/example_dags/example_dynamic_task_mapping.py
[2024-02-06T23:30:31.161+0100] {logging_mixin.py:188} INFO - [2024-02-06T23:30:31.161+0100] {dag.py:3036} INFO - Sync 1 DAGs
[2024-02-06T23:30:31.232+0100] {logging_mixin.py:188} INFO - [2024-02-06T23:30:31.230+0100] {dag.py:3823} INFO - Setting next_dagrun for example_dynamic_task_mapping to 2022-03-04 00:00:00+00:00, run_after=2022-03-05 00:00:00+00:00
[2024-02-06T23:30:31.414+0100] {processor.py:183} INFO - Processing /home/ubuntu/.local/lib/python3.10/site-packages/airflow/example_dags/example_dynamic_task_mapping.py took 0.736 seconds
