[2024-02-06T21:27:43.579+0100] {processor.py:161} INFO - Started process (PID=23287) to work on /home/ubuntu/.local/lib/python3.10/site-packages/airflow/example_dags/example_sla_dag.py
[2024-02-06T21:27:43.581+0100] {processor.py:830} INFO - Processing file /home/ubuntu/.local/lib/python3.10/site-packages/airflow/example_dags/example_sla_dag.py for tasks to queue
[2024-02-06T21:27:43.583+0100] {logging_mixin.py:188} INFO - [2024-02-06T21:27:43.582+0100] {dagbag.py:538} INFO - Filling up the DagBag from /home/ubuntu/.local/lib/python3.10/site-packages/airflow/example_dags/example_sla_dag.py
[2024-02-06T21:27:43.641+0100] {processor.py:840} INFO - DAG(s) 'example_sla_dag' retrieved from /home/ubuntu/.local/lib/python3.10/site-packages/airflow/example_dags/example_sla_dag.py
[2024-02-06T21:27:44.061+0100] {logging_mixin.py:188} INFO - [2024-02-06T21:27:44.061+0100] {dag.py:3036} INFO - Sync 1 DAGs
[2024-02-06T21:27:44.164+0100] {logging_mixin.py:188} INFO - [2024-02-06T21:27:44.163+0100] {dag.py:3823} INFO - Setting next_dagrun for example_sla_dag to 2024-02-06 20:24:00+00:00, run_after=2024-02-06 20:26:00+00:00
[2024-02-06T21:27:44.331+0100] {processor.py:183} INFO - Processing /home/ubuntu/.local/lib/python3.10/site-packages/airflow/example_dags/example_sla_dag.py took 0.770 seconds
[2024-02-06T21:29:00.964+0100] {processor.py:161} INFO - Started process (PID=24105) to work on /home/ubuntu/.local/lib/python3.10/site-packages/airflow/example_dags/example_sla_dag.py
[2024-02-06T21:29:00.975+0100] {processor.py:830} INFO - Processing file /home/ubuntu/.local/lib/python3.10/site-packages/airflow/example_dags/example_sla_dag.py for tasks to queue
[2024-02-06T21:29:00.978+0100] {logging_mixin.py:188} INFO - [2024-02-06T21:29:00.977+0100] {dagbag.py:538} INFO - Filling up the DagBag from /home/ubuntu/.local/lib/python3.10/site-packages/airflow/example_dags/example_sla_dag.py
[2024-02-06T21:29:00.997+0100] {processor.py:840} INFO - DAG(s) 'example_sla_dag' retrieved from /home/ubuntu/.local/lib/python3.10/site-packages/airflow/example_dags/example_sla_dag.py
[2024-02-06T21:29:01.025+0100] {logging_mixin.py:188} INFO - [2024-02-06T21:29:01.024+0100] {dag.py:3036} INFO - Sync 1 DAGs
[2024-02-06T21:29:01.055+0100] {logging_mixin.py:188} INFO - [2024-02-06T21:29:01.054+0100] {dag.py:3823} INFO - Setting next_dagrun for example_sla_dag to 2024-02-06 20:26:00+00:00, run_after=2024-02-06 20:28:00+00:00
[2024-02-06T21:29:01.114+0100] {processor.py:183} INFO - Processing /home/ubuntu/.local/lib/python3.10/site-packages/airflow/example_dags/example_sla_dag.py took 0.157 seconds
[2024-02-06T21:30:48.844+0100] {processor.py:161} INFO - Started process (PID=24867) to work on /home/ubuntu/.local/lib/python3.10/site-packages/airflow/example_dags/example_sla_dag.py
[2024-02-06T21:30:48.867+0100] {processor.py:830} INFO - Processing file /home/ubuntu/.local/lib/python3.10/site-packages/airflow/example_dags/example_sla_dag.py for tasks to queue
[2024-02-06T21:30:48.869+0100] {logging_mixin.py:188} INFO - [2024-02-06T21:30:48.868+0100] {dagbag.py:538} INFO - Filling up the DagBag from /home/ubuntu/.local/lib/python3.10/site-packages/airflow/example_dags/example_sla_dag.py
[2024-02-06T21:30:48.920+0100] {processor.py:840} INFO - DAG(s) 'example_sla_dag' retrieved from /home/ubuntu/.local/lib/python3.10/site-packages/airflow/example_dags/example_sla_dag.py
[2024-02-06T21:30:48.989+0100] {logging_mixin.py:188} INFO - [2024-02-06T21:30:48.988+0100] {dag.py:3036} INFO - Sync 1 DAGs
[2024-02-06T21:30:49.034+0100] {logging_mixin.py:188} INFO - [2024-02-06T21:30:49.034+0100] {dag.py:3823} INFO - Setting next_dagrun for example_sla_dag to 2024-02-06 20:28:00+00:00, run_after=2024-02-06 20:30:00+00:00
[2024-02-06T21:30:49.086+0100] {processor.py:183} INFO - Processing /home/ubuntu/.local/lib/python3.10/site-packages/airflow/example_dags/example_sla_dag.py took 0.259 seconds
[2024-02-06T21:31:58.515+0100] {processor.py:161} INFO - Started process (PID=25108) to work on /home/ubuntu/.local/lib/python3.10/site-packages/airflow/example_dags/example_sla_dag.py
[2024-02-06T21:31:58.519+0100] {processor.py:830} INFO - Processing file /home/ubuntu/.local/lib/python3.10/site-packages/airflow/example_dags/example_sla_dag.py for tasks to queue
[2024-02-06T21:31:58.522+0100] {logging_mixin.py:188} INFO - [2024-02-06T21:31:58.520+0100] {dagbag.py:538} INFO - Filling up the DagBag from /home/ubuntu/.local/lib/python3.10/site-packages/airflow/example_dags/example_sla_dag.py
[2024-02-06T21:31:58.542+0100] {processor.py:840} INFO - DAG(s) 'example_sla_dag' retrieved from /home/ubuntu/.local/lib/python3.10/site-packages/airflow/example_dags/example_sla_dag.py
[2024-02-06T21:31:58.580+0100] {logging_mixin.py:188} INFO - [2024-02-06T21:31:58.580+0100] {dag.py:3036} INFO - Sync 1 DAGs
[2024-02-06T21:31:58.642+0100] {logging_mixin.py:188} INFO - [2024-02-06T21:31:58.641+0100] {dag.py:3823} INFO - Setting next_dagrun for example_sla_dag to 2024-02-06 20:28:00+00:00, run_after=2024-02-06 20:30:00+00:00
[2024-02-06T21:31:58.699+0100] {processor.py:183} INFO - Processing /home/ubuntu/.local/lib/python3.10/site-packages/airflow/example_dags/example_sla_dag.py took 0.188 seconds
[2024-02-06T21:33:14.488+0100] {processor.py:161} INFO - Started process (PID=25406) to work on /home/ubuntu/.local/lib/python3.10/site-packages/airflow/example_dags/example_sla_dag.py
[2024-02-06T21:33:14.499+0100] {processor.py:830} INFO - Processing file /home/ubuntu/.local/lib/python3.10/site-packages/airflow/example_dags/example_sla_dag.py for tasks to queue
[2024-02-06T21:33:14.501+0100] {logging_mixin.py:188} INFO - [2024-02-06T21:33:14.500+0100] {dagbag.py:538} INFO - Filling up the DagBag from /home/ubuntu/.local/lib/python3.10/site-packages/airflow/example_dags/example_sla_dag.py
[2024-02-06T21:33:14.526+0100] {processor.py:840} INFO - DAG(s) 'example_sla_dag' retrieved from /home/ubuntu/.local/lib/python3.10/site-packages/airflow/example_dags/example_sla_dag.py
[2024-02-06T21:33:14.563+0100] {logging_mixin.py:188} INFO - [2024-02-06T21:33:14.563+0100] {dag.py:3036} INFO - Sync 1 DAGs
[2024-02-06T21:33:14.627+0100] {logging_mixin.py:188} INFO - [2024-02-06T21:33:14.625+0100] {dag.py:3823} INFO - Setting next_dagrun for example_sla_dag to 2024-02-06 20:30:00+00:00, run_after=2024-02-06 20:32:00+00:00
[2024-02-06T21:33:14.691+0100] {processor.py:183} INFO - Processing /home/ubuntu/.local/lib/python3.10/site-packages/airflow/example_dags/example_sla_dag.py took 0.213 seconds
[2024-02-06T21:40:15.098+0100] {processor.py:161} INFO - Started process (PID=27536) to work on /home/ubuntu/.local/lib/python3.10/site-packages/airflow/example_dags/example_sla_dag.py
[2024-02-06T21:40:15.107+0100] {processor.py:830} INFO - Processing file /home/ubuntu/.local/lib/python3.10/site-packages/airflow/example_dags/example_sla_dag.py for tasks to queue
[2024-02-06T21:40:15.108+0100] {logging_mixin.py:188} INFO - [2024-02-06T21:40:15.108+0100] {dagbag.py:538} INFO - Filling up the DagBag from /home/ubuntu/.local/lib/python3.10/site-packages/airflow/example_dags/example_sla_dag.py
[2024-02-06T21:40:15.131+0100] {processor.py:840} INFO - DAG(s) 'example_sla_dag' retrieved from /home/ubuntu/.local/lib/python3.10/site-packages/airflow/example_dags/example_sla_dag.py
[2024-02-06T21:40:15.348+0100] {logging_mixin.py:188} INFO - [2024-02-06T21:40:15.347+0100] {dag.py:3036} INFO - Sync 1 DAGs
[2024-02-06T21:40:15.400+0100] {logging_mixin.py:188} INFO - [2024-02-06T21:40:15.399+0100] {dag.py:3823} INFO - Setting next_dagrun for example_sla_dag to 2024-02-06 20:38:00+00:00, run_after=2024-02-06 20:40:00+00:00
[2024-02-06T21:40:15.481+0100] {processor.py:183} INFO - Processing /home/ubuntu/.local/lib/python3.10/site-packages/airflow/example_dags/example_sla_dag.py took 0.389 seconds
[2024-02-06T21:40:56.131+0100] {processor.py:161} INFO - Started process (PID=27875) to work on /home/ubuntu/.local/lib/python3.10/site-packages/airflow/example_dags/example_sla_dag.py
[2024-02-06T21:40:56.136+0100] {processor.py:830} INFO - Processing file /home/ubuntu/.local/lib/python3.10/site-packages/airflow/example_dags/example_sla_dag.py for tasks to queue
[2024-02-06T21:40:56.139+0100] {logging_mixin.py:188} INFO - [2024-02-06T21:40:56.138+0100] {dagbag.py:538} INFO - Filling up the DagBag from /home/ubuntu/.local/lib/python3.10/site-packages/airflow/example_dags/example_sla_dag.py
[2024-02-06T21:40:56.160+0100] {processor.py:840} INFO - DAG(s) 'example_sla_dag' retrieved from /home/ubuntu/.local/lib/python3.10/site-packages/airflow/example_dags/example_sla_dag.py
[2024-02-06T21:40:56.203+0100] {logging_mixin.py:188} INFO - [2024-02-06T21:40:56.202+0100] {dag.py:3036} INFO - Sync 1 DAGs
[2024-02-06T21:40:56.290+0100] {logging_mixin.py:188} INFO - [2024-02-06T21:40:56.289+0100] {dag.py:3823} INFO - Setting next_dagrun for example_sla_dag to 2024-02-06 20:38:00+00:00, run_after=2024-02-06 20:40:00+00:00
[2024-02-06T21:40:56.402+0100] {processor.py:183} INFO - Processing /home/ubuntu/.local/lib/python3.10/site-packages/airflow/example_dags/example_sla_dag.py took 0.281 seconds
[2024-02-06T21:41:36.660+0100] {processor.py:161} INFO - Started process (PID=28034) to work on /home/ubuntu/.local/lib/python3.10/site-packages/airflow/example_dags/example_sla_dag.py
[2024-02-06T21:41:36.691+0100] {processor.py:830} INFO - Processing file /home/ubuntu/.local/lib/python3.10/site-packages/airflow/example_dags/example_sla_dag.py for tasks to queue
[2024-02-06T21:41:36.694+0100] {logging_mixin.py:188} INFO - [2024-02-06T21:41:36.693+0100] {dagbag.py:538} INFO - Filling up the DagBag from /home/ubuntu/.local/lib/python3.10/site-packages/airflow/example_dags/example_sla_dag.py
[2024-02-06T21:41:36.772+0100] {processor.py:840} INFO - DAG(s) 'example_sla_dag' retrieved from /home/ubuntu/.local/lib/python3.10/site-packages/airflow/example_dags/example_sla_dag.py
[2024-02-06T21:41:36.802+0100] {logging_mixin.py:188} INFO - [2024-02-06T21:41:36.801+0100] {dag.py:3036} INFO - Sync 1 DAGs
[2024-02-06T21:41:36.835+0100] {logging_mixin.py:188} INFO - [2024-02-06T21:41:36.834+0100] {dag.py:3823} INFO - Setting next_dagrun for example_sla_dag to 2024-02-06 20:38:00+00:00, run_after=2024-02-06 20:40:00+00:00
[2024-02-06T21:41:36.902+0100] {processor.py:183} INFO - Processing /home/ubuntu/.local/lib/python3.10/site-packages/airflow/example_dags/example_sla_dag.py took 0.277 seconds
[2024-02-06T21:42:06.317+0100] {processor.py:161} INFO - Started process (PID=28253) to work on /home/ubuntu/.local/lib/python3.10/site-packages/airflow/example_dags/example_sla_dag.py
[2024-02-06T21:42:06.320+0100] {processor.py:830} INFO - Processing file /home/ubuntu/.local/lib/python3.10/site-packages/airflow/example_dags/example_sla_dag.py for tasks to queue
[2024-02-06T21:42:06.323+0100] {logging_mixin.py:188} INFO - [2024-02-06T21:42:06.323+0100] {dagbag.py:538} INFO - Filling up the DagBag from /home/ubuntu/.local/lib/python3.10/site-packages/airflow/example_dags/example_sla_dag.py
[2024-02-06T21:42:06.361+0100] {processor.py:840} INFO - DAG(s) 'example_sla_dag' retrieved from /home/ubuntu/.local/lib/python3.10/site-packages/airflow/example_dags/example_sla_dag.py
[2024-02-06T21:42:06.420+0100] {logging_mixin.py:188} INFO - [2024-02-06T21:42:06.420+0100] {dag.py:3036} INFO - Sync 1 DAGs
[2024-02-06T21:42:06.550+0100] {logging_mixin.py:188} INFO - [2024-02-06T21:42:06.549+0100] {dag.py:3823} INFO - Setting next_dagrun for example_sla_dag to 2024-02-06 20:40:00+00:00, run_after=2024-02-06 20:42:00+00:00
[2024-02-06T21:42:06.654+0100] {processor.py:183} INFO - Processing /home/ubuntu/.local/lib/python3.10/site-packages/airflow/example_dags/example_sla_dag.py took 0.369 seconds
[2024-02-06T21:42:50.791+0100] {processor.py:161} INFO - Started process (PID=28501) to work on /home/ubuntu/.local/lib/python3.10/site-packages/airflow/example_dags/example_sla_dag.py
[2024-02-06T21:42:50.793+0100] {processor.py:830} INFO - Processing file /home/ubuntu/.local/lib/python3.10/site-packages/airflow/example_dags/example_sla_dag.py for tasks to queue
[2024-02-06T21:42:50.796+0100] {logging_mixin.py:188} INFO - [2024-02-06T21:42:50.795+0100] {dagbag.py:538} INFO - Filling up the DagBag from /home/ubuntu/.local/lib/python3.10/site-packages/airflow/example_dags/example_sla_dag.py
[2024-02-06T21:42:50.816+0100] {processor.py:840} INFO - DAG(s) 'example_sla_dag' retrieved from /home/ubuntu/.local/lib/python3.10/site-packages/airflow/example_dags/example_sla_dag.py
[2024-02-06T21:42:50.875+0100] {logging_mixin.py:188} INFO - [2024-02-06T21:42:50.873+0100] {dag.py:3036} INFO - Sync 1 DAGs
[2024-02-06T21:42:50.939+0100] {logging_mixin.py:188} INFO - [2024-02-06T21:42:50.938+0100] {dag.py:3823} INFO - Setting next_dagrun for example_sla_dag to 2024-02-06 20:40:00+00:00, run_after=2024-02-06 20:42:00+00:00
[2024-02-06T21:42:51.042+0100] {processor.py:183} INFO - Processing /home/ubuntu/.local/lib/python3.10/site-packages/airflow/example_dags/example_sla_dag.py took 0.259 seconds
[2024-02-06T21:43:25.979+0100] {processor.py:161} INFO - Started process (PID=28772) to work on /home/ubuntu/.local/lib/python3.10/site-packages/airflow/example_dags/example_sla_dag.py
[2024-02-06T21:43:25.982+0100] {processor.py:830} INFO - Processing file /home/ubuntu/.local/lib/python3.10/site-packages/airflow/example_dags/example_sla_dag.py for tasks to queue
[2024-02-06T21:43:25.983+0100] {logging_mixin.py:188} INFO - [2024-02-06T21:43:25.983+0100] {dagbag.py:538} INFO - Filling up the DagBag from /home/ubuntu/.local/lib/python3.10/site-packages/airflow/example_dags/example_sla_dag.py
[2024-02-06T21:43:25.999+0100] {processor.py:840} INFO - DAG(s) 'example_sla_dag' retrieved from /home/ubuntu/.local/lib/python3.10/site-packages/airflow/example_dags/example_sla_dag.py
[2024-02-06T21:43:26.025+0100] {logging_mixin.py:188} INFO - [2024-02-06T21:43:26.025+0100] {dag.py:3036} INFO - Sync 1 DAGs
[2024-02-06T21:43:26.060+0100] {logging_mixin.py:188} INFO - [2024-02-06T21:43:26.060+0100] {dag.py:3823} INFO - Setting next_dagrun for example_sla_dag to 2024-02-06 20:40:00+00:00, run_after=2024-02-06 20:42:00+00:00
[2024-02-06T21:43:26.126+0100] {processor.py:183} INFO - Processing /home/ubuntu/.local/lib/python3.10/site-packages/airflow/example_dags/example_sla_dag.py took 0.153 seconds
[2024-02-06T21:43:56.249+0100] {processor.py:161} INFO - Started process (PID=28916) to work on /home/ubuntu/.local/lib/python3.10/site-packages/airflow/example_dags/example_sla_dag.py
[2024-02-06T21:43:56.251+0100] {processor.py:830} INFO - Processing file /home/ubuntu/.local/lib/python3.10/site-packages/airflow/example_dags/example_sla_dag.py for tasks to queue
[2024-02-06T21:43:56.252+0100] {logging_mixin.py:188} INFO - [2024-02-06T21:43:56.252+0100] {dagbag.py:538} INFO - Filling up the DagBag from /home/ubuntu/.local/lib/python3.10/site-packages/airflow/example_dags/example_sla_dag.py
[2024-02-06T21:43:56.269+0100] {processor.py:840} INFO - DAG(s) 'example_sla_dag' retrieved from /home/ubuntu/.local/lib/python3.10/site-packages/airflow/example_dags/example_sla_dag.py
[2024-02-06T21:43:56.296+0100] {logging_mixin.py:188} INFO - [2024-02-06T21:43:56.296+0100] {dag.py:3036} INFO - Sync 1 DAGs
[2024-02-06T21:43:56.333+0100] {logging_mixin.py:188} INFO - [2024-02-06T21:43:56.332+0100] {dag.py:3823} INFO - Setting next_dagrun for example_sla_dag to 2024-02-06 20:40:00+00:00, run_after=2024-02-06 20:42:00+00:00
[2024-02-06T21:43:56.425+0100] {processor.py:183} INFO - Processing /home/ubuntu/.local/lib/python3.10/site-packages/airflow/example_dags/example_sla_dag.py took 0.181 seconds
[2024-02-06T21:44:39.867+0100] {processor.py:161} INFO - Started process (PID=29161) to work on /home/ubuntu/.local/lib/python3.10/site-packages/airflow/example_dags/example_sla_dag.py
[2024-02-06T21:44:39.871+0100] {processor.py:830} INFO - Processing file /home/ubuntu/.local/lib/python3.10/site-packages/airflow/example_dags/example_sla_dag.py for tasks to queue
[2024-02-06T21:44:39.873+0100] {logging_mixin.py:188} INFO - [2024-02-06T21:44:39.872+0100] {dagbag.py:538} INFO - Filling up the DagBag from /home/ubuntu/.local/lib/python3.10/site-packages/airflow/example_dags/example_sla_dag.py
[2024-02-06T21:44:39.908+0100] {processor.py:840} INFO - DAG(s) 'example_sla_dag' retrieved from /home/ubuntu/.local/lib/python3.10/site-packages/airflow/example_dags/example_sla_dag.py
[2024-02-06T21:44:39.952+0100] {logging_mixin.py:188} INFO - [2024-02-06T21:44:39.951+0100] {dag.py:3036} INFO - Sync 1 DAGs
[2024-02-06T21:44:40.013+0100] {logging_mixin.py:188} INFO - [2024-02-06T21:44:40.013+0100] {dag.py:3823} INFO - Setting next_dagrun for example_sla_dag to 2024-02-06 20:42:00+00:00, run_after=2024-02-06 20:44:00+00:00
[2024-02-06T21:44:40.078+0100] {processor.py:183} INFO - Processing /home/ubuntu/.local/lib/python3.10/site-packages/airflow/example_dags/example_sla_dag.py took 0.221 seconds
[2024-02-06T21:53:58.663+0100] {processor.py:161} INFO - Started process (PID=30955) to work on /home/ubuntu/.local/lib/python3.10/site-packages/airflow/example_dags/example_sla_dag.py
[2024-02-06T21:53:58.667+0100] {processor.py:830} INFO - Processing file /home/ubuntu/.local/lib/python3.10/site-packages/airflow/example_dags/example_sla_dag.py for tasks to queue
[2024-02-06T21:53:58.682+0100] {logging_mixin.py:188} INFO - [2024-02-06T21:53:58.670+0100] {dagbag.py:538} INFO - Filling up the DagBag from /home/ubuntu/.local/lib/python3.10/site-packages/airflow/example_dags/example_sla_dag.py
[2024-02-06T21:53:58.869+0100] {processor.py:840} INFO - DAG(s) 'example_sla_dag' retrieved from /home/ubuntu/.local/lib/python3.10/site-packages/airflow/example_dags/example_sla_dag.py
[2024-02-06T21:53:59.446+0100] {logging_mixin.py:188} INFO - [2024-02-06T21:53:59.446+0100] {dag.py:3036} INFO - Sync 1 DAGs
[2024-02-06T21:53:59.520+0100] {logging_mixin.py:188} INFO - [2024-02-06T21:53:59.519+0100] {dag.py:3823} INFO - Setting next_dagrun for example_sla_dag to 2024-02-06 20:50:00+00:00, run_after=2024-02-06 20:52:00+00:00
[2024-02-06T21:53:59.599+0100] {processor.py:183} INFO - Processing /home/ubuntu/.local/lib/python3.10/site-packages/airflow/example_dags/example_sla_dag.py took 0.968 seconds
[2024-02-06T21:55:18.777+0100] {processor.py:161} INFO - Started process (PID=31719) to work on /home/ubuntu/.local/lib/python3.10/site-packages/airflow/example_dags/example_sla_dag.py
[2024-02-06T21:55:18.780+0100] {processor.py:830} INFO - Processing file /home/ubuntu/.local/lib/python3.10/site-packages/airflow/example_dags/example_sla_dag.py for tasks to queue
[2024-02-06T21:55:18.782+0100] {logging_mixin.py:188} INFO - [2024-02-06T21:55:18.781+0100] {dagbag.py:538} INFO - Filling up the DagBag from /home/ubuntu/.local/lib/python3.10/site-packages/airflow/example_dags/example_sla_dag.py
[2024-02-06T21:55:18.805+0100] {processor.py:840} INFO - DAG(s) 'example_sla_dag' retrieved from /home/ubuntu/.local/lib/python3.10/site-packages/airflow/example_dags/example_sla_dag.py
[2024-02-06T21:55:18.886+0100] {logging_mixin.py:188} INFO - [2024-02-06T21:55:18.885+0100] {dag.py:3036} INFO - Sync 1 DAGs
[2024-02-06T21:55:18.947+0100] {logging_mixin.py:188} INFO - [2024-02-06T21:55:18.946+0100] {dag.py:3823} INFO - Setting next_dagrun for example_sla_dag to 2024-02-06 20:52:00+00:00, run_after=2024-02-06 20:54:00+00:00
[2024-02-06T21:55:19.117+0100] {processor.py:183} INFO - Processing /home/ubuntu/.local/lib/python3.10/site-packages/airflow/example_dags/example_sla_dag.py took 0.348 seconds
[2024-02-06T21:56:10.597+0100] {processor.py:161} INFO - Started process (PID=32221) to work on /home/ubuntu/.local/lib/python3.10/site-packages/airflow/example_dags/example_sla_dag.py
[2024-02-06T21:56:10.602+0100] {processor.py:830} INFO - Processing file /home/ubuntu/.local/lib/python3.10/site-packages/airflow/example_dags/example_sla_dag.py for tasks to queue
[2024-02-06T21:56:10.606+0100] {logging_mixin.py:188} INFO - [2024-02-06T21:56:10.604+0100] {dagbag.py:538} INFO - Filling up the DagBag from /home/ubuntu/.local/lib/python3.10/site-packages/airflow/example_dags/example_sla_dag.py
[2024-02-06T21:56:10.645+0100] {processor.py:840} INFO - DAG(s) 'example_sla_dag' retrieved from /home/ubuntu/.local/lib/python3.10/site-packages/airflow/example_dags/example_sla_dag.py
[2024-02-06T21:56:10.699+0100] {logging_mixin.py:188} INFO - [2024-02-06T21:56:10.698+0100] {dag.py:3036} INFO - Sync 1 DAGs
[2024-02-06T21:56:10.790+0100] {logging_mixin.py:188} INFO - [2024-02-06T21:56:10.789+0100] {dag.py:3823} INFO - Setting next_dagrun for example_sla_dag to 2024-02-06 20:54:00+00:00, run_after=2024-02-06 20:56:00+00:00
[2024-02-06T21:56:10.857+0100] {processor.py:183} INFO - Processing /home/ubuntu/.local/lib/python3.10/site-packages/airflow/example_dags/example_sla_dag.py took 0.278 seconds
[2024-02-06T21:56:51.080+0100] {processor.py:161} INFO - Started process (PID=32543) to work on /home/ubuntu/.local/lib/python3.10/site-packages/airflow/example_dags/example_sla_dag.py
[2024-02-06T21:56:51.083+0100] {processor.py:830} INFO - Processing file /home/ubuntu/.local/lib/python3.10/site-packages/airflow/example_dags/example_sla_dag.py for tasks to queue
[2024-02-06T21:56:51.086+0100] {logging_mixin.py:188} INFO - [2024-02-06T21:56:51.085+0100] {dagbag.py:538} INFO - Filling up the DagBag from /home/ubuntu/.local/lib/python3.10/site-packages/airflow/example_dags/example_sla_dag.py
[2024-02-06T21:56:51.119+0100] {processor.py:840} INFO - DAG(s) 'example_sla_dag' retrieved from /home/ubuntu/.local/lib/python3.10/site-packages/airflow/example_dags/example_sla_dag.py
[2024-02-06T21:56:51.160+0100] {logging_mixin.py:188} INFO - [2024-02-06T21:56:51.160+0100] {dag.py:3036} INFO - Sync 1 DAGs
[2024-02-06T21:56:51.202+0100] {logging_mixin.py:188} INFO - [2024-02-06T21:56:51.201+0100] {dag.py:3823} INFO - Setting next_dagrun for example_sla_dag to 2024-02-06 20:54:00+00:00, run_after=2024-02-06 20:56:00+00:00
[2024-02-06T21:56:51.256+0100] {processor.py:183} INFO - Processing /home/ubuntu/.local/lib/python3.10/site-packages/airflow/example_dags/example_sla_dag.py took 0.205 seconds
[2024-02-06T21:57:21.011+0100] {processor.py:161} INFO - Started process (PID=32777) to work on /home/ubuntu/.local/lib/python3.10/site-packages/airflow/example_dags/example_sla_dag.py
[2024-02-06T21:57:21.014+0100] {processor.py:830} INFO - Processing file /home/ubuntu/.local/lib/python3.10/site-packages/airflow/example_dags/example_sla_dag.py for tasks to queue
[2024-02-06T21:57:21.019+0100] {logging_mixin.py:188} INFO - [2024-02-06T21:57:21.016+0100] {dagbag.py:538} INFO - Filling up the DagBag from /home/ubuntu/.local/lib/python3.10/site-packages/airflow/example_dags/example_sla_dag.py
[2024-02-06T21:57:21.055+0100] {processor.py:840} INFO - DAG(s) 'example_sla_dag' retrieved from /home/ubuntu/.local/lib/python3.10/site-packages/airflow/example_dags/example_sla_dag.py
[2024-02-06T21:57:21.112+0100] {logging_mixin.py:188} INFO - [2024-02-06T21:57:21.111+0100] {dag.py:3036} INFO - Sync 1 DAGs
[2024-02-06T21:57:21.199+0100] {logging_mixin.py:188} INFO - [2024-02-06T21:57:21.198+0100] {dag.py:3823} INFO - Setting next_dagrun for example_sla_dag to 2024-02-06 20:54:00+00:00, run_after=2024-02-06 20:56:00+00:00
[2024-02-06T21:57:21.277+0100] {processor.py:183} INFO - Processing /home/ubuntu/.local/lib/python3.10/site-packages/airflow/example_dags/example_sla_dag.py took 0.288 seconds
[2024-02-06T21:58:57.702+0100] {processor.py:161} INFO - Started process (PID=33683) to work on /home/ubuntu/.local/lib/python3.10/site-packages/airflow/example_dags/example_sla_dag.py
[2024-02-06T21:58:57.707+0100] {processor.py:830} INFO - Processing file /home/ubuntu/.local/lib/python3.10/site-packages/airflow/example_dags/example_sla_dag.py for tasks to queue
[2024-02-06T21:58:57.710+0100] {logging_mixin.py:188} INFO - [2024-02-06T21:58:57.709+0100] {dagbag.py:538} INFO - Filling up the DagBag from /home/ubuntu/.local/lib/python3.10/site-packages/airflow/example_dags/example_sla_dag.py
[2024-02-06T21:58:57.743+0100] {processor.py:840} INFO - DAG(s) 'example_sla_dag' retrieved from /home/ubuntu/.local/lib/python3.10/site-packages/airflow/example_dags/example_sla_dag.py
[2024-02-06T21:58:57.764+0100] {logging_mixin.py:188} INFO - [2024-02-06T21:58:57.763+0100] {dag.py:3036} INFO - Sync 1 DAGs
[2024-02-06T21:58:57.866+0100] {logging_mixin.py:188} INFO - [2024-02-06T21:58:57.866+0100] {dag.py:3823} INFO - Setting next_dagrun for example_sla_dag to 2024-02-06 20:56:00+00:00, run_after=2024-02-06 20:58:00+00:00
[2024-02-06T21:58:58.026+0100] {processor.py:183} INFO - Processing /home/ubuntu/.local/lib/python3.10/site-packages/airflow/example_dags/example_sla_dag.py took 0.352 seconds
[2024-02-06T21:59:11.541+0100] {processor.py:161} INFO - Started process (PID=33861) to work on /home/ubuntu/.local/lib/python3.10/site-packages/airflow/example_dags/example_sla_dag.py
[2024-02-06T21:59:11.543+0100] {processor.py:830} INFO - Processing file /home/ubuntu/.local/lib/python3.10/site-packages/airflow/example_dags/example_sla_dag.py for tasks to queue
[2024-02-06T21:59:11.545+0100] {logging_mixin.py:188} INFO - [2024-02-06T21:59:11.544+0100] {dagbag.py:538} INFO - Filling up the DagBag from /home/ubuntu/.local/lib/python3.10/site-packages/airflow/example_dags/example_sla_dag.py
[2024-02-06T21:59:11.575+0100] {processor.py:840} INFO - DAG(s) 'example_sla_dag' retrieved from /home/ubuntu/.local/lib/python3.10/site-packages/airflow/example_dags/example_sla_dag.py
[2024-02-06T21:59:11.996+0100] {logging_mixin.py:188} INFO - [2024-02-06T21:59:11.995+0100] {dag.py:3036} INFO - Sync 1 DAGs
[2024-02-06T21:59:12.047+0100] {logging_mixin.py:188} INFO - [2024-02-06T21:59:12.047+0100] {dag.py:3823} INFO - Setting next_dagrun for example_sla_dag to 2024-02-06 20:56:00+00:00, run_after=2024-02-06 20:58:00+00:00
[2024-02-06T21:59:12.201+0100] {processor.py:183} INFO - Processing /home/ubuntu/.local/lib/python3.10/site-packages/airflow/example_dags/example_sla_dag.py took 0.665 seconds
[2024-02-06T22:00:37.692+0100] {processor.py:161} INFO - Started process (PID=34651) to work on /home/ubuntu/.local/lib/python3.10/site-packages/airflow/example_dags/example_sla_dag.py
[2024-02-06T22:00:37.726+0100] {processor.py:830} INFO - Processing file /home/ubuntu/.local/lib/python3.10/site-packages/airflow/example_dags/example_sla_dag.py for tasks to queue
[2024-02-06T22:00:37.747+0100] {logging_mixin.py:188} INFO - [2024-02-06T22:00:37.746+0100] {dagbag.py:538} INFO - Filling up the DagBag from /home/ubuntu/.local/lib/python3.10/site-packages/airflow/example_dags/example_sla_dag.py
[2024-02-06T22:00:37.786+0100] {processor.py:840} INFO - DAG(s) 'example_sla_dag' retrieved from /home/ubuntu/.local/lib/python3.10/site-packages/airflow/example_dags/example_sla_dag.py
[2024-02-06T22:00:37.893+0100] {logging_mixin.py:188} INFO - [2024-02-06T22:00:37.892+0100] {dag.py:3036} INFO - Sync 1 DAGs
[2024-02-06T22:00:38.024+0100] {logging_mixin.py:188} INFO - [2024-02-06T22:00:38.024+0100] {dag.py:3823} INFO - Setting next_dagrun for example_sla_dag to 2024-02-06 20:58:00+00:00, run_after=2024-02-06 21:00:00+00:00
[2024-02-06T22:00:38.179+0100] {processor.py:183} INFO - Processing /home/ubuntu/.local/lib/python3.10/site-packages/airflow/example_dags/example_sla_dag.py took 0.506 seconds
[2024-02-06T22:00:44.554+0100] {processor.py:161} INFO - Started process (PID=34688) to work on /home/ubuntu/.local/lib/python3.10/site-packages/airflow/example_dags/example_sla_dag.py
[2024-02-06T22:00:44.557+0100] {processor.py:830} INFO - Processing file /home/ubuntu/.local/lib/python3.10/site-packages/airflow/example_dags/example_sla_dag.py for tasks to queue
[2024-02-06T22:00:44.560+0100] {logging_mixin.py:188} INFO - [2024-02-06T22:00:44.559+0100] {dagbag.py:538} INFO - Filling up the DagBag from /home/ubuntu/.local/lib/python3.10/site-packages/airflow/example_dags/example_sla_dag.py
[2024-02-06T22:00:44.601+0100] {processor.py:840} INFO - DAG(s) 'example_sla_dag' retrieved from /home/ubuntu/.local/lib/python3.10/site-packages/airflow/example_dags/example_sla_dag.py
[2024-02-06T22:00:45.129+0100] {logging_mixin.py:188} INFO - [2024-02-06T22:00:45.128+0100] {dag.py:3036} INFO - Sync 1 DAGs
[2024-02-06T22:00:45.338+0100] {logging_mixin.py:188} INFO - [2024-02-06T22:00:45.337+0100] {dag.py:3823} INFO - Setting next_dagrun for example_sla_dag to 2024-02-06 20:58:00+00:00, run_after=2024-02-06 21:00:00+00:00
[2024-02-06T22:00:45.756+0100] {processor.py:183} INFO - Processing /home/ubuntu/.local/lib/python3.10/site-packages/airflow/example_dags/example_sla_dag.py took 1.238 seconds
[2024-02-06T22:02:05.936+0100] {processor.py:161} INFO - Started process (PID=35269) to work on /home/ubuntu/.local/lib/python3.10/site-packages/airflow/example_dags/example_sla_dag.py
[2024-02-06T22:02:05.959+0100] {processor.py:830} INFO - Processing file /home/ubuntu/.local/lib/python3.10/site-packages/airflow/example_dags/example_sla_dag.py for tasks to queue
[2024-02-06T22:02:05.962+0100] {logging_mixin.py:188} INFO - [2024-02-06T22:02:05.960+0100] {dagbag.py:538} INFO - Filling up the DagBag from /home/ubuntu/.local/lib/python3.10/site-packages/airflow/example_dags/example_sla_dag.py
[2024-02-06T22:02:06.026+0100] {processor.py:840} INFO - DAG(s) 'example_sla_dag' retrieved from /home/ubuntu/.local/lib/python3.10/site-packages/airflow/example_dags/example_sla_dag.py
[2024-02-06T22:02:06.065+0100] {logging_mixin.py:188} INFO - [2024-02-06T22:02:06.063+0100] {dag.py:3036} INFO - Sync 1 DAGs
[2024-02-06T22:02:06.124+0100] {logging_mixin.py:188} INFO - [2024-02-06T22:02:06.123+0100] {dag.py:3823} INFO - Setting next_dagrun for example_sla_dag to 2024-02-06 21:00:00+00:00, run_after=2024-02-06 21:02:00+00:00
[2024-02-06T22:02:06.263+0100] {processor.py:183} INFO - Processing /home/ubuntu/.local/lib/python3.10/site-packages/airflow/example_dags/example_sla_dag.py took 0.344 seconds
[2024-02-06T22:02:08.183+0100] {processor.py:161} INFO - Started process (PID=35275) to work on /home/ubuntu/.local/lib/python3.10/site-packages/airflow/example_dags/example_sla_dag.py
[2024-02-06T22:02:08.186+0100] {processor.py:830} INFO - Processing file /home/ubuntu/.local/lib/python3.10/site-packages/airflow/example_dags/example_sla_dag.py for tasks to queue
[2024-02-06T22:02:08.195+0100] {logging_mixin.py:188} INFO - [2024-02-06T22:02:08.192+0100] {dagbag.py:538} INFO - Filling up the DagBag from /home/ubuntu/.local/lib/python3.10/site-packages/airflow/example_dags/example_sla_dag.py
[2024-02-06T22:02:08.229+0100] {processor.py:840} INFO - DAG(s) 'example_sla_dag' retrieved from /home/ubuntu/.local/lib/python3.10/site-packages/airflow/example_dags/example_sla_dag.py
[2024-02-06T22:02:08.353+0100] {logging_mixin.py:188} INFO - [2024-02-06T22:02:08.352+0100] {dag.py:3036} INFO - Sync 1 DAGs
[2024-02-06T22:02:08.592+0100] {logging_mixin.py:188} INFO - [2024-02-06T22:02:08.591+0100] {dag.py:3823} INFO - Setting next_dagrun for example_sla_dag to 2024-02-06 21:00:00+00:00, run_after=2024-02-06 21:02:00+00:00
[2024-02-06T22:02:10.146+0100] {processor.py:183} INFO - Processing /home/ubuntu/.local/lib/python3.10/site-packages/airflow/example_dags/example_sla_dag.py took 1.993 seconds
[2024-02-06T22:03:47.623+0100] {processor.py:161} INFO - Started process (PID=36286) to work on /home/ubuntu/.local/lib/python3.10/site-packages/airflow/example_dags/example_sla_dag.py
[2024-02-06T22:03:47.626+0100] {processor.py:830} INFO - Processing file /home/ubuntu/.local/lib/python3.10/site-packages/airflow/example_dags/example_sla_dag.py for tasks to queue
[2024-02-06T22:03:47.628+0100] {logging_mixin.py:188} INFO - [2024-02-06T22:03:47.627+0100] {dagbag.py:538} INFO - Filling up the DagBag from /home/ubuntu/.local/lib/python3.10/site-packages/airflow/example_dags/example_sla_dag.py
[2024-02-06T22:03:47.651+0100] {processor.py:840} INFO - DAG(s) 'example_sla_dag' retrieved from /home/ubuntu/.local/lib/python3.10/site-packages/airflow/example_dags/example_sla_dag.py
[2024-02-06T22:03:47.705+0100] {logging_mixin.py:188} INFO - [2024-02-06T22:03:47.704+0100] {dag.py:3036} INFO - Sync 1 DAGs
[2024-02-06T22:03:47.777+0100] {logging_mixin.py:188} INFO - [2024-02-06T22:03:47.776+0100] {dag.py:3823} INFO - Setting next_dagrun for example_sla_dag to 2024-02-06 21:00:00+00:00, run_after=2024-02-06 21:02:00+00:00
[2024-02-06T22:03:47.852+0100] {processor.py:183} INFO - Processing /home/ubuntu/.local/lib/python3.10/site-packages/airflow/example_dags/example_sla_dag.py took 0.245 seconds
[2024-02-06T22:03:48.030+0100] {processor.py:161} INFO - Started process (PID=36287) to work on /home/ubuntu/.local/lib/python3.10/site-packages/airflow/example_dags/example_sla_dag.py
[2024-02-06T22:03:48.033+0100] {processor.py:830} INFO - Processing file /home/ubuntu/.local/lib/python3.10/site-packages/airflow/example_dags/example_sla_dag.py for tasks to queue
[2024-02-06T22:03:48.037+0100] {logging_mixin.py:188} INFO - [2024-02-06T22:03:48.035+0100] {dagbag.py:538} INFO - Filling up the DagBag from /home/ubuntu/.local/lib/python3.10/site-packages/airflow/example_dags/example_sla_dag.py
[2024-02-06T22:03:48.058+0100] {processor.py:840} INFO - DAG(s) 'example_sla_dag' retrieved from /home/ubuntu/.local/lib/python3.10/site-packages/airflow/example_dags/example_sla_dag.py
[2024-02-06T22:03:48.090+0100] {logging_mixin.py:188} INFO - [2024-02-06T22:03:48.089+0100] {dag.py:3036} INFO - Sync 1 DAGs
[2024-02-06T22:03:48.139+0100] {logging_mixin.py:188} INFO - [2024-02-06T22:03:48.139+0100] {dag.py:3823} INFO - Setting next_dagrun for example_sla_dag to 2024-02-06 21:00:00+00:00, run_after=2024-02-06 21:02:00+00:00
[2024-02-06T22:03:48.184+0100] {processor.py:183} INFO - Processing /home/ubuntu/.local/lib/python3.10/site-packages/airflow/example_dags/example_sla_dag.py took 0.161 seconds
[2024-02-06T22:06:10.086+0100] {processor.py:161} INFO - Started process (PID=37328) to work on /home/ubuntu/.local/lib/python3.10/site-packages/airflow/example_dags/example_sla_dag.py
[2024-02-06T22:06:10.091+0100] {processor.py:830} INFO - Processing file /home/ubuntu/.local/lib/python3.10/site-packages/airflow/example_dags/example_sla_dag.py for tasks to queue
[2024-02-06T22:06:10.094+0100] {logging_mixin.py:188} INFO - [2024-02-06T22:06:10.092+0100] {dagbag.py:538} INFO - Filling up the DagBag from /home/ubuntu/.local/lib/python3.10/site-packages/airflow/example_dags/example_sla_dag.py
[2024-02-06T22:06:10.134+0100] {processor.py:840} INFO - DAG(s) 'example_sla_dag' retrieved from /home/ubuntu/.local/lib/python3.10/site-packages/airflow/example_dags/example_sla_dag.py
[2024-02-06T22:06:10.329+0100] {logging_mixin.py:188} INFO - [2024-02-06T22:06:10.329+0100] {dag.py:3036} INFO - Sync 1 DAGs
[2024-02-06T22:06:10.359+0100] {logging_mixin.py:188} INFO - [2024-02-06T22:06:10.359+0100] {dag.py:3823} INFO - Setting next_dagrun for example_sla_dag to 2024-02-06 21:04:00+00:00, run_after=2024-02-06 21:06:00+00:00
[2024-02-06T22:06:10.468+0100] {processor.py:183} INFO - Processing /home/ubuntu/.local/lib/python3.10/site-packages/airflow/example_dags/example_sla_dag.py took 0.390 seconds
[2024-02-06T22:07:36.598+0100] {processor.py:161} INFO - Started process (PID=38172) to work on /home/ubuntu/.local/lib/python3.10/site-packages/airflow/example_dags/example_sla_dag.py
[2024-02-06T22:07:36.607+0100] {processor.py:830} INFO - Processing file /home/ubuntu/.local/lib/python3.10/site-packages/airflow/example_dags/example_sla_dag.py for tasks to queue
[2024-02-06T22:07:36.611+0100] {logging_mixin.py:188} INFO - [2024-02-06T22:07:36.609+0100] {dagbag.py:538} INFO - Filling up the DagBag from /home/ubuntu/.local/lib/python3.10/site-packages/airflow/example_dags/example_sla_dag.py
[2024-02-06T22:07:36.641+0100] {processor.py:840} INFO - DAG(s) 'example_sla_dag' retrieved from /home/ubuntu/.local/lib/python3.10/site-packages/airflow/example_dags/example_sla_dag.py
[2024-02-06T22:07:36.672+0100] {logging_mixin.py:188} INFO - [2024-02-06T22:07:36.672+0100] {dag.py:3036} INFO - Sync 1 DAGs
[2024-02-06T22:07:36.721+0100] {logging_mixin.py:188} INFO - [2024-02-06T22:07:36.721+0100] {dag.py:3823} INFO - Setting next_dagrun for example_sla_dag to 2024-02-06 21:04:00+00:00, run_after=2024-02-06 21:06:00+00:00
[2024-02-06T22:07:36.797+0100] {processor.py:183} INFO - Processing /home/ubuntu/.local/lib/python3.10/site-packages/airflow/example_dags/example_sla_dag.py took 0.207 seconds
[2024-02-06T22:10:40.126+0100] {processor.py:161} INFO - Started process (PID=39052) to work on /home/ubuntu/.local/lib/python3.10/site-packages/airflow/example_dags/example_sla_dag.py
[2024-02-06T22:10:40.136+0100] {processor.py:830} INFO - Processing file /home/ubuntu/.local/lib/python3.10/site-packages/airflow/example_dags/example_sla_dag.py for tasks to queue
[2024-02-06T22:10:40.138+0100] {logging_mixin.py:188} INFO - [2024-02-06T22:10:40.137+0100] {dagbag.py:538} INFO - Filling up the DagBag from /home/ubuntu/.local/lib/python3.10/site-packages/airflow/example_dags/example_sla_dag.py
[2024-02-06T22:10:40.161+0100] {processor.py:840} INFO - DAG(s) 'example_sla_dag' retrieved from /home/ubuntu/.local/lib/python3.10/site-packages/airflow/example_dags/example_sla_dag.py
[2024-02-06T22:10:40.335+0100] {logging_mixin.py:188} INFO - [2024-02-06T22:10:40.334+0100] {dag.py:3036} INFO - Sync 1 DAGs
[2024-02-06T22:10:40.368+0100] {logging_mixin.py:188} INFO - [2024-02-06T22:10:40.368+0100] {dag.py:3823} INFO - Setting next_dagrun for example_sla_dag to 2024-02-06 21:08:00+00:00, run_after=2024-02-06 21:10:00+00:00
[2024-02-06T22:10:40.429+0100] {processor.py:183} INFO - Processing /home/ubuntu/.local/lib/python3.10/site-packages/airflow/example_dags/example_sla_dag.py took 0.311 seconds
[2024-02-06T22:13:05.310+0100] {processor.py:161} INFO - Started process (PID=39974) to work on /home/ubuntu/.local/lib/python3.10/site-packages/airflow/example_dags/example_sla_dag.py
[2024-02-06T22:13:05.313+0100] {processor.py:830} INFO - Processing file /home/ubuntu/.local/lib/python3.10/site-packages/airflow/example_dags/example_sla_dag.py for tasks to queue
[2024-02-06T22:13:05.315+0100] {logging_mixin.py:188} INFO - [2024-02-06T22:13:05.314+0100] {dagbag.py:538} INFO - Filling up the DagBag from /home/ubuntu/.local/lib/python3.10/site-packages/airflow/example_dags/example_sla_dag.py
[2024-02-06T22:13:05.336+0100] {processor.py:840} INFO - DAG(s) 'example_sla_dag' retrieved from /home/ubuntu/.local/lib/python3.10/site-packages/airflow/example_dags/example_sla_dag.py
[2024-02-06T22:13:05.486+0100] {logging_mixin.py:188} INFO - [2024-02-06T22:13:05.485+0100] {dag.py:3036} INFO - Sync 1 DAGs
[2024-02-06T22:13:05.523+0100] {logging_mixin.py:188} INFO - [2024-02-06T22:13:05.522+0100] {dag.py:3823} INFO - Setting next_dagrun for example_sla_dag to 2024-02-06 21:10:00+00:00, run_after=2024-02-06 21:12:00+00:00
[2024-02-06T22:13:05.595+0100] {processor.py:183} INFO - Processing /home/ubuntu/.local/lib/python3.10/site-packages/airflow/example_dags/example_sla_dag.py took 0.290 seconds
[2024-02-06T22:14:33.607+0100] {processor.py:161} INFO - Started process (PID=40932) to work on /home/ubuntu/.local/lib/python3.10/site-packages/airflow/example_dags/example_sla_dag.py
[2024-02-06T22:14:33.610+0100] {processor.py:830} INFO - Processing file /home/ubuntu/.local/lib/python3.10/site-packages/airflow/example_dags/example_sla_dag.py for tasks to queue
[2024-02-06T22:14:33.612+0100] {logging_mixin.py:188} INFO - [2024-02-06T22:14:33.611+0100] {dagbag.py:538} INFO - Filling up the DagBag from /home/ubuntu/.local/lib/python3.10/site-packages/airflow/example_dags/example_sla_dag.py
[2024-02-06T22:14:33.645+0100] {processor.py:840} INFO - DAG(s) 'example_sla_dag' retrieved from /home/ubuntu/.local/lib/python3.10/site-packages/airflow/example_dags/example_sla_dag.py
[2024-02-06T22:14:33.975+0100] {logging_mixin.py:188} INFO - [2024-02-06T22:14:33.974+0100] {dag.py:3036} INFO - Sync 1 DAGs
[2024-02-06T22:14:35.396+0100] {logging_mixin.py:188} INFO - [2024-02-06T22:14:35.396+0100] {dag.py:3823} INFO - Setting next_dagrun for example_sla_dag to 2024-02-06 21:12:00+00:00, run_after=2024-02-06 21:14:00+00:00
[2024-02-06T22:14:35.641+0100] {processor.py:183} INFO - Processing /home/ubuntu/.local/lib/python3.10/site-packages/airflow/example_dags/example_sla_dag.py took 2.042 seconds
[2024-02-06T22:15:37.837+0100] {processor.py:161} INFO - Started process (PID=41623) to work on /home/ubuntu/.local/lib/python3.10/site-packages/airflow/example_dags/example_sla_dag.py
[2024-02-06T22:15:37.847+0100] {processor.py:830} INFO - Processing file /home/ubuntu/.local/lib/python3.10/site-packages/airflow/example_dags/example_sla_dag.py for tasks to queue
[2024-02-06T22:15:37.849+0100] {logging_mixin.py:188} INFO - [2024-02-06T22:15:37.848+0100] {dagbag.py:538} INFO - Filling up the DagBag from /home/ubuntu/.local/lib/python3.10/site-packages/airflow/example_dags/example_sla_dag.py
[2024-02-06T22:15:37.871+0100] {processor.py:840} INFO - DAG(s) 'example_sla_dag' retrieved from /home/ubuntu/.local/lib/python3.10/site-packages/airflow/example_dags/example_sla_dag.py
[2024-02-06T22:15:37.897+0100] {logging_mixin.py:188} INFO - [2024-02-06T22:15:37.897+0100] {dag.py:3036} INFO - Sync 1 DAGs
[2024-02-06T22:15:37.937+0100] {logging_mixin.py:188} INFO - [2024-02-06T22:15:37.936+0100] {dag.py:3823} INFO - Setting next_dagrun for example_sla_dag to 2024-02-06 21:12:00+00:00, run_after=2024-02-06 21:14:00+00:00
[2024-02-06T22:15:37.998+0100] {processor.py:183} INFO - Processing /home/ubuntu/.local/lib/python3.10/site-packages/airflow/example_dags/example_sla_dag.py took 0.168 seconds
[2024-02-06T22:26:09.167+0100] {processor.py:161} INFO - Started process (PID=49239) to work on /home/ubuntu/.local/lib/python3.10/site-packages/airflow/example_dags/example_sla_dag.py
[2024-02-06T22:26:09.196+0100] {processor.py:830} INFO - Processing file /home/ubuntu/.local/lib/python3.10/site-packages/airflow/example_dags/example_sla_dag.py for tasks to queue
[2024-02-06T22:26:09.198+0100] {logging_mixin.py:188} INFO - [2024-02-06T22:26:09.197+0100] {dagbag.py:538} INFO - Filling up the DagBag from /home/ubuntu/.local/lib/python3.10/site-packages/airflow/example_dags/example_sla_dag.py
[2024-02-06T22:26:09.234+0100] {processor.py:840} INFO - DAG(s) 'example_sla_dag' retrieved from /home/ubuntu/.local/lib/python3.10/site-packages/airflow/example_dags/example_sla_dag.py
[2024-02-06T22:26:09.294+0100] {logging_mixin.py:188} INFO - [2024-02-06T22:26:09.293+0100] {dag.py:3036} INFO - Sync 1 DAGs
[2024-02-06T22:26:09.391+0100] {logging_mixin.py:188} INFO - [2024-02-06T22:26:09.391+0100] {dag.py:3823} INFO - Setting next_dagrun for example_sla_dag to 2024-02-06 21:24:00+00:00, run_after=2024-02-06 21:26:00+00:00
[2024-02-06T22:26:09.529+0100] {processor.py:183} INFO - Processing /home/ubuntu/.local/lib/python3.10/site-packages/airflow/example_dags/example_sla_dag.py took 0.377 seconds
[2024-02-06T22:27:56.848+0100] {processor.py:161} INFO - Started process (PID=50071) to work on /home/ubuntu/.local/lib/python3.10/site-packages/airflow/example_dags/example_sla_dag.py
[2024-02-06T22:27:56.851+0100] {processor.py:830} INFO - Processing file /home/ubuntu/.local/lib/python3.10/site-packages/airflow/example_dags/example_sla_dag.py for tasks to queue
[2024-02-06T22:27:56.855+0100] {logging_mixin.py:188} INFO - [2024-02-06T22:27:56.853+0100] {dagbag.py:538} INFO - Filling up the DagBag from /home/ubuntu/.local/lib/python3.10/site-packages/airflow/example_dags/example_sla_dag.py
[2024-02-06T22:27:56.877+0100] {processor.py:840} INFO - DAG(s) 'example_sla_dag' retrieved from /home/ubuntu/.local/lib/python3.10/site-packages/airflow/example_dags/example_sla_dag.py
[2024-02-06T22:27:57.063+0100] {logging_mixin.py:188} INFO - [2024-02-06T22:27:57.061+0100] {dag.py:3036} INFO - Sync 1 DAGs
[2024-02-06T22:27:57.119+0100] {logging_mixin.py:188} INFO - [2024-02-06T22:27:57.119+0100] {dag.py:3823} INFO - Setting next_dagrun for example_sla_dag to 2024-02-06 21:24:00+00:00, run_after=2024-02-06 21:26:00+00:00
[2024-02-06T22:27:57.197+0100] {processor.py:183} INFO - Processing /home/ubuntu/.local/lib/python3.10/site-packages/airflow/example_dags/example_sla_dag.py took 0.356 seconds
[2024-02-06T22:35:17.176+0100] {processor.py:161} INFO - Started process (PID=55638) to work on /home/ubuntu/.local/lib/python3.10/site-packages/airflow/example_dags/example_sla_dag.py
[2024-02-06T22:35:17.189+0100] {processor.py:830} INFO - Processing file /home/ubuntu/.local/lib/python3.10/site-packages/airflow/example_dags/example_sla_dag.py for tasks to queue
[2024-02-06T22:35:17.195+0100] {logging_mixin.py:188} INFO - [2024-02-06T22:35:17.191+0100] {dagbag.py:538} INFO - Filling up the DagBag from /home/ubuntu/.local/lib/python3.10/site-packages/airflow/example_dags/example_sla_dag.py
[2024-02-06T22:35:17.230+0100] {processor.py:840} INFO - DAG(s) 'example_sla_dag' retrieved from /home/ubuntu/.local/lib/python3.10/site-packages/airflow/example_dags/example_sla_dag.py
[2024-02-06T22:35:17.318+0100] {logging_mixin.py:188} INFO - [2024-02-06T22:35:17.317+0100] {dag.py:3036} INFO - Sync 1 DAGs
[2024-02-06T22:35:17.398+0100] {logging_mixin.py:188} INFO - [2024-02-06T22:35:17.397+0100] {dag.py:3823} INFO - Setting next_dagrun for example_sla_dag to 2024-02-06 21:32:00+00:00, run_after=2024-02-06 21:34:00+00:00
[2024-02-06T22:35:17.520+0100] {processor.py:183} INFO - Processing /home/ubuntu/.local/lib/python3.10/site-packages/airflow/example_dags/example_sla_dag.py took 0.369 seconds
[2024-02-06T23:14:11.565+0100] {processor.py:161} INFO - Started process (PID=63978) to work on /home/ubuntu/.local/lib/python3.10/site-packages/airflow/example_dags/example_sla_dag.py
[2024-02-06T23:14:11.571+0100] {processor.py:830} INFO - Processing file /home/ubuntu/.local/lib/python3.10/site-packages/airflow/example_dags/example_sla_dag.py for tasks to queue
[2024-02-06T23:14:11.574+0100] {logging_mixin.py:188} INFO - [2024-02-06T23:14:11.573+0100] {dagbag.py:538} INFO - Filling up the DagBag from /home/ubuntu/.local/lib/python3.10/site-packages/airflow/example_dags/example_sla_dag.py
[2024-02-06T23:14:11.610+0100] {processor.py:840} INFO - DAG(s) 'example_sla_dag' retrieved from /home/ubuntu/.local/lib/python3.10/site-packages/airflow/example_dags/example_sla_dag.py
[2024-02-06T23:14:11.969+0100] {logging_mixin.py:188} INFO - [2024-02-06T23:14:11.968+0100] {dag.py:3036} INFO - Sync 1 DAGs
[2024-02-06T23:14:12.091+0100] {logging_mixin.py:188} INFO - [2024-02-06T23:14:12.090+0100] {dag.py:3823} INFO - Setting next_dagrun for example_sla_dag to 2024-02-06 22:12:00+00:00, run_after=2024-02-06 22:14:00+00:00
[2024-02-06T23:14:12.208+0100] {processor.py:183} INFO - Processing /home/ubuntu/.local/lib/python3.10/site-packages/airflow/example_dags/example_sla_dag.py took 0.652 seconds
[2024-02-06T23:16:17.739+0100] {processor.py:161} INFO - Started process (PID=65451) to work on /home/ubuntu/.local/lib/python3.10/site-packages/airflow/example_dags/example_sla_dag.py
[2024-02-06T23:16:17.744+0100] {processor.py:830} INFO - Processing file /home/ubuntu/.local/lib/python3.10/site-packages/airflow/example_dags/example_sla_dag.py for tasks to queue
[2024-02-06T23:16:17.746+0100] {logging_mixin.py:188} INFO - [2024-02-06T23:16:17.745+0100] {dagbag.py:538} INFO - Filling up the DagBag from /home/ubuntu/.local/lib/python3.10/site-packages/airflow/example_dags/example_sla_dag.py
[2024-02-06T23:16:17.771+0100] {processor.py:840} INFO - DAG(s) 'example_sla_dag' retrieved from /home/ubuntu/.local/lib/python3.10/site-packages/airflow/example_dags/example_sla_dag.py
[2024-02-06T23:16:17.805+0100] {logging_mixin.py:188} INFO - [2024-02-06T23:16:17.804+0100] {dag.py:3036} INFO - Sync 1 DAGs
[2024-02-06T23:16:17.863+0100] {logging_mixin.py:188} INFO - [2024-02-06T23:16:17.862+0100] {dag.py:3823} INFO - Setting next_dagrun for example_sla_dag to 2024-02-06 22:14:00+00:00, run_after=2024-02-06 22:16:00+00:00
[2024-02-06T23:16:17.926+0100] {processor.py:183} INFO - Processing /home/ubuntu/.local/lib/python3.10/site-packages/airflow/example_dags/example_sla_dag.py took 0.195 seconds
[2024-02-06T23:29:18.068+0100] {processor.py:161} INFO - Started process (PID=72227) to work on /home/ubuntu/.local/lib/python3.10/site-packages/airflow/example_dags/example_sla_dag.py
[2024-02-06T23:29:18.074+0100] {processor.py:830} INFO - Processing file /home/ubuntu/.local/lib/python3.10/site-packages/airflow/example_dags/example_sla_dag.py for tasks to queue
[2024-02-06T23:29:18.076+0100] {logging_mixin.py:188} INFO - [2024-02-06T23:29:18.075+0100] {dagbag.py:538} INFO - Filling up the DagBag from /home/ubuntu/.local/lib/python3.10/site-packages/airflow/example_dags/example_sla_dag.py
[2024-02-06T23:29:18.139+0100] {processor.py:840} INFO - DAG(s) 'example_sla_dag' retrieved from /home/ubuntu/.local/lib/python3.10/site-packages/airflow/example_dags/example_sla_dag.py
[2024-02-06T23:29:18.548+0100] {logging_mixin.py:188} INFO - [2024-02-06T23:29:18.547+0100] {dag.py:3036} INFO - Sync 1 DAGs
[2024-02-06T23:29:18.644+0100] {logging_mixin.py:188} INFO - [2024-02-06T23:29:18.643+0100] {dag.py:3823} INFO - Setting next_dagrun for example_sla_dag to 2024-02-06 22:26:00+00:00, run_after=2024-02-06 22:28:00+00:00
[2024-02-06T23:29:18.931+0100] {processor.py:183} INFO - Processing /home/ubuntu/.local/lib/python3.10/site-packages/airflow/example_dags/example_sla_dag.py took 0.876 seconds
