[2024-02-06T21:27:56.921+0100] {processor.py:161} INFO - Started process (PID=23443) to work on /home/ubuntu/.local/lib/python3.10/site-packages/airflow/example_dags/example_subdag_operator.py
[2024-02-06T21:27:56.923+0100] {processor.py:830} INFO - Processing file /home/ubuntu/.local/lib/python3.10/site-packages/airflow/example_dags/example_subdag_operator.py for tasks to queue
[2024-02-06T21:27:56.926+0100] {logging_mixin.py:188} INFO - [2024-02-06T21:27:56.925+0100] {dagbag.py:538} INFO - Filling up the DagBag from /home/ubuntu/.local/lib/python3.10/site-packages/airflow/example_dags/example_subdag_operator.py
[2024-02-06T21:27:56.989+0100] {processor.py:840} INFO - DAG(s) 'example_subdag_operator.section-1', 'example_subdag_operator.section-2', 'example_subdag_operator' retrieved from /home/ubuntu/.local/lib/python3.10/site-packages/airflow/example_dags/example_subdag_operator.py
[2024-02-06T21:27:57.339+0100] {logging_mixin.py:188} INFO - [2024-02-06T21:27:57.338+0100] {dag.py:3036} INFO - Sync 3 DAGs
[2024-02-06T21:27:57.364+0100] {logging_mixin.py:188} INFO - [2024-02-06T21:27:57.364+0100] {dag.py:3823} INFO - Setting next_dagrun for example_subdag_operator to 2022-01-01 00:00:00+00:00, run_after=2022-01-01 00:00:00+00:00
[2024-02-06T21:27:57.368+0100] {logging_mixin.py:188} INFO - [2024-02-06T21:27:57.368+0100] {dag.py:3823} INFO - Setting next_dagrun for example_subdag_operator.section-1 to None, run_after=None
[2024-02-06T21:27:57.370+0100] {logging_mixin.py:188} INFO - [2024-02-06T21:27:57.370+0100] {dag.py:3823} INFO - Setting next_dagrun for example_subdag_operator.section-2 to None, run_after=None
[2024-02-06T21:27:57.392+0100] {logging_mixin.py:188} INFO - [2024-02-06T21:27:57.391+0100] {dag.py:3036} INFO - Sync 2 DAGs
[2024-02-06T21:27:57.398+0100] {logging_mixin.py:188} INFO - [2024-02-06T21:27:57.398+0100] {dag.py:3823} INFO - Setting next_dagrun for example_subdag_operator.section-1 to None, run_after=None
[2024-02-06T21:27:57.399+0100] {logging_mixin.py:188} INFO - [2024-02-06T21:27:57.399+0100] {dag.py:3823} INFO - Setting next_dagrun for example_subdag_operator.section-2 to None, run_after=None
[2024-02-06T21:27:57.448+0100] {processor.py:183} INFO - Processing /home/ubuntu/.local/lib/python3.10/site-packages/airflow/example_dags/example_subdag_operator.py took 0.538 seconds
[2024-02-06T21:29:12.867+0100] {processor.py:161} INFO - Started process (PID=24188) to work on /home/ubuntu/.local/lib/python3.10/site-packages/airflow/example_dags/example_subdag_operator.py
[2024-02-06T21:29:12.875+0100] {processor.py:830} INFO - Processing file /home/ubuntu/.local/lib/python3.10/site-packages/airflow/example_dags/example_subdag_operator.py for tasks to queue
[2024-02-06T21:29:12.880+0100] {logging_mixin.py:188} INFO - [2024-02-06T21:29:12.879+0100] {dagbag.py:538} INFO - Filling up the DagBag from /home/ubuntu/.local/lib/python3.10/site-packages/airflow/example_dags/example_subdag_operator.py
[2024-02-06T21:29:12.981+0100] {processor.py:840} INFO - DAG(s) 'example_subdag_operator.section-1', 'example_subdag_operator.section-2', 'example_subdag_operator' retrieved from /home/ubuntu/.local/lib/python3.10/site-packages/airflow/example_dags/example_subdag_operator.py
[2024-02-06T21:29:13.050+0100] {logging_mixin.py:188} INFO - [2024-02-06T21:29:13.047+0100] {dag.py:3036} INFO - Sync 3 DAGs
[2024-02-06T21:29:13.132+0100] {logging_mixin.py:188} INFO - [2024-02-06T21:29:13.131+0100] {dag.py:3823} INFO - Setting next_dagrun for example_subdag_operator to 2022-01-01 00:00:00+00:00, run_after=2022-01-01 00:00:00+00:00
[2024-02-06T21:29:13.162+0100] {logging_mixin.py:188} INFO - [2024-02-06T21:29:13.162+0100] {dag.py:3823} INFO - Setting next_dagrun for example_subdag_operator.section-1 to None, run_after=None
[2024-02-06T21:29:13.165+0100] {logging_mixin.py:188} INFO - [2024-02-06T21:29:13.164+0100] {dag.py:3823} INFO - Setting next_dagrun for example_subdag_operator.section-2 to None, run_after=None
[2024-02-06T21:29:13.190+0100] {logging_mixin.py:188} INFO - [2024-02-06T21:29:13.189+0100] {dag.py:3036} INFO - Sync 2 DAGs
[2024-02-06T21:29:13.218+0100] {logging_mixin.py:188} INFO - [2024-02-06T21:29:13.217+0100] {dag.py:3823} INFO - Setting next_dagrun for example_subdag_operator.section-1 to None, run_after=None
[2024-02-06T21:29:13.219+0100] {logging_mixin.py:188} INFO - [2024-02-06T21:29:13.219+0100] {dag.py:3823} INFO - Setting next_dagrun for example_subdag_operator.section-2 to None, run_after=None
[2024-02-06T21:29:13.343+0100] {processor.py:183} INFO - Processing /home/ubuntu/.local/lib/python3.10/site-packages/airflow/example_dags/example_subdag_operator.py took 0.482 seconds
[2024-02-06T21:31:00.549+0100] {processor.py:161} INFO - Started process (PID=24879) to work on /home/ubuntu/.local/lib/python3.10/site-packages/airflow/example_dags/example_subdag_operator.py
[2024-02-06T21:31:00.577+0100] {processor.py:830} INFO - Processing file /home/ubuntu/.local/lib/python3.10/site-packages/airflow/example_dags/example_subdag_operator.py for tasks to queue
[2024-02-06T21:31:00.590+0100] {logging_mixin.py:188} INFO - [2024-02-06T21:31:00.578+0100] {dagbag.py:538} INFO - Filling up the DagBag from /home/ubuntu/.local/lib/python3.10/site-packages/airflow/example_dags/example_subdag_operator.py
[2024-02-06T21:31:00.687+0100] {processor.py:840} INFO - DAG(s) 'example_subdag_operator.section-1', 'example_subdag_operator.section-2', 'example_subdag_operator' retrieved from /home/ubuntu/.local/lib/python3.10/site-packages/airflow/example_dags/example_subdag_operator.py
[2024-02-06T21:31:00.838+0100] {logging_mixin.py:188} INFO - [2024-02-06T21:31:00.838+0100] {dag.py:3036} INFO - Sync 3 DAGs
[2024-02-06T21:31:01.004+0100] {logging_mixin.py:188} INFO - [2024-02-06T21:31:01.003+0100] {dag.py:3823} INFO - Setting next_dagrun for example_subdag_operator to 2022-01-01 00:00:00+00:00, run_after=2022-01-01 00:00:00+00:00
[2024-02-06T21:31:01.014+0100] {logging_mixin.py:188} INFO - [2024-02-06T21:31:01.014+0100] {dag.py:3823} INFO - Setting next_dagrun for example_subdag_operator.section-1 to None, run_after=None
[2024-02-06T21:31:01.018+0100] {logging_mixin.py:188} INFO - [2024-02-06T21:31:01.017+0100] {dag.py:3823} INFO - Setting next_dagrun for example_subdag_operator.section-2 to None, run_after=None
[2024-02-06T21:31:01.037+0100] {logging_mixin.py:188} INFO - [2024-02-06T21:31:01.036+0100] {dag.py:3036} INFO - Sync 2 DAGs
[2024-02-06T21:31:01.050+0100] {logging_mixin.py:188} INFO - [2024-02-06T21:31:01.049+0100] {dag.py:3823} INFO - Setting next_dagrun for example_subdag_operator.section-1 to None, run_after=None
[2024-02-06T21:31:01.052+0100] {logging_mixin.py:188} INFO - [2024-02-06T21:31:01.051+0100] {dag.py:3823} INFO - Setting next_dagrun for example_subdag_operator.section-2 to None, run_after=None
[2024-02-06T21:31:01.167+0100] {processor.py:183} INFO - Processing /home/ubuntu/.local/lib/python3.10/site-packages/airflow/example_dags/example_subdag_operator.py took 0.627 seconds
[2024-02-06T21:32:10.130+0100] {processor.py:161} INFO - Started process (PID=25122) to work on /home/ubuntu/.local/lib/python3.10/site-packages/airflow/example_dags/example_subdag_operator.py
[2024-02-06T21:32:10.140+0100] {processor.py:830} INFO - Processing file /home/ubuntu/.local/lib/python3.10/site-packages/airflow/example_dags/example_subdag_operator.py for tasks to queue
[2024-02-06T21:32:10.142+0100] {logging_mixin.py:188} INFO - [2024-02-06T21:32:10.142+0100] {dagbag.py:538} INFO - Filling up the DagBag from /home/ubuntu/.local/lib/python3.10/site-packages/airflow/example_dags/example_subdag_operator.py
[2024-02-06T21:32:10.180+0100] {processor.py:840} INFO - DAG(s) 'example_subdag_operator.section-1', 'example_subdag_operator.section-2', 'example_subdag_operator' retrieved from /home/ubuntu/.local/lib/python3.10/site-packages/airflow/example_dags/example_subdag_operator.py
[2024-02-06T21:32:10.203+0100] {logging_mixin.py:188} INFO - [2024-02-06T21:32:10.203+0100] {dag.py:3036} INFO - Sync 3 DAGs
[2024-02-06T21:32:10.243+0100] {logging_mixin.py:188} INFO - [2024-02-06T21:32:10.242+0100] {dag.py:3823} INFO - Setting next_dagrun for example_subdag_operator to 2022-01-01 00:00:00+00:00, run_after=2022-01-01 00:00:00+00:00
[2024-02-06T21:32:10.252+0100] {logging_mixin.py:188} INFO - [2024-02-06T21:32:10.252+0100] {dag.py:3823} INFO - Setting next_dagrun for example_subdag_operator.section-1 to None, run_after=None
[2024-02-06T21:32:10.257+0100] {logging_mixin.py:188} INFO - [2024-02-06T21:32:10.256+0100] {dag.py:3823} INFO - Setting next_dagrun for example_subdag_operator.section-2 to None, run_after=None
[2024-02-06T21:32:10.274+0100] {logging_mixin.py:188} INFO - [2024-02-06T21:32:10.273+0100] {dag.py:3036} INFO - Sync 2 DAGs
[2024-02-06T21:32:10.288+0100] {logging_mixin.py:188} INFO - [2024-02-06T21:32:10.287+0100] {dag.py:3823} INFO - Setting next_dagrun for example_subdag_operator.section-1 to None, run_after=None
[2024-02-06T21:32:10.288+0100] {logging_mixin.py:188} INFO - [2024-02-06T21:32:10.288+0100] {dag.py:3823} INFO - Setting next_dagrun for example_subdag_operator.section-2 to None, run_after=None
[2024-02-06T21:32:10.327+0100] {processor.py:183} INFO - Processing /home/ubuntu/.local/lib/python3.10/site-packages/airflow/example_dags/example_subdag_operator.py took 0.201 seconds
[2024-02-06T21:33:27.387+0100] {processor.py:161} INFO - Started process (PID=25482) to work on /home/ubuntu/.local/lib/python3.10/site-packages/airflow/example_dags/example_subdag_operator.py
[2024-02-06T21:33:27.413+0100] {processor.py:830} INFO - Processing file /home/ubuntu/.local/lib/python3.10/site-packages/airflow/example_dags/example_subdag_operator.py for tasks to queue
[2024-02-06T21:33:27.415+0100] {logging_mixin.py:188} INFO - [2024-02-06T21:33:27.414+0100] {dagbag.py:538} INFO - Filling up the DagBag from /home/ubuntu/.local/lib/python3.10/site-packages/airflow/example_dags/example_subdag_operator.py
[2024-02-06T21:33:27.533+0100] {processor.py:840} INFO - DAG(s) 'example_subdag_operator.section-1', 'example_subdag_operator.section-2', 'example_subdag_operator' retrieved from /home/ubuntu/.local/lib/python3.10/site-packages/airflow/example_dags/example_subdag_operator.py
[2024-02-06T21:33:27.585+0100] {logging_mixin.py:188} INFO - [2024-02-06T21:33:27.584+0100] {dag.py:3036} INFO - Sync 3 DAGs
[2024-02-06T21:33:27.680+0100] {logging_mixin.py:188} INFO - [2024-02-06T21:33:27.679+0100] {dag.py:3823} INFO - Setting next_dagrun for example_subdag_operator to 2022-01-01 00:00:00+00:00, run_after=2022-01-01 00:00:00+00:00
[2024-02-06T21:33:27.686+0100] {logging_mixin.py:188} INFO - [2024-02-06T21:33:27.685+0100] {dag.py:3823} INFO - Setting next_dagrun for example_subdag_operator.section-1 to None, run_after=None
[2024-02-06T21:33:27.688+0100] {logging_mixin.py:188} INFO - [2024-02-06T21:33:27.688+0100] {dag.py:3823} INFO - Setting next_dagrun for example_subdag_operator.section-2 to None, run_after=None
[2024-02-06T21:33:27.710+0100] {logging_mixin.py:188} INFO - [2024-02-06T21:33:27.709+0100] {dag.py:3036} INFO - Sync 2 DAGs
[2024-02-06T21:33:27.727+0100] {logging_mixin.py:188} INFO - [2024-02-06T21:33:27.727+0100] {dag.py:3823} INFO - Setting next_dagrun for example_subdag_operator.section-1 to None, run_after=None
[2024-02-06T21:33:27.729+0100] {logging_mixin.py:188} INFO - [2024-02-06T21:33:27.728+0100] {dag.py:3823} INFO - Setting next_dagrun for example_subdag_operator.section-2 to None, run_after=None
[2024-02-06T21:33:27.868+0100] {processor.py:183} INFO - Processing /home/ubuntu/.local/lib/python3.10/site-packages/airflow/example_dags/example_subdag_operator.py took 0.488 seconds
[2024-02-06T21:40:18.270+0100] {processor.py:161} INFO - Started process (PID=27539) to work on /home/ubuntu/.local/lib/python3.10/site-packages/airflow/example_dags/example_subdag_operator.py
[2024-02-06T21:40:18.282+0100] {processor.py:830} INFO - Processing file /home/ubuntu/.local/lib/python3.10/site-packages/airflow/example_dags/example_subdag_operator.py for tasks to queue
[2024-02-06T21:40:18.286+0100] {logging_mixin.py:188} INFO - [2024-02-06T21:40:18.285+0100] {dagbag.py:538} INFO - Filling up the DagBag from /home/ubuntu/.local/lib/python3.10/site-packages/airflow/example_dags/example_subdag_operator.py
[2024-02-06T21:40:18.339+0100] {processor.py:840} INFO - DAG(s) 'example_subdag_operator.section-1', 'example_subdag_operator.section-2', 'example_subdag_operator' retrieved from /home/ubuntu/.local/lib/python3.10/site-packages/airflow/example_dags/example_subdag_operator.py
[2024-02-06T21:40:18.508+0100] {logging_mixin.py:188} INFO - [2024-02-06T21:40:18.508+0100] {dag.py:3036} INFO - Sync 3 DAGs
[2024-02-06T21:40:18.531+0100] {logging_mixin.py:188} INFO - [2024-02-06T21:40:18.531+0100] {dag.py:3823} INFO - Setting next_dagrun for example_subdag_operator to 2022-01-01 00:00:00+00:00, run_after=2022-01-01 00:00:00+00:00
[2024-02-06T21:40:18.534+0100] {logging_mixin.py:188} INFO - [2024-02-06T21:40:18.534+0100] {dag.py:3823} INFO - Setting next_dagrun for example_subdag_operator.section-1 to None, run_after=None
[2024-02-06T21:40:18.536+0100] {logging_mixin.py:188} INFO - [2024-02-06T21:40:18.536+0100] {dag.py:3823} INFO - Setting next_dagrun for example_subdag_operator.section-2 to None, run_after=None
[2024-02-06T21:40:18.553+0100] {logging_mixin.py:188} INFO - [2024-02-06T21:40:18.552+0100] {dag.py:3036} INFO - Sync 2 DAGs
[2024-02-06T21:40:18.560+0100] {logging_mixin.py:188} INFO - [2024-02-06T21:40:18.560+0100] {dag.py:3823} INFO - Setting next_dagrun for example_subdag_operator.section-1 to None, run_after=None
[2024-02-06T21:40:18.561+0100] {logging_mixin.py:188} INFO - [2024-02-06T21:40:18.561+0100] {dag.py:3823} INFO - Setting next_dagrun for example_subdag_operator.section-2 to None, run_after=None
[2024-02-06T21:40:18.615+0100] {processor.py:183} INFO - Processing /home/ubuntu/.local/lib/python3.10/site-packages/airflow/example_dags/example_subdag_operator.py took 0.353 seconds
[2024-02-06T21:40:58.560+0100] {processor.py:161} INFO - Started process (PID=27879) to work on /home/ubuntu/.local/lib/python3.10/site-packages/airflow/example_dags/example_subdag_operator.py
[2024-02-06T21:40:58.562+0100] {processor.py:830} INFO - Processing file /home/ubuntu/.local/lib/python3.10/site-packages/airflow/example_dags/example_subdag_operator.py for tasks to queue
[2024-02-06T21:40:58.565+0100] {logging_mixin.py:188} INFO - [2024-02-06T21:40:58.564+0100] {dagbag.py:538} INFO - Filling up the DagBag from /home/ubuntu/.local/lib/python3.10/site-packages/airflow/example_dags/example_subdag_operator.py
[2024-02-06T21:40:58.605+0100] {processor.py:840} INFO - DAG(s) 'example_subdag_operator.section-1', 'example_subdag_operator.section-2', 'example_subdag_operator' retrieved from /home/ubuntu/.local/lib/python3.10/site-packages/airflow/example_dags/example_subdag_operator.py
[2024-02-06T21:40:58.630+0100] {logging_mixin.py:188} INFO - [2024-02-06T21:40:58.630+0100] {dag.py:3036} INFO - Sync 3 DAGs
[2024-02-06T21:40:58.664+0100] {logging_mixin.py:188} INFO - [2024-02-06T21:40:58.663+0100] {dag.py:3823} INFO - Setting next_dagrun for example_subdag_operator to 2022-01-01 00:00:00+00:00, run_after=2022-01-01 00:00:00+00:00
[2024-02-06T21:40:58.672+0100] {logging_mixin.py:188} INFO - [2024-02-06T21:40:58.669+0100] {dag.py:3823} INFO - Setting next_dagrun for example_subdag_operator.section-1 to None, run_after=None
[2024-02-06T21:40:58.674+0100] {logging_mixin.py:188} INFO - [2024-02-06T21:40:58.674+0100] {dag.py:3823} INFO - Setting next_dagrun for example_subdag_operator.section-2 to None, run_after=None
[2024-02-06T21:40:58.684+0100] {logging_mixin.py:188} INFO - [2024-02-06T21:40:58.683+0100] {dag.py:3036} INFO - Sync 2 DAGs
[2024-02-06T21:40:58.689+0100] {logging_mixin.py:188} INFO - [2024-02-06T21:40:58.689+0100] {dag.py:3823} INFO - Setting next_dagrun for example_subdag_operator.section-1 to None, run_after=None
[2024-02-06T21:40:58.690+0100] {logging_mixin.py:188} INFO - [2024-02-06T21:40:58.689+0100] {dag.py:3823} INFO - Setting next_dagrun for example_subdag_operator.section-2 to None, run_after=None
[2024-02-06T21:40:58.742+0100] {processor.py:183} INFO - Processing /home/ubuntu/.local/lib/python3.10/site-packages/airflow/example_dags/example_subdag_operator.py took 0.190 seconds
[2024-02-06T21:41:38.729+0100] {processor.py:161} INFO - Started process (PID=28039) to work on /home/ubuntu/.local/lib/python3.10/site-packages/airflow/example_dags/example_subdag_operator.py
[2024-02-06T21:41:38.742+0100] {processor.py:830} INFO - Processing file /home/ubuntu/.local/lib/python3.10/site-packages/airflow/example_dags/example_subdag_operator.py for tasks to queue
[2024-02-06T21:41:38.746+0100] {logging_mixin.py:188} INFO - [2024-02-06T21:41:38.744+0100] {dagbag.py:538} INFO - Filling up the DagBag from /home/ubuntu/.local/lib/python3.10/site-packages/airflow/example_dags/example_subdag_operator.py
[2024-02-06T21:41:38.930+0100] {processor.py:840} INFO - DAG(s) 'example_subdag_operator.section-1', 'example_subdag_operator.section-2', 'example_subdag_operator' retrieved from /home/ubuntu/.local/lib/python3.10/site-packages/airflow/example_dags/example_subdag_operator.py
[2024-02-06T21:41:39.016+0100] {logging_mixin.py:188} INFO - [2024-02-06T21:41:39.016+0100] {dag.py:3036} INFO - Sync 3 DAGs
[2024-02-06T21:41:39.093+0100] {logging_mixin.py:188} INFO - [2024-02-06T21:41:39.093+0100] {dag.py:3823} INFO - Setting next_dagrun for example_subdag_operator to 2022-01-01 00:00:00+00:00, run_after=2022-01-01 00:00:00+00:00
[2024-02-06T21:41:39.106+0100] {logging_mixin.py:188} INFO - [2024-02-06T21:41:39.105+0100] {dag.py:3823} INFO - Setting next_dagrun for example_subdag_operator.section-1 to None, run_after=None
[2024-02-06T21:41:39.109+0100] {logging_mixin.py:188} INFO - [2024-02-06T21:41:39.108+0100] {dag.py:3823} INFO - Setting next_dagrun for example_subdag_operator.section-2 to None, run_after=None
[2024-02-06T21:41:39.135+0100] {logging_mixin.py:188} INFO - [2024-02-06T21:41:39.135+0100] {dag.py:3036} INFO - Sync 2 DAGs
[2024-02-06T21:41:39.147+0100] {logging_mixin.py:188} INFO - [2024-02-06T21:41:39.146+0100] {dag.py:3823} INFO - Setting next_dagrun for example_subdag_operator.section-1 to None, run_after=None
[2024-02-06T21:41:39.148+0100] {logging_mixin.py:188} INFO - [2024-02-06T21:41:39.147+0100] {dag.py:3823} INFO - Setting next_dagrun for example_subdag_operator.section-2 to None, run_after=None
[2024-02-06T21:41:39.190+0100] {processor.py:183} INFO - Processing /home/ubuntu/.local/lib/python3.10/site-packages/airflow/example_dags/example_subdag_operator.py took 0.467 seconds
[2024-02-06T21:42:09.220+0100] {processor.py:161} INFO - Started process (PID=28261) to work on /home/ubuntu/.local/lib/python3.10/site-packages/airflow/example_dags/example_subdag_operator.py
[2024-02-06T21:42:09.222+0100] {processor.py:830} INFO - Processing file /home/ubuntu/.local/lib/python3.10/site-packages/airflow/example_dags/example_subdag_operator.py for tasks to queue
[2024-02-06T21:42:09.224+0100] {logging_mixin.py:188} INFO - [2024-02-06T21:42:09.223+0100] {dagbag.py:538} INFO - Filling up the DagBag from /home/ubuntu/.local/lib/python3.10/site-packages/airflow/example_dags/example_subdag_operator.py
[2024-02-06T21:42:09.267+0100] {processor.py:840} INFO - DAG(s) 'example_subdag_operator.section-1', 'example_subdag_operator.section-2', 'example_subdag_operator' retrieved from /home/ubuntu/.local/lib/python3.10/site-packages/airflow/example_dags/example_subdag_operator.py
[2024-02-06T21:42:09.287+0100] {logging_mixin.py:188} INFO - [2024-02-06T21:42:09.286+0100] {dag.py:3036} INFO - Sync 3 DAGs
[2024-02-06T21:42:09.312+0100] {logging_mixin.py:188} INFO - [2024-02-06T21:42:09.312+0100] {dag.py:3823} INFO - Setting next_dagrun for example_subdag_operator to 2022-01-01 00:00:00+00:00, run_after=2022-01-01 00:00:00+00:00
[2024-02-06T21:42:09.317+0100] {logging_mixin.py:188} INFO - [2024-02-06T21:42:09.316+0100] {dag.py:3823} INFO - Setting next_dagrun for example_subdag_operator.section-1 to None, run_after=None
[2024-02-06T21:42:09.318+0100] {logging_mixin.py:188} INFO - [2024-02-06T21:42:09.318+0100] {dag.py:3823} INFO - Setting next_dagrun for example_subdag_operator.section-2 to None, run_after=None
[2024-02-06T21:42:09.326+0100] {logging_mixin.py:188} INFO - [2024-02-06T21:42:09.326+0100] {dag.py:3036} INFO - Sync 2 DAGs
[2024-02-06T21:42:09.333+0100] {logging_mixin.py:188} INFO - [2024-02-06T21:42:09.333+0100] {dag.py:3823} INFO - Setting next_dagrun for example_subdag_operator.section-1 to None, run_after=None
[2024-02-06T21:42:09.334+0100] {logging_mixin.py:188} INFO - [2024-02-06T21:42:09.334+0100] {dag.py:3823} INFO - Setting next_dagrun for example_subdag_operator.section-2 to None, run_after=None
[2024-02-06T21:42:09.385+0100] {processor.py:183} INFO - Processing /home/ubuntu/.local/lib/python3.10/site-packages/airflow/example_dags/example_subdag_operator.py took 0.172 seconds
[2024-02-06T21:42:53.165+0100] {processor.py:161} INFO - Started process (PID=28507) to work on /home/ubuntu/.local/lib/python3.10/site-packages/airflow/example_dags/example_subdag_operator.py
[2024-02-06T21:42:53.168+0100] {processor.py:830} INFO - Processing file /home/ubuntu/.local/lib/python3.10/site-packages/airflow/example_dags/example_subdag_operator.py for tasks to queue
[2024-02-06T21:42:53.170+0100] {logging_mixin.py:188} INFO - [2024-02-06T21:42:53.169+0100] {dagbag.py:538} INFO - Filling up the DagBag from /home/ubuntu/.local/lib/python3.10/site-packages/airflow/example_dags/example_subdag_operator.py
[2024-02-06T21:42:53.206+0100] {processor.py:840} INFO - DAG(s) 'example_subdag_operator.section-1', 'example_subdag_operator.section-2', 'example_subdag_operator' retrieved from /home/ubuntu/.local/lib/python3.10/site-packages/airflow/example_dags/example_subdag_operator.py
[2024-02-06T21:42:53.228+0100] {logging_mixin.py:188} INFO - [2024-02-06T21:42:53.228+0100] {dag.py:3036} INFO - Sync 3 DAGs
[2024-02-06T21:42:53.262+0100] {logging_mixin.py:188} INFO - [2024-02-06T21:42:53.262+0100] {dag.py:3823} INFO - Setting next_dagrun for example_subdag_operator to 2022-01-01 00:00:00+00:00, run_after=2022-01-01 00:00:00+00:00
[2024-02-06T21:42:53.268+0100] {logging_mixin.py:188} INFO - [2024-02-06T21:42:53.268+0100] {dag.py:3823} INFO - Setting next_dagrun for example_subdag_operator.section-1 to None, run_after=None
[2024-02-06T21:42:53.270+0100] {logging_mixin.py:188} INFO - [2024-02-06T21:42:53.269+0100] {dag.py:3823} INFO - Setting next_dagrun for example_subdag_operator.section-2 to None, run_after=None
[2024-02-06T21:42:53.282+0100] {logging_mixin.py:188} INFO - [2024-02-06T21:42:53.281+0100] {dag.py:3036} INFO - Sync 2 DAGs
[2024-02-06T21:42:53.293+0100] {logging_mixin.py:188} INFO - [2024-02-06T21:42:53.293+0100] {dag.py:3823} INFO - Setting next_dagrun for example_subdag_operator.section-1 to None, run_after=None
[2024-02-06T21:42:53.294+0100] {logging_mixin.py:188} INFO - [2024-02-06T21:42:53.294+0100] {dag.py:3823} INFO - Setting next_dagrun for example_subdag_operator.section-2 to None, run_after=None
[2024-02-06T21:42:53.345+0100] {processor.py:183} INFO - Processing /home/ubuntu/.local/lib/python3.10/site-packages/airflow/example_dags/example_subdag_operator.py took 0.187 seconds
[2024-02-06T21:43:27.834+0100] {processor.py:161} INFO - Started process (PID=28778) to work on /home/ubuntu/.local/lib/python3.10/site-packages/airflow/example_dags/example_subdag_operator.py
[2024-02-06T21:43:27.838+0100] {processor.py:830} INFO - Processing file /home/ubuntu/.local/lib/python3.10/site-packages/airflow/example_dags/example_subdag_operator.py for tasks to queue
[2024-02-06T21:43:27.840+0100] {logging_mixin.py:188} INFO - [2024-02-06T21:43:27.839+0100] {dagbag.py:538} INFO - Filling up the DagBag from /home/ubuntu/.local/lib/python3.10/site-packages/airflow/example_dags/example_subdag_operator.py
[2024-02-06T21:43:27.921+0100] {processor.py:840} INFO - DAG(s) 'example_subdag_operator.section-1', 'example_subdag_operator.section-2', 'example_subdag_operator' retrieved from /home/ubuntu/.local/lib/python3.10/site-packages/airflow/example_dags/example_subdag_operator.py
[2024-02-06T21:43:27.948+0100] {logging_mixin.py:188} INFO - [2024-02-06T21:43:27.948+0100] {dag.py:3036} INFO - Sync 3 DAGs
[2024-02-06T21:43:27.979+0100] {logging_mixin.py:188} INFO - [2024-02-06T21:43:27.979+0100] {dag.py:3823} INFO - Setting next_dagrun for example_subdag_operator to 2022-01-01 00:00:00+00:00, run_after=2022-01-01 00:00:00+00:00
[2024-02-06T21:43:27.985+0100] {logging_mixin.py:188} INFO - [2024-02-06T21:43:27.985+0100] {dag.py:3823} INFO - Setting next_dagrun for example_subdag_operator.section-1 to None, run_after=None
[2024-02-06T21:43:27.987+0100] {logging_mixin.py:188} INFO - [2024-02-06T21:43:27.986+0100] {dag.py:3823} INFO - Setting next_dagrun for example_subdag_operator.section-2 to None, run_after=None
[2024-02-06T21:43:27.998+0100] {logging_mixin.py:188} INFO - [2024-02-06T21:43:27.997+0100] {dag.py:3036} INFO - Sync 2 DAGs
[2024-02-06T21:43:28.005+0100] {logging_mixin.py:188} INFO - [2024-02-06T21:43:28.004+0100] {dag.py:3823} INFO - Setting next_dagrun for example_subdag_operator.section-1 to None, run_after=None
[2024-02-06T21:43:28.005+0100] {logging_mixin.py:188} INFO - [2024-02-06T21:43:28.005+0100] {dag.py:3823} INFO - Setting next_dagrun for example_subdag_operator.section-2 to None, run_after=None
[2024-02-06T21:43:28.047+0100] {processor.py:183} INFO - Processing /home/ubuntu/.local/lib/python3.10/site-packages/airflow/example_dags/example_subdag_operator.py took 0.219 seconds
[2024-02-06T21:43:58.801+0100] {processor.py:161} INFO - Started process (PID=28922) to work on /home/ubuntu/.local/lib/python3.10/site-packages/airflow/example_dags/example_subdag_operator.py
[2024-02-06T21:43:58.808+0100] {processor.py:830} INFO - Processing file /home/ubuntu/.local/lib/python3.10/site-packages/airflow/example_dags/example_subdag_operator.py for tasks to queue
[2024-02-06T21:43:58.810+0100] {logging_mixin.py:188} INFO - [2024-02-06T21:43:58.810+0100] {dagbag.py:538} INFO - Filling up the DagBag from /home/ubuntu/.local/lib/python3.10/site-packages/airflow/example_dags/example_subdag_operator.py
[2024-02-06T21:43:58.852+0100] {processor.py:840} INFO - DAG(s) 'example_subdag_operator.section-1', 'example_subdag_operator.section-2', 'example_subdag_operator' retrieved from /home/ubuntu/.local/lib/python3.10/site-packages/airflow/example_dags/example_subdag_operator.py
[2024-02-06T21:43:58.876+0100] {logging_mixin.py:188} INFO - [2024-02-06T21:43:58.875+0100] {dag.py:3036} INFO - Sync 3 DAGs
[2024-02-06T21:43:58.906+0100] {logging_mixin.py:188} INFO - [2024-02-06T21:43:58.906+0100] {dag.py:3823} INFO - Setting next_dagrun for example_subdag_operator to 2022-01-01 00:00:00+00:00, run_after=2022-01-01 00:00:00+00:00
[2024-02-06T21:43:58.910+0100] {logging_mixin.py:188} INFO - [2024-02-06T21:43:58.910+0100] {dag.py:3823} INFO - Setting next_dagrun for example_subdag_operator.section-1 to None, run_after=None
[2024-02-06T21:43:58.912+0100] {logging_mixin.py:188} INFO - [2024-02-06T21:43:58.911+0100] {dag.py:3823} INFO - Setting next_dagrun for example_subdag_operator.section-2 to None, run_after=None
[2024-02-06T21:43:58.920+0100] {logging_mixin.py:188} INFO - [2024-02-06T21:43:58.920+0100] {dag.py:3036} INFO - Sync 2 DAGs
[2024-02-06T21:43:58.931+0100] {logging_mixin.py:188} INFO - [2024-02-06T21:43:58.930+0100] {dag.py:3823} INFO - Setting next_dagrun for example_subdag_operator.section-1 to None, run_after=None
[2024-02-06T21:43:58.932+0100] {logging_mixin.py:188} INFO - [2024-02-06T21:43:58.931+0100] {dag.py:3823} INFO - Setting next_dagrun for example_subdag_operator.section-2 to None, run_after=None
[2024-02-06T21:43:58.993+0100] {processor.py:183} INFO - Processing /home/ubuntu/.local/lib/python3.10/site-packages/airflow/example_dags/example_subdag_operator.py took 0.199 seconds
[2024-02-06T21:44:42.613+0100] {processor.py:161} INFO - Started process (PID=29177) to work on /home/ubuntu/.local/lib/python3.10/site-packages/airflow/example_dags/example_subdag_operator.py
[2024-02-06T21:44:42.618+0100] {processor.py:830} INFO - Processing file /home/ubuntu/.local/lib/python3.10/site-packages/airflow/example_dags/example_subdag_operator.py for tasks to queue
[2024-02-06T21:44:42.620+0100] {logging_mixin.py:188} INFO - [2024-02-06T21:44:42.619+0100] {dagbag.py:538} INFO - Filling up the DagBag from /home/ubuntu/.local/lib/python3.10/site-packages/airflow/example_dags/example_subdag_operator.py
[2024-02-06T21:44:42.676+0100] {processor.py:840} INFO - DAG(s) 'example_subdag_operator.section-1', 'example_subdag_operator.section-2', 'example_subdag_operator' retrieved from /home/ubuntu/.local/lib/python3.10/site-packages/airflow/example_dags/example_subdag_operator.py
[2024-02-06T21:44:42.702+0100] {logging_mixin.py:188} INFO - [2024-02-06T21:44:42.702+0100] {dag.py:3036} INFO - Sync 3 DAGs
[2024-02-06T21:44:42.733+0100] {logging_mixin.py:188} INFO - [2024-02-06T21:44:42.733+0100] {dag.py:3823} INFO - Setting next_dagrun for example_subdag_operator to 2022-01-01 00:00:00+00:00, run_after=2022-01-01 00:00:00+00:00
[2024-02-06T21:44:42.741+0100] {logging_mixin.py:188} INFO - [2024-02-06T21:44:42.740+0100] {dag.py:3823} INFO - Setting next_dagrun for example_subdag_operator.section-1 to None, run_after=None
[2024-02-06T21:44:42.743+0100] {logging_mixin.py:188} INFO - [2024-02-06T21:44:42.743+0100] {dag.py:3823} INFO - Setting next_dagrun for example_subdag_operator.section-2 to None, run_after=None
[2024-02-06T21:44:42.752+0100] {logging_mixin.py:188} INFO - [2024-02-06T21:44:42.752+0100] {dag.py:3036} INFO - Sync 2 DAGs
[2024-02-06T21:44:42.760+0100] {logging_mixin.py:188} INFO - [2024-02-06T21:44:42.760+0100] {dag.py:3823} INFO - Setting next_dagrun for example_subdag_operator.section-1 to None, run_after=None
[2024-02-06T21:44:42.760+0100] {logging_mixin.py:188} INFO - [2024-02-06T21:44:42.760+0100] {dag.py:3823} INFO - Setting next_dagrun for example_subdag_operator.section-2 to None, run_after=None
[2024-02-06T21:44:42.801+0100] {processor.py:183} INFO - Processing /home/ubuntu/.local/lib/python3.10/site-packages/airflow/example_dags/example_subdag_operator.py took 0.197 seconds
[2024-02-06T21:54:00.807+0100] {processor.py:161} INFO - Started process (PID=30979) to work on /home/ubuntu/.local/lib/python3.10/site-packages/airflow/example_dags/example_subdag_operator.py
[2024-02-06T21:54:00.820+0100] {processor.py:830} INFO - Processing file /home/ubuntu/.local/lib/python3.10/site-packages/airflow/example_dags/example_subdag_operator.py for tasks to queue
[2024-02-06T21:54:00.822+0100] {logging_mixin.py:188} INFO - [2024-02-06T21:54:00.821+0100] {dagbag.py:538} INFO - Filling up the DagBag from /home/ubuntu/.local/lib/python3.10/site-packages/airflow/example_dags/example_subdag_operator.py
[2024-02-06T21:54:00.964+0100] {processor.py:840} INFO - DAG(s) 'example_subdag_operator.section-1', 'example_subdag_operator.section-2', 'example_subdag_operator' retrieved from /home/ubuntu/.local/lib/python3.10/site-packages/airflow/example_dags/example_subdag_operator.py
[2024-02-06T21:54:01.336+0100] {logging_mixin.py:188} INFO - [2024-02-06T21:54:01.335+0100] {dag.py:3036} INFO - Sync 3 DAGs
[2024-02-06T21:54:01.546+0100] {logging_mixin.py:188} INFO - [2024-02-06T21:54:01.545+0100] {dag.py:3823} INFO - Setting next_dagrun for example_subdag_operator to 2022-01-01 00:00:00+00:00, run_after=2022-01-01 00:00:00+00:00
[2024-02-06T21:54:01.569+0100] {logging_mixin.py:188} INFO - [2024-02-06T21:54:01.568+0100] {dag.py:3823} INFO - Setting next_dagrun for example_subdag_operator.section-1 to None, run_after=None
[2024-02-06T21:54:01.572+0100] {logging_mixin.py:188} INFO - [2024-02-06T21:54:01.572+0100] {dag.py:3823} INFO - Setting next_dagrun for example_subdag_operator.section-2 to None, run_after=None
[2024-02-06T21:54:01.602+0100] {logging_mixin.py:188} INFO - [2024-02-06T21:54:01.601+0100] {dag.py:3036} INFO - Sync 2 DAGs
[2024-02-06T21:54:01.612+0100] {logging_mixin.py:188} INFO - [2024-02-06T21:54:01.612+0100] {dag.py:3823} INFO - Setting next_dagrun for example_subdag_operator.section-1 to None, run_after=None
[2024-02-06T21:54:01.614+0100] {logging_mixin.py:188} INFO - [2024-02-06T21:54:01.613+0100] {dag.py:3823} INFO - Setting next_dagrun for example_subdag_operator.section-2 to None, run_after=None
[2024-02-06T21:54:01.790+0100] {processor.py:183} INFO - Processing /home/ubuntu/.local/lib/python3.10/site-packages/airflow/example_dags/example_subdag_operator.py took 0.997 seconds
[2024-02-06T21:55:20.314+0100] {processor.py:161} INFO - Started process (PID=31722) to work on /home/ubuntu/.local/lib/python3.10/site-packages/airflow/example_dags/example_subdag_operator.py
[2024-02-06T21:55:20.323+0100] {processor.py:830} INFO - Processing file /home/ubuntu/.local/lib/python3.10/site-packages/airflow/example_dags/example_subdag_operator.py for tasks to queue
[2024-02-06T21:55:20.325+0100] {logging_mixin.py:188} INFO - [2024-02-06T21:55:20.324+0100] {dagbag.py:538} INFO - Filling up the DagBag from /home/ubuntu/.local/lib/python3.10/site-packages/airflow/example_dags/example_subdag_operator.py
[2024-02-06T21:55:20.352+0100] {processor.py:840} INFO - DAG(s) 'example_subdag_operator.section-1', 'example_subdag_operator.section-2', 'example_subdag_operator' retrieved from /home/ubuntu/.local/lib/python3.10/site-packages/airflow/example_dags/example_subdag_operator.py
[2024-02-06T21:55:20.371+0100] {logging_mixin.py:188} INFO - [2024-02-06T21:55:20.371+0100] {dag.py:3036} INFO - Sync 3 DAGs
[2024-02-06T21:55:20.397+0100] {logging_mixin.py:188} INFO - [2024-02-06T21:55:20.397+0100] {dag.py:3823} INFO - Setting next_dagrun for example_subdag_operator to 2022-01-01 00:00:00+00:00, run_after=2022-01-01 00:00:00+00:00
[2024-02-06T21:55:20.402+0100] {logging_mixin.py:188} INFO - [2024-02-06T21:55:20.401+0100] {dag.py:3823} INFO - Setting next_dagrun for example_subdag_operator.section-1 to None, run_after=None
[2024-02-06T21:55:20.403+0100] {logging_mixin.py:188} INFO - [2024-02-06T21:55:20.403+0100] {dag.py:3823} INFO - Setting next_dagrun for example_subdag_operator.section-2 to None, run_after=None
[2024-02-06T21:55:20.424+0100] {logging_mixin.py:188} INFO - [2024-02-06T21:55:20.421+0100] {dag.py:3036} INFO - Sync 2 DAGs
[2024-02-06T21:55:20.437+0100] {logging_mixin.py:188} INFO - [2024-02-06T21:55:20.436+0100] {dag.py:3823} INFO - Setting next_dagrun for example_subdag_operator.section-1 to None, run_after=None
[2024-02-06T21:55:20.439+0100] {logging_mixin.py:188} INFO - [2024-02-06T21:55:20.438+0100] {dag.py:3823} INFO - Setting next_dagrun for example_subdag_operator.section-2 to None, run_after=None
[2024-02-06T21:55:20.513+0100] {processor.py:183} INFO - Processing /home/ubuntu/.local/lib/python3.10/site-packages/airflow/example_dags/example_subdag_operator.py took 0.204 seconds
[2024-02-06T21:56:12.101+0100] {processor.py:161} INFO - Started process (PID=32223) to work on /home/ubuntu/.local/lib/python3.10/site-packages/airflow/example_dags/example_subdag_operator.py
[2024-02-06T21:56:12.111+0100] {processor.py:830} INFO - Processing file /home/ubuntu/.local/lib/python3.10/site-packages/airflow/example_dags/example_subdag_operator.py for tasks to queue
[2024-02-06T21:56:12.113+0100] {logging_mixin.py:188} INFO - [2024-02-06T21:56:12.112+0100] {dagbag.py:538} INFO - Filling up the DagBag from /home/ubuntu/.local/lib/python3.10/site-packages/airflow/example_dags/example_subdag_operator.py
[2024-02-06T21:56:12.216+0100] {processor.py:840} INFO - DAG(s) 'example_subdag_operator.section-1', 'example_subdag_operator.section-2', 'example_subdag_operator' retrieved from /home/ubuntu/.local/lib/python3.10/site-packages/airflow/example_dags/example_subdag_operator.py
[2024-02-06T21:56:12.340+0100] {logging_mixin.py:188} INFO - [2024-02-06T21:56:12.339+0100] {dag.py:3036} INFO - Sync 3 DAGs
[2024-02-06T21:56:12.402+0100] {logging_mixin.py:188} INFO - [2024-02-06T21:56:12.402+0100] {dag.py:3823} INFO - Setting next_dagrun for example_subdag_operator to 2022-01-01 00:00:00+00:00, run_after=2022-01-01 00:00:00+00:00
[2024-02-06T21:56:12.411+0100] {logging_mixin.py:188} INFO - [2024-02-06T21:56:12.409+0100] {dag.py:3823} INFO - Setting next_dagrun for example_subdag_operator.section-1 to None, run_after=None
[2024-02-06T21:56:12.415+0100] {logging_mixin.py:188} INFO - [2024-02-06T21:56:12.414+0100] {dag.py:3823} INFO - Setting next_dagrun for example_subdag_operator.section-2 to None, run_after=None
[2024-02-06T21:56:12.447+0100] {logging_mixin.py:188} INFO - [2024-02-06T21:56:12.447+0100] {dag.py:3036} INFO - Sync 2 DAGs
[2024-02-06T21:56:12.460+0100] {logging_mixin.py:188} INFO - [2024-02-06T21:56:12.459+0100] {dag.py:3823} INFO - Setting next_dagrun for example_subdag_operator.section-1 to None, run_after=None
[2024-02-06T21:56:12.461+0100] {logging_mixin.py:188} INFO - [2024-02-06T21:56:12.461+0100] {dag.py:3823} INFO - Setting next_dagrun for example_subdag_operator.section-2 to None, run_after=None
[2024-02-06T21:56:12.527+0100] {processor.py:183} INFO - Processing /home/ubuntu/.local/lib/python3.10/site-packages/airflow/example_dags/example_subdag_operator.py took 0.434 seconds
[2024-02-06T21:56:52.508+0100] {processor.py:161} INFO - Started process (PID=32545) to work on /home/ubuntu/.local/lib/python3.10/site-packages/airflow/example_dags/example_subdag_operator.py
[2024-02-06T21:56:52.511+0100] {processor.py:830} INFO - Processing file /home/ubuntu/.local/lib/python3.10/site-packages/airflow/example_dags/example_subdag_operator.py for tasks to queue
[2024-02-06T21:56:52.514+0100] {logging_mixin.py:188} INFO - [2024-02-06T21:56:52.513+0100] {dagbag.py:538} INFO - Filling up the DagBag from /home/ubuntu/.local/lib/python3.10/site-packages/airflow/example_dags/example_subdag_operator.py
[2024-02-06T21:56:52.582+0100] {processor.py:840} INFO - DAG(s) 'example_subdag_operator.section-1', 'example_subdag_operator.section-2', 'example_subdag_operator' retrieved from /home/ubuntu/.local/lib/python3.10/site-packages/airflow/example_dags/example_subdag_operator.py
[2024-02-06T21:56:52.619+0100] {logging_mixin.py:188} INFO - [2024-02-06T21:56:52.618+0100] {dag.py:3036} INFO - Sync 3 DAGs
[2024-02-06T21:56:52.674+0100] {logging_mixin.py:188} INFO - [2024-02-06T21:56:52.673+0100] {dag.py:3823} INFO - Setting next_dagrun for example_subdag_operator to 2022-01-01 00:00:00+00:00, run_after=2022-01-01 00:00:00+00:00
[2024-02-06T21:56:52.685+0100] {logging_mixin.py:188} INFO - [2024-02-06T21:56:52.685+0100] {dag.py:3823} INFO - Setting next_dagrun for example_subdag_operator.section-1 to None, run_after=None
[2024-02-06T21:56:52.688+0100] {logging_mixin.py:188} INFO - [2024-02-06T21:56:52.687+0100] {dag.py:3823} INFO - Setting next_dagrun for example_subdag_operator.section-2 to None, run_after=None
[2024-02-06T21:56:52.705+0100] {logging_mixin.py:188} INFO - [2024-02-06T21:56:52.704+0100] {dag.py:3036} INFO - Sync 2 DAGs
[2024-02-06T21:56:52.721+0100] {logging_mixin.py:188} INFO - [2024-02-06T21:56:52.720+0100] {dag.py:3823} INFO - Setting next_dagrun for example_subdag_operator.section-1 to None, run_after=None
[2024-02-06T21:56:52.722+0100] {logging_mixin.py:188} INFO - [2024-02-06T21:56:52.721+0100] {dag.py:3823} INFO - Setting next_dagrun for example_subdag_operator.section-2 to None, run_after=None
[2024-02-06T21:56:52.771+0100] {processor.py:183} INFO - Processing /home/ubuntu/.local/lib/python3.10/site-packages/airflow/example_dags/example_subdag_operator.py took 0.282 seconds
[2024-02-06T21:57:21.998+0100] {processor.py:161} INFO - Started process (PID=32779) to work on /home/ubuntu/.local/lib/python3.10/site-packages/airflow/example_dags/example_subdag_operator.py
[2024-02-06T21:57:22.003+0100] {processor.py:830} INFO - Processing file /home/ubuntu/.local/lib/python3.10/site-packages/airflow/example_dags/example_subdag_operator.py for tasks to queue
[2024-02-06T21:57:22.007+0100] {logging_mixin.py:188} INFO - [2024-02-06T21:57:22.005+0100] {dagbag.py:538} INFO - Filling up the DagBag from /home/ubuntu/.local/lib/python3.10/site-packages/airflow/example_dags/example_subdag_operator.py
[2024-02-06T21:57:22.136+0100] {processor.py:840} INFO - DAG(s) 'example_subdag_operator.section-1', 'example_subdag_operator.section-2', 'example_subdag_operator' retrieved from /home/ubuntu/.local/lib/python3.10/site-packages/airflow/example_dags/example_subdag_operator.py
[2024-02-06T21:57:22.198+0100] {logging_mixin.py:188} INFO - [2024-02-06T21:57:22.198+0100] {dag.py:3036} INFO - Sync 3 DAGs
[2024-02-06T21:57:22.254+0100] {logging_mixin.py:188} INFO - [2024-02-06T21:57:22.254+0100] {dag.py:3823} INFO - Setting next_dagrun for example_subdag_operator to 2022-01-01 00:00:00+00:00, run_after=2022-01-01 00:00:00+00:00
[2024-02-06T21:57:22.264+0100] {logging_mixin.py:188} INFO - [2024-02-06T21:57:22.263+0100] {dag.py:3823} INFO - Setting next_dagrun for example_subdag_operator.section-1 to None, run_after=None
[2024-02-06T21:57:22.266+0100] {logging_mixin.py:188} INFO - [2024-02-06T21:57:22.265+0100] {dag.py:3823} INFO - Setting next_dagrun for example_subdag_operator.section-2 to None, run_after=None
[2024-02-06T21:57:22.288+0100] {logging_mixin.py:188} INFO - [2024-02-06T21:57:22.288+0100] {dag.py:3036} INFO - Sync 2 DAGs
[2024-02-06T21:57:22.296+0100] {logging_mixin.py:188} INFO - [2024-02-06T21:57:22.296+0100] {dag.py:3823} INFO - Setting next_dagrun for example_subdag_operator.section-1 to None, run_after=None
[2024-02-06T21:57:22.296+0100] {logging_mixin.py:188} INFO - [2024-02-06T21:57:22.296+0100] {dag.py:3823} INFO - Setting next_dagrun for example_subdag_operator.section-2 to None, run_after=None
[2024-02-06T21:57:22.329+0100] {processor.py:183} INFO - Processing /home/ubuntu/.local/lib/python3.10/site-packages/airflow/example_dags/example_subdag_operator.py took 0.399 seconds
[2024-02-06T21:58:59.430+0100] {processor.py:161} INFO - Started process (PID=33706) to work on /home/ubuntu/.local/lib/python3.10/site-packages/airflow/example_dags/example_subdag_operator.py
[2024-02-06T21:58:59.440+0100] {processor.py:830} INFO - Processing file /home/ubuntu/.local/lib/python3.10/site-packages/airflow/example_dags/example_subdag_operator.py for tasks to queue
[2024-02-06T21:58:59.443+0100] {logging_mixin.py:188} INFO - [2024-02-06T21:58:59.442+0100] {dagbag.py:538} INFO - Filling up the DagBag from /home/ubuntu/.local/lib/python3.10/site-packages/airflow/example_dags/example_subdag_operator.py
[2024-02-06T21:58:59.487+0100] {processor.py:840} INFO - DAG(s) 'example_subdag_operator.section-1', 'example_subdag_operator.section-2', 'example_subdag_operator' retrieved from /home/ubuntu/.local/lib/python3.10/site-packages/airflow/example_dags/example_subdag_operator.py
[2024-02-06T21:58:59.495+0100] {logging_mixin.py:188} INFO - [2024-02-06T21:58:59.495+0100] {dag.py:3036} INFO - Sync 3 DAGs
[2024-02-06T21:58:59.752+0100] {logging_mixin.py:188} INFO - [2024-02-06T21:58:59.751+0100] {dag.py:3823} INFO - Setting next_dagrun for example_subdag_operator to 2022-01-01 00:00:00+00:00, run_after=2022-01-01 00:00:00+00:00
[2024-02-06T21:58:59.766+0100] {logging_mixin.py:188} INFO - [2024-02-06T21:58:59.765+0100] {dag.py:3823} INFO - Setting next_dagrun for example_subdag_operator.section-1 to None, run_after=None
[2024-02-06T21:58:59.771+0100] {logging_mixin.py:188} INFO - [2024-02-06T21:58:59.771+0100] {dag.py:3823} INFO - Setting next_dagrun for example_subdag_operator.section-2 to None, run_after=None
[2024-02-06T21:58:59.793+0100] {logging_mixin.py:188} INFO - [2024-02-06T21:58:59.792+0100] {dag.py:3036} INFO - Sync 2 DAGs
[2024-02-06T21:58:59.805+0100] {logging_mixin.py:188} INFO - [2024-02-06T21:58:59.804+0100] {dag.py:3823} INFO - Setting next_dagrun for example_subdag_operator.section-1 to None, run_after=None
[2024-02-06T21:58:59.806+0100] {logging_mixin.py:188} INFO - [2024-02-06T21:58:59.806+0100] {dag.py:3823} INFO - Setting next_dagrun for example_subdag_operator.section-2 to None, run_after=None
[2024-02-06T21:58:59.866+0100] {processor.py:183} INFO - Processing /home/ubuntu/.local/lib/python3.10/site-packages/airflow/example_dags/example_subdag_operator.py took 0.444 seconds
[2024-02-06T21:59:13.397+0100] {processor.py:161} INFO - Started process (PID=33863) to work on /home/ubuntu/.local/lib/python3.10/site-packages/airflow/example_dags/example_subdag_operator.py
[2024-02-06T21:59:13.400+0100] {processor.py:830} INFO - Processing file /home/ubuntu/.local/lib/python3.10/site-packages/airflow/example_dags/example_subdag_operator.py for tasks to queue
[2024-02-06T21:59:13.402+0100] {logging_mixin.py:188} INFO - [2024-02-06T21:59:13.401+0100] {dagbag.py:538} INFO - Filling up the DagBag from /home/ubuntu/.local/lib/python3.10/site-packages/airflow/example_dags/example_subdag_operator.py
[2024-02-06T21:59:13.454+0100] {processor.py:840} INFO - DAG(s) 'example_subdag_operator.section-1', 'example_subdag_operator.section-2', 'example_subdag_operator' retrieved from /home/ubuntu/.local/lib/python3.10/site-packages/airflow/example_dags/example_subdag_operator.py
[2024-02-06T21:59:13.854+0100] {logging_mixin.py:188} INFO - [2024-02-06T21:59:13.854+0100] {dag.py:3036} INFO - Sync 3 DAGs
[2024-02-06T21:59:13.903+0100] {logging_mixin.py:188} INFO - [2024-02-06T21:59:13.902+0100] {dag.py:3823} INFO - Setting next_dagrun for example_subdag_operator to 2022-01-01 00:00:00+00:00, run_after=2022-01-01 00:00:00+00:00
[2024-02-06T21:59:13.913+0100] {logging_mixin.py:188} INFO - [2024-02-06T21:59:13.912+0100] {dag.py:3823} INFO - Setting next_dagrun for example_subdag_operator.section-1 to None, run_after=None
[2024-02-06T21:59:13.915+0100] {logging_mixin.py:188} INFO - [2024-02-06T21:59:13.915+0100] {dag.py:3823} INFO - Setting next_dagrun for example_subdag_operator.section-2 to None, run_after=None
[2024-02-06T21:59:13.939+0100] {logging_mixin.py:188} INFO - [2024-02-06T21:59:13.938+0100] {dag.py:3036} INFO - Sync 2 DAGs
[2024-02-06T21:59:13.950+0100] {logging_mixin.py:188} INFO - [2024-02-06T21:59:13.950+0100] {dag.py:3823} INFO - Setting next_dagrun for example_subdag_operator.section-1 to None, run_after=None
[2024-02-06T21:59:13.951+0100] {logging_mixin.py:188} INFO - [2024-02-06T21:59:13.951+0100] {dag.py:3823} INFO - Setting next_dagrun for example_subdag_operator.section-2 to None, run_after=None
[2024-02-06T21:59:13.993+0100] {processor.py:183} INFO - Processing /home/ubuntu/.local/lib/python3.10/site-packages/airflow/example_dags/example_subdag_operator.py took 0.607 seconds
[2024-02-06T22:00:39.361+0100] {processor.py:161} INFO - Started process (PID=34677) to work on /home/ubuntu/.local/lib/python3.10/site-packages/airflow/example_dags/example_subdag_operator.py
[2024-02-06T22:00:39.368+0100] {processor.py:830} INFO - Processing file /home/ubuntu/.local/lib/python3.10/site-packages/airflow/example_dags/example_subdag_operator.py for tasks to queue
[2024-02-06T22:00:39.372+0100] {logging_mixin.py:188} INFO - [2024-02-06T22:00:39.372+0100] {dagbag.py:538} INFO - Filling up the DagBag from /home/ubuntu/.local/lib/python3.10/site-packages/airflow/example_dags/example_subdag_operator.py
[2024-02-06T22:00:39.456+0100] {processor.py:840} INFO - DAG(s) 'example_subdag_operator.section-1', 'example_subdag_operator.section-2', 'example_subdag_operator' retrieved from /home/ubuntu/.local/lib/python3.10/site-packages/airflow/example_dags/example_subdag_operator.py
[2024-02-06T22:00:39.503+0100] {logging_mixin.py:188} INFO - [2024-02-06T22:00:39.499+0100] {dag.py:3036} INFO - Sync 3 DAGs
[2024-02-06T22:00:39.604+0100] {logging_mixin.py:188} INFO - [2024-02-06T22:00:39.604+0100] {dag.py:3823} INFO - Setting next_dagrun for example_subdag_operator to 2022-01-01 00:00:00+00:00, run_after=2022-01-01 00:00:00+00:00
[2024-02-06T22:00:39.612+0100] {logging_mixin.py:188} INFO - [2024-02-06T22:00:39.612+0100] {dag.py:3823} INFO - Setting next_dagrun for example_subdag_operator.section-1 to None, run_after=None
[2024-02-06T22:00:39.616+0100] {logging_mixin.py:188} INFO - [2024-02-06T22:00:39.615+0100] {dag.py:3823} INFO - Setting next_dagrun for example_subdag_operator.section-2 to None, run_after=None
[2024-02-06T22:00:39.649+0100] {logging_mixin.py:188} INFO - [2024-02-06T22:00:39.649+0100] {dag.py:3036} INFO - Sync 2 DAGs
[2024-02-06T22:00:39.682+0100] {logging_mixin.py:188} INFO - [2024-02-06T22:00:39.682+0100] {dag.py:3823} INFO - Setting next_dagrun for example_subdag_operator.section-1 to None, run_after=None
[2024-02-06T22:00:39.687+0100] {logging_mixin.py:188} INFO - [2024-02-06T22:00:39.683+0100] {dag.py:3823} INFO - Setting next_dagrun for example_subdag_operator.section-2 to None, run_after=None
[2024-02-06T22:00:39.780+0100] {processor.py:183} INFO - Processing /home/ubuntu/.local/lib/python3.10/site-packages/airflow/example_dags/example_subdag_operator.py took 0.436 seconds
[2024-02-06T22:00:49.074+0100] {processor.py:161} INFO - Started process (PID=34749) to work on /home/ubuntu/.local/lib/python3.10/site-packages/airflow/example_dags/example_subdag_operator.py
[2024-02-06T22:00:49.089+0100] {processor.py:830} INFO - Processing file /home/ubuntu/.local/lib/python3.10/site-packages/airflow/example_dags/example_subdag_operator.py for tasks to queue
[2024-02-06T22:00:49.103+0100] {logging_mixin.py:188} INFO - [2024-02-06T22:00:49.101+0100] {dagbag.py:538} INFO - Filling up the DagBag from /home/ubuntu/.local/lib/python3.10/site-packages/airflow/example_dags/example_subdag_operator.py
[2024-02-06T22:00:49.176+0100] {processor.py:840} INFO - DAG(s) 'example_subdag_operator.section-1', 'example_subdag_operator.section-2', 'example_subdag_operator' retrieved from /home/ubuntu/.local/lib/python3.10/site-packages/airflow/example_dags/example_subdag_operator.py
[2024-02-06T22:00:49.241+0100] {logging_mixin.py:188} INFO - [2024-02-06T22:00:49.240+0100] {dag.py:3036} INFO - Sync 3 DAGs
[2024-02-06T22:00:49.332+0100] {logging_mixin.py:188} INFO - [2024-02-06T22:00:49.332+0100] {dag.py:3823} INFO - Setting next_dagrun for example_subdag_operator to 2022-01-01 00:00:00+00:00, run_after=2022-01-01 00:00:00+00:00
[2024-02-06T22:00:49.341+0100] {logging_mixin.py:188} INFO - [2024-02-06T22:00:49.341+0100] {dag.py:3823} INFO - Setting next_dagrun for example_subdag_operator.section-1 to None, run_after=None
[2024-02-06T22:00:49.344+0100] {logging_mixin.py:188} INFO - [2024-02-06T22:00:49.344+0100] {dag.py:3823} INFO - Setting next_dagrun for example_subdag_operator.section-2 to None, run_after=None
[2024-02-06T22:00:49.362+0100] {logging_mixin.py:188} INFO - [2024-02-06T22:00:49.362+0100] {dag.py:3036} INFO - Sync 2 DAGs
[2024-02-06T22:00:49.381+0100] {logging_mixin.py:188} INFO - [2024-02-06T22:00:49.380+0100] {dag.py:3823} INFO - Setting next_dagrun for example_subdag_operator.section-1 to None, run_after=None
[2024-02-06T22:00:49.382+0100] {logging_mixin.py:188} INFO - [2024-02-06T22:00:49.382+0100] {dag.py:3823} INFO - Setting next_dagrun for example_subdag_operator.section-2 to None, run_after=None
[2024-02-06T22:00:49.460+0100] {processor.py:183} INFO - Processing /home/ubuntu/.local/lib/python3.10/site-packages/airflow/example_dags/example_subdag_operator.py took 0.392 seconds
[2024-02-06T22:02:07.734+0100] {processor.py:161} INFO - Started process (PID=35273) to work on /home/ubuntu/.local/lib/python3.10/site-packages/airflow/example_dags/example_subdag_operator.py
[2024-02-06T22:02:07.743+0100] {processor.py:830} INFO - Processing file /home/ubuntu/.local/lib/python3.10/site-packages/airflow/example_dags/example_subdag_operator.py for tasks to queue
[2024-02-06T22:02:07.748+0100] {logging_mixin.py:188} INFO - [2024-02-06T22:02:07.744+0100] {dagbag.py:538} INFO - Filling up the DagBag from /home/ubuntu/.local/lib/python3.10/site-packages/airflow/example_dags/example_subdag_operator.py
[2024-02-06T22:02:08.156+0100] {processor.py:840} INFO - DAG(s) 'example_subdag_operator.section-1', 'example_subdag_operator.section-2', 'example_subdag_operator' retrieved from /home/ubuntu/.local/lib/python3.10/site-packages/airflow/example_dags/example_subdag_operator.py
[2024-02-06T22:02:08.353+0100] {logging_mixin.py:188} INFO - [2024-02-06T22:02:08.352+0100] {dag.py:3036} INFO - Sync 3 DAGs
[2024-02-06T22:02:08.549+0100] {logging_mixin.py:188} INFO - [2024-02-06T22:02:08.548+0100] {dag.py:3823} INFO - Setting next_dagrun for example_subdag_operator to 2022-01-01 00:00:00+00:00, run_after=2022-01-01 00:00:00+00:00
[2024-02-06T22:02:09.578+0100] {logging_mixin.py:188} INFO - [2024-02-06T22:02:09.577+0100] {dag.py:3823} INFO - Setting next_dagrun for example_subdag_operator.section-1 to None, run_after=None
[2024-02-06T22:02:09.646+0100] {logging_mixin.py:188} INFO - [2024-02-06T22:02:09.646+0100] {dag.py:3823} INFO - Setting next_dagrun for example_subdag_operator.section-2 to None, run_after=None
[2024-02-06T22:02:09.661+0100] {logging_mixin.py:188} INFO - [2024-02-06T22:02:09.660+0100] {dag.py:3036} INFO - Sync 2 DAGs
[2024-02-06T22:02:09.676+0100] {logging_mixin.py:188} INFO - [2024-02-06T22:02:09.676+0100] {dag.py:3823} INFO - Setting next_dagrun for example_subdag_operator.section-1 to None, run_after=None
[2024-02-06T22:02:09.679+0100] {logging_mixin.py:188} INFO - [2024-02-06T22:02:09.677+0100] {dag.py:3823} INFO - Setting next_dagrun for example_subdag_operator.section-2 to None, run_after=None
[2024-02-06T22:02:09.831+0100] {processor.py:183} INFO - Processing /home/ubuntu/.local/lib/python3.10/site-packages/airflow/example_dags/example_subdag_operator.py took 2.103 seconds
[2024-02-06T22:02:11.356+0100] {processor.py:161} INFO - Started process (PID=35335) to work on /home/ubuntu/.local/lib/python3.10/site-packages/airflow/example_dags/example_subdag_operator.py
[2024-02-06T22:02:11.359+0100] {processor.py:830} INFO - Processing file /home/ubuntu/.local/lib/python3.10/site-packages/airflow/example_dags/example_subdag_operator.py for tasks to queue
[2024-02-06T22:02:11.361+0100] {logging_mixin.py:188} INFO - [2024-02-06T22:02:11.360+0100] {dagbag.py:538} INFO - Filling up the DagBag from /home/ubuntu/.local/lib/python3.10/site-packages/airflow/example_dags/example_subdag_operator.py
[2024-02-06T22:02:11.464+0100] {processor.py:840} INFO - DAG(s) 'example_subdag_operator.section-1', 'example_subdag_operator.section-2', 'example_subdag_operator' retrieved from /home/ubuntu/.local/lib/python3.10/site-packages/airflow/example_dags/example_subdag_operator.py
[2024-02-06T22:02:11.516+0100] {logging_mixin.py:188} INFO - [2024-02-06T22:02:11.515+0100] {dag.py:3036} INFO - Sync 3 DAGs
[2024-02-06T22:02:11.588+0100] {logging_mixin.py:188} INFO - [2024-02-06T22:02:11.586+0100] {dag.py:3823} INFO - Setting next_dagrun for example_subdag_operator to 2022-01-01 00:00:00+00:00, run_after=2022-01-01 00:00:00+00:00
[2024-02-06T22:02:11.603+0100] {logging_mixin.py:188} INFO - [2024-02-06T22:02:11.603+0100] {dag.py:3823} INFO - Setting next_dagrun for example_subdag_operator.section-1 to None, run_after=None
[2024-02-06T22:02:11.606+0100] {logging_mixin.py:188} INFO - [2024-02-06T22:02:11.605+0100] {dag.py:3823} INFO - Setting next_dagrun for example_subdag_operator.section-2 to None, run_after=None
[2024-02-06T22:02:11.625+0100] {logging_mixin.py:188} INFO - [2024-02-06T22:02:11.625+0100] {dag.py:3036} INFO - Sync 2 DAGs
[2024-02-06T22:02:11.639+0100] {logging_mixin.py:188} INFO - [2024-02-06T22:02:11.639+0100] {dag.py:3823} INFO - Setting next_dagrun for example_subdag_operator.section-1 to None, run_after=None
[2024-02-06T22:02:11.641+0100] {logging_mixin.py:188} INFO - [2024-02-06T22:02:11.640+0100] {dag.py:3823} INFO - Setting next_dagrun for example_subdag_operator.section-2 to None, run_after=None
[2024-02-06T22:02:11.733+0100] {processor.py:183} INFO - Processing /home/ubuntu/.local/lib/python3.10/site-packages/airflow/example_dags/example_subdag_operator.py took 0.384 seconds
[2024-02-06T22:03:48.726+0100] {processor.py:161} INFO - Started process (PID=36288) to work on /home/ubuntu/.local/lib/python3.10/site-packages/airflow/example_dags/example_subdag_operator.py
[2024-02-06T22:03:48.729+0100] {processor.py:830} INFO - Processing file /home/ubuntu/.local/lib/python3.10/site-packages/airflow/example_dags/example_subdag_operator.py for tasks to queue
[2024-02-06T22:03:48.732+0100] {logging_mixin.py:188} INFO - [2024-02-06T22:03:48.731+0100] {dagbag.py:538} INFO - Filling up the DagBag from /home/ubuntu/.local/lib/python3.10/site-packages/airflow/example_dags/example_subdag_operator.py
[2024-02-06T22:03:48.856+0100] {processor.py:840} INFO - DAG(s) 'example_subdag_operator.section-1', 'example_subdag_operator.section-2', 'example_subdag_operator' retrieved from /home/ubuntu/.local/lib/python3.10/site-packages/airflow/example_dags/example_subdag_operator.py
[2024-02-06T22:03:48.940+0100] {logging_mixin.py:188} INFO - [2024-02-06T22:03:48.939+0100] {dag.py:3036} INFO - Sync 3 DAGs
[2024-02-06T22:03:49.000+0100] {logging_mixin.py:188} INFO - [2024-02-06T22:03:48.992+0100] {dag.py:3823} INFO - Setting next_dagrun for example_subdag_operator to 2022-01-01 00:00:00+00:00, run_after=2022-01-01 00:00:00+00:00
[2024-02-06T22:03:49.032+0100] {logging_mixin.py:188} INFO - [2024-02-06T22:03:49.025+0100] {dag.py:3823} INFO - Setting next_dagrun for example_subdag_operator.section-1 to None, run_after=None
[2024-02-06T22:03:49.037+0100] {logging_mixin.py:188} INFO - [2024-02-06T22:03:49.037+0100] {dag.py:3823} INFO - Setting next_dagrun for example_subdag_operator.section-2 to None, run_after=None
[2024-02-06T22:03:49.066+0100] {logging_mixin.py:188} INFO - [2024-02-06T22:03:49.066+0100] {dag.py:3036} INFO - Sync 2 DAGs
[2024-02-06T22:03:49.092+0100] {logging_mixin.py:188} INFO - [2024-02-06T22:03:49.092+0100] {dag.py:3823} INFO - Setting next_dagrun for example_subdag_operator.section-1 to None, run_after=None
[2024-02-06T22:03:49.093+0100] {logging_mixin.py:188} INFO - [2024-02-06T22:03:49.093+0100] {dag.py:3823} INFO - Setting next_dagrun for example_subdag_operator.section-2 to None, run_after=None
[2024-02-06T22:03:49.156+0100] {processor.py:183} INFO - Processing /home/ubuntu/.local/lib/python3.10/site-packages/airflow/example_dags/example_subdag_operator.py took 0.440 seconds
[2024-02-06T22:03:49.324+0100] {processor.py:161} INFO - Started process (PID=36289) to work on /home/ubuntu/.local/lib/python3.10/site-packages/airflow/example_dags/example_subdag_operator.py
[2024-02-06T22:03:49.328+0100] {processor.py:830} INFO - Processing file /home/ubuntu/.local/lib/python3.10/site-packages/airflow/example_dags/example_subdag_operator.py for tasks to queue
[2024-02-06T22:03:49.332+0100] {logging_mixin.py:188} INFO - [2024-02-06T22:03:49.331+0100] {dagbag.py:538} INFO - Filling up the DagBag from /home/ubuntu/.local/lib/python3.10/site-packages/airflow/example_dags/example_subdag_operator.py
[2024-02-06T22:03:49.427+0100] {processor.py:840} INFO - DAG(s) 'example_subdag_operator.section-1', 'example_subdag_operator.section-2', 'example_subdag_operator' retrieved from /home/ubuntu/.local/lib/python3.10/site-packages/airflow/example_dags/example_subdag_operator.py
[2024-02-06T22:03:49.466+0100] {logging_mixin.py:188} INFO - [2024-02-06T22:03:49.465+0100] {dag.py:3036} INFO - Sync 3 DAGs
[2024-02-06T22:03:49.560+0100] {logging_mixin.py:188} INFO - [2024-02-06T22:03:49.559+0100] {dag.py:3823} INFO - Setting next_dagrun for example_subdag_operator to 2022-01-01 00:00:00+00:00, run_after=2022-01-01 00:00:00+00:00
[2024-02-06T22:03:49.572+0100] {logging_mixin.py:188} INFO - [2024-02-06T22:03:49.570+0100] {dag.py:3823} INFO - Setting next_dagrun for example_subdag_operator.section-1 to None, run_after=None
[2024-02-06T22:03:49.575+0100] {logging_mixin.py:188} INFO - [2024-02-06T22:03:49.575+0100] {dag.py:3823} INFO - Setting next_dagrun for example_subdag_operator.section-2 to None, run_after=None
[2024-02-06T22:03:49.608+0100] {logging_mixin.py:188} INFO - [2024-02-06T22:03:49.608+0100] {dag.py:3036} INFO - Sync 2 DAGs
[2024-02-06T22:03:49.628+0100] {logging_mixin.py:188} INFO - [2024-02-06T22:03:49.628+0100] {dag.py:3823} INFO - Setting next_dagrun for example_subdag_operator.section-1 to None, run_after=None
[2024-02-06T22:03:49.629+0100] {logging_mixin.py:188} INFO - [2024-02-06T22:03:49.628+0100] {dag.py:3823} INFO - Setting next_dagrun for example_subdag_operator.section-2 to None, run_after=None
[2024-02-06T22:03:49.684+0100] {processor.py:183} INFO - Processing /home/ubuntu/.local/lib/python3.10/site-packages/airflow/example_dags/example_subdag_operator.py took 0.381 seconds
[2024-02-06T22:06:11.842+0100] {processor.py:161} INFO - Started process (PID=37380) to work on /home/ubuntu/.local/lib/python3.10/site-packages/airflow/example_dags/example_subdag_operator.py
[2024-02-06T22:06:11.846+0100] {processor.py:830} INFO - Processing file /home/ubuntu/.local/lib/python3.10/site-packages/airflow/example_dags/example_subdag_operator.py for tasks to queue
[2024-02-06T22:06:11.848+0100] {logging_mixin.py:188} INFO - [2024-02-06T22:06:11.847+0100] {dagbag.py:538} INFO - Filling up the DagBag from /home/ubuntu/.local/lib/python3.10/site-packages/airflow/example_dags/example_subdag_operator.py
[2024-02-06T22:06:11.958+0100] {processor.py:840} INFO - DAG(s) 'example_subdag_operator.section-1', 'example_subdag_operator.section-2', 'example_subdag_operator' retrieved from /home/ubuntu/.local/lib/python3.10/site-packages/airflow/example_dags/example_subdag_operator.py
[2024-02-06T22:06:12.753+0100] {logging_mixin.py:188} INFO - [2024-02-06T22:06:12.752+0100] {dag.py:3036} INFO - Sync 3 DAGs
[2024-02-06T22:06:13.380+0100] {logging_mixin.py:188} INFO - [2024-02-06T22:06:13.379+0100] {dag.py:3823} INFO - Setting next_dagrun for example_subdag_operator to 2022-01-01 00:00:00+00:00, run_after=2022-01-01 00:00:00+00:00
[2024-02-06T22:06:13.391+0100] {logging_mixin.py:188} INFO - [2024-02-06T22:06:13.390+0100] {dag.py:3823} INFO - Setting next_dagrun for example_subdag_operator.section-1 to None, run_after=None
[2024-02-06T22:06:13.393+0100] {logging_mixin.py:188} INFO - [2024-02-06T22:06:13.393+0100] {dag.py:3823} INFO - Setting next_dagrun for example_subdag_operator.section-2 to None, run_after=None
[2024-02-06T22:06:13.611+0100] {logging_mixin.py:188} INFO - [2024-02-06T22:06:13.611+0100] {dag.py:3036} INFO - Sync 2 DAGs
[2024-02-06T22:06:13.632+0100] {logging_mixin.py:188} INFO - [2024-02-06T22:06:13.632+0100] {dag.py:3823} INFO - Setting next_dagrun for example_subdag_operator.section-1 to None, run_after=None
[2024-02-06T22:06:13.633+0100] {logging_mixin.py:188} INFO - [2024-02-06T22:06:13.633+0100] {dag.py:3823} INFO - Setting next_dagrun for example_subdag_operator.section-2 to None, run_after=None
[2024-02-06T22:06:14.607+0100] {processor.py:183} INFO - Processing /home/ubuntu/.local/lib/python3.10/site-packages/airflow/example_dags/example_subdag_operator.py took 2.794 seconds
[2024-02-06T22:07:38.037+0100] {processor.py:161} INFO - Started process (PID=38173) to work on /home/ubuntu/.local/lib/python3.10/site-packages/airflow/example_dags/example_subdag_operator.py
[2024-02-06T22:07:38.040+0100] {processor.py:830} INFO - Processing file /home/ubuntu/.local/lib/python3.10/site-packages/airflow/example_dags/example_subdag_operator.py for tasks to queue
[2024-02-06T22:07:38.041+0100] {logging_mixin.py:188} INFO - [2024-02-06T22:07:38.041+0100] {dagbag.py:538} INFO - Filling up the DagBag from /home/ubuntu/.local/lib/python3.10/site-packages/airflow/example_dags/example_subdag_operator.py
[2024-02-06T22:07:38.073+0100] {processor.py:840} INFO - DAG(s) 'example_subdag_operator.section-1', 'example_subdag_operator.section-2', 'example_subdag_operator' retrieved from /home/ubuntu/.local/lib/python3.10/site-packages/airflow/example_dags/example_subdag_operator.py
[2024-02-06T22:07:38.092+0100] {logging_mixin.py:188} INFO - [2024-02-06T22:07:38.092+0100] {dag.py:3036} INFO - Sync 3 DAGs
[2024-02-06T22:07:38.118+0100] {logging_mixin.py:188} INFO - [2024-02-06T22:07:38.118+0100] {dag.py:3823} INFO - Setting next_dagrun for example_subdag_operator to 2022-01-01 00:00:00+00:00, run_after=2022-01-01 00:00:00+00:00
[2024-02-06T22:07:38.123+0100] {logging_mixin.py:188} INFO - [2024-02-06T22:07:38.122+0100] {dag.py:3823} INFO - Setting next_dagrun for example_subdag_operator.section-1 to None, run_after=None
[2024-02-06T22:07:38.124+0100] {logging_mixin.py:188} INFO - [2024-02-06T22:07:38.124+0100] {dag.py:3823} INFO - Setting next_dagrun for example_subdag_operator.section-2 to None, run_after=None
[2024-02-06T22:07:38.142+0100] {logging_mixin.py:188} INFO - [2024-02-06T22:07:38.142+0100] {dag.py:3036} INFO - Sync 2 DAGs
[2024-02-06T22:07:38.148+0100] {logging_mixin.py:188} INFO - [2024-02-06T22:07:38.147+0100] {dag.py:3823} INFO - Setting next_dagrun for example_subdag_operator.section-1 to None, run_after=None
[2024-02-06T22:07:38.149+0100] {logging_mixin.py:188} INFO - [2024-02-06T22:07:38.148+0100] {dag.py:3823} INFO - Setting next_dagrun for example_subdag_operator.section-2 to None, run_after=None
[2024-02-06T22:07:38.189+0100] {processor.py:183} INFO - Processing /home/ubuntu/.local/lib/python3.10/site-packages/airflow/example_dags/example_subdag_operator.py took 0.161 seconds
[2024-02-06T22:10:41.588+0100] {processor.py:161} INFO - Started process (PID=39076) to work on /home/ubuntu/.local/lib/python3.10/site-packages/airflow/example_dags/example_subdag_operator.py
[2024-02-06T22:10:41.591+0100] {processor.py:830} INFO - Processing file /home/ubuntu/.local/lib/python3.10/site-packages/airflow/example_dags/example_subdag_operator.py for tasks to queue
[2024-02-06T22:10:41.594+0100] {logging_mixin.py:188} INFO - [2024-02-06T22:10:41.593+0100] {dagbag.py:538} INFO - Filling up the DagBag from /home/ubuntu/.local/lib/python3.10/site-packages/airflow/example_dags/example_subdag_operator.py
[2024-02-06T22:10:41.634+0100] {processor.py:840} INFO - DAG(s) 'example_subdag_operator.section-1', 'example_subdag_operator.section-2', 'example_subdag_operator' retrieved from /home/ubuntu/.local/lib/python3.10/site-packages/airflow/example_dags/example_subdag_operator.py
[2024-02-06T22:10:41.796+0100] {logging_mixin.py:188} INFO - [2024-02-06T22:10:41.796+0100] {dag.py:3036} INFO - Sync 3 DAGs
[2024-02-06T22:10:41.830+0100] {logging_mixin.py:188} INFO - [2024-02-06T22:10:41.829+0100] {dag.py:3823} INFO - Setting next_dagrun for example_subdag_operator to 2022-01-01 00:00:00+00:00, run_after=2022-01-01 00:00:00+00:00
[2024-02-06T22:10:41.836+0100] {logging_mixin.py:188} INFO - [2024-02-06T22:10:41.835+0100] {dag.py:3823} INFO - Setting next_dagrun for example_subdag_operator.section-1 to None, run_after=None
[2024-02-06T22:10:41.837+0100] {logging_mixin.py:188} INFO - [2024-02-06T22:10:41.837+0100] {dag.py:3823} INFO - Setting next_dagrun for example_subdag_operator.section-2 to None, run_after=None
[2024-02-06T22:10:41.858+0100] {logging_mixin.py:188} INFO - [2024-02-06T22:10:41.857+0100] {dag.py:3036} INFO - Sync 2 DAGs
[2024-02-06T22:10:41.868+0100] {logging_mixin.py:188} INFO - [2024-02-06T22:10:41.867+0100] {dag.py:3823} INFO - Setting next_dagrun for example_subdag_operator.section-1 to None, run_after=None
[2024-02-06T22:10:41.868+0100] {logging_mixin.py:188} INFO - [2024-02-06T22:10:41.868+0100] {dag.py:3823} INFO - Setting next_dagrun for example_subdag_operator.section-2 to None, run_after=None
[2024-02-06T22:10:41.935+0100] {processor.py:183} INFO - Processing /home/ubuntu/.local/lib/python3.10/site-packages/airflow/example_dags/example_subdag_operator.py took 0.354 seconds
[2024-02-06T22:13:06.717+0100] {processor.py:161} INFO - Started process (PID=39998) to work on /home/ubuntu/.local/lib/python3.10/site-packages/airflow/example_dags/example_subdag_operator.py
[2024-02-06T22:13:06.720+0100] {processor.py:830} INFO - Processing file /home/ubuntu/.local/lib/python3.10/site-packages/airflow/example_dags/example_subdag_operator.py for tasks to queue
[2024-02-06T22:13:06.723+0100] {logging_mixin.py:188} INFO - [2024-02-06T22:13:06.722+0100] {dagbag.py:538} INFO - Filling up the DagBag from /home/ubuntu/.local/lib/python3.10/site-packages/airflow/example_dags/example_subdag_operator.py
[2024-02-06T22:13:06.793+0100] {processor.py:840} INFO - DAG(s) 'example_subdag_operator.section-1', 'example_subdag_operator.section-2', 'example_subdag_operator' retrieved from /home/ubuntu/.local/lib/python3.10/site-packages/airflow/example_dags/example_subdag_operator.py
[2024-02-06T22:13:07.379+0100] {logging_mixin.py:188} INFO - [2024-02-06T22:13:07.374+0100] {dag.py:3036} INFO - Sync 3 DAGs
[2024-02-06T22:13:07.474+0100] {logging_mixin.py:188} INFO - [2024-02-06T22:13:07.470+0100] {dag.py:3823} INFO - Setting next_dagrun for example_subdag_operator to 2022-01-01 00:00:00+00:00, run_after=2022-01-01 00:00:00+00:00
[2024-02-06T22:13:07.485+0100] {logging_mixin.py:188} INFO - [2024-02-06T22:13:07.484+0100] {dag.py:3823} INFO - Setting next_dagrun for example_subdag_operator.section-1 to None, run_after=None
[2024-02-06T22:13:07.487+0100] {logging_mixin.py:188} INFO - [2024-02-06T22:13:07.487+0100] {dag.py:3823} INFO - Setting next_dagrun for example_subdag_operator.section-2 to None, run_after=None
[2024-02-06T22:13:07.512+0100] {logging_mixin.py:188} INFO - [2024-02-06T22:13:07.511+0100] {dag.py:3036} INFO - Sync 2 DAGs
[2024-02-06T22:13:07.519+0100] {logging_mixin.py:188} INFO - [2024-02-06T22:13:07.519+0100] {dag.py:3823} INFO - Setting next_dagrun for example_subdag_operator.section-1 to None, run_after=None
[2024-02-06T22:13:07.520+0100] {logging_mixin.py:188} INFO - [2024-02-06T22:13:07.520+0100] {dag.py:3823} INFO - Setting next_dagrun for example_subdag_operator.section-2 to None, run_after=None
[2024-02-06T22:13:07.558+0100] {processor.py:183} INFO - Processing /home/ubuntu/.local/lib/python3.10/site-packages/airflow/example_dags/example_subdag_operator.py took 0.848 seconds
[2024-02-06T22:14:37.308+0100] {processor.py:161} INFO - Started process (PID=40982) to work on /home/ubuntu/.local/lib/python3.10/site-packages/airflow/example_dags/example_subdag_operator.py
[2024-02-06T22:14:37.431+0100] {processor.py:830} INFO - Processing file /home/ubuntu/.local/lib/python3.10/site-packages/airflow/example_dags/example_subdag_operator.py for tasks to queue
[2024-02-06T22:14:37.434+0100] {logging_mixin.py:188} INFO - [2024-02-06T22:14:37.433+0100] {dagbag.py:538} INFO - Filling up the DagBag from /home/ubuntu/.local/lib/python3.10/site-packages/airflow/example_dags/example_subdag_operator.py
[2024-02-06T22:14:37.797+0100] {processor.py:840} INFO - DAG(s) 'example_subdag_operator.section-1', 'example_subdag_operator.section-2', 'example_subdag_operator' retrieved from /home/ubuntu/.local/lib/python3.10/site-packages/airflow/example_dags/example_subdag_operator.py
[2024-02-06T22:14:38.354+0100] {logging_mixin.py:188} INFO - [2024-02-06T22:14:38.325+0100] {dag.py:3036} INFO - Sync 3 DAGs
[2024-02-06T22:14:38.542+0100] {logging_mixin.py:188} INFO - [2024-02-06T22:14:38.541+0100] {dag.py:3823} INFO - Setting next_dagrun for example_subdag_operator to 2022-01-01 00:00:00+00:00, run_after=2022-01-01 00:00:00+00:00
[2024-02-06T22:14:38.604+0100] {logging_mixin.py:188} INFO - [2024-02-06T22:14:38.603+0100] {dag.py:3823} INFO - Setting next_dagrun for example_subdag_operator.section-1 to None, run_after=None
[2024-02-06T22:14:38.624+0100] {logging_mixin.py:188} INFO - [2024-02-06T22:14:38.624+0100] {dag.py:3823} INFO - Setting next_dagrun for example_subdag_operator.section-2 to None, run_after=None
[2024-02-06T22:14:38.729+0100] {logging_mixin.py:188} INFO - [2024-02-06T22:14:38.723+0100] {dag.py:3036} INFO - Sync 2 DAGs
[2024-02-06T22:14:38.738+0100] {logging_mixin.py:188} INFO - [2024-02-06T22:14:38.738+0100] {dag.py:3823} INFO - Setting next_dagrun for example_subdag_operator.section-1 to None, run_after=None
[2024-02-06T22:14:38.739+0100] {logging_mixin.py:188} INFO - [2024-02-06T22:14:38.739+0100] {dag.py:3823} INFO - Setting next_dagrun for example_subdag_operator.section-2 to None, run_after=None
[2024-02-06T22:14:38.821+0100] {processor.py:183} INFO - Processing /home/ubuntu/.local/lib/python3.10/site-packages/airflow/example_dags/example_subdag_operator.py took 1.529 seconds
[2024-02-06T22:26:10.646+0100] {processor.py:161} INFO - Started process (PID=49240) to work on /home/ubuntu/.local/lib/python3.10/site-packages/airflow/example_dags/example_subdag_operator.py
[2024-02-06T22:26:10.689+0100] {processor.py:830} INFO - Processing file /home/ubuntu/.local/lib/python3.10/site-packages/airflow/example_dags/example_subdag_operator.py for tasks to queue
[2024-02-06T22:26:10.693+0100] {logging_mixin.py:188} INFO - [2024-02-06T22:26:10.690+0100] {dagbag.py:538} INFO - Filling up the DagBag from /home/ubuntu/.local/lib/python3.10/site-packages/airflow/example_dags/example_subdag_operator.py
[2024-02-06T22:26:10.766+0100] {processor.py:840} INFO - DAG(s) 'example_subdag_operator.section-1', 'example_subdag_operator.section-2', 'example_subdag_operator' retrieved from /home/ubuntu/.local/lib/python3.10/site-packages/airflow/example_dags/example_subdag_operator.py
[2024-02-06T22:26:10.912+0100] {logging_mixin.py:188} INFO - [2024-02-06T22:26:10.911+0100] {dag.py:3036} INFO - Sync 3 DAGs
[2024-02-06T22:26:11.082+0100] {logging_mixin.py:188} INFO - [2024-02-06T22:26:11.081+0100] {dag.py:3823} INFO - Setting next_dagrun for example_subdag_operator to 2022-01-01 00:00:00+00:00, run_after=2022-01-01 00:00:00+00:00
[2024-02-06T22:26:11.091+0100] {logging_mixin.py:188} INFO - [2024-02-06T22:26:11.090+0100] {dag.py:3823} INFO - Setting next_dagrun for example_subdag_operator.section-1 to None, run_after=None
[2024-02-06T22:26:11.095+0100] {logging_mixin.py:188} INFO - [2024-02-06T22:26:11.094+0100] {dag.py:3823} INFO - Setting next_dagrun for example_subdag_operator.section-2 to None, run_after=None
[2024-02-06T22:26:11.116+0100] {logging_mixin.py:188} INFO - [2024-02-06T22:26:11.115+0100] {dag.py:3036} INFO - Sync 2 DAGs
[2024-02-06T22:26:11.149+0100] {logging_mixin.py:188} INFO - [2024-02-06T22:26:11.149+0100] {dag.py:3823} INFO - Setting next_dagrun for example_subdag_operator.section-1 to None, run_after=None
[2024-02-06T22:26:11.150+0100] {logging_mixin.py:188} INFO - [2024-02-06T22:26:11.150+0100] {dag.py:3823} INFO - Setting next_dagrun for example_subdag_operator.section-2 to None, run_after=None
[2024-02-06T22:26:11.305+0100] {processor.py:183} INFO - Processing /home/ubuntu/.local/lib/python3.10/site-packages/airflow/example_dags/example_subdag_operator.py took 0.675 seconds
[2024-02-06T22:27:58.399+0100] {processor.py:161} INFO - Started process (PID=50102) to work on /home/ubuntu/.local/lib/python3.10/site-packages/airflow/example_dags/example_subdag_operator.py
[2024-02-06T22:27:58.403+0100] {processor.py:830} INFO - Processing file /home/ubuntu/.local/lib/python3.10/site-packages/airflow/example_dags/example_subdag_operator.py for tasks to queue
[2024-02-06T22:27:58.405+0100] {logging_mixin.py:188} INFO - [2024-02-06T22:27:58.405+0100] {dagbag.py:538} INFO - Filling up the DagBag from /home/ubuntu/.local/lib/python3.10/site-packages/airflow/example_dags/example_subdag_operator.py
[2024-02-06T22:27:58.439+0100] {processor.py:840} INFO - DAG(s) 'example_subdag_operator.section-1', 'example_subdag_operator.section-2', 'example_subdag_operator' retrieved from /home/ubuntu/.local/lib/python3.10/site-packages/airflow/example_dags/example_subdag_operator.py
[2024-02-06T22:27:58.584+0100] {logging_mixin.py:188} INFO - [2024-02-06T22:27:58.584+0100] {dag.py:3036} INFO - Sync 3 DAGs
[2024-02-06T22:27:58.612+0100] {logging_mixin.py:188} INFO - [2024-02-06T22:27:58.612+0100] {dag.py:3823} INFO - Setting next_dagrun for example_subdag_operator to 2022-01-01 00:00:00+00:00, run_after=2022-01-01 00:00:00+00:00
[2024-02-06T22:27:58.619+0100] {logging_mixin.py:188} INFO - [2024-02-06T22:27:58.619+0100] {dag.py:3823} INFO - Setting next_dagrun for example_subdag_operator.section-1 to None, run_after=None
[2024-02-06T22:27:58.621+0100] {logging_mixin.py:188} INFO - [2024-02-06T22:27:58.620+0100] {dag.py:3823} INFO - Setting next_dagrun for example_subdag_operator.section-2 to None, run_after=None
[2024-02-06T22:27:58.648+0100] {logging_mixin.py:188} INFO - [2024-02-06T22:27:58.647+0100] {dag.py:3036} INFO - Sync 2 DAGs
[2024-02-06T22:27:58.656+0100] {logging_mixin.py:188} INFO - [2024-02-06T22:27:58.656+0100] {dag.py:3823} INFO - Setting next_dagrun for example_subdag_operator.section-1 to None, run_after=None
[2024-02-06T22:27:58.657+0100] {logging_mixin.py:188} INFO - [2024-02-06T22:27:58.657+0100] {dag.py:3823} INFO - Setting next_dagrun for example_subdag_operator.section-2 to None, run_after=None
[2024-02-06T22:27:58.707+0100] {processor.py:183} INFO - Processing /home/ubuntu/.local/lib/python3.10/site-packages/airflow/example_dags/example_subdag_operator.py took 0.313 seconds
[2024-02-06T22:35:18.849+0100] {processor.py:161} INFO - Started process (PID=55639) to work on /home/ubuntu/.local/lib/python3.10/site-packages/airflow/example_dags/example_subdag_operator.py
[2024-02-06T22:35:18.881+0100] {processor.py:830} INFO - Processing file /home/ubuntu/.local/lib/python3.10/site-packages/airflow/example_dags/example_subdag_operator.py for tasks to queue
[2024-02-06T22:35:18.885+0100] {logging_mixin.py:188} INFO - [2024-02-06T22:35:18.883+0100] {dagbag.py:538} INFO - Filling up the DagBag from /home/ubuntu/.local/lib/python3.10/site-packages/airflow/example_dags/example_subdag_operator.py
[2024-02-06T22:35:18.961+0100] {processor.py:840} INFO - DAG(s) 'example_subdag_operator.section-1', 'example_subdag_operator.section-2', 'example_subdag_operator' retrieved from /home/ubuntu/.local/lib/python3.10/site-packages/airflow/example_dags/example_subdag_operator.py
[2024-02-06T22:35:19.036+0100] {logging_mixin.py:188} INFO - [2024-02-06T22:35:19.034+0100] {dag.py:3036} INFO - Sync 3 DAGs
[2024-02-06T22:35:19.142+0100] {logging_mixin.py:188} INFO - [2024-02-06T22:35:19.141+0100] {dag.py:3823} INFO - Setting next_dagrun for example_subdag_operator to 2022-01-01 00:00:00+00:00, run_after=2022-01-01 00:00:00+00:00
[2024-02-06T22:35:19.149+0100] {logging_mixin.py:188} INFO - [2024-02-06T22:35:19.148+0100] {dag.py:3823} INFO - Setting next_dagrun for example_subdag_operator.section-1 to None, run_after=None
[2024-02-06T22:35:19.153+0100] {logging_mixin.py:188} INFO - [2024-02-06T22:35:19.152+0100] {dag.py:3823} INFO - Setting next_dagrun for example_subdag_operator.section-2 to None, run_after=None
[2024-02-06T22:35:19.172+0100] {logging_mixin.py:188} INFO - [2024-02-06T22:35:19.172+0100] {dag.py:3036} INFO - Sync 2 DAGs
[2024-02-06T22:35:19.190+0100] {logging_mixin.py:188} INFO - [2024-02-06T22:35:19.190+0100] {dag.py:3823} INFO - Setting next_dagrun for example_subdag_operator.section-1 to None, run_after=None
[2024-02-06T22:35:19.191+0100] {logging_mixin.py:188} INFO - [2024-02-06T22:35:19.191+0100] {dag.py:3823} INFO - Setting next_dagrun for example_subdag_operator.section-2 to None, run_after=None
[2024-02-06T22:35:19.284+0100] {processor.py:183} INFO - Processing /home/ubuntu/.local/lib/python3.10/site-packages/airflow/example_dags/example_subdag_operator.py took 0.468 seconds
[2024-02-06T23:14:12.852+0100] {processor.py:161} INFO - Started process (PID=63995) to work on /home/ubuntu/.local/lib/python3.10/site-packages/airflow/example_dags/example_subdag_operator.py
[2024-02-06T23:14:12.861+0100] {processor.py:830} INFO - Processing file /home/ubuntu/.local/lib/python3.10/site-packages/airflow/example_dags/example_subdag_operator.py for tasks to queue
[2024-02-06T23:14:12.865+0100] {logging_mixin.py:188} INFO - [2024-02-06T23:14:12.864+0100] {dagbag.py:538} INFO - Filling up the DagBag from /home/ubuntu/.local/lib/python3.10/site-packages/airflow/example_dags/example_subdag_operator.py
[2024-02-06T23:14:12.966+0100] {processor.py:840} INFO - DAG(s) 'example_subdag_operator.section-1', 'example_subdag_operator.section-2', 'example_subdag_operator' retrieved from /home/ubuntu/.local/lib/python3.10/site-packages/airflow/example_dags/example_subdag_operator.py
[2024-02-06T23:14:13.355+0100] {logging_mixin.py:188} INFO - [2024-02-06T23:14:13.354+0100] {dag.py:3036} INFO - Sync 3 DAGs
[2024-02-06T23:14:13.396+0100] {logging_mixin.py:188} INFO - [2024-02-06T23:14:13.396+0100] {dag.py:3823} INFO - Setting next_dagrun for example_subdag_operator to 2022-01-01 00:00:00+00:00, run_after=2022-01-01 00:00:00+00:00
[2024-02-06T23:14:13.403+0100] {logging_mixin.py:188} INFO - [2024-02-06T23:14:13.403+0100] {dag.py:3823} INFO - Setting next_dagrun for example_subdag_operator.section-1 to None, run_after=None
[2024-02-06T23:14:13.407+0100] {logging_mixin.py:188} INFO - [2024-02-06T23:14:13.406+0100] {dag.py:3823} INFO - Setting next_dagrun for example_subdag_operator.section-2 to None, run_after=None
[2024-02-06T23:14:13.446+0100] {logging_mixin.py:188} INFO - [2024-02-06T23:14:13.444+0100] {dag.py:3036} INFO - Sync 2 DAGs
[2024-02-06T23:14:13.536+0100] {logging_mixin.py:188} INFO - [2024-02-06T23:14:13.531+0100] {dag.py:3823} INFO - Setting next_dagrun for example_subdag_operator.section-1 to None, run_after=None
[2024-02-06T23:14:13.539+0100] {logging_mixin.py:188} INFO - [2024-02-06T23:14:13.538+0100] {dag.py:3823} INFO - Setting next_dagrun for example_subdag_operator.section-2 to None, run_after=None
[2024-02-06T23:14:13.690+0100] {processor.py:183} INFO - Processing /home/ubuntu/.local/lib/python3.10/site-packages/airflow/example_dags/example_subdag_operator.py took 0.851 seconds
[2024-02-06T23:16:19.133+0100] {processor.py:161} INFO - Started process (PID=65452) to work on /home/ubuntu/.local/lib/python3.10/site-packages/airflow/example_dags/example_subdag_operator.py
[2024-02-06T23:16:19.148+0100] {processor.py:830} INFO - Processing file /home/ubuntu/.local/lib/python3.10/site-packages/airflow/example_dags/example_subdag_operator.py for tasks to queue
[2024-02-06T23:16:19.154+0100] {logging_mixin.py:188} INFO - [2024-02-06T23:16:19.150+0100] {dagbag.py:538} INFO - Filling up the DagBag from /home/ubuntu/.local/lib/python3.10/site-packages/airflow/example_dags/example_subdag_operator.py
[2024-02-06T23:16:19.349+0100] {processor.py:840} INFO - DAG(s) 'example_subdag_operator.section-1', 'example_subdag_operator.section-2', 'example_subdag_operator' retrieved from /home/ubuntu/.local/lib/python3.10/site-packages/airflow/example_dags/example_subdag_operator.py
[2024-02-06T23:16:19.462+0100] {logging_mixin.py:188} INFO - [2024-02-06T23:16:19.461+0100] {dag.py:3036} INFO - Sync 3 DAGs
[2024-02-06T23:16:19.593+0100] {logging_mixin.py:188} INFO - [2024-02-06T23:16:19.593+0100] {dag.py:3823} INFO - Setting next_dagrun for example_subdag_operator to 2022-01-01 00:00:00+00:00, run_after=2022-01-01 00:00:00+00:00
[2024-02-06T23:16:19.602+0100] {logging_mixin.py:188} INFO - [2024-02-06T23:16:19.602+0100] {dag.py:3823} INFO - Setting next_dagrun for example_subdag_operator.section-1 to None, run_after=None
[2024-02-06T23:16:19.604+0100] {logging_mixin.py:188} INFO - [2024-02-06T23:16:19.604+0100] {dag.py:3823} INFO - Setting next_dagrun for example_subdag_operator.section-2 to None, run_after=None
[2024-02-06T23:16:19.618+0100] {logging_mixin.py:188} INFO - [2024-02-06T23:16:19.615+0100] {dag.py:3036} INFO - Sync 2 DAGs
[2024-02-06T23:16:19.650+0100] {logging_mixin.py:188} INFO - [2024-02-06T23:16:19.650+0100] {dag.py:3823} INFO - Setting next_dagrun for example_subdag_operator.section-1 to None, run_after=None
[2024-02-06T23:16:19.657+0100] {logging_mixin.py:188} INFO - [2024-02-06T23:16:19.657+0100] {dag.py:3823} INFO - Setting next_dagrun for example_subdag_operator.section-2 to None, run_after=None
[2024-02-06T23:16:19.752+0100] {processor.py:183} INFO - Processing /home/ubuntu/.local/lib/python3.10/site-packages/airflow/example_dags/example_subdag_operator.py took 0.632 seconds
[2024-02-06T23:29:19.846+0100] {processor.py:161} INFO - Started process (PID=72228) to work on /home/ubuntu/.local/lib/python3.10/site-packages/airflow/example_dags/example_subdag_operator.py
[2024-02-06T23:29:19.865+0100] {processor.py:830} INFO - Processing file /home/ubuntu/.local/lib/python3.10/site-packages/airflow/example_dags/example_subdag_operator.py for tasks to queue
[2024-02-06T23:29:19.868+0100] {logging_mixin.py:188} INFO - [2024-02-06T23:29:19.867+0100] {dagbag.py:538} INFO - Filling up the DagBag from /home/ubuntu/.local/lib/python3.10/site-packages/airflow/example_dags/example_subdag_operator.py
[2024-02-06T23:29:19.952+0100] {processor.py:840} INFO - DAG(s) 'example_subdag_operator.section-1', 'example_subdag_operator.section-2', 'example_subdag_operator' retrieved from /home/ubuntu/.local/lib/python3.10/site-packages/airflow/example_dags/example_subdag_operator.py
[2024-02-06T23:29:20.371+0100] {logging_mixin.py:188} INFO - [2024-02-06T23:29:20.370+0100] {dag.py:3036} INFO - Sync 3 DAGs
[2024-02-06T23:29:20.467+0100] {logging_mixin.py:188} INFO - [2024-02-06T23:29:20.466+0100] {dag.py:3823} INFO - Setting next_dagrun for example_subdag_operator to 2022-01-01 00:00:00+00:00, run_after=2022-01-01 00:00:00+00:00
[2024-02-06T23:29:20.476+0100] {logging_mixin.py:188} INFO - [2024-02-06T23:29:20.475+0100] {dag.py:3823} INFO - Setting next_dagrun for example_subdag_operator.section-1 to None, run_after=None
[2024-02-06T23:29:20.478+0100] {logging_mixin.py:188} INFO - [2024-02-06T23:29:20.478+0100] {dag.py:3823} INFO - Setting next_dagrun for example_subdag_operator.section-2 to None, run_after=None
[2024-02-06T23:29:20.502+0100] {logging_mixin.py:188} INFO - [2024-02-06T23:29:20.502+0100] {dag.py:3036} INFO - Sync 2 DAGs
[2024-02-06T23:29:20.513+0100] {logging_mixin.py:188} INFO - [2024-02-06T23:29:20.512+0100] {dag.py:3823} INFO - Setting next_dagrun for example_subdag_operator.section-1 to None, run_after=None
[2024-02-06T23:29:20.514+0100] {logging_mixin.py:188} INFO - [2024-02-06T23:29:20.513+0100] {dag.py:3823} INFO - Setting next_dagrun for example_subdag_operator.section-2 to None, run_after=None
[2024-02-06T23:29:20.591+0100] {processor.py:183} INFO - Processing /home/ubuntu/.local/lib/python3.10/site-packages/airflow/example_dags/example_subdag_operator.py took 0.799 seconds
