[2024-02-06T21:28:01.613+0100] {processor.py:161} INFO - Started process (PID=23493) to work on /home/ubuntu/.local/lib/python3.10/site-packages/airflow/example_dags/example_trigger_controller_dag.py
[2024-02-06T21:28:01.616+0100] {processor.py:830} INFO - Processing file /home/ubuntu/.local/lib/python3.10/site-packages/airflow/example_dags/example_trigger_controller_dag.py for tasks to queue
[2024-02-06T21:28:01.619+0100] {logging_mixin.py:188} INFO - [2024-02-06T21:28:01.617+0100] {dagbag.py:538} INFO - Filling up the DagBag from /home/ubuntu/.local/lib/python3.10/site-packages/airflow/example_dags/example_trigger_controller_dag.py
[2024-02-06T21:28:01.629+0100] {processor.py:840} INFO - DAG(s) 'example_trigger_controller_dag' retrieved from /home/ubuntu/.local/lib/python3.10/site-packages/airflow/example_dags/example_trigger_controller_dag.py
[2024-02-06T21:28:01.854+0100] {logging_mixin.py:188} INFO - [2024-02-06T21:28:01.854+0100] {dag.py:3036} INFO - Sync 1 DAGs
[2024-02-06T21:28:01.882+0100] {logging_mixin.py:188} INFO - [2024-02-06T21:28:01.882+0100] {dag.py:3823} INFO - Setting next_dagrun for example_trigger_controller_dag to 2021-01-01 00:00:00+00:00, run_after=2021-01-01 00:00:00+00:00
[2024-02-06T21:28:01.965+0100] {processor.py:183} INFO - Processing /home/ubuntu/.local/lib/python3.10/site-packages/airflow/example_dags/example_trigger_controller_dag.py took 0.360 seconds
[2024-02-06T21:29:16.538+0100] {processor.py:161} INFO - Started process (PID=24238) to work on /home/ubuntu/.local/lib/python3.10/site-packages/airflow/example_dags/example_trigger_controller_dag.py
[2024-02-06T21:29:16.543+0100] {processor.py:830} INFO - Processing file /home/ubuntu/.local/lib/python3.10/site-packages/airflow/example_dags/example_trigger_controller_dag.py for tasks to queue
[2024-02-06T21:29:16.546+0100] {logging_mixin.py:188} INFO - [2024-02-06T21:29:16.544+0100] {dagbag.py:538} INFO - Filling up the DagBag from /home/ubuntu/.local/lib/python3.10/site-packages/airflow/example_dags/example_trigger_controller_dag.py
[2024-02-06T21:29:16.560+0100] {processor.py:840} INFO - DAG(s) 'example_trigger_controller_dag' retrieved from /home/ubuntu/.local/lib/python3.10/site-packages/airflow/example_dags/example_trigger_controller_dag.py
[2024-02-06T21:29:16.626+0100] {logging_mixin.py:188} INFO - [2024-02-06T21:29:16.625+0100] {dag.py:3036} INFO - Sync 1 DAGs
[2024-02-06T21:29:16.708+0100] {logging_mixin.py:188} INFO - [2024-02-06T21:29:16.707+0100] {dag.py:3823} INFO - Setting next_dagrun for example_trigger_controller_dag to 2021-01-01 00:00:00+00:00, run_after=2021-01-01 00:00:00+00:00
[2024-02-06T21:29:16.817+0100] {processor.py:183} INFO - Processing /home/ubuntu/.local/lib/python3.10/site-packages/airflow/example_dags/example_trigger_controller_dag.py took 0.287 seconds
[2024-02-06T21:31:04.719+0100] {processor.py:161} INFO - Started process (PID=24898) to work on /home/ubuntu/.local/lib/python3.10/site-packages/airflow/example_dags/example_trigger_controller_dag.py
[2024-02-06T21:31:04.722+0100] {processor.py:830} INFO - Processing file /home/ubuntu/.local/lib/python3.10/site-packages/airflow/example_dags/example_trigger_controller_dag.py for tasks to queue
[2024-02-06T21:31:04.725+0100] {logging_mixin.py:188} INFO - [2024-02-06T21:31:04.724+0100] {dagbag.py:538} INFO - Filling up the DagBag from /home/ubuntu/.local/lib/python3.10/site-packages/airflow/example_dags/example_trigger_controller_dag.py
[2024-02-06T21:31:04.736+0100] {processor.py:840} INFO - DAG(s) 'example_trigger_controller_dag' retrieved from /home/ubuntu/.local/lib/python3.10/site-packages/airflow/example_dags/example_trigger_controller_dag.py
[2024-02-06T21:31:04.804+0100] {logging_mixin.py:188} INFO - [2024-02-06T21:31:04.804+0100] {dag.py:3036} INFO - Sync 1 DAGs
[2024-02-06T21:31:04.864+0100] {logging_mixin.py:188} INFO - [2024-02-06T21:31:04.863+0100] {dag.py:3823} INFO - Setting next_dagrun for example_trigger_controller_dag to 2021-01-01 00:00:00+00:00, run_after=2021-01-01 00:00:00+00:00
[2024-02-06T21:31:04.965+0100] {processor.py:183} INFO - Processing /home/ubuntu/.local/lib/python3.10/site-packages/airflow/example_dags/example_trigger_controller_dag.py took 0.254 seconds
[2024-02-06T21:32:13.122+0100] {processor.py:161} INFO - Started process (PID=25125) to work on /home/ubuntu/.local/lib/python3.10/site-packages/airflow/example_dags/example_trigger_controller_dag.py
[2024-02-06T21:32:13.125+0100] {processor.py:830} INFO - Processing file /home/ubuntu/.local/lib/python3.10/site-packages/airflow/example_dags/example_trigger_controller_dag.py for tasks to queue
[2024-02-06T21:32:13.128+0100] {logging_mixin.py:188} INFO - [2024-02-06T21:32:13.127+0100] {dagbag.py:538} INFO - Filling up the DagBag from /home/ubuntu/.local/lib/python3.10/site-packages/airflow/example_dags/example_trigger_controller_dag.py
[2024-02-06T21:32:13.141+0100] {processor.py:840} INFO - DAG(s) 'example_trigger_controller_dag' retrieved from /home/ubuntu/.local/lib/python3.10/site-packages/airflow/example_dags/example_trigger_controller_dag.py
[2024-02-06T21:32:13.183+0100] {logging_mixin.py:188} INFO - [2024-02-06T21:32:13.183+0100] {dag.py:3036} INFO - Sync 1 DAGs
[2024-02-06T21:32:13.240+0100] {logging_mixin.py:188} INFO - [2024-02-06T21:32:13.239+0100] {dag.py:3823} INFO - Setting next_dagrun for example_trigger_controller_dag to 2021-01-01 00:00:00+00:00, run_after=2021-01-01 00:00:00+00:00
[2024-02-06T21:32:13.306+0100] {processor.py:183} INFO - Processing /home/ubuntu/.local/lib/python3.10/site-packages/airflow/example_dags/example_trigger_controller_dag.py took 0.194 seconds
[2024-02-06T21:33:31.462+0100] {processor.py:161} INFO - Started process (PID=25496) to work on /home/ubuntu/.local/lib/python3.10/site-packages/airflow/example_dags/example_trigger_controller_dag.py
[2024-02-06T21:33:31.470+0100] {processor.py:830} INFO - Processing file /home/ubuntu/.local/lib/python3.10/site-packages/airflow/example_dags/example_trigger_controller_dag.py for tasks to queue
[2024-02-06T21:33:31.473+0100] {logging_mixin.py:188} INFO - [2024-02-06T21:33:31.471+0100] {dagbag.py:538} INFO - Filling up the DagBag from /home/ubuntu/.local/lib/python3.10/site-packages/airflow/example_dags/example_trigger_controller_dag.py
[2024-02-06T21:33:31.485+0100] {processor.py:840} INFO - DAG(s) 'example_trigger_controller_dag' retrieved from /home/ubuntu/.local/lib/python3.10/site-packages/airflow/example_dags/example_trigger_controller_dag.py
[2024-02-06T21:33:31.509+0100] {logging_mixin.py:188} INFO - [2024-02-06T21:33:31.509+0100] {dag.py:3036} INFO - Sync 1 DAGs
[2024-02-06T21:33:31.534+0100] {logging_mixin.py:188} INFO - [2024-02-06T21:33:31.534+0100] {dag.py:3823} INFO - Setting next_dagrun for example_trigger_controller_dag to 2021-01-01 00:00:00+00:00, run_after=2021-01-01 00:00:00+00:00
[2024-02-06T21:33:31.718+0100] {processor.py:183} INFO - Processing /home/ubuntu/.local/lib/python3.10/site-packages/airflow/example_dags/example_trigger_controller_dag.py took 0.315 seconds
[2024-02-06T21:40:21.176+0100] {processor.py:161} INFO - Started process (PID=27561) to work on /home/ubuntu/.local/lib/python3.10/site-packages/airflow/example_dags/example_trigger_controller_dag.py
[2024-02-06T21:40:21.185+0100] {processor.py:830} INFO - Processing file /home/ubuntu/.local/lib/python3.10/site-packages/airflow/example_dags/example_trigger_controller_dag.py for tasks to queue
[2024-02-06T21:40:21.188+0100] {logging_mixin.py:188} INFO - [2024-02-06T21:40:21.186+0100] {dagbag.py:538} INFO - Filling up the DagBag from /home/ubuntu/.local/lib/python3.10/site-packages/airflow/example_dags/example_trigger_controller_dag.py
[2024-02-06T21:40:21.205+0100] {processor.py:840} INFO - DAG(s) 'example_trigger_controller_dag' retrieved from /home/ubuntu/.local/lib/python3.10/site-packages/airflow/example_dags/example_trigger_controller_dag.py
[2024-02-06T21:40:21.457+0100] {logging_mixin.py:188} INFO - [2024-02-06T21:40:21.456+0100] {dag.py:3036} INFO - Sync 1 DAGs
[2024-02-06T21:40:21.518+0100] {logging_mixin.py:188} INFO - [2024-02-06T21:40:21.517+0100] {dag.py:3823} INFO - Setting next_dagrun for example_trigger_controller_dag to 2021-01-01 00:00:00+00:00, run_after=2021-01-01 00:00:00+00:00
[2024-02-06T21:40:21.601+0100] {processor.py:183} INFO - Processing /home/ubuntu/.local/lib/python3.10/site-packages/airflow/example_dags/example_trigger_controller_dag.py took 0.435 seconds
[2024-02-06T21:41:01.843+0100] {processor.py:161} INFO - Started process (PID=27904) to work on /home/ubuntu/.local/lib/python3.10/site-packages/airflow/example_dags/example_trigger_controller_dag.py
[2024-02-06T21:41:01.864+0100] {processor.py:830} INFO - Processing file /home/ubuntu/.local/lib/python3.10/site-packages/airflow/example_dags/example_trigger_controller_dag.py for tasks to queue
[2024-02-06T21:41:01.868+0100] {logging_mixin.py:188} INFO - [2024-02-06T21:41:01.866+0100] {dagbag.py:538} INFO - Filling up the DagBag from /home/ubuntu/.local/lib/python3.10/site-packages/airflow/example_dags/example_trigger_controller_dag.py
[2024-02-06T21:41:01.899+0100] {processor.py:840} INFO - DAG(s) 'example_trigger_controller_dag' retrieved from /home/ubuntu/.local/lib/python3.10/site-packages/airflow/example_dags/example_trigger_controller_dag.py
[2024-02-06T21:41:02.044+0100] {logging_mixin.py:188} INFO - [2024-02-06T21:41:02.043+0100] {dag.py:3036} INFO - Sync 1 DAGs
[2024-02-06T21:41:02.159+0100] {logging_mixin.py:188} INFO - [2024-02-06T21:41:02.159+0100] {dag.py:3823} INFO - Setting next_dagrun for example_trigger_controller_dag to 2021-01-01 00:00:00+00:00, run_after=2021-01-01 00:00:00+00:00
[2024-02-06T21:41:02.439+0100] {processor.py:183} INFO - Processing /home/ubuntu/.local/lib/python3.10/site-packages/airflow/example_dags/example_trigger_controller_dag.py took 0.629 seconds
[2024-02-06T21:41:41.781+0100] {processor.py:161} INFO - Started process (PID=28042) to work on /home/ubuntu/.local/lib/python3.10/site-packages/airflow/example_dags/example_trigger_controller_dag.py
[2024-02-06T21:41:41.783+0100] {processor.py:830} INFO - Processing file /home/ubuntu/.local/lib/python3.10/site-packages/airflow/example_dags/example_trigger_controller_dag.py for tasks to queue
[2024-02-06T21:41:41.786+0100] {logging_mixin.py:188} INFO - [2024-02-06T21:41:41.785+0100] {dagbag.py:538} INFO - Filling up the DagBag from /home/ubuntu/.local/lib/python3.10/site-packages/airflow/example_dags/example_trigger_controller_dag.py
[2024-02-06T21:41:41.803+0100] {processor.py:840} INFO - DAG(s) 'example_trigger_controller_dag' retrieved from /home/ubuntu/.local/lib/python3.10/site-packages/airflow/example_dags/example_trigger_controller_dag.py
[2024-02-06T21:41:41.849+0100] {logging_mixin.py:188} INFO - [2024-02-06T21:41:41.848+0100] {dag.py:3036} INFO - Sync 1 DAGs
[2024-02-06T21:41:41.908+0100] {logging_mixin.py:188} INFO - [2024-02-06T21:41:41.908+0100] {dag.py:3823} INFO - Setting next_dagrun for example_trigger_controller_dag to 2021-01-01 00:00:00+00:00, run_after=2021-01-01 00:00:00+00:00
[2024-02-06T21:41:41.988+0100] {processor.py:183} INFO - Processing /home/ubuntu/.local/lib/python3.10/site-packages/airflow/example_dags/example_trigger_controller_dag.py took 0.215 seconds
[2024-02-06T21:42:11.805+0100] {processor.py:161} INFO - Started process (PID=28267) to work on /home/ubuntu/.local/lib/python3.10/site-packages/airflow/example_dags/example_trigger_controller_dag.py
[2024-02-06T21:42:11.807+0100] {processor.py:830} INFO - Processing file /home/ubuntu/.local/lib/python3.10/site-packages/airflow/example_dags/example_trigger_controller_dag.py for tasks to queue
[2024-02-06T21:42:11.810+0100] {logging_mixin.py:188} INFO - [2024-02-06T21:42:11.809+0100] {dagbag.py:538} INFO - Filling up the DagBag from /home/ubuntu/.local/lib/python3.10/site-packages/airflow/example_dags/example_trigger_controller_dag.py
[2024-02-06T21:42:11.820+0100] {processor.py:840} INFO - DAG(s) 'example_trigger_controller_dag' retrieved from /home/ubuntu/.local/lib/python3.10/site-packages/airflow/example_dags/example_trigger_controller_dag.py
[2024-02-06T21:42:11.850+0100] {logging_mixin.py:188} INFO - [2024-02-06T21:42:11.850+0100] {dag.py:3036} INFO - Sync 1 DAGs
[2024-02-06T21:42:11.891+0100] {logging_mixin.py:188} INFO - [2024-02-06T21:42:11.891+0100] {dag.py:3823} INFO - Setting next_dagrun for example_trigger_controller_dag to 2021-01-01 00:00:00+00:00, run_after=2021-01-01 00:00:00+00:00
[2024-02-06T21:42:11.958+0100] {processor.py:183} INFO - Processing /home/ubuntu/.local/lib/python3.10/site-packages/airflow/example_dags/example_trigger_controller_dag.py took 0.159 seconds
[2024-02-06T21:42:55.972+0100] {processor.py:161} INFO - Started process (PID=28514) to work on /home/ubuntu/.local/lib/python3.10/site-packages/airflow/example_dags/example_trigger_controller_dag.py
[2024-02-06T21:42:55.975+0100] {processor.py:830} INFO - Processing file /home/ubuntu/.local/lib/python3.10/site-packages/airflow/example_dags/example_trigger_controller_dag.py for tasks to queue
[2024-02-06T21:42:55.977+0100] {logging_mixin.py:188} INFO - [2024-02-06T21:42:55.976+0100] {dagbag.py:538} INFO - Filling up the DagBag from /home/ubuntu/.local/lib/python3.10/site-packages/airflow/example_dags/example_trigger_controller_dag.py
[2024-02-06T21:42:55.994+0100] {processor.py:840} INFO - DAG(s) 'example_trigger_controller_dag' retrieved from /home/ubuntu/.local/lib/python3.10/site-packages/airflow/example_dags/example_trigger_controller_dag.py
[2024-02-06T21:42:56.040+0100] {logging_mixin.py:188} INFO - [2024-02-06T21:42:56.039+0100] {dag.py:3036} INFO - Sync 1 DAGs
[2024-02-06T21:42:56.100+0100] {logging_mixin.py:188} INFO - [2024-02-06T21:42:56.100+0100] {dag.py:3823} INFO - Setting next_dagrun for example_trigger_controller_dag to 2021-01-01 00:00:00+00:00, run_after=2021-01-01 00:00:00+00:00
[2024-02-06T21:42:56.153+0100] {processor.py:183} INFO - Processing /home/ubuntu/.local/lib/python3.10/site-packages/airflow/example_dags/example_trigger_controller_dag.py took 0.188 seconds
[2024-02-06T21:43:30.771+0100] {processor.py:161} INFO - Started process (PID=28824) to work on /home/ubuntu/.local/lib/python3.10/site-packages/airflow/example_dags/example_trigger_controller_dag.py
[2024-02-06T21:43:30.773+0100] {processor.py:830} INFO - Processing file /home/ubuntu/.local/lib/python3.10/site-packages/airflow/example_dags/example_trigger_controller_dag.py for tasks to queue
[2024-02-06T21:43:30.776+0100] {logging_mixin.py:188} INFO - [2024-02-06T21:43:30.775+0100] {dagbag.py:538} INFO - Filling up the DagBag from /home/ubuntu/.local/lib/python3.10/site-packages/airflow/example_dags/example_trigger_controller_dag.py
[2024-02-06T21:43:30.791+0100] {processor.py:840} INFO - DAG(s) 'example_trigger_controller_dag' retrieved from /home/ubuntu/.local/lib/python3.10/site-packages/airflow/example_dags/example_trigger_controller_dag.py
[2024-02-06T21:43:30.827+0100] {logging_mixin.py:188} INFO - [2024-02-06T21:43:30.827+0100] {dag.py:3036} INFO - Sync 1 DAGs
[2024-02-06T21:43:30.872+0100] {logging_mixin.py:188} INFO - [2024-02-06T21:43:30.872+0100] {dag.py:3823} INFO - Setting next_dagrun for example_trigger_controller_dag to 2021-01-01 00:00:00+00:00, run_after=2021-01-01 00:00:00+00:00
[2024-02-06T21:43:30.927+0100] {processor.py:183} INFO - Processing /home/ubuntu/.local/lib/python3.10/site-packages/airflow/example_dags/example_trigger_controller_dag.py took 0.166 seconds
[2024-02-06T21:44:01.265+0100] {processor.py:161} INFO - Started process (PID=28927) to work on /home/ubuntu/.local/lib/python3.10/site-packages/airflow/example_dags/example_trigger_controller_dag.py
[2024-02-06T21:44:01.267+0100] {processor.py:830} INFO - Processing file /home/ubuntu/.local/lib/python3.10/site-packages/airflow/example_dags/example_trigger_controller_dag.py for tasks to queue
[2024-02-06T21:44:01.270+0100] {logging_mixin.py:188} INFO - [2024-02-06T21:44:01.269+0100] {dagbag.py:538} INFO - Filling up the DagBag from /home/ubuntu/.local/lib/python3.10/site-packages/airflow/example_dags/example_trigger_controller_dag.py
[2024-02-06T21:44:01.283+0100] {processor.py:840} INFO - DAG(s) 'example_trigger_controller_dag' retrieved from /home/ubuntu/.local/lib/python3.10/site-packages/airflow/example_dags/example_trigger_controller_dag.py
[2024-02-06T21:44:01.325+0100] {logging_mixin.py:188} INFO - [2024-02-06T21:44:01.324+0100] {dag.py:3036} INFO - Sync 1 DAGs
[2024-02-06T21:44:01.356+0100] {logging_mixin.py:188} INFO - [2024-02-06T21:44:01.356+0100] {dag.py:3823} INFO - Setting next_dagrun for example_trigger_controller_dag to 2021-01-01 00:00:00+00:00, run_after=2021-01-01 00:00:00+00:00
[2024-02-06T21:44:01.410+0100] {processor.py:183} INFO - Processing /home/ubuntu/.local/lib/python3.10/site-packages/airflow/example_dags/example_trigger_controller_dag.py took 0.157 seconds
[2024-02-06T21:44:44.723+0100] {processor.py:161} INFO - Started process (PID=29189) to work on /home/ubuntu/.local/lib/python3.10/site-packages/airflow/example_dags/example_trigger_controller_dag.py
[2024-02-06T21:44:44.741+0100] {processor.py:830} INFO - Processing file /home/ubuntu/.local/lib/python3.10/site-packages/airflow/example_dags/example_trigger_controller_dag.py for tasks to queue
[2024-02-06T21:44:44.745+0100] {logging_mixin.py:188} INFO - [2024-02-06T21:44:44.743+0100] {dagbag.py:538} INFO - Filling up the DagBag from /home/ubuntu/.local/lib/python3.10/site-packages/airflow/example_dags/example_trigger_controller_dag.py
[2024-02-06T21:44:44.765+0100] {processor.py:840} INFO - DAG(s) 'example_trigger_controller_dag' retrieved from /home/ubuntu/.local/lib/python3.10/site-packages/airflow/example_dags/example_trigger_controller_dag.py
[2024-02-06T21:44:44.810+0100] {logging_mixin.py:188} INFO - [2024-02-06T21:44:44.810+0100] {dag.py:3036} INFO - Sync 1 DAGs
[2024-02-06T21:44:44.870+0100] {logging_mixin.py:188} INFO - [2024-02-06T21:44:44.870+0100] {dag.py:3823} INFO - Setting next_dagrun for example_trigger_controller_dag to 2021-01-01 00:00:00+00:00, run_after=2021-01-01 00:00:00+00:00
[2024-02-06T21:44:45.001+0100] {processor.py:183} INFO - Processing /home/ubuntu/.local/lib/python3.10/site-packages/airflow/example_dags/example_trigger_controller_dag.py took 0.300 seconds
[2024-02-06T21:53:48.582+0100] {processor.py:161} INFO - Started process (PID=30795) to work on /home/ubuntu/.local/lib/python3.10/site-packages/airflow/example_dags/example_trigger_controller_dag.py
[2024-02-06T21:53:48.597+0100] {processor.py:830} INFO - Processing file /home/ubuntu/.local/lib/python3.10/site-packages/airflow/example_dags/example_trigger_controller_dag.py for tasks to queue
[2024-02-06T21:53:48.606+0100] {logging_mixin.py:188} INFO - [2024-02-06T21:53:48.604+0100] {dagbag.py:538} INFO - Filling up the DagBag from /home/ubuntu/.local/lib/python3.10/site-packages/airflow/example_dags/example_trigger_controller_dag.py
[2024-02-06T21:53:48.630+0100] {processor.py:840} INFO - DAG(s) 'example_trigger_controller_dag' retrieved from /home/ubuntu/.local/lib/python3.10/site-packages/airflow/example_dags/example_trigger_controller_dag.py
[2024-02-06T21:53:49.535+0100] {logging_mixin.py:188} INFO - [2024-02-06T21:53:49.533+0100] {dag.py:3036} INFO - Sync 1 DAGs
[2024-02-06T21:53:49.600+0100] {logging_mixin.py:188} INFO - [2024-02-06T21:53:49.599+0100] {dag.py:3823} INFO - Setting next_dagrun for example_trigger_controller_dag to 2021-01-01 00:00:00+00:00, run_after=2021-01-01 00:00:00+00:00
[2024-02-06T21:53:49.826+0100] {processor.py:183} INFO - Processing /home/ubuntu/.local/lib/python3.10/site-packages/airflow/example_dags/example_trigger_controller_dag.py took 1.316 seconds
[2024-02-06T21:55:14.170+0100] {processor.py:161} INFO - Started process (PID=31659) to work on /home/ubuntu/.local/lib/python3.10/site-packages/airflow/example_dags/example_trigger_controller_dag.py
[2024-02-06T21:55:14.216+0100] {processor.py:830} INFO - Processing file /home/ubuntu/.local/lib/python3.10/site-packages/airflow/example_dags/example_trigger_controller_dag.py for tasks to queue
[2024-02-06T21:55:14.246+0100] {logging_mixin.py:188} INFO - [2024-02-06T21:55:14.235+0100] {dagbag.py:538} INFO - Filling up the DagBag from /home/ubuntu/.local/lib/python3.10/site-packages/airflow/example_dags/example_trigger_controller_dag.py
[2024-02-06T21:55:14.282+0100] {processor.py:840} INFO - DAG(s) 'example_trigger_controller_dag' retrieved from /home/ubuntu/.local/lib/python3.10/site-packages/airflow/example_dags/example_trigger_controller_dag.py
[2024-02-06T21:55:14.330+0100] {logging_mixin.py:188} INFO - [2024-02-06T21:55:14.329+0100] {dag.py:3036} INFO - Sync 1 DAGs
[2024-02-06T21:55:14.497+0100] {logging_mixin.py:188} INFO - [2024-02-06T21:55:14.496+0100] {dag.py:3823} INFO - Setting next_dagrun for example_trigger_controller_dag to 2021-01-01 00:00:00+00:00, run_after=2021-01-01 00:00:00+00:00
[2024-02-06T21:55:14.618+0100] {processor.py:183} INFO - Processing /home/ubuntu/.local/lib/python3.10/site-packages/airflow/example_dags/example_trigger_controller_dag.py took 0.473 seconds
[2024-02-06T21:56:04.897+0100] {processor.py:161} INFO - Started process (PID=32156) to work on /home/ubuntu/.local/lib/python3.10/site-packages/airflow/example_dags/example_trigger_controller_dag.py
[2024-02-06T21:56:04.909+0100] {processor.py:830} INFO - Processing file /home/ubuntu/.local/lib/python3.10/site-packages/airflow/example_dags/example_trigger_controller_dag.py for tasks to queue
[2024-02-06T21:56:04.911+0100] {logging_mixin.py:188} INFO - [2024-02-06T21:56:04.911+0100] {dagbag.py:538} INFO - Filling up the DagBag from /home/ubuntu/.local/lib/python3.10/site-packages/airflow/example_dags/example_trigger_controller_dag.py
[2024-02-06T21:56:04.933+0100] {processor.py:840} INFO - DAG(s) 'example_trigger_controller_dag' retrieved from /home/ubuntu/.local/lib/python3.10/site-packages/airflow/example_dags/example_trigger_controller_dag.py
[2024-02-06T21:56:04.972+0100] {logging_mixin.py:188} INFO - [2024-02-06T21:56:04.972+0100] {dag.py:3036} INFO - Sync 1 DAGs
[2024-02-06T21:56:05.073+0100] {logging_mixin.py:188} INFO - [2024-02-06T21:56:05.072+0100] {dag.py:3823} INFO - Setting next_dagrun for example_trigger_controller_dag to 2021-01-01 00:00:00+00:00, run_after=2021-01-01 00:00:00+00:00
[2024-02-06T21:56:05.249+0100] {processor.py:183} INFO - Processing /home/ubuntu/.local/lib/python3.10/site-packages/airflow/example_dags/example_trigger_controller_dag.py took 0.362 seconds
[2024-02-06T21:56:45.410+0100] {processor.py:161} INFO - Started process (PID=32504) to work on /home/ubuntu/.local/lib/python3.10/site-packages/airflow/example_dags/example_trigger_controller_dag.py
[2024-02-06T21:56:45.416+0100] {processor.py:830} INFO - Processing file /home/ubuntu/.local/lib/python3.10/site-packages/airflow/example_dags/example_trigger_controller_dag.py for tasks to queue
[2024-02-06T21:56:45.418+0100] {logging_mixin.py:188} INFO - [2024-02-06T21:56:45.417+0100] {dagbag.py:538} INFO - Filling up the DagBag from /home/ubuntu/.local/lib/python3.10/site-packages/airflow/example_dags/example_trigger_controller_dag.py
[2024-02-06T21:56:45.458+0100] {processor.py:840} INFO - DAG(s) 'example_trigger_controller_dag' retrieved from /home/ubuntu/.local/lib/python3.10/site-packages/airflow/example_dags/example_trigger_controller_dag.py
[2024-02-06T21:56:45.503+0100] {logging_mixin.py:188} INFO - [2024-02-06T21:56:45.502+0100] {dag.py:3036} INFO - Sync 1 DAGs
[2024-02-06T21:56:45.601+0100] {logging_mixin.py:188} INFO - [2024-02-06T21:56:45.595+0100] {dag.py:3823} INFO - Setting next_dagrun for example_trigger_controller_dag to 2021-01-01 00:00:00+00:00, run_after=2021-01-01 00:00:00+00:00
[2024-02-06T21:56:45.744+0100] {processor.py:183} INFO - Processing /home/ubuntu/.local/lib/python3.10/site-packages/airflow/example_dags/example_trigger_controller_dag.py took 0.342 seconds
[2024-02-06T21:57:14.002+0100] {processor.py:161} INFO - Started process (PID=32653) to work on /home/ubuntu/.local/lib/python3.10/site-packages/airflow/example_dags/example_trigger_controller_dag.py
[2024-02-06T21:57:14.004+0100] {processor.py:830} INFO - Processing file /home/ubuntu/.local/lib/python3.10/site-packages/airflow/example_dags/example_trigger_controller_dag.py for tasks to queue
[2024-02-06T21:57:14.010+0100] {logging_mixin.py:188} INFO - [2024-02-06T21:57:14.008+0100] {dagbag.py:538} INFO - Filling up the DagBag from /home/ubuntu/.local/lib/python3.10/site-packages/airflow/example_dags/example_trigger_controller_dag.py
[2024-02-06T21:57:14.047+0100] {processor.py:840} INFO - DAG(s) 'example_trigger_controller_dag' retrieved from /home/ubuntu/.local/lib/python3.10/site-packages/airflow/example_dags/example_trigger_controller_dag.py
[2024-02-06T21:57:14.315+0100] {logging_mixin.py:188} INFO - [2024-02-06T21:57:14.315+0100] {dag.py:3036} INFO - Sync 1 DAGs
[2024-02-06T21:57:14.904+0100] {logging_mixin.py:188} INFO - [2024-02-06T21:57:14.904+0100] {dag.py:3823} INFO - Setting next_dagrun for example_trigger_controller_dag to 2021-01-01 00:00:00+00:00, run_after=2021-01-01 00:00:00+00:00
[2024-02-06T21:57:15.523+0100] {processor.py:183} INFO - Processing /home/ubuntu/.local/lib/python3.10/site-packages/airflow/example_dags/example_trigger_controller_dag.py took 1.545 seconds
[2024-02-06T21:57:31.887+0100] {processor.py:161} INFO - Started process (PID=32850) to work on /home/ubuntu/.local/lib/python3.10/site-packages/airflow/example_dags/example_trigger_controller_dag.py
[2024-02-06T21:57:31.890+0100] {processor.py:830} INFO - Processing file /home/ubuntu/.local/lib/python3.10/site-packages/airflow/example_dags/example_trigger_controller_dag.py for tasks to queue
[2024-02-06T21:57:31.893+0100] {logging_mixin.py:188} INFO - [2024-02-06T21:57:31.892+0100] {dagbag.py:538} INFO - Filling up the DagBag from /home/ubuntu/.local/lib/python3.10/site-packages/airflow/example_dags/example_trigger_controller_dag.py
[2024-02-06T21:57:31.906+0100] {processor.py:840} INFO - DAG(s) 'example_trigger_controller_dag' retrieved from /home/ubuntu/.local/lib/python3.10/site-packages/airflow/example_dags/example_trigger_controller_dag.py
[2024-02-06T21:57:31.951+0100] {logging_mixin.py:188} INFO - [2024-02-06T21:57:31.951+0100] {dag.py:3036} INFO - Sync 1 DAGs
[2024-02-06T21:57:31.982+0100] {logging_mixin.py:188} INFO - [2024-02-06T21:57:31.981+0100] {dag.py:3823} INFO - Setting next_dagrun for example_trigger_controller_dag to 2021-01-01 00:00:00+00:00, run_after=2021-01-01 00:00:00+00:00
[2024-02-06T21:57:32.056+0100] {processor.py:183} INFO - Processing /home/ubuntu/.local/lib/python3.10/site-packages/airflow/example_dags/example_trigger_controller_dag.py took 0.175 seconds
[2024-02-06T21:58:51.266+0100] {processor.py:161} INFO - Started process (PID=33628) to work on /home/ubuntu/.local/lib/python3.10/site-packages/airflow/example_dags/example_trigger_controller_dag.py
[2024-02-06T21:58:51.271+0100] {processor.py:830} INFO - Processing file /home/ubuntu/.local/lib/python3.10/site-packages/airflow/example_dags/example_trigger_controller_dag.py for tasks to queue
[2024-02-06T21:58:51.275+0100] {logging_mixin.py:188} INFO - [2024-02-06T21:58:51.273+0100] {dagbag.py:538} INFO - Filling up the DagBag from /home/ubuntu/.local/lib/python3.10/site-packages/airflow/example_dags/example_trigger_controller_dag.py
[2024-02-06T21:58:51.288+0100] {processor.py:840} INFO - DAG(s) 'example_trigger_controller_dag' retrieved from /home/ubuntu/.local/lib/python3.10/site-packages/airflow/example_dags/example_trigger_controller_dag.py
[2024-02-06T21:58:51.303+0100] {logging_mixin.py:188} INFO - [2024-02-06T21:58:51.302+0100] {dag.py:3036} INFO - Sync 1 DAGs
[2024-02-06T21:58:51.357+0100] {logging_mixin.py:188} INFO - [2024-02-06T21:58:51.357+0100] {dag.py:3823} INFO - Setting next_dagrun for example_trigger_controller_dag to 2021-01-01 00:00:00+00:00, run_after=2021-01-01 00:00:00+00:00
[2024-02-06T21:58:51.428+0100] {processor.py:183} INFO - Processing /home/ubuntu/.local/lib/python3.10/site-packages/airflow/example_dags/example_trigger_controller_dag.py took 0.171 seconds
[2024-02-06T21:59:03.896+0100] {processor.py:161} INFO - Started process (PID=33740) to work on /home/ubuntu/.local/lib/python3.10/site-packages/airflow/example_dags/example_trigger_controller_dag.py
[2024-02-06T21:59:03.944+0100] {processor.py:830} INFO - Processing file /home/ubuntu/.local/lib/python3.10/site-packages/airflow/example_dags/example_trigger_controller_dag.py for tasks to queue
[2024-02-06T21:59:03.947+0100] {logging_mixin.py:188} INFO - [2024-02-06T21:59:03.945+0100] {dagbag.py:538} INFO - Filling up the DagBag from /home/ubuntu/.local/lib/python3.10/site-packages/airflow/example_dags/example_trigger_controller_dag.py
[2024-02-06T21:59:03.981+0100] {processor.py:840} INFO - DAG(s) 'example_trigger_controller_dag' retrieved from /home/ubuntu/.local/lib/python3.10/site-packages/airflow/example_dags/example_trigger_controller_dag.py
[2024-02-06T21:59:04.003+0100] {logging_mixin.py:188} INFO - [2024-02-06T21:59:04.002+0100] {dag.py:3036} INFO - Sync 1 DAGs
[2024-02-06T21:59:04.138+0100] {logging_mixin.py:188} INFO - [2024-02-06T21:59:04.137+0100] {dag.py:3823} INFO - Setting next_dagrun for example_trigger_controller_dag to 2021-01-01 00:00:00+00:00, run_after=2021-01-01 00:00:00+00:00
[2024-02-06T21:59:04.303+0100] {processor.py:183} INFO - Processing /home/ubuntu/.local/lib/python3.10/site-packages/airflow/example_dags/example_trigger_controller_dag.py took 0.417 seconds
[2024-02-06T21:59:48.217+0100] {processor.py:161} INFO - Started process (PID=34219) to work on /home/ubuntu/.local/lib/python3.10/site-packages/airflow/example_dags/example_trigger_controller_dag.py
[2024-02-06T21:59:48.237+0100] {processor.py:830} INFO - Processing file /home/ubuntu/.local/lib/python3.10/site-packages/airflow/example_dags/example_trigger_controller_dag.py for tasks to queue
[2024-02-06T21:59:48.261+0100] {logging_mixin.py:188} INFO - [2024-02-06T21:59:48.246+0100] {dagbag.py:538} INFO - Filling up the DagBag from /home/ubuntu/.local/lib/python3.10/site-packages/airflow/example_dags/example_trigger_controller_dag.py
[2024-02-06T21:59:48.279+0100] {processor.py:840} INFO - DAG(s) 'example_trigger_controller_dag' retrieved from /home/ubuntu/.local/lib/python3.10/site-packages/airflow/example_dags/example_trigger_controller_dag.py
[2024-02-06T21:59:48.458+0100] {logging_mixin.py:188} INFO - [2024-02-06T21:59:48.458+0100] {dag.py:3036} INFO - Sync 1 DAGs
[2024-02-06T21:59:48.486+0100] {logging_mixin.py:188} INFO - [2024-02-06T21:59:48.486+0100] {dag.py:3823} INFO - Setting next_dagrun for example_trigger_controller_dag to 2021-01-01 00:00:00+00:00, run_after=2021-01-01 00:00:00+00:00
[2024-02-06T21:59:48.538+0100] {processor.py:183} INFO - Processing /home/ubuntu/.local/lib/python3.10/site-packages/airflow/example_dags/example_trigger_controller_dag.py took 0.370 seconds
[2024-02-06T22:00:31.224+0100] {processor.py:161} INFO - Started process (PID=34578) to work on /home/ubuntu/.local/lib/python3.10/site-packages/airflow/example_dags/example_trigger_controller_dag.py
[2024-02-06T22:00:31.237+0100] {processor.py:830} INFO - Processing file /home/ubuntu/.local/lib/python3.10/site-packages/airflow/example_dags/example_trigger_controller_dag.py for tasks to queue
[2024-02-06T22:00:31.243+0100] {logging_mixin.py:188} INFO - [2024-02-06T22:00:31.240+0100] {dagbag.py:538} INFO - Filling up the DagBag from /home/ubuntu/.local/lib/python3.10/site-packages/airflow/example_dags/example_trigger_controller_dag.py
[2024-02-06T22:00:31.278+0100] {processor.py:840} INFO - DAG(s) 'example_trigger_controller_dag' retrieved from /home/ubuntu/.local/lib/python3.10/site-packages/airflow/example_dags/example_trigger_controller_dag.py
[2024-02-06T22:00:31.405+0100] {logging_mixin.py:188} INFO - [2024-02-06T22:00:31.404+0100] {dag.py:3036} INFO - Sync 1 DAGs
[2024-02-06T22:00:31.445+0100] {logging_mixin.py:188} INFO - [2024-02-06T22:00:31.445+0100] {dag.py:3823} INFO - Setting next_dagrun for example_trigger_controller_dag to 2021-01-01 00:00:00+00:00, run_after=2021-01-01 00:00:00+00:00
[2024-02-06T22:00:31.598+0100] {processor.py:183} INFO - Processing /home/ubuntu/.local/lib/python3.10/site-packages/airflow/example_dags/example_trigger_controller_dag.py took 0.445 seconds
[2024-02-06T22:00:41.054+0100] {processor.py:161} INFO - Started process (PID=34682) to work on /home/ubuntu/.local/lib/python3.10/site-packages/airflow/example_dags/example_trigger_controller_dag.py
[2024-02-06T22:00:41.056+0100] {processor.py:830} INFO - Processing file /home/ubuntu/.local/lib/python3.10/site-packages/airflow/example_dags/example_trigger_controller_dag.py for tasks to queue
[2024-02-06T22:00:41.058+0100] {logging_mixin.py:188} INFO - [2024-02-06T22:00:41.057+0100] {dagbag.py:538} INFO - Filling up the DagBag from /home/ubuntu/.local/lib/python3.10/site-packages/airflow/example_dags/example_trigger_controller_dag.py
[2024-02-06T22:00:41.068+0100] {processor.py:840} INFO - DAG(s) 'example_trigger_controller_dag' retrieved from /home/ubuntu/.local/lib/python3.10/site-packages/airflow/example_dags/example_trigger_controller_dag.py
[2024-02-06T22:00:41.110+0100] {logging_mixin.py:188} INFO - [2024-02-06T22:00:41.109+0100] {dag.py:3036} INFO - Sync 1 DAGs
[2024-02-06T22:00:41.209+0100] {logging_mixin.py:188} INFO - [2024-02-06T22:00:41.198+0100] {dag.py:3823} INFO - Setting next_dagrun for example_trigger_controller_dag to 2021-01-01 00:00:00+00:00, run_after=2021-01-01 00:00:00+00:00
[2024-02-06T22:00:41.314+0100] {processor.py:183} INFO - Processing /home/ubuntu/.local/lib/python3.10/site-packages/airflow/example_dags/example_trigger_controller_dag.py took 0.268 seconds
[2024-02-06T22:01:23.343+0100] {processor.py:161} INFO - Started process (PID=34871) to work on /home/ubuntu/.local/lib/python3.10/site-packages/airflow/example_dags/example_trigger_controller_dag.py
[2024-02-06T22:01:23.347+0100] {processor.py:830} INFO - Processing file /home/ubuntu/.local/lib/python3.10/site-packages/airflow/example_dags/example_trigger_controller_dag.py for tasks to queue
[2024-02-06T22:01:23.351+0100] {logging_mixin.py:188} INFO - [2024-02-06T22:01:23.349+0100] {dagbag.py:538} INFO - Filling up the DagBag from /home/ubuntu/.local/lib/python3.10/site-packages/airflow/example_dags/example_trigger_controller_dag.py
[2024-02-06T22:01:23.373+0100] {processor.py:840} INFO - DAG(s) 'example_trigger_controller_dag' retrieved from /home/ubuntu/.local/lib/python3.10/site-packages/airflow/example_dags/example_trigger_controller_dag.py
[2024-02-06T22:01:23.458+0100] {logging_mixin.py:188} INFO - [2024-02-06T22:01:23.457+0100] {dag.py:3036} INFO - Sync 1 DAGs
[2024-02-06T22:01:23.515+0100] {logging_mixin.py:188} INFO - [2024-02-06T22:01:23.515+0100] {dag.py:3823} INFO - Setting next_dagrun for example_trigger_controller_dag to 2021-01-01 00:00:00+00:00, run_after=2021-01-01 00:00:00+00:00
[2024-02-06T22:01:23.626+0100] {processor.py:183} INFO - Processing /home/ubuntu/.local/lib/python3.10/site-packages/airflow/example_dags/example_trigger_controller_dag.py took 0.293 seconds
[2024-02-06T22:02:03.722+0100] {processor.py:161} INFO - Started process (PID=35264) to work on /home/ubuntu/.local/lib/python3.10/site-packages/airflow/example_dags/example_trigger_controller_dag.py
[2024-02-06T22:02:03.727+0100] {processor.py:830} INFO - Processing file /home/ubuntu/.local/lib/python3.10/site-packages/airflow/example_dags/example_trigger_controller_dag.py for tasks to queue
[2024-02-06T22:02:03.729+0100] {logging_mixin.py:188} INFO - [2024-02-06T22:02:03.728+0100] {dagbag.py:538} INFO - Filling up the DagBag from /home/ubuntu/.local/lib/python3.10/site-packages/airflow/example_dags/example_trigger_controller_dag.py
[2024-02-06T22:02:03.748+0100] {processor.py:840} INFO - DAG(s) 'example_trigger_controller_dag' retrieved from /home/ubuntu/.local/lib/python3.10/site-packages/airflow/example_dags/example_trigger_controller_dag.py
[2024-02-06T22:02:03.773+0100] {logging_mixin.py:188} INFO - [2024-02-06T22:02:03.773+0100] {dag.py:3036} INFO - Sync 1 DAGs
[2024-02-06T22:02:03.803+0100] {logging_mixin.py:188} INFO - [2024-02-06T22:02:03.803+0100] {dag.py:3823} INFO - Setting next_dagrun for example_trigger_controller_dag to 2021-01-01 00:00:00+00:00, run_after=2021-01-01 00:00:00+00:00
[2024-02-06T22:02:03.865+0100] {processor.py:183} INFO - Processing /home/ubuntu/.local/lib/python3.10/site-packages/airflow/example_dags/example_trigger_controller_dag.py took 0.147 seconds
[2024-02-06T22:02:53.201+0100] {processor.py:161} INFO - Started process (PID=35661) to work on /home/ubuntu/.local/lib/python3.10/site-packages/airflow/example_dags/example_trigger_controller_dag.py
[2024-02-06T22:02:53.205+0100] {processor.py:830} INFO - Processing file /home/ubuntu/.local/lib/python3.10/site-packages/airflow/example_dags/example_trigger_controller_dag.py for tasks to queue
[2024-02-06T22:02:53.206+0100] {logging_mixin.py:188} INFO - [2024-02-06T22:02:53.206+0100] {dagbag.py:538} INFO - Filling up the DagBag from /home/ubuntu/.local/lib/python3.10/site-packages/airflow/example_dags/example_trigger_controller_dag.py
[2024-02-06T22:02:53.215+0100] {processor.py:840} INFO - DAG(s) 'example_trigger_controller_dag' retrieved from /home/ubuntu/.local/lib/python3.10/site-packages/airflow/example_dags/example_trigger_controller_dag.py
[2024-02-06T22:02:53.239+0100] {logging_mixin.py:188} INFO - [2024-02-06T22:02:53.239+0100] {dag.py:3036} INFO - Sync 1 DAGs
[2024-02-06T22:02:53.265+0100] {logging_mixin.py:188} INFO - [2024-02-06T22:02:53.265+0100] {dag.py:3823} INFO - Setting next_dagrun for example_trigger_controller_dag to 2021-01-01 00:00:00+00:00, run_after=2021-01-01 00:00:00+00:00
[2024-02-06T22:02:53.327+0100] {processor.py:183} INFO - Processing /home/ubuntu/.local/lib/python3.10/site-packages/airflow/example_dags/example_trigger_controller_dag.py took 0.132 seconds
[2024-02-06T22:02:53.923+0100] {processor.py:161} INFO - Started process (PID=35687) to work on /home/ubuntu/.local/lib/python3.10/site-packages/airflow/example_dags/example_trigger_controller_dag.py
[2024-02-06T22:02:53.925+0100] {processor.py:830} INFO - Processing file /home/ubuntu/.local/lib/python3.10/site-packages/airflow/example_dags/example_trigger_controller_dag.py for tasks to queue
[2024-02-06T22:02:53.928+0100] {logging_mixin.py:188} INFO - [2024-02-06T22:02:53.927+0100] {dagbag.py:538} INFO - Filling up the DagBag from /home/ubuntu/.local/lib/python3.10/site-packages/airflow/example_dags/example_trigger_controller_dag.py
[2024-02-06T22:02:53.942+0100] {processor.py:840} INFO - DAG(s) 'example_trigger_controller_dag' retrieved from /home/ubuntu/.local/lib/python3.10/site-packages/airflow/example_dags/example_trigger_controller_dag.py
[2024-02-06T22:02:53.989+0100] {logging_mixin.py:188} INFO - [2024-02-06T22:02:53.988+0100] {dag.py:3036} INFO - Sync 1 DAGs
[2024-02-06T22:02:54.037+0100] {logging_mixin.py:188} INFO - [2024-02-06T22:02:54.036+0100] {dag.py:3823} INFO - Setting next_dagrun for example_trigger_controller_dag to 2021-01-01 00:00:00+00:00, run_after=2021-01-01 00:00:00+00:00
[2024-02-06T22:02:54.093+0100] {processor.py:183} INFO - Processing /home/ubuntu/.local/lib/python3.10/site-packages/airflow/example_dags/example_trigger_controller_dag.py took 0.179 seconds
[2024-02-06T22:03:44.481+0100] {processor.py:161} INFO - Started process (PID=36240) to work on /home/ubuntu/.local/lib/python3.10/site-packages/airflow/example_dags/example_trigger_controller_dag.py
[2024-02-06T22:03:44.484+0100] {processor.py:830} INFO - Processing file /home/ubuntu/.local/lib/python3.10/site-packages/airflow/example_dags/example_trigger_controller_dag.py for tasks to queue
[2024-02-06T22:03:44.486+0100] {logging_mixin.py:188} INFO - [2024-02-06T22:03:44.484+0100] {dagbag.py:538} INFO - Filling up the DagBag from /home/ubuntu/.local/lib/python3.10/site-packages/airflow/example_dags/example_trigger_controller_dag.py
[2024-02-06T22:03:44.501+0100] {processor.py:840} INFO - DAG(s) 'example_trigger_controller_dag' retrieved from /home/ubuntu/.local/lib/python3.10/site-packages/airflow/example_dags/example_trigger_controller_dag.py
[2024-02-06T22:03:44.535+0100] {logging_mixin.py:188} INFO - [2024-02-06T22:03:44.535+0100] {dag.py:3036} INFO - Sync 1 DAGs
[2024-02-06T22:03:44.570+0100] {logging_mixin.py:188} INFO - [2024-02-06T22:03:44.569+0100] {dag.py:3823} INFO - Setting next_dagrun for example_trigger_controller_dag to 2021-01-01 00:00:00+00:00, run_after=2021-01-01 00:00:00+00:00
[2024-02-06T22:03:44.645+0100] {processor.py:183} INFO - Processing /home/ubuntu/.local/lib/python3.10/site-packages/airflow/example_dags/example_trigger_controller_dag.py took 0.171 seconds
[2024-02-06T22:03:44.917+0100] {processor.py:161} INFO - Started process (PID=36251) to work on /home/ubuntu/.local/lib/python3.10/site-packages/airflow/example_dags/example_trigger_controller_dag.py
[2024-02-06T22:03:44.918+0100] {processor.py:830} INFO - Processing file /home/ubuntu/.local/lib/python3.10/site-packages/airflow/example_dags/example_trigger_controller_dag.py for tasks to queue
[2024-02-06T22:03:44.920+0100] {logging_mixin.py:188} INFO - [2024-02-06T22:03:44.919+0100] {dagbag.py:538} INFO - Filling up the DagBag from /home/ubuntu/.local/lib/python3.10/site-packages/airflow/example_dags/example_trigger_controller_dag.py
[2024-02-06T22:03:44.932+0100] {processor.py:840} INFO - DAG(s) 'example_trigger_controller_dag' retrieved from /home/ubuntu/.local/lib/python3.10/site-packages/airflow/example_dags/example_trigger_controller_dag.py
[2024-02-06T22:03:44.960+0100] {logging_mixin.py:188} INFO - [2024-02-06T22:03:44.960+0100] {dag.py:3036} INFO - Sync 1 DAGs
[2024-02-06T22:03:45.000+0100] {logging_mixin.py:188} INFO - [2024-02-06T22:03:45.000+0100] {dag.py:3823} INFO - Setting next_dagrun for example_trigger_controller_dag to 2021-01-01 00:00:00+00:00, run_after=2021-01-01 00:00:00+00:00
[2024-02-06T22:03:45.076+0100] {processor.py:183} INFO - Processing /home/ubuntu/.local/lib/python3.10/site-packages/airflow/example_dags/example_trigger_controller_dag.py took 0.166 seconds
[2024-02-06T22:06:01.768+0100] {processor.py:161} INFO - Started process (PID=37254) to work on /home/ubuntu/.local/lib/python3.10/site-packages/airflow/example_dags/example_trigger_controller_dag.py
[2024-02-06T22:06:01.784+0100] {processor.py:830} INFO - Processing file /home/ubuntu/.local/lib/python3.10/site-packages/airflow/example_dags/example_trigger_controller_dag.py for tasks to queue
[2024-02-06T22:06:01.787+0100] {logging_mixin.py:188} INFO - [2024-02-06T22:06:01.786+0100] {dagbag.py:538} INFO - Filling up the DagBag from /home/ubuntu/.local/lib/python3.10/site-packages/airflow/example_dags/example_trigger_controller_dag.py
[2024-02-06T22:06:01.823+0100] {processor.py:840} INFO - DAG(s) 'example_trigger_controller_dag' retrieved from /home/ubuntu/.local/lib/python3.10/site-packages/airflow/example_dags/example_trigger_controller_dag.py
[2024-02-06T22:06:01.849+0100] {logging_mixin.py:188} INFO - [2024-02-06T22:06:01.849+0100] {dag.py:3036} INFO - Sync 1 DAGs
[2024-02-06T22:06:01.915+0100] {logging_mixin.py:188} INFO - [2024-02-06T22:06:01.914+0100] {dag.py:3823} INFO - Setting next_dagrun for example_trigger_controller_dag to 2021-01-01 00:00:00+00:00, run_after=2021-01-01 00:00:00+00:00
[2024-02-06T22:06:02.002+0100] {processor.py:183} INFO - Processing /home/ubuntu/.local/lib/python3.10/site-packages/airflow/example_dags/example_trigger_controller_dag.py took 0.239 seconds
[2024-02-06T22:07:32.562+0100] {processor.py:161} INFO - Started process (PID=38112) to work on /home/ubuntu/.local/lib/python3.10/site-packages/airflow/example_dags/example_trigger_controller_dag.py
[2024-02-06T22:07:32.566+0100] {processor.py:830} INFO - Processing file /home/ubuntu/.local/lib/python3.10/site-packages/airflow/example_dags/example_trigger_controller_dag.py for tasks to queue
[2024-02-06T22:07:32.568+0100] {logging_mixin.py:188} INFO - [2024-02-06T22:07:32.568+0100] {dagbag.py:538} INFO - Filling up the DagBag from /home/ubuntu/.local/lib/python3.10/site-packages/airflow/example_dags/example_trigger_controller_dag.py
[2024-02-06T22:07:32.576+0100] {processor.py:840} INFO - DAG(s) 'example_trigger_controller_dag' retrieved from /home/ubuntu/.local/lib/python3.10/site-packages/airflow/example_dags/example_trigger_controller_dag.py
[2024-02-06T22:07:32.695+0100] {logging_mixin.py:188} INFO - [2024-02-06T22:07:32.695+0100] {dag.py:3036} INFO - Sync 1 DAGs
[2024-02-06T22:07:32.720+0100] {logging_mixin.py:188} INFO - [2024-02-06T22:07:32.719+0100] {dag.py:3823} INFO - Setting next_dagrun for example_trigger_controller_dag to 2021-01-01 00:00:00+00:00, run_after=2021-01-01 00:00:00+00:00
[2024-02-06T22:07:32.817+0100] {processor.py:183} INFO - Processing /home/ubuntu/.local/lib/python3.10/site-packages/airflow/example_dags/example_trigger_controller_dag.py took 0.264 seconds
[2024-02-06T22:10:34.846+0100] {processor.py:161} INFO - Started process (PID=38992) to work on /home/ubuntu/.local/lib/python3.10/site-packages/airflow/example_dags/example_trigger_controller_dag.py
[2024-02-06T22:10:34.851+0100] {processor.py:830} INFO - Processing file /home/ubuntu/.local/lib/python3.10/site-packages/airflow/example_dags/example_trigger_controller_dag.py for tasks to queue
[2024-02-06T22:10:34.856+0100] {logging_mixin.py:188} INFO - [2024-02-06T22:10:34.853+0100] {dagbag.py:538} INFO - Filling up the DagBag from /home/ubuntu/.local/lib/python3.10/site-packages/airflow/example_dags/example_trigger_controller_dag.py
[2024-02-06T22:10:34.887+0100] {processor.py:840} INFO - DAG(s) 'example_trigger_controller_dag' retrieved from /home/ubuntu/.local/lib/python3.10/site-packages/airflow/example_dags/example_trigger_controller_dag.py
[2024-02-06T22:10:35.001+0100] {logging_mixin.py:188} INFO - [2024-02-06T22:10:35.001+0100] {dag.py:3036} INFO - Sync 1 DAGs
[2024-02-06T22:10:35.095+0100] {logging_mixin.py:188} INFO - [2024-02-06T22:10:35.091+0100] {dag.py:3823} INFO - Setting next_dagrun for example_trigger_controller_dag to 2021-01-01 00:00:00+00:00, run_after=2021-01-01 00:00:00+00:00
[2024-02-06T22:10:35.192+0100] {processor.py:183} INFO - Processing /home/ubuntu/.local/lib/python3.10/site-packages/airflow/example_dags/example_trigger_controller_dag.py took 0.357 seconds
[2024-02-06T22:13:01.319+0100] {processor.py:161} INFO - Started process (PID=39936) to work on /home/ubuntu/.local/lib/python3.10/site-packages/airflow/example_dags/example_trigger_controller_dag.py
[2024-02-06T22:13:01.323+0100] {processor.py:830} INFO - Processing file /home/ubuntu/.local/lib/python3.10/site-packages/airflow/example_dags/example_trigger_controller_dag.py for tasks to queue
[2024-02-06T22:13:01.324+0100] {logging_mixin.py:188} INFO - [2024-02-06T22:13:01.324+0100] {dagbag.py:538} INFO - Filling up the DagBag from /home/ubuntu/.local/lib/python3.10/site-packages/airflow/example_dags/example_trigger_controller_dag.py
[2024-02-06T22:13:01.341+0100] {processor.py:840} INFO - DAG(s) 'example_trigger_controller_dag' retrieved from /home/ubuntu/.local/lib/python3.10/site-packages/airflow/example_dags/example_trigger_controller_dag.py
[2024-02-06T22:13:01.359+0100] {logging_mixin.py:188} INFO - [2024-02-06T22:13:01.359+0100] {dag.py:3036} INFO - Sync 1 DAGs
[2024-02-06T22:13:01.392+0100] {logging_mixin.py:188} INFO - [2024-02-06T22:13:01.392+0100] {dag.py:3823} INFO - Setting next_dagrun for example_trigger_controller_dag to 2021-01-01 00:00:00+00:00, run_after=2021-01-01 00:00:00+00:00
[2024-02-06T22:13:01.440+0100] {processor.py:183} INFO - Processing /home/ubuntu/.local/lib/python3.10/site-packages/airflow/example_dags/example_trigger_controller_dag.py took 0.129 seconds
[2024-02-06T22:14:27.443+0100] {processor.py:161} INFO - Started process (PID=40865) to work on /home/ubuntu/.local/lib/python3.10/site-packages/airflow/example_dags/example_trigger_controller_dag.py
[2024-02-06T22:14:27.453+0100] {processor.py:830} INFO - Processing file /home/ubuntu/.local/lib/python3.10/site-packages/airflow/example_dags/example_trigger_controller_dag.py for tasks to queue
[2024-02-06T22:14:27.454+0100] {logging_mixin.py:188} INFO - [2024-02-06T22:14:27.454+0100] {dagbag.py:538} INFO - Filling up the DagBag from /home/ubuntu/.local/lib/python3.10/site-packages/airflow/example_dags/example_trigger_controller_dag.py
[2024-02-06T22:14:27.463+0100] {processor.py:840} INFO - DAG(s) 'example_trigger_controller_dag' retrieved from /home/ubuntu/.local/lib/python3.10/site-packages/airflow/example_dags/example_trigger_controller_dag.py
[2024-02-06T22:14:27.597+0100] {logging_mixin.py:188} INFO - [2024-02-06T22:14:27.597+0100] {dag.py:3036} INFO - Sync 1 DAGs
[2024-02-06T22:14:27.618+0100] {logging_mixin.py:188} INFO - [2024-02-06T22:14:27.618+0100] {dag.py:3823} INFO - Setting next_dagrun for example_trigger_controller_dag to 2021-01-01 00:00:00+00:00, run_after=2021-01-01 00:00:00+00:00
[2024-02-06T22:14:27.742+0100] {processor.py:183} INFO - Processing /home/ubuntu/.local/lib/python3.10/site-packages/airflow/example_dags/example_trigger_controller_dag.py took 0.306 seconds
[2024-02-06T22:15:32.611+0100] {processor.py:161} INFO - Started process (PID=41619) to work on /home/ubuntu/.local/lib/python3.10/site-packages/airflow/example_dags/example_trigger_controller_dag.py
[2024-02-06T22:15:32.616+0100] {processor.py:830} INFO - Processing file /home/ubuntu/.local/lib/python3.10/site-packages/airflow/example_dags/example_trigger_controller_dag.py for tasks to queue
[2024-02-06T22:15:32.617+0100] {logging_mixin.py:188} INFO - [2024-02-06T22:15:32.617+0100] {dagbag.py:538} INFO - Filling up the DagBag from /home/ubuntu/.local/lib/python3.10/site-packages/airflow/example_dags/example_trigger_controller_dag.py
[2024-02-06T22:15:32.628+0100] {processor.py:840} INFO - DAG(s) 'example_trigger_controller_dag' retrieved from /home/ubuntu/.local/lib/python3.10/site-packages/airflow/example_dags/example_trigger_controller_dag.py
[2024-02-06T22:15:32.654+0100] {logging_mixin.py:188} INFO - [2024-02-06T22:15:32.653+0100] {dag.py:3036} INFO - Sync 1 DAGs
[2024-02-06T22:15:32.687+0100] {logging_mixin.py:188} INFO - [2024-02-06T22:15:32.687+0100] {dag.py:3823} INFO - Setting next_dagrun for example_trigger_controller_dag to 2021-01-01 00:00:00+00:00, run_after=2021-01-01 00:00:00+00:00
[2024-02-06T22:15:32.764+0100] {processor.py:183} INFO - Processing /home/ubuntu/.local/lib/python3.10/site-packages/airflow/example_dags/example_trigger_controller_dag.py took 0.157 seconds
[2024-02-06T22:26:02.164+0100] {processor.py:161} INFO - Started process (PID=49232) to work on /home/ubuntu/.local/lib/python3.10/site-packages/airflow/example_dags/example_trigger_controller_dag.py
[2024-02-06T22:26:02.207+0100] {processor.py:830} INFO - Processing file /home/ubuntu/.local/lib/python3.10/site-packages/airflow/example_dags/example_trigger_controller_dag.py for tasks to queue
[2024-02-06T22:26:02.214+0100] {logging_mixin.py:188} INFO - [2024-02-06T22:26:02.213+0100] {dagbag.py:538} INFO - Filling up the DagBag from /home/ubuntu/.local/lib/python3.10/site-packages/airflow/example_dags/example_trigger_controller_dag.py
[2024-02-06T22:26:02.228+0100] {processor.py:840} INFO - DAG(s) 'example_trigger_controller_dag' retrieved from /home/ubuntu/.local/lib/python3.10/site-packages/airflow/example_dags/example_trigger_controller_dag.py
[2024-02-06T22:26:02.300+0100] {logging_mixin.py:188} INFO - [2024-02-06T22:26:02.299+0100] {dag.py:3036} INFO - Sync 1 DAGs
[2024-02-06T22:26:02.386+0100] {logging_mixin.py:188} INFO - [2024-02-06T22:26:02.385+0100] {dag.py:3823} INFO - Setting next_dagrun for example_trigger_controller_dag to 2021-01-01 00:00:00+00:00, run_after=2021-01-01 00:00:00+00:00
[2024-02-06T22:26:02.485+0100] {processor.py:183} INFO - Processing /home/ubuntu/.local/lib/python3.10/site-packages/airflow/example_dags/example_trigger_controller_dag.py took 0.327 seconds
[2024-02-06T22:27:50.715+0100] {processor.py:161} INFO - Started process (PID=50011) to work on /home/ubuntu/.local/lib/python3.10/site-packages/airflow/example_dags/example_trigger_controller_dag.py
[2024-02-06T22:27:50.720+0100] {processor.py:830} INFO - Processing file /home/ubuntu/.local/lib/python3.10/site-packages/airflow/example_dags/example_trigger_controller_dag.py for tasks to queue
[2024-02-06T22:27:50.722+0100] {logging_mixin.py:188} INFO - [2024-02-06T22:27:50.721+0100] {dagbag.py:538} INFO - Filling up the DagBag from /home/ubuntu/.local/lib/python3.10/site-packages/airflow/example_dags/example_trigger_controller_dag.py
[2024-02-06T22:27:50.747+0100] {processor.py:840} INFO - DAG(s) 'example_trigger_controller_dag' retrieved from /home/ubuntu/.local/lib/python3.10/site-packages/airflow/example_dags/example_trigger_controller_dag.py
[2024-02-06T22:27:50.792+0100] {logging_mixin.py:188} INFO - [2024-02-06T22:27:50.792+0100] {dag.py:3036} INFO - Sync 1 DAGs
[2024-02-06T22:27:50.871+0100] {logging_mixin.py:188} INFO - [2024-02-06T22:27:50.870+0100] {dag.py:3823} INFO - Setting next_dagrun for example_trigger_controller_dag to 2021-01-01 00:00:00+00:00, run_after=2021-01-01 00:00:00+00:00
[2024-02-06T22:27:50.963+0100] {processor.py:183} INFO - Processing /home/ubuntu/.local/lib/python3.10/site-packages/airflow/example_dags/example_trigger_controller_dag.py took 0.255 seconds
[2024-02-06T22:35:09.141+0100] {processor.py:161} INFO - Started process (PID=55623) to work on /home/ubuntu/.local/lib/python3.10/site-packages/airflow/example_dags/example_trigger_controller_dag.py
[2024-02-06T22:35:09.148+0100] {processor.py:830} INFO - Processing file /home/ubuntu/.local/lib/python3.10/site-packages/airflow/example_dags/example_trigger_controller_dag.py for tasks to queue
[2024-02-06T22:35:09.154+0100] {logging_mixin.py:188} INFO - [2024-02-06T22:35:09.151+0100] {dagbag.py:538} INFO - Filling up the DagBag from /home/ubuntu/.local/lib/python3.10/site-packages/airflow/example_dags/example_trigger_controller_dag.py
[2024-02-06T22:35:09.186+0100] {processor.py:840} INFO - DAG(s) 'example_trigger_controller_dag' retrieved from /home/ubuntu/.local/lib/python3.10/site-packages/airflow/example_dags/example_trigger_controller_dag.py
[2024-02-06T22:35:09.731+0100] {logging_mixin.py:188} INFO - [2024-02-06T22:35:09.730+0100] {dag.py:3036} INFO - Sync 1 DAGs
[2024-02-06T22:35:09.816+0100] {logging_mixin.py:188} INFO - [2024-02-06T22:35:09.815+0100] {dag.py:3823} INFO - Setting next_dagrun for example_trigger_controller_dag to 2021-01-01 00:00:00+00:00, run_after=2021-01-01 00:00:00+00:00
[2024-02-06T22:35:09.924+0100] {processor.py:183} INFO - Processing /home/ubuntu/.local/lib/python3.10/site-packages/airflow/example_dags/example_trigger_controller_dag.py took 0.793 seconds
[2024-02-06T23:14:02.973+0100] {processor.py:161} INFO - Started process (PID=63884) to work on /home/ubuntu/.local/lib/python3.10/site-packages/airflow/example_dags/example_trigger_controller_dag.py
[2024-02-06T23:14:02.984+0100] {processor.py:830} INFO - Processing file /home/ubuntu/.local/lib/python3.10/site-packages/airflow/example_dags/example_trigger_controller_dag.py for tasks to queue
[2024-02-06T23:14:02.987+0100] {logging_mixin.py:188} INFO - [2024-02-06T23:14:02.986+0100] {dagbag.py:538} INFO - Filling up the DagBag from /home/ubuntu/.local/lib/python3.10/site-packages/airflow/example_dags/example_trigger_controller_dag.py
[2024-02-06T23:14:03.008+0100] {processor.py:840} INFO - DAG(s) 'example_trigger_controller_dag' retrieved from /home/ubuntu/.local/lib/python3.10/site-packages/airflow/example_dags/example_trigger_controller_dag.py
[2024-02-06T23:14:03.255+0100] {logging_mixin.py:188} INFO - [2024-02-06T23:14:03.255+0100] {dag.py:3036} INFO - Sync 1 DAGs
[2024-02-06T23:14:03.301+0100] {logging_mixin.py:188} INFO - [2024-02-06T23:14:03.300+0100] {dag.py:3823} INFO - Setting next_dagrun for example_trigger_controller_dag to 2021-01-01 00:00:00+00:00, run_after=2021-01-01 00:00:00+00:00
[2024-02-06T23:14:03.418+0100] {processor.py:183} INFO - Processing /home/ubuntu/.local/lib/python3.10/site-packages/airflow/example_dags/example_trigger_controller_dag.py took 0.452 seconds
[2024-02-06T23:16:13.161+0100] {processor.py:161} INFO - Started process (PID=65414) to work on /home/ubuntu/.local/lib/python3.10/site-packages/airflow/example_dags/example_trigger_controller_dag.py
[2024-02-06T23:16:13.173+0100] {processor.py:830} INFO - Processing file /home/ubuntu/.local/lib/python3.10/site-packages/airflow/example_dags/example_trigger_controller_dag.py for tasks to queue
[2024-02-06T23:16:13.175+0100] {logging_mixin.py:188} INFO - [2024-02-06T23:16:13.174+0100] {dagbag.py:538} INFO - Filling up the DagBag from /home/ubuntu/.local/lib/python3.10/site-packages/airflow/example_dags/example_trigger_controller_dag.py
[2024-02-06T23:16:13.189+0100] {processor.py:840} INFO - DAG(s) 'example_trigger_controller_dag' retrieved from /home/ubuntu/.local/lib/python3.10/site-packages/airflow/example_dags/example_trigger_controller_dag.py
[2024-02-06T23:16:13.236+0100] {logging_mixin.py:188} INFO - [2024-02-06T23:16:13.236+0100] {dag.py:3036} INFO - Sync 1 DAGs
[2024-02-06T23:16:13.290+0100] {logging_mixin.py:188} INFO - [2024-02-06T23:16:13.289+0100] {dag.py:3823} INFO - Setting next_dagrun for example_trigger_controller_dag to 2021-01-01 00:00:00+00:00, run_after=2021-01-01 00:00:00+00:00
[2024-02-06T23:16:13.382+0100] {processor.py:183} INFO - Processing /home/ubuntu/.local/lib/python3.10/site-packages/airflow/example_dags/example_trigger_controller_dag.py took 0.228 seconds
[2024-02-06T23:29:09.174+0100] {processor.py:161} INFO - Started process (PID=72110) to work on /home/ubuntu/.local/lib/python3.10/site-packages/airflow/example_dags/example_trigger_controller_dag.py
[2024-02-06T23:29:09.193+0100] {processor.py:830} INFO - Processing file /home/ubuntu/.local/lib/python3.10/site-packages/airflow/example_dags/example_trigger_controller_dag.py for tasks to queue
[2024-02-06T23:29:09.196+0100] {logging_mixin.py:188} INFO - [2024-02-06T23:29:09.195+0100] {dagbag.py:538} INFO - Filling up the DagBag from /home/ubuntu/.local/lib/python3.10/site-packages/airflow/example_dags/example_trigger_controller_dag.py
[2024-02-06T23:29:09.226+0100] {processor.py:840} INFO - DAG(s) 'example_trigger_controller_dag' retrieved from /home/ubuntu/.local/lib/python3.10/site-packages/airflow/example_dags/example_trigger_controller_dag.py
[2024-02-06T23:29:09.732+0100] {logging_mixin.py:188} INFO - [2024-02-06T23:29:09.729+0100] {dag.py:3036} INFO - Sync 1 DAGs
[2024-02-06T23:29:09.810+0100] {logging_mixin.py:188} INFO - [2024-02-06T23:29:09.809+0100] {dag.py:3823} INFO - Setting next_dagrun for example_trigger_controller_dag to 2021-01-01 00:00:00+00:00, run_after=2021-01-01 00:00:00+00:00
[2024-02-06T23:29:09.945+0100] {processor.py:183} INFO - Processing /home/ubuntu/.local/lib/python3.10/site-packages/airflow/example_dags/example_trigger_controller_dag.py took 0.782 seconds
