[2024-02-06T21:28:28.544+0100] {processor.py:161} INFO - Started process (PID=23877) to work on /home/ubuntu/.local/lib/python3.10/site-packages/airflow/example_dags/example_dag_decorator.py
[2024-02-06T21:28:28.546+0100] {processor.py:830} INFO - Processing file /home/ubuntu/.local/lib/python3.10/site-packages/airflow/example_dags/example_dag_decorator.py for tasks to queue
[2024-02-06T21:28:28.548+0100] {logging_mixin.py:188} INFO - [2024-02-06T21:28:28.547+0100] {dagbag.py:538} INFO - Filling up the DagBag from /home/ubuntu/.local/lib/python3.10/site-packages/airflow/example_dags/example_dag_decorator.py
[2024-02-06T21:28:28.723+0100] {processor.py:840} INFO - DAG(s) 'example_dag_decorator' retrieved from /home/ubuntu/.local/lib/python3.10/site-packages/airflow/example_dags/example_dag_decorator.py
[2024-02-06T21:28:28.912+0100] {logging_mixin.py:188} INFO - [2024-02-06T21:28:28.912+0100] {dag.py:3036} INFO - Sync 1 DAGs
[2024-02-06T21:28:28.939+0100] {logging_mixin.py:188} INFO - [2024-02-06T21:28:28.938+0100] {dag.py:3823} INFO - Setting next_dagrun for example_dag_decorator to None, run_after=None
[2024-02-06T21:28:29.008+0100] {processor.py:183} INFO - Processing /home/ubuntu/.local/lib/python3.10/site-packages/airflow/example_dags/example_dag_decorator.py took 0.473 seconds
[2024-02-06T21:29:52.858+0100] {processor.py:161} INFO - Started process (PID=24584) to work on /home/ubuntu/.local/lib/python3.10/site-packages/airflow/example_dags/example_dag_decorator.py
[2024-02-06T21:29:52.862+0100] {processor.py:830} INFO - Processing file /home/ubuntu/.local/lib/python3.10/site-packages/airflow/example_dags/example_dag_decorator.py for tasks to queue
[2024-02-06T21:29:52.864+0100] {logging_mixin.py:188} INFO - [2024-02-06T21:29:52.863+0100] {dagbag.py:538} INFO - Filling up the DagBag from /home/ubuntu/.local/lib/python3.10/site-packages/airflow/example_dags/example_dag_decorator.py
[2024-02-06T21:29:53.083+0100] {processor.py:840} INFO - DAG(s) 'example_dag_decorator' retrieved from /home/ubuntu/.local/lib/python3.10/site-packages/airflow/example_dags/example_dag_decorator.py
[2024-02-06T21:29:53.269+0100] {logging_mixin.py:188} INFO - [2024-02-06T21:29:53.269+0100] {dag.py:3036} INFO - Sync 1 DAGs
[2024-02-06T21:29:53.283+0100] {logging_mixin.py:188} INFO - [2024-02-06T21:29:53.283+0100] {dag.py:3823} INFO - Setting next_dagrun for example_dag_decorator to None, run_after=None
[2024-02-06T21:29:53.335+0100] {processor.py:183} INFO - Processing /home/ubuntu/.local/lib/python3.10/site-packages/airflow/example_dags/example_dag_decorator.py took 0.485 seconds
[2024-02-06T21:31:30.802+0100] {processor.py:161} INFO - Started process (PID=25000) to work on /home/ubuntu/.local/lib/python3.10/site-packages/airflow/example_dags/example_dag_decorator.py
[2024-02-06T21:31:30.807+0100] {processor.py:830} INFO - Processing file /home/ubuntu/.local/lib/python3.10/site-packages/airflow/example_dags/example_dag_decorator.py for tasks to queue
[2024-02-06T21:31:30.809+0100] {logging_mixin.py:188} INFO - [2024-02-06T21:31:30.808+0100] {dagbag.py:538} INFO - Filling up the DagBag from /home/ubuntu/.local/lib/python3.10/site-packages/airflow/example_dags/example_dag_decorator.py
[2024-02-06T21:31:30.957+0100] {processor.py:840} INFO - DAG(s) 'example_dag_decorator' retrieved from /home/ubuntu/.local/lib/python3.10/site-packages/airflow/example_dags/example_dag_decorator.py
[2024-02-06T21:31:31.076+0100] {logging_mixin.py:188} INFO - [2024-02-06T21:31:31.075+0100] {dag.py:3036} INFO - Sync 1 DAGs
[2024-02-06T21:31:31.091+0100] {logging_mixin.py:188} INFO - [2024-02-06T21:31:31.090+0100] {dag.py:3823} INFO - Setting next_dagrun for example_dag_decorator to None, run_after=None
[2024-02-06T21:31:31.179+0100] {processor.py:183} INFO - Processing /home/ubuntu/.local/lib/python3.10/site-packages/airflow/example_dags/example_dag_decorator.py took 0.382 seconds
[2024-02-06T21:32:44.361+0100] {processor.py:161} INFO - Started process (PID=25255) to work on /home/ubuntu/.local/lib/python3.10/site-packages/airflow/example_dags/example_dag_decorator.py
[2024-02-06T21:32:44.364+0100] {processor.py:830} INFO - Processing file /home/ubuntu/.local/lib/python3.10/site-packages/airflow/example_dags/example_dag_decorator.py for tasks to queue
[2024-02-06T21:32:44.373+0100] {logging_mixin.py:188} INFO - [2024-02-06T21:32:44.372+0100] {dagbag.py:538} INFO - Filling up the DagBag from /home/ubuntu/.local/lib/python3.10/site-packages/airflow/example_dags/example_dag_decorator.py
[2024-02-06T21:32:44.683+0100] {processor.py:840} INFO - DAG(s) 'example_dag_decorator' retrieved from /home/ubuntu/.local/lib/python3.10/site-packages/airflow/example_dags/example_dag_decorator.py
[2024-02-06T21:32:45.091+0100] {logging_mixin.py:188} INFO - [2024-02-06T21:32:45.090+0100] {dag.py:3036} INFO - Sync 1 DAGs
[2024-02-06T21:32:45.115+0100] {logging_mixin.py:188} INFO - [2024-02-06T21:32:45.115+0100] {dag.py:3823} INFO - Setting next_dagrun for example_dag_decorator to None, run_after=None
[2024-02-06T21:32:45.171+0100] {processor.py:183} INFO - Processing /home/ubuntu/.local/lib/python3.10/site-packages/airflow/example_dags/example_dag_decorator.py took 0.819 seconds
[2024-02-06T21:40:44.426+0100] {processor.py:161} INFO - Started process (PID=27811) to work on /home/ubuntu/.local/lib/python3.10/site-packages/airflow/example_dags/example_dag_decorator.py
[2024-02-06T21:40:44.436+0100] {processor.py:830} INFO - Processing file /home/ubuntu/.local/lib/python3.10/site-packages/airflow/example_dags/example_dag_decorator.py for tasks to queue
[2024-02-06T21:40:44.437+0100] {logging_mixin.py:188} INFO - [2024-02-06T21:40:44.437+0100] {dagbag.py:538} INFO - Filling up the DagBag from /home/ubuntu/.local/lib/python3.10/site-packages/airflow/example_dags/example_dag_decorator.py
[2024-02-06T21:40:44.755+0100] {processor.py:840} INFO - DAG(s) 'example_dag_decorator' retrieved from /home/ubuntu/.local/lib/python3.10/site-packages/airflow/example_dags/example_dag_decorator.py
[2024-02-06T21:40:45.017+0100] {logging_mixin.py:188} INFO - [2024-02-06T21:40:45.016+0100] {dag.py:3036} INFO - Sync 1 DAGs
[2024-02-06T21:40:45.050+0100] {logging_mixin.py:188} INFO - [2024-02-06T21:40:45.050+0100] {dag.py:3823} INFO - Setting next_dagrun for example_dag_decorator to None, run_after=None
[2024-02-06T21:40:45.166+0100] {processor.py:183} INFO - Processing /home/ubuntu/.local/lib/python3.10/site-packages/airflow/example_dags/example_dag_decorator.py took 0.747 seconds
[2024-02-06T21:41:23.709+0100] {processor.py:161} INFO - Started process (PID=27998) to work on /home/ubuntu/.local/lib/python3.10/site-packages/airflow/example_dags/example_dag_decorator.py
[2024-02-06T21:41:23.721+0100] {processor.py:830} INFO - Processing file /home/ubuntu/.local/lib/python3.10/site-packages/airflow/example_dags/example_dag_decorator.py for tasks to queue
[2024-02-06T21:41:23.724+0100] {logging_mixin.py:188} INFO - [2024-02-06T21:41:23.722+0100] {dagbag.py:538} INFO - Filling up the DagBag from /home/ubuntu/.local/lib/python3.10/site-packages/airflow/example_dags/example_dag_decorator.py
[2024-02-06T21:41:24.321+0100] {processor.py:840} INFO - DAG(s) 'example_dag_decorator' retrieved from /home/ubuntu/.local/lib/python3.10/site-packages/airflow/example_dags/example_dag_decorator.py
[2024-02-06T21:41:24.685+0100] {logging_mixin.py:188} INFO - [2024-02-06T21:41:24.684+0100] {dag.py:3036} INFO - Sync 1 DAGs
[2024-02-06T21:41:24.713+0100] {logging_mixin.py:188} INFO - [2024-02-06T21:41:24.712+0100] {dag.py:3823} INFO - Setting next_dagrun for example_dag_decorator to None, run_after=None
[2024-02-06T21:41:24.825+0100] {processor.py:183} INFO - Processing /home/ubuntu/.local/lib/python3.10/site-packages/airflow/example_dags/example_dag_decorator.py took 1.140 seconds
[2024-02-06T21:42:10.290+0100] {processor.py:161} INFO - Started process (PID=28262) to work on /home/ubuntu/.local/lib/python3.10/site-packages/airflow/example_dags/example_dag_decorator.py
[2024-02-06T21:42:10.293+0100] {processor.py:830} INFO - Processing file /home/ubuntu/.local/lib/python3.10/site-packages/airflow/example_dags/example_dag_decorator.py for tasks to queue
[2024-02-06T21:42:10.295+0100] {logging_mixin.py:188} INFO - [2024-02-06T21:42:10.294+0100] {dagbag.py:538} INFO - Filling up the DagBag from /home/ubuntu/.local/lib/python3.10/site-packages/airflow/example_dags/example_dag_decorator.py
[2024-02-06T21:42:10.513+0100] {processor.py:840} INFO - DAG(s) 'example_dag_decorator' retrieved from /home/ubuntu/.local/lib/python3.10/site-packages/airflow/example_dags/example_dag_decorator.py
[2024-02-06T21:42:10.749+0100] {logging_mixin.py:188} INFO - [2024-02-06T21:42:10.748+0100] {dag.py:3036} INFO - Sync 1 DAGs
[2024-02-06T21:42:10.772+0100] {logging_mixin.py:188} INFO - [2024-02-06T21:42:10.771+0100] {dag.py:3823} INFO - Setting next_dagrun for example_dag_decorator to None, run_after=None
[2024-02-06T21:42:10.924+0100] {processor.py:183} INFO - Processing /home/ubuntu/.local/lib/python3.10/site-packages/airflow/example_dags/example_dag_decorator.py took 0.641 seconds
[2024-02-06T21:42:54.512+0100] {processor.py:161} INFO - Started process (PID=28510) to work on /home/ubuntu/.local/lib/python3.10/site-packages/airflow/example_dags/example_dag_decorator.py
[2024-02-06T21:42:54.516+0100] {processor.py:830} INFO - Processing file /home/ubuntu/.local/lib/python3.10/site-packages/airflow/example_dags/example_dag_decorator.py for tasks to queue
[2024-02-06T21:42:54.518+0100] {logging_mixin.py:188} INFO - [2024-02-06T21:42:54.517+0100] {dagbag.py:538} INFO - Filling up the DagBag from /home/ubuntu/.local/lib/python3.10/site-packages/airflow/example_dags/example_dag_decorator.py
[2024-02-06T21:42:54.661+0100] {processor.py:840} INFO - DAG(s) 'example_dag_decorator' retrieved from /home/ubuntu/.local/lib/python3.10/site-packages/airflow/example_dags/example_dag_decorator.py
[2024-02-06T21:42:54.784+0100] {logging_mixin.py:188} INFO - [2024-02-06T21:42:54.783+0100] {dag.py:3036} INFO - Sync 1 DAGs
[2024-02-06T21:42:54.802+0100] {logging_mixin.py:188} INFO - [2024-02-06T21:42:54.801+0100] {dag.py:3823} INFO - Setting next_dagrun for example_dag_decorator to None, run_after=None
[2024-02-06T21:42:54.872+0100] {processor.py:183} INFO - Processing /home/ubuntu/.local/lib/python3.10/site-packages/airflow/example_dags/example_dag_decorator.py took 0.365 seconds
[2024-02-06T21:43:26.773+0100] {processor.py:161} INFO - Started process (PID=28773) to work on /home/ubuntu/.local/lib/python3.10/site-packages/airflow/example_dags/example_dag_decorator.py
[2024-02-06T21:43:26.776+0100] {processor.py:830} INFO - Processing file /home/ubuntu/.local/lib/python3.10/site-packages/airflow/example_dags/example_dag_decorator.py for tasks to queue
[2024-02-06T21:43:26.777+0100] {logging_mixin.py:188} INFO - [2024-02-06T21:43:26.777+0100] {dagbag.py:538} INFO - Filling up the DagBag from /home/ubuntu/.local/lib/python3.10/site-packages/airflow/example_dags/example_dag_decorator.py
[2024-02-06T21:43:26.934+0100] {processor.py:840} INFO - DAG(s) 'example_dag_decorator' retrieved from /home/ubuntu/.local/lib/python3.10/site-packages/airflow/example_dags/example_dag_decorator.py
[2024-02-06T21:43:27.067+0100] {logging_mixin.py:188} INFO - [2024-02-06T21:43:27.067+0100] {dag.py:3036} INFO - Sync 1 DAGs
[2024-02-06T21:43:27.080+0100] {logging_mixin.py:188} INFO - [2024-02-06T21:43:27.080+0100] {dag.py:3823} INFO - Setting next_dagrun for example_dag_decorator to None, run_after=None
[2024-02-06T21:43:27.145+0100] {processor.py:183} INFO - Processing /home/ubuntu/.local/lib/python3.10/site-packages/airflow/example_dags/example_dag_decorator.py took 0.378 seconds
[2024-02-06T21:44:04.764+0100] {processor.py:161} INFO - Started process (PID=28935) to work on /home/ubuntu/.local/lib/python3.10/site-packages/airflow/example_dags/example_dag_decorator.py
[2024-02-06T21:44:04.766+0100] {processor.py:830} INFO - Processing file /home/ubuntu/.local/lib/python3.10/site-packages/airflow/example_dags/example_dag_decorator.py for tasks to queue
[2024-02-06T21:44:04.768+0100] {logging_mixin.py:188} INFO - [2024-02-06T21:44:04.767+0100] {dagbag.py:538} INFO - Filling up the DagBag from /home/ubuntu/.local/lib/python3.10/site-packages/airflow/example_dags/example_dag_decorator.py
[2024-02-06T21:44:04.914+0100] {processor.py:840} INFO - DAG(s) 'example_dag_decorator' retrieved from /home/ubuntu/.local/lib/python3.10/site-packages/airflow/example_dags/example_dag_decorator.py
[2024-02-06T21:44:05.109+0100] {logging_mixin.py:188} INFO - [2024-02-06T21:44:05.108+0100] {dag.py:3036} INFO - Sync 1 DAGs
[2024-02-06T21:44:05.135+0100] {logging_mixin.py:188} INFO - [2024-02-06T21:44:05.134+0100] {dag.py:3823} INFO - Setting next_dagrun for example_dag_decorator to None, run_after=None
[2024-02-06T21:44:05.202+0100] {processor.py:183} INFO - Processing /home/ubuntu/.local/lib/python3.10/site-packages/airflow/example_dags/example_dag_decorator.py took 0.443 seconds
[2024-02-06T21:45:20.975+0100] {processor.py:161} INFO - Started process (PID=29368) to work on /home/ubuntu/.local/lib/python3.10/site-packages/airflow/example_dags/example_dag_decorator.py
[2024-02-06T21:45:20.985+0100] {processor.py:830} INFO - Processing file /home/ubuntu/.local/lib/python3.10/site-packages/airflow/example_dags/example_dag_decorator.py for tasks to queue
[2024-02-06T21:45:20.987+0100] {logging_mixin.py:188} INFO - [2024-02-06T21:45:20.986+0100] {dagbag.py:538} INFO - Filling up the DagBag from /home/ubuntu/.local/lib/python3.10/site-packages/airflow/example_dags/example_dag_decorator.py
[2024-02-06T21:45:20.988+0100] {processor.py:842} WARNING - No viable dags retrieved from /home/ubuntu/.local/lib/python3.10/site-packages/airflow/example_dags/example_dag_decorator.py
[2024-02-06T21:45:21.005+0100] {processor.py:183} INFO - Processing /home/ubuntu/.local/lib/python3.10/site-packages/airflow/example_dags/example_dag_decorator.py took 0.037 seconds
[2024-02-06T21:54:39.290+0100] {processor.py:161} INFO - Started process (PID=31406) to work on /home/ubuntu/.local/lib/python3.10/site-packages/airflow/example_dags/example_dag_decorator.py
[2024-02-06T21:54:39.296+0100] {processor.py:830} INFO - Processing file /home/ubuntu/.local/lib/python3.10/site-packages/airflow/example_dags/example_dag_decorator.py for tasks to queue
[2024-02-06T21:54:39.300+0100] {logging_mixin.py:188} INFO - [2024-02-06T21:54:39.299+0100] {dagbag.py:538} INFO - Filling up the DagBag from /home/ubuntu/.local/lib/python3.10/site-packages/airflow/example_dags/example_dag_decorator.py
[2024-02-06T21:54:39.572+0100] {processor.py:840} INFO - DAG(s) 'example_dag_decorator' retrieved from /home/ubuntu/.local/lib/python3.10/site-packages/airflow/example_dags/example_dag_decorator.py
[2024-02-06T21:54:39.830+0100] {logging_mixin.py:188} INFO - [2024-02-06T21:54:39.829+0100] {dag.py:3036} INFO - Sync 1 DAGs
[2024-02-06T21:54:39.847+0100] {logging_mixin.py:188} INFO - [2024-02-06T21:54:39.846+0100] {dag.py:3823} INFO - Setting next_dagrun for example_dag_decorator to None, run_after=None
[2024-02-06T21:54:39.905+0100] {processor.py:183} INFO - Processing /home/ubuntu/.local/lib/python3.10/site-packages/airflow/example_dags/example_dag_decorator.py took 0.624 seconds
[2024-02-06T21:56:10.948+0100] {processor.py:161} INFO - Started process (PID=32222) to work on /home/ubuntu/.local/lib/python3.10/site-packages/airflow/example_dags/example_dag_decorator.py
[2024-02-06T21:56:10.951+0100] {processor.py:830} INFO - Processing file /home/ubuntu/.local/lib/python3.10/site-packages/airflow/example_dags/example_dag_decorator.py for tasks to queue
[2024-02-06T21:56:10.968+0100] {logging_mixin.py:188} INFO - [2024-02-06T21:56:10.960+0100] {dagbag.py:538} INFO - Filling up the DagBag from /home/ubuntu/.local/lib/python3.10/site-packages/airflow/example_dags/example_dag_decorator.py
[2024-02-06T21:56:11.353+0100] {processor.py:840} INFO - DAG(s) 'example_dag_decorator' retrieved from /home/ubuntu/.local/lib/python3.10/site-packages/airflow/example_dags/example_dag_decorator.py
[2024-02-06T21:56:11.592+0100] {logging_mixin.py:188} INFO - [2024-02-06T21:56:11.592+0100] {dag.py:3036} INFO - Sync 1 DAGs
[2024-02-06T21:56:11.613+0100] {logging_mixin.py:188} INFO - [2024-02-06T21:56:11.613+0100] {dag.py:3823} INFO - Setting next_dagrun for example_dag_decorator to None, run_after=None
[2024-02-06T21:56:11.682+0100] {processor.py:183} INFO - Processing /home/ubuntu/.local/lib/python3.10/site-packages/airflow/example_dags/example_dag_decorator.py took 0.742 seconds
[2024-02-06T21:56:43.006+0100] {processor.py:161} INFO - Started process (PID=32501) to work on /home/ubuntu/.local/lib/python3.10/site-packages/airflow/example_dags/example_dag_decorator.py
[2024-02-06T21:56:43.010+0100] {processor.py:830} INFO - Processing file /home/ubuntu/.local/lib/python3.10/site-packages/airflow/example_dags/example_dag_decorator.py for tasks to queue
[2024-02-06T21:56:43.014+0100] {logging_mixin.py:188} INFO - [2024-02-06T21:56:43.012+0100] {dagbag.py:538} INFO - Filling up the DagBag from /home/ubuntu/.local/lib/python3.10/site-packages/airflow/example_dags/example_dag_decorator.py
[2024-02-06T21:56:43.683+0100] {processor.py:840} INFO - DAG(s) 'example_dag_decorator' retrieved from /home/ubuntu/.local/lib/python3.10/site-packages/airflow/example_dags/example_dag_decorator.py
[2024-02-06T21:56:44.386+0100] {logging_mixin.py:188} INFO - [2024-02-06T21:56:44.385+0100] {dag.py:3036} INFO - Sync 1 DAGs
[2024-02-06T21:56:44.414+0100] {logging_mixin.py:188} INFO - [2024-02-06T21:56:44.412+0100] {dag.py:3823} INFO - Setting next_dagrun for example_dag_decorator to None, run_after=None
[2024-02-06T21:56:44.634+0100] {processor.py:183} INFO - Processing /home/ubuntu/.local/lib/python3.10/site-packages/airflow/example_dags/example_dag_decorator.py took 1.641 seconds
[2024-02-06T21:57:44.779+0100] {processor.py:161} INFO - Started process (PID=32981) to work on /home/ubuntu/.local/lib/python3.10/site-packages/airflow/example_dags/example_dag_decorator.py
[2024-02-06T21:57:44.795+0100] {processor.py:830} INFO - Processing file /home/ubuntu/.local/lib/python3.10/site-packages/airflow/example_dags/example_dag_decorator.py for tasks to queue
[2024-02-06T21:57:44.808+0100] {logging_mixin.py:188} INFO - [2024-02-06T21:57:44.802+0100] {dagbag.py:538} INFO - Filling up the DagBag from /home/ubuntu/.local/lib/python3.10/site-packages/airflow/example_dags/example_dag_decorator.py
[2024-02-06T21:57:45.080+0100] {processor.py:840} INFO - DAG(s) 'example_dag_decorator' retrieved from /home/ubuntu/.local/lib/python3.10/site-packages/airflow/example_dags/example_dag_decorator.py
[2024-02-06T21:57:45.307+0100] {logging_mixin.py:188} INFO - [2024-02-06T21:57:45.306+0100] {dag.py:3036} INFO - Sync 1 DAGs
[2024-02-06T21:57:45.342+0100] {logging_mixin.py:188} INFO - [2024-02-06T21:57:45.342+0100] {dag.py:3823} INFO - Setting next_dagrun for example_dag_decorator to None, run_after=None
[2024-02-06T21:57:45.425+0100] {processor.py:183} INFO - Processing /home/ubuntu/.local/lib/python3.10/site-packages/airflow/example_dags/example_dag_decorator.py took 0.686 seconds
[2024-02-06T21:58:12.802+0100] {processor.py:161} INFO - Started process (PID=33329) to work on /home/ubuntu/.local/lib/python3.10/site-packages/airflow/example_dags/example_dag_decorator.py
[2024-02-06T21:58:12.804+0100] {processor.py:830} INFO - Processing file /home/ubuntu/.local/lib/python3.10/site-packages/airflow/example_dags/example_dag_decorator.py for tasks to queue
[2024-02-06T21:58:12.807+0100] {logging_mixin.py:188} INFO - [2024-02-06T21:58:12.806+0100] {dagbag.py:538} INFO - Filling up the DagBag from /home/ubuntu/.local/lib/python3.10/site-packages/airflow/example_dags/example_dag_decorator.py
[2024-02-06T21:58:13.364+0100] {processor.py:840} INFO - DAG(s) 'example_dag_decorator' retrieved from /home/ubuntu/.local/lib/python3.10/site-packages/airflow/example_dags/example_dag_decorator.py
[2024-02-06T21:58:13.426+0100] {logging_mixin.py:188} INFO - [2024-02-06T21:58:13.425+0100] {dag.py:3036} INFO - Sync 1 DAGs
[2024-02-06T21:58:13.472+0100] {logging_mixin.py:188} INFO - [2024-02-06T21:58:13.471+0100] {dag.py:3823} INFO - Setting next_dagrun for example_dag_decorator to None, run_after=None
[2024-02-06T21:58:13.631+0100] {processor.py:183} INFO - Processing /home/ubuntu/.local/lib/python3.10/site-packages/airflow/example_dags/example_dag_decorator.py took 0.838 seconds
[2024-02-06T21:59:50.293+0100] {processor.py:161} INFO - Started process (PID=34224) to work on /home/ubuntu/.local/lib/python3.10/site-packages/airflow/example_dags/example_dag_decorator.py
[2024-02-06T21:59:50.304+0100] {processor.py:830} INFO - Processing file /home/ubuntu/.local/lib/python3.10/site-packages/airflow/example_dags/example_dag_decorator.py for tasks to queue
[2024-02-06T21:59:50.306+0100] {logging_mixin.py:188} INFO - [2024-02-06T21:59:50.305+0100] {dagbag.py:538} INFO - Filling up the DagBag from /home/ubuntu/.local/lib/python3.10/site-packages/airflow/example_dags/example_dag_decorator.py
[2024-02-06T21:59:50.593+0100] {processor.py:840} INFO - DAG(s) 'example_dag_decorator' retrieved from /home/ubuntu/.local/lib/python3.10/site-packages/airflow/example_dags/example_dag_decorator.py
[2024-02-06T21:59:51.076+0100] {logging_mixin.py:188} INFO - [2024-02-06T21:59:51.076+0100] {dag.py:3036} INFO - Sync 1 DAGs
[2024-02-06T21:59:51.137+0100] {logging_mixin.py:188} INFO - [2024-02-06T21:59:51.137+0100] {dag.py:3823} INFO - Setting next_dagrun for example_dag_decorator to None, run_after=None
[2024-02-06T21:59:51.293+0100] {processor.py:183} INFO - Processing /home/ubuntu/.local/lib/python3.10/site-packages/airflow/example_dags/example_dag_decorator.py took 1.006 seconds
[2024-02-06T22:00:06.153+0100] {processor.py:161} INFO - Started process (PID=34360) to work on /home/ubuntu/.local/lib/python3.10/site-packages/airflow/example_dags/example_dag_decorator.py
[2024-02-06T22:00:06.157+0100] {processor.py:830} INFO - Processing file /home/ubuntu/.local/lib/python3.10/site-packages/airflow/example_dags/example_dag_decorator.py for tasks to queue
[2024-02-06T22:00:06.160+0100] {logging_mixin.py:188} INFO - [2024-02-06T22:00:06.158+0100] {dagbag.py:538} INFO - Filling up the DagBag from /home/ubuntu/.local/lib/python3.10/site-packages/airflow/example_dags/example_dag_decorator.py
[2024-02-06T22:00:06.390+0100] {processor.py:840} INFO - DAG(s) 'example_dag_decorator' retrieved from /home/ubuntu/.local/lib/python3.10/site-packages/airflow/example_dags/example_dag_decorator.py
[2024-02-06T22:00:06.408+0100] {logging_mixin.py:188} INFO - [2024-02-06T22:00:06.408+0100] {dag.py:3036} INFO - Sync 1 DAGs
[2024-02-06T22:00:06.537+0100] {logging_mixin.py:188} INFO - [2024-02-06T22:00:06.536+0100] {dag.py:3823} INFO - Setting next_dagrun for example_dag_decorator to None, run_after=None
[2024-02-06T22:00:06.834+0100] {processor.py:183} INFO - Processing /home/ubuntu/.local/lib/python3.10/site-packages/airflow/example_dags/example_dag_decorator.py took 0.692 seconds
[2024-02-06T22:01:36.548+0100] {processor.py:161} INFO - Started process (PID=34894) to work on /home/ubuntu/.local/lib/python3.10/site-packages/airflow/example_dags/example_dag_decorator.py
[2024-02-06T22:01:36.555+0100] {processor.py:830} INFO - Processing file /home/ubuntu/.local/lib/python3.10/site-packages/airflow/example_dags/example_dag_decorator.py for tasks to queue
[2024-02-06T22:01:36.557+0100] {logging_mixin.py:188} INFO - [2024-02-06T22:01:36.556+0100] {dagbag.py:538} INFO - Filling up the DagBag from /home/ubuntu/.local/lib/python3.10/site-packages/airflow/example_dags/example_dag_decorator.py
[2024-02-06T22:01:36.729+0100] {processor.py:840} INFO - DAG(s) 'example_dag_decorator' retrieved from /home/ubuntu/.local/lib/python3.10/site-packages/airflow/example_dags/example_dag_decorator.py
[2024-02-06T22:01:36.865+0100] {logging_mixin.py:188} INFO - [2024-02-06T22:01:36.864+0100] {dag.py:3036} INFO - Sync 1 DAGs
[2024-02-06T22:01:36.877+0100] {logging_mixin.py:188} INFO - [2024-02-06T22:01:36.876+0100] {dag.py:3823} INFO - Setting next_dagrun for example_dag_decorator to None, run_after=None
[2024-02-06T22:01:37.084+0100] {processor.py:183} INFO - Processing /home/ubuntu/.local/lib/python3.10/site-packages/airflow/example_dags/example_dag_decorator.py took 0.549 seconds
[2024-02-06T22:01:38.623+0100] {processor.py:161} INFO - Started process (PID=34920) to work on /home/ubuntu/.local/lib/python3.10/site-packages/airflow/example_dags/example_dag_decorator.py
[2024-02-06T22:01:38.625+0100] {processor.py:830} INFO - Processing file /home/ubuntu/.local/lib/python3.10/site-packages/airflow/example_dags/example_dag_decorator.py for tasks to queue
[2024-02-06T22:01:38.626+0100] {logging_mixin.py:188} INFO - [2024-02-06T22:01:38.625+0100] {dagbag.py:538} INFO - Filling up the DagBag from /home/ubuntu/.local/lib/python3.10/site-packages/airflow/example_dags/example_dag_decorator.py
[2024-02-06T22:01:38.770+0100] {processor.py:840} INFO - DAG(s) 'example_dag_decorator' retrieved from /home/ubuntu/.local/lib/python3.10/site-packages/airflow/example_dags/example_dag_decorator.py
[2024-02-06T22:01:38.782+0100] {logging_mixin.py:188} INFO - [2024-02-06T22:01:38.782+0100] {dag.py:3036} INFO - Sync 1 DAGs
[2024-02-06T22:01:38.801+0100] {logging_mixin.py:188} INFO - [2024-02-06T22:01:38.801+0100] {dag.py:3823} INFO - Setting next_dagrun for example_dag_decorator to None, run_after=None
[2024-02-06T22:01:38.870+0100] {processor.py:183} INFO - Processing /home/ubuntu/.local/lib/python3.10/site-packages/airflow/example_dags/example_dag_decorator.py took 0.257 seconds
[2024-02-06T22:03:11.012+0100] {processor.py:161} INFO - Started process (PID=35856) to work on /home/ubuntu/.local/lib/python3.10/site-packages/airflow/example_dags/example_dag_decorator.py
[2024-02-06T22:03:11.022+0100] {processor.py:830} INFO - Processing file /home/ubuntu/.local/lib/python3.10/site-packages/airflow/example_dags/example_dag_decorator.py for tasks to queue
[2024-02-06T22:03:11.025+0100] {logging_mixin.py:188} INFO - [2024-02-06T22:03:11.023+0100] {dagbag.py:538} INFO - Filling up the DagBag from /home/ubuntu/.local/lib/python3.10/site-packages/airflow/example_dags/example_dag_decorator.py
[2024-02-06T22:03:11.115+0100] {processor.py:161} INFO - Started process (PID=35858) to work on /home/ubuntu/.local/lib/python3.10/site-packages/airflow/example_dags/example_dag_decorator.py
[2024-02-06T22:03:11.116+0100] {processor.py:830} INFO - Processing file /home/ubuntu/.local/lib/python3.10/site-packages/airflow/example_dags/example_dag_decorator.py for tasks to queue
[2024-02-06T22:03:11.118+0100] {logging_mixin.py:188} INFO - [2024-02-06T22:03:11.117+0100] {dagbag.py:538} INFO - Filling up the DagBag from /home/ubuntu/.local/lib/python3.10/site-packages/airflow/example_dags/example_dag_decorator.py
[2024-02-06T22:03:11.301+0100] {processor.py:840} INFO - DAG(s) 'example_dag_decorator' retrieved from /home/ubuntu/.local/lib/python3.10/site-packages/airflow/example_dags/example_dag_decorator.py
[2024-02-06T22:03:11.300+0100] {processor.py:840} INFO - DAG(s) 'example_dag_decorator' retrieved from /home/ubuntu/.local/lib/python3.10/site-packages/airflow/example_dags/example_dag_decorator.py
[2024-02-06T22:03:11.636+0100] {logging_mixin.py:188} INFO - [2024-02-06T22:03:11.636+0100] {dag.py:3036} INFO - Sync 1 DAGs
[2024-02-06T22:03:11.669+0100] {logging_mixin.py:188} INFO - [2024-02-06T22:03:11.668+0100] {dag.py:3823} INFO - Setting next_dagrun for example_dag_decorator to None, run_after=None
[2024-02-06T22:03:11.679+0100] {logging_mixin.py:188} INFO - [2024-02-06T22:03:11.678+0100] {dag.py:3036} INFO - Sync 1 DAGs
[2024-02-06T22:03:11.937+0100] {logging_mixin.py:188} INFO - [2024-02-06T22:03:11.935+0100] {dag.py:3823} INFO - Setting next_dagrun for example_dag_decorator to None, run_after=None
[2024-02-06T22:03:11.959+0100] {processor.py:183} INFO - Processing /home/ubuntu/.local/lib/python3.10/site-packages/airflow/example_dags/example_dag_decorator.py took 0.957 seconds
[2024-02-06T22:03:12.053+0100] {processor.py:183} INFO - Processing /home/ubuntu/.local/lib/python3.10/site-packages/airflow/example_dags/example_dag_decorator.py took 0.946 seconds
[2024-02-06T22:06:54.848+0100] {processor.py:161} INFO - Started process (PID=37783) to work on /home/ubuntu/.local/lib/python3.10/site-packages/airflow/example_dags/example_dag_decorator.py
[2024-02-06T22:06:54.858+0100] {processor.py:830} INFO - Processing file /home/ubuntu/.local/lib/python3.10/site-packages/airflow/example_dags/example_dag_decorator.py for tasks to queue
[2024-02-06T22:06:54.860+0100] {logging_mixin.py:188} INFO - [2024-02-06T22:06:54.859+0100] {dagbag.py:538} INFO - Filling up the DagBag from /home/ubuntu/.local/lib/python3.10/site-packages/airflow/example_dags/example_dag_decorator.py
[2024-02-06T22:06:55.126+0100] {processor.py:840} INFO - DAG(s) 'example_dag_decorator' retrieved from /home/ubuntu/.local/lib/python3.10/site-packages/airflow/example_dags/example_dag_decorator.py
[2024-02-06T22:06:55.530+0100] {logging_mixin.py:188} INFO - [2024-02-06T22:06:55.530+0100] {dag.py:3036} INFO - Sync 1 DAGs
[2024-02-06T22:06:55.549+0100] {logging_mixin.py:188} INFO - [2024-02-06T22:06:55.548+0100] {dag.py:3823} INFO - Setting next_dagrun for example_dag_decorator to None, run_after=None
[2024-02-06T22:06:55.605+0100] {processor.py:183} INFO - Processing /home/ubuntu/.local/lib/python3.10/site-packages/airflow/example_dags/example_dag_decorator.py took 0.762 seconds
[2024-02-06T22:11:19.440+0100] {processor.py:161} INFO - Started process (PID=39318) to work on /home/ubuntu/.local/lib/python3.10/site-packages/airflow/example_dags/example_dag_decorator.py
[2024-02-06T22:11:19.449+0100] {processor.py:830} INFO - Processing file /home/ubuntu/.local/lib/python3.10/site-packages/airflow/example_dags/example_dag_decorator.py for tasks to queue
[2024-02-06T22:11:19.451+0100] {logging_mixin.py:188} INFO - [2024-02-06T22:11:19.450+0100] {dagbag.py:538} INFO - Filling up the DagBag from /home/ubuntu/.local/lib/python3.10/site-packages/airflow/example_dags/example_dag_decorator.py
[2024-02-06T22:11:19.593+0100] {processor.py:840} INFO - DAG(s) 'example_dag_decorator' retrieved from /home/ubuntu/.local/lib/python3.10/site-packages/airflow/example_dags/example_dag_decorator.py
[2024-02-06T22:11:19.746+0100] {logging_mixin.py:188} INFO - [2024-02-06T22:11:19.746+0100] {dag.py:3036} INFO - Sync 1 DAGs
[2024-02-06T22:11:19.767+0100] {logging_mixin.py:188} INFO - [2024-02-06T22:11:19.767+0100] {dag.py:3823} INFO - Setting next_dagrun for example_dag_decorator to None, run_after=None
[2024-02-06T22:11:19.825+0100] {processor.py:183} INFO - Processing /home/ubuntu/.local/lib/python3.10/site-packages/airflow/example_dags/example_dag_decorator.py took 0.390 seconds
[2024-02-06T22:13:44.998+0100] {processor.py:161} INFO - Started process (PID=40388) to work on /home/ubuntu/.local/lib/python3.10/site-packages/airflow/example_dags/example_dag_decorator.py
[2024-02-06T22:13:45.008+0100] {processor.py:830} INFO - Processing file /home/ubuntu/.local/lib/python3.10/site-packages/airflow/example_dags/example_dag_decorator.py for tasks to queue
[2024-02-06T22:13:45.009+0100] {logging_mixin.py:188} INFO - [2024-02-06T22:13:45.009+0100] {dagbag.py:538} INFO - Filling up the DagBag from /home/ubuntu/.local/lib/python3.10/site-packages/airflow/example_dags/example_dag_decorator.py
[2024-02-06T22:13:45.252+0100] {processor.py:840} INFO - DAG(s) 'example_dag_decorator' retrieved from /home/ubuntu/.local/lib/python3.10/site-packages/airflow/example_dags/example_dag_decorator.py
[2024-02-06T22:13:45.589+0100] {logging_mixin.py:188} INFO - [2024-02-06T22:13:45.588+0100] {dag.py:3036} INFO - Sync 1 DAGs
[2024-02-06T22:13:45.688+0100] {logging_mixin.py:188} INFO - [2024-02-06T22:13:45.688+0100] {dag.py:3823} INFO - Setting next_dagrun for example_dag_decorator to None, run_after=None
[2024-02-06T22:13:45.871+0100] {processor.py:183} INFO - Processing /home/ubuntu/.local/lib/python3.10/site-packages/airflow/example_dags/example_dag_decorator.py took 0.879 seconds
[2024-02-06T22:15:45.242+0100] {processor.py:161} INFO - Started process (PID=41632) to work on /home/ubuntu/.local/lib/python3.10/site-packages/airflow/example_dags/example_dag_decorator.py
[2024-02-06T22:15:45.246+0100] {processor.py:830} INFO - Processing file /home/ubuntu/.local/lib/python3.10/site-packages/airflow/example_dags/example_dag_decorator.py for tasks to queue
[2024-02-06T22:15:45.249+0100] {logging_mixin.py:188} INFO - [2024-02-06T22:15:45.248+0100] {dagbag.py:538} INFO - Filling up the DagBag from /home/ubuntu/.local/lib/python3.10/site-packages/airflow/example_dags/example_dag_decorator.py
[2024-02-06T22:15:45.509+0100] {processor.py:840} INFO - DAG(s) 'example_dag_decorator' retrieved from /home/ubuntu/.local/lib/python3.10/site-packages/airflow/example_dags/example_dag_decorator.py
[2024-02-06T22:15:45.823+0100] {logging_mixin.py:188} INFO - [2024-02-06T22:15:45.822+0100] {dag.py:3036} INFO - Sync 1 DAGs
[2024-02-06T22:15:45.837+0100] {logging_mixin.py:188} INFO - [2024-02-06T22:15:45.836+0100] {dag.py:3823} INFO - Setting next_dagrun for example_dag_decorator to None, run_after=None
[2024-02-06T22:15:45.895+0100] {processor.py:183} INFO - Processing /home/ubuntu/.local/lib/python3.10/site-packages/airflow/example_dags/example_dag_decorator.py took 0.660 seconds
[2024-02-06T22:26:52.696+0100] {processor.py:161} INFO - Started process (PID=49615) to work on /home/ubuntu/.local/lib/python3.10/site-packages/airflow/example_dags/example_dag_decorator.py
[2024-02-06T22:26:52.706+0100] {processor.py:830} INFO - Processing file /home/ubuntu/.local/lib/python3.10/site-packages/airflow/example_dags/example_dag_decorator.py for tasks to queue
[2024-02-06T22:26:52.715+0100] {logging_mixin.py:188} INFO - [2024-02-06T22:26:52.707+0100] {dagbag.py:538} INFO - Filling up the DagBag from /home/ubuntu/.local/lib/python3.10/site-packages/airflow/example_dags/example_dag_decorator.py
[2024-02-06T22:26:53.421+0100] {processor.py:840} INFO - DAG(s) 'example_dag_decorator' retrieved from /home/ubuntu/.local/lib/python3.10/site-packages/airflow/example_dags/example_dag_decorator.py
[2024-02-06T22:28:50.210+0100] {processor.py:161} INFO - Started process (PID=50696) to work on /home/ubuntu/.local/lib/python3.10/site-packages/airflow/example_dags/example_dag_decorator.py
[2024-02-06T22:28:50.216+0100] {processor.py:830} INFO - Processing file /home/ubuntu/.local/lib/python3.10/site-packages/airflow/example_dags/example_dag_decorator.py for tasks to queue
[2024-02-06T22:28:50.219+0100] {logging_mixin.py:188} INFO - [2024-02-06T22:28:50.218+0100] {dagbag.py:538} INFO - Filling up the DagBag from /home/ubuntu/.local/lib/python3.10/site-packages/airflow/example_dags/example_dag_decorator.py
[2024-02-06T22:28:50.808+0100] {processor.py:840} INFO - DAG(s) 'example_dag_decorator' retrieved from /home/ubuntu/.local/lib/python3.10/site-packages/airflow/example_dags/example_dag_decorator.py
[2024-02-06T22:28:51.342+0100] {logging_mixin.py:188} INFO - [2024-02-06T22:28:51.340+0100] {dag.py:3036} INFO - Sync 1 DAGs
[2024-02-06T22:28:51.399+0100] {logging_mixin.py:188} INFO - [2024-02-06T22:28:51.396+0100] {dag.py:3823} INFO - Setting next_dagrun for example_dag_decorator to None, run_after=None
[2024-02-06T22:28:51.560+0100] {processor.py:183} INFO - Processing /home/ubuntu/.local/lib/python3.10/site-packages/airflow/example_dags/example_dag_decorator.py took 1.366 seconds
[2024-02-06T22:36:00.840+0100] {processor.py:161} INFO - Started process (PID=55884) to work on /home/ubuntu/.local/lib/python3.10/site-packages/airflow/example_dags/example_dag_decorator.py
[2024-02-06T22:36:00.842+0100] {processor.py:830} INFO - Processing file /home/ubuntu/.local/lib/python3.10/site-packages/airflow/example_dags/example_dag_decorator.py for tasks to queue
[2024-02-06T22:36:00.845+0100] {logging_mixin.py:188} INFO - [2024-02-06T22:36:00.844+0100] {dagbag.py:538} INFO - Filling up the DagBag from /home/ubuntu/.local/lib/python3.10/site-packages/airflow/example_dags/example_dag_decorator.py
[2024-02-06T22:36:01.387+0100] {processor.py:840} INFO - DAG(s) 'example_dag_decorator' retrieved from /home/ubuntu/.local/lib/python3.10/site-packages/airflow/example_dags/example_dag_decorator.py
[2024-02-06T22:36:02.587+0100] {logging_mixin.py:188} INFO - [2024-02-06T22:36:02.587+0100] {dag.py:3036} INFO - Sync 1 DAGs
[2024-02-06T22:36:02.616+0100] {logging_mixin.py:188} INFO - [2024-02-06T22:36:02.615+0100] {dag.py:3823} INFO - Setting next_dagrun for example_dag_decorator to None, run_after=None
[2024-02-06T22:36:02.881+0100] {processor.py:183} INFO - Processing /home/ubuntu/.local/lib/python3.10/site-packages/airflow/example_dags/example_dag_decorator.py took 2.049 seconds
[2024-02-06T23:15:07.163+0100] {processor.py:161} INFO - Started process (PID=64630) to work on /home/ubuntu/.local/lib/python3.10/site-packages/airflow/example_dags/example_dag_decorator.py
[2024-02-06T23:15:07.170+0100] {processor.py:830} INFO - Processing file /home/ubuntu/.local/lib/python3.10/site-packages/airflow/example_dags/example_dag_decorator.py for tasks to queue
[2024-02-06T23:15:07.174+0100] {logging_mixin.py:188} INFO - [2024-02-06T23:15:07.171+0100] {dagbag.py:538} INFO - Filling up the DagBag from /home/ubuntu/.local/lib/python3.10/site-packages/airflow/example_dags/example_dag_decorator.py
[2024-02-06T23:15:08.007+0100] {processor.py:840} INFO - DAG(s) 'example_dag_decorator' retrieved from /home/ubuntu/.local/lib/python3.10/site-packages/airflow/example_dags/example_dag_decorator.py
[2024-02-06T23:15:08.580+0100] {logging_mixin.py:188} INFO - [2024-02-06T23:15:08.579+0100] {dag.py:3036} INFO - Sync 1 DAGs
[2024-02-06T23:15:08.645+0100] {logging_mixin.py:188} INFO - [2024-02-06T23:15:08.645+0100] {dag.py:3823} INFO - Setting next_dagrun for example_dag_decorator to None, run_after=None
[2024-02-06T23:15:08.849+0100] {processor.py:183} INFO - Processing /home/ubuntu/.local/lib/python3.10/site-packages/airflow/example_dags/example_dag_decorator.py took 1.702 seconds
[2024-02-06T23:30:32.880+0100] {processor.py:161} INFO - Started process (PID=73087) to work on /home/ubuntu/.local/lib/python3.10/site-packages/airflow/example_dags/example_dag_decorator.py
[2024-02-06T23:30:32.921+0100] {processor.py:830} INFO - Processing file /home/ubuntu/.local/lib/python3.10/site-packages/airflow/example_dags/example_dag_decorator.py for tasks to queue
[2024-02-06T23:30:32.923+0100] {logging_mixin.py:188} INFO - [2024-02-06T23:30:32.922+0100] {dagbag.py:538} INFO - Filling up the DagBag from /home/ubuntu/.local/lib/python3.10/site-packages/airflow/example_dags/example_dag_decorator.py
[2024-02-06T23:30:34.194+0100] {processor.py:840} INFO - DAG(s) 'example_dag_decorator' retrieved from /home/ubuntu/.local/lib/python3.10/site-packages/airflow/example_dags/example_dag_decorator.py
[2024-02-06T23:30:34.803+0100] {logging_mixin.py:188} INFO - [2024-02-06T23:30:34.801+0100] {dag.py:3036} INFO - Sync 1 DAGs
[2024-02-06T23:30:34.880+0100] {logging_mixin.py:188} INFO - [2024-02-06T23:30:34.879+0100] {dag.py:3823} INFO - Setting next_dagrun for example_dag_decorator to None, run_after=None
[2024-02-06T23:30:35.007+0100] {processor.py:183} INFO - Processing /home/ubuntu/.local/lib/python3.10/site-packages/airflow/example_dags/example_dag_decorator.py took 2.147 seconds
