[2024-02-06T21:27:41.979+0100] {processor.py:161} INFO - Started process (PID=23230) to work on /home/ubuntu/.local/lib/python3.10/site-packages/airflow/example_dags/tutorial_taskflow_api_virtualenv.py
[2024-02-06T21:27:41.982+0100] {processor.py:830} INFO - Processing file /home/ubuntu/.local/lib/python3.10/site-packages/airflow/example_dags/tutorial_taskflow_api_virtualenv.py for tasks to queue
[2024-02-06T21:27:41.987+0100] {logging_mixin.py:188} INFO - [2024-02-06T21:27:41.985+0100] {dagbag.py:538} INFO - Filling up the DagBag from /home/ubuntu/.local/lib/python3.10/site-packages/airflow/example_dags/tutorial_taskflow_api_virtualenv.py
[2024-02-06T21:27:42.040+0100] {processor.py:840} INFO - DAG(s) 'tutorial_taskflow_api_virtualenv' retrieved from /home/ubuntu/.local/lib/python3.10/site-packages/airflow/example_dags/tutorial_taskflow_api_virtualenv.py
[2024-02-06T21:27:42.060+0100] {logging_mixin.py:188} INFO - [2024-02-06T21:27:42.060+0100] {dag.py:3036} INFO - Sync 1 DAGs
[2024-02-06T21:27:42.132+0100] {logging_mixin.py:188} INFO - [2024-02-06T21:27:42.131+0100] {dag.py:3823} INFO - Setting next_dagrun for tutorial_taskflow_api_virtualenv to None, run_after=None
[2024-02-06T21:27:42.244+0100] {processor.py:183} INFO - Processing /home/ubuntu/.local/lib/python3.10/site-packages/airflow/example_dags/tutorial_taskflow_api_virtualenv.py took 0.276 seconds
[2024-02-06T21:28:59.452+0100] {processor.py:161} INFO - Started process (PID=24103) to work on /home/ubuntu/.local/lib/python3.10/site-packages/airflow/example_dags/tutorial_taskflow_api_virtualenv.py
[2024-02-06T21:28:59.461+0100] {processor.py:830} INFO - Processing file /home/ubuntu/.local/lib/python3.10/site-packages/airflow/example_dags/tutorial_taskflow_api_virtualenv.py for tasks to queue
[2024-02-06T21:28:59.462+0100] {logging_mixin.py:188} INFO - [2024-02-06T21:28:59.462+0100] {dagbag.py:538} INFO - Filling up the DagBag from /home/ubuntu/.local/lib/python3.10/site-packages/airflow/example_dags/tutorial_taskflow_api_virtualenv.py
[2024-02-06T21:28:59.480+0100] {processor.py:840} INFO - DAG(s) 'tutorial_taskflow_api_virtualenv' retrieved from /home/ubuntu/.local/lib/python3.10/site-packages/airflow/example_dags/tutorial_taskflow_api_virtualenv.py
[2024-02-06T21:28:59.677+0100] {logging_mixin.py:188} INFO - [2024-02-06T21:28:59.676+0100] {dag.py:3036} INFO - Sync 1 DAGs
[2024-02-06T21:28:59.689+0100] {logging_mixin.py:188} INFO - [2024-02-06T21:28:59.689+0100] {dag.py:3823} INFO - Setting next_dagrun for tutorial_taskflow_api_virtualenv to None, run_after=None
[2024-02-06T21:28:59.757+0100] {processor.py:183} INFO - Processing /home/ubuntu/.local/lib/python3.10/site-packages/airflow/example_dags/tutorial_taskflow_api_virtualenv.py took 0.313 seconds
[2024-02-06T21:30:47.397+0100] {processor.py:161} INFO - Started process (PID=24865) to work on /home/ubuntu/.local/lib/python3.10/site-packages/airflow/example_dags/tutorial_taskflow_api_virtualenv.py
[2024-02-06T21:30:47.400+0100] {processor.py:830} INFO - Processing file /home/ubuntu/.local/lib/python3.10/site-packages/airflow/example_dags/tutorial_taskflow_api_virtualenv.py for tasks to queue
[2024-02-06T21:30:47.401+0100] {logging_mixin.py:188} INFO - [2024-02-06T21:30:47.401+0100] {dagbag.py:538} INFO - Filling up the DagBag from /home/ubuntu/.local/lib/python3.10/site-packages/airflow/example_dags/tutorial_taskflow_api_virtualenv.py
[2024-02-06T21:30:47.425+0100] {processor.py:840} INFO - DAG(s) 'tutorial_taskflow_api_virtualenv' retrieved from /home/ubuntu/.local/lib/python3.10/site-packages/airflow/example_dags/tutorial_taskflow_api_virtualenv.py
[2024-02-06T21:30:47.587+0100] {logging_mixin.py:188} INFO - [2024-02-06T21:30:47.587+0100] {dag.py:3036} INFO - Sync 1 DAGs
[2024-02-06T21:30:47.599+0100] {logging_mixin.py:188} INFO - [2024-02-06T21:30:47.599+0100] {dag.py:3823} INFO - Setting next_dagrun for tutorial_taskflow_api_virtualenv to None, run_after=None
[2024-02-06T21:30:47.661+0100] {processor.py:183} INFO - Processing /home/ubuntu/.local/lib/python3.10/site-packages/airflow/example_dags/tutorial_taskflow_api_virtualenv.py took 0.272 seconds
[2024-02-06T21:31:57.426+0100] {processor.py:161} INFO - Started process (PID=25105) to work on /home/ubuntu/.local/lib/python3.10/site-packages/airflow/example_dags/tutorial_taskflow_api_virtualenv.py
[2024-02-06T21:31:57.430+0100] {processor.py:830} INFO - Processing file /home/ubuntu/.local/lib/python3.10/site-packages/airflow/example_dags/tutorial_taskflow_api_virtualenv.py for tasks to queue
[2024-02-06T21:31:57.438+0100] {logging_mixin.py:188} INFO - [2024-02-06T21:31:57.436+0100] {dagbag.py:538} INFO - Filling up the DagBag from /home/ubuntu/.local/lib/python3.10/site-packages/airflow/example_dags/tutorial_taskflow_api_virtualenv.py
[2024-02-06T21:31:57.476+0100] {processor.py:840} INFO - DAG(s) 'tutorial_taskflow_api_virtualenv' retrieved from /home/ubuntu/.local/lib/python3.10/site-packages/airflow/example_dags/tutorial_taskflow_api_virtualenv.py
[2024-02-06T21:31:57.516+0100] {logging_mixin.py:188} INFO - [2024-02-06T21:31:57.516+0100] {dag.py:3036} INFO - Sync 1 DAGs
[2024-02-06T21:31:57.539+0100] {logging_mixin.py:188} INFO - [2024-02-06T21:31:57.539+0100] {dag.py:3823} INFO - Setting next_dagrun for tutorial_taskflow_api_virtualenv to None, run_after=None
[2024-02-06T21:31:57.597+0100] {processor.py:183} INFO - Processing /home/ubuntu/.local/lib/python3.10/site-packages/airflow/example_dags/tutorial_taskflow_api_virtualenv.py took 0.177 seconds
[2024-02-06T21:33:13.103+0100] {processor.py:161} INFO - Started process (PID=25396) to work on /home/ubuntu/.local/lib/python3.10/site-packages/airflow/example_dags/tutorial_taskflow_api_virtualenv.py
[2024-02-06T21:33:13.107+0100] {processor.py:830} INFO - Processing file /home/ubuntu/.local/lib/python3.10/site-packages/airflow/example_dags/tutorial_taskflow_api_virtualenv.py for tasks to queue
[2024-02-06T21:33:13.111+0100] {logging_mixin.py:188} INFO - [2024-02-06T21:33:13.109+0100] {dagbag.py:538} INFO - Filling up the DagBag from /home/ubuntu/.local/lib/python3.10/site-packages/airflow/example_dags/tutorial_taskflow_api_virtualenv.py
[2024-02-06T21:33:13.141+0100] {processor.py:840} INFO - DAG(s) 'tutorial_taskflow_api_virtualenv' retrieved from /home/ubuntu/.local/lib/python3.10/site-packages/airflow/example_dags/tutorial_taskflow_api_virtualenv.py
[2024-02-06T21:33:13.183+0100] {logging_mixin.py:188} INFO - [2024-02-06T21:33:13.182+0100] {dag.py:3036} INFO - Sync 1 DAGs
[2024-02-06T21:33:13.221+0100] {logging_mixin.py:188} INFO - [2024-02-06T21:33:13.220+0100] {dag.py:3823} INFO - Setting next_dagrun for tutorial_taskflow_api_virtualenv to None, run_after=None
[2024-02-06T21:33:13.337+0100] {processor.py:183} INFO - Processing /home/ubuntu/.local/lib/python3.10/site-packages/airflow/example_dags/tutorial_taskflow_api_virtualenv.py took 0.246 seconds
[2024-02-06T21:40:01.439+0100] {processor.py:161} INFO - Started process (PID=27432) to work on /home/ubuntu/.local/lib/python3.10/site-packages/airflow/example_dags/tutorial_taskflow_api_virtualenv.py
[2024-02-06T21:40:01.451+0100] {processor.py:830} INFO - Processing file /home/ubuntu/.local/lib/python3.10/site-packages/airflow/example_dags/tutorial_taskflow_api_virtualenv.py for tasks to queue
[2024-02-06T21:40:01.452+0100] {logging_mixin.py:188} INFO - [2024-02-06T21:40:01.452+0100] {dagbag.py:538} INFO - Filling up the DagBag from /home/ubuntu/.local/lib/python3.10/site-packages/airflow/example_dags/tutorial_taskflow_api_virtualenv.py
[2024-02-06T21:40:01.477+0100] {processor.py:840} INFO - DAG(s) 'tutorial_taskflow_api_virtualenv' retrieved from /home/ubuntu/.local/lib/python3.10/site-packages/airflow/example_dags/tutorial_taskflow_api_virtualenv.py
[2024-02-06T21:40:01.664+0100] {logging_mixin.py:188} INFO - [2024-02-06T21:40:01.663+0100] {dag.py:3036} INFO - Sync 1 DAGs
[2024-02-06T21:40:01.676+0100] {logging_mixin.py:188} INFO - [2024-02-06T21:40:01.676+0100] {dag.py:3823} INFO - Setting next_dagrun for tutorial_taskflow_api_virtualenv to None, run_after=None
[2024-02-06T21:40:01.799+0100] {processor.py:183} INFO - Processing /home/ubuntu/.local/lib/python3.10/site-packages/airflow/example_dags/tutorial_taskflow_api_virtualenv.py took 0.365 seconds
[2024-02-06T21:40:44.821+0100] {processor.py:161} INFO - Started process (PID=27812) to work on /home/ubuntu/.local/lib/python3.10/site-packages/airflow/example_dags/tutorial_taskflow_api_virtualenv.py
[2024-02-06T21:40:44.826+0100] {processor.py:830} INFO - Processing file /home/ubuntu/.local/lib/python3.10/site-packages/airflow/example_dags/tutorial_taskflow_api_virtualenv.py for tasks to queue
[2024-02-06T21:40:44.829+0100] {logging_mixin.py:188} INFO - [2024-02-06T21:40:44.828+0100] {dagbag.py:538} INFO - Filling up the DagBag from /home/ubuntu/.local/lib/python3.10/site-packages/airflow/example_dags/tutorial_taskflow_api_virtualenv.py
[2024-02-06T21:40:44.860+0100] {processor.py:840} INFO - DAG(s) 'tutorial_taskflow_api_virtualenv' retrieved from /home/ubuntu/.local/lib/python3.10/site-packages/airflow/example_dags/tutorial_taskflow_api_virtualenv.py
[2024-02-06T21:40:45.208+0100] {logging_mixin.py:188} INFO - [2024-02-06T21:40:45.207+0100] {dag.py:3036} INFO - Sync 1 DAGs
[2024-02-06T21:40:45.241+0100] {logging_mixin.py:188} INFO - [2024-02-06T21:40:45.240+0100] {dag.py:3823} INFO - Setting next_dagrun for tutorial_taskflow_api_virtualenv to None, run_after=None
[2024-02-06T21:40:45.386+0100] {processor.py:183} INFO - Processing /home/ubuntu/.local/lib/python3.10/site-packages/airflow/example_dags/tutorial_taskflow_api_virtualenv.py took 0.572 seconds
[2024-02-06T21:41:22.874+0100] {processor.py:161} INFO - Started process (PID=27987) to work on /home/ubuntu/.local/lib/python3.10/site-packages/airflow/example_dags/tutorial_taskflow_api_virtualenv.py
[2024-02-06T21:41:22.876+0100] {processor.py:830} INFO - Processing file /home/ubuntu/.local/lib/python3.10/site-packages/airflow/example_dags/tutorial_taskflow_api_virtualenv.py for tasks to queue
[2024-02-06T21:41:22.881+0100] {logging_mixin.py:188} INFO - [2024-02-06T21:41:22.878+0100] {dagbag.py:538} INFO - Filling up the DagBag from /home/ubuntu/.local/lib/python3.10/site-packages/airflow/example_dags/tutorial_taskflow_api_virtualenv.py
[2024-02-06T21:41:22.921+0100] {processor.py:840} INFO - DAG(s) 'tutorial_taskflow_api_virtualenv' retrieved from /home/ubuntu/.local/lib/python3.10/site-packages/airflow/example_dags/tutorial_taskflow_api_virtualenv.py
[2024-02-06T21:41:23.462+0100] {logging_mixin.py:188} INFO - [2024-02-06T21:41:23.461+0100] {dag.py:3036} INFO - Sync 1 DAGs
[2024-02-06T21:41:23.513+0100] {logging_mixin.py:188} INFO - [2024-02-06T21:41:23.512+0100] {dag.py:3823} INFO - Setting next_dagrun for tutorial_taskflow_api_virtualenv to None, run_after=None
[2024-02-06T21:41:23.680+0100] {processor.py:183} INFO - Processing /home/ubuntu/.local/lib/python3.10/site-packages/airflow/example_dags/tutorial_taskflow_api_virtualenv.py took 0.812 seconds
[2024-02-06T21:41:56.734+0100] {processor.py:161} INFO - Started process (PID=28189) to work on /home/ubuntu/.local/lib/python3.10/site-packages/airflow/example_dags/tutorial_taskflow_api_virtualenv.py
[2024-02-06T21:41:56.738+0100] {processor.py:830} INFO - Processing file /home/ubuntu/.local/lib/python3.10/site-packages/airflow/example_dags/tutorial_taskflow_api_virtualenv.py for tasks to queue
[2024-02-06T21:41:56.740+0100] {logging_mixin.py:188} INFO - [2024-02-06T21:41:56.739+0100] {dagbag.py:538} INFO - Filling up the DagBag from /home/ubuntu/.local/lib/python3.10/site-packages/airflow/example_dags/tutorial_taskflow_api_virtualenv.py
[2024-02-06T21:41:56.761+0100] {processor.py:840} INFO - DAG(s) 'tutorial_taskflow_api_virtualenv' retrieved from /home/ubuntu/.local/lib/python3.10/site-packages/airflow/example_dags/tutorial_taskflow_api_virtualenv.py
[2024-02-06T21:41:56.920+0100] {logging_mixin.py:188} INFO - [2024-02-06T21:41:56.920+0100] {dag.py:3036} INFO - Sync 1 DAGs
[2024-02-06T21:41:56.936+0100] {logging_mixin.py:188} INFO - [2024-02-06T21:41:56.936+0100] {dag.py:3823} INFO - Setting next_dagrun for tutorial_taskflow_api_virtualenv to None, run_after=None
[2024-02-06T21:41:56.994+0100] {processor.py:183} INFO - Processing /home/ubuntu/.local/lib/python3.10/site-packages/airflow/example_dags/tutorial_taskflow_api_virtualenv.py took 0.265 seconds
[2024-02-06T21:42:05.234+0100] {processor.py:161} INFO - Started process (PID=28249) to work on /home/ubuntu/.local/lib/python3.10/site-packages/airflow/example_dags/tutorial_taskflow_api_virtualenv.py
[2024-02-06T21:42:05.236+0100] {processor.py:830} INFO - Processing file /home/ubuntu/.local/lib/python3.10/site-packages/airflow/example_dags/tutorial_taskflow_api_virtualenv.py for tasks to queue
[2024-02-06T21:42:05.240+0100] {logging_mixin.py:188} INFO - [2024-02-06T21:42:05.239+0100] {dagbag.py:538} INFO - Filling up the DagBag from /home/ubuntu/.local/lib/python3.10/site-packages/airflow/example_dags/tutorial_taskflow_api_virtualenv.py
[2024-02-06T21:42:05.269+0100] {processor.py:840} INFO - DAG(s) 'tutorial_taskflow_api_virtualenv' retrieved from /home/ubuntu/.local/lib/python3.10/site-packages/airflow/example_dags/tutorial_taskflow_api_virtualenv.py
[2024-02-06T21:42:05.286+0100] {logging_mixin.py:188} INFO - [2024-02-06T21:42:05.286+0100] {dag.py:3036} INFO - Sync 1 DAGs
[2024-02-06T21:42:05.320+0100] {logging_mixin.py:188} INFO - [2024-02-06T21:42:05.319+0100] {dag.py:3823} INFO - Setting next_dagrun for tutorial_taskflow_api_virtualenv to None, run_after=None
[2024-02-06T21:42:05.396+0100] {processor.py:183} INFO - Processing /home/ubuntu/.local/lib/python3.10/site-packages/airflow/example_dags/tutorial_taskflow_api_virtualenv.py took 0.171 seconds
[2024-02-06T21:42:42.028+0100] {processor.py:161} INFO - Started process (PID=28440) to work on /home/ubuntu/.local/lib/python3.10/site-packages/airflow/example_dags/tutorial_taskflow_api_virtualenv.py
[2024-02-06T21:42:42.038+0100] {processor.py:830} INFO - Processing file /home/ubuntu/.local/lib/python3.10/site-packages/airflow/example_dags/tutorial_taskflow_api_virtualenv.py for tasks to queue
[2024-02-06T21:42:42.040+0100] {logging_mixin.py:188} INFO - [2024-02-06T21:42:42.039+0100] {dagbag.py:538} INFO - Filling up the DagBag from /home/ubuntu/.local/lib/python3.10/site-packages/airflow/example_dags/tutorial_taskflow_api_virtualenv.py
[2024-02-06T21:42:42.091+0100] {processor.py:840} INFO - DAG(s) 'tutorial_taskflow_api_virtualenv' retrieved from /home/ubuntu/.local/lib/python3.10/site-packages/airflow/example_dags/tutorial_taskflow_api_virtualenv.py
[2024-02-06T21:42:42.163+0100] {logging_mixin.py:188} INFO - [2024-02-06T21:42:42.162+0100] {dag.py:3036} INFO - Sync 1 DAGs
[2024-02-06T21:42:42.184+0100] {logging_mixin.py:188} INFO - [2024-02-06T21:42:42.184+0100] {dag.py:3823} INFO - Setting next_dagrun for tutorial_taskflow_api_virtualenv to None, run_after=None
[2024-02-06T21:42:42.248+0100] {processor.py:183} INFO - Processing /home/ubuntu/.local/lib/python3.10/site-packages/airflow/example_dags/tutorial_taskflow_api_virtualenv.py took 0.228 seconds
[2024-02-06T21:42:44.197+0100] {processor.py:161} INFO - Started process (PID=28447) to work on /home/ubuntu/.local/lib/python3.10/site-packages/airflow/example_dags/tutorial_taskflow_api_virtualenv.py
[2024-02-06T21:42:44.199+0100] {processor.py:830} INFO - Processing file /home/ubuntu/.local/lib/python3.10/site-packages/airflow/example_dags/tutorial_taskflow_api_virtualenv.py for tasks to queue
[2024-02-06T21:42:44.201+0100] {logging_mixin.py:188} INFO - [2024-02-06T21:42:44.200+0100] {dagbag.py:538} INFO - Filling up the DagBag from /home/ubuntu/.local/lib/python3.10/site-packages/airflow/example_dags/tutorial_taskflow_api_virtualenv.py
[2024-02-06T21:42:44.221+0100] {processor.py:840} INFO - DAG(s) 'tutorial_taskflow_api_virtualenv' retrieved from /home/ubuntu/.local/lib/python3.10/site-packages/airflow/example_dags/tutorial_taskflow_api_virtualenv.py
[2024-02-06T21:42:44.376+0100] {logging_mixin.py:188} INFO - [2024-02-06T21:42:44.376+0100] {dag.py:3036} INFO - Sync 1 DAGs
[2024-02-06T21:42:44.399+0100] {logging_mixin.py:188} INFO - [2024-02-06T21:42:44.398+0100] {dag.py:3823} INFO - Setting next_dagrun for tutorial_taskflow_api_virtualenv to None, run_after=None
[2024-02-06T21:42:44.459+0100] {processor.py:183} INFO - Processing /home/ubuntu/.local/lib/python3.10/site-packages/airflow/example_dags/tutorial_taskflow_api_virtualenv.py took 0.270 seconds
[2024-02-06T21:43:22.304+0100] {processor.py:161} INFO - Started process (PID=28727) to work on /home/ubuntu/.local/lib/python3.10/site-packages/airflow/example_dags/tutorial_taskflow_api_virtualenv.py
[2024-02-06T21:43:22.307+0100] {processor.py:830} INFO - Processing file /home/ubuntu/.local/lib/python3.10/site-packages/airflow/example_dags/tutorial_taskflow_api_virtualenv.py for tasks to queue
[2024-02-06T21:43:22.309+0100] {logging_mixin.py:188} INFO - [2024-02-06T21:43:22.308+0100] {dagbag.py:538} INFO - Filling up the DagBag from /home/ubuntu/.local/lib/python3.10/site-packages/airflow/example_dags/tutorial_taskflow_api_virtualenv.py
[2024-02-06T21:43:22.343+0100] {processor.py:840} INFO - DAG(s) 'tutorial_taskflow_api_virtualenv' retrieved from /home/ubuntu/.local/lib/python3.10/site-packages/airflow/example_dags/tutorial_taskflow_api_virtualenv.py
[2024-02-06T21:43:22.511+0100] {logging_mixin.py:188} INFO - [2024-02-06T21:43:22.511+0100] {dag.py:3036} INFO - Sync 1 DAGs
[2024-02-06T21:43:22.529+0100] {logging_mixin.py:188} INFO - [2024-02-06T21:43:22.528+0100] {dag.py:3823} INFO - Setting next_dagrun for tutorial_taskflow_api_virtualenv to None, run_after=None
[2024-02-06T21:43:22.596+0100] {processor.py:183} INFO - Processing /home/ubuntu/.local/lib/python3.10/site-packages/airflow/example_dags/tutorial_taskflow_api_virtualenv.py took 0.303 seconds
[2024-02-06T21:43:23.474+0100] {processor.py:161} INFO - Started process (PID=28729) to work on /home/ubuntu/.local/lib/python3.10/site-packages/airflow/example_dags/tutorial_taskflow_api_virtualenv.py
[2024-02-06T21:43:23.476+0100] {processor.py:830} INFO - Processing file /home/ubuntu/.local/lib/python3.10/site-packages/airflow/example_dags/tutorial_taskflow_api_virtualenv.py for tasks to queue
[2024-02-06T21:43:23.480+0100] {logging_mixin.py:188} INFO - [2024-02-06T21:43:23.479+0100] {dagbag.py:538} INFO - Filling up the DagBag from /home/ubuntu/.local/lib/python3.10/site-packages/airflow/example_dags/tutorial_taskflow_api_virtualenv.py
[2024-02-06T21:43:23.508+0100] {processor.py:840} INFO - DAG(s) 'tutorial_taskflow_api_virtualenv' retrieved from /home/ubuntu/.local/lib/python3.10/site-packages/airflow/example_dags/tutorial_taskflow_api_virtualenv.py
[2024-02-06T21:43:23.529+0100] {logging_mixin.py:188} INFO - [2024-02-06T21:43:23.529+0100] {dag.py:3036} INFO - Sync 1 DAGs
[2024-02-06T21:43:23.575+0100] {logging_mixin.py:188} INFO - [2024-02-06T21:43:23.575+0100] {dag.py:3823} INFO - Setting next_dagrun for tutorial_taskflow_api_virtualenv to None, run_after=None
[2024-02-06T21:43:23.654+0100] {processor.py:183} INFO - Processing /home/ubuntu/.local/lib/python3.10/site-packages/airflow/example_dags/tutorial_taskflow_api_virtualenv.py took 0.187 seconds
[2024-02-06T21:44:36.812+0100] {processor.py:161} INFO - Started process (PID=29151) to work on /home/ubuntu/.local/lib/python3.10/site-packages/airflow/example_dags/tutorial_taskflow_api_virtualenv.py
[2024-02-06T21:44:36.817+0100] {processor.py:830} INFO - Processing file /home/ubuntu/.local/lib/python3.10/site-packages/airflow/example_dags/tutorial_taskflow_api_virtualenv.py for tasks to queue
[2024-02-06T21:44:36.824+0100] {logging_mixin.py:188} INFO - [2024-02-06T21:44:36.822+0100] {dagbag.py:538} INFO - Filling up the DagBag from /home/ubuntu/.local/lib/python3.10/site-packages/airflow/example_dags/tutorial_taskflow_api_virtualenv.py
[2024-02-06T21:44:36.864+0100] {processor.py:840} INFO - DAG(s) 'tutorial_taskflow_api_virtualenv' retrieved from /home/ubuntu/.local/lib/python3.10/site-packages/airflow/example_dags/tutorial_taskflow_api_virtualenv.py
[2024-02-06T21:44:36.916+0100] {logging_mixin.py:188} INFO - [2024-02-06T21:44:36.916+0100] {dag.py:3036} INFO - Sync 1 DAGs
[2024-02-06T21:44:36.941+0100] {logging_mixin.py:188} INFO - [2024-02-06T21:44:36.940+0100] {dag.py:3823} INFO - Setting next_dagrun for tutorial_taskflow_api_virtualenv to None, run_after=None
[2024-02-06T21:44:37.093+0100] {processor.py:183} INFO - Processing /home/ubuntu/.local/lib/python3.10/site-packages/airflow/example_dags/tutorial_taskflow_api_virtualenv.py took 0.296 seconds
[2024-02-06T21:53:34.785+0100] {processor.py:161} INFO - Started process (PID=30647) to work on /home/ubuntu/.local/lib/python3.10/site-packages/airflow/example_dags/tutorial_taskflow_api_virtualenv.py
[2024-02-06T21:53:34.795+0100] {processor.py:830} INFO - Processing file /home/ubuntu/.local/lib/python3.10/site-packages/airflow/example_dags/tutorial_taskflow_api_virtualenv.py for tasks to queue
[2024-02-06T21:53:34.797+0100] {logging_mixin.py:188} INFO - [2024-02-06T21:53:34.796+0100] {dagbag.py:538} INFO - Filling up the DagBag from /home/ubuntu/.local/lib/python3.10/site-packages/airflow/example_dags/tutorial_taskflow_api_virtualenv.py
[2024-02-06T21:53:34.825+0100] {processor.py:840} INFO - DAG(s) 'tutorial_taskflow_api_virtualenv' retrieved from /home/ubuntu/.local/lib/python3.10/site-packages/airflow/example_dags/tutorial_taskflow_api_virtualenv.py
[2024-02-06T21:53:34.841+0100] {logging_mixin.py:188} INFO - [2024-02-06T21:53:34.840+0100] {dag.py:3036} INFO - Sync 1 DAGs
[2024-02-06T21:53:34.870+0100] {logging_mixin.py:188} INFO - [2024-02-06T21:53:34.869+0100] {dag.py:3823} INFO - Setting next_dagrun for tutorial_taskflow_api_virtualenv to None, run_after=None
[2024-02-06T21:53:34.957+0100] {processor.py:183} INFO - Processing /home/ubuntu/.local/lib/python3.10/site-packages/airflow/example_dags/tutorial_taskflow_api_virtualenv.py took 0.178 seconds
[2024-02-06T21:54:59.867+0100] {processor.py:161} INFO - Started process (PID=31572) to work on /home/ubuntu/.local/lib/python3.10/site-packages/airflow/example_dags/tutorial_taskflow_api_virtualenv.py
[2024-02-06T21:54:59.880+0100] {processor.py:830} INFO - Processing file /home/ubuntu/.local/lib/python3.10/site-packages/airflow/example_dags/tutorial_taskflow_api_virtualenv.py for tasks to queue
[2024-02-06T21:54:59.893+0100] {logging_mixin.py:188} INFO - [2024-02-06T21:54:59.890+0100] {dagbag.py:538} INFO - Filling up the DagBag from /home/ubuntu/.local/lib/python3.10/site-packages/airflow/example_dags/tutorial_taskflow_api_virtualenv.py
[2024-02-06T21:54:59.952+0100] {processor.py:840} INFO - DAG(s) 'tutorial_taskflow_api_virtualenv' retrieved from /home/ubuntu/.local/lib/python3.10/site-packages/airflow/example_dags/tutorial_taskflow_api_virtualenv.py
[2024-02-06T21:55:00.738+0100] {logging_mixin.py:188} INFO - [2024-02-06T21:55:00.737+0100] {dag.py:3036} INFO - Sync 1 DAGs
[2024-02-06T21:55:00.803+0100] {logging_mixin.py:188} INFO - [2024-02-06T21:55:00.802+0100] {dag.py:3823} INFO - Setting next_dagrun for tutorial_taskflow_api_virtualenv to None, run_after=None
[2024-02-06T21:55:00.923+0100] {processor.py:183} INFO - Processing /home/ubuntu/.local/lib/python3.10/site-packages/airflow/example_dags/tutorial_taskflow_api_virtualenv.py took 1.075 seconds
[2024-02-06T21:55:48.085+0100] {processor.py:161} INFO - Started process (PID=32020) to work on /home/ubuntu/.local/lib/python3.10/site-packages/airflow/example_dags/tutorial_taskflow_api_virtualenv.py
[2024-02-06T21:55:48.089+0100] {processor.py:830} INFO - Processing file /home/ubuntu/.local/lib/python3.10/site-packages/airflow/example_dags/tutorial_taskflow_api_virtualenv.py for tasks to queue
[2024-02-06T21:55:48.091+0100] {logging_mixin.py:188} INFO - [2024-02-06T21:55:48.090+0100] {dagbag.py:538} INFO - Filling up the DagBag from /home/ubuntu/.local/lib/python3.10/site-packages/airflow/example_dags/tutorial_taskflow_api_virtualenv.py
[2024-02-06T21:55:48.131+0100] {processor.py:840} INFO - DAG(s) 'tutorial_taskflow_api_virtualenv' retrieved from /home/ubuntu/.local/lib/python3.10/site-packages/airflow/example_dags/tutorial_taskflow_api_virtualenv.py
[2024-02-06T21:55:48.175+0100] {logging_mixin.py:188} INFO - [2024-02-06T21:55:48.175+0100] {dag.py:3036} INFO - Sync 1 DAGs
[2024-02-06T21:55:48.218+0100] {logging_mixin.py:188} INFO - [2024-02-06T21:55:48.217+0100] {dag.py:3823} INFO - Setting next_dagrun for tutorial_taskflow_api_virtualenv to None, run_after=None
[2024-02-06T21:55:48.314+0100] {processor.py:183} INFO - Processing /home/ubuntu/.local/lib/python3.10/site-packages/airflow/example_dags/tutorial_taskflow_api_virtualenv.py took 0.239 seconds
[2024-02-06T21:55:52.403+0100] {processor.py:161} INFO - Started process (PID=32083) to work on /home/ubuntu/.local/lib/python3.10/site-packages/airflow/example_dags/tutorial_taskflow_api_virtualenv.py
[2024-02-06T21:55:52.406+0100] {processor.py:830} INFO - Processing file /home/ubuntu/.local/lib/python3.10/site-packages/airflow/example_dags/tutorial_taskflow_api_virtualenv.py for tasks to queue
[2024-02-06T21:55:52.410+0100] {logging_mixin.py:188} INFO - [2024-02-06T21:55:52.407+0100] {dagbag.py:538} INFO - Filling up the DagBag from /home/ubuntu/.local/lib/python3.10/site-packages/airflow/example_dags/tutorial_taskflow_api_virtualenv.py
[2024-02-06T21:55:52.564+0100] {processor.py:840} INFO - DAG(s) 'tutorial_taskflow_api_virtualenv' retrieved from /home/ubuntu/.local/lib/python3.10/site-packages/airflow/example_dags/tutorial_taskflow_api_virtualenv.py
[2024-02-06T21:55:53.195+0100] {logging_mixin.py:188} INFO - [2024-02-06T21:55:53.195+0100] {dag.py:3036} INFO - Sync 1 DAGs
[2024-02-06T21:55:53.215+0100] {logging_mixin.py:188} INFO - [2024-02-06T21:55:53.215+0100] {dag.py:3823} INFO - Setting next_dagrun for tutorial_taskflow_api_virtualenv to None, run_after=None
[2024-02-06T21:55:53.305+0100] {processor.py:183} INFO - Processing /home/ubuntu/.local/lib/python3.10/site-packages/airflow/example_dags/tutorial_taskflow_api_virtualenv.py took 0.909 seconds
[2024-02-06T21:56:33.663+0100] {processor.py:161} INFO - Started process (PID=32430) to work on /home/ubuntu/.local/lib/python3.10/site-packages/airflow/example_dags/tutorial_taskflow_api_virtualenv.py
[2024-02-06T21:56:33.677+0100] {processor.py:830} INFO - Processing file /home/ubuntu/.local/lib/python3.10/site-packages/airflow/example_dags/tutorial_taskflow_api_virtualenv.py for tasks to queue
[2024-02-06T21:56:33.679+0100] {logging_mixin.py:188} INFO - [2024-02-06T21:56:33.678+0100] {dagbag.py:538} INFO - Filling up the DagBag from /home/ubuntu/.local/lib/python3.10/site-packages/airflow/example_dags/tutorial_taskflow_api_virtualenv.py
[2024-02-06T21:56:33.704+0100] {processor.py:840} INFO - DAG(s) 'tutorial_taskflow_api_virtualenv' retrieved from /home/ubuntu/.local/lib/python3.10/site-packages/airflow/example_dags/tutorial_taskflow_api_virtualenv.py
[2024-02-06T21:56:33.920+0100] {logging_mixin.py:188} INFO - [2024-02-06T21:56:33.918+0100] {dag.py:3036} INFO - Sync 1 DAGs
[2024-02-06T21:56:33.952+0100] {logging_mixin.py:188} INFO - [2024-02-06T21:56:33.951+0100] {dag.py:3823} INFO - Setting next_dagrun for tutorial_taskflow_api_virtualenv to None, run_after=None
[2024-02-06T21:56:34.029+0100] {processor.py:183} INFO - Processing /home/ubuntu/.local/lib/python3.10/site-packages/airflow/example_dags/tutorial_taskflow_api_virtualenv.py took 0.376 seconds
[2024-02-06T21:57:03.677+0100] {processor.py:161} INFO - Started process (PID=32625) to work on /home/ubuntu/.local/lib/python3.10/site-packages/airflow/example_dags/tutorial_taskflow_api_virtualenv.py
[2024-02-06T21:57:03.679+0100] {processor.py:830} INFO - Processing file /home/ubuntu/.local/lib/python3.10/site-packages/airflow/example_dags/tutorial_taskflow_api_virtualenv.py for tasks to queue
[2024-02-06T21:57:03.681+0100] {logging_mixin.py:188} INFO - [2024-02-06T21:57:03.680+0100] {dagbag.py:538} INFO - Filling up the DagBag from /home/ubuntu/.local/lib/python3.10/site-packages/airflow/example_dags/tutorial_taskflow_api_virtualenv.py
[2024-02-06T21:57:03.716+0100] {processor.py:840} INFO - DAG(s) 'tutorial_taskflow_api_virtualenv' retrieved from /home/ubuntu/.local/lib/python3.10/site-packages/airflow/example_dags/tutorial_taskflow_api_virtualenv.py
[2024-02-06T21:57:04.050+0100] {logging_mixin.py:188} INFO - [2024-02-06T21:57:04.050+0100] {dag.py:3036} INFO - Sync 1 DAGs
[2024-02-06T21:57:04.325+0100] {logging_mixin.py:188} INFO - [2024-02-06T21:57:04.324+0100] {dag.py:3823} INFO - Setting next_dagrun for tutorial_taskflow_api_virtualenv to None, run_after=None
[2024-02-06T21:57:04.505+0100] {processor.py:183} INFO - Processing /home/ubuntu/.local/lib/python3.10/site-packages/airflow/example_dags/tutorial_taskflow_api_virtualenv.py took 0.835 seconds
[2024-02-06T21:57:22.540+0100] {processor.py:161} INFO - Started process (PID=32780) to work on /home/ubuntu/.local/lib/python3.10/site-packages/airflow/example_dags/tutorial_taskflow_api_virtualenv.py
[2024-02-06T21:57:22.545+0100] {processor.py:830} INFO - Processing file /home/ubuntu/.local/lib/python3.10/site-packages/airflow/example_dags/tutorial_taskflow_api_virtualenv.py for tasks to queue
[2024-02-06T21:57:22.548+0100] {logging_mixin.py:188} INFO - [2024-02-06T21:57:22.546+0100] {dagbag.py:538} INFO - Filling up the DagBag from /home/ubuntu/.local/lib/python3.10/site-packages/airflow/example_dags/tutorial_taskflow_api_virtualenv.py
[2024-02-06T21:57:22.586+0100] {processor.py:840} INFO - DAG(s) 'tutorial_taskflow_api_virtualenv' retrieved from /home/ubuntu/.local/lib/python3.10/site-packages/airflow/example_dags/tutorial_taskflow_api_virtualenv.py
[2024-02-06T21:57:22.604+0100] {logging_mixin.py:188} INFO - [2024-02-06T21:57:22.604+0100] {dag.py:3036} INFO - Sync 1 DAGs
[2024-02-06T21:57:22.629+0100] {logging_mixin.py:188} INFO - [2024-02-06T21:57:22.629+0100] {dag.py:3823} INFO - Setting next_dagrun for tutorial_taskflow_api_virtualenv to None, run_after=None
[2024-02-06T21:57:22.699+0100] {processor.py:183} INFO - Processing /home/ubuntu/.local/lib/python3.10/site-packages/airflow/example_dags/tutorial_taskflow_api_virtualenv.py took 0.171 seconds
[2024-02-06T21:57:45.397+0100] {processor.py:161} INFO - Started process (PID=32982) to work on /home/ubuntu/.local/lib/python3.10/site-packages/airflow/example_dags/tutorial_taskflow_api_virtualenv.py
[2024-02-06T21:57:45.408+0100] {processor.py:830} INFO - Processing file /home/ubuntu/.local/lib/python3.10/site-packages/airflow/example_dags/tutorial_taskflow_api_virtualenv.py for tasks to queue
[2024-02-06T21:57:45.412+0100] {logging_mixin.py:188} INFO - [2024-02-06T21:57:45.411+0100] {dagbag.py:538} INFO - Filling up the DagBag from /home/ubuntu/.local/lib/python3.10/site-packages/airflow/example_dags/tutorial_taskflow_api_virtualenv.py
[2024-02-06T21:57:45.511+0100] {processor.py:840} INFO - DAG(s) 'tutorial_taskflow_api_virtualenv' retrieved from /home/ubuntu/.local/lib/python3.10/site-packages/airflow/example_dags/tutorial_taskflow_api_virtualenv.py
[2024-02-06T21:57:45.656+0100] {logging_mixin.py:188} INFO - [2024-02-06T21:57:45.654+0100] {dag.py:3036} INFO - Sync 1 DAGs
[2024-02-06T21:57:45.681+0100] {logging_mixin.py:188} INFO - [2024-02-06T21:57:45.681+0100] {dag.py:3823} INFO - Setting next_dagrun for tutorial_taskflow_api_virtualenv to None, run_after=None
[2024-02-06T21:57:45.816+0100] {processor.py:183} INFO - Processing /home/ubuntu/.local/lib/python3.10/site-packages/airflow/example_dags/tutorial_taskflow_api_virtualenv.py took 0.429 seconds
[2024-02-06T21:58:38.638+0100] {processor.py:161} INFO - Started process (PID=33522) to work on /home/ubuntu/.local/lib/python3.10/site-packages/airflow/example_dags/tutorial_taskflow_api_virtualenv.py
[2024-02-06T21:58:38.645+0100] {processor.py:830} INFO - Processing file /home/ubuntu/.local/lib/python3.10/site-packages/airflow/example_dags/tutorial_taskflow_api_virtualenv.py for tasks to queue
[2024-02-06T21:58:38.647+0100] {logging_mixin.py:188} INFO - [2024-02-06T21:58:38.646+0100] {dagbag.py:538} INFO - Filling up the DagBag from /home/ubuntu/.local/lib/python3.10/site-packages/airflow/example_dags/tutorial_taskflow_api_virtualenv.py
[2024-02-06T21:58:38.672+0100] {processor.py:840} INFO - DAG(s) 'tutorial_taskflow_api_virtualenv' retrieved from /home/ubuntu/.local/lib/python3.10/site-packages/airflow/example_dags/tutorial_taskflow_api_virtualenv.py
[2024-02-06T21:58:38.688+0100] {logging_mixin.py:188} INFO - [2024-02-06T21:58:38.688+0100] {dag.py:3036} INFO - Sync 1 DAGs
[2024-02-06T21:58:38.721+0100] {logging_mixin.py:188} INFO - [2024-02-06T21:58:38.721+0100] {dag.py:3823} INFO - Setting next_dagrun for tutorial_taskflow_api_virtualenv to None, run_after=None
[2024-02-06T21:58:38.795+0100] {processor.py:183} INFO - Processing /home/ubuntu/.local/lib/python3.10/site-packages/airflow/example_dags/tutorial_taskflow_api_virtualenv.py took 0.165 seconds
[2024-02-06T21:58:52.558+0100] {processor.py:161} INFO - Started process (PID=33630) to work on /home/ubuntu/.local/lib/python3.10/site-packages/airflow/example_dags/tutorial_taskflow_api_virtualenv.py
[2024-02-06T21:58:52.573+0100] {processor.py:830} INFO - Processing file /home/ubuntu/.local/lib/python3.10/site-packages/airflow/example_dags/tutorial_taskflow_api_virtualenv.py for tasks to queue
[2024-02-06T21:58:52.576+0100] {logging_mixin.py:188} INFO - [2024-02-06T21:58:52.574+0100] {dagbag.py:538} INFO - Filling up the DagBag from /home/ubuntu/.local/lib/python3.10/site-packages/airflow/example_dags/tutorial_taskflow_api_virtualenv.py
[2024-02-06T21:58:52.598+0100] {processor.py:840} INFO - DAG(s) 'tutorial_taskflow_api_virtualenv' retrieved from /home/ubuntu/.local/lib/python3.10/site-packages/airflow/example_dags/tutorial_taskflow_api_virtualenv.py
[2024-02-06T21:58:52.636+0100] {logging_mixin.py:188} INFO - [2024-02-06T21:58:52.636+0100] {dag.py:3036} INFO - Sync 1 DAGs
[2024-02-06T21:58:52.666+0100] {logging_mixin.py:188} INFO - [2024-02-06T21:58:52.665+0100] {dag.py:3823} INFO - Setting next_dagrun for tutorial_taskflow_api_virtualenv to None, run_after=None
[2024-02-06T21:58:52.729+0100] {processor.py:183} INFO - Processing /home/ubuntu/.local/lib/python3.10/site-packages/airflow/example_dags/tutorial_taskflow_api_virtualenv.py took 0.211 seconds
[2024-02-06T21:59:34.716+0100] {processor.py:161} INFO - Started process (PID=34090) to work on /home/ubuntu/.local/lib/python3.10/site-packages/airflow/example_dags/tutorial_taskflow_api_virtualenv.py
[2024-02-06T21:59:34.719+0100] {processor.py:830} INFO - Processing file /home/ubuntu/.local/lib/python3.10/site-packages/airflow/example_dags/tutorial_taskflow_api_virtualenv.py for tasks to queue
[2024-02-06T21:59:34.721+0100] {logging_mixin.py:188} INFO - [2024-02-06T21:59:34.720+0100] {dagbag.py:538} INFO - Filling up the DagBag from /home/ubuntu/.local/lib/python3.10/site-packages/airflow/example_dags/tutorial_taskflow_api_virtualenv.py
[2024-02-06T21:59:34.752+0100] {processor.py:840} INFO - DAG(s) 'tutorial_taskflow_api_virtualenv' retrieved from /home/ubuntu/.local/lib/python3.10/site-packages/airflow/example_dags/tutorial_taskflow_api_virtualenv.py
[2024-02-06T21:59:35.015+0100] {logging_mixin.py:188} INFO - [2024-02-06T21:59:35.012+0100] {dag.py:3036} INFO - Sync 1 DAGs
[2024-02-06T21:59:35.044+0100] {logging_mixin.py:188} INFO - [2024-02-06T21:59:35.043+0100] {dag.py:3823} INFO - Setting next_dagrun for tutorial_taskflow_api_virtualenv to None, run_after=None
[2024-02-06T21:59:35.129+0100] {processor.py:183} INFO - Processing /home/ubuntu/.local/lib/python3.10/site-packages/airflow/example_dags/tutorial_taskflow_api_virtualenv.py took 0.421 seconds
[2024-02-06T22:00:20.250+0100] {processor.py:161} INFO - Started process (PID=34495) to work on /home/ubuntu/.local/lib/python3.10/site-packages/airflow/example_dags/tutorial_taskflow_api_virtualenv.py
[2024-02-06T22:00:20.271+0100] {processor.py:830} INFO - Processing file /home/ubuntu/.local/lib/python3.10/site-packages/airflow/example_dags/tutorial_taskflow_api_virtualenv.py for tasks to queue
[2024-02-06T22:00:20.283+0100] {logging_mixin.py:188} INFO - [2024-02-06T22:00:20.278+0100] {dagbag.py:538} INFO - Filling up the DagBag from /home/ubuntu/.local/lib/python3.10/site-packages/airflow/example_dags/tutorial_taskflow_api_virtualenv.py
[2024-02-06T22:00:20.360+0100] {processor.py:840} INFO - DAG(s) 'tutorial_taskflow_api_virtualenv' retrieved from /home/ubuntu/.local/lib/python3.10/site-packages/airflow/example_dags/tutorial_taskflow_api_virtualenv.py
[2024-02-06T22:00:20.803+0100] {logging_mixin.py:188} INFO - [2024-02-06T22:00:20.801+0100] {dag.py:3036} INFO - Sync 1 DAGs
[2024-02-06T22:00:20.832+0100] {logging_mixin.py:188} INFO - [2024-02-06T22:00:20.831+0100] {dag.py:3823} INFO - Setting next_dagrun for tutorial_taskflow_api_virtualenv to None, run_after=None
[2024-02-06T22:00:20.914+0100] {processor.py:183} INFO - Processing /home/ubuntu/.local/lib/python3.10/site-packages/airflow/example_dags/tutorial_taskflow_api_virtualenv.py took 0.670 seconds
[2024-02-06T22:00:28.995+0100] {processor.py:161} INFO - Started process (PID=34573) to work on /home/ubuntu/.local/lib/python3.10/site-packages/airflow/example_dags/tutorial_taskflow_api_virtualenv.py
[2024-02-06T22:00:29.000+0100] {processor.py:830} INFO - Processing file /home/ubuntu/.local/lib/python3.10/site-packages/airflow/example_dags/tutorial_taskflow_api_virtualenv.py for tasks to queue
[2024-02-06T22:00:29.002+0100] {logging_mixin.py:188} INFO - [2024-02-06T22:00:29.001+0100] {dagbag.py:538} INFO - Filling up the DagBag from /home/ubuntu/.local/lib/python3.10/site-packages/airflow/example_dags/tutorial_taskflow_api_virtualenv.py
[2024-02-06T22:00:29.031+0100] {processor.py:840} INFO - DAG(s) 'tutorial_taskflow_api_virtualenv' retrieved from /home/ubuntu/.local/lib/python3.10/site-packages/airflow/example_dags/tutorial_taskflow_api_virtualenv.py
[2024-02-06T22:00:29.048+0100] {logging_mixin.py:188} INFO - [2024-02-06T22:00:29.047+0100] {dag.py:3036} INFO - Sync 1 DAGs
[2024-02-06T22:00:29.101+0100] {logging_mixin.py:188} INFO - [2024-02-06T22:00:29.100+0100] {dag.py:3823} INFO - Setting next_dagrun for tutorial_taskflow_api_virtualenv to None, run_after=None
[2024-02-06T22:00:29.188+0100] {processor.py:183} INFO - Processing /home/ubuntu/.local/lib/python3.10/site-packages/airflow/example_dags/tutorial_taskflow_api_virtualenv.py took 0.214 seconds
[2024-02-06T22:01:12.722+0100] {processor.py:161} INFO - Started process (PID=34856) to work on /home/ubuntu/.local/lib/python3.10/site-packages/airflow/example_dags/tutorial_taskflow_api_virtualenv.py
[2024-02-06T22:01:12.759+0100] {processor.py:830} INFO - Processing file /home/ubuntu/.local/lib/python3.10/site-packages/airflow/example_dags/tutorial_taskflow_api_virtualenv.py for tasks to queue
[2024-02-06T22:01:12.761+0100] {logging_mixin.py:188} INFO - [2024-02-06T22:01:12.760+0100] {dagbag.py:538} INFO - Filling up the DagBag from /home/ubuntu/.local/lib/python3.10/site-packages/airflow/example_dags/tutorial_taskflow_api_virtualenv.py
[2024-02-06T22:01:12.815+0100] {processor.py:840} INFO - DAG(s) 'tutorial_taskflow_api_virtualenv' retrieved from /home/ubuntu/.local/lib/python3.10/site-packages/airflow/example_dags/tutorial_taskflow_api_virtualenv.py
[2024-02-06T22:01:12.869+0100] {logging_mixin.py:188} INFO - [2024-02-06T22:01:12.869+0100] {dag.py:3036} INFO - Sync 1 DAGs
[2024-02-06T22:01:12.949+0100] {logging_mixin.py:188} INFO - [2024-02-06T22:01:12.949+0100] {dag.py:3823} INFO - Setting next_dagrun for tutorial_taskflow_api_virtualenv to None, run_after=None
[2024-02-06T22:01:13.109+0100] {processor.py:183} INFO - Processing /home/ubuntu/.local/lib/python3.10/site-packages/airflow/example_dags/tutorial_taskflow_api_virtualenv.py took 0.394 seconds
[2024-02-06T22:01:16.891+0100] {processor.py:161} INFO - Started process (PID=34861) to work on /home/ubuntu/.local/lib/python3.10/site-packages/airflow/example_dags/tutorial_taskflow_api_virtualenv.py
[2024-02-06T22:01:16.894+0100] {processor.py:830} INFO - Processing file /home/ubuntu/.local/lib/python3.10/site-packages/airflow/example_dags/tutorial_taskflow_api_virtualenv.py for tasks to queue
[2024-02-06T22:01:16.902+0100] {logging_mixin.py:188} INFO - [2024-02-06T22:01:16.901+0100] {dagbag.py:538} INFO - Filling up the DagBag from /home/ubuntu/.local/lib/python3.10/site-packages/airflow/example_dags/tutorial_taskflow_api_virtualenv.py
[2024-02-06T22:01:16.942+0100] {processor.py:840} INFO - DAG(s) 'tutorial_taskflow_api_virtualenv' retrieved from /home/ubuntu/.local/lib/python3.10/site-packages/airflow/example_dags/tutorial_taskflow_api_virtualenv.py
[2024-02-06T22:01:17.428+0100] {logging_mixin.py:188} INFO - [2024-02-06T22:01:17.427+0100] {dag.py:3036} INFO - Sync 1 DAGs
[2024-02-06T22:01:17.468+0100] {logging_mixin.py:188} INFO - [2024-02-06T22:01:17.467+0100] {dag.py:3823} INFO - Setting next_dagrun for tutorial_taskflow_api_virtualenv to None, run_after=None
[2024-02-06T22:01:17.740+0100] {processor.py:183} INFO - Processing /home/ubuntu/.local/lib/python3.10/site-packages/airflow/example_dags/tutorial_taskflow_api_virtualenv.py took 0.874 seconds
[2024-02-06T22:01:57.298+0100] {processor.py:161} INFO - Started process (PID=35199) to work on /home/ubuntu/.local/lib/python3.10/site-packages/airflow/example_dags/tutorial_taskflow_api_virtualenv.py
[2024-02-06T22:01:57.320+0100] {processor.py:830} INFO - Processing file /home/ubuntu/.local/lib/python3.10/site-packages/airflow/example_dags/tutorial_taskflow_api_virtualenv.py for tasks to queue
[2024-02-06T22:01:57.341+0100] {logging_mixin.py:188} INFO - [2024-02-06T22:01:57.340+0100] {dagbag.py:538} INFO - Filling up the DagBag from /home/ubuntu/.local/lib/python3.10/site-packages/airflow/example_dags/tutorial_taskflow_api_virtualenv.py
[2024-02-06T22:01:57.369+0100] {processor.py:840} INFO - DAG(s) 'tutorial_taskflow_api_virtualenv' retrieved from /home/ubuntu/.local/lib/python3.10/site-packages/airflow/example_dags/tutorial_taskflow_api_virtualenv.py
[2024-02-06T22:01:57.685+0100] {logging_mixin.py:188} INFO - [2024-02-06T22:01:57.684+0100] {dag.py:3036} INFO - Sync 1 DAGs
[2024-02-06T22:01:57.709+0100] {logging_mixin.py:188} INFO - [2024-02-06T22:01:57.708+0100] {dag.py:3823} INFO - Setting next_dagrun for tutorial_taskflow_api_virtualenv to None, run_after=None
[2024-02-06T22:01:57.801+0100] {processor.py:183} INFO - Processing /home/ubuntu/.local/lib/python3.10/site-packages/airflow/example_dags/tutorial_taskflow_api_virtualenv.py took 0.523 seconds
[2024-02-06T22:01:59.384+0100] {processor.py:161} INFO - Started process (PID=35226) to work on /home/ubuntu/.local/lib/python3.10/site-packages/airflow/example_dags/tutorial_taskflow_api_virtualenv.py
[2024-02-06T22:01:59.388+0100] {processor.py:830} INFO - Processing file /home/ubuntu/.local/lib/python3.10/site-packages/airflow/example_dags/tutorial_taskflow_api_virtualenv.py for tasks to queue
[2024-02-06T22:01:59.391+0100] {logging_mixin.py:188} INFO - [2024-02-06T22:01:59.389+0100] {dagbag.py:538} INFO - Filling up the DagBag from /home/ubuntu/.local/lib/python3.10/site-packages/airflow/example_dags/tutorial_taskflow_api_virtualenv.py
[2024-02-06T22:01:59.436+0100] {processor.py:840} INFO - DAG(s) 'tutorial_taskflow_api_virtualenv' retrieved from /home/ubuntu/.local/lib/python3.10/site-packages/airflow/example_dags/tutorial_taskflow_api_virtualenv.py
[2024-02-06T22:01:59.460+0100] {logging_mixin.py:188} INFO - [2024-02-06T22:01:59.459+0100] {dag.py:3036} INFO - Sync 1 DAGs
[2024-02-06T22:01:59.498+0100] {logging_mixin.py:188} INFO - [2024-02-06T22:01:59.497+0100] {dag.py:3823} INFO - Setting next_dagrun for tutorial_taskflow_api_virtualenv to None, run_after=None
[2024-02-06T22:01:59.572+0100] {processor.py:183} INFO - Processing /home/ubuntu/.local/lib/python3.10/site-packages/airflow/example_dags/tutorial_taskflow_api_virtualenv.py took 0.201 seconds
[2024-02-06T22:02:42.578+0100] {processor.py:161} INFO - Started process (PID=35562) to work on /home/ubuntu/.local/lib/python3.10/site-packages/airflow/example_dags/tutorial_taskflow_api_virtualenv.py
[2024-02-06T22:02:42.582+0100] {processor.py:830} INFO - Processing file /home/ubuntu/.local/lib/python3.10/site-packages/airflow/example_dags/tutorial_taskflow_api_virtualenv.py for tasks to queue
[2024-02-06T22:02:42.588+0100] {logging_mixin.py:188} INFO - [2024-02-06T22:02:42.587+0100] {dagbag.py:538} INFO - Filling up the DagBag from /home/ubuntu/.local/lib/python3.10/site-packages/airflow/example_dags/tutorial_taskflow_api_virtualenv.py
[2024-02-06T22:02:42.626+0100] {processor.py:840} INFO - DAG(s) 'tutorial_taskflow_api_virtualenv' retrieved from /home/ubuntu/.local/lib/python3.10/site-packages/airflow/example_dags/tutorial_taskflow_api_virtualenv.py
[2024-02-06T22:02:42.668+0100] {logging_mixin.py:188} INFO - [2024-02-06T22:02:42.667+0100] {dag.py:3036} INFO - Sync 1 DAGs
[2024-02-06T22:02:42.702+0100] {logging_mixin.py:188} INFO - [2024-02-06T22:02:42.702+0100] {dag.py:3823} INFO - Setting next_dagrun for tutorial_taskflow_api_virtualenv to None, run_after=None
[2024-02-06T22:02:42.785+0100] {processor.py:183} INFO - Processing /home/ubuntu/.local/lib/python3.10/site-packages/airflow/example_dags/tutorial_taskflow_api_virtualenv.py took 0.213 seconds
[2024-02-06T22:02:44.021+0100] {processor.py:161} INFO - Started process (PID=35565) to work on /home/ubuntu/.local/lib/python3.10/site-packages/airflow/example_dags/tutorial_taskflow_api_virtualenv.py
[2024-02-06T22:02:44.024+0100] {processor.py:830} INFO - Processing file /home/ubuntu/.local/lib/python3.10/site-packages/airflow/example_dags/tutorial_taskflow_api_virtualenv.py for tasks to queue
[2024-02-06T22:02:44.027+0100] {logging_mixin.py:188} INFO - [2024-02-06T22:02:44.025+0100] {dagbag.py:538} INFO - Filling up the DagBag from /home/ubuntu/.local/lib/python3.10/site-packages/airflow/example_dags/tutorial_taskflow_api_virtualenv.py
[2024-02-06T22:02:44.062+0100] {processor.py:840} INFO - DAG(s) 'tutorial_taskflow_api_virtualenv' retrieved from /home/ubuntu/.local/lib/python3.10/site-packages/airflow/example_dags/tutorial_taskflow_api_virtualenv.py
[2024-02-06T22:02:44.417+0100] {logging_mixin.py:188} INFO - [2024-02-06T22:02:44.416+0100] {dag.py:3036} INFO - Sync 1 DAGs
[2024-02-06T22:02:44.457+0100] {logging_mixin.py:188} INFO - [2024-02-06T22:02:44.456+0100] {dag.py:3823} INFO - Setting next_dagrun for tutorial_taskflow_api_virtualenv to None, run_after=None
[2024-02-06T22:02:44.670+0100] {processor.py:183} INFO - Processing /home/ubuntu/.local/lib/python3.10/site-packages/airflow/example_dags/tutorial_taskflow_api_virtualenv.py took 0.659 seconds
[2024-02-06T22:03:31.399+0100] {processor.py:161} INFO - Started process (PID=36093) to work on /home/ubuntu/.local/lib/python3.10/site-packages/airflow/example_dags/tutorial_taskflow_api_virtualenv.py
[2024-02-06T22:03:31.404+0100] {processor.py:830} INFO - Processing file /home/ubuntu/.local/lib/python3.10/site-packages/airflow/example_dags/tutorial_taskflow_api_virtualenv.py for tasks to queue
[2024-02-06T22:03:31.406+0100] {logging_mixin.py:188} INFO - [2024-02-06T22:03:31.405+0100] {dagbag.py:538} INFO - Filling up the DagBag from /home/ubuntu/.local/lib/python3.10/site-packages/airflow/example_dags/tutorial_taskflow_api_virtualenv.py
[2024-02-06T22:03:31.429+0100] {processor.py:840} INFO - DAG(s) 'tutorial_taskflow_api_virtualenv' retrieved from /home/ubuntu/.local/lib/python3.10/site-packages/airflow/example_dags/tutorial_taskflow_api_virtualenv.py
[2024-02-06T22:03:31.481+0100] {logging_mixin.py:188} INFO - [2024-02-06T22:03:31.480+0100] {dag.py:3036} INFO - Sync 1 DAGs
[2024-02-06T22:03:31.517+0100] {logging_mixin.py:188} INFO - [2024-02-06T22:03:31.516+0100] {dag.py:3823} INFO - Setting next_dagrun for tutorial_taskflow_api_virtualenv to None, run_after=None
[2024-02-06T22:03:31.638+0100] {processor.py:183} INFO - Processing /home/ubuntu/.local/lib/python3.10/site-packages/airflow/example_dags/tutorial_taskflow_api_virtualenv.py took 0.245 seconds
[2024-02-06T22:03:32.683+0100] {processor.py:161} INFO - Started process (PID=36094) to work on /home/ubuntu/.local/lib/python3.10/site-packages/airflow/example_dags/tutorial_taskflow_api_virtualenv.py
[2024-02-06T22:03:32.684+0100] {processor.py:830} INFO - Processing file /home/ubuntu/.local/lib/python3.10/site-packages/airflow/example_dags/tutorial_taskflow_api_virtualenv.py for tasks to queue
[2024-02-06T22:03:32.687+0100] {logging_mixin.py:188} INFO - [2024-02-06T22:03:32.685+0100] {dagbag.py:538} INFO - Filling up the DagBag from /home/ubuntu/.local/lib/python3.10/site-packages/airflow/example_dags/tutorial_taskflow_api_virtualenv.py
[2024-02-06T22:03:32.707+0100] {processor.py:840} INFO - DAG(s) 'tutorial_taskflow_api_virtualenv' retrieved from /home/ubuntu/.local/lib/python3.10/site-packages/airflow/example_dags/tutorial_taskflow_api_virtualenv.py
[2024-02-06T22:03:33.003+0100] {logging_mixin.py:188} INFO - [2024-02-06T22:03:33.003+0100] {dag.py:3036} INFO - Sync 1 DAGs
[2024-02-06T22:03:33.054+0100] {logging_mixin.py:188} INFO - [2024-02-06T22:03:33.053+0100] {dag.py:3823} INFO - Setting next_dagrun for tutorial_taskflow_api_virtualenv to None, run_after=None
[2024-02-06T22:03:33.229+0100] {processor.py:183} INFO - Processing /home/ubuntu/.local/lib/python3.10/site-packages/airflow/example_dags/tutorial_taskflow_api_virtualenv.py took 0.553 seconds
[2024-02-06T22:04:28.782+0100] {processor.py:161} INFO - Started process (PID=36818) to work on /home/ubuntu/.local/lib/python3.10/site-packages/airflow/example_dags/tutorial_taskflow_api_virtualenv.py
[2024-02-06T22:04:28.793+0100] {processor.py:830} INFO - Processing file /home/ubuntu/.local/lib/python3.10/site-packages/airflow/example_dags/tutorial_taskflow_api_virtualenv.py for tasks to queue
[2024-02-06T22:04:28.808+0100] {logging_mixin.py:188} INFO - [2024-02-06T22:04:28.807+0100] {dagbag.py:538} INFO - Filling up the DagBag from /home/ubuntu/.local/lib/python3.10/site-packages/airflow/example_dags/tutorial_taskflow_api_virtualenv.py
[2024-02-06T22:04:28.877+0100] {processor.py:840} INFO - DAG(s) 'tutorial_taskflow_api_virtualenv' retrieved from /home/ubuntu/.local/lib/python3.10/site-packages/airflow/example_dags/tutorial_taskflow_api_virtualenv.py
[2024-02-06T22:04:29.248+0100] {logging_mixin.py:188} INFO - [2024-02-06T22:04:29.247+0100] {dag.py:3036} INFO - Sync 1 DAGs
[2024-02-06T22:04:29.273+0100] {logging_mixin.py:188} INFO - [2024-02-06T22:04:29.272+0100] {dag.py:3823} INFO - Setting next_dagrun for tutorial_taskflow_api_virtualenv to None, run_after=None
[2024-02-06T22:04:29.323+0100] {processor.py:183} INFO - Processing /home/ubuntu/.local/lib/python3.10/site-packages/airflow/example_dags/tutorial_taskflow_api_virtualenv.py took 0.551 seconds
[2024-02-06T22:05:51.882+0100] {processor.py:161} INFO - Started process (PID=37129) to work on /home/ubuntu/.local/lib/python3.10/site-packages/airflow/example_dags/tutorial_taskflow_api_virtualenv.py
[2024-02-06T22:05:51.885+0100] {processor.py:830} INFO - Processing file /home/ubuntu/.local/lib/python3.10/site-packages/airflow/example_dags/tutorial_taskflow_api_virtualenv.py for tasks to queue
[2024-02-06T22:05:51.886+0100] {logging_mixin.py:188} INFO - [2024-02-06T22:05:51.886+0100] {dagbag.py:538} INFO - Filling up the DagBag from /home/ubuntu/.local/lib/python3.10/site-packages/airflow/example_dags/tutorial_taskflow_api_virtualenv.py
[2024-02-06T22:05:51.907+0100] {processor.py:840} INFO - DAG(s) 'tutorial_taskflow_api_virtualenv' retrieved from /home/ubuntu/.local/lib/python3.10/site-packages/airflow/example_dags/tutorial_taskflow_api_virtualenv.py
[2024-02-06T22:05:51.919+0100] {logging_mixin.py:188} INFO - [2024-02-06T22:05:51.919+0100] {dag.py:3036} INFO - Sync 1 DAGs
[2024-02-06T22:05:51.938+0100] {logging_mixin.py:188} INFO - [2024-02-06T22:05:51.938+0100] {dag.py:3823} INFO - Setting next_dagrun for tutorial_taskflow_api_virtualenv to None, run_after=None
[2024-02-06T22:05:51.987+0100] {processor.py:183} INFO - Processing /home/ubuntu/.local/lib/python3.10/site-packages/airflow/example_dags/tutorial_taskflow_api_virtualenv.py took 0.110 seconds
[2024-02-06T22:07:17.566+0100] {processor.py:161} INFO - Started process (PID=37980) to work on /home/ubuntu/.local/lib/python3.10/site-packages/airflow/example_dags/tutorial_taskflow_api_virtualenv.py
[2024-02-06T22:07:17.571+0100] {processor.py:830} INFO - Processing file /home/ubuntu/.local/lib/python3.10/site-packages/airflow/example_dags/tutorial_taskflow_api_virtualenv.py for tasks to queue
[2024-02-06T22:07:17.572+0100] {logging_mixin.py:188} INFO - [2024-02-06T22:07:17.571+0100] {dagbag.py:538} INFO - Filling up the DagBag from /home/ubuntu/.local/lib/python3.10/site-packages/airflow/example_dags/tutorial_taskflow_api_virtualenv.py
[2024-02-06T22:07:17.595+0100] {processor.py:840} INFO - DAG(s) 'tutorial_taskflow_api_virtualenv' retrieved from /home/ubuntu/.local/lib/python3.10/site-packages/airflow/example_dags/tutorial_taskflow_api_virtualenv.py
[2024-02-06T22:07:17.870+0100] {logging_mixin.py:188} INFO - [2024-02-06T22:07:17.869+0100] {dag.py:3036} INFO - Sync 1 DAGs
[2024-02-06T22:07:17.888+0100] {logging_mixin.py:188} INFO - [2024-02-06T22:07:17.888+0100] {dag.py:3823} INFO - Setting next_dagrun for tutorial_taskflow_api_virtualenv to None, run_after=None
[2024-02-06T22:07:17.951+0100] {processor.py:183} INFO - Processing /home/ubuntu/.local/lib/python3.10/site-packages/airflow/example_dags/tutorial_taskflow_api_virtualenv.py took 0.402 seconds
[2024-02-06T22:10:24.176+0100] {processor.py:161} INFO - Started process (PID=38886) to work on /home/ubuntu/.local/lib/python3.10/site-packages/airflow/example_dags/tutorial_taskflow_api_virtualenv.py
[2024-02-06T22:10:24.184+0100] {processor.py:830} INFO - Processing file /home/ubuntu/.local/lib/python3.10/site-packages/airflow/example_dags/tutorial_taskflow_api_virtualenv.py for tasks to queue
[2024-02-06T22:10:24.187+0100] {logging_mixin.py:188} INFO - [2024-02-06T22:10:24.186+0100] {dagbag.py:538} INFO - Filling up the DagBag from /home/ubuntu/.local/lib/python3.10/site-packages/airflow/example_dags/tutorial_taskflow_api_virtualenv.py
[2024-02-06T22:10:24.228+0100] {processor.py:840} INFO - DAG(s) 'tutorial_taskflow_api_virtualenv' retrieved from /home/ubuntu/.local/lib/python3.10/site-packages/airflow/example_dags/tutorial_taskflow_api_virtualenv.py
[2024-02-06T22:10:24.260+0100] {logging_mixin.py:188} INFO - [2024-02-06T22:10:24.260+0100] {dag.py:3036} INFO - Sync 1 DAGs
[2024-02-06T22:10:24.299+0100] {logging_mixin.py:188} INFO - [2024-02-06T22:10:24.298+0100] {dag.py:3823} INFO - Setting next_dagrun for tutorial_taskflow_api_virtualenv to None, run_after=None
[2024-02-06T22:10:24.399+0100] {processor.py:183} INFO - Processing /home/ubuntu/.local/lib/python3.10/site-packages/airflow/example_dags/tutorial_taskflow_api_virtualenv.py took 0.233 seconds
[2024-02-06T22:12:50.545+0100] {processor.py:161} INFO - Started process (PID=39805) to work on /home/ubuntu/.local/lib/python3.10/site-packages/airflow/example_dags/tutorial_taskflow_api_virtualenv.py
[2024-02-06T22:12:50.555+0100] {processor.py:830} INFO - Processing file /home/ubuntu/.local/lib/python3.10/site-packages/airflow/example_dags/tutorial_taskflow_api_virtualenv.py for tasks to queue
[2024-02-06T22:12:50.560+0100] {logging_mixin.py:188} INFO - [2024-02-06T22:12:50.556+0100] {dagbag.py:538} INFO - Filling up the DagBag from /home/ubuntu/.local/lib/python3.10/site-packages/airflow/example_dags/tutorial_taskflow_api_virtualenv.py
[2024-02-06T22:12:50.594+0100] {processor.py:840} INFO - DAG(s) 'tutorial_taskflow_api_virtualenv' retrieved from /home/ubuntu/.local/lib/python3.10/site-packages/airflow/example_dags/tutorial_taskflow_api_virtualenv.py
[2024-02-06T22:12:50.611+0100] {logging_mixin.py:188} INFO - [2024-02-06T22:12:50.611+0100] {dag.py:3036} INFO - Sync 1 DAGs
[2024-02-06T22:12:50.642+0100] {logging_mixin.py:188} INFO - [2024-02-06T22:12:50.642+0100] {dag.py:3823} INFO - Setting next_dagrun for tutorial_taskflow_api_virtualenv to None, run_after=None
[2024-02-06T22:12:50.707+0100] {processor.py:183} INFO - Processing /home/ubuntu/.local/lib/python3.10/site-packages/airflow/example_dags/tutorial_taskflow_api_virtualenv.py took 0.173 seconds
[2024-02-06T22:14:16.311+0100] {processor.py:161} INFO - Started process (PID=40745) to work on /home/ubuntu/.local/lib/python3.10/site-packages/airflow/example_dags/tutorial_taskflow_api_virtualenv.py
[2024-02-06T22:14:16.318+0100] {processor.py:830} INFO - Processing file /home/ubuntu/.local/lib/python3.10/site-packages/airflow/example_dags/tutorial_taskflow_api_virtualenv.py for tasks to queue
[2024-02-06T22:14:16.321+0100] {logging_mixin.py:188} INFO - [2024-02-06T22:14:16.319+0100] {dagbag.py:538} INFO - Filling up the DagBag from /home/ubuntu/.local/lib/python3.10/site-packages/airflow/example_dags/tutorial_taskflow_api_virtualenv.py
[2024-02-06T22:14:16.356+0100] {processor.py:840} INFO - DAG(s) 'tutorial_taskflow_api_virtualenv' retrieved from /home/ubuntu/.local/lib/python3.10/site-packages/airflow/example_dags/tutorial_taskflow_api_virtualenv.py
[2024-02-06T22:14:16.695+0100] {logging_mixin.py:188} INFO - [2024-02-06T22:14:16.695+0100] {dag.py:3036} INFO - Sync 1 DAGs
[2024-02-06T22:14:16.717+0100] {logging_mixin.py:188} INFO - [2024-02-06T22:14:16.716+0100] {dag.py:3823} INFO - Setting next_dagrun for tutorial_taskflow_api_virtualenv to None, run_after=None
[2024-02-06T22:14:16.789+0100] {processor.py:183} INFO - Processing /home/ubuntu/.local/lib/python3.10/site-packages/airflow/example_dags/tutorial_taskflow_api_virtualenv.py took 0.487 seconds
[2024-02-06T22:15:21.305+0100] {processor.py:161} INFO - Started process (PID=41495) to work on /home/ubuntu/.local/lib/python3.10/site-packages/airflow/example_dags/tutorial_taskflow_api_virtualenv.py
[2024-02-06T22:15:21.310+0100] {processor.py:830} INFO - Processing file /home/ubuntu/.local/lib/python3.10/site-packages/airflow/example_dags/tutorial_taskflow_api_virtualenv.py for tasks to queue
[2024-02-06T22:15:21.313+0100] {logging_mixin.py:188} INFO - [2024-02-06T22:15:21.312+0100] {dagbag.py:538} INFO - Filling up the DagBag from /home/ubuntu/.local/lib/python3.10/site-packages/airflow/example_dags/tutorial_taskflow_api_virtualenv.py
[2024-02-06T22:15:21.389+0100] {processor.py:840} INFO - DAG(s) 'tutorial_taskflow_api_virtualenv' retrieved from /home/ubuntu/.local/lib/python3.10/site-packages/airflow/example_dags/tutorial_taskflow_api_virtualenv.py
[2024-02-06T22:15:21.444+0100] {logging_mixin.py:188} INFO - [2024-02-06T22:15:21.443+0100] {dag.py:3036} INFO - Sync 1 DAGs
[2024-02-06T22:15:21.479+0100] {logging_mixin.py:188} INFO - [2024-02-06T22:15:21.479+0100] {dag.py:3823} INFO - Setting next_dagrun for tutorial_taskflow_api_virtualenv to None, run_after=None
[2024-02-06T22:15:21.625+0100] {processor.py:183} INFO - Processing /home/ubuntu/.local/lib/python3.10/site-packages/airflow/example_dags/tutorial_taskflow_api_virtualenv.py took 0.360 seconds
[2024-02-06T22:16:04.766+0100] {processor.py:161} INFO - Started process (PID=41715) to work on /home/ubuntu/.local/lib/python3.10/site-packages/airflow/example_dags/tutorial_taskflow_api_virtualenv.py
[2024-02-06T22:16:04.769+0100] {processor.py:830} INFO - Processing file /home/ubuntu/.local/lib/python3.10/site-packages/airflow/example_dags/tutorial_taskflow_api_virtualenv.py for tasks to queue
[2024-02-06T22:16:04.771+0100] {logging_mixin.py:188} INFO - [2024-02-06T22:16:04.770+0100] {dagbag.py:538} INFO - Filling up the DagBag from /home/ubuntu/.local/lib/python3.10/site-packages/airflow/example_dags/tutorial_taskflow_api_virtualenv.py
[2024-02-06T22:16:04.791+0100] {processor.py:840} INFO - DAG(s) 'tutorial_taskflow_api_virtualenv' retrieved from /home/ubuntu/.local/lib/python3.10/site-packages/airflow/example_dags/tutorial_taskflow_api_virtualenv.py
[2024-02-06T22:16:04.819+0100] {logging_mixin.py:188} INFO - [2024-02-06T22:16:04.818+0100] {dag.py:3036} INFO - Sync 1 DAGs
[2024-02-06T22:16:04.837+0100] {logging_mixin.py:188} INFO - [2024-02-06T22:16:04.837+0100] {dag.py:3823} INFO - Setting next_dagrun for tutorial_taskflow_api_virtualenv to None, run_after=None
[2024-02-06T22:16:04.897+0100] {processor.py:183} INFO - Processing /home/ubuntu/.local/lib/python3.10/site-packages/airflow/example_dags/tutorial_taskflow_api_virtualenv.py took 0.137 seconds
[2024-02-06T22:25:47.578+0100] {processor.py:161} INFO - Started process (PID=49068) to work on /home/ubuntu/.local/lib/python3.10/site-packages/airflow/example_dags/tutorial_taskflow_api_virtualenv.py
[2024-02-06T22:25:47.589+0100] {processor.py:830} INFO - Processing file /home/ubuntu/.local/lib/python3.10/site-packages/airflow/example_dags/tutorial_taskflow_api_virtualenv.py for tasks to queue
[2024-02-06T22:25:47.601+0100] {logging_mixin.py:188} INFO - [2024-02-06T22:25:47.593+0100] {dagbag.py:538} INFO - Filling up the DagBag from /home/ubuntu/.local/lib/python3.10/site-packages/airflow/example_dags/tutorial_taskflow_api_virtualenv.py
[2024-02-06T22:25:47.682+0100] {processor.py:840} INFO - DAG(s) 'tutorial_taskflow_api_virtualenv' retrieved from /home/ubuntu/.local/lib/python3.10/site-packages/airflow/example_dags/tutorial_taskflow_api_virtualenv.py
[2024-02-06T22:25:47.974+0100] {logging_mixin.py:188} INFO - [2024-02-06T22:25:47.974+0100] {dag.py:3036} INFO - Sync 1 DAGs
[2024-02-06T22:25:48.050+0100] {logging_mixin.py:188} INFO - [2024-02-06T22:25:48.049+0100] {dag.py:3823} INFO - Setting next_dagrun for tutorial_taskflow_api_virtualenv to None, run_after=None
[2024-02-06T22:25:48.189+0100] {processor.py:183} INFO - Processing /home/ubuntu/.local/lib/python3.10/site-packages/airflow/example_dags/tutorial_taskflow_api_virtualenv.py took 0.639 seconds
[2024-02-06T22:27:41.180+0100] {processor.py:161} INFO - Started process (PID=49911) to work on /home/ubuntu/.local/lib/python3.10/site-packages/airflow/example_dags/tutorial_taskflow_api_virtualenv.py
[2024-02-06T22:27:41.190+0100] {processor.py:830} INFO - Processing file /home/ubuntu/.local/lib/python3.10/site-packages/airflow/example_dags/tutorial_taskflow_api_virtualenv.py for tasks to queue
[2024-02-06T22:27:41.192+0100] {logging_mixin.py:188} INFO - [2024-02-06T22:27:41.192+0100] {dagbag.py:538} INFO - Filling up the DagBag from /home/ubuntu/.local/lib/python3.10/site-packages/airflow/example_dags/tutorial_taskflow_api_virtualenv.py
[2024-02-06T22:27:41.219+0100] {processor.py:840} INFO - DAG(s) 'tutorial_taskflow_api_virtualenv' retrieved from /home/ubuntu/.local/lib/python3.10/site-packages/airflow/example_dags/tutorial_taskflow_api_virtualenv.py
[2024-02-06T22:27:41.238+0100] {logging_mixin.py:188} INFO - [2024-02-06T22:27:41.237+0100] {dag.py:3036} INFO - Sync 1 DAGs
[2024-02-06T22:27:41.271+0100] {logging_mixin.py:188} INFO - [2024-02-06T22:27:41.270+0100] {dag.py:3823} INFO - Setting next_dagrun for tutorial_taskflow_api_virtualenv to None, run_after=None
[2024-02-06T22:27:41.346+0100] {processor.py:183} INFO - Processing /home/ubuntu/.local/lib/python3.10/site-packages/airflow/example_dags/tutorial_taskflow_api_virtualenv.py took 0.175 seconds
[2024-02-06T22:34:56.600+0100] {processor.py:161} INFO - Started process (PID=55449) to work on /home/ubuntu/.local/lib/python3.10/site-packages/airflow/example_dags/tutorial_taskflow_api_virtualenv.py
[2024-02-06T22:34:56.612+0100] {processor.py:830} INFO - Processing file /home/ubuntu/.local/lib/python3.10/site-packages/airflow/example_dags/tutorial_taskflow_api_virtualenv.py for tasks to queue
[2024-02-06T22:34:56.614+0100] {logging_mixin.py:188} INFO - [2024-02-06T22:34:56.613+0100] {dagbag.py:538} INFO - Filling up the DagBag from /home/ubuntu/.local/lib/python3.10/site-packages/airflow/example_dags/tutorial_taskflow_api_virtualenv.py
[2024-02-06T22:34:56.637+0100] {processor.py:840} INFO - DAG(s) 'tutorial_taskflow_api_virtualenv' retrieved from /home/ubuntu/.local/lib/python3.10/site-packages/airflow/example_dags/tutorial_taskflow_api_virtualenv.py
[2024-02-06T22:34:56.933+0100] {logging_mixin.py:188} INFO - [2024-02-06T22:34:56.932+0100] {dag.py:3036} INFO - Sync 1 DAGs
[2024-02-06T22:34:56.966+0100] {logging_mixin.py:188} INFO - [2024-02-06T22:34:56.965+0100] {dag.py:3823} INFO - Setting next_dagrun for tutorial_taskflow_api_virtualenv to None, run_after=None
[2024-02-06T22:34:57.028+0100] {processor.py:183} INFO - Processing /home/ubuntu/.local/lib/python3.10/site-packages/airflow/example_dags/tutorial_taskflow_api_virtualenv.py took 0.441 seconds
[2024-02-06T23:13:43.904+0100] {processor.py:161} INFO - Started process (PID=63692) to work on /home/ubuntu/.local/lib/python3.10/site-packages/airflow/example_dags/tutorial_taskflow_api_virtualenv.py
[2024-02-06T23:13:43.914+0100] {processor.py:830} INFO - Processing file /home/ubuntu/.local/lib/python3.10/site-packages/airflow/example_dags/tutorial_taskflow_api_virtualenv.py for tasks to queue
[2024-02-06T23:13:43.920+0100] {logging_mixin.py:188} INFO - [2024-02-06T23:13:43.918+0100] {dagbag.py:538} INFO - Filling up the DagBag from /home/ubuntu/.local/lib/python3.10/site-packages/airflow/example_dags/tutorial_taskflow_api_virtualenv.py
[2024-02-06T23:13:43.977+0100] {processor.py:840} INFO - DAG(s) 'tutorial_taskflow_api_virtualenv' retrieved from /home/ubuntu/.local/lib/python3.10/site-packages/airflow/example_dags/tutorial_taskflow_api_virtualenv.py
[2024-02-06T23:13:44.007+0100] {logging_mixin.py:188} INFO - [2024-02-06T23:13:44.007+0100] {dag.py:3036} INFO - Sync 1 DAGs
[2024-02-06T23:13:44.036+0100] {logging_mixin.py:188} INFO - [2024-02-06T23:13:44.036+0100] {dag.py:3823} INFO - Setting next_dagrun for tutorial_taskflow_api_virtualenv to None, run_after=None
[2024-02-06T23:13:44.231+0100] {processor.py:183} INFO - Processing /home/ubuntu/.local/lib/python3.10/site-packages/airflow/example_dags/tutorial_taskflow_api_virtualenv.py took 0.362 seconds
[2024-02-06T23:15:55.487+0100] {processor.py:161} INFO - Started process (PID=65216) to work on /home/ubuntu/.local/lib/python3.10/site-packages/airflow/example_dags/tutorial_taskflow_api_virtualenv.py
[2024-02-06T23:15:55.542+0100] {processor.py:830} INFO - Processing file /home/ubuntu/.local/lib/python3.10/site-packages/airflow/example_dags/tutorial_taskflow_api_virtualenv.py for tasks to queue
[2024-02-06T23:15:55.545+0100] {logging_mixin.py:188} INFO - [2024-02-06T23:15:55.544+0100] {dagbag.py:538} INFO - Filling up the DagBag from /home/ubuntu/.local/lib/python3.10/site-packages/airflow/example_dags/tutorial_taskflow_api_virtualenv.py
[2024-02-06T23:15:55.725+0100] {processor.py:840} INFO - DAG(s) 'tutorial_taskflow_api_virtualenv' retrieved from /home/ubuntu/.local/lib/python3.10/site-packages/airflow/example_dags/tutorial_taskflow_api_virtualenv.py
[2024-02-06T23:15:56.791+0100] {logging_mixin.py:188} INFO - [2024-02-06T23:15:56.790+0100] {dag.py:3036} INFO - Sync 1 DAGs
[2024-02-06T23:15:56.884+0100] {logging_mixin.py:188} INFO - [2024-02-06T23:15:56.883+0100] {dag.py:3823} INFO - Setting next_dagrun for tutorial_taskflow_api_virtualenv to None, run_after=None
[2024-02-06T23:15:57.538+0100] {processor.py:183} INFO - Processing /home/ubuntu/.local/lib/python3.10/site-packages/airflow/example_dags/tutorial_taskflow_api_virtualenv.py took 2.058 seconds
[2024-02-06T23:27:05.959+0100] {processor.py:161} INFO - Started process (PID=71319) to work on /home/ubuntu/.local/lib/python3.10/site-packages/airflow/example_dags/tutorial_taskflow_api_virtualenv.py
[2024-02-06T23:27:05.989+0100] {processor.py:830} INFO - Processing file /home/ubuntu/.local/lib/python3.10/site-packages/airflow/example_dags/tutorial_taskflow_api_virtualenv.py for tasks to queue
[2024-02-06T23:27:05.993+0100] {logging_mixin.py:188} INFO - [2024-02-06T23:27:05.991+0100] {dagbag.py:538} INFO - Filling up the DagBag from /home/ubuntu/.local/lib/python3.10/site-packages/airflow/example_dags/tutorial_taskflow_api_virtualenv.py
[2024-02-06T23:27:06.087+0100] {processor.py:840} INFO - DAG(s) 'tutorial_taskflow_api_virtualenv' retrieved from /home/ubuntu/.local/lib/python3.10/site-packages/airflow/example_dags/tutorial_taskflow_api_virtualenv.py
[2024-02-06T23:27:06.211+0100] {logging_mixin.py:188} INFO - [2024-02-06T23:27:06.203+0100] {dag.py:3036} INFO - Sync 1 DAGs
[2024-02-06T23:27:06.748+0100] {logging_mixin.py:188} INFO - [2024-02-06T23:27:06.747+0100] {dag.py:3823} INFO - Setting next_dagrun for tutorial_taskflow_api_virtualenv to None, run_after=None
[2024-02-06T23:27:06.924+0100] {processor.py:183} INFO - Processing /home/ubuntu/.local/lib/python3.10/site-packages/airflow/example_dags/tutorial_taskflow_api_virtualenv.py took 0.976 seconds
[2024-02-06T23:28:53.737+0100] {processor.py:161} INFO - Started process (PID=71960) to work on /home/ubuntu/.local/lib/python3.10/site-packages/airflow/example_dags/tutorial_taskflow_api_virtualenv.py
[2024-02-06T23:28:53.747+0100] {processor.py:830} INFO - Processing file /home/ubuntu/.local/lib/python3.10/site-packages/airflow/example_dags/tutorial_taskflow_api_virtualenv.py for tasks to queue
[2024-02-06T23:28:53.751+0100] {logging_mixin.py:188} INFO - [2024-02-06T23:28:53.749+0100] {dagbag.py:538} INFO - Filling up the DagBag from /home/ubuntu/.local/lib/python3.10/site-packages/airflow/example_dags/tutorial_taskflow_api_virtualenv.py
[2024-02-06T23:28:53.780+0100] {processor.py:840} INFO - DAG(s) 'tutorial_taskflow_api_virtualenv' retrieved from /home/ubuntu/.local/lib/python3.10/site-packages/airflow/example_dags/tutorial_taskflow_api_virtualenv.py
[2024-02-06T23:28:53.801+0100] {logging_mixin.py:188} INFO - [2024-02-06T23:28:53.800+0100] {dag.py:3036} INFO - Sync 1 DAGs
[2024-02-06T23:28:53.833+0100] {logging_mixin.py:188} INFO - [2024-02-06T23:28:53.833+0100] {dag.py:3823} INFO - Setting next_dagrun for tutorial_taskflow_api_virtualenv to None, run_after=None
[2024-02-06T23:28:53.966+0100] {processor.py:183} INFO - Processing /home/ubuntu/.local/lib/python3.10/site-packages/airflow/example_dags/tutorial_taskflow_api_virtualenv.py took 0.237 seconds
