[2024-02-06T21:27:58.598+0100] {processor.py:161} INFO - Started process (PID=23472) to work on /home/ubuntu/.local/lib/python3.10/site-packages/airflow/example_dags/tutorial_dag.py
[2024-02-06T21:27:58.600+0100] {processor.py:830} INFO - Processing file /home/ubuntu/.local/lib/python3.10/site-packages/airflow/example_dags/tutorial_dag.py for tasks to queue
[2024-02-06T21:27:58.601+0100] {logging_mixin.py:188} INFO - [2024-02-06T21:27:58.601+0100] {dagbag.py:538} INFO - Filling up the DagBag from /home/ubuntu/.local/lib/python3.10/site-packages/airflow/example_dags/tutorial_dag.py
[2024-02-06T21:27:58.610+0100] {processor.py:840} INFO - DAG(s) 'tutorial_dag' retrieved from /home/ubuntu/.local/lib/python3.10/site-packages/airflow/example_dags/tutorial_dag.py
[2024-02-06T21:27:58.776+0100] {logging_mixin.py:188} INFO - [2024-02-06T21:27:58.776+0100] {dag.py:3036} INFO - Sync 1 DAGs
[2024-02-06T21:27:58.789+0100] {logging_mixin.py:188} INFO - [2024-02-06T21:27:58.788+0100] {dag.py:3823} INFO - Setting next_dagrun for tutorial_dag to None, run_after=None
[2024-02-06T21:27:58.851+0100] {processor.py:183} INFO - Processing /home/ubuntu/.local/lib/python3.10/site-packages/airflow/example_dags/tutorial_dag.py took 0.259 seconds
[2024-02-06T21:29:14.508+0100] {processor.py:161} INFO - Started process (PID=24190) to work on /home/ubuntu/.local/lib/python3.10/site-packages/airflow/example_dags/tutorial_dag.py
[2024-02-06T21:29:14.512+0100] {processor.py:830} INFO - Processing file /home/ubuntu/.local/lib/python3.10/site-packages/airflow/example_dags/tutorial_dag.py for tasks to queue
[2024-02-06T21:29:14.514+0100] {logging_mixin.py:188} INFO - [2024-02-06T21:29:14.513+0100] {dagbag.py:538} INFO - Filling up the DagBag from /home/ubuntu/.local/lib/python3.10/site-packages/airflow/example_dags/tutorial_dag.py
[2024-02-06T21:29:14.525+0100] {processor.py:840} INFO - DAG(s) 'tutorial_dag' retrieved from /home/ubuntu/.local/lib/python3.10/site-packages/airflow/example_dags/tutorial_dag.py
[2024-02-06T21:29:14.576+0100] {logging_mixin.py:188} INFO - [2024-02-06T21:29:14.575+0100] {dag.py:3036} INFO - Sync 1 DAGs
[2024-02-06T21:29:14.609+0100] {logging_mixin.py:188} INFO - [2024-02-06T21:29:14.609+0100] {dag.py:3823} INFO - Setting next_dagrun for tutorial_dag to None, run_after=None
[2024-02-06T21:29:14.760+0100] {processor.py:183} INFO - Processing /home/ubuntu/.local/lib/python3.10/site-packages/airflow/example_dags/tutorial_dag.py took 0.262 seconds
[2024-02-06T21:31:02.536+0100] {processor.py:161} INFO - Started process (PID=24882) to work on /home/ubuntu/.local/lib/python3.10/site-packages/airflow/example_dags/tutorial_dag.py
[2024-02-06T21:31:02.551+0100] {processor.py:830} INFO - Processing file /home/ubuntu/.local/lib/python3.10/site-packages/airflow/example_dags/tutorial_dag.py for tasks to queue
[2024-02-06T21:31:02.558+0100] {logging_mixin.py:188} INFO - [2024-02-06T21:31:02.553+0100] {dagbag.py:538} INFO - Filling up the DagBag from /home/ubuntu/.local/lib/python3.10/site-packages/airflow/example_dags/tutorial_dag.py
[2024-02-06T21:31:02.578+0100] {processor.py:840} INFO - DAG(s) 'tutorial_dag' retrieved from /home/ubuntu/.local/lib/python3.10/site-packages/airflow/example_dags/tutorial_dag.py
[2024-02-06T21:31:02.656+0100] {logging_mixin.py:188} INFO - [2024-02-06T21:31:02.656+0100] {dag.py:3036} INFO - Sync 1 DAGs
[2024-02-06T21:31:02.702+0100] {logging_mixin.py:188} INFO - [2024-02-06T21:31:02.702+0100] {dag.py:3823} INFO - Setting next_dagrun for tutorial_dag to None, run_after=None
[2024-02-06T21:31:02.774+0100] {processor.py:183} INFO - Processing /home/ubuntu/.local/lib/python3.10/site-packages/airflow/example_dags/tutorial_dag.py took 0.258 seconds
[2024-02-06T21:32:10.486+0100] {processor.py:161} INFO - Started process (PID=25123) to work on /home/ubuntu/.local/lib/python3.10/site-packages/airflow/example_dags/tutorial_dag.py
[2024-02-06T21:32:10.491+0100] {processor.py:830} INFO - Processing file /home/ubuntu/.local/lib/python3.10/site-packages/airflow/example_dags/tutorial_dag.py for tasks to queue
[2024-02-06T21:32:10.493+0100] {logging_mixin.py:188} INFO - [2024-02-06T21:32:10.492+0100] {dagbag.py:538} INFO - Filling up the DagBag from /home/ubuntu/.local/lib/python3.10/site-packages/airflow/example_dags/tutorial_dag.py
[2024-02-06T21:32:10.511+0100] {processor.py:840} INFO - DAG(s) 'tutorial_dag' retrieved from /home/ubuntu/.local/lib/python3.10/site-packages/airflow/example_dags/tutorial_dag.py
[2024-02-06T21:32:10.554+0100] {logging_mixin.py:188} INFO - [2024-02-06T21:32:10.553+0100] {dag.py:3036} INFO - Sync 1 DAGs
[2024-02-06T21:32:10.584+0100] {logging_mixin.py:188} INFO - [2024-02-06T21:32:10.584+0100] {dag.py:3823} INFO - Setting next_dagrun for tutorial_dag to None, run_after=None
[2024-02-06T21:32:10.650+0100] {processor.py:183} INFO - Processing /home/ubuntu/.local/lib/python3.10/site-packages/airflow/example_dags/tutorial_dag.py took 0.173 seconds
[2024-02-06T21:33:29.241+0100] {processor.py:161} INFO - Started process (PID=25489) to work on /home/ubuntu/.local/lib/python3.10/site-packages/airflow/example_dags/tutorial_dag.py
[2024-02-06T21:33:29.256+0100] {processor.py:830} INFO - Processing file /home/ubuntu/.local/lib/python3.10/site-packages/airflow/example_dags/tutorial_dag.py for tasks to queue
[2024-02-06T21:33:29.263+0100] {logging_mixin.py:188} INFO - [2024-02-06T21:33:29.261+0100] {dagbag.py:538} INFO - Filling up the DagBag from /home/ubuntu/.local/lib/python3.10/site-packages/airflow/example_dags/tutorial_dag.py
[2024-02-06T21:33:29.279+0100] {processor.py:840} INFO - DAG(s) 'tutorial_dag' retrieved from /home/ubuntu/.local/lib/python3.10/site-packages/airflow/example_dags/tutorial_dag.py
[2024-02-06T21:33:29.321+0100] {logging_mixin.py:188} INFO - [2024-02-06T21:33:29.320+0100] {dag.py:3036} INFO - Sync 1 DAGs
[2024-02-06T21:33:29.394+0100] {logging_mixin.py:188} INFO - [2024-02-06T21:33:29.393+0100] {dag.py:3823} INFO - Setting next_dagrun for tutorial_dag to None, run_after=None
[2024-02-06T21:33:29.477+0100] {processor.py:183} INFO - Processing /home/ubuntu/.local/lib/python3.10/site-packages/airflow/example_dags/tutorial_dag.py took 0.276 seconds
[2024-02-06T21:40:07.926+0100] {processor.py:161} INFO - Started process (PID=27503) to work on /home/ubuntu/.local/lib/python3.10/site-packages/airflow/example_dags/tutorial_dag.py
[2024-02-06T21:40:07.930+0100] {processor.py:830} INFO - Processing file /home/ubuntu/.local/lib/python3.10/site-packages/airflow/example_dags/tutorial_dag.py for tasks to queue
[2024-02-06T21:40:07.934+0100] {logging_mixin.py:188} INFO - [2024-02-06T21:40:07.932+0100] {dagbag.py:538} INFO - Filling up the DagBag from /home/ubuntu/.local/lib/python3.10/site-packages/airflow/example_dags/tutorial_dag.py
[2024-02-06T21:40:07.974+0100] {processor.py:840} INFO - DAG(s) 'tutorial_dag' retrieved from /home/ubuntu/.local/lib/python3.10/site-packages/airflow/example_dags/tutorial_dag.py
[2024-02-06T21:40:08.354+0100] {logging_mixin.py:188} INFO - [2024-02-06T21:40:08.354+0100] {dag.py:3036} INFO - Sync 1 DAGs
[2024-02-06T21:40:08.424+0100] {logging_mixin.py:188} INFO - [2024-02-06T21:40:08.423+0100] {dag.py:3823} INFO - Setting next_dagrun for tutorial_dag to None, run_after=None
[2024-02-06T21:40:08.610+0100] {processor.py:183} INFO - Processing /home/ubuntu/.local/lib/python3.10/site-packages/airflow/example_dags/tutorial_dag.py took 0.692 seconds
[2024-02-06T21:40:50.677+0100] {processor.py:161} INFO - Started process (PID=27861) to work on /home/ubuntu/.local/lib/python3.10/site-packages/airflow/example_dags/tutorial_dag.py
[2024-02-06T21:40:50.694+0100] {processor.py:830} INFO - Processing file /home/ubuntu/.local/lib/python3.10/site-packages/airflow/example_dags/tutorial_dag.py for tasks to queue
[2024-02-06T21:40:50.702+0100] {logging_mixin.py:188} INFO - [2024-02-06T21:40:50.701+0100] {dagbag.py:538} INFO - Filling up the DagBag from /home/ubuntu/.local/lib/python3.10/site-packages/airflow/example_dags/tutorial_dag.py
[2024-02-06T21:40:50.754+0100] {processor.py:840} INFO - DAG(s) 'tutorial_dag' retrieved from /home/ubuntu/.local/lib/python3.10/site-packages/airflow/example_dags/tutorial_dag.py
[2024-02-06T21:40:50.805+0100] {logging_mixin.py:188} INFO - [2024-02-06T21:40:50.805+0100] {dag.py:3036} INFO - Sync 1 DAGs
[2024-02-06T21:40:50.869+0100] {logging_mixin.py:188} INFO - [2024-02-06T21:40:50.868+0100] {dag.py:3823} INFO - Setting next_dagrun for tutorial_dag to None, run_after=None
[2024-02-06T21:40:51.025+0100] {processor.py:183} INFO - Processing /home/ubuntu/.local/lib/python3.10/site-packages/airflow/example_dags/tutorial_dag.py took 0.369 seconds
[2024-02-06T21:41:29.190+0100] {processor.py:161} INFO - Started process (PID=28024) to work on /home/ubuntu/.local/lib/python3.10/site-packages/airflow/example_dags/tutorial_dag.py
[2024-02-06T21:41:29.195+0100] {processor.py:830} INFO - Processing file /home/ubuntu/.local/lib/python3.10/site-packages/airflow/example_dags/tutorial_dag.py for tasks to queue
[2024-02-06T21:41:29.203+0100] {logging_mixin.py:188} INFO - [2024-02-06T21:41:29.201+0100] {dagbag.py:538} INFO - Filling up the DagBag from /home/ubuntu/.local/lib/python3.10/site-packages/airflow/example_dags/tutorial_dag.py
[2024-02-06T21:41:29.372+0100] {processor.py:840} INFO - DAG(s) 'tutorial_dag' retrieved from /home/ubuntu/.local/lib/python3.10/site-packages/airflow/example_dags/tutorial_dag.py
[2024-02-06T21:41:29.422+0100] {logging_mixin.py:188} INFO - [2024-02-06T21:41:29.421+0100] {dag.py:3036} INFO - Sync 1 DAGs
[2024-02-06T21:41:29.453+0100] {logging_mixin.py:188} INFO - [2024-02-06T21:41:29.453+0100] {dag.py:3823} INFO - Setting next_dagrun for tutorial_dag to None, run_after=None
[2024-02-06T21:41:29.569+0100] {processor.py:183} INFO - Processing /home/ubuntu/.local/lib/python3.10/site-packages/airflow/example_dags/tutorial_dag.py took 0.404 seconds
[2024-02-06T21:42:01.741+0100] {processor.py:161} INFO - Started process (PID=28203) to work on /home/ubuntu/.local/lib/python3.10/site-packages/airflow/example_dags/tutorial_dag.py
[2024-02-06T21:42:01.744+0100] {processor.py:830} INFO - Processing file /home/ubuntu/.local/lib/python3.10/site-packages/airflow/example_dags/tutorial_dag.py for tasks to queue
[2024-02-06T21:42:01.745+0100] {logging_mixin.py:188} INFO - [2024-02-06T21:42:01.745+0100] {dagbag.py:538} INFO - Filling up the DagBag from /home/ubuntu/.local/lib/python3.10/site-packages/airflow/example_dags/tutorial_dag.py
[2024-02-06T21:42:01.756+0100] {processor.py:840} INFO - DAG(s) 'tutorial_dag' retrieved from /home/ubuntu/.local/lib/python3.10/site-packages/airflow/example_dags/tutorial_dag.py
[2024-02-06T21:42:01.782+0100] {logging_mixin.py:188} INFO - [2024-02-06T21:42:01.782+0100] {dag.py:3036} INFO - Sync 1 DAGs
[2024-02-06T21:42:01.808+0100] {logging_mixin.py:188} INFO - [2024-02-06T21:42:01.807+0100] {dag.py:3823} INFO - Setting next_dagrun for tutorial_dag to None, run_after=None
[2024-02-06T21:42:01.884+0100] {processor.py:183} INFO - Processing /home/ubuntu/.local/lib/python3.10/site-packages/airflow/example_dags/tutorial_dag.py took 0.149 seconds
[2024-02-06T21:42:46.681+0100] {processor.py:161} INFO - Started process (PID=28451) to work on /home/ubuntu/.local/lib/python3.10/site-packages/airflow/example_dags/tutorial_dag.py
[2024-02-06T21:42:46.689+0100] {processor.py:830} INFO - Processing file /home/ubuntu/.local/lib/python3.10/site-packages/airflow/example_dags/tutorial_dag.py for tasks to queue
[2024-02-06T21:42:46.699+0100] {logging_mixin.py:188} INFO - [2024-02-06T21:42:46.699+0100] {dagbag.py:538} INFO - Filling up the DagBag from /home/ubuntu/.local/lib/python3.10/site-packages/airflow/example_dags/tutorial_dag.py
[2024-02-06T21:42:46.739+0100] {processor.py:840} INFO - DAG(s) 'tutorial_dag' retrieved from /home/ubuntu/.local/lib/python3.10/site-packages/airflow/example_dags/tutorial_dag.py
[2024-02-06T21:42:46.769+0100] {logging_mixin.py:188} INFO - [2024-02-06T21:42:46.769+0100] {dag.py:3036} INFO - Sync 1 DAGs
[2024-02-06T21:42:46.788+0100] {logging_mixin.py:188} INFO - [2024-02-06T21:42:46.788+0100] {dag.py:3823} INFO - Setting next_dagrun for tutorial_dag to None, run_after=None
[2024-02-06T21:42:46.839+0100] {processor.py:183} INFO - Processing /home/ubuntu/.local/lib/python3.10/site-packages/airflow/example_dags/tutorial_dag.py took 0.166 seconds
[2024-02-06T21:42:46.870+0100] {processor.py:161} INFO - Started process (PID=28453) to work on /home/ubuntu/.local/lib/python3.10/site-packages/airflow/example_dags/tutorial_dag.py
[2024-02-06T21:42:46.873+0100] {processor.py:830} INFO - Processing file /home/ubuntu/.local/lib/python3.10/site-packages/airflow/example_dags/tutorial_dag.py for tasks to queue
[2024-02-06T21:42:46.876+0100] {logging_mixin.py:188} INFO - [2024-02-06T21:42:46.874+0100] {dagbag.py:538} INFO - Filling up the DagBag from /home/ubuntu/.local/lib/python3.10/site-packages/airflow/example_dags/tutorial_dag.py
[2024-02-06T21:42:46.905+0100] {processor.py:840} INFO - DAG(s) 'tutorial_dag' retrieved from /home/ubuntu/.local/lib/python3.10/site-packages/airflow/example_dags/tutorial_dag.py
[2024-02-06T21:42:46.963+0100] {logging_mixin.py:188} INFO - [2024-02-06T21:42:46.962+0100] {dag.py:3036} INFO - Sync 1 DAGs
[2024-02-06T21:42:46.998+0100] {logging_mixin.py:188} INFO - [2024-02-06T21:42:46.997+0100] {dag.py:3823} INFO - Setting next_dagrun for tutorial_dag to None, run_after=None
[2024-02-06T21:42:47.056+0100] {processor.py:183} INFO - Processing /home/ubuntu/.local/lib/python3.10/site-packages/airflow/example_dags/tutorial_dag.py took 0.193 seconds
[2024-02-06T21:43:51.885+0100] {processor.py:161} INFO - Started process (PID=28906) to work on /home/ubuntu/.local/lib/python3.10/site-packages/airflow/example_dags/tutorial_dag.py
[2024-02-06T21:43:51.887+0100] {processor.py:830} INFO - Processing file /home/ubuntu/.local/lib/python3.10/site-packages/airflow/example_dags/tutorial_dag.py for tasks to queue
[2024-02-06T21:43:51.888+0100] {logging_mixin.py:188} INFO - [2024-02-06T21:43:51.888+0100] {dagbag.py:538} INFO - Filling up the DagBag from /home/ubuntu/.local/lib/python3.10/site-packages/airflow/example_dags/tutorial_dag.py
[2024-02-06T21:43:51.899+0100] {processor.py:840} INFO - DAG(s) 'tutorial_dag' retrieved from /home/ubuntu/.local/lib/python3.10/site-packages/airflow/example_dags/tutorial_dag.py
[2024-02-06T21:43:51.935+0100] {logging_mixin.py:188} INFO - [2024-02-06T21:43:51.935+0100] {dag.py:3036} INFO - Sync 1 DAGs
[2024-02-06T21:43:51.962+0100] {logging_mixin.py:188} INFO - [2024-02-06T21:43:51.961+0100] {dag.py:3823} INFO - Setting next_dagrun for tutorial_dag to None, run_after=None
[2024-02-06T21:43:52.061+0100] {processor.py:183} INFO - Processing /home/ubuntu/.local/lib/python3.10/site-packages/airflow/example_dags/tutorial_dag.py took 0.182 seconds
[2024-02-06T21:43:55.871+0100] {processor.py:161} INFO - Started process (PID=28915) to work on /home/ubuntu/.local/lib/python3.10/site-packages/airflow/example_dags/tutorial_dag.py
[2024-02-06T21:43:55.874+0100] {processor.py:830} INFO - Processing file /home/ubuntu/.local/lib/python3.10/site-packages/airflow/example_dags/tutorial_dag.py for tasks to queue
[2024-02-06T21:43:55.877+0100] {logging_mixin.py:188} INFO - [2024-02-06T21:43:55.876+0100] {dagbag.py:538} INFO - Filling up the DagBag from /home/ubuntu/.local/lib/python3.10/site-packages/airflow/example_dags/tutorial_dag.py
[2024-02-06T21:43:55.887+0100] {processor.py:840} INFO - DAG(s) 'tutorial_dag' retrieved from /home/ubuntu/.local/lib/python3.10/site-packages/airflow/example_dags/tutorial_dag.py
[2024-02-06T21:43:55.912+0100] {logging_mixin.py:188} INFO - [2024-02-06T21:43:55.911+0100] {dag.py:3036} INFO - Sync 1 DAGs
[2024-02-06T21:43:55.934+0100] {logging_mixin.py:188} INFO - [2024-02-06T21:43:55.933+0100] {dag.py:3823} INFO - Setting next_dagrun for tutorial_dag to None, run_after=None
[2024-02-06T21:43:55.998+0100] {processor.py:183} INFO - Processing /home/ubuntu/.local/lib/python3.10/site-packages/airflow/example_dags/tutorial_dag.py took 0.133 seconds
[2024-02-06T21:45:11.858+0100] {processor.py:161} INFO - Started process (PID=29327) to work on /home/ubuntu/.local/lib/python3.10/site-packages/airflow/example_dags/tutorial_dag.py
[2024-02-06T21:45:11.862+0100] {processor.py:830} INFO - Processing file /home/ubuntu/.local/lib/python3.10/site-packages/airflow/example_dags/tutorial_dag.py for tasks to queue
[2024-02-06T21:45:11.865+0100] {logging_mixin.py:188} INFO - [2024-02-06T21:45:11.864+0100] {dagbag.py:538} INFO - Filling up the DagBag from /home/ubuntu/.local/lib/python3.10/site-packages/airflow/example_dags/tutorial_dag.py
[2024-02-06T21:45:11.874+0100] {processor.py:840} INFO - DAG(s) 'tutorial_dag' retrieved from /home/ubuntu/.local/lib/python3.10/site-packages/airflow/example_dags/tutorial_dag.py
[2024-02-06T21:45:11.917+0100] {logging_mixin.py:188} INFO - [2024-02-06T21:45:11.916+0100] {dag.py:3036} INFO - Sync 1 DAGs
[2024-02-06T21:45:11.991+0100] {logging_mixin.py:188} INFO - [2024-02-06T21:45:11.991+0100] {dag.py:3823} INFO - Setting next_dagrun for tutorial_dag to None, run_after=None
[2024-02-06T21:45:12.135+0100] {processor.py:183} INFO - Processing /home/ubuntu/.local/lib/python3.10/site-packages/airflow/example_dags/tutorial_dag.py took 0.286 seconds
[2024-02-06T21:53:40.636+0100] {processor.py:161} INFO - Started process (PID=30719) to work on /home/ubuntu/.local/lib/python3.10/site-packages/airflow/example_dags/tutorial_dag.py
[2024-02-06T21:53:40.640+0100] {processor.py:830} INFO - Processing file /home/ubuntu/.local/lib/python3.10/site-packages/airflow/example_dags/tutorial_dag.py for tasks to queue
[2024-02-06T21:53:40.642+0100] {logging_mixin.py:188} INFO - [2024-02-06T21:53:40.641+0100] {dagbag.py:538} INFO - Filling up the DagBag from /home/ubuntu/.local/lib/python3.10/site-packages/airflow/example_dags/tutorial_dag.py
[2024-02-06T21:53:40.686+0100] {processor.py:840} INFO - DAG(s) 'tutorial_dag' retrieved from /home/ubuntu/.local/lib/python3.10/site-packages/airflow/example_dags/tutorial_dag.py
[2024-02-06T21:53:40.979+0100] {logging_mixin.py:188} INFO - [2024-02-06T21:53:40.979+0100] {dag.py:3036} INFO - Sync 1 DAGs
[2024-02-06T21:53:41.009+0100] {logging_mixin.py:188} INFO - [2024-02-06T21:53:41.009+0100] {dag.py:3823} INFO - Setting next_dagrun for tutorial_dag to None, run_after=None
[2024-02-06T21:53:41.107+0100] {processor.py:183} INFO - Processing /home/ubuntu/.local/lib/python3.10/site-packages/airflow/example_dags/tutorial_dag.py took 0.501 seconds
[2024-02-06T21:55:06.767+0100] {processor.py:161} INFO - Started process (PID=31588) to work on /home/ubuntu/.local/lib/python3.10/site-packages/airflow/example_dags/tutorial_dag.py
[2024-02-06T21:55:06.787+0100] {processor.py:830} INFO - Processing file /home/ubuntu/.local/lib/python3.10/site-packages/airflow/example_dags/tutorial_dag.py for tasks to queue
[2024-02-06T21:55:06.799+0100] {logging_mixin.py:188} INFO - [2024-02-06T21:55:06.791+0100] {dagbag.py:538} INFO - Filling up the DagBag from /home/ubuntu/.local/lib/python3.10/site-packages/airflow/example_dags/tutorial_dag.py
[2024-02-06T21:55:06.855+0100] {processor.py:840} INFO - DAG(s) 'tutorial_dag' retrieved from /home/ubuntu/.local/lib/python3.10/site-packages/airflow/example_dags/tutorial_dag.py
[2024-02-06T21:55:06.933+0100] {logging_mixin.py:188} INFO - [2024-02-06T21:55:06.932+0100] {dag.py:3036} INFO - Sync 1 DAGs
[2024-02-06T21:55:06.963+0100] {logging_mixin.py:188} INFO - [2024-02-06T21:55:06.963+0100] {dag.py:3823} INFO - Setting next_dagrun for tutorial_dag to None, run_after=None
[2024-02-06T21:55:07.029+0100] {processor.py:183} INFO - Processing /home/ubuntu/.local/lib/python3.10/site-packages/airflow/example_dags/tutorial_dag.py took 0.275 seconds
[2024-02-06T21:55:58.540+0100] {processor.py:161} INFO - Started process (PID=32093) to work on /home/ubuntu/.local/lib/python3.10/site-packages/airflow/example_dags/tutorial_dag.py
[2024-02-06T21:55:58.545+0100] {processor.py:830} INFO - Processing file /home/ubuntu/.local/lib/python3.10/site-packages/airflow/example_dags/tutorial_dag.py for tasks to queue
[2024-02-06T21:55:58.569+0100] {logging_mixin.py:188} INFO - [2024-02-06T21:55:58.565+0100] {dagbag.py:538} INFO - Filling up the DagBag from /home/ubuntu/.local/lib/python3.10/site-packages/airflow/example_dags/tutorial_dag.py
[2024-02-06T21:55:58.588+0100] {processor.py:840} INFO - DAG(s) 'tutorial_dag' retrieved from /home/ubuntu/.local/lib/python3.10/site-packages/airflow/example_dags/tutorial_dag.py
[2024-02-06T21:55:58.641+0100] {logging_mixin.py:188} INFO - [2024-02-06T21:55:58.640+0100] {dag.py:3036} INFO - Sync 1 DAGs
[2024-02-06T21:55:58.693+0100] {logging_mixin.py:188} INFO - [2024-02-06T21:55:58.693+0100] {dag.py:3823} INFO - Setting next_dagrun for tutorial_dag to None, run_after=None
[2024-02-06T21:55:58.816+0100] {processor.py:183} INFO - Processing /home/ubuntu/.local/lib/python3.10/site-packages/airflow/example_dags/tutorial_dag.py took 0.285 seconds
[2024-02-06T21:56:39.531+0100] {processor.py:161} INFO - Started process (PID=32442) to work on /home/ubuntu/.local/lib/python3.10/site-packages/airflow/example_dags/tutorial_dag.py
[2024-02-06T21:56:39.534+0100] {processor.py:830} INFO - Processing file /home/ubuntu/.local/lib/python3.10/site-packages/airflow/example_dags/tutorial_dag.py for tasks to queue
[2024-02-06T21:56:39.536+0100] {logging_mixin.py:188} INFO - [2024-02-06T21:56:39.535+0100] {dagbag.py:538} INFO - Filling up the DagBag from /home/ubuntu/.local/lib/python3.10/site-packages/airflow/example_dags/tutorial_dag.py
[2024-02-06T21:56:39.552+0100] {processor.py:840} INFO - DAG(s) 'tutorial_dag' retrieved from /home/ubuntu/.local/lib/python3.10/site-packages/airflow/example_dags/tutorial_dag.py
[2024-02-06T21:56:39.659+0100] {logging_mixin.py:188} INFO - [2024-02-06T21:56:39.659+0100] {dag.py:3036} INFO - Sync 1 DAGs
[2024-02-06T21:56:39.755+0100] {logging_mixin.py:188} INFO - [2024-02-06T21:56:39.755+0100] {dag.py:3823} INFO - Setting next_dagrun for tutorial_dag to None, run_after=None
[2024-02-06T21:56:39.828+0100] {processor.py:183} INFO - Processing /home/ubuntu/.local/lib/python3.10/site-packages/airflow/example_dags/tutorial_dag.py took 0.303 seconds
[2024-02-06T21:57:09.570+0100] {processor.py:161} INFO - Started process (PID=32637) to work on /home/ubuntu/.local/lib/python3.10/site-packages/airflow/example_dags/tutorial_dag.py
[2024-02-06T21:57:09.571+0100] {processor.py:830} INFO - Processing file /home/ubuntu/.local/lib/python3.10/site-packages/airflow/example_dags/tutorial_dag.py for tasks to queue
[2024-02-06T21:57:09.574+0100] {logging_mixin.py:188} INFO - [2024-02-06T21:57:09.572+0100] {dagbag.py:538} INFO - Filling up the DagBag from /home/ubuntu/.local/lib/python3.10/site-packages/airflow/example_dags/tutorial_dag.py
[2024-02-06T21:57:09.589+0100] {processor.py:840} INFO - DAG(s) 'tutorial_dag' retrieved from /home/ubuntu/.local/lib/python3.10/site-packages/airflow/example_dags/tutorial_dag.py
[2024-02-06T21:57:09.624+0100] {logging_mixin.py:188} INFO - [2024-02-06T21:57:09.624+0100] {dag.py:3036} INFO - Sync 1 DAGs
[2024-02-06T21:57:09.647+0100] {logging_mixin.py:188} INFO - [2024-02-06T21:57:09.647+0100] {dag.py:3823} INFO - Setting next_dagrun for tutorial_dag to None, run_after=None
[2024-02-06T21:57:09.730+0100] {processor.py:183} INFO - Processing /home/ubuntu/.local/lib/python3.10/site-packages/airflow/example_dags/tutorial_dag.py took 0.168 seconds
[2024-02-06T21:57:26.553+0100] {processor.py:161} INFO - Started process (PID=32786) to work on /home/ubuntu/.local/lib/python3.10/site-packages/airflow/example_dags/tutorial_dag.py
[2024-02-06T21:57:26.556+0100] {processor.py:830} INFO - Processing file /home/ubuntu/.local/lib/python3.10/site-packages/airflow/example_dags/tutorial_dag.py for tasks to queue
[2024-02-06T21:57:26.558+0100] {logging_mixin.py:188} INFO - [2024-02-06T21:57:26.557+0100] {dagbag.py:538} INFO - Filling up the DagBag from /home/ubuntu/.local/lib/python3.10/site-packages/airflow/example_dags/tutorial_dag.py
[2024-02-06T21:57:26.571+0100] {processor.py:840} INFO - DAG(s) 'tutorial_dag' retrieved from /home/ubuntu/.local/lib/python3.10/site-packages/airflow/example_dags/tutorial_dag.py
[2024-02-06T21:57:26.609+0100] {logging_mixin.py:188} INFO - [2024-02-06T21:57:26.608+0100] {dag.py:3036} INFO - Sync 1 DAGs
[2024-02-06T21:57:26.636+0100] {logging_mixin.py:188} INFO - [2024-02-06T21:57:26.635+0100] {dag.py:3823} INFO - Setting next_dagrun for tutorial_dag to None, run_after=None
[2024-02-06T21:57:26.699+0100] {processor.py:183} INFO - Processing /home/ubuntu/.local/lib/python3.10/site-packages/airflow/example_dags/tutorial_dag.py took 0.155 seconds
[2024-02-06T21:58:45.858+0100] {processor.py:161} INFO - Started process (PID=33574) to work on /home/ubuntu/.local/lib/python3.10/site-packages/airflow/example_dags/tutorial_dag.py
[2024-02-06T21:58:45.888+0100] {processor.py:830} INFO - Processing file /home/ubuntu/.local/lib/python3.10/site-packages/airflow/example_dags/tutorial_dag.py for tasks to queue
[2024-02-06T21:58:45.890+0100] {logging_mixin.py:188} INFO - [2024-02-06T21:58:45.889+0100] {dagbag.py:538} INFO - Filling up the DagBag from /home/ubuntu/.local/lib/python3.10/site-packages/airflow/example_dags/tutorial_dag.py
[2024-02-06T21:58:45.927+0100] {processor.py:840} INFO - DAG(s) 'tutorial_dag' retrieved from /home/ubuntu/.local/lib/python3.10/site-packages/airflow/example_dags/tutorial_dag.py
[2024-02-06T21:58:45.951+0100] {logging_mixin.py:188} INFO - [2024-02-06T21:58:45.951+0100] {dag.py:3036} INFO - Sync 1 DAGs
[2024-02-06T21:58:45.988+0100] {logging_mixin.py:188} INFO - [2024-02-06T21:58:45.986+0100] {dag.py:3823} INFO - Setting next_dagrun for tutorial_dag to None, run_after=None
[2024-02-06T21:58:46.110+0100] {processor.py:183} INFO - Processing /home/ubuntu/.local/lib/python3.10/site-packages/airflow/example_dags/tutorial_dag.py took 0.262 seconds
[2024-02-06T21:58:58.228+0100] {processor.py:161} INFO - Started process (PID=33686) to work on /home/ubuntu/.local/lib/python3.10/site-packages/airflow/example_dags/tutorial_dag.py
[2024-02-06T21:58:58.231+0100] {processor.py:830} INFO - Processing file /home/ubuntu/.local/lib/python3.10/site-packages/airflow/example_dags/tutorial_dag.py for tasks to queue
[2024-02-06T21:58:58.233+0100] {logging_mixin.py:188} INFO - [2024-02-06T21:58:58.232+0100] {dagbag.py:538} INFO - Filling up the DagBag from /home/ubuntu/.local/lib/python3.10/site-packages/airflow/example_dags/tutorial_dag.py
[2024-02-06T21:58:58.256+0100] {processor.py:840} INFO - DAG(s) 'tutorial_dag' retrieved from /home/ubuntu/.local/lib/python3.10/site-packages/airflow/example_dags/tutorial_dag.py
[2024-02-06T21:58:58.270+0100] {logging_mixin.py:188} INFO - [2024-02-06T21:58:58.270+0100] {dag.py:3036} INFO - Sync 1 DAGs
[2024-02-06T21:58:58.292+0100] {logging_mixin.py:188} INFO - [2024-02-06T21:58:58.291+0100] {dag.py:3823} INFO - Setting next_dagrun for tutorial_dag to None, run_after=None
[2024-02-06T21:58:58.356+0100] {processor.py:183} INFO - Processing /home/ubuntu/.local/lib/python3.10/site-packages/airflow/example_dags/tutorial_dag.py took 0.137 seconds
[2024-02-06T21:59:40.782+0100] {processor.py:161} INFO - Started process (PID=34124) to work on /home/ubuntu/.local/lib/python3.10/site-packages/airflow/example_dags/tutorial_dag.py
[2024-02-06T21:59:40.795+0100] {processor.py:830} INFO - Processing file /home/ubuntu/.local/lib/python3.10/site-packages/airflow/example_dags/tutorial_dag.py for tasks to queue
[2024-02-06T21:59:40.797+0100] {logging_mixin.py:188} INFO - [2024-02-06T21:59:40.797+0100] {dagbag.py:538} INFO - Filling up the DagBag from /home/ubuntu/.local/lib/python3.10/site-packages/airflow/example_dags/tutorial_dag.py
[2024-02-06T21:59:40.813+0100] {processor.py:840} INFO - DAG(s) 'tutorial_dag' retrieved from /home/ubuntu/.local/lib/python3.10/site-packages/airflow/example_dags/tutorial_dag.py
[2024-02-06T21:59:41.212+0100] {logging_mixin.py:188} INFO - [2024-02-06T21:59:41.211+0100] {dag.py:3036} INFO - Sync 1 DAGs
[2024-02-06T21:59:41.243+0100] {logging_mixin.py:188} INFO - [2024-02-06T21:59:41.243+0100] {dag.py:3823} INFO - Setting next_dagrun for tutorial_dag to None, run_after=None
[2024-02-06T21:59:41.458+0100] {processor.py:183} INFO - Processing /home/ubuntu/.local/lib/python3.10/site-packages/airflow/example_dags/tutorial_dag.py took 0.684 seconds
[2024-02-06T22:00:26.668+0100] {processor.py:161} INFO - Started process (PID=34568) to work on /home/ubuntu/.local/lib/python3.10/site-packages/airflow/example_dags/tutorial_dag.py
[2024-02-06T22:00:26.671+0100] {processor.py:830} INFO - Processing file /home/ubuntu/.local/lib/python3.10/site-packages/airflow/example_dags/tutorial_dag.py for tasks to queue
[2024-02-06T22:00:26.674+0100] {logging_mixin.py:188} INFO - [2024-02-06T22:00:26.673+0100] {dagbag.py:538} INFO - Filling up the DagBag from /home/ubuntu/.local/lib/python3.10/site-packages/airflow/example_dags/tutorial_dag.py
[2024-02-06T22:00:26.687+0100] {processor.py:840} INFO - DAG(s) 'tutorial_dag' retrieved from /home/ubuntu/.local/lib/python3.10/site-packages/airflow/example_dags/tutorial_dag.py
[2024-02-06T22:00:26.771+0100] {logging_mixin.py:188} INFO - [2024-02-06T22:00:26.770+0100] {dag.py:3036} INFO - Sync 1 DAGs
[2024-02-06T22:00:26.813+0100] {logging_mixin.py:188} INFO - [2024-02-06T22:00:26.811+0100] {dag.py:3823} INFO - Setting next_dagrun for tutorial_dag to None, run_after=None
[2024-02-06T22:00:27.067+0100] {processor.py:183} INFO - Processing /home/ubuntu/.local/lib/python3.10/site-packages/airflow/example_dags/tutorial_dag.py took 0.408 seconds
[2024-02-06T22:00:34.830+0100] {processor.py:161} INFO - Started process (PID=34607) to work on /home/ubuntu/.local/lib/python3.10/site-packages/airflow/example_dags/tutorial_dag.py
[2024-02-06T22:00:34.832+0100] {processor.py:830} INFO - Processing file /home/ubuntu/.local/lib/python3.10/site-packages/airflow/example_dags/tutorial_dag.py for tasks to queue
[2024-02-06T22:00:34.837+0100] {logging_mixin.py:188} INFO - [2024-02-06T22:00:34.833+0100] {dagbag.py:538} INFO - Filling up the DagBag from /home/ubuntu/.local/lib/python3.10/site-packages/airflow/example_dags/tutorial_dag.py
[2024-02-06T22:00:34.949+0100] {processor.py:840} INFO - DAG(s) 'tutorial_dag' retrieved from /home/ubuntu/.local/lib/python3.10/site-packages/airflow/example_dags/tutorial_dag.py
[2024-02-06T22:00:35.000+0100] {logging_mixin.py:188} INFO - [2024-02-06T22:00:34.999+0100] {dag.py:3036} INFO - Sync 1 DAGs
[2024-02-06T22:00:35.101+0100] {logging_mixin.py:188} INFO - [2024-02-06T22:00:35.100+0100] {dag.py:3823} INFO - Setting next_dagrun for tutorial_dag to None, run_after=None
[2024-02-06T22:00:35.240+0100] {processor.py:183} INFO - Processing /home/ubuntu/.local/lib/python3.10/site-packages/airflow/example_dags/tutorial_dag.py took 0.418 seconds
[2024-02-06T22:01:19.117+0100] {processor.py:161} INFO - Started process (PID=34864) to work on /home/ubuntu/.local/lib/python3.10/site-packages/airflow/example_dags/tutorial_dag.py
[2024-02-06T22:01:19.130+0100] {processor.py:830} INFO - Processing file /home/ubuntu/.local/lib/python3.10/site-packages/airflow/example_dags/tutorial_dag.py for tasks to queue
[2024-02-06T22:01:19.135+0100] {logging_mixin.py:188} INFO - [2024-02-06T22:01:19.134+0100] {dagbag.py:538} INFO - Filling up the DagBag from /home/ubuntu/.local/lib/python3.10/site-packages/airflow/example_dags/tutorial_dag.py
[2024-02-06T22:01:19.153+0100] {processor.py:840} INFO - DAG(s) 'tutorial_dag' retrieved from /home/ubuntu/.local/lib/python3.10/site-packages/airflow/example_dags/tutorial_dag.py
[2024-02-06T22:01:19.250+0100] {logging_mixin.py:188} INFO - [2024-02-06T22:01:19.249+0100] {dag.py:3036} INFO - Sync 1 DAGs
[2024-02-06T22:01:19.293+0100] {logging_mixin.py:188} INFO - [2024-02-06T22:01:19.284+0100] {dag.py:3823} INFO - Setting next_dagrun for tutorial_dag to None, run_after=None
[2024-02-06T22:01:19.373+0100] {processor.py:183} INFO - Processing /home/ubuntu/.local/lib/python3.10/site-packages/airflow/example_dags/tutorial_dag.py took 0.289 seconds
[2024-02-06T22:01:22.525+0100] {processor.py:161} INFO - Started process (PID=34869) to work on /home/ubuntu/.local/lib/python3.10/site-packages/airflow/example_dags/tutorial_dag.py
[2024-02-06T22:01:22.529+0100] {processor.py:830} INFO - Processing file /home/ubuntu/.local/lib/python3.10/site-packages/airflow/example_dags/tutorial_dag.py for tasks to queue
[2024-02-06T22:01:22.533+0100] {logging_mixin.py:188} INFO - [2024-02-06T22:01:22.532+0100] {dagbag.py:538} INFO - Filling up the DagBag from /home/ubuntu/.local/lib/python3.10/site-packages/airflow/example_dags/tutorial_dag.py
[2024-02-06T22:01:22.555+0100] {processor.py:840} INFO - DAG(s) 'tutorial_dag' retrieved from /home/ubuntu/.local/lib/python3.10/site-packages/airflow/example_dags/tutorial_dag.py
[2024-02-06T22:01:22.603+0100] {logging_mixin.py:188} INFO - [2024-02-06T22:01:22.603+0100] {dag.py:3036} INFO - Sync 1 DAGs
[2024-02-06T22:01:22.637+0100] {logging_mixin.py:188} INFO - [2024-02-06T22:01:22.636+0100] {dag.py:3823} INFO - Setting next_dagrun for tutorial_dag to None, run_after=None
[2024-02-06T22:01:22.701+0100] {processor.py:183} INFO - Processing /home/ubuntu/.local/lib/python3.10/site-packages/airflow/example_dags/tutorial_dag.py took 0.187 seconds
[2024-02-06T22:02:03.469+0100] {processor.py:161} INFO - Started process (PID=35263) to work on /home/ubuntu/.local/lib/python3.10/site-packages/airflow/example_dags/tutorial_dag.py
[2024-02-06T22:02:03.473+0100] {processor.py:830} INFO - Processing file /home/ubuntu/.local/lib/python3.10/site-packages/airflow/example_dags/tutorial_dag.py for tasks to queue
[2024-02-06T22:02:03.476+0100] {logging_mixin.py:188} INFO - [2024-02-06T22:02:03.475+0100] {dagbag.py:538} INFO - Filling up the DagBag from /home/ubuntu/.local/lib/python3.10/site-packages/airflow/example_dags/tutorial_dag.py
[2024-02-06T22:02:03.490+0100] {processor.py:840} INFO - DAG(s) 'tutorial_dag' retrieved from /home/ubuntu/.local/lib/python3.10/site-packages/airflow/example_dags/tutorial_dag.py
[2024-02-06T22:02:03.538+0100] {logging_mixin.py:188} INFO - [2024-02-06T22:02:03.538+0100] {dag.py:3036} INFO - Sync 1 DAGs
[2024-02-06T22:02:03.559+0100] {logging_mixin.py:188} INFO - [2024-02-06T22:02:03.559+0100] {dag.py:3823} INFO - Setting next_dagrun for tutorial_dag to None, run_after=None
[2024-02-06T22:02:03.682+0100] {processor.py:183} INFO - Processing /home/ubuntu/.local/lib/python3.10/site-packages/airflow/example_dags/tutorial_dag.py took 0.220 seconds
[2024-02-06T22:02:47.871+0100] {processor.py:161} INFO - Started process (PID=35577) to work on /home/ubuntu/.local/lib/python3.10/site-packages/airflow/example_dags/tutorial_dag.py
[2024-02-06T22:02:47.876+0100] {processor.py:830} INFO - Processing file /home/ubuntu/.local/lib/python3.10/site-packages/airflow/example_dags/tutorial_dag.py for tasks to queue
[2024-02-06T22:02:47.895+0100] {logging_mixin.py:188} INFO - [2024-02-06T22:02:47.890+0100] {dagbag.py:538} INFO - Filling up the DagBag from /home/ubuntu/.local/lib/python3.10/site-packages/airflow/example_dags/tutorial_dag.py
[2024-02-06T22:02:47.973+0100] {processor.py:840} INFO - DAG(s) 'tutorial_dag' retrieved from /home/ubuntu/.local/lib/python3.10/site-packages/airflow/example_dags/tutorial_dag.py
[2024-02-06T22:02:48.037+0100] {logging_mixin.py:188} INFO - [2024-02-06T22:02:48.036+0100] {dag.py:3036} INFO - Sync 1 DAGs
[2024-02-06T22:02:48.072+0100] {logging_mixin.py:188} INFO - [2024-02-06T22:02:48.071+0100] {dag.py:3823} INFO - Setting next_dagrun for tutorial_dag to None, run_after=None
[2024-02-06T22:02:48.142+0100] {processor.py:183} INFO - Processing /home/ubuntu/.local/lib/python3.10/site-packages/airflow/example_dags/tutorial_dag.py took 0.287 seconds
[2024-02-06T22:02:48.862+0100] {processor.py:161} INFO - Started process (PID=35595) to work on /home/ubuntu/.local/lib/python3.10/site-packages/airflow/example_dags/tutorial_dag.py
[2024-02-06T22:02:48.864+0100] {processor.py:830} INFO - Processing file /home/ubuntu/.local/lib/python3.10/site-packages/airflow/example_dags/tutorial_dag.py for tasks to queue
[2024-02-06T22:02:48.865+0100] {logging_mixin.py:188} INFO - [2024-02-06T22:02:48.865+0100] {dagbag.py:538} INFO - Filling up the DagBag from /home/ubuntu/.local/lib/python3.10/site-packages/airflow/example_dags/tutorial_dag.py
[2024-02-06T22:02:48.884+0100] {processor.py:840} INFO - DAG(s) 'tutorial_dag' retrieved from /home/ubuntu/.local/lib/python3.10/site-packages/airflow/example_dags/tutorial_dag.py
[2024-02-06T22:02:48.946+0100] {logging_mixin.py:188} INFO - [2024-02-06T22:02:48.945+0100] {dag.py:3036} INFO - Sync 1 DAGs
[2024-02-06T22:02:48.982+0100] {logging_mixin.py:188} INFO - [2024-02-06T22:02:48.981+0100] {dag.py:3823} INFO - Setting next_dagrun for tutorial_dag to None, run_after=None
[2024-02-06T22:02:49.108+0100] {processor.py:183} INFO - Processing /home/ubuntu/.local/lib/python3.10/site-packages/airflow/example_dags/tutorial_dag.py took 0.255 seconds
[2024-02-06T22:03:38.828+0100] {processor.py:161} INFO - Started process (PID=36161) to work on /home/ubuntu/.local/lib/python3.10/site-packages/airflow/example_dags/tutorial_dag.py
[2024-02-06T22:03:38.837+0100] {processor.py:830} INFO - Processing file /home/ubuntu/.local/lib/python3.10/site-packages/airflow/example_dags/tutorial_dag.py for tasks to queue
[2024-02-06T22:03:38.840+0100] {logging_mixin.py:188} INFO - [2024-02-06T22:03:38.839+0100] {dagbag.py:538} INFO - Filling up the DagBag from /home/ubuntu/.local/lib/python3.10/site-packages/airflow/example_dags/tutorial_dag.py
[2024-02-06T22:03:38.859+0100] {processor.py:840} INFO - DAG(s) 'tutorial_dag' retrieved from /home/ubuntu/.local/lib/python3.10/site-packages/airflow/example_dags/tutorial_dag.py
[2024-02-06T22:03:38.936+0100] {logging_mixin.py:188} INFO - [2024-02-06T22:03:38.935+0100] {dag.py:3036} INFO - Sync 1 DAGs
[2024-02-06T22:03:39.007+0100] {logging_mixin.py:188} INFO - [2024-02-06T22:03:39.007+0100] {dag.py:3823} INFO - Setting next_dagrun for tutorial_dag to None, run_after=None
[2024-02-06T22:03:39.164+0100] {processor.py:183} INFO - Processing /home/ubuntu/.local/lib/python3.10/site-packages/airflow/example_dags/tutorial_dag.py took 0.354 seconds
[2024-02-06T22:03:39.813+0100] {processor.py:161} INFO - Started process (PID=36181) to work on /home/ubuntu/.local/lib/python3.10/site-packages/airflow/example_dags/tutorial_dag.py
[2024-02-06T22:03:39.816+0100] {processor.py:830} INFO - Processing file /home/ubuntu/.local/lib/python3.10/site-packages/airflow/example_dags/tutorial_dag.py for tasks to queue
[2024-02-06T22:03:39.820+0100] {logging_mixin.py:188} INFO - [2024-02-06T22:03:39.818+0100] {dagbag.py:538} INFO - Filling up the DagBag from /home/ubuntu/.local/lib/python3.10/site-packages/airflow/example_dags/tutorial_dag.py
[2024-02-06T22:03:39.841+0100] {processor.py:840} INFO - DAG(s) 'tutorial_dag' retrieved from /home/ubuntu/.local/lib/python3.10/site-packages/airflow/example_dags/tutorial_dag.py
[2024-02-06T22:03:39.897+0100] {logging_mixin.py:188} INFO - [2024-02-06T22:03:39.896+0100] {dag.py:3036} INFO - Sync 1 DAGs
[2024-02-06T22:03:39.934+0100] {logging_mixin.py:188} INFO - [2024-02-06T22:03:39.934+0100] {dag.py:3823} INFO - Setting next_dagrun for tutorial_dag to None, run_after=None
[2024-02-06T22:03:40.037+0100] {processor.py:183} INFO - Processing /home/ubuntu/.local/lib/python3.10/site-packages/airflow/example_dags/tutorial_dag.py took 0.238 seconds
[2024-02-06T22:04:33.803+0100] {processor.py:161} INFO - Started process (PID=36834) to work on /home/ubuntu/.local/lib/python3.10/site-packages/airflow/example_dags/tutorial_dag.py
[2024-02-06T22:04:33.808+0100] {processor.py:830} INFO - Processing file /home/ubuntu/.local/lib/python3.10/site-packages/airflow/example_dags/tutorial_dag.py for tasks to queue
[2024-02-06T22:04:33.812+0100] {logging_mixin.py:188} INFO - [2024-02-06T22:04:33.810+0100] {dagbag.py:538} INFO - Filling up the DagBag from /home/ubuntu/.local/lib/python3.10/site-packages/airflow/example_dags/tutorial_dag.py
[2024-02-06T22:04:33.835+0100] {processor.py:840} INFO - DAG(s) 'tutorial_dag' retrieved from /home/ubuntu/.local/lib/python3.10/site-packages/airflow/example_dags/tutorial_dag.py
[2024-02-06T22:04:33.887+0100] {logging_mixin.py:188} INFO - [2024-02-06T22:04:33.887+0100] {dag.py:3036} INFO - Sync 1 DAGs
[2024-02-06T22:04:33.967+0100] {logging_mixin.py:188} INFO - [2024-02-06T22:04:33.966+0100] {dag.py:3823} INFO - Setting next_dagrun for tutorial_dag to None, run_after=None
[2024-02-06T22:04:34.189+0100] {processor.py:183} INFO - Processing /home/ubuntu/.local/lib/python3.10/site-packages/airflow/example_dags/tutorial_dag.py took 0.397 seconds
[2024-02-06T22:05:56.657+0100] {processor.py:161} INFO - Started process (PID=37193) to work on /home/ubuntu/.local/lib/python3.10/site-packages/airflow/example_dags/tutorial_dag.py
[2024-02-06T22:05:56.663+0100] {processor.py:830} INFO - Processing file /home/ubuntu/.local/lib/python3.10/site-packages/airflow/example_dags/tutorial_dag.py for tasks to queue
[2024-02-06T22:05:56.665+0100] {logging_mixin.py:188} INFO - [2024-02-06T22:05:56.664+0100] {dagbag.py:538} INFO - Filling up the DagBag from /home/ubuntu/.local/lib/python3.10/site-packages/airflow/example_dags/tutorial_dag.py
[2024-02-06T22:05:56.694+0100] {processor.py:840} INFO - DAG(s) 'tutorial_dag' retrieved from /home/ubuntu/.local/lib/python3.10/site-packages/airflow/example_dags/tutorial_dag.py
[2024-02-06T22:05:56.721+0100] {logging_mixin.py:188} INFO - [2024-02-06T22:05:56.721+0100] {dag.py:3036} INFO - Sync 1 DAGs
[2024-02-06T22:05:56.766+0100] {logging_mixin.py:188} INFO - [2024-02-06T22:05:56.765+0100] {dag.py:3823} INFO - Setting next_dagrun for tutorial_dag to None, run_after=None
[2024-02-06T22:05:56.847+0100] {processor.py:183} INFO - Processing /home/ubuntu/.local/lib/python3.10/site-packages/airflow/example_dags/tutorial_dag.py took 0.199 seconds
[2024-02-06T22:07:24.113+0100] {processor.py:161} INFO - Started process (PID=37992) to work on /home/ubuntu/.local/lib/python3.10/site-packages/airflow/example_dags/tutorial_dag.py
[2024-02-06T22:07:24.119+0100] {processor.py:830} INFO - Processing file /home/ubuntu/.local/lib/python3.10/site-packages/airflow/example_dags/tutorial_dag.py for tasks to queue
[2024-02-06T22:07:24.129+0100] {logging_mixin.py:188} INFO - [2024-02-06T22:07:24.121+0100] {dagbag.py:538} INFO - Filling up the DagBag from /home/ubuntu/.local/lib/python3.10/site-packages/airflow/example_dags/tutorial_dag.py
[2024-02-06T22:07:24.160+0100] {processor.py:840} INFO - DAG(s) 'tutorial_dag' retrieved from /home/ubuntu/.local/lib/python3.10/site-packages/airflow/example_dags/tutorial_dag.py
[2024-02-06T22:07:24.447+0100] {logging_mixin.py:188} INFO - [2024-02-06T22:07:24.447+0100] {dag.py:3036} INFO - Sync 1 DAGs
[2024-02-06T22:07:24.471+0100] {logging_mixin.py:188} INFO - [2024-02-06T22:07:24.470+0100] {dag.py:3823} INFO - Setting next_dagrun for tutorial_dag to None, run_after=None
[2024-02-06T22:07:24.611+0100] {processor.py:183} INFO - Processing /home/ubuntu/.local/lib/python3.10/site-packages/airflow/example_dags/tutorial_dag.py took 0.523 seconds
[2024-02-06T22:10:29.533+0100] {processor.py:161} INFO - Started process (PID=38934) to work on /home/ubuntu/.local/lib/python3.10/site-packages/airflow/example_dags/tutorial_dag.py
[2024-02-06T22:10:29.536+0100] {processor.py:830} INFO - Processing file /home/ubuntu/.local/lib/python3.10/site-packages/airflow/example_dags/tutorial_dag.py for tasks to queue
[2024-02-06T22:10:29.539+0100] {logging_mixin.py:188} INFO - [2024-02-06T22:10:29.538+0100] {dagbag.py:538} INFO - Filling up the DagBag from /home/ubuntu/.local/lib/python3.10/site-packages/airflow/example_dags/tutorial_dag.py
[2024-02-06T22:10:29.569+0100] {processor.py:840} INFO - DAG(s) 'tutorial_dag' retrieved from /home/ubuntu/.local/lib/python3.10/site-packages/airflow/example_dags/tutorial_dag.py
[2024-02-06T22:10:29.587+0100] {logging_mixin.py:188} INFO - [2024-02-06T22:10:29.586+0100] {dag.py:3036} INFO - Sync 1 DAGs
[2024-02-06T22:10:29.618+0100] {logging_mixin.py:188} INFO - [2024-02-06T22:10:29.617+0100] {dag.py:3823} INFO - Setting next_dagrun for tutorial_dag to None, run_after=None
[2024-02-06T22:10:29.702+0100] {processor.py:183} INFO - Processing /home/ubuntu/.local/lib/python3.10/site-packages/airflow/example_dags/tutorial_dag.py took 0.178 seconds
[2024-02-06T22:12:55.872+0100] {processor.py:161} INFO - Started process (PID=39865) to work on /home/ubuntu/.local/lib/python3.10/site-packages/airflow/example_dags/tutorial_dag.py
[2024-02-06T22:12:55.875+0100] {processor.py:830} INFO - Processing file /home/ubuntu/.local/lib/python3.10/site-packages/airflow/example_dags/tutorial_dag.py for tasks to queue
[2024-02-06T22:12:55.877+0100] {logging_mixin.py:188} INFO - [2024-02-06T22:12:55.876+0100] {dagbag.py:538} INFO - Filling up the DagBag from /home/ubuntu/.local/lib/python3.10/site-packages/airflow/example_dags/tutorial_dag.py
[2024-02-06T22:12:55.902+0100] {processor.py:840} INFO - DAG(s) 'tutorial_dag' retrieved from /home/ubuntu/.local/lib/python3.10/site-packages/airflow/example_dags/tutorial_dag.py
[2024-02-06T22:12:55.922+0100] {logging_mixin.py:188} INFO - [2024-02-06T22:12:55.922+0100] {dag.py:3036} INFO - Sync 1 DAGs
[2024-02-06T22:12:55.953+0100] {logging_mixin.py:188} INFO - [2024-02-06T22:12:55.953+0100] {dag.py:3823} INFO - Setting next_dagrun for tutorial_dag to None, run_after=None
[2024-02-06T22:12:56.013+0100] {processor.py:183} INFO - Processing /home/ubuntu/.local/lib/python3.10/site-packages/airflow/example_dags/tutorial_dag.py took 0.153 seconds
[2024-02-06T22:14:22.145+0100] {processor.py:161} INFO - Started process (PID=40805) to work on /home/ubuntu/.local/lib/python3.10/site-packages/airflow/example_dags/tutorial_dag.py
[2024-02-06T22:14:22.155+0100] {processor.py:830} INFO - Processing file /home/ubuntu/.local/lib/python3.10/site-packages/airflow/example_dags/tutorial_dag.py for tasks to queue
[2024-02-06T22:14:22.158+0100] {logging_mixin.py:188} INFO - [2024-02-06T22:14:22.157+0100] {dagbag.py:538} INFO - Filling up the DagBag from /home/ubuntu/.local/lib/python3.10/site-packages/airflow/example_dags/tutorial_dag.py
[2024-02-06T22:14:22.175+0100] {processor.py:840} INFO - DAG(s) 'tutorial_dag' retrieved from /home/ubuntu/.local/lib/python3.10/site-packages/airflow/example_dags/tutorial_dag.py
[2024-02-06T22:14:22.356+0100] {logging_mixin.py:188} INFO - [2024-02-06T22:14:22.355+0100] {dag.py:3036} INFO - Sync 1 DAGs
[2024-02-06T22:14:22.371+0100] {logging_mixin.py:188} INFO - [2024-02-06T22:14:22.371+0100] {dag.py:3823} INFO - Setting next_dagrun for tutorial_dag to None, run_after=None
[2024-02-06T22:14:22.460+0100] {processor.py:183} INFO - Processing /home/ubuntu/.local/lib/python3.10/site-packages/airflow/example_dags/tutorial_dag.py took 0.323 seconds
[2024-02-06T22:15:27.551+0100] {processor.py:161} INFO - Started process (PID=41558) to work on /home/ubuntu/.local/lib/python3.10/site-packages/airflow/example_dags/tutorial_dag.py
[2024-02-06T22:15:27.559+0100] {processor.py:830} INFO - Processing file /home/ubuntu/.local/lib/python3.10/site-packages/airflow/example_dags/tutorial_dag.py for tasks to queue
[2024-02-06T22:15:27.562+0100] {logging_mixin.py:188} INFO - [2024-02-06T22:15:27.561+0100] {dagbag.py:538} INFO - Filling up the DagBag from /home/ubuntu/.local/lib/python3.10/site-packages/airflow/example_dags/tutorial_dag.py
[2024-02-06T22:15:27.582+0100] {processor.py:840} INFO - DAG(s) 'tutorial_dag' retrieved from /home/ubuntu/.local/lib/python3.10/site-packages/airflow/example_dags/tutorial_dag.py
[2024-02-06T22:15:27.633+0100] {logging_mixin.py:188} INFO - [2024-02-06T22:15:27.633+0100] {dag.py:3036} INFO - Sync 1 DAGs
[2024-02-06T22:15:27.665+0100] {logging_mixin.py:188} INFO - [2024-02-06T22:15:27.665+0100] {dag.py:3823} INFO - Setting next_dagrun for tutorial_dag to None, run_after=None
[2024-02-06T22:15:27.717+0100] {processor.py:183} INFO - Processing /home/ubuntu/.local/lib/python3.10/site-packages/airflow/example_dags/tutorial_dag.py took 0.173 seconds
[2024-02-06T22:16:24.473+0100] {processor.py:161} INFO - Started process (PID=41916) to work on /home/ubuntu/.local/lib/python3.10/site-packages/airflow/example_dags/tutorial_dag.py
[2024-02-06T22:16:24.476+0100] {processor.py:830} INFO - Processing file /home/ubuntu/.local/lib/python3.10/site-packages/airflow/example_dags/tutorial_dag.py for tasks to queue
[2024-02-06T22:16:24.479+0100] {logging_mixin.py:188} INFO - [2024-02-06T22:16:24.478+0100] {dagbag.py:538} INFO - Filling up the DagBag from /home/ubuntu/.local/lib/python3.10/site-packages/airflow/example_dags/tutorial_dag.py
[2024-02-06T22:16:24.495+0100] {processor.py:840} INFO - DAG(s) 'tutorial_dag' retrieved from /home/ubuntu/.local/lib/python3.10/site-packages/airflow/example_dags/tutorial_dag.py
[2024-02-06T22:16:24.538+0100] {logging_mixin.py:188} INFO - [2024-02-06T22:16:24.537+0100] {dag.py:3036} INFO - Sync 1 DAGs
[2024-02-06T22:16:24.578+0100] {logging_mixin.py:188} INFO - [2024-02-06T22:16:24.577+0100] {dag.py:3823} INFO - Setting next_dagrun for tutorial_dag to None, run_after=None
[2024-02-06T22:16:24.657+0100] {processor.py:183} INFO - Processing /home/ubuntu/.local/lib/python3.10/site-packages/airflow/example_dags/tutorial_dag.py took 0.192 seconds
[2024-02-06T22:25:54.836+0100] {processor.py:161} INFO - Started process (PID=49123) to work on /home/ubuntu/.local/lib/python3.10/site-packages/airflow/example_dags/tutorial_dag.py
[2024-02-06T22:25:54.852+0100] {processor.py:830} INFO - Processing file /home/ubuntu/.local/lib/python3.10/site-packages/airflow/example_dags/tutorial_dag.py for tasks to queue
[2024-02-06T22:25:54.855+0100] {logging_mixin.py:188} INFO - [2024-02-06T22:25:54.854+0100] {dagbag.py:538} INFO - Filling up the DagBag from /home/ubuntu/.local/lib/python3.10/site-packages/airflow/example_dags/tutorial_dag.py
[2024-02-06T22:25:54.865+0100] {processor.py:840} INFO - DAG(s) 'tutorial_dag' retrieved from /home/ubuntu/.local/lib/python3.10/site-packages/airflow/example_dags/tutorial_dag.py
[2024-02-06T22:25:54.966+0100] {logging_mixin.py:188} INFO - [2024-02-06T22:25:54.966+0100] {dag.py:3036} INFO - Sync 1 DAGs
[2024-02-06T22:25:55.072+0100] {logging_mixin.py:188} INFO - [2024-02-06T22:25:55.070+0100] {dag.py:3823} INFO - Setting next_dagrun for tutorial_dag to None, run_after=None
[2024-02-06T22:25:55.243+0100] {processor.py:183} INFO - Processing /home/ubuntu/.local/lib/python3.10/site-packages/airflow/example_dags/tutorial_dag.py took 0.432 seconds
[2024-02-06T22:27:45.584+0100] {processor.py:161} INFO - Started process (PID=49940) to work on /home/ubuntu/.local/lib/python3.10/site-packages/airflow/example_dags/tutorial_dag.py
[2024-02-06T22:27:45.629+0100] {processor.py:830} INFO - Processing file /home/ubuntu/.local/lib/python3.10/site-packages/airflow/example_dags/tutorial_dag.py for tasks to queue
[2024-02-06T22:27:45.652+0100] {logging_mixin.py:188} INFO - [2024-02-06T22:27:45.630+0100] {dagbag.py:538} INFO - Filling up the DagBag from /home/ubuntu/.local/lib/python3.10/site-packages/airflow/example_dags/tutorial_dag.py
[2024-02-06T22:27:45.751+0100] {processor.py:840} INFO - DAG(s) 'tutorial_dag' retrieved from /home/ubuntu/.local/lib/python3.10/site-packages/airflow/example_dags/tutorial_dag.py
[2024-02-06T22:27:45.793+0100] {logging_mixin.py:188} INFO - [2024-02-06T22:27:45.792+0100] {dag.py:3036} INFO - Sync 1 DAGs
[2024-02-06T22:27:45.836+0100] {logging_mixin.py:188} INFO - [2024-02-06T22:27:45.836+0100] {dag.py:3823} INFO - Setting next_dagrun for tutorial_dag to None, run_after=None
[2024-02-06T22:27:45.931+0100] {processor.py:183} INFO - Processing /home/ubuntu/.local/lib/python3.10/site-packages/airflow/example_dags/tutorial_dag.py took 0.377 seconds
[2024-02-06T22:35:03.116+0100] {processor.py:161} INFO - Started process (PID=55547) to work on /home/ubuntu/.local/lib/python3.10/site-packages/airflow/example_dags/tutorial_dag.py
[2024-02-06T22:35:03.126+0100] {processor.py:830} INFO - Processing file /home/ubuntu/.local/lib/python3.10/site-packages/airflow/example_dags/tutorial_dag.py for tasks to queue
[2024-02-06T22:35:03.129+0100] {logging_mixin.py:188} INFO - [2024-02-06T22:35:03.128+0100] {dagbag.py:538} INFO - Filling up the DagBag from /home/ubuntu/.local/lib/python3.10/site-packages/airflow/example_dags/tutorial_dag.py
[2024-02-06T22:35:03.144+0100] {processor.py:840} INFO - DAG(s) 'tutorial_dag' retrieved from /home/ubuntu/.local/lib/python3.10/site-packages/airflow/example_dags/tutorial_dag.py
[2024-02-06T22:35:03.449+0100] {logging_mixin.py:188} INFO - [2024-02-06T22:35:03.448+0100] {dag.py:3036} INFO - Sync 1 DAGs
[2024-02-06T22:35:03.477+0100] {logging_mixin.py:188} INFO - [2024-02-06T22:35:03.476+0100] {dag.py:3823} INFO - Setting next_dagrun for tutorial_dag to None, run_after=None
[2024-02-06T22:35:03.580+0100] {processor.py:183} INFO - Processing /home/ubuntu/.local/lib/python3.10/site-packages/airflow/example_dags/tutorial_dag.py took 0.488 seconds
[2024-02-06T23:13:51.577+0100] {processor.py:161} INFO - Started process (PID=63763) to work on /home/ubuntu/.local/lib/python3.10/site-packages/airflow/example_dags/tutorial_dag.py
[2024-02-06T23:13:51.588+0100] {processor.py:830} INFO - Processing file /home/ubuntu/.local/lib/python3.10/site-packages/airflow/example_dags/tutorial_dag.py for tasks to queue
[2024-02-06T23:13:51.591+0100] {logging_mixin.py:188} INFO - [2024-02-06T23:13:51.590+0100] {dagbag.py:538} INFO - Filling up the DagBag from /home/ubuntu/.local/lib/python3.10/site-packages/airflow/example_dags/tutorial_dag.py
[2024-02-06T23:13:51.609+0100] {processor.py:840} INFO - DAG(s) 'tutorial_dag' retrieved from /home/ubuntu/.local/lib/python3.10/site-packages/airflow/example_dags/tutorial_dag.py
[2024-02-06T23:13:51.990+0100] {logging_mixin.py:188} INFO - [2024-02-06T23:13:51.990+0100] {dag.py:3036} INFO - Sync 1 DAGs
[2024-02-06T23:13:52.119+0100] {logging_mixin.py:188} INFO - [2024-02-06T23:13:52.119+0100] {dag.py:3823} INFO - Setting next_dagrun for tutorial_dag to None, run_after=None
[2024-02-06T23:13:52.343+0100] {processor.py:183} INFO - Processing /home/ubuntu/.local/lib/python3.10/site-packages/airflow/example_dags/tutorial_dag.py took 0.784 seconds
[2024-02-06T23:16:06.615+0100] {processor.py:161} INFO - Started process (PID=65331) to work on /home/ubuntu/.local/lib/python3.10/site-packages/airflow/example_dags/tutorial_dag.py
[2024-02-06T23:16:06.626+0100] {processor.py:830} INFO - Processing file /home/ubuntu/.local/lib/python3.10/site-packages/airflow/example_dags/tutorial_dag.py for tasks to queue
[2024-02-06T23:16:06.631+0100] {logging_mixin.py:188} INFO - [2024-02-06T23:16:06.628+0100] {dagbag.py:538} INFO - Filling up the DagBag from /home/ubuntu/.local/lib/python3.10/site-packages/airflow/example_dags/tutorial_dag.py
[2024-02-06T23:16:06.654+0100] {processor.py:840} INFO - DAG(s) 'tutorial_dag' retrieved from /home/ubuntu/.local/lib/python3.10/site-packages/airflow/example_dags/tutorial_dag.py
[2024-02-06T23:16:06.968+0100] {logging_mixin.py:188} INFO - [2024-02-06T23:16:06.968+0100] {dag.py:3036} INFO - Sync 1 DAGs
[2024-02-06T23:16:07.008+0100] {logging_mixin.py:188} INFO - [2024-02-06T23:16:07.007+0100] {dag.py:3823} INFO - Setting next_dagrun for tutorial_dag to None, run_after=None
[2024-02-06T23:16:07.320+0100] {processor.py:183} INFO - Processing /home/ubuntu/.local/lib/python3.10/site-packages/airflow/example_dags/tutorial_dag.py took 0.715 seconds
[2024-02-06T23:29:00.505+0100] {processor.py:161} INFO - Started process (PID=72020) to work on /home/ubuntu/.local/lib/python3.10/site-packages/airflow/example_dags/tutorial_dag.py
[2024-02-06T23:29:00.532+0100] {processor.py:830} INFO - Processing file /home/ubuntu/.local/lib/python3.10/site-packages/airflow/example_dags/tutorial_dag.py for tasks to queue
[2024-02-06T23:29:00.536+0100] {logging_mixin.py:188} INFO - [2024-02-06T23:29:00.534+0100] {dagbag.py:538} INFO - Filling up the DagBag from /home/ubuntu/.local/lib/python3.10/site-packages/airflow/example_dags/tutorial_dag.py
[2024-02-06T23:29:00.617+0100] {processor.py:840} INFO - DAG(s) 'tutorial_dag' retrieved from /home/ubuntu/.local/lib/python3.10/site-packages/airflow/example_dags/tutorial_dag.py
[2024-02-06T23:29:00.680+0100] {logging_mixin.py:188} INFO - [2024-02-06T23:29:00.680+0100] {dag.py:3036} INFO - Sync 1 DAGs
[2024-02-06T23:29:00.813+0100] {logging_mixin.py:188} INFO - [2024-02-06T23:29:00.813+0100] {dag.py:3823} INFO - Setting next_dagrun for tutorial_dag to None, run_after=None
[2024-02-06T23:29:00.958+0100] {processor.py:183} INFO - Processing /home/ubuntu/.local/lib/python3.10/site-packages/airflow/example_dags/tutorial_dag.py took 0.593 seconds
