[2024-02-06T22:23:03.086+0100] {taskinstance.py:1956} INFO - Dependencies all met for dep_context=non-requeueable deps ti=<TaskInstance: Competition_dag.cleanMatch_task scheduled__2024-01-06T00:00:00+00:00 [queued]>
[2024-02-06T22:23:03.113+0100] {taskinstance.py:1956} INFO - Dependencies all met for dep_context=requeueable deps ti=<TaskInstance: Competition_dag.cleanMatch_task scheduled__2024-01-06T00:00:00+00:00 [queued]>
[2024-02-06T22:23:03.114+0100] {taskinstance.py:2170} INFO - Starting attempt 1 of 6
[2024-02-06T22:23:03.256+0100] {taskinstance.py:2191} INFO - Executing <Task(SparkSubmitOperator): cleanMatch_task> on 2024-01-06 00:00:00+00:00
[2024-02-06T22:23:03.289+0100] {standard_task_runner.py:60} INFO - Started process 46948 to run task
[2024-02-06T22:23:03.315+0100] {standard_task_runner.py:87} INFO - Running: ['airflow', 'tasks', 'run', 'Competition_dag', 'cleanMatch_task', 'scheduled__2024-01-06T00:00:00+00:00', '--job-id', '40', '--raw', '--subdir', 'DAGS_FOLDER/datalake_dag.py', '--cfg-path', '/tmp/tmpmp173433']
[2024-02-06T22:23:03.371+0100] {standard_task_runner.py:88} INFO - Job 40: Subtask cleanMatch_task
[2024-02-06T22:23:03.735+0100] {task_command.py:423} INFO - Running <TaskInstance: Competition_dag.cleanMatch_task scheduled__2024-01-06T00:00:00+00:00 [running]> on host ubuntu.ubuntu.virtualbox.org
[2024-02-06T22:23:04.476+0100] {taskinstance.py:2480} INFO - Exporting env vars: AIRFLOW_CTX_DAG_OWNER='NOUMEN_Frech_Warren' AIRFLOW_CTX_DAG_ID='Competition_dag' AIRFLOW_CTX_TASK_ID='cleanMatch_task' AIRFLOW_CTX_EXECUTION_DATE='2024-01-06T00:00:00+00:00' AIRFLOW_CTX_TRY_NUMBER='1' AIRFLOW_CTX_DAG_RUN_ID='scheduled__2024-01-06T00:00:00+00:00'
[2024-02-06T22:23:04.539+0100] {base.py:83} INFO - Using connection ID 'spark_default' for task execution.
[2024-02-06T22:23:04.543+0100] {spark_submit.py:401} INFO - Spark-Submit cmd: spark-submit --master local[*] --conf spark.airflow.execution_date=2024-01-06 --name arrow-spark --class FormattedData --queue root.default --deploy-mode client /home/ubuntu/airflow/scala/target/scala-2.13/scala_2.13-0.1.0.jar
[2024-02-06T22:23:20.805+0100] {spark_submit.py:571} INFO - 24/02/06 22:23:20 WARN Utils: Your hostname, ubuntu resolves to a loopback address: 127.0.1.1; using 10.0.2.15 instead (on interface enp0s3)
[2024-02-06T22:23:20.833+0100] {spark_submit.py:571} INFO - 24/02/06 22:23:20 WARN Utils: Set SPARK_LOCAL_IP if you need to bind to another address
[2024-02-06T22:23:23.947+0100] {spark_submit.py:571} INFO - 24/02/06 22:23:23 INFO SparkContext: Running Spark version 3.3.4
[2024-02-06T22:23:24.651+0100] {spark_submit.py:571} INFO - 24/02/06 22:23:24 WARN NativeCodeLoader: Unable to load native-hadoop library for your platform... using builtin-java classes where applicable
[2024-02-06T22:23:25.488+0100] {spark_submit.py:571} INFO - 24/02/06 22:23:25 INFO ResourceUtils: ==============================================================
[2024-02-06T22:23:25.491+0100] {spark_submit.py:571} INFO - 24/02/06 22:23:25 INFO ResourceUtils: No custom resources configured for spark.driver.
[2024-02-06T22:23:25.497+0100] {spark_submit.py:571} INFO - 24/02/06 22:23:25 INFO ResourceUtils: ==============================================================
[2024-02-06T22:23:25.501+0100] {spark_submit.py:571} INFO - 24/02/06 22:23:25 INFO SparkContext: Submitted application: JobFormatted
[2024-02-06T22:23:25.795+0100] {spark_submit.py:571} INFO - 24/02/06 22:23:25 INFO ResourceProfile: Default ResourceProfile created, executor resources: Map(cores -> name: cores, amount: 1, script: , vendor: , memory -> name: memory, amount: 1024, script: , vendor: , offHeap -> name: offHeap, amount: 0, script: , vendor: ), task resources: Map(cpus -> name: cpus, amount: 1.0)
[2024-02-06T22:23:25.879+0100] {spark_submit.py:571} INFO - 24/02/06 22:23:25 INFO ResourceProfile: Limiting resource is cpu
[2024-02-06T22:23:25.971+0100] {spark_submit.py:571} INFO - 24/02/06 22:23:25 INFO ResourceProfileManager: Added ResourceProfile id: 0
[2024-02-06T22:23:26.220+0100] {spark_submit.py:571} INFO - 24/02/06 22:23:26 INFO SecurityManager: Changing view acls to: ubuntu
[2024-02-06T22:23:26.236+0100] {spark_submit.py:571} INFO - 24/02/06 22:23:26 INFO SecurityManager: Changing modify acls to: ubuntu
[2024-02-06T22:23:26.239+0100] {spark_submit.py:571} INFO - 24/02/06 22:23:26 INFO SecurityManager: Changing view acls groups to:
[2024-02-06T22:23:26.243+0100] {spark_submit.py:571} INFO - 24/02/06 22:23:26 INFO SecurityManager: Changing modify acls groups to:
[2024-02-06T22:23:26.246+0100] {spark_submit.py:571} INFO - 24/02/06 22:23:26 INFO SecurityManager: SecurityManager: authentication disabled; ui acls disabled; users  with view permissions: Set(ubuntu); groups with view permissions: Set(); users  with modify permissions: Set(ubuntu); groups with modify permissions: Set()
[2024-02-06T22:23:29.538+0100] {spark_submit.py:571} INFO - 24/02/06 22:23:29 INFO Utils: Successfully started service 'sparkDriver' on port 45355.
[2024-02-06T22:23:30.310+0100] {spark_submit.py:571} INFO - 24/02/06 22:23:30 INFO SparkEnv: Registering MapOutputTracker
[2024-02-06T22:23:30.651+0100] {spark_submit.py:571} INFO - 24/02/06 22:23:30 INFO SparkEnv: Registering BlockManagerMaster
[2024-02-06T22:23:30.838+0100] {spark_submit.py:571} INFO - 24/02/06 22:23:30 INFO BlockManagerMasterEndpoint: Using org.apache.spark.storage.DefaultTopologyMapper for getting topology information
[2024-02-06T22:23:30.847+0100] {spark_submit.py:571} INFO - 24/02/06 22:23:30 INFO BlockManagerMasterEndpoint: BlockManagerMasterEndpoint up
[2024-02-06T22:23:31.021+0100] {spark_submit.py:571} INFO - 24/02/06 22:23:30 INFO SparkEnv: Registering BlockManagerMasterHeartbeat
[2024-02-06T22:23:31.303+0100] {spark_submit.py:571} INFO - 24/02/06 22:23:31 INFO DiskBlockManager: Created local directory at /tmp/blockmgr-402305db-750e-4211-bd42-ea88d7a6f6ab
[2024-02-06T22:23:31.501+0100] {spark_submit.py:571} INFO - 24/02/06 22:23:31 INFO MemoryStore: MemoryStore started with capacity 434.4 MiB
[2024-02-06T22:23:31.683+0100] {spark_submit.py:571} INFO - 24/02/06 22:23:31 INFO SparkEnv: Registering OutputCommitCoordinator
[2024-02-06T22:23:33.658+0100] {spark_submit.py:571} INFO - 24/02/06 22:23:33 INFO Utils: Successfully started service 'SparkUI' on port 4040.
[2024-02-06T22:23:34.104+0100] {spark_submit.py:571} INFO - 24/02/06 22:23:34 INFO SparkContext: Added JAR file:/home/ubuntu/airflow/scala/target/scala-2.13/scala_2.13-0.1.0.jar at spark://10.0.2.15:45355/jars/scala_2.13-0.1.0.jar with timestamp 1707254603877
[2024-02-06T22:23:35.560+0100] {spark_submit.py:571} INFO - 24/02/06 22:23:35 INFO Executor: Starting executor ID driver on host 10.0.2.15
[2024-02-06T22:23:35.641+0100] {spark_submit.py:571} INFO - 24/02/06 22:23:35 INFO Executor: Starting executor with user classpath (userClassPathFirst = false): ''
[2024-02-06T22:23:35.816+0100] {spark_submit.py:571} INFO - 24/02/06 22:23:35 INFO Executor: Fetching spark://10.0.2.15:45355/jars/scala_2.13-0.1.0.jar with timestamp 1707254603877
[2024-02-06T22:23:36.761+0100] {spark_submit.py:571} INFO - 24/02/06 22:23:36 INFO TransportClientFactory: Successfully created connection to /10.0.2.15:45355 after 567 ms (0 ms spent in bootstraps)
[2024-02-06T22:23:36.780+0100] {spark_submit.py:571} INFO - 24/02/06 22:23:36 INFO Utils: Fetching spark://10.0.2.15:45355/jars/scala_2.13-0.1.0.jar to /tmp/spark-ac4f849e-7448-4896-8ec4-084a2a41a9ca/userFiles-dec23bef-cede-451f-9bcd-b625cc407cca/fetchFileTemp12785704540367226325.tmp
[2024-02-06T22:23:37.558+0100] {spark_submit.py:571} INFO - 24/02/06 22:23:37 INFO Executor: Adding file:/tmp/spark-ac4f849e-7448-4896-8ec4-084a2a41a9ca/userFiles-dec23bef-cede-451f-9bcd-b625cc407cca/scala_2.13-0.1.0.jar to class loader
[2024-02-06T22:23:37.618+0100] {spark_submit.py:571} INFO - 24/02/06 22:23:37 INFO Utils: Successfully started service 'org.apache.spark.network.netty.NettyBlockTransferService' on port 39669.
[2024-02-06T22:23:37.618+0100] {spark_submit.py:571} INFO - 24/02/06 22:23:37 INFO NettyBlockTransferService: Server created on 10.0.2.15:39669
[2024-02-06T22:23:37.619+0100] {spark_submit.py:571} INFO - 24/02/06 22:23:37 INFO BlockManager: Using org.apache.spark.storage.RandomBlockReplicationPolicy for block replication policy
[2024-02-06T22:23:37.694+0100] {spark_submit.py:571} INFO - 24/02/06 22:23:37 INFO BlockManagerMaster: Registering BlockManager BlockManagerId(driver, 10.0.2.15, 39669, None)
[2024-02-06T22:23:37.732+0100] {spark_submit.py:571} INFO - 24/02/06 22:23:37 INFO BlockManagerMasterEndpoint: Registering block manager 10.0.2.15:39669 with 434.4 MiB RAM, BlockManagerId(driver, 10.0.2.15, 39669, None)
[2024-02-06T22:23:37.803+0100] {spark_submit.py:571} INFO - 24/02/06 22:23:37 INFO BlockManagerMaster: Registered BlockManager BlockManagerId(driver, 10.0.2.15, 39669, None)
[2024-02-06T22:23:37.809+0100] {spark_submit.py:571} INFO - 24/02/06 22:23:37 INFO BlockManager: Initialized BlockManager: BlockManagerId(driver, 10.0.2.15, 39669, None)
[2024-02-06T22:23:41.999+0100] {spark_submit.py:571} INFO - 24/02/06 22:23:41 INFO SharedState: Setting hive.metastore.warehouse.dir ('null') to the value of spark.sql.warehouse.dir.
[2024-02-06T22:23:42.032+0100] {spark_submit.py:571} INFO - 24/02/06 22:23:42 INFO SharedState: Warehouse path is 'file:/home/ubuntu/airflow/spark-warehouse'.
[2024-02-06T22:23:47.421+0100] {spark_submit.py:571} INFO - Exception in thread "main" java.lang.NoClassDefFoundError: scala/collection/StringOps$
[2024-02-06T22:23:47.422+0100] {spark_submit.py:571} INFO - at FormattedData$.main(FormattedData.scala:14)
[2024-02-06T22:23:47.423+0100] {spark_submit.py:571} INFO - at FormattedData.main(FormattedData.scala)
[2024-02-06T22:23:47.424+0100] {spark_submit.py:571} INFO - at java.base/jdk.internal.reflect.NativeMethodAccessorImpl.invoke0(Native Method)
[2024-02-06T22:23:47.425+0100] {spark_submit.py:571} INFO - at java.base/jdk.internal.reflect.NativeMethodAccessorImpl.invoke(NativeMethodAccessorImpl.java:62)
[2024-02-06T22:23:47.425+0100] {spark_submit.py:571} INFO - at java.base/jdk.internal.reflect.DelegatingMethodAccessorImpl.invoke(DelegatingMethodAccessorImpl.java:43)
[2024-02-06T22:23:47.426+0100] {spark_submit.py:571} INFO - at java.base/java.lang.reflect.Method.invoke(Method.java:566)
[2024-02-06T22:23:47.427+0100] {spark_submit.py:571} INFO - at org.apache.spark.deploy.JavaMainApplication.start(SparkApplication.scala:52)
[2024-02-06T22:23:47.427+0100] {spark_submit.py:571} INFO - at org.apache.spark.deploy.SparkSubmit.org$apache$spark$deploy$SparkSubmit$$runMain(SparkSubmit.scala:984)
[2024-02-06T22:23:47.428+0100] {spark_submit.py:571} INFO - at org.apache.spark.deploy.SparkSubmit.doRunMain$1(SparkSubmit.scala:191)
[2024-02-06T22:23:47.429+0100] {spark_submit.py:571} INFO - at org.apache.spark.deploy.SparkSubmit.submit(SparkSubmit.scala:214)
[2024-02-06T22:23:47.429+0100] {spark_submit.py:571} INFO - at org.apache.spark.deploy.SparkSubmit.doSubmit(SparkSubmit.scala:90)
[2024-02-06T22:23:47.430+0100] {spark_submit.py:571} INFO - at org.apache.spark.deploy.SparkSubmit$$anon$2.doSubmit(SparkSubmit.scala:1072)
[2024-02-06T22:23:47.430+0100] {spark_submit.py:571} INFO - at org.apache.spark.deploy.SparkSubmit$.main(SparkSubmit.scala:1081)
[2024-02-06T22:23:47.431+0100] {spark_submit.py:571} INFO - at org.apache.spark.deploy.SparkSubmit.main(SparkSubmit.scala)
[2024-02-06T22:23:47.439+0100] {spark_submit.py:571} INFO - Caused by: java.lang.ClassNotFoundException: scala.collection.StringOps$
[2024-02-06T22:23:47.441+0100] {spark_submit.py:571} INFO - at java.base/java.net.URLClassLoader.findClass(URLClassLoader.java:476)
[2024-02-06T22:23:47.441+0100] {spark_submit.py:571} INFO - at java.base/java.lang.ClassLoader.loadClass(ClassLoader.java:594)
[2024-02-06T22:23:47.442+0100] {spark_submit.py:571} INFO - at java.base/java.lang.ClassLoader.loadClass(ClassLoader.java:527)
[2024-02-06T22:23:47.443+0100] {spark_submit.py:571} INFO - ... 14 more
[2024-02-06T22:23:47.586+0100] {spark_submit.py:571} INFO - 24/02/06 22:23:47 INFO SparkContext: Invoking stop() from shutdown hook
[2024-02-06T22:23:47.744+0100] {spark_submit.py:571} INFO - 24/02/06 22:23:47 INFO SparkUI: Stopped Spark web UI at http://10.0.2.15:4040
[2024-02-06T22:23:48.001+0100] {spark_submit.py:571} INFO - 24/02/06 22:23:48 INFO MapOutputTrackerMasterEndpoint: MapOutputTrackerMasterEndpoint stopped!
[2024-02-06T22:23:48.150+0100] {spark_submit.py:571} INFO - 24/02/06 22:23:48 INFO MemoryStore: MemoryStore cleared
[2024-02-06T22:23:48.158+0100] {spark_submit.py:571} INFO - 24/02/06 22:23:48 INFO BlockManager: BlockManager stopped
[2024-02-06T22:23:48.308+0100] {spark_submit.py:571} INFO - 24/02/06 22:23:48 INFO BlockManagerMaster: BlockManagerMaster stopped
[2024-02-06T22:23:48.386+0100] {spark_submit.py:571} INFO - 24/02/06 22:23:48 INFO OutputCommitCoordinator$OutputCommitCoordinatorEndpoint: OutputCommitCoordinator stopped!
[2024-02-06T22:23:48.788+0100] {spark_submit.py:571} INFO - 24/02/06 22:23:48 INFO SparkContext: Successfully stopped SparkContext
[2024-02-06T22:23:48.819+0100] {spark_submit.py:571} INFO - 24/02/06 22:23:48 INFO ShutdownHookManager: Shutdown hook called
[2024-02-06T22:23:48.820+0100] {spark_submit.py:571} INFO - 24/02/06 22:23:48 INFO ShutdownHookManager: Deleting directory /tmp/spark-ac4f849e-7448-4896-8ec4-084a2a41a9ca
[2024-02-06T22:23:49.007+0100] {spark_submit.py:571} INFO - 24/02/06 22:23:48 INFO ShutdownHookManager: Deleting directory /tmp/spark-e5c729ab-8053-4541-898d-533b5ec54c17
[2024-02-06T22:23:49.960+0100] {taskinstance.py:2698} ERROR - Task failed with exception
Traceback (most recent call last):
  File "/home/ubuntu/.local/lib/python3.10/site-packages/airflow/models/taskinstance.py", line 433, in _execute_task
    result = execute_callable(context=context, **execute_callable_kwargs)
  File "/home/ubuntu/.local/lib/python3.10/site-packages/airflow/providers/apache/spark/operators/spark_submit.py", line 174, in execute
    self._hook.submit(self._application)
  File "/home/ubuntu/.local/lib/python3.10/site-packages/airflow/providers/apache/spark/hooks/spark_submit.py", line 502, in submit
    raise AirflowException(
airflow.exceptions.AirflowException: Cannot execute: spark-submit --master local[*] --conf spark.airflow.execution_date=2024-01-06 --name arrow-spark --class FormattedData --queue root.default --deploy-mode client /home/ubuntu/airflow/scala/target/scala-2.13/scala_2.13-0.1.0.jar. Error code is: 1.
[2024-02-06T22:23:50.002+0100] {taskinstance.py:1138} INFO - Marking task as UP_FOR_RETRY. dag_id=Competition_dag, task_id=cleanMatch_task, execution_date=20240106T000000, start_date=20240206T212303, end_date=20240206T212350
[2024-02-06T22:23:50.166+0100] {standard_task_runner.py:107} ERROR - Failed to execute job 40 for task cleanMatch_task (Cannot execute: spark-submit --master local[*] --conf spark.airflow.execution_date=2024-01-06 --name arrow-spark --class FormattedData --queue root.default --deploy-mode client /home/ubuntu/airflow/scala/target/scala-2.13/scala_2.13-0.1.0.jar. Error code is: 1.; 46948)
[2024-02-06T22:23:50.308+0100] {local_task_job_runner.py:234} INFO - Task exited with return code 1
[2024-02-06T22:23:50.463+0100] {taskinstance.py:3280} INFO - 0 downstream tasks scheduled from follow-on schedule check
