[2024-02-06T22:25:02.740+0100] {taskinstance.py:1956} INFO - Dependencies all met for dep_context=non-requeueable deps ti=<TaskInstance: Competition_dag.cleanMatch_task scheduled__2024-01-07T00:00:00+00:00 [queued]>
[2024-02-06T22:25:02.781+0100] {taskinstance.py:1956} INFO - Dependencies all met for dep_context=requeueable deps ti=<TaskInstance: Competition_dag.cleanMatch_task scheduled__2024-01-07T00:00:00+00:00 [queued]>
[2024-02-06T22:25:02.783+0100] {taskinstance.py:2170} INFO - Starting attempt 1 of 6
[2024-02-06T22:25:02.908+0100] {taskinstance.py:2191} INFO - Executing <Task(SparkSubmitOperator): cleanMatch_task> on 2024-01-07 00:00:00+00:00
[2024-02-06T22:25:02.936+0100] {standard_task_runner.py:87} INFO - Running: ['airflow', 'tasks', 'run', 'Competition_dag', 'cleanMatch_task', 'scheduled__2024-01-07T00:00:00+00:00', '--job-id', '44', '--raw', '--subdir', 'DAGS_FOLDER/datalake_dag.py', '--cfg-path', '/tmp/tmphrg_oulo']
[2024-02-06T22:25:02.931+0100] {standard_task_runner.py:60} INFO - Started process 48433 to run task
[2024-02-06T22:25:02.945+0100] {standard_task_runner.py:88} INFO - Job 44: Subtask cleanMatch_task
[2024-02-06T22:25:03.177+0100] {task_command.py:423} INFO - Running <TaskInstance: Competition_dag.cleanMatch_task scheduled__2024-01-07T00:00:00+00:00 [running]> on host ubuntu.ubuntu.virtualbox.org
[2024-02-06T22:25:03.643+0100] {taskinstance.py:2480} INFO - Exporting env vars: AIRFLOW_CTX_DAG_OWNER='NOUMEN_Frech_Warren' AIRFLOW_CTX_DAG_ID='Competition_dag' AIRFLOW_CTX_TASK_ID='cleanMatch_task' AIRFLOW_CTX_EXECUTION_DATE='2024-01-07T00:00:00+00:00' AIRFLOW_CTX_TRY_NUMBER='1' AIRFLOW_CTX_DAG_RUN_ID='scheduled__2024-01-07T00:00:00+00:00'
[2024-02-06T22:25:03.664+0100] {base.py:83} INFO - Using connection ID 'spark_default' for task execution.
[2024-02-06T22:25:03.667+0100] {spark_submit.py:401} INFO - Spark-Submit cmd: spark-submit --master local[*] --conf spark.airflow.execution_date=2024-01-07 --name arrow-spark --class FormattedData --queue root.default --deploy-mode client /home/ubuntu/airflow/scala/target/scala-2.13/scala_2.13-0.1.0.jar
[2024-02-06T22:25:14.275+0100] {spark_submit.py:571} INFO - 24/02/06 22:25:14 WARN Utils: Your hostname, ubuntu resolves to a loopback address: 127.0.1.1; using 10.0.2.15 instead (on interface enp0s3)
[2024-02-06T22:25:14.287+0100] {spark_submit.py:571} INFO - 24/02/06 22:25:14 WARN Utils: Set SPARK_LOCAL_IP if you need to bind to another address
[2024-02-06T22:25:16.843+0100] {spark_submit.py:571} INFO - 24/02/06 22:25:16 INFO SparkContext: Running Spark version 3.3.4
[2024-02-06T22:25:17.506+0100] {spark_submit.py:571} INFO - 24/02/06 22:25:17 WARN NativeCodeLoader: Unable to load native-hadoop library for your platform... using builtin-java classes where applicable
[2024-02-06T22:25:18.017+0100] {spark_submit.py:571} INFO - 24/02/06 22:25:18 INFO ResourceUtils: ==============================================================
[2024-02-06T22:25:18.019+0100] {spark_submit.py:571} INFO - 24/02/06 22:25:18 INFO ResourceUtils: No custom resources configured for spark.driver.
[2024-02-06T22:25:18.020+0100] {spark_submit.py:571} INFO - 24/02/06 22:25:18 INFO ResourceUtils: ==============================================================
[2024-02-06T22:25:18.020+0100] {spark_submit.py:571} INFO - 24/02/06 22:25:18 INFO SparkContext: Submitted application: JobFormatted
[2024-02-06T22:25:18.171+0100] {spark_submit.py:571} INFO - 24/02/06 22:25:18 INFO ResourceProfile: Default ResourceProfile created, executor resources: Map(cores -> name: cores, amount: 1, script: , vendor: , memory -> name: memory, amount: 1024, script: , vendor: , offHeap -> name: offHeap, amount: 0, script: , vendor: ), task resources: Map(cpus -> name: cpus, amount: 1.0)
[2024-02-06T22:25:18.223+0100] {spark_submit.py:571} INFO - 24/02/06 22:25:18 INFO ResourceProfile: Limiting resource is cpu
[2024-02-06T22:25:18.231+0100] {spark_submit.py:571} INFO - 24/02/06 22:25:18 INFO ResourceProfileManager: Added ResourceProfile id: 0
[2024-02-06T22:25:18.458+0100] {spark_submit.py:571} INFO - 24/02/06 22:25:18 INFO SecurityManager: Changing view acls to: ubuntu
[2024-02-06T22:25:18.459+0100] {spark_submit.py:571} INFO - 24/02/06 22:25:18 INFO SecurityManager: Changing modify acls to: ubuntu
[2024-02-06T22:25:18.460+0100] {spark_submit.py:571} INFO - 24/02/06 22:25:18 INFO SecurityManager: Changing view acls groups to:
[2024-02-06T22:25:18.460+0100] {spark_submit.py:571} INFO - 24/02/06 22:25:18 INFO SecurityManager: Changing modify acls groups to:
[2024-02-06T22:25:18.461+0100] {spark_submit.py:571} INFO - 24/02/06 22:25:18 INFO SecurityManager: SecurityManager: authentication disabled; ui acls disabled; users  with view permissions: Set(ubuntu); groups with view permissions: Set(); users  with modify permissions: Set(ubuntu); groups with modify permissions: Set()
[2024-02-06T22:25:20.442+0100] {spark_submit.py:571} INFO - 24/02/06 22:25:20 INFO Utils: Successfully started service 'sparkDriver' on port 36961.
[2024-02-06T22:25:20.684+0100] {spark_submit.py:571} INFO - 24/02/06 22:25:20 INFO SparkEnv: Registering MapOutputTracker
[2024-02-06T22:25:20.873+0100] {spark_submit.py:571} INFO - 24/02/06 22:25:20 INFO SparkEnv: Registering BlockManagerMaster
[2024-02-06T22:25:20.939+0100] {spark_submit.py:571} INFO - 24/02/06 22:25:20 INFO BlockManagerMasterEndpoint: Using org.apache.spark.storage.DefaultTopologyMapper for getting topology information
[2024-02-06T22:25:20.942+0100] {spark_submit.py:571} INFO - 24/02/06 22:25:20 INFO BlockManagerMasterEndpoint: BlockManagerMasterEndpoint up
[2024-02-06T22:25:20.991+0100] {spark_submit.py:571} INFO - 24/02/06 22:25:20 INFO SparkEnv: Registering BlockManagerMasterHeartbeat
[2024-02-06T22:25:21.150+0100] {spark_submit.py:571} INFO - 24/02/06 22:25:21 INFO DiskBlockManager: Created local directory at /tmp/blockmgr-7e7b0e21-97f7-4d07-b0b1-26806b98bf35
[2024-02-06T22:25:21.240+0100] {spark_submit.py:571} INFO - 24/02/06 22:25:21 INFO MemoryStore: MemoryStore started with capacity 434.4 MiB
[2024-02-06T22:25:21.352+0100] {spark_submit.py:571} INFO - 24/02/06 22:25:21 INFO SparkEnv: Registering OutputCommitCoordinator
[2024-02-06T22:25:23.088+0100] {spark_submit.py:571} INFO - 24/02/06 22:25:23 INFO Utils: Successfully started service 'SparkUI' on port 4040.
[2024-02-06T22:25:23.301+0100] {spark_submit.py:571} INFO - 24/02/06 22:25:23 INFO SparkContext: Added JAR file:/home/ubuntu/airflow/scala/target/scala-2.13/scala_2.13-0.1.0.jar at spark://10.0.2.15:36961/jars/scala_2.13-0.1.0.jar with timestamp 1707254716816
[2024-02-06T22:25:24.547+0100] {spark_submit.py:571} INFO - 24/02/06 22:25:24 INFO Executor: Starting executor ID driver on host 10.0.2.15
[2024-02-06T22:25:24.609+0100] {spark_submit.py:571} INFO - 24/02/06 22:25:24 INFO Executor: Starting executor with user classpath (userClassPathFirst = false): ''
[2024-02-06T22:25:24.737+0100] {spark_submit.py:571} INFO - 24/02/06 22:25:24 INFO Executor: Fetching spark://10.0.2.15:36961/jars/scala_2.13-0.1.0.jar with timestamp 1707254716816
[2024-02-06T22:25:25.340+0100] {spark_submit.py:571} INFO - 24/02/06 22:25:25 INFO TransportClientFactory: Successfully created connection to /10.0.2.15:36961 after 443 ms (0 ms spent in bootstraps)
[2024-02-06T22:25:25.342+0100] {spark_submit.py:571} INFO - 24/02/06 22:25:25 INFO Utils: Fetching spark://10.0.2.15:36961/jars/scala_2.13-0.1.0.jar to /tmp/spark-d5a14c1a-c83d-49ed-bd8c-85586ac6ca1e/userFiles-7bf35653-43ec-44f6-9413-3f21ed84e2ea/fetchFileTemp778924382946392355.tmp
[2024-02-06T22:25:25.874+0100] {spark_submit.py:571} INFO - 24/02/06 22:25:25 INFO Executor: Adding file:/tmp/spark-d5a14c1a-c83d-49ed-bd8c-85586ac6ca1e/userFiles-7bf35653-43ec-44f6-9413-3f21ed84e2ea/scala_2.13-0.1.0.jar to class loader
[2024-02-06T22:25:26.234+0100] {spark_submit.py:571} INFO - 24/02/06 22:25:26 INFO Utils: Successfully started service 'org.apache.spark.network.netty.NettyBlockTransferService' on port 33843.
[2024-02-06T22:25:26.237+0100] {spark_submit.py:571} INFO - 24/02/06 22:25:26 INFO NettyBlockTransferService: Server created on 10.0.2.15:33843
[2024-02-06T22:25:26.252+0100] {spark_submit.py:571} INFO - 24/02/06 22:25:26 INFO BlockManager: Using org.apache.spark.storage.RandomBlockReplicationPolicy for block replication policy
[2024-02-06T22:25:26.302+0100] {spark_submit.py:571} INFO - 24/02/06 22:25:26 INFO BlockManagerMaster: Registering BlockManager BlockManagerId(driver, 10.0.2.15, 33843, None)
[2024-02-06T22:25:26.327+0100] {spark_submit.py:571} INFO - 24/02/06 22:25:26 INFO BlockManagerMasterEndpoint: Registering block manager 10.0.2.15:33843 with 434.4 MiB RAM, BlockManagerId(driver, 10.0.2.15, 33843, None)
[2024-02-06T22:25:26.348+0100] {spark_submit.py:571} INFO - 24/02/06 22:25:26 INFO BlockManagerMaster: Registered BlockManager BlockManagerId(driver, 10.0.2.15, 33843, None)
[2024-02-06T22:25:26.360+0100] {spark_submit.py:571} INFO - 24/02/06 22:25:26 INFO BlockManager: Initialized BlockManager: BlockManagerId(driver, 10.0.2.15, 33843, None)
[2024-02-06T22:25:29.519+0100] {spark_submit.py:571} INFO - 24/02/06 22:25:29 INFO SharedState: Setting hive.metastore.warehouse.dir ('null') to the value of spark.sql.warehouse.dir.
[2024-02-06T22:25:29.548+0100] {spark_submit.py:571} INFO - 24/02/06 22:25:29 INFO SharedState: Warehouse path is 'file:/home/ubuntu/airflow/spark-warehouse'.
[2024-02-06T22:25:33.718+0100] {spark_submit.py:571} INFO - Exception in thread "main" java.lang.NoClassDefFoundError: scala/collection/StringOps$
[2024-02-06T22:25:33.719+0100] {spark_submit.py:571} INFO - at FormattedData$.main(FormattedData.scala:14)
[2024-02-06T22:25:33.720+0100] {spark_submit.py:571} INFO - at FormattedData.main(FormattedData.scala)
[2024-02-06T22:25:33.720+0100] {spark_submit.py:571} INFO - at java.base/jdk.internal.reflect.NativeMethodAccessorImpl.invoke0(Native Method)
[2024-02-06T22:25:33.720+0100] {spark_submit.py:571} INFO - at java.base/jdk.internal.reflect.NativeMethodAccessorImpl.invoke(NativeMethodAccessorImpl.java:62)
[2024-02-06T22:25:33.721+0100] {spark_submit.py:571} INFO - at java.base/jdk.internal.reflect.DelegatingMethodAccessorImpl.invoke(DelegatingMethodAccessorImpl.java:43)
[2024-02-06T22:25:33.721+0100] {spark_submit.py:571} INFO - at java.base/java.lang.reflect.Method.invoke(Method.java:566)
[2024-02-06T22:25:33.721+0100] {spark_submit.py:571} INFO - at org.apache.spark.deploy.JavaMainApplication.start(SparkApplication.scala:52)
[2024-02-06T22:25:33.722+0100] {spark_submit.py:571} INFO - at org.apache.spark.deploy.SparkSubmit.org$apache$spark$deploy$SparkSubmit$$runMain(SparkSubmit.scala:984)
[2024-02-06T22:25:33.722+0100] {spark_submit.py:571} INFO - at org.apache.spark.deploy.SparkSubmit.doRunMain$1(SparkSubmit.scala:191)
[2024-02-06T22:25:33.723+0100] {spark_submit.py:571} INFO - at org.apache.spark.deploy.SparkSubmit.submit(SparkSubmit.scala:214)
[2024-02-06T22:25:33.723+0100] {spark_submit.py:571} INFO - at org.apache.spark.deploy.SparkSubmit.doSubmit(SparkSubmit.scala:90)
[2024-02-06T22:25:33.724+0100] {spark_submit.py:571} INFO - at org.apache.spark.deploy.SparkSubmit$$anon$2.doSubmit(SparkSubmit.scala:1072)
[2024-02-06T22:25:33.724+0100] {spark_submit.py:571} INFO - at org.apache.spark.deploy.SparkSubmit$.main(SparkSubmit.scala:1081)
[2024-02-06T22:25:33.724+0100] {spark_submit.py:571} INFO - at org.apache.spark.deploy.SparkSubmit.main(SparkSubmit.scala)
[2024-02-06T22:25:33.725+0100] {spark_submit.py:571} INFO - Caused by: java.lang.ClassNotFoundException: scala.collection.StringOps$
[2024-02-06T22:25:33.725+0100] {spark_submit.py:571} INFO - at java.base/java.net.URLClassLoader.findClass(URLClassLoader.java:476)
[2024-02-06T22:25:33.725+0100] {spark_submit.py:571} INFO - at java.base/java.lang.ClassLoader.loadClass(ClassLoader.java:594)
[2024-02-06T22:25:33.725+0100] {spark_submit.py:571} INFO - at java.base/java.lang.ClassLoader.loadClass(ClassLoader.java:527)
[2024-02-06T22:25:33.726+0100] {spark_submit.py:571} INFO - ... 14 more
[2024-02-06T22:25:33.953+0100] {spark_submit.py:571} INFO - 24/02/06 22:25:33 INFO SparkContext: Invoking stop() from shutdown hook
[2024-02-06T22:25:34.290+0100] {spark_submit.py:571} INFO - 24/02/06 22:25:34 INFO SparkUI: Stopped Spark web UI at http://10.0.2.15:4040
[2024-02-06T22:25:34.653+0100] {spark_submit.py:571} INFO - 24/02/06 22:25:34 INFO MapOutputTrackerMasterEndpoint: MapOutputTrackerMasterEndpoint stopped!
[2024-02-06T22:25:34.995+0100] {spark_submit.py:571} INFO - 24/02/06 22:25:34 INFO MemoryStore: MemoryStore cleared
[2024-02-06T22:25:35.023+0100] {spark_submit.py:571} INFO - 24/02/06 22:25:35 INFO BlockManager: BlockManager stopped
[2024-02-06T22:25:35.097+0100] {spark_submit.py:571} INFO - 24/02/06 22:25:35 INFO BlockManagerMaster: BlockManagerMaster stopped
[2024-02-06T22:25:35.149+0100] {spark_submit.py:571} INFO - 24/02/06 22:25:35 INFO OutputCommitCoordinator$OutputCommitCoordinatorEndpoint: OutputCommitCoordinator stopped!
[2024-02-06T22:25:35.522+0100] {spark_submit.py:571} INFO - 24/02/06 22:25:35 INFO SparkContext: Successfully stopped SparkContext
[2024-02-06T22:25:35.541+0100] {spark_submit.py:571} INFO - 24/02/06 22:25:35 INFO ShutdownHookManager: Shutdown hook called
[2024-02-06T22:25:35.636+0100] {spark_submit.py:571} INFO - 24/02/06 22:25:35 INFO ShutdownHookManager: Deleting directory /tmp/spark-d5a14c1a-c83d-49ed-bd8c-85586ac6ca1e
[2024-02-06T22:25:35.684+0100] {spark_submit.py:571} INFO - 24/02/06 22:25:35 INFO ShutdownHookManager: Deleting directory /tmp/spark-a3a17fce-0d33-4aba-b43a-0a1482aecc83
[2024-02-06T22:25:36.203+0100] {taskinstance.py:2698} ERROR - Task failed with exception
Traceback (most recent call last):
  File "/home/ubuntu/.local/lib/python3.10/site-packages/airflow/models/taskinstance.py", line 433, in _execute_task
    result = execute_callable(context=context, **execute_callable_kwargs)
  File "/home/ubuntu/.local/lib/python3.10/site-packages/airflow/providers/apache/spark/operators/spark_submit.py", line 174, in execute
    self._hook.submit(self._application)
  File "/home/ubuntu/.local/lib/python3.10/site-packages/airflow/providers/apache/spark/hooks/spark_submit.py", line 502, in submit
    raise AirflowException(
airflow.exceptions.AirflowException: Cannot execute: spark-submit --master local[*] --conf spark.airflow.execution_date=2024-01-07 --name arrow-spark --class FormattedData --queue root.default --deploy-mode client /home/ubuntu/airflow/scala/target/scala-2.13/scala_2.13-0.1.0.jar. Error code is: 1.
[2024-02-06T22:25:36.225+0100] {taskinstance.py:1138} INFO - Marking task as UP_FOR_RETRY. dag_id=Competition_dag, task_id=cleanMatch_task, execution_date=20240107T000000, start_date=20240206T212502, end_date=20240206T212536
[2024-02-06T22:25:36.338+0100] {standard_task_runner.py:107} ERROR - Failed to execute job 44 for task cleanMatch_task (Cannot execute: spark-submit --master local[*] --conf spark.airflow.execution_date=2024-01-07 --name arrow-spark --class FormattedData --queue root.default --deploy-mode client /home/ubuntu/airflow/scala/target/scala-2.13/scala_2.13-0.1.0.jar. Error code is: 1.; 48433)
[2024-02-06T22:25:36.409+0100] {local_task_job_runner.py:234} INFO - Task exited with return code 1
[2024-02-06T22:25:36.498+0100] {taskinstance.py:3280} INFO - 0 downstream tasks scheduled from follow-on schedule check
