[2024-02-06T22:32:56.051+0100] {taskinstance.py:1956} INFO - Dependencies all met for dep_context=non-requeueable deps ti=<TaskInstance: Competition_dag.cleanMatch_task manual__2024-02-06T21:28:59.446163+00:00 [queued]>
[2024-02-06T22:32:56.094+0100] {taskinstance.py:1956} INFO - Dependencies all met for dep_context=requeueable deps ti=<TaskInstance: Competition_dag.cleanMatch_task manual__2024-02-06T21:28:59.446163+00:00 [queued]>
[2024-02-06T22:32:56.100+0100] {taskinstance.py:2170} INFO - Starting attempt 1 of 6
[2024-02-06T22:32:56.176+0100] {taskinstance.py:2191} INFO - Executing <Task(SparkSubmitOperator): cleanMatch_task> on 2024-02-06 21:28:59.446163+00:00
[2024-02-06T22:32:56.207+0100] {standard_task_runner.py:60} INFO - Started process 53888 to run task
[2024-02-06T22:32:56.245+0100] {standard_task_runner.py:87} INFO - Running: ['airflow', 'tasks', 'run', 'Competition_dag', 'cleanMatch_task', 'manual__2024-02-06T21:28:59.446163+00:00', '--job-id', '34', '--raw', '--subdir', 'DAGS_FOLDER/datalake_dag.py', '--cfg-path', '/tmp/tmp_ptcj7fx']
[2024-02-06T22:32:56.249+0100] {standard_task_runner.py:88} INFO - Job 34: Subtask cleanMatch_task
[2024-02-06T22:32:56.487+0100] {task_command.py:423} INFO - Running <TaskInstance: Competition_dag.cleanMatch_task manual__2024-02-06T21:28:59.446163+00:00 [running]> on host ubuntu.ubuntu.virtualbox.org
[2024-02-06T22:32:56.815+0100] {taskinstance.py:2480} INFO - Exporting env vars: AIRFLOW_CTX_DAG_OWNER='NOUMEN_Frech_Warren' AIRFLOW_CTX_DAG_ID='Competition_dag' AIRFLOW_CTX_TASK_ID='cleanMatch_task' AIRFLOW_CTX_EXECUTION_DATE='2024-02-06T21:28:59.446163+00:00' AIRFLOW_CTX_TRY_NUMBER='1' AIRFLOW_CTX_DAG_RUN_ID='manual__2024-02-06T21:28:59.446163+00:00'
[2024-02-06T22:32:56.844+0100] {base.py:83} INFO - Using connection ID 'spark_default' for task execution.
[2024-02-06T22:32:56.858+0100] {spark_submit.py:401} INFO - Spark-Submit cmd: spark-submit --master local[*] --conf spark.airflow.execution_date=2024-02-06 --name arrow-spark --class FormattedData --queue root.default --deploy-mode client /home/ubuntu/airflow/scala/target/scala-2.13/scala_2.13-0.1.0.jar
[2024-02-06T22:33:09.935+0100] {spark_submit.py:571} INFO - 24/02/06 22:33:09 WARN Utils: Your hostname, ubuntu resolves to a loopback address: 127.0.1.1; using 10.0.2.15 instead (on interface enp0s3)
[2024-02-06T22:33:09.955+0100] {spark_submit.py:571} INFO - 24/02/06 22:33:09 WARN Utils: Set SPARK_LOCAL_IP if you need to bind to another address
[2024-02-06T22:33:13.011+0100] {spark_submit.py:571} INFO - 24/02/06 22:33:13 INFO SparkContext: Running Spark version 3.3.4
[2024-02-06T22:33:13.426+0100] {spark_submit.py:571} INFO - 24/02/06 22:33:13 WARN NativeCodeLoader: Unable to load native-hadoop library for your platform... using builtin-java classes where applicable
[2024-02-06T22:33:14.280+0100] {spark_submit.py:571} INFO - 24/02/06 22:33:14 INFO ResourceUtils: ==============================================================
[2024-02-06T22:33:14.286+0100] {spark_submit.py:571} INFO - 24/02/06 22:33:14 INFO ResourceUtils: No custom resources configured for spark.driver.
[2024-02-06T22:33:14.295+0100] {spark_submit.py:571} INFO - 24/02/06 22:33:14 INFO ResourceUtils: ==============================================================
[2024-02-06T22:33:14.298+0100] {spark_submit.py:571} INFO - 24/02/06 22:33:14 INFO SparkContext: Submitted application: JobFormatted
[2024-02-06T22:33:14.424+0100] {spark_submit.py:571} INFO - 24/02/06 22:33:14 INFO ResourceProfile: Default ResourceProfile created, executor resources: Map(cores -> name: cores, amount: 1, script: , vendor: , memory -> name: memory, amount: 1024, script: , vendor: , offHeap -> name: offHeap, amount: 0, script: , vendor: ), task resources: Map(cpus -> name: cpus, amount: 1.0)
[2024-02-06T22:33:14.474+0100] {spark_submit.py:571} INFO - 24/02/06 22:33:14 INFO ResourceProfile: Limiting resource is cpu
[2024-02-06T22:33:14.477+0100] {spark_submit.py:571} INFO - 24/02/06 22:33:14 INFO ResourceProfileManager: Added ResourceProfile id: 0
[2024-02-06T22:33:14.699+0100] {spark_submit.py:571} INFO - 24/02/06 22:33:14 INFO SecurityManager: Changing view acls to: ubuntu
[2024-02-06T22:33:14.701+0100] {spark_submit.py:571} INFO - 24/02/06 22:33:14 INFO SecurityManager: Changing modify acls to: ubuntu
[2024-02-06T22:33:14.712+0100] {spark_submit.py:571} INFO - 24/02/06 22:33:14 INFO SecurityManager: Changing view acls groups to:
[2024-02-06T22:33:14.717+0100] {spark_submit.py:571} INFO - 24/02/06 22:33:14 INFO SecurityManager: Changing modify acls groups to:
[2024-02-06T22:33:14.720+0100] {spark_submit.py:571} INFO - 24/02/06 22:33:14 INFO SecurityManager: SecurityManager: authentication disabled; ui acls disabled; users  with view permissions: Set(ubuntu); groups with view permissions: Set(); users  with modify permissions: Set(ubuntu); groups with modify permissions: Set()
[2024-02-06T22:33:17.638+0100] {spark_submit.py:571} INFO - 24/02/06 22:33:17 INFO Utils: Successfully started service 'sparkDriver' on port 34181.
[2024-02-06T22:33:18.015+0100] {spark_submit.py:571} INFO - 24/02/06 22:33:18 INFO SparkEnv: Registering MapOutputTracker
[2024-02-06T22:33:18.579+0100] {spark_submit.py:571} INFO - 24/02/06 22:33:18 INFO SparkEnv: Registering BlockManagerMaster
[2024-02-06T22:33:18.712+0100] {spark_submit.py:571} INFO - 24/02/06 22:33:18 INFO BlockManagerMasterEndpoint: Using org.apache.spark.storage.DefaultTopologyMapper for getting topology information
[2024-02-06T22:33:18.717+0100] {spark_submit.py:571} INFO - 24/02/06 22:33:18 INFO BlockManagerMasterEndpoint: BlockManagerMasterEndpoint up
[2024-02-06T22:33:18.809+0100] {spark_submit.py:571} INFO - 24/02/06 22:33:18 INFO SparkEnv: Registering BlockManagerMasterHeartbeat
[2024-02-06T22:33:18.965+0100] {spark_submit.py:571} INFO - 24/02/06 22:33:18 INFO DiskBlockManager: Created local directory at /tmp/blockmgr-0a97a20b-8e05-4d26-84ec-2f529cb00846
[2024-02-06T22:33:19.186+0100] {spark_submit.py:571} INFO - 24/02/06 22:33:19 INFO MemoryStore: MemoryStore started with capacity 434.4 MiB
[2024-02-06T22:33:19.652+0100] {spark_submit.py:571} INFO - 24/02/06 22:33:19 INFO SparkEnv: Registering OutputCommitCoordinator
[2024-02-06T22:33:22.851+0100] {spark_submit.py:571} INFO - 24/02/06 22:33:22 INFO Utils: Successfully started service 'SparkUI' on port 4040.
[2024-02-06T22:33:23.460+0100] {spark_submit.py:571} INFO - 24/02/06 22:33:23 INFO SparkContext: Added JAR file:/home/ubuntu/airflow/scala/target/scala-2.13/scala_2.13-0.1.0.jar at spark://10.0.2.15:34181/jars/scala_2.13-0.1.0.jar with timestamp 1707255192957
[2024-02-06T22:33:24.350+0100] {spark_submit.py:571} INFO - 24/02/06 22:33:24 INFO Executor: Starting executor ID driver on host 10.0.2.15
[2024-02-06T22:33:24.381+0100] {spark_submit.py:571} INFO - 24/02/06 22:33:24 INFO Executor: Starting executor with user classpath (userClassPathFirst = false): ''
[2024-02-06T22:33:24.524+0100] {spark_submit.py:571} INFO - 24/02/06 22:33:24 INFO Executor: Fetching spark://10.0.2.15:34181/jars/scala_2.13-0.1.0.jar with timestamp 1707255192957
[2024-02-06T22:33:25.453+0100] {spark_submit.py:571} INFO - 24/02/06 22:33:25 INFO TransportClientFactory: Successfully created connection to /10.0.2.15:34181 after 786 ms (0 ms spent in bootstraps)
[2024-02-06T22:33:25.624+0100] {spark_submit.py:571} INFO - 24/02/06 22:33:25 INFO Utils: Fetching spark://10.0.2.15:34181/jars/scala_2.13-0.1.0.jar to /tmp/spark-6734b5b4-cb64-4a45-8aa2-a1f0e43ba0d2/userFiles-0e37b20c-25a7-4c49-9383-2408e36676ad/fetchFileTemp4452748729135496109.tmp
[2024-02-06T22:33:26.485+0100] {spark_submit.py:571} INFO - 24/02/06 22:33:26 INFO Executor: Adding file:/tmp/spark-6734b5b4-cb64-4a45-8aa2-a1f0e43ba0d2/userFiles-0e37b20c-25a7-4c49-9383-2408e36676ad/scala_2.13-0.1.0.jar to class loader
[2024-02-06T22:33:26.927+0100] {spark_submit.py:571} INFO - 24/02/06 22:33:26 INFO Utils: Successfully started service 'org.apache.spark.network.netty.NettyBlockTransferService' on port 41231.
[2024-02-06T22:33:26.927+0100] {spark_submit.py:571} INFO - 24/02/06 22:33:26 INFO NettyBlockTransferService: Server created on 10.0.2.15:41231
[2024-02-06T22:33:26.932+0100] {spark_submit.py:571} INFO - 24/02/06 22:33:26 INFO BlockManager: Using org.apache.spark.storage.RandomBlockReplicationPolicy for block replication policy
[2024-02-06T22:33:26.979+0100] {spark_submit.py:571} INFO - 24/02/06 22:33:26 INFO BlockManagerMaster: Registering BlockManager BlockManagerId(driver, 10.0.2.15, 41231, None)
[2024-02-06T22:33:26.992+0100] {spark_submit.py:571} INFO - 24/02/06 22:33:26 INFO BlockManagerMasterEndpoint: Registering block manager 10.0.2.15:41231 with 434.4 MiB RAM, BlockManagerId(driver, 10.0.2.15, 41231, None)
[2024-02-06T22:33:27.073+0100] {spark_submit.py:571} INFO - 24/02/06 22:33:27 INFO BlockManagerMaster: Registered BlockManager BlockManagerId(driver, 10.0.2.15, 41231, None)
[2024-02-06T22:33:27.085+0100] {spark_submit.py:571} INFO - 24/02/06 22:33:27 INFO BlockManager: Initialized BlockManager: BlockManagerId(driver, 10.0.2.15, 41231, None)
[2024-02-06T22:33:30.066+0100] {spark_submit.py:571} INFO - 24/02/06 22:33:30 INFO SharedState: Setting hive.metastore.warehouse.dir ('null') to the value of spark.sql.warehouse.dir.
[2024-02-06T22:33:30.081+0100] {spark_submit.py:571} INFO - 24/02/06 22:33:30 INFO SharedState: Warehouse path is 'file:/home/ubuntu/airflow/spark-warehouse'.
[2024-02-06T22:33:34.805+0100] {spark_submit.py:571} INFO - Exception in thread "main" java.lang.NoClassDefFoundError: scala/collection/StringOps$
[2024-02-06T22:33:34.807+0100] {spark_submit.py:571} INFO - at FormattedData$.main(FormattedData.scala:14)
[2024-02-06T22:33:34.809+0100] {spark_submit.py:571} INFO - at FormattedData.main(FormattedData.scala)
[2024-02-06T22:33:34.812+0100] {spark_submit.py:571} INFO - at java.base/jdk.internal.reflect.NativeMethodAccessorImpl.invoke0(Native Method)
[2024-02-06T22:33:34.814+0100] {spark_submit.py:571} INFO - at java.base/jdk.internal.reflect.NativeMethodAccessorImpl.invoke(NativeMethodAccessorImpl.java:62)
[2024-02-06T22:33:34.816+0100] {spark_submit.py:571} INFO - at java.base/jdk.internal.reflect.DelegatingMethodAccessorImpl.invoke(DelegatingMethodAccessorImpl.java:43)
[2024-02-06T22:33:34.818+0100] {spark_submit.py:571} INFO - at java.base/java.lang.reflect.Method.invoke(Method.java:566)
[2024-02-06T22:33:34.821+0100] {spark_submit.py:571} INFO - at org.apache.spark.deploy.JavaMainApplication.start(SparkApplication.scala:52)
[2024-02-06T22:33:34.830+0100] {spark_submit.py:571} INFO - at org.apache.spark.deploy.SparkSubmit.org$apache$spark$deploy$SparkSubmit$$runMain(SparkSubmit.scala:984)
[2024-02-06T22:33:34.833+0100] {spark_submit.py:571} INFO - at org.apache.spark.deploy.SparkSubmit.doRunMain$1(SparkSubmit.scala:191)
[2024-02-06T22:33:34.836+0100] {spark_submit.py:571} INFO - at org.apache.spark.deploy.SparkSubmit.submit(SparkSubmit.scala:214)
[2024-02-06T22:33:34.844+0100] {spark_submit.py:571} INFO - at org.apache.spark.deploy.SparkSubmit.doSubmit(SparkSubmit.scala:90)
[2024-02-06T22:33:34.845+0100] {spark_submit.py:571} INFO - at org.apache.spark.deploy.SparkSubmit$$anon$2.doSubmit(SparkSubmit.scala:1072)
[2024-02-06T22:33:34.845+0100] {spark_submit.py:571} INFO - at org.apache.spark.deploy.SparkSubmit$.main(SparkSubmit.scala:1081)
[2024-02-06T22:33:34.845+0100] {spark_submit.py:571} INFO - at org.apache.spark.deploy.SparkSubmit.main(SparkSubmit.scala)
[2024-02-06T22:33:34.846+0100] {spark_submit.py:571} INFO - Caused by: java.lang.ClassNotFoundException: scala.collection.StringOps$
[2024-02-06T22:33:34.846+0100] {spark_submit.py:571} INFO - at java.base/java.net.URLClassLoader.findClass(URLClassLoader.java:476)
[2024-02-06T22:33:34.847+0100] {spark_submit.py:571} INFO - at java.base/java.lang.ClassLoader.loadClass(ClassLoader.java:594)
[2024-02-06T22:33:34.847+0100] {spark_submit.py:571} INFO - at java.base/java.lang.ClassLoader.loadClass(ClassLoader.java:527)
[2024-02-06T22:33:34.847+0100] {spark_submit.py:571} INFO - ... 14 more
[2024-02-06T22:33:35.139+0100] {spark_submit.py:571} INFO - 24/02/06 22:33:35 INFO SparkContext: Invoking stop() from shutdown hook
[2024-02-06T22:33:35.473+0100] {spark_submit.py:571} INFO - 24/02/06 22:33:35 INFO SparkUI: Stopped Spark web UI at http://10.0.2.15:4040
[2024-02-06T22:33:35.964+0100] {spark_submit.py:571} INFO - 24/02/06 22:33:35 INFO MapOutputTrackerMasterEndpoint: MapOutputTrackerMasterEndpoint stopped!
[2024-02-06T22:33:36.608+0100] {spark_submit.py:571} INFO - 24/02/06 22:33:36 INFO MemoryStore: MemoryStore cleared
[2024-02-06T22:33:36.609+0100] {spark_submit.py:571} INFO - 24/02/06 22:33:36 INFO BlockManager: BlockManager stopped
[2024-02-06T22:33:36.807+0100] {spark_submit.py:571} INFO - 24/02/06 22:33:36 INFO BlockManagerMaster: BlockManagerMaster stopped
[2024-02-06T22:33:36.816+0100] {spark_submit.py:571} INFO - 24/02/06 22:33:36 INFO OutputCommitCoordinator$OutputCommitCoordinatorEndpoint: OutputCommitCoordinator stopped!
[2024-02-06T22:33:37.067+0100] {spark_submit.py:571} INFO - 24/02/06 22:33:37 INFO SparkContext: Successfully stopped SparkContext
[2024-02-06T22:33:37.069+0100] {spark_submit.py:571} INFO - 24/02/06 22:33:37 INFO ShutdownHookManager: Shutdown hook called
[2024-02-06T22:33:37.080+0100] {spark_submit.py:571} INFO - 24/02/06 22:33:37 INFO ShutdownHookManager: Deleting directory /tmp/spark-2ff5c4ba-6268-4750-a608-e35a5370cdc8
[2024-02-06T22:33:37.187+0100] {spark_submit.py:571} INFO - 24/02/06 22:33:37 INFO ShutdownHookManager: Deleting directory /tmp/spark-6734b5b4-cb64-4a45-8aa2-a1f0e43ba0d2
[2024-02-06T22:33:37.774+0100] {taskinstance.py:2698} ERROR - Task failed with exception
Traceback (most recent call last):
  File "/home/ubuntu/.local/lib/python3.10/site-packages/airflow/models/taskinstance.py", line 433, in _execute_task
    result = execute_callable(context=context, **execute_callable_kwargs)
  File "/home/ubuntu/.local/lib/python3.10/site-packages/airflow/providers/apache/spark/operators/spark_submit.py", line 174, in execute
    self._hook.submit(self._application)
  File "/home/ubuntu/.local/lib/python3.10/site-packages/airflow/providers/apache/spark/hooks/spark_submit.py", line 502, in submit
    raise AirflowException(
airflow.exceptions.AirflowException: Cannot execute: spark-submit --master local[*] --conf spark.airflow.execution_date=2024-02-06 --name arrow-spark --class FormattedData --queue root.default --deploy-mode client /home/ubuntu/airflow/scala/target/scala-2.13/scala_2.13-0.1.0.jar. Error code is: 1.
[2024-02-06T22:33:37.830+0100] {taskinstance.py:1138} INFO - Marking task as UP_FOR_RETRY. dag_id=Competition_dag, task_id=cleanMatch_task, execution_date=20240206T212859, start_date=20240206T213256, end_date=20240206T213337
[2024-02-06T22:33:37.985+0100] {standard_task_runner.py:107} ERROR - Failed to execute job 34 for task cleanMatch_task (Cannot execute: spark-submit --master local[*] --conf spark.airflow.execution_date=2024-02-06 --name arrow-spark --class FormattedData --queue root.default --deploy-mode client /home/ubuntu/airflow/scala/target/scala-2.13/scala_2.13-0.1.0.jar. Error code is: 1.; 53888)
[2024-02-06T22:33:38.010+0100] {local_task_job_runner.py:234} INFO - Task exited with return code 1
[2024-02-06T22:33:38.159+0100] {taskinstance.py:3280} INFO - 0 downstream tasks scheduled from follow-on schedule check
