[2024-02-06T21:28:09.665+0100] {processor.py:161} INFO - Started process (PID=23618) to work on /home/ubuntu/.local/lib/python3.10/site-packages/airflow/example_dags/subdags/subdag.py
[2024-02-06T21:28:09.667+0100] {processor.py:830} INFO - Processing file /home/ubuntu/.local/lib/python3.10/site-packages/airflow/example_dags/subdags/subdag.py for tasks to queue
[2024-02-06T21:28:09.679+0100] {logging_mixin.py:188} INFO - [2024-02-06T21:28:09.677+0100] {dagbag.py:538} INFO - Filling up the DagBag from /home/ubuntu/.local/lib/python3.10/site-packages/airflow/example_dags/subdags/subdag.py
[2024-02-06T21:28:09.686+0100] {processor.py:842} WARNING - No viable dags retrieved from /home/ubuntu/.local/lib/python3.10/site-packages/airflow/example_dags/subdags/subdag.py
[2024-02-06T21:28:09.771+0100] {processor.py:183} INFO - Processing /home/ubuntu/.local/lib/python3.10/site-packages/airflow/example_dags/subdags/subdag.py took 0.117 seconds
[2024-02-06T21:29:23.794+0100] {processor.py:161} INFO - Started process (PID=24321) to work on /home/ubuntu/.local/lib/python3.10/site-packages/airflow/example_dags/subdags/subdag.py
[2024-02-06T21:29:23.868+0100] {processor.py:830} INFO - Processing file /home/ubuntu/.local/lib/python3.10/site-packages/airflow/example_dags/subdags/subdag.py for tasks to queue
[2024-02-06T21:29:23.870+0100] {logging_mixin.py:188} INFO - [2024-02-06T21:29:23.869+0100] {dagbag.py:538} INFO - Filling up the DagBag from /home/ubuntu/.local/lib/python3.10/site-packages/airflow/example_dags/subdags/subdag.py
[2024-02-06T21:29:23.875+0100] {processor.py:842} WARNING - No viable dags retrieved from /home/ubuntu/.local/lib/python3.10/site-packages/airflow/example_dags/subdags/subdag.py
[2024-02-06T21:29:23.906+0100] {processor.py:183} INFO - Processing /home/ubuntu/.local/lib/python3.10/site-packages/airflow/example_dags/subdags/subdag.py took 0.145 seconds
[2024-02-06T21:31:12.008+0100] {processor.py:161} INFO - Started process (PID=24925) to work on /home/ubuntu/.local/lib/python3.10/site-packages/airflow/example_dags/subdags/subdag.py
[2024-02-06T21:31:12.023+0100] {processor.py:830} INFO - Processing file /home/ubuntu/.local/lib/python3.10/site-packages/airflow/example_dags/subdags/subdag.py for tasks to queue
[2024-02-06T21:31:12.026+0100] {logging_mixin.py:188} INFO - [2024-02-06T21:31:12.024+0100] {dagbag.py:538} INFO - Filling up the DagBag from /home/ubuntu/.local/lib/python3.10/site-packages/airflow/example_dags/subdags/subdag.py
[2024-02-06T21:31:12.033+0100] {processor.py:842} WARNING - No viable dags retrieved from /home/ubuntu/.local/lib/python3.10/site-packages/airflow/example_dags/subdags/subdag.py
[2024-02-06T21:31:12.104+0100] {processor.py:183} INFO - Processing /home/ubuntu/.local/lib/python3.10/site-packages/airflow/example_dags/subdags/subdag.py took 0.129 seconds
[2024-02-06T21:32:19.154+0100] {processor.py:161} INFO - Started process (PID=25134) to work on /home/ubuntu/.local/lib/python3.10/site-packages/airflow/example_dags/subdags/subdag.py
[2024-02-06T21:32:19.163+0100] {processor.py:830} INFO - Processing file /home/ubuntu/.local/lib/python3.10/site-packages/airflow/example_dags/subdags/subdag.py for tasks to queue
[2024-02-06T21:32:19.165+0100] {logging_mixin.py:188} INFO - [2024-02-06T21:32:19.164+0100] {dagbag.py:538} INFO - Filling up the DagBag from /home/ubuntu/.local/lib/python3.10/site-packages/airflow/example_dags/subdags/subdag.py
[2024-02-06T21:32:19.169+0100] {processor.py:842} WARNING - No viable dags retrieved from /home/ubuntu/.local/lib/python3.10/site-packages/airflow/example_dags/subdags/subdag.py
[2024-02-06T21:32:19.189+0100] {processor.py:183} INFO - Processing /home/ubuntu/.local/lib/python3.10/site-packages/airflow/example_dags/subdags/subdag.py took 0.041 seconds
[2024-02-06T21:33:38.791+0100] {processor.py:161} INFO - Started process (PID=25554) to work on /home/ubuntu/.local/lib/python3.10/site-packages/airflow/example_dags/subdags/subdag.py
[2024-02-06T21:33:38.814+0100] {processor.py:830} INFO - Processing file /home/ubuntu/.local/lib/python3.10/site-packages/airflow/example_dags/subdags/subdag.py for tasks to queue
[2024-02-06T21:33:38.817+0100] {logging_mixin.py:188} INFO - [2024-02-06T21:33:38.816+0100] {dagbag.py:538} INFO - Filling up the DagBag from /home/ubuntu/.local/lib/python3.10/site-packages/airflow/example_dags/subdags/subdag.py
[2024-02-06T21:33:38.820+0100] {processor.py:842} WARNING - No viable dags retrieved from /home/ubuntu/.local/lib/python3.10/site-packages/airflow/example_dags/subdags/subdag.py
[2024-02-06T21:33:38.848+0100] {processor.py:183} INFO - Processing /home/ubuntu/.local/lib/python3.10/site-packages/airflow/example_dags/subdags/subdag.py took 0.064 seconds
[2024-02-06T21:39:44.912+0100] {processor.py:161} INFO - Started process (PID=27287) to work on /home/ubuntu/.local/lib/python3.10/site-packages/airflow/example_dags/subdags/subdag.py
[2024-02-06T21:39:44.931+0100] {processor.py:830} INFO - Processing file /home/ubuntu/.local/lib/python3.10/site-packages/airflow/example_dags/subdags/subdag.py for tasks to queue
[2024-02-06T21:39:44.977+0100] {logging_mixin.py:188} INFO - [2024-02-06T21:39:44.958+0100] {dagbag.py:538} INFO - Filling up the DagBag from /home/ubuntu/.local/lib/python3.10/site-packages/airflow/example_dags/subdags/subdag.py
[2024-02-06T21:39:45.037+0100] {processor.py:842} WARNING - No viable dags retrieved from /home/ubuntu/.local/lib/python3.10/site-packages/airflow/example_dags/subdags/subdag.py
[2024-02-06T21:39:45.178+0100] {processor.py:183} INFO - Processing /home/ubuntu/.local/lib/python3.10/site-packages/airflow/example_dags/subdags/subdag.py took 0.322 seconds
[2024-02-06T21:40:34.594+0100] {processor.py:161} INFO - Started process (PID=27681) to work on /home/ubuntu/.local/lib/python3.10/site-packages/airflow/example_dags/subdags/subdag.py
[2024-02-06T21:40:34.596+0100] {processor.py:830} INFO - Processing file /home/ubuntu/.local/lib/python3.10/site-packages/airflow/example_dags/subdags/subdag.py for tasks to queue
[2024-02-06T21:40:34.598+0100] {logging_mixin.py:188} INFO - [2024-02-06T21:40:34.597+0100] {dagbag.py:538} INFO - Filling up the DagBag from /home/ubuntu/.local/lib/python3.10/site-packages/airflow/example_dags/subdags/subdag.py
[2024-02-06T21:40:34.602+0100] {processor.py:842} WARNING - No viable dags retrieved from /home/ubuntu/.local/lib/python3.10/site-packages/airflow/example_dags/subdags/subdag.py
[2024-02-06T21:40:34.617+0100] {processor.py:183} INFO - Processing /home/ubuntu/.local/lib/python3.10/site-packages/airflow/example_dags/subdags/subdag.py took 0.028 seconds
[2024-02-06T21:41:14.842+0100] {processor.py:161} INFO - Started process (PID=27951) to work on /home/ubuntu/.local/lib/python3.10/site-packages/airflow/example_dags/subdags/subdag.py
[2024-02-06T21:41:14.845+0100] {processor.py:830} INFO - Processing file /home/ubuntu/.local/lib/python3.10/site-packages/airflow/example_dags/subdags/subdag.py for tasks to queue
[2024-02-06T21:41:14.846+0100] {logging_mixin.py:188} INFO - [2024-02-06T21:41:14.846+0100] {dagbag.py:538} INFO - Filling up the DagBag from /home/ubuntu/.local/lib/python3.10/site-packages/airflow/example_dags/subdags/subdag.py
[2024-02-06T21:41:14.851+0100] {processor.py:842} WARNING - No viable dags retrieved from /home/ubuntu/.local/lib/python3.10/site-packages/airflow/example_dags/subdags/subdag.py
[2024-02-06T21:41:14.875+0100] {processor.py:183} INFO - Processing /home/ubuntu/.local/lib/python3.10/site-packages/airflow/example_dags/subdags/subdag.py took 0.039 seconds
[2024-02-06T21:41:48.745+0100] {processor.py:161} INFO - Started process (PID=28164) to work on /home/ubuntu/.local/lib/python3.10/site-packages/airflow/example_dags/subdags/subdag.py
[2024-02-06T21:41:48.751+0100] {processor.py:830} INFO - Processing file /home/ubuntu/.local/lib/python3.10/site-packages/airflow/example_dags/subdags/subdag.py for tasks to queue
[2024-02-06T21:41:48.753+0100] {logging_mixin.py:188} INFO - [2024-02-06T21:41:48.752+0100] {dagbag.py:538} INFO - Filling up the DagBag from /home/ubuntu/.local/lib/python3.10/site-packages/airflow/example_dags/subdags/subdag.py
[2024-02-06T21:41:48.757+0100] {processor.py:842} WARNING - No viable dags retrieved from /home/ubuntu/.local/lib/python3.10/site-packages/airflow/example_dags/subdags/subdag.py
[2024-02-06T21:41:48.781+0100] {processor.py:183} INFO - Processing /home/ubuntu/.local/lib/python3.10/site-packages/airflow/example_dags/subdags/subdag.py took 0.043 seconds
[2024-02-06T21:41:59.571+0100] {processor.py:161} INFO - Started process (PID=28196) to work on /home/ubuntu/.local/lib/python3.10/site-packages/airflow/example_dags/subdags/subdag.py
[2024-02-06T21:41:59.573+0100] {processor.py:830} INFO - Processing file /home/ubuntu/.local/lib/python3.10/site-packages/airflow/example_dags/subdags/subdag.py for tasks to queue
[2024-02-06T21:41:59.576+0100] {logging_mixin.py:188} INFO - [2024-02-06T21:41:59.575+0100] {dagbag.py:538} INFO - Filling up the DagBag from /home/ubuntu/.local/lib/python3.10/site-packages/airflow/example_dags/subdags/subdag.py
[2024-02-06T21:41:59.581+0100] {processor.py:842} WARNING - No viable dags retrieved from /home/ubuntu/.local/lib/python3.10/site-packages/airflow/example_dags/subdags/subdag.py
[2024-02-06T21:41:59.609+0100] {processor.py:183} INFO - Processing /home/ubuntu/.local/lib/python3.10/site-packages/airflow/example_dags/subdags/subdag.py took 0.046 seconds
[2024-02-06T21:42:36.031+0100] {processor.py:161} INFO - Started process (PID=28419) to work on /home/ubuntu/.local/lib/python3.10/site-packages/airflow/example_dags/subdags/subdag.py
[2024-02-06T21:42:36.036+0100] {processor.py:830} INFO - Processing file /home/ubuntu/.local/lib/python3.10/site-packages/airflow/example_dags/subdags/subdag.py for tasks to queue
[2024-02-06T21:42:36.038+0100] {logging_mixin.py:188} INFO - [2024-02-06T21:42:36.038+0100] {dagbag.py:538} INFO - Filling up the DagBag from /home/ubuntu/.local/lib/python3.10/site-packages/airflow/example_dags/subdags/subdag.py
[2024-02-06T21:42:36.042+0100] {processor.py:842} WARNING - No viable dags retrieved from /home/ubuntu/.local/lib/python3.10/site-packages/airflow/example_dags/subdags/subdag.py
[2024-02-06T21:42:36.061+0100] {processor.py:183} INFO - Processing /home/ubuntu/.local/lib/python3.10/site-packages/airflow/example_dags/subdags/subdag.py took 0.035 seconds
[2024-02-06T21:42:37.536+0100] {processor.py:161} INFO - Started process (PID=28428) to work on /home/ubuntu/.local/lib/python3.10/site-packages/airflow/example_dags/subdags/subdag.py
[2024-02-06T21:42:37.538+0100] {processor.py:830} INFO - Processing file /home/ubuntu/.local/lib/python3.10/site-packages/airflow/example_dags/subdags/subdag.py for tasks to queue
[2024-02-06T21:42:37.541+0100] {logging_mixin.py:188} INFO - [2024-02-06T21:42:37.540+0100] {dagbag.py:538} INFO - Filling up the DagBag from /home/ubuntu/.local/lib/python3.10/site-packages/airflow/example_dags/subdags/subdag.py
[2024-02-06T21:42:37.546+0100] {processor.py:842} WARNING - No viable dags retrieved from /home/ubuntu/.local/lib/python3.10/site-packages/airflow/example_dags/subdags/subdag.py
[2024-02-06T21:42:37.575+0100] {processor.py:183} INFO - Processing /home/ubuntu/.local/lib/python3.10/site-packages/airflow/example_dags/subdags/subdag.py took 0.048 seconds
[2024-02-06T21:43:14.486+0100] {processor.py:161} INFO - Started process (PID=28665) to work on /home/ubuntu/.local/lib/python3.10/site-packages/airflow/example_dags/subdags/subdag.py
[2024-02-06T21:43:14.489+0100] {processor.py:830} INFO - Processing file /home/ubuntu/.local/lib/python3.10/site-packages/airflow/example_dags/subdags/subdag.py for tasks to queue
[2024-02-06T21:43:14.491+0100] {logging_mixin.py:188} INFO - [2024-02-06T21:43:14.490+0100] {dagbag.py:538} INFO - Filling up the DagBag from /home/ubuntu/.local/lib/python3.10/site-packages/airflow/example_dags/subdags/subdag.py
[2024-02-06T21:43:14.494+0100] {processor.py:842} WARNING - No viable dags retrieved from /home/ubuntu/.local/lib/python3.10/site-packages/airflow/example_dags/subdags/subdag.py
[2024-02-06T21:43:14.515+0100] {processor.py:183} INFO - Processing /home/ubuntu/.local/lib/python3.10/site-packages/airflow/example_dags/subdags/subdag.py took 0.038 seconds
[2024-02-06T21:43:15.054+0100] {processor.py:161} INFO - Started process (PID=28670) to work on /home/ubuntu/.local/lib/python3.10/site-packages/airflow/example_dags/subdags/subdag.py
[2024-02-06T21:43:15.056+0100] {processor.py:830} INFO - Processing file /home/ubuntu/.local/lib/python3.10/site-packages/airflow/example_dags/subdags/subdag.py for tasks to queue
[2024-02-06T21:43:15.058+0100] {logging_mixin.py:188} INFO - [2024-02-06T21:43:15.057+0100] {dagbag.py:538} INFO - Filling up the DagBag from /home/ubuntu/.local/lib/python3.10/site-packages/airflow/example_dags/subdags/subdag.py
[2024-02-06T21:43:15.062+0100] {processor.py:842} WARNING - No viable dags retrieved from /home/ubuntu/.local/lib/python3.10/site-packages/airflow/example_dags/subdags/subdag.py
[2024-02-06T21:43:15.088+0100] {processor.py:183} INFO - Processing /home/ubuntu/.local/lib/python3.10/site-packages/airflow/example_dags/subdags/subdag.py took 0.041 seconds
[2024-02-06T21:43:47.354+0100] {processor.py:161} INFO - Started process (PID=28863) to work on /home/ubuntu/.local/lib/python3.10/site-packages/airflow/example_dags/subdags/subdag.py
[2024-02-06T21:43:47.358+0100] {processor.py:830} INFO - Processing file /home/ubuntu/.local/lib/python3.10/site-packages/airflow/example_dags/subdags/subdag.py for tasks to queue
[2024-02-06T21:43:47.360+0100] {logging_mixin.py:188} INFO - [2024-02-06T21:43:47.359+0100] {dagbag.py:538} INFO - Filling up the DagBag from /home/ubuntu/.local/lib/python3.10/site-packages/airflow/example_dags/subdags/subdag.py
[2024-02-06T21:43:47.368+0100] {processor.py:842} WARNING - No viable dags retrieved from /home/ubuntu/.local/lib/python3.10/site-packages/airflow/example_dags/subdags/subdag.py
[2024-02-06T21:43:47.400+0100] {processor.py:183} INFO - Processing /home/ubuntu/.local/lib/python3.10/site-packages/airflow/example_dags/subdags/subdag.py took 0.054 seconds
[2024-02-06T21:43:49.273+0100] {processor.py:161} INFO - Started process (PID=28899) to work on /home/ubuntu/.local/lib/python3.10/site-packages/airflow/example_dags/subdags/subdag.py
[2024-02-06T21:43:49.275+0100] {processor.py:830} INFO - Processing file /home/ubuntu/.local/lib/python3.10/site-packages/airflow/example_dags/subdags/subdag.py for tasks to queue
[2024-02-06T21:43:49.277+0100] {logging_mixin.py:188} INFO - [2024-02-06T21:43:49.276+0100] {dagbag.py:538} INFO - Filling up the DagBag from /home/ubuntu/.local/lib/python3.10/site-packages/airflow/example_dags/subdags/subdag.py
[2024-02-06T21:43:49.282+0100] {processor.py:842} WARNING - No viable dags retrieved from /home/ubuntu/.local/lib/python3.10/site-packages/airflow/example_dags/subdags/subdag.py
[2024-02-06T21:43:49.304+0100] {processor.py:183} INFO - Processing /home/ubuntu/.local/lib/python3.10/site-packages/airflow/example_dags/subdags/subdag.py took 0.037 seconds
[2024-02-06T21:44:25.039+0100] {processor.py:161} INFO - Started process (PID=29053) to work on /home/ubuntu/.local/lib/python3.10/site-packages/airflow/example_dags/subdags/subdag.py
[2024-02-06T21:44:25.044+0100] {processor.py:830} INFO - Processing file /home/ubuntu/.local/lib/python3.10/site-packages/airflow/example_dags/subdags/subdag.py for tasks to queue
[2024-02-06T21:44:25.047+0100] {logging_mixin.py:188} INFO - [2024-02-06T21:44:25.045+0100] {dagbag.py:538} INFO - Filling up the DagBag from /home/ubuntu/.local/lib/python3.10/site-packages/airflow/example_dags/subdags/subdag.py
[2024-02-06T21:44:25.051+0100] {processor.py:842} WARNING - No viable dags retrieved from /home/ubuntu/.local/lib/python3.10/site-packages/airflow/example_dags/subdags/subdag.py
[2024-02-06T21:44:25.082+0100] {processor.py:183} INFO - Processing /home/ubuntu/.local/lib/python3.10/site-packages/airflow/example_dags/subdags/subdag.py took 0.052 seconds
[2024-02-06T21:44:25.888+0100] {processor.py:161} INFO - Started process (PID=29055) to work on /home/ubuntu/.local/lib/python3.10/site-packages/airflow/example_dags/subdags/subdag.py
[2024-02-06T21:44:25.890+0100] {processor.py:830} INFO - Processing file /home/ubuntu/.local/lib/python3.10/site-packages/airflow/example_dags/subdags/subdag.py for tasks to queue
[2024-02-06T21:44:25.900+0100] {logging_mixin.py:188} INFO - [2024-02-06T21:44:25.896+0100] {dagbag.py:538} INFO - Filling up the DagBag from /home/ubuntu/.local/lib/python3.10/site-packages/airflow/example_dags/subdags/subdag.py
[2024-02-06T21:44:25.914+0100] {processor.py:842} WARNING - No viable dags retrieved from /home/ubuntu/.local/lib/python3.10/site-packages/airflow/example_dags/subdags/subdag.py
[2024-02-06T21:44:25.974+0100] {processor.py:183} INFO - Processing /home/ubuntu/.local/lib/python3.10/site-packages/airflow/example_dags/subdags/subdag.py took 0.092 seconds
[2024-02-06T21:45:04.588+0100] {processor.py:161} INFO - Started process (PID=29278) to work on /home/ubuntu/.local/lib/python3.10/site-packages/airflow/example_dags/subdags/subdag.py
[2024-02-06T21:45:04.600+0100] {processor.py:830} INFO - Processing file /home/ubuntu/.local/lib/python3.10/site-packages/airflow/example_dags/subdags/subdag.py for tasks to queue
[2024-02-06T21:45:04.603+0100] {logging_mixin.py:188} INFO - [2024-02-06T21:45:04.601+0100] {dagbag.py:538} INFO - Filling up the DagBag from /home/ubuntu/.local/lib/python3.10/site-packages/airflow/example_dags/subdags/subdag.py
[2024-02-06T21:45:04.608+0100] {processor.py:842} WARNING - No viable dags retrieved from /home/ubuntu/.local/lib/python3.10/site-packages/airflow/example_dags/subdags/subdag.py
[2024-02-06T21:45:04.664+0100] {processor.py:183} INFO - Processing /home/ubuntu/.local/lib/python3.10/site-packages/airflow/example_dags/subdags/subdag.py took 0.086 seconds
[2024-02-06T21:53:24.582+0100] {processor.py:161} INFO - Started process (PID=30524) to work on /home/ubuntu/.local/lib/python3.10/site-packages/airflow/example_dags/subdags/subdag.py
[2024-02-06T21:53:24.613+0100] {processor.py:830} INFO - Processing file /home/ubuntu/.local/lib/python3.10/site-packages/airflow/example_dags/subdags/subdag.py for tasks to queue
[2024-02-06T21:53:24.692+0100] {logging_mixin.py:188} INFO - [2024-02-06T21:53:24.629+0100] {dagbag.py:538} INFO - Filling up the DagBag from /home/ubuntu/.local/lib/python3.10/site-packages/airflow/example_dags/subdags/subdag.py
[2024-02-06T21:53:24.698+0100] {processor.py:842} WARNING - No viable dags retrieved from /home/ubuntu/.local/lib/python3.10/site-packages/airflow/example_dags/subdags/subdag.py
[2024-02-06T21:53:25.445+0100] {processor.py:183} INFO - Processing /home/ubuntu/.local/lib/python3.10/site-packages/airflow/example_dags/subdags/subdag.py took 1.104 seconds
[2024-02-06T21:54:54.649+0100] {processor.py:161} INFO - Started process (PID=31527) to work on /home/ubuntu/.local/lib/python3.10/site-packages/airflow/example_dags/subdags/subdag.py
[2024-02-06T21:54:54.651+0100] {processor.py:830} INFO - Processing file /home/ubuntu/.local/lib/python3.10/site-packages/airflow/example_dags/subdags/subdag.py for tasks to queue
[2024-02-06T21:54:54.653+0100] {logging_mixin.py:188} INFO - [2024-02-06T21:54:54.652+0100] {dagbag.py:538} INFO - Filling up the DagBag from /home/ubuntu/.local/lib/python3.10/site-packages/airflow/example_dags/subdags/subdag.py
[2024-02-06T21:54:54.658+0100] {processor.py:842} WARNING - No viable dags retrieved from /home/ubuntu/.local/lib/python3.10/site-packages/airflow/example_dags/subdags/subdag.py
[2024-02-06T21:54:54.677+0100] {processor.py:183} INFO - Processing /home/ubuntu/.local/lib/python3.10/site-packages/airflow/example_dags/subdags/subdag.py took 0.035 seconds
[2024-02-06T21:55:35.834+0100] {processor.py:161} INFO - Started process (PID=31859) to work on /home/ubuntu/.local/lib/python3.10/site-packages/airflow/example_dags/subdags/subdag.py
[2024-02-06T21:55:35.840+0100] {processor.py:830} INFO - Processing file /home/ubuntu/.local/lib/python3.10/site-packages/airflow/example_dags/subdags/subdag.py for tasks to queue
[2024-02-06T21:55:35.842+0100] {logging_mixin.py:188} INFO - [2024-02-06T21:55:35.841+0100] {dagbag.py:538} INFO - Filling up the DagBag from /home/ubuntu/.local/lib/python3.10/site-packages/airflow/example_dags/subdags/subdag.py
[2024-02-06T21:55:35.846+0100] {processor.py:842} WARNING - No viable dags retrieved from /home/ubuntu/.local/lib/python3.10/site-packages/airflow/example_dags/subdags/subdag.py
[2024-02-06T21:55:35.864+0100] {processor.py:183} INFO - Processing /home/ubuntu/.local/lib/python3.10/site-packages/airflow/example_dags/subdags/subdag.py took 0.037 seconds
[2024-02-06T21:55:36.085+0100] {processor.py:161} INFO - Started process (PID=31860) to work on /home/ubuntu/.local/lib/python3.10/site-packages/airflow/example_dags/subdags/subdag.py
[2024-02-06T21:55:36.088+0100] {processor.py:830} INFO - Processing file /home/ubuntu/.local/lib/python3.10/site-packages/airflow/example_dags/subdags/subdag.py for tasks to queue
[2024-02-06T21:55:36.089+0100] {logging_mixin.py:188} INFO - [2024-02-06T21:55:36.088+0100] {dagbag.py:538} INFO - Filling up the DagBag from /home/ubuntu/.local/lib/python3.10/site-packages/airflow/example_dags/subdags/subdag.py
[2024-02-06T21:55:36.095+0100] {processor.py:842} WARNING - No viable dags retrieved from /home/ubuntu/.local/lib/python3.10/site-packages/airflow/example_dags/subdags/subdag.py
[2024-02-06T21:55:36.118+0100] {processor.py:183} INFO - Processing /home/ubuntu/.local/lib/python3.10/site-packages/airflow/example_dags/subdags/subdag.py took 0.040 seconds
[2024-02-06T21:56:27.652+0100] {processor.py:161} INFO - Started process (PID=32363) to work on /home/ubuntu/.local/lib/python3.10/site-packages/airflow/example_dags/subdags/subdag.py
[2024-02-06T21:56:27.655+0100] {processor.py:830} INFO - Processing file /home/ubuntu/.local/lib/python3.10/site-packages/airflow/example_dags/subdags/subdag.py for tasks to queue
[2024-02-06T21:56:27.659+0100] {logging_mixin.py:188} INFO - [2024-02-06T21:56:27.658+0100] {dagbag.py:538} INFO - Filling up the DagBag from /home/ubuntu/.local/lib/python3.10/site-packages/airflow/example_dags/subdags/subdag.py
[2024-02-06T21:56:27.668+0100] {processor.py:842} WARNING - No viable dags retrieved from /home/ubuntu/.local/lib/python3.10/site-packages/airflow/example_dags/subdags/subdag.py
[2024-02-06T21:56:27.719+0100] {processor.py:183} INFO - Processing /home/ubuntu/.local/lib/python3.10/site-packages/airflow/example_dags/subdags/subdag.py took 0.080 seconds
[2024-02-06T21:56:57.136+0100] {processor.py:161} INFO - Started process (PID=32611) to work on /home/ubuntu/.local/lib/python3.10/site-packages/airflow/example_dags/subdags/subdag.py
[2024-02-06T21:56:57.139+0100] {processor.py:830} INFO - Processing file /home/ubuntu/.local/lib/python3.10/site-packages/airflow/example_dags/subdags/subdag.py for tasks to queue
[2024-02-06T21:56:57.142+0100] {logging_mixin.py:188} INFO - [2024-02-06T21:56:57.141+0100] {dagbag.py:538} INFO - Filling up the DagBag from /home/ubuntu/.local/lib/python3.10/site-packages/airflow/example_dags/subdags/subdag.py
[2024-02-06T21:56:57.148+0100] {processor.py:842} WARNING - No viable dags retrieved from /home/ubuntu/.local/lib/python3.10/site-packages/airflow/example_dags/subdags/subdag.py
[2024-02-06T21:56:57.174+0100] {processor.py:183} INFO - Processing /home/ubuntu/.local/lib/python3.10/site-packages/airflow/example_dags/subdags/subdag.py took 0.044 seconds
[2024-02-06T21:57:17.326+0100] {processor.py:161} INFO - Started process (PID=32706) to work on /home/ubuntu/.local/lib/python3.10/site-packages/airflow/example_dags/subdags/subdag.py
[2024-02-06T21:57:17.332+0100] {processor.py:830} INFO - Processing file /home/ubuntu/.local/lib/python3.10/site-packages/airflow/example_dags/subdags/subdag.py for tasks to queue
[2024-02-06T21:57:17.334+0100] {logging_mixin.py:188} INFO - [2024-02-06T21:57:17.333+0100] {dagbag.py:538} INFO - Filling up the DagBag from /home/ubuntu/.local/lib/python3.10/site-packages/airflow/example_dags/subdags/subdag.py
[2024-02-06T21:57:17.338+0100] {processor.py:842} WARNING - No viable dags retrieved from /home/ubuntu/.local/lib/python3.10/site-packages/airflow/example_dags/subdags/subdag.py
[2024-02-06T21:57:17.383+0100] {processor.py:183} INFO - Processing /home/ubuntu/.local/lib/python3.10/site-packages/airflow/example_dags/subdags/subdag.py took 0.071 seconds
[2024-02-06T21:57:38.064+0100] {processor.py:161} INFO - Started process (PID=32912) to work on /home/ubuntu/.local/lib/python3.10/site-packages/airflow/example_dags/subdags/subdag.py
[2024-02-06T21:57:38.066+0100] {processor.py:830} INFO - Processing file /home/ubuntu/.local/lib/python3.10/site-packages/airflow/example_dags/subdags/subdag.py for tasks to queue
[2024-02-06T21:57:38.068+0100] {logging_mixin.py:188} INFO - [2024-02-06T21:57:38.067+0100] {dagbag.py:538} INFO - Filling up the DagBag from /home/ubuntu/.local/lib/python3.10/site-packages/airflow/example_dags/subdags/subdag.py
[2024-02-06T21:57:38.073+0100] {processor.py:842} WARNING - No viable dags retrieved from /home/ubuntu/.local/lib/python3.10/site-packages/airflow/example_dags/subdags/subdag.py
[2024-02-06T21:57:38.096+0100] {processor.py:183} INFO - Processing /home/ubuntu/.local/lib/python3.10/site-packages/airflow/example_dags/subdags/subdag.py took 0.043 seconds
[2024-02-06T21:58:28.245+0100] {processor.py:161} INFO - Started process (PID=33470) to work on /home/ubuntu/.local/lib/python3.10/site-packages/airflow/example_dags/subdags/subdag.py
[2024-02-06T21:58:28.250+0100] {processor.py:830} INFO - Processing file /home/ubuntu/.local/lib/python3.10/site-packages/airflow/example_dags/subdags/subdag.py for tasks to queue
[2024-02-06T21:58:28.252+0100] {logging_mixin.py:188} INFO - [2024-02-06T21:58:28.252+0100] {dagbag.py:538} INFO - Filling up the DagBag from /home/ubuntu/.local/lib/python3.10/site-packages/airflow/example_dags/subdags/subdag.py
[2024-02-06T21:58:28.259+0100] {processor.py:842} WARNING - No viable dags retrieved from /home/ubuntu/.local/lib/python3.10/site-packages/airflow/example_dags/subdags/subdag.py
[2024-02-06T21:58:28.281+0100] {processor.py:183} INFO - Processing /home/ubuntu/.local/lib/python3.10/site-packages/airflow/example_dags/subdags/subdag.py took 0.042 seconds
[2024-02-06T21:58:45.410+0100] {processor.py:161} INFO - Started process (PID=33570) to work on /home/ubuntu/.local/lib/python3.10/site-packages/airflow/example_dags/subdags/subdag.py
[2024-02-06T21:58:45.420+0100] {processor.py:830} INFO - Processing file /home/ubuntu/.local/lib/python3.10/site-packages/airflow/example_dags/subdags/subdag.py for tasks to queue
[2024-02-06T21:58:45.427+0100] {logging_mixin.py:188} INFO - [2024-02-06T21:58:45.423+0100] {dagbag.py:538} INFO - Filling up the DagBag from /home/ubuntu/.local/lib/python3.10/site-packages/airflow/example_dags/subdags/subdag.py
[2024-02-06T21:58:45.457+0100] {processor.py:842} WARNING - No viable dags retrieved from /home/ubuntu/.local/lib/python3.10/site-packages/airflow/example_dags/subdags/subdag.py
[2024-02-06T21:58:45.489+0100] {processor.py:183} INFO - Processing /home/ubuntu/.local/lib/python3.10/site-packages/airflow/example_dags/subdags/subdag.py took 0.085 seconds
[2024-02-06T21:59:26.579+0100] {processor.py:161} INFO - Started process (PID=34020) to work on /home/ubuntu/.local/lib/python3.10/site-packages/airflow/example_dags/subdags/subdag.py
[2024-02-06T21:59:26.583+0100] {processor.py:830} INFO - Processing file /home/ubuntu/.local/lib/python3.10/site-packages/airflow/example_dags/subdags/subdag.py for tasks to queue
[2024-02-06T21:59:26.586+0100] {logging_mixin.py:188} INFO - [2024-02-06T21:59:26.584+0100] {dagbag.py:538} INFO - Filling up the DagBag from /home/ubuntu/.local/lib/python3.10/site-packages/airflow/example_dags/subdags/subdag.py
[2024-02-06T21:59:26.616+0100] {processor.py:842} WARNING - No viable dags retrieved from /home/ubuntu/.local/lib/python3.10/site-packages/airflow/example_dags/subdags/subdag.py
[2024-02-06T21:59:26.711+0100] {processor.py:183} INFO - Processing /home/ubuntu/.local/lib/python3.10/site-packages/airflow/example_dags/subdags/subdag.py took 0.165 seconds
[2024-02-06T22:00:11.224+0100] {processor.py:161} INFO - Started process (PID=34424) to work on /home/ubuntu/.local/lib/python3.10/site-packages/airflow/example_dags/subdags/subdag.py
[2024-02-06T22:00:11.236+0100] {processor.py:830} INFO - Processing file /home/ubuntu/.local/lib/python3.10/site-packages/airflow/example_dags/subdags/subdag.py for tasks to queue
[2024-02-06T22:00:11.237+0100] {logging_mixin.py:188} INFO - [2024-02-06T22:00:11.236+0100] {dagbag.py:538} INFO - Filling up the DagBag from /home/ubuntu/.local/lib/python3.10/site-packages/airflow/example_dags/subdags/subdag.py
[2024-02-06T22:00:11.241+0100] {processor.py:842} WARNING - No viable dags retrieved from /home/ubuntu/.local/lib/python3.10/site-packages/airflow/example_dags/subdags/subdag.py
[2024-02-06T22:00:11.269+0100] {processor.py:183} INFO - Processing /home/ubuntu/.local/lib/python3.10/site-packages/airflow/example_dags/subdags/subdag.py took 0.054 seconds
[2024-02-06T22:00:22.673+0100] {processor.py:161} INFO - Started process (PID=34555) to work on /home/ubuntu/.local/lib/python3.10/site-packages/airflow/example_dags/subdags/subdag.py
[2024-02-06T22:00:22.677+0100] {processor.py:830} INFO - Processing file /home/ubuntu/.local/lib/python3.10/site-packages/airflow/example_dags/subdags/subdag.py for tasks to queue
[2024-02-06T22:00:22.681+0100] {logging_mixin.py:188} INFO - [2024-02-06T22:00:22.679+0100] {dagbag.py:538} INFO - Filling up the DagBag from /home/ubuntu/.local/lib/python3.10/site-packages/airflow/example_dags/subdags/subdag.py
[2024-02-06T22:00:22.686+0100] {processor.py:842} WARNING - No viable dags retrieved from /home/ubuntu/.local/lib/python3.10/site-packages/airflow/example_dags/subdags/subdag.py
[2024-02-06T22:00:22.710+0100] {processor.py:183} INFO - Processing /home/ubuntu/.local/lib/python3.10/site-packages/airflow/example_dags/subdags/subdag.py took 0.047 seconds
[2024-02-06T22:01:06.328+0100] {processor.py:161} INFO - Started process (PID=34835) to work on /home/ubuntu/.local/lib/python3.10/site-packages/airflow/example_dags/subdags/subdag.py
[2024-02-06T22:01:06.345+0100] {processor.py:830} INFO - Processing file /home/ubuntu/.local/lib/python3.10/site-packages/airflow/example_dags/subdags/subdag.py for tasks to queue
[2024-02-06T22:01:06.346+0100] {logging_mixin.py:188} INFO - [2024-02-06T22:01:06.346+0100] {dagbag.py:538} INFO - Filling up the DagBag from /home/ubuntu/.local/lib/python3.10/site-packages/airflow/example_dags/subdags/subdag.py
[2024-02-06T22:01:06.353+0100] {processor.py:842} WARNING - No viable dags retrieved from /home/ubuntu/.local/lib/python3.10/site-packages/airflow/example_dags/subdags/subdag.py
[2024-02-06T22:01:06.373+0100] {processor.py:183} INFO - Processing /home/ubuntu/.local/lib/python3.10/site-packages/airflow/example_dags/subdags/subdag.py took 0.054 seconds
[2024-02-06T22:01:10.312+0100] {processor.py:161} INFO - Started process (PID=34847) to work on /home/ubuntu/.local/lib/python3.10/site-packages/airflow/example_dags/subdags/subdag.py
[2024-02-06T22:01:10.315+0100] {processor.py:830} INFO - Processing file /home/ubuntu/.local/lib/python3.10/site-packages/airflow/example_dags/subdags/subdag.py for tasks to queue
[2024-02-06T22:01:10.318+0100] {logging_mixin.py:188} INFO - [2024-02-06T22:01:10.317+0100] {dagbag.py:538} INFO - Filling up the DagBag from /home/ubuntu/.local/lib/python3.10/site-packages/airflow/example_dags/subdags/subdag.py
[2024-02-06T22:01:10.324+0100] {processor.py:842} WARNING - No viable dags retrieved from /home/ubuntu/.local/lib/python3.10/site-packages/airflow/example_dags/subdags/subdag.py
[2024-02-06T22:01:10.352+0100] {processor.py:183} INFO - Processing /home/ubuntu/.local/lib/python3.10/site-packages/airflow/example_dags/subdags/subdag.py took 0.054 seconds
[2024-02-06T22:01:49.887+0100] {processor.py:161} INFO - Started process (PID=35092) to work on /home/ubuntu/.local/lib/python3.10/site-packages/airflow/example_dags/subdags/subdag.py
[2024-02-06T22:01:49.892+0100] {processor.py:830} INFO - Processing file /home/ubuntu/.local/lib/python3.10/site-packages/airflow/example_dags/subdags/subdag.py for tasks to queue
[2024-02-06T22:01:49.894+0100] {logging_mixin.py:188} INFO - [2024-02-06T22:01:49.893+0100] {dagbag.py:538} INFO - Filling up the DagBag from /home/ubuntu/.local/lib/python3.10/site-packages/airflow/example_dags/subdags/subdag.py
[2024-02-06T22:01:49.898+0100] {processor.py:842} WARNING - No viable dags retrieved from /home/ubuntu/.local/lib/python3.10/site-packages/airflow/example_dags/subdags/subdag.py
[2024-02-06T22:01:49.920+0100] {processor.py:183} INFO - Processing /home/ubuntu/.local/lib/python3.10/site-packages/airflow/example_dags/subdags/subdag.py took 0.039 seconds
[2024-02-06T22:01:50.771+0100] {processor.py:161} INFO - Started process (PID=35112) to work on /home/ubuntu/.local/lib/python3.10/site-packages/airflow/example_dags/subdags/subdag.py
[2024-02-06T22:01:50.775+0100] {processor.py:830} INFO - Processing file /home/ubuntu/.local/lib/python3.10/site-packages/airflow/example_dags/subdags/subdag.py for tasks to queue
[2024-02-06T22:01:50.778+0100] {logging_mixin.py:188} INFO - [2024-02-06T22:01:50.776+0100] {dagbag.py:538} INFO - Filling up the DagBag from /home/ubuntu/.local/lib/python3.10/site-packages/airflow/example_dags/subdags/subdag.py
[2024-02-06T22:01:50.785+0100] {processor.py:842} WARNING - No viable dags retrieved from /home/ubuntu/.local/lib/python3.10/site-packages/airflow/example_dags/subdags/subdag.py
[2024-02-06T22:01:50.813+0100] {processor.py:183} INFO - Processing /home/ubuntu/.local/lib/python3.10/site-packages/airflow/example_dags/subdags/subdag.py took 0.052 seconds
[2024-02-06T22:02:35.450+0100] {processor.py:161} INFO - Started process (PID=35545) to work on /home/ubuntu/.local/lib/python3.10/site-packages/airflow/example_dags/subdags/subdag.py
[2024-02-06T22:02:35.462+0100] {processor.py:830} INFO - Processing file /home/ubuntu/.local/lib/python3.10/site-packages/airflow/example_dags/subdags/subdag.py for tasks to queue
[2024-02-06T22:02:35.465+0100] {logging_mixin.py:188} INFO - [2024-02-06T22:02:35.464+0100] {dagbag.py:538} INFO - Filling up the DagBag from /home/ubuntu/.local/lib/python3.10/site-packages/airflow/example_dags/subdags/subdag.py
[2024-02-06T22:02:35.473+0100] {processor.py:842} WARNING - No viable dags retrieved from /home/ubuntu/.local/lib/python3.10/site-packages/airflow/example_dags/subdags/subdag.py
[2024-02-06T22:02:35.509+0100] {processor.py:183} INFO - Processing /home/ubuntu/.local/lib/python3.10/site-packages/airflow/example_dags/subdags/subdag.py took 0.067 seconds
[2024-02-06T22:02:36.005+0100] {processor.py:161} INFO - Started process (PID=35546) to work on /home/ubuntu/.local/lib/python3.10/site-packages/airflow/example_dags/subdags/subdag.py
[2024-02-06T22:02:36.007+0100] {processor.py:830} INFO - Processing file /home/ubuntu/.local/lib/python3.10/site-packages/airflow/example_dags/subdags/subdag.py for tasks to queue
[2024-02-06T22:02:36.009+0100] {logging_mixin.py:188} INFO - [2024-02-06T22:02:36.008+0100] {dagbag.py:538} INFO - Filling up the DagBag from /home/ubuntu/.local/lib/python3.10/site-packages/airflow/example_dags/subdags/subdag.py
[2024-02-06T22:02:36.013+0100] {processor.py:842} WARNING - No viable dags retrieved from /home/ubuntu/.local/lib/python3.10/site-packages/airflow/example_dags/subdags/subdag.py
[2024-02-06T22:02:36.033+0100] {processor.py:183} INFO - Processing /home/ubuntu/.local/lib/python3.10/site-packages/airflow/example_dags/subdags/subdag.py took 0.034 seconds
[2024-02-06T22:03:25.490+0100] {processor.py:161} INFO - Started process (PID=36018) to work on /home/ubuntu/.local/lib/python3.10/site-packages/airflow/example_dags/subdags/subdag.py
[2024-02-06T22:03:25.494+0100] {processor.py:830} INFO - Processing file /home/ubuntu/.local/lib/python3.10/site-packages/airflow/example_dags/subdags/subdag.py for tasks to queue
[2024-02-06T22:03:25.498+0100] {logging_mixin.py:188} INFO - [2024-02-06T22:03:25.497+0100] {dagbag.py:538} INFO - Filling up the DagBag from /home/ubuntu/.local/lib/python3.10/site-packages/airflow/example_dags/subdags/subdag.py
[2024-02-06T22:03:25.503+0100] {processor.py:842} WARNING - No viable dags retrieved from /home/ubuntu/.local/lib/python3.10/site-packages/airflow/example_dags/subdags/subdag.py
[2024-02-06T22:03:25.531+0100] {processor.py:183} INFO - Processing /home/ubuntu/.local/lib/python3.10/site-packages/airflow/example_dags/subdags/subdag.py took 0.049 seconds
[2024-02-06T22:03:26.242+0100] {processor.py:161} INFO - Started process (PID=36019) to work on /home/ubuntu/.local/lib/python3.10/site-packages/airflow/example_dags/subdags/subdag.py
[2024-02-06T22:03:26.244+0100] {processor.py:830} INFO - Processing file /home/ubuntu/.local/lib/python3.10/site-packages/airflow/example_dags/subdags/subdag.py for tasks to queue
[2024-02-06T22:03:26.245+0100] {logging_mixin.py:188} INFO - [2024-02-06T22:03:26.245+0100] {dagbag.py:538} INFO - Filling up the DagBag from /home/ubuntu/.local/lib/python3.10/site-packages/airflow/example_dags/subdags/subdag.py
[2024-02-06T22:03:26.250+0100] {processor.py:842} WARNING - No viable dags retrieved from /home/ubuntu/.local/lib/python3.10/site-packages/airflow/example_dags/subdags/subdag.py
[2024-02-06T22:03:26.266+0100] {processor.py:183} INFO - Processing /home/ubuntu/.local/lib/python3.10/site-packages/airflow/example_dags/subdags/subdag.py took 0.029 seconds
[2024-02-06T22:04:20.518+0100] {processor.py:161} INFO - Started process (PID=36698) to work on /home/ubuntu/.local/lib/python3.10/site-packages/airflow/example_dags/subdags/subdag.py
[2024-02-06T22:04:20.530+0100] {processor.py:830} INFO - Processing file /home/ubuntu/.local/lib/python3.10/site-packages/airflow/example_dags/subdags/subdag.py for tasks to queue
[2024-02-06T22:04:20.532+0100] {logging_mixin.py:188} INFO - [2024-02-06T22:04:20.531+0100] {dagbag.py:538} INFO - Filling up the DagBag from /home/ubuntu/.local/lib/python3.10/site-packages/airflow/example_dags/subdags/subdag.py
[2024-02-06T22:04:20.537+0100] {processor.py:842} WARNING - No viable dags retrieved from /home/ubuntu/.local/lib/python3.10/site-packages/airflow/example_dags/subdags/subdag.py
[2024-02-06T22:04:20.562+0100] {processor.py:183} INFO - Processing /home/ubuntu/.local/lib/python3.10/site-packages/airflow/example_dags/subdags/subdag.py took 0.057 seconds
[2024-02-06T22:05:42.603+0100] {processor.py:161} INFO - Started process (PID=37031) to work on /home/ubuntu/.local/lib/python3.10/site-packages/airflow/example_dags/subdags/subdag.py
[2024-02-06T22:05:42.607+0100] {processor.py:830} INFO - Processing file /home/ubuntu/.local/lib/python3.10/site-packages/airflow/example_dags/subdags/subdag.py for tasks to queue
[2024-02-06T22:05:42.609+0100] {logging_mixin.py:188} INFO - [2024-02-06T22:05:42.608+0100] {dagbag.py:538} INFO - Filling up the DagBag from /home/ubuntu/.local/lib/python3.10/site-packages/airflow/example_dags/subdags/subdag.py
[2024-02-06T22:05:42.616+0100] {processor.py:842} WARNING - No viable dags retrieved from /home/ubuntu/.local/lib/python3.10/site-packages/airflow/example_dags/subdags/subdag.py
[2024-02-06T22:05:42.676+0100] {processor.py:183} INFO - Processing /home/ubuntu/.local/lib/python3.10/site-packages/airflow/example_dags/subdags/subdag.py took 0.084 seconds
[2024-02-06T22:07:12.505+0100] {processor.py:161} INFO - Started process (PID=37970) to work on /home/ubuntu/.local/lib/python3.10/site-packages/airflow/example_dags/subdags/subdag.py
[2024-02-06T22:07:12.508+0100] {processor.py:830} INFO - Processing file /home/ubuntu/.local/lib/python3.10/site-packages/airflow/example_dags/subdags/subdag.py for tasks to queue
[2024-02-06T22:07:12.510+0100] {logging_mixin.py:188} INFO - [2024-02-06T22:07:12.509+0100] {dagbag.py:538} INFO - Filling up the DagBag from /home/ubuntu/.local/lib/python3.10/site-packages/airflow/example_dags/subdags/subdag.py
[2024-02-06T22:07:12.514+0100] {processor.py:842} WARNING - No viable dags retrieved from /home/ubuntu/.local/lib/python3.10/site-packages/airflow/example_dags/subdags/subdag.py
[2024-02-06T22:07:12.534+0100] {processor.py:183} INFO - Processing /home/ubuntu/.local/lib/python3.10/site-packages/airflow/example_dags/subdags/subdag.py took 0.035 seconds
[2024-02-06T22:10:18.151+0100] {processor.py:161} INFO - Started process (PID=38833) to work on /home/ubuntu/.local/lib/python3.10/site-packages/airflow/example_dags/subdags/subdag.py
[2024-02-06T22:10:18.161+0100] {processor.py:830} INFO - Processing file /home/ubuntu/.local/lib/python3.10/site-packages/airflow/example_dags/subdags/subdag.py for tasks to queue
[2024-02-06T22:10:18.164+0100] {logging_mixin.py:188} INFO - [2024-02-06T22:10:18.163+0100] {dagbag.py:538} INFO - Filling up the DagBag from /home/ubuntu/.local/lib/python3.10/site-packages/airflow/example_dags/subdags/subdag.py
[2024-02-06T22:10:18.187+0100] {processor.py:842} WARNING - No viable dags retrieved from /home/ubuntu/.local/lib/python3.10/site-packages/airflow/example_dags/subdags/subdag.py
[2024-02-06T22:10:18.240+0100] {processor.py:183} INFO - Processing /home/ubuntu/.local/lib/python3.10/site-packages/airflow/example_dags/subdags/subdag.py took 0.113 seconds
[2024-02-06T22:12:44.293+0100] {processor.py:161} INFO - Started process (PID=39752) to work on /home/ubuntu/.local/lib/python3.10/site-packages/airflow/example_dags/subdags/subdag.py
[2024-02-06T22:12:44.315+0100] {processor.py:830} INFO - Processing file /home/ubuntu/.local/lib/python3.10/site-packages/airflow/example_dags/subdags/subdag.py for tasks to queue
[2024-02-06T22:12:44.323+0100] {logging_mixin.py:188} INFO - [2024-02-06T22:12:44.316+0100] {dagbag.py:538} INFO - Filling up the DagBag from /home/ubuntu/.local/lib/python3.10/site-packages/airflow/example_dags/subdags/subdag.py
[2024-02-06T22:12:44.330+0100] {processor.py:842} WARNING - No viable dags retrieved from /home/ubuntu/.local/lib/python3.10/site-packages/airflow/example_dags/subdags/subdag.py
[2024-02-06T22:12:44.368+0100] {processor.py:183} INFO - Processing /home/ubuntu/.local/lib/python3.10/site-packages/airflow/example_dags/subdags/subdag.py took 0.084 seconds
[2024-02-06T22:14:06.565+0100] {processor.py:161} INFO - Started process (PID=40626) to work on /home/ubuntu/.local/lib/python3.10/site-packages/airflow/example_dags/subdags/subdag.py
[2024-02-06T22:14:06.568+0100] {processor.py:830} INFO - Processing file /home/ubuntu/.local/lib/python3.10/site-packages/airflow/example_dags/subdags/subdag.py for tasks to queue
[2024-02-06T22:14:06.570+0100] {logging_mixin.py:188} INFO - [2024-02-06T22:14:06.569+0100] {dagbag.py:538} INFO - Filling up the DagBag from /home/ubuntu/.local/lib/python3.10/site-packages/airflow/example_dags/subdags/subdag.py
[2024-02-06T22:14:06.583+0100] {processor.py:842} WARNING - No viable dags retrieved from /home/ubuntu/.local/lib/python3.10/site-packages/airflow/example_dags/subdags/subdag.py
[2024-02-06T22:14:06.608+0100] {processor.py:183} INFO - Processing /home/ubuntu/.local/lib/python3.10/site-packages/airflow/example_dags/subdags/subdag.py took 0.058 seconds
[2024-02-06T22:15:06.935+0100] {processor.py:161} INFO - Started process (PID=41294) to work on /home/ubuntu/.local/lib/python3.10/site-packages/airflow/example_dags/subdags/subdag.py
[2024-02-06T22:15:06.943+0100] {processor.py:830} INFO - Processing file /home/ubuntu/.local/lib/python3.10/site-packages/airflow/example_dags/subdags/subdag.py for tasks to queue
[2024-02-06T22:15:06.946+0100] {logging_mixin.py:188} INFO - [2024-02-06T22:15:06.945+0100] {dagbag.py:538} INFO - Filling up the DagBag from /home/ubuntu/.local/lib/python3.10/site-packages/airflow/example_dags/subdags/subdag.py
[2024-02-06T22:15:06.952+0100] {processor.py:842} WARNING - No viable dags retrieved from /home/ubuntu/.local/lib/python3.10/site-packages/airflow/example_dags/subdags/subdag.py
[2024-02-06T22:15:06.992+0100] {processor.py:183} INFO - Processing /home/ubuntu/.local/lib/python3.10/site-packages/airflow/example_dags/subdags/subdag.py took 0.064 seconds
[2024-02-06T22:15:58.479+0100] {processor.py:161} INFO - Started process (PID=41703) to work on /home/ubuntu/.local/lib/python3.10/site-packages/airflow/example_dags/subdags/subdag.py
[2024-02-06T22:15:58.483+0100] {processor.py:830} INFO - Processing file /home/ubuntu/.local/lib/python3.10/site-packages/airflow/example_dags/subdags/subdag.py for tasks to queue
[2024-02-06T22:15:58.486+0100] {logging_mixin.py:188} INFO - [2024-02-06T22:15:58.485+0100] {dagbag.py:538} INFO - Filling up the DagBag from /home/ubuntu/.local/lib/python3.10/site-packages/airflow/example_dags/subdags/subdag.py
[2024-02-06T22:15:58.490+0100] {processor.py:842} WARNING - No viable dags retrieved from /home/ubuntu/.local/lib/python3.10/site-packages/airflow/example_dags/subdags/subdag.py
[2024-02-06T22:15:58.541+0100] {processor.py:183} INFO - Processing /home/ubuntu/.local/lib/python3.10/site-packages/airflow/example_dags/subdags/subdag.py took 0.071 seconds
[2024-02-06T22:17:40.351+0100] {processor.py:161} INFO - Started process (PID=42910) to work on /home/ubuntu/.local/lib/python3.10/site-packages/airflow/example_dags/subdags/subdag.py
[2024-02-06T22:17:40.371+0100] {processor.py:830} INFO - Processing file /home/ubuntu/.local/lib/python3.10/site-packages/airflow/example_dags/subdags/subdag.py for tasks to queue
[2024-02-06T22:17:40.373+0100] {logging_mixin.py:188} INFO - [2024-02-06T22:17:40.372+0100] {dagbag.py:538} INFO - Filling up the DagBag from /home/ubuntu/.local/lib/python3.10/site-packages/airflow/example_dags/subdags/subdag.py
[2024-02-06T22:17:40.383+0100] {processor.py:842} WARNING - No viable dags retrieved from /home/ubuntu/.local/lib/python3.10/site-packages/airflow/example_dags/subdags/subdag.py
[2024-02-06T22:17:40.436+0100] {processor.py:183} INFO - Processing /home/ubuntu/.local/lib/python3.10/site-packages/airflow/example_dags/subdags/subdag.py took 0.093 seconds
[2024-02-06T22:18:57.472+0100] {processor.py:161} INFO - Started process (PID=43825) to work on /home/ubuntu/.local/lib/python3.10/site-packages/airflow/example_dags/subdags/subdag.py
[2024-02-06T22:18:57.476+0100] {processor.py:830} INFO - Processing file /home/ubuntu/.local/lib/python3.10/site-packages/airflow/example_dags/subdags/subdag.py for tasks to queue
[2024-02-06T22:18:57.478+0100] {logging_mixin.py:188} INFO - [2024-02-06T22:18:57.477+0100] {dagbag.py:538} INFO - Filling up the DagBag from /home/ubuntu/.local/lib/python3.10/site-packages/airflow/example_dags/subdags/subdag.py
[2024-02-06T22:18:57.488+0100] {processor.py:842} WARNING - No viable dags retrieved from /home/ubuntu/.local/lib/python3.10/site-packages/airflow/example_dags/subdags/subdag.py
[2024-02-06T22:18:57.514+0100] {processor.py:183} INFO - Processing /home/ubuntu/.local/lib/python3.10/site-packages/airflow/example_dags/subdags/subdag.py took 0.062 seconds
[2024-02-06T22:20:10.634+0100] {processor.py:161} INFO - Started process (PID=44705) to work on /home/ubuntu/.local/lib/python3.10/site-packages/airflow/example_dags/subdags/subdag.py
[2024-02-06T22:20:10.654+0100] {processor.py:830} INFO - Processing file /home/ubuntu/.local/lib/python3.10/site-packages/airflow/example_dags/subdags/subdag.py for tasks to queue
[2024-02-06T22:20:10.663+0100] {logging_mixin.py:188} INFO - [2024-02-06T22:20:10.662+0100] {dagbag.py:538} INFO - Filling up the DagBag from /home/ubuntu/.local/lib/python3.10/site-packages/airflow/example_dags/subdags/subdag.py
[2024-02-06T22:20:10.709+0100] {processor.py:842} WARNING - No viable dags retrieved from /home/ubuntu/.local/lib/python3.10/site-packages/airflow/example_dags/subdags/subdag.py
[2024-02-06T22:20:10.785+0100] {processor.py:183} INFO - Processing /home/ubuntu/.local/lib/python3.10/site-packages/airflow/example_dags/subdags/subdag.py took 0.175 seconds
[2024-02-06T22:22:23.871+0100] {processor.py:161} INFO - Started process (PID=46499) to work on /home/ubuntu/.local/lib/python3.10/site-packages/airflow/example_dags/subdags/subdag.py
[2024-02-06T22:22:23.876+0100] {processor.py:830} INFO - Processing file /home/ubuntu/.local/lib/python3.10/site-packages/airflow/example_dags/subdags/subdag.py for tasks to queue
[2024-02-06T22:22:23.879+0100] {logging_mixin.py:188} INFO - [2024-02-06T22:22:23.877+0100] {dagbag.py:538} INFO - Filling up the DagBag from /home/ubuntu/.local/lib/python3.10/site-packages/airflow/example_dags/subdags/subdag.py
[2024-02-06T22:22:23.887+0100] {processor.py:842} WARNING - No viable dags retrieved from /home/ubuntu/.local/lib/python3.10/site-packages/airflow/example_dags/subdags/subdag.py
[2024-02-06T22:22:23.947+0100] {processor.py:183} INFO - Processing /home/ubuntu/.local/lib/python3.10/site-packages/airflow/example_dags/subdags/subdag.py took 0.125 seconds
[2024-02-06T22:23:54.663+0100] {processor.py:161} INFO - Started process (PID=47656) to work on /home/ubuntu/.local/lib/python3.10/site-packages/airflow/example_dags/subdags/subdag.py
[2024-02-06T22:23:54.689+0100] {processor.py:830} INFO - Processing file /home/ubuntu/.local/lib/python3.10/site-packages/airflow/example_dags/subdags/subdag.py for tasks to queue
[2024-02-06T22:23:54.699+0100] {logging_mixin.py:188} INFO - [2024-02-06T22:23:54.698+0100] {dagbag.py:538} INFO - Filling up the DagBag from /home/ubuntu/.local/lib/python3.10/site-packages/airflow/example_dags/subdags/subdag.py
[2024-02-06T22:23:54.729+0100] {processor.py:842} WARNING - No viable dags retrieved from /home/ubuntu/.local/lib/python3.10/site-packages/airflow/example_dags/subdags/subdag.py
[2024-02-06T22:23:54.773+0100] {processor.py:183} INFO - Processing /home/ubuntu/.local/lib/python3.10/site-packages/airflow/example_dags/subdags/subdag.py took 0.139 seconds
[2024-02-06T22:25:40.602+0100] {processor.py:161} INFO - Started process (PID=48978) to work on /home/ubuntu/.local/lib/python3.10/site-packages/airflow/example_dags/subdags/subdag.py
[2024-02-06T22:25:40.609+0100] {processor.py:830} INFO - Processing file /home/ubuntu/.local/lib/python3.10/site-packages/airflow/example_dags/subdags/subdag.py for tasks to queue
[2024-02-06T22:25:40.612+0100] {logging_mixin.py:188} INFO - [2024-02-06T22:25:40.611+0100] {dagbag.py:538} INFO - Filling up the DagBag from /home/ubuntu/.local/lib/python3.10/site-packages/airflow/example_dags/subdags/subdag.py
[2024-02-06T22:25:40.617+0100] {processor.py:842} WARNING - No viable dags retrieved from /home/ubuntu/.local/lib/python3.10/site-packages/airflow/example_dags/subdags/subdag.py
[2024-02-06T22:25:40.643+0100] {processor.py:183} INFO - Processing /home/ubuntu/.local/lib/python3.10/site-packages/airflow/example_dags/subdags/subdag.py took 0.051 seconds
[2024-02-06T22:27:33.032+0100] {processor.py:161} INFO - Started process (PID=49839) to work on /home/ubuntu/.local/lib/python3.10/site-packages/airflow/example_dags/subdags/subdag.py
[2024-02-06T22:27:33.052+0100] {processor.py:830} INFO - Processing file /home/ubuntu/.local/lib/python3.10/site-packages/airflow/example_dags/subdags/subdag.py for tasks to queue
[2024-02-06T22:27:33.058+0100] {logging_mixin.py:188} INFO - [2024-02-06T22:27:33.056+0100] {dagbag.py:538} INFO - Filling up the DagBag from /home/ubuntu/.local/lib/python3.10/site-packages/airflow/example_dags/subdags/subdag.py
[2024-02-06T22:27:33.084+0100] {processor.py:842} WARNING - No viable dags retrieved from /home/ubuntu/.local/lib/python3.10/site-packages/airflow/example_dags/subdags/subdag.py
[2024-02-06T22:27:33.164+0100] {processor.py:183} INFO - Processing /home/ubuntu/.local/lib/python3.10/site-packages/airflow/example_dags/subdags/subdag.py took 0.178 seconds
[2024-02-06T22:31:15.287+0100] {processor.py:161} INFO - Started process (PID=52586) to work on /home/ubuntu/.local/lib/python3.10/site-packages/airflow/example_dags/subdags/subdag.py
[2024-02-06T22:31:15.293+0100] {processor.py:830} INFO - Processing file /home/ubuntu/.local/lib/python3.10/site-packages/airflow/example_dags/subdags/subdag.py for tasks to queue
[2024-02-06T22:31:15.296+0100] {logging_mixin.py:188} INFO - [2024-02-06T22:31:15.295+0100] {dagbag.py:538} INFO - Filling up the DagBag from /home/ubuntu/.local/lib/python3.10/site-packages/airflow/example_dags/subdags/subdag.py
[2024-02-06T22:31:15.307+0100] {processor.py:842} WARNING - No viable dags retrieved from /home/ubuntu/.local/lib/python3.10/site-packages/airflow/example_dags/subdags/subdag.py
[2024-02-06T22:31:15.414+0100] {processor.py:183} INFO - Processing /home/ubuntu/.local/lib/python3.10/site-packages/airflow/example_dags/subdags/subdag.py took 0.235 seconds
[2024-02-06T22:33:42.589+0100] {processor.py:161} INFO - Started process (PID=54541) to work on /home/ubuntu/.local/lib/python3.10/site-packages/airflow/example_dags/subdags/subdag.py
[2024-02-06T22:33:42.619+0100] {processor.py:830} INFO - Processing file /home/ubuntu/.local/lib/python3.10/site-packages/airflow/example_dags/subdags/subdag.py for tasks to queue
[2024-02-06T22:33:42.626+0100] {logging_mixin.py:188} INFO - [2024-02-06T22:33:42.625+0100] {dagbag.py:538} INFO - Filling up the DagBag from /home/ubuntu/.local/lib/python3.10/site-packages/airflow/example_dags/subdags/subdag.py
[2024-02-06T22:33:42.661+0100] {processor.py:842} WARNING - No viable dags retrieved from /home/ubuntu/.local/lib/python3.10/site-packages/airflow/example_dags/subdags/subdag.py
[2024-02-06T22:33:42.687+0100] {processor.py:183} INFO - Processing /home/ubuntu/.local/lib/python3.10/site-packages/airflow/example_dags/subdags/subdag.py took 0.222 seconds
[2024-02-06T22:34:49.132+0100] {processor.py:161} INFO - Started process (PID=55352) to work on /home/ubuntu/.local/lib/python3.10/site-packages/airflow/example_dags/subdags/subdag.py
[2024-02-06T22:34:49.137+0100] {processor.py:830} INFO - Processing file /home/ubuntu/.local/lib/python3.10/site-packages/airflow/example_dags/subdags/subdag.py for tasks to queue
[2024-02-06T22:34:49.140+0100] {logging_mixin.py:188} INFO - [2024-02-06T22:34:49.139+0100] {dagbag.py:538} INFO - Filling up the DagBag from /home/ubuntu/.local/lib/python3.10/site-packages/airflow/example_dags/subdags/subdag.py
[2024-02-06T22:34:49.146+0100] {processor.py:842} WARNING - No viable dags retrieved from /home/ubuntu/.local/lib/python3.10/site-packages/airflow/example_dags/subdags/subdag.py
[2024-02-06T22:34:49.170+0100] {processor.py:183} INFO - Processing /home/ubuntu/.local/lib/python3.10/site-packages/airflow/example_dags/subdags/subdag.py took 0.055 seconds
[2024-02-06T23:13:30.504+0100] {processor.py:161} INFO - Started process (PID=63555) to work on /home/ubuntu/.local/lib/python3.10/site-packages/airflow/example_dags/subdags/subdag.py
[2024-02-06T23:13:30.511+0100] {processor.py:830} INFO - Processing file /home/ubuntu/.local/lib/python3.10/site-packages/airflow/example_dags/subdags/subdag.py for tasks to queue
[2024-02-06T23:13:30.521+0100] {logging_mixin.py:188} INFO - [2024-02-06T23:13:30.514+0100] {dagbag.py:538} INFO - Filling up the DagBag from /home/ubuntu/.local/lib/python3.10/site-packages/airflow/example_dags/subdags/subdag.py
[2024-02-06T23:13:30.547+0100] {processor.py:842} WARNING - No viable dags retrieved from /home/ubuntu/.local/lib/python3.10/site-packages/airflow/example_dags/subdags/subdag.py
[2024-02-06T23:13:30.729+0100] {processor.py:183} INFO - Processing /home/ubuntu/.local/lib/python3.10/site-packages/airflow/example_dags/subdags/subdag.py took 0.233 seconds
[2024-02-06T23:15:45.231+0100] {processor.py:161} INFO - Started process (PID=65090) to work on /home/ubuntu/.local/lib/python3.10/site-packages/airflow/example_dags/subdags/subdag.py
[2024-02-06T23:15:45.237+0100] {processor.py:830} INFO - Processing file /home/ubuntu/.local/lib/python3.10/site-packages/airflow/example_dags/subdags/subdag.py for tasks to queue
[2024-02-06T23:15:45.239+0100] {logging_mixin.py:188} INFO - [2024-02-06T23:15:45.238+0100] {dagbag.py:538} INFO - Filling up the DagBag from /home/ubuntu/.local/lib/python3.10/site-packages/airflow/example_dags/subdags/subdag.py
[2024-02-06T23:15:45.286+0100] {processor.py:842} WARNING - No viable dags retrieved from /home/ubuntu/.local/lib/python3.10/site-packages/airflow/example_dags/subdags/subdag.py
[2024-02-06T23:15:45.376+0100] {processor.py:183} INFO - Processing /home/ubuntu/.local/lib/python3.10/site-packages/airflow/example_dags/subdags/subdag.py took 0.151 seconds
[2024-02-06T23:26:55.064+0100] {processor.py:161} INFO - Started process (PID=71182) to work on /home/ubuntu/.local/lib/python3.10/site-packages/airflow/example_dags/subdags/subdag.py
[2024-02-06T23:26:55.091+0100] {processor.py:830} INFO - Processing file /home/ubuntu/.local/lib/python3.10/site-packages/airflow/example_dags/subdags/subdag.py for tasks to queue
[2024-02-06T23:26:55.110+0100] {logging_mixin.py:188} INFO - [2024-02-06T23:26:55.096+0100] {dagbag.py:538} INFO - Filling up the DagBag from /home/ubuntu/.local/lib/python3.10/site-packages/airflow/example_dags/subdags/subdag.py
[2024-02-06T23:26:55.121+0100] {processor.py:842} WARNING - No viable dags retrieved from /home/ubuntu/.local/lib/python3.10/site-packages/airflow/example_dags/subdags/subdag.py
[2024-02-06T23:26:55.165+0100] {processor.py:183} INFO - Processing /home/ubuntu/.local/lib/python3.10/site-packages/airflow/example_dags/subdags/subdag.py took 0.144 seconds
[2024-02-06T23:28:44.093+0100] {processor.py:161} INFO - Started process (PID=71861) to work on /home/ubuntu/.local/lib/python3.10/site-packages/airflow/example_dags/subdags/subdag.py
[2024-02-06T23:28:44.102+0100] {processor.py:830} INFO - Processing file /home/ubuntu/.local/lib/python3.10/site-packages/airflow/example_dags/subdags/subdag.py for tasks to queue
[2024-02-06T23:28:44.106+0100] {logging_mixin.py:188} INFO - [2024-02-06T23:28:44.105+0100] {dagbag.py:538} INFO - Filling up the DagBag from /home/ubuntu/.local/lib/python3.10/site-packages/airflow/example_dags/subdags/subdag.py
[2024-02-06T23:28:44.113+0100] {processor.py:842} WARNING - No viable dags retrieved from /home/ubuntu/.local/lib/python3.10/site-packages/airflow/example_dags/subdags/subdag.py
[2024-02-06T23:28:44.142+0100] {processor.py:183} INFO - Processing /home/ubuntu/.local/lib/python3.10/site-packages/airflow/example_dags/subdags/subdag.py took 0.066 seconds
[2024-02-06T23:32:45.869+0100] {processor.py:161} INFO - Started process (PID=74745) to work on /home/ubuntu/.local/lib/python3.10/site-packages/airflow/example_dags/subdags/subdag.py
[2024-02-06T23:32:45.911+0100] {processor.py:830} INFO - Processing file /home/ubuntu/.local/lib/python3.10/site-packages/airflow/example_dags/subdags/subdag.py for tasks to queue
[2024-02-06T23:32:45.914+0100] {logging_mixin.py:188} INFO - [2024-02-06T23:32:45.913+0100] {dagbag.py:538} INFO - Filling up the DagBag from /home/ubuntu/.local/lib/python3.10/site-packages/airflow/example_dags/subdags/subdag.py
[2024-02-06T23:32:45.922+0100] {processor.py:842} WARNING - No viable dags retrieved from /home/ubuntu/.local/lib/python3.10/site-packages/airflow/example_dags/subdags/subdag.py
[2024-02-06T23:32:45.955+0100] {processor.py:183} INFO - Processing /home/ubuntu/.local/lib/python3.10/site-packages/airflow/example_dags/subdags/subdag.py took 0.106 seconds
[2024-02-06T23:44:19.213+0100] {processor.py:161} INFO - Started process (PID=81703) to work on /home/ubuntu/.local/lib/python3.10/site-packages/airflow/example_dags/subdags/subdag.py
[2024-02-06T23:44:19.234+0100] {processor.py:830} INFO - Processing file /home/ubuntu/.local/lib/python3.10/site-packages/airflow/example_dags/subdags/subdag.py for tasks to queue
[2024-02-06T23:44:19.243+0100] {logging_mixin.py:188} INFO - [2024-02-06T23:44:19.238+0100] {dagbag.py:538} INFO - Filling up the DagBag from /home/ubuntu/.local/lib/python3.10/site-packages/airflow/example_dags/subdags/subdag.py
[2024-02-06T23:44:19.271+0100] {processor.py:842} WARNING - No viable dags retrieved from /home/ubuntu/.local/lib/python3.10/site-packages/airflow/example_dags/subdags/subdag.py
[2024-02-06T23:44:19.309+0100] {processor.py:183} INFO - Processing /home/ubuntu/.local/lib/python3.10/site-packages/airflow/example_dags/subdags/subdag.py took 0.116 seconds
