[2024-02-06T21:28:14.533+0100] {processor.py:161} INFO - Started process (PID=23719) to work on /home/ubuntu/.local/lib/python3.10/site-packages/airflow/example_dags/plugins/listener_plugin.py
[2024-02-06T21:28:14.536+0100] {processor.py:830} INFO - Processing file /home/ubuntu/.local/lib/python3.10/site-packages/airflow/example_dags/plugins/listener_plugin.py for tasks to queue
[2024-02-06T21:28:14.538+0100] {logging_mixin.py:188} INFO - [2024-02-06T21:28:14.537+0100] {dagbag.py:538} INFO - Filling up the DagBag from /home/ubuntu/.local/lib/python3.10/site-packages/airflow/example_dags/plugins/listener_plugin.py
[2024-02-06T21:28:14.543+0100] {processor.py:842} WARNING - No viable dags retrieved from /home/ubuntu/.local/lib/python3.10/site-packages/airflow/example_dags/plugins/listener_plugin.py
[2024-02-06T21:28:14.638+0100] {processor.py:183} INFO - Processing /home/ubuntu/.local/lib/python3.10/site-packages/airflow/example_dags/plugins/listener_plugin.py took 0.111 seconds
[2024-02-06T21:29:41.302+0100] {processor.py:161} INFO - Started process (PID=24477) to work on /home/ubuntu/.local/lib/python3.10/site-packages/airflow/example_dags/plugins/listener_plugin.py
[2024-02-06T21:29:41.305+0100] {processor.py:830} INFO - Processing file /home/ubuntu/.local/lib/python3.10/site-packages/airflow/example_dags/plugins/listener_plugin.py for tasks to queue
[2024-02-06T21:29:41.307+0100] {logging_mixin.py:188} INFO - [2024-02-06T21:29:41.307+0100] {dagbag.py:538} INFO - Filling up the DagBag from /home/ubuntu/.local/lib/python3.10/site-packages/airflow/example_dags/plugins/listener_plugin.py
[2024-02-06T21:29:41.315+0100] {processor.py:842} WARNING - No viable dags retrieved from /home/ubuntu/.local/lib/python3.10/site-packages/airflow/example_dags/plugins/listener_plugin.py
[2024-02-06T21:29:41.338+0100] {processor.py:183} INFO - Processing /home/ubuntu/.local/lib/python3.10/site-packages/airflow/example_dags/plugins/listener_plugin.py took 0.043 seconds
[2024-02-06T21:31:16.201+0100] {processor.py:161} INFO - Started process (PID=24948) to work on /home/ubuntu/.local/lib/python3.10/site-packages/airflow/example_dags/plugins/listener_plugin.py
[2024-02-06T21:31:16.207+0100] {processor.py:830} INFO - Processing file /home/ubuntu/.local/lib/python3.10/site-packages/airflow/example_dags/plugins/listener_plugin.py for tasks to queue
[2024-02-06T21:31:16.210+0100] {logging_mixin.py:188} INFO - [2024-02-06T21:31:16.209+0100] {dagbag.py:538} INFO - Filling up the DagBag from /home/ubuntu/.local/lib/python3.10/site-packages/airflow/example_dags/plugins/listener_plugin.py
[2024-02-06T21:31:16.219+0100] {processor.py:842} WARNING - No viable dags retrieved from /home/ubuntu/.local/lib/python3.10/site-packages/airflow/example_dags/plugins/listener_plugin.py
[2024-02-06T21:31:16.242+0100] {processor.py:183} INFO - Processing /home/ubuntu/.local/lib/python3.10/site-packages/airflow/example_dags/plugins/listener_plugin.py took 0.049 seconds
[2024-02-06T21:32:30.638+0100] {processor.py:161} INFO - Started process (PID=25154) to work on /home/ubuntu/.local/lib/python3.10/site-packages/airflow/example_dags/plugins/listener_plugin.py
[2024-02-06T21:32:30.644+0100] {processor.py:830} INFO - Processing file /home/ubuntu/.local/lib/python3.10/site-packages/airflow/example_dags/plugins/listener_plugin.py for tasks to queue
[2024-02-06T21:32:30.648+0100] {logging_mixin.py:188} INFO - [2024-02-06T21:32:30.647+0100] {dagbag.py:538} INFO - Filling up the DagBag from /home/ubuntu/.local/lib/python3.10/site-packages/airflow/example_dags/plugins/listener_plugin.py
[2024-02-06T21:32:30.656+0100] {processor.py:842} WARNING - No viable dags retrieved from /home/ubuntu/.local/lib/python3.10/site-packages/airflow/example_dags/plugins/listener_plugin.py
[2024-02-06T21:32:30.691+0100] {processor.py:183} INFO - Processing /home/ubuntu/.local/lib/python3.10/site-packages/airflow/example_dags/plugins/listener_plugin.py took 0.063 seconds
[2024-02-06T21:33:41.478+0100] {processor.py:161} INFO - Started process (PID=25590) to work on /home/ubuntu/.local/lib/python3.10/site-packages/airflow/example_dags/plugins/listener_plugin.py
[2024-02-06T21:33:41.495+0100] {processor.py:830} INFO - Processing file /home/ubuntu/.local/lib/python3.10/site-packages/airflow/example_dags/plugins/listener_plugin.py for tasks to queue
[2024-02-06T21:33:41.502+0100] {logging_mixin.py:188} INFO - [2024-02-06T21:33:41.500+0100] {dagbag.py:538} INFO - Filling up the DagBag from /home/ubuntu/.local/lib/python3.10/site-packages/airflow/example_dags/plugins/listener_plugin.py
[2024-02-06T21:33:41.503+0100] {processor.py:842} WARNING - No viable dags retrieved from /home/ubuntu/.local/lib/python3.10/site-packages/airflow/example_dags/plugins/listener_plugin.py
[2024-02-06T21:33:41.568+0100] {processor.py:183} INFO - Processing /home/ubuntu/.local/lib/python3.10/site-packages/airflow/example_dags/plugins/listener_plugin.py took 0.156 seconds
[2024-02-06T21:39:53.086+0100] {processor.py:161} INFO - Started process (PID=27385) to work on /home/ubuntu/.local/lib/python3.10/site-packages/airflow/example_dags/plugins/listener_plugin.py
[2024-02-06T21:39:53.166+0100] {processor.py:830} INFO - Processing file /home/ubuntu/.local/lib/python3.10/site-packages/airflow/example_dags/plugins/listener_plugin.py for tasks to queue
[2024-02-06T21:39:53.168+0100] {logging_mixin.py:188} INFO - [2024-02-06T21:39:53.167+0100] {dagbag.py:538} INFO - Filling up the DagBag from /home/ubuntu/.local/lib/python3.10/site-packages/airflow/example_dags/plugins/listener_plugin.py
[2024-02-06T21:39:53.181+0100] {processor.py:842} WARNING - No viable dags retrieved from /home/ubuntu/.local/lib/python3.10/site-packages/airflow/example_dags/plugins/listener_plugin.py
[2024-02-06T21:39:53.216+0100] {processor.py:183} INFO - Processing /home/ubuntu/.local/lib/python3.10/site-packages/airflow/example_dags/plugins/listener_plugin.py took 0.137 seconds
[2024-02-06T21:40:38.918+0100] {processor.py:161} INFO - Started process (PID=27762) to work on /home/ubuntu/.local/lib/python3.10/site-packages/airflow/example_dags/plugins/listener_plugin.py
[2024-02-06T21:40:38.928+0100] {processor.py:830} INFO - Processing file /home/ubuntu/.local/lib/python3.10/site-packages/airflow/example_dags/plugins/listener_plugin.py for tasks to queue
[2024-02-06T21:40:38.931+0100] {logging_mixin.py:188} INFO - [2024-02-06T21:40:38.930+0100] {dagbag.py:538} INFO - Filling up the DagBag from /home/ubuntu/.local/lib/python3.10/site-packages/airflow/example_dags/plugins/listener_plugin.py
[2024-02-06T21:40:38.942+0100] {processor.py:842} WARNING - No viable dags retrieved from /home/ubuntu/.local/lib/python3.10/site-packages/airflow/example_dags/plugins/listener_plugin.py
[2024-02-06T21:40:38.982+0100] {processor.py:183} INFO - Processing /home/ubuntu/.local/lib/python3.10/site-packages/airflow/example_dags/plugins/listener_plugin.py took 0.072 seconds
[2024-02-06T21:41:17.577+0100] {processor.py:161} INFO - Started process (PID=27959) to work on /home/ubuntu/.local/lib/python3.10/site-packages/airflow/example_dags/plugins/listener_plugin.py
[2024-02-06T21:41:17.581+0100] {processor.py:830} INFO - Processing file /home/ubuntu/.local/lib/python3.10/site-packages/airflow/example_dags/plugins/listener_plugin.py for tasks to queue
[2024-02-06T21:41:17.583+0100] {logging_mixin.py:188} INFO - [2024-02-06T21:41:17.582+0100] {dagbag.py:538} INFO - Filling up the DagBag from /home/ubuntu/.local/lib/python3.10/site-packages/airflow/example_dags/plugins/listener_plugin.py
[2024-02-06T21:41:17.589+0100] {processor.py:842} WARNING - No viable dags retrieved from /home/ubuntu/.local/lib/python3.10/site-packages/airflow/example_dags/plugins/listener_plugin.py
[2024-02-06T21:41:17.610+0100] {processor.py:183} INFO - Processing /home/ubuntu/.local/lib/python3.10/site-packages/airflow/example_dags/plugins/listener_plugin.py took 0.040 seconds
[2024-02-06T21:41:51.410+0100] {processor.py:161} INFO - Started process (PID=28175) to work on /home/ubuntu/.local/lib/python3.10/site-packages/airflow/example_dags/plugins/listener_plugin.py
[2024-02-06T21:41:51.415+0100] {processor.py:830} INFO - Processing file /home/ubuntu/.local/lib/python3.10/site-packages/airflow/example_dags/plugins/listener_plugin.py for tasks to queue
[2024-02-06T21:41:51.417+0100] {logging_mixin.py:188} INFO - [2024-02-06T21:41:51.416+0100] {dagbag.py:538} INFO - Filling up the DagBag from /home/ubuntu/.local/lib/python3.10/site-packages/airflow/example_dags/plugins/listener_plugin.py
[2024-02-06T21:41:51.423+0100] {processor.py:842} WARNING - No viable dags retrieved from /home/ubuntu/.local/lib/python3.10/site-packages/airflow/example_dags/plugins/listener_plugin.py
[2024-02-06T21:41:51.463+0100] {processor.py:183} INFO - Processing /home/ubuntu/.local/lib/python3.10/site-packages/airflow/example_dags/plugins/listener_plugin.py took 0.072 seconds
[2024-02-06T21:42:01.915+0100] {processor.py:161} INFO - Started process (PID=28208) to work on /home/ubuntu/.local/lib/python3.10/site-packages/airflow/example_dags/plugins/listener_plugin.py
[2024-02-06T21:42:01.918+0100] {processor.py:830} INFO - Processing file /home/ubuntu/.local/lib/python3.10/site-packages/airflow/example_dags/plugins/listener_plugin.py for tasks to queue
[2024-02-06T21:42:01.921+0100] {logging_mixin.py:188} INFO - [2024-02-06T21:42:01.920+0100] {dagbag.py:538} INFO - Filling up the DagBag from /home/ubuntu/.local/lib/python3.10/site-packages/airflow/example_dags/plugins/listener_plugin.py
[2024-02-06T21:42:01.929+0100] {processor.py:842} WARNING - No viable dags retrieved from /home/ubuntu/.local/lib/python3.10/site-packages/airflow/example_dags/plugins/listener_plugin.py
[2024-02-06T21:42:01.957+0100] {processor.py:183} INFO - Processing /home/ubuntu/.local/lib/python3.10/site-packages/airflow/example_dags/plugins/listener_plugin.py took 0.050 seconds
[2024-02-06T21:42:38.083+0100] {processor.py:161} INFO - Started process (PID=28429) to work on /home/ubuntu/.local/lib/python3.10/site-packages/airflow/example_dags/plugins/listener_plugin.py
[2024-02-06T21:42:38.094+0100] {processor.py:830} INFO - Processing file /home/ubuntu/.local/lib/python3.10/site-packages/airflow/example_dags/plugins/listener_plugin.py for tasks to queue
[2024-02-06T21:42:38.095+0100] {logging_mixin.py:188} INFO - [2024-02-06T21:42:38.095+0100] {dagbag.py:538} INFO - Filling up the DagBag from /home/ubuntu/.local/lib/python3.10/site-packages/airflow/example_dags/plugins/listener_plugin.py
[2024-02-06T21:42:38.102+0100] {processor.py:842} WARNING - No viable dags retrieved from /home/ubuntu/.local/lib/python3.10/site-packages/airflow/example_dags/plugins/listener_plugin.py
[2024-02-06T21:42:38.125+0100] {processor.py:183} INFO - Processing /home/ubuntu/.local/lib/python3.10/site-packages/airflow/example_dags/plugins/listener_plugin.py took 0.053 seconds
[2024-02-06T21:42:40.140+0100] {processor.py:161} INFO - Started process (PID=28437) to work on /home/ubuntu/.local/lib/python3.10/site-packages/airflow/example_dags/plugins/listener_plugin.py
[2024-02-06T21:42:40.145+0100] {processor.py:830} INFO - Processing file /home/ubuntu/.local/lib/python3.10/site-packages/airflow/example_dags/plugins/listener_plugin.py for tasks to queue
[2024-02-06T21:42:40.148+0100] {logging_mixin.py:188} INFO - [2024-02-06T21:42:40.146+0100] {dagbag.py:538} INFO - Filling up the DagBag from /home/ubuntu/.local/lib/python3.10/site-packages/airflow/example_dags/plugins/listener_plugin.py
[2024-02-06T21:42:40.154+0100] {processor.py:842} WARNING - No viable dags retrieved from /home/ubuntu/.local/lib/python3.10/site-packages/airflow/example_dags/plugins/listener_plugin.py
[2024-02-06T21:42:40.174+0100] {processor.py:183} INFO - Processing /home/ubuntu/.local/lib/python3.10/site-packages/airflow/example_dags/plugins/listener_plugin.py took 0.040 seconds
[2024-02-06T21:43:17.216+0100] {processor.py:161} INFO - Started process (PID=28716) to work on /home/ubuntu/.local/lib/python3.10/site-packages/airflow/example_dags/plugins/listener_plugin.py
[2024-02-06T21:43:17.220+0100] {processor.py:830} INFO - Processing file /home/ubuntu/.local/lib/python3.10/site-packages/airflow/example_dags/plugins/listener_plugin.py for tasks to queue
[2024-02-06T21:43:17.223+0100] {logging_mixin.py:188} INFO - [2024-02-06T21:43:17.221+0100] {dagbag.py:538} INFO - Filling up the DagBag from /home/ubuntu/.local/lib/python3.10/site-packages/airflow/example_dags/plugins/listener_plugin.py
[2024-02-06T21:43:17.234+0100] {processor.py:842} WARNING - No viable dags retrieved from /home/ubuntu/.local/lib/python3.10/site-packages/airflow/example_dags/plugins/listener_plugin.py
[2024-02-06T21:43:17.254+0100] {processor.py:183} INFO - Processing /home/ubuntu/.local/lib/python3.10/site-packages/airflow/example_dags/plugins/listener_plugin.py took 0.047 seconds
[2024-02-06T21:43:18.399+0100] {processor.py:161} INFO - Started process (PID=28719) to work on /home/ubuntu/.local/lib/python3.10/site-packages/airflow/example_dags/plugins/listener_plugin.py
[2024-02-06T21:43:18.400+0100] {processor.py:830} INFO - Processing file /home/ubuntu/.local/lib/python3.10/site-packages/airflow/example_dags/plugins/listener_plugin.py for tasks to queue
[2024-02-06T21:43:18.402+0100] {logging_mixin.py:188} INFO - [2024-02-06T21:43:18.401+0100] {dagbag.py:538} INFO - Filling up the DagBag from /home/ubuntu/.local/lib/python3.10/site-packages/airflow/example_dags/plugins/listener_plugin.py
[2024-02-06T21:43:18.407+0100] {processor.py:842} WARNING - No viable dags retrieved from /home/ubuntu/.local/lib/python3.10/site-packages/airflow/example_dags/plugins/listener_plugin.py
[2024-02-06T21:43:18.421+0100] {processor.py:183} INFO - Processing /home/ubuntu/.local/lib/python3.10/site-packages/airflow/example_dags/plugins/listener_plugin.py took 0.028 seconds
[2024-02-06T21:43:52.604+0100] {processor.py:161} INFO - Started process (PID=28907) to work on /home/ubuntu/.local/lib/python3.10/site-packages/airflow/example_dags/plugins/listener_plugin.py
[2024-02-06T21:43:52.608+0100] {processor.py:830} INFO - Processing file /home/ubuntu/.local/lib/python3.10/site-packages/airflow/example_dags/plugins/listener_plugin.py for tasks to queue
[2024-02-06T21:43:52.610+0100] {logging_mixin.py:188} INFO - [2024-02-06T21:43:52.609+0100] {dagbag.py:538} INFO - Filling up the DagBag from /home/ubuntu/.local/lib/python3.10/site-packages/airflow/example_dags/plugins/listener_plugin.py
[2024-02-06T21:43:52.615+0100] {processor.py:842} WARNING - No viable dags retrieved from /home/ubuntu/.local/lib/python3.10/site-packages/airflow/example_dags/plugins/listener_plugin.py
[2024-02-06T21:43:52.632+0100] {processor.py:183} INFO - Processing /home/ubuntu/.local/lib/python3.10/site-packages/airflow/example_dags/plugins/listener_plugin.py took 0.034 seconds
[2024-02-06T21:44:30.063+0100] {processor.py:161} INFO - Started process (PID=29068) to work on /home/ubuntu/.local/lib/python3.10/site-packages/airflow/example_dags/plugins/listener_plugin.py
[2024-02-06T21:44:30.068+0100] {processor.py:830} INFO - Processing file /home/ubuntu/.local/lib/python3.10/site-packages/airflow/example_dags/plugins/listener_plugin.py for tasks to queue
[2024-02-06T21:44:30.072+0100] {logging_mixin.py:188} INFO - [2024-02-06T21:44:30.071+0100] {dagbag.py:538} INFO - Filling up the DagBag from /home/ubuntu/.local/lib/python3.10/site-packages/airflow/example_dags/plugins/listener_plugin.py
[2024-02-06T21:44:30.085+0100] {processor.py:842} WARNING - No viable dags retrieved from /home/ubuntu/.local/lib/python3.10/site-packages/airflow/example_dags/plugins/listener_plugin.py
[2024-02-06T21:44:30.131+0100] {processor.py:183} INFO - Processing /home/ubuntu/.local/lib/python3.10/site-packages/airflow/example_dags/plugins/listener_plugin.py took 0.081 seconds
[2024-02-06T21:45:08.379+0100] {processor.py:161} INFO - Started process (PID=29298) to work on /home/ubuntu/.local/lib/python3.10/site-packages/airflow/example_dags/plugins/listener_plugin.py
[2024-02-06T21:45:08.394+0100] {processor.py:830} INFO - Processing file /home/ubuntu/.local/lib/python3.10/site-packages/airflow/example_dags/plugins/listener_plugin.py for tasks to queue
[2024-02-06T21:45:08.398+0100] {logging_mixin.py:188} INFO - [2024-02-06T21:45:08.396+0100] {dagbag.py:538} INFO - Filling up the DagBag from /home/ubuntu/.local/lib/python3.10/site-packages/airflow/example_dags/plugins/listener_plugin.py
[2024-02-06T21:45:08.408+0100] {processor.py:842} WARNING - No viable dags retrieved from /home/ubuntu/.local/lib/python3.10/site-packages/airflow/example_dags/plugins/listener_plugin.py
[2024-02-06T21:45:08.496+0100] {processor.py:183} INFO - Processing /home/ubuntu/.local/lib/python3.10/site-packages/airflow/example_dags/plugins/listener_plugin.py took 0.124 seconds
[2024-02-06T21:53:32.310+0100] {processor.py:161} INFO - Started process (PID=30644) to work on /home/ubuntu/.local/lib/python3.10/site-packages/airflow/example_dags/plugins/listener_plugin.py
[2024-02-06T21:53:32.315+0100] {processor.py:830} INFO - Processing file /home/ubuntu/.local/lib/python3.10/site-packages/airflow/example_dags/plugins/listener_plugin.py for tasks to queue
[2024-02-06T21:53:32.318+0100] {logging_mixin.py:188} INFO - [2024-02-06T21:53:32.317+0100] {dagbag.py:538} INFO - Filling up the DagBag from /home/ubuntu/.local/lib/python3.10/site-packages/airflow/example_dags/plugins/listener_plugin.py
[2024-02-06T21:53:32.335+0100] {processor.py:842} WARNING - No viable dags retrieved from /home/ubuntu/.local/lib/python3.10/site-packages/airflow/example_dags/plugins/listener_plugin.py
[2024-02-06T21:53:32.360+0100] {processor.py:183} INFO - Processing /home/ubuntu/.local/lib/python3.10/site-packages/airflow/example_dags/plugins/listener_plugin.py took 0.056 seconds
[2024-02-06T21:54:57.724+0100] {processor.py:161} INFO - Started process (PID=31568) to work on /home/ubuntu/.local/lib/python3.10/site-packages/airflow/example_dags/plugins/listener_plugin.py
[2024-02-06T21:54:57.727+0100] {processor.py:830} INFO - Processing file /home/ubuntu/.local/lib/python3.10/site-packages/airflow/example_dags/plugins/listener_plugin.py for tasks to queue
[2024-02-06T21:54:57.728+0100] {logging_mixin.py:188} INFO - [2024-02-06T21:54:57.728+0100] {dagbag.py:538} INFO - Filling up the DagBag from /home/ubuntu/.local/lib/python3.10/site-packages/airflow/example_dags/plugins/listener_plugin.py
[2024-02-06T21:54:57.733+0100] {processor.py:842} WARNING - No viable dags retrieved from /home/ubuntu/.local/lib/python3.10/site-packages/airflow/example_dags/plugins/listener_plugin.py
[2024-02-06T21:54:57.761+0100] {processor.py:183} INFO - Processing /home/ubuntu/.local/lib/python3.10/site-packages/airflow/example_dags/plugins/listener_plugin.py took 0.042 seconds
[2024-02-06T21:55:45.224+0100] {processor.py:161} INFO - Started process (PID=31973) to work on /home/ubuntu/.local/lib/python3.10/site-packages/airflow/example_dags/plugins/listener_plugin.py
[2024-02-06T21:55:45.233+0100] {processor.py:830} INFO - Processing file /home/ubuntu/.local/lib/python3.10/site-packages/airflow/example_dags/plugins/listener_plugin.py for tasks to queue
[2024-02-06T21:55:45.237+0100] {logging_mixin.py:188} INFO - [2024-02-06T21:55:45.236+0100] {dagbag.py:538} INFO - Filling up the DagBag from /home/ubuntu/.local/lib/python3.10/site-packages/airflow/example_dags/plugins/listener_plugin.py
[2024-02-06T21:55:45.247+0100] {processor.py:842} WARNING - No viable dags retrieved from /home/ubuntu/.local/lib/python3.10/site-packages/airflow/example_dags/plugins/listener_plugin.py
[2024-02-06T21:55:45.318+0100] {processor.py:183} INFO - Processing /home/ubuntu/.local/lib/python3.10/site-packages/airflow/example_dags/plugins/listener_plugin.py took 0.101 seconds
[2024-02-06T21:55:49.849+0100] {processor.py:161} INFO - Started process (PID=32022) to work on /home/ubuntu/.local/lib/python3.10/site-packages/airflow/example_dags/plugins/listener_plugin.py
[2024-02-06T21:55:49.863+0100] {processor.py:830} INFO - Processing file /home/ubuntu/.local/lib/python3.10/site-packages/airflow/example_dags/plugins/listener_plugin.py for tasks to queue
[2024-02-06T21:55:49.877+0100] {logging_mixin.py:188} INFO - [2024-02-06T21:55:49.868+0100] {dagbag.py:538} INFO - Filling up the DagBag from /home/ubuntu/.local/lib/python3.10/site-packages/airflow/example_dags/plugins/listener_plugin.py
[2024-02-06T21:55:49.890+0100] {processor.py:842} WARNING - No viable dags retrieved from /home/ubuntu/.local/lib/python3.10/site-packages/airflow/example_dags/plugins/listener_plugin.py
[2024-02-06T21:55:49.918+0100] {processor.py:183} INFO - Processing /home/ubuntu/.local/lib/python3.10/site-packages/airflow/example_dags/plugins/listener_plugin.py took 0.105 seconds
[2024-02-06T21:56:31.283+0100] {processor.py:161} INFO - Started process (PID=32426) to work on /home/ubuntu/.local/lib/python3.10/site-packages/airflow/example_dags/plugins/listener_plugin.py
[2024-02-06T21:56:31.287+0100] {processor.py:830} INFO - Processing file /home/ubuntu/.local/lib/python3.10/site-packages/airflow/example_dags/plugins/listener_plugin.py for tasks to queue
[2024-02-06T21:56:31.291+0100] {logging_mixin.py:188} INFO - [2024-02-06T21:56:31.289+0100] {dagbag.py:538} INFO - Filling up the DagBag from /home/ubuntu/.local/lib/python3.10/site-packages/airflow/example_dags/plugins/listener_plugin.py
[2024-02-06T21:56:31.300+0100] {processor.py:842} WARNING - No viable dags retrieved from /home/ubuntu/.local/lib/python3.10/site-packages/airflow/example_dags/plugins/listener_plugin.py
[2024-02-06T21:56:31.331+0100] {processor.py:183} INFO - Processing /home/ubuntu/.local/lib/python3.10/site-packages/airflow/example_dags/plugins/listener_plugin.py took 0.067 seconds
[2024-02-06T21:57:01.075+0100] {processor.py:161} INFO - Started process (PID=32621) to work on /home/ubuntu/.local/lib/python3.10/site-packages/airflow/example_dags/plugins/listener_plugin.py
[2024-02-06T21:57:01.078+0100] {processor.py:830} INFO - Processing file /home/ubuntu/.local/lib/python3.10/site-packages/airflow/example_dags/plugins/listener_plugin.py for tasks to queue
[2024-02-06T21:57:01.081+0100] {logging_mixin.py:188} INFO - [2024-02-06T21:57:01.080+0100] {dagbag.py:538} INFO - Filling up the DagBag from /home/ubuntu/.local/lib/python3.10/site-packages/airflow/example_dags/plugins/listener_plugin.py
[2024-02-06T21:57:01.095+0100] {processor.py:842} WARNING - No viable dags retrieved from /home/ubuntu/.local/lib/python3.10/site-packages/airflow/example_dags/plugins/listener_plugin.py
[2024-02-06T21:57:01.128+0100] {processor.py:183} INFO - Processing /home/ubuntu/.local/lib/python3.10/site-packages/airflow/example_dags/plugins/listener_plugin.py took 0.063 seconds
[2024-02-06T21:57:20.717+0100] {processor.py:161} INFO - Started process (PID=32776) to work on /home/ubuntu/.local/lib/python3.10/site-packages/airflow/example_dags/plugins/listener_plugin.py
[2024-02-06T21:57:20.730+0100] {processor.py:830} INFO - Processing file /home/ubuntu/.local/lib/python3.10/site-packages/airflow/example_dags/plugins/listener_plugin.py for tasks to queue
[2024-02-06T21:57:20.738+0100] {logging_mixin.py:188} INFO - [2024-02-06T21:57:20.736+0100] {dagbag.py:538} INFO - Filling up the DagBag from /home/ubuntu/.local/lib/python3.10/site-packages/airflow/example_dags/plugins/listener_plugin.py
[2024-02-06T21:57:20.747+0100] {processor.py:842} WARNING - No viable dags retrieved from /home/ubuntu/.local/lib/python3.10/site-packages/airflow/example_dags/plugins/listener_plugin.py
[2024-02-06T21:57:20.781+0100] {processor.py:183} INFO - Processing /home/ubuntu/.local/lib/python3.10/site-packages/airflow/example_dags/plugins/listener_plugin.py took 0.077 seconds
[2024-02-06T21:57:42.927+0100] {processor.py:161} INFO - Started process (PID=32964) to work on /home/ubuntu/.local/lib/python3.10/site-packages/airflow/example_dags/plugins/listener_plugin.py
[2024-02-06T21:57:42.930+0100] {processor.py:830} INFO - Processing file /home/ubuntu/.local/lib/python3.10/site-packages/airflow/example_dags/plugins/listener_plugin.py for tasks to queue
[2024-02-06T21:57:42.932+0100] {logging_mixin.py:188} INFO - [2024-02-06T21:57:42.931+0100] {dagbag.py:538} INFO - Filling up the DagBag from /home/ubuntu/.local/lib/python3.10/site-packages/airflow/example_dags/plugins/listener_plugin.py
[2024-02-06T21:57:42.944+0100] {processor.py:842} WARNING - No viable dags retrieved from /home/ubuntu/.local/lib/python3.10/site-packages/airflow/example_dags/plugins/listener_plugin.py
[2024-02-06T21:57:42.998+0100] {processor.py:183} INFO - Processing /home/ubuntu/.local/lib/python3.10/site-packages/airflow/example_dags/plugins/listener_plugin.py took 0.130 seconds
[2024-02-06T21:58:35.935+0100] {processor.py:161} INFO - Started process (PID=33497) to work on /home/ubuntu/.local/lib/python3.10/site-packages/airflow/example_dags/plugins/listener_plugin.py
[2024-02-06T21:58:35.941+0100] {processor.py:830} INFO - Processing file /home/ubuntu/.local/lib/python3.10/site-packages/airflow/example_dags/plugins/listener_plugin.py for tasks to queue
[2024-02-06T21:58:35.944+0100] {logging_mixin.py:188} INFO - [2024-02-06T21:58:35.943+0100] {dagbag.py:538} INFO - Filling up the DagBag from /home/ubuntu/.local/lib/python3.10/site-packages/airflow/example_dags/plugins/listener_plugin.py
[2024-02-06T21:58:35.951+0100] {processor.py:842} WARNING - No viable dags retrieved from /home/ubuntu/.local/lib/python3.10/site-packages/airflow/example_dags/plugins/listener_plugin.py
[2024-02-06T21:58:35.979+0100] {processor.py:183} INFO - Processing /home/ubuntu/.local/lib/python3.10/site-packages/airflow/example_dags/plugins/listener_plugin.py took 0.063 seconds
[2024-02-06T21:58:49.962+0100] {processor.py:161} INFO - Started process (PID=33603) to work on /home/ubuntu/.local/lib/python3.10/site-packages/airflow/example_dags/plugins/listener_plugin.py
[2024-02-06T21:58:49.967+0100] {processor.py:830} INFO - Processing file /home/ubuntu/.local/lib/python3.10/site-packages/airflow/example_dags/plugins/listener_plugin.py for tasks to queue
[2024-02-06T21:58:49.969+0100] {logging_mixin.py:188} INFO - [2024-02-06T21:58:49.968+0100] {dagbag.py:538} INFO - Filling up the DagBag from /home/ubuntu/.local/lib/python3.10/site-packages/airflow/example_dags/plugins/listener_plugin.py
[2024-02-06T21:58:49.983+0100] {processor.py:842} WARNING - No viable dags retrieved from /home/ubuntu/.local/lib/python3.10/site-packages/airflow/example_dags/plugins/listener_plugin.py
[2024-02-06T21:58:50.085+0100] {processor.py:183} INFO - Processing /home/ubuntu/.local/lib/python3.10/site-packages/airflow/example_dags/plugins/listener_plugin.py took 0.135 seconds
[2024-02-06T21:59:31.885+0100] {processor.py:161} INFO - Started process (PID=34061) to work on /home/ubuntu/.local/lib/python3.10/site-packages/airflow/example_dags/plugins/listener_plugin.py
[2024-02-06T21:59:31.896+0100] {processor.py:830} INFO - Processing file /home/ubuntu/.local/lib/python3.10/site-packages/airflow/example_dags/plugins/listener_plugin.py for tasks to queue
[2024-02-06T21:59:31.900+0100] {logging_mixin.py:188} INFO - [2024-02-06T21:59:31.898+0100] {dagbag.py:538} INFO - Filling up the DagBag from /home/ubuntu/.local/lib/python3.10/site-packages/airflow/example_dags/plugins/listener_plugin.py
[2024-02-06T21:59:31.911+0100] {processor.py:842} WARNING - No viable dags retrieved from /home/ubuntu/.local/lib/python3.10/site-packages/airflow/example_dags/plugins/listener_plugin.py
[2024-02-06T21:59:31.954+0100] {processor.py:183} INFO - Processing /home/ubuntu/.local/lib/python3.10/site-packages/airflow/example_dags/plugins/listener_plugin.py took 0.095 seconds
[2024-02-06T22:00:15.240+0100] {processor.py:161} INFO - Started process (PID=34435) to work on /home/ubuntu/.local/lib/python3.10/site-packages/airflow/example_dags/plugins/listener_plugin.py
[2024-02-06T22:00:15.245+0100] {processor.py:830} INFO - Processing file /home/ubuntu/.local/lib/python3.10/site-packages/airflow/example_dags/plugins/listener_plugin.py for tasks to queue
[2024-02-06T22:00:15.248+0100] {logging_mixin.py:188} INFO - [2024-02-06T22:00:15.246+0100] {dagbag.py:538} INFO - Filling up the DagBag from /home/ubuntu/.local/lib/python3.10/site-packages/airflow/example_dags/plugins/listener_plugin.py
[2024-02-06T22:00:15.257+0100] {processor.py:842} WARNING - No viable dags retrieved from /home/ubuntu/.local/lib/python3.10/site-packages/airflow/example_dags/plugins/listener_plugin.py
[2024-02-06T22:00:15.290+0100] {processor.py:183} INFO - Processing /home/ubuntu/.local/lib/python3.10/site-packages/airflow/example_dags/plugins/listener_plugin.py took 0.057 seconds
[2024-02-06T22:00:26.273+0100] {processor.py:161} INFO - Started process (PID=34567) to work on /home/ubuntu/.local/lib/python3.10/site-packages/airflow/example_dags/plugins/listener_plugin.py
[2024-02-06T22:00:26.279+0100] {processor.py:830} INFO - Processing file /home/ubuntu/.local/lib/python3.10/site-packages/airflow/example_dags/plugins/listener_plugin.py for tasks to queue
[2024-02-06T22:00:26.283+0100] {logging_mixin.py:188} INFO - [2024-02-06T22:00:26.281+0100] {dagbag.py:538} INFO - Filling up the DagBag from /home/ubuntu/.local/lib/python3.10/site-packages/airflow/example_dags/plugins/listener_plugin.py
[2024-02-06T22:00:26.290+0100] {processor.py:842} WARNING - No viable dags retrieved from /home/ubuntu/.local/lib/python3.10/site-packages/airflow/example_dags/plugins/listener_plugin.py
[2024-02-06T22:00:26.383+0100] {processor.py:183} INFO - Processing /home/ubuntu/.local/lib/python3.10/site-packages/airflow/example_dags/plugins/listener_plugin.py took 0.116 seconds
[2024-02-06T22:01:10.200+0100] {processor.py:161} INFO - Started process (PID=34846) to work on /home/ubuntu/.local/lib/python3.10/site-packages/airflow/example_dags/plugins/listener_plugin.py
[2024-02-06T22:01:10.205+0100] {processor.py:830} INFO - Processing file /home/ubuntu/.local/lib/python3.10/site-packages/airflow/example_dags/plugins/listener_plugin.py for tasks to queue
[2024-02-06T22:01:10.208+0100] {logging_mixin.py:188} INFO - [2024-02-06T22:01:10.207+0100] {dagbag.py:538} INFO - Filling up the DagBag from /home/ubuntu/.local/lib/python3.10/site-packages/airflow/example_dags/plugins/listener_plugin.py
[2024-02-06T22:01:10.218+0100] {processor.py:842} WARNING - No viable dags retrieved from /home/ubuntu/.local/lib/python3.10/site-packages/airflow/example_dags/plugins/listener_plugin.py
[2024-02-06T22:01:10.288+0100] {processor.py:183} INFO - Processing /home/ubuntu/.local/lib/python3.10/site-packages/airflow/example_dags/plugins/listener_plugin.py took 0.095 seconds
[2024-02-06T22:01:14.342+0100] {processor.py:161} INFO - Started process (PID=34857) to work on /home/ubuntu/.local/lib/python3.10/site-packages/airflow/example_dags/plugins/listener_plugin.py
[2024-02-06T22:01:14.344+0100] {processor.py:830} INFO - Processing file /home/ubuntu/.local/lib/python3.10/site-packages/airflow/example_dags/plugins/listener_plugin.py for tasks to queue
[2024-02-06T22:01:14.347+0100] {logging_mixin.py:188} INFO - [2024-02-06T22:01:14.346+0100] {dagbag.py:538} INFO - Filling up the DagBag from /home/ubuntu/.local/lib/python3.10/site-packages/airflow/example_dags/plugins/listener_plugin.py
[2024-02-06T22:01:14.353+0100] {processor.py:842} WARNING - No viable dags retrieved from /home/ubuntu/.local/lib/python3.10/site-packages/airflow/example_dags/plugins/listener_plugin.py
[2024-02-06T22:01:14.386+0100] {processor.py:183} INFO - Processing /home/ubuntu/.local/lib/python3.10/site-packages/airflow/example_dags/plugins/listener_plugin.py took 0.055 seconds
[2024-02-06T22:01:53.914+0100] {processor.py:161} INFO - Started process (PID=35145) to work on /home/ubuntu/.local/lib/python3.10/site-packages/airflow/example_dags/plugins/listener_plugin.py
[2024-02-06T22:01:53.918+0100] {processor.py:830} INFO - Processing file /home/ubuntu/.local/lib/python3.10/site-packages/airflow/example_dags/plugins/listener_plugin.py for tasks to queue
[2024-02-06T22:01:53.921+0100] {logging_mixin.py:188} INFO - [2024-02-06T22:01:53.920+0100] {dagbag.py:538} INFO - Filling up the DagBag from /home/ubuntu/.local/lib/python3.10/site-packages/airflow/example_dags/plugins/listener_plugin.py
[2024-02-06T22:01:53.933+0100] {processor.py:842} WARNING - No viable dags retrieved from /home/ubuntu/.local/lib/python3.10/site-packages/airflow/example_dags/plugins/listener_plugin.py
[2024-02-06T22:01:54.011+0100] {processor.py:183} INFO - Processing /home/ubuntu/.local/lib/python3.10/site-packages/airflow/example_dags/plugins/listener_plugin.py took 0.104 seconds
[2024-02-06T22:01:56.695+0100] {processor.py:161} INFO - Started process (PID=35197) to work on /home/ubuntu/.local/lib/python3.10/site-packages/airflow/example_dags/plugins/listener_plugin.py
[2024-02-06T22:01:56.697+0100] {processor.py:830} INFO - Processing file /home/ubuntu/.local/lib/python3.10/site-packages/airflow/example_dags/plugins/listener_plugin.py for tasks to queue
[2024-02-06T22:01:56.700+0100] {logging_mixin.py:188} INFO - [2024-02-06T22:01:56.698+0100] {dagbag.py:538} INFO - Filling up the DagBag from /home/ubuntu/.local/lib/python3.10/site-packages/airflow/example_dags/plugins/listener_plugin.py
[2024-02-06T22:01:56.724+0100] {processor.py:842} WARNING - No viable dags retrieved from /home/ubuntu/.local/lib/python3.10/site-packages/airflow/example_dags/plugins/listener_plugin.py
[2024-02-06T22:01:56.776+0100] {processor.py:183} INFO - Processing /home/ubuntu/.local/lib/python3.10/site-packages/airflow/example_dags/plugins/listener_plugin.py took 0.090 seconds
[2024-02-06T22:02:40.921+0100] {processor.py:161} INFO - Started process (PID=35558) to work on /home/ubuntu/.local/lib/python3.10/site-packages/airflow/example_dags/plugins/listener_plugin.py
[2024-02-06T22:02:40.934+0100] {processor.py:830} INFO - Processing file /home/ubuntu/.local/lib/python3.10/site-packages/airflow/example_dags/plugins/listener_plugin.py for tasks to queue
[2024-02-06T22:02:40.938+0100] {logging_mixin.py:188} INFO - [2024-02-06T22:02:40.937+0100] {dagbag.py:538} INFO - Filling up the DagBag from /home/ubuntu/.local/lib/python3.10/site-packages/airflow/example_dags/plugins/listener_plugin.py
[2024-02-06T22:02:40.947+0100] {processor.py:842} WARNING - No viable dags retrieved from /home/ubuntu/.local/lib/python3.10/site-packages/airflow/example_dags/plugins/listener_plugin.py
[2024-02-06T22:02:41.014+0100] {processor.py:183} INFO - Processing /home/ubuntu/.local/lib/python3.10/site-packages/airflow/example_dags/plugins/listener_plugin.py took 0.098 seconds
[2024-02-06T22:02:41.503+0100] {processor.py:161} INFO - Started process (PID=35559) to work on /home/ubuntu/.local/lib/python3.10/site-packages/airflow/example_dags/plugins/listener_plugin.py
[2024-02-06T22:02:41.505+0100] {processor.py:830} INFO - Processing file /home/ubuntu/.local/lib/python3.10/site-packages/airflow/example_dags/plugins/listener_plugin.py for tasks to queue
[2024-02-06T22:02:41.507+0100] {logging_mixin.py:188} INFO - [2024-02-06T22:02:41.506+0100] {dagbag.py:538} INFO - Filling up the DagBag from /home/ubuntu/.local/lib/python3.10/site-packages/airflow/example_dags/plugins/listener_plugin.py
[2024-02-06T22:02:41.515+0100] {processor.py:842} WARNING - No viable dags retrieved from /home/ubuntu/.local/lib/python3.10/site-packages/airflow/example_dags/plugins/listener_plugin.py
[2024-02-06T22:02:41.545+0100] {processor.py:183} INFO - Processing /home/ubuntu/.local/lib/python3.10/site-packages/airflow/example_dags/plugins/listener_plugin.py took 0.052 seconds
[2024-02-06T22:03:28.967+0100] {processor.py:161} INFO - Started process (PID=36032) to work on /home/ubuntu/.local/lib/python3.10/site-packages/airflow/example_dags/plugins/listener_plugin.py
[2024-02-06T22:03:28.976+0100] {processor.py:830} INFO - Processing file /home/ubuntu/.local/lib/python3.10/site-packages/airflow/example_dags/plugins/listener_plugin.py for tasks to queue
[2024-02-06T22:03:28.978+0100] {logging_mixin.py:188} INFO - [2024-02-06T22:03:28.977+0100] {dagbag.py:538} INFO - Filling up the DagBag from /home/ubuntu/.local/lib/python3.10/site-packages/airflow/example_dags/plugins/listener_plugin.py
[2024-02-06T22:03:28.985+0100] {processor.py:842} WARNING - No viable dags retrieved from /home/ubuntu/.local/lib/python3.10/site-packages/airflow/example_dags/plugins/listener_plugin.py
[2024-02-06T22:03:29.006+0100] {processor.py:183} INFO - Processing /home/ubuntu/.local/lib/python3.10/site-packages/airflow/example_dags/plugins/listener_plugin.py took 0.047 seconds
[2024-02-06T22:03:30.082+0100] {processor.py:161} INFO - Started process (PID=36056) to work on /home/ubuntu/.local/lib/python3.10/site-packages/airflow/example_dags/plugins/listener_plugin.py
[2024-02-06T22:03:30.084+0100] {processor.py:830} INFO - Processing file /home/ubuntu/.local/lib/python3.10/site-packages/airflow/example_dags/plugins/listener_plugin.py for tasks to queue
[2024-02-06T22:03:30.089+0100] {logging_mixin.py:188} INFO - [2024-02-06T22:03:30.088+0100] {dagbag.py:538} INFO - Filling up the DagBag from /home/ubuntu/.local/lib/python3.10/site-packages/airflow/example_dags/plugins/listener_plugin.py
[2024-02-06T22:03:30.101+0100] {processor.py:842} WARNING - No viable dags retrieved from /home/ubuntu/.local/lib/python3.10/site-packages/airflow/example_dags/plugins/listener_plugin.py
[2024-02-06T22:03:30.126+0100] {processor.py:183} INFO - Processing /home/ubuntu/.local/lib/python3.10/site-packages/airflow/example_dags/plugins/listener_plugin.py took 0.052 seconds
[2024-02-06T22:04:26.395+0100] {processor.py:161} INFO - Started process (PID=36791) to work on /home/ubuntu/.local/lib/python3.10/site-packages/airflow/example_dags/plugins/listener_plugin.py
[2024-02-06T22:04:26.401+0100] {processor.py:830} INFO - Processing file /home/ubuntu/.local/lib/python3.10/site-packages/airflow/example_dags/plugins/listener_plugin.py for tasks to queue
[2024-02-06T22:04:26.404+0100] {logging_mixin.py:188} INFO - [2024-02-06T22:04:26.403+0100] {dagbag.py:538} INFO - Filling up the DagBag from /home/ubuntu/.local/lib/python3.10/site-packages/airflow/example_dags/plugins/listener_plugin.py
[2024-02-06T22:04:26.411+0100] {processor.py:842} WARNING - No viable dags retrieved from /home/ubuntu/.local/lib/python3.10/site-packages/airflow/example_dags/plugins/listener_plugin.py
[2024-02-06T22:04:26.442+0100] {processor.py:183} INFO - Processing /home/ubuntu/.local/lib/python3.10/site-packages/airflow/example_dags/plugins/listener_plugin.py took 0.073 seconds
[2024-02-06T22:05:50.066+0100] {processor.py:161} INFO - Started process (PID=37084) to work on /home/ubuntu/.local/lib/python3.10/site-packages/airflow/example_dags/plugins/listener_plugin.py
[2024-02-06T22:05:50.078+0100] {processor.py:830} INFO - Processing file /home/ubuntu/.local/lib/python3.10/site-packages/airflow/example_dags/plugins/listener_plugin.py for tasks to queue
[2024-02-06T22:05:50.082+0100] {logging_mixin.py:188} INFO - [2024-02-06T22:05:50.081+0100] {dagbag.py:538} INFO - Filling up the DagBag from /home/ubuntu/.local/lib/python3.10/site-packages/airflow/example_dags/plugins/listener_plugin.py
[2024-02-06T22:05:50.088+0100] {processor.py:842} WARNING - No viable dags retrieved from /home/ubuntu/.local/lib/python3.10/site-packages/airflow/example_dags/plugins/listener_plugin.py
[2024-02-06T22:05:50.157+0100] {processor.py:183} INFO - Processing /home/ubuntu/.local/lib/python3.10/site-packages/airflow/example_dags/plugins/listener_plugin.py took 0.097 seconds
[2024-02-06T22:07:15.159+0100] {processor.py:161} INFO - Started process (PID=37976) to work on /home/ubuntu/.local/lib/python3.10/site-packages/airflow/example_dags/plugins/listener_plugin.py
[2024-02-06T22:07:15.161+0100] {processor.py:830} INFO - Processing file /home/ubuntu/.local/lib/python3.10/site-packages/airflow/example_dags/plugins/listener_plugin.py for tasks to queue
[2024-02-06T22:07:15.162+0100] {logging_mixin.py:188} INFO - [2024-02-06T22:07:15.162+0100] {dagbag.py:538} INFO - Filling up the DagBag from /home/ubuntu/.local/lib/python3.10/site-packages/airflow/example_dags/plugins/listener_plugin.py
[2024-02-06T22:07:15.168+0100] {processor.py:842} WARNING - No viable dags retrieved from /home/ubuntu/.local/lib/python3.10/site-packages/airflow/example_dags/plugins/listener_plugin.py
[2024-02-06T22:07:15.189+0100] {processor.py:183} INFO - Processing /home/ubuntu/.local/lib/python3.10/site-packages/airflow/example_dags/plugins/listener_plugin.py took 0.039 seconds
[2024-02-06T22:10:22.351+0100] {processor.py:161} INFO - Started process (PID=38884) to work on /home/ubuntu/.local/lib/python3.10/site-packages/airflow/example_dags/plugins/listener_plugin.py
[2024-02-06T22:10:22.362+0100] {processor.py:830} INFO - Processing file /home/ubuntu/.local/lib/python3.10/site-packages/airflow/example_dags/plugins/listener_plugin.py for tasks to queue
[2024-02-06T22:10:22.364+0100] {logging_mixin.py:188} INFO - [2024-02-06T22:10:22.363+0100] {dagbag.py:538} INFO - Filling up the DagBag from /home/ubuntu/.local/lib/python3.10/site-packages/airflow/example_dags/plugins/listener_plugin.py
[2024-02-06T22:10:22.372+0100] {processor.py:842} WARNING - No viable dags retrieved from /home/ubuntu/.local/lib/python3.10/site-packages/airflow/example_dags/plugins/listener_plugin.py
[2024-02-06T22:10:22.414+0100] {processor.py:183} INFO - Processing /home/ubuntu/.local/lib/python3.10/site-packages/airflow/example_dags/plugins/listener_plugin.py took 0.075 seconds
[2024-02-06T22:12:48.154+0100] {processor.py:161} INFO - Started process (PID=39801) to work on /home/ubuntu/.local/lib/python3.10/site-packages/airflow/example_dags/plugins/listener_plugin.py
[2024-02-06T22:12:48.175+0100] {processor.py:830} INFO - Processing file /home/ubuntu/.local/lib/python3.10/site-packages/airflow/example_dags/plugins/listener_plugin.py for tasks to queue
[2024-02-06T22:12:48.177+0100] {logging_mixin.py:188} INFO - [2024-02-06T22:12:48.176+0100] {dagbag.py:538} INFO - Filling up the DagBag from /home/ubuntu/.local/lib/python3.10/site-packages/airflow/example_dags/plugins/listener_plugin.py
[2024-02-06T22:12:48.184+0100] {processor.py:842} WARNING - No viable dags retrieved from /home/ubuntu/.local/lib/python3.10/site-packages/airflow/example_dags/plugins/listener_plugin.py
[2024-02-06T22:12:48.234+0100] {processor.py:183} INFO - Processing /home/ubuntu/.local/lib/python3.10/site-packages/airflow/example_dags/plugins/listener_plugin.py took 0.105 seconds
[2024-02-06T22:14:13.817+0100] {processor.py:161} INFO - Started process (PID=40707) to work on /home/ubuntu/.local/lib/python3.10/site-packages/airflow/example_dags/plugins/listener_plugin.py
[2024-02-06T22:14:13.845+0100] {processor.py:830} INFO - Processing file /home/ubuntu/.local/lib/python3.10/site-packages/airflow/example_dags/plugins/listener_plugin.py for tasks to queue
[2024-02-06T22:14:13.849+0100] {logging_mixin.py:188} INFO - [2024-02-06T22:14:13.847+0100] {dagbag.py:538} INFO - Filling up the DagBag from /home/ubuntu/.local/lib/python3.10/site-packages/airflow/example_dags/plugins/listener_plugin.py
[2024-02-06T22:14:13.857+0100] {processor.py:842} WARNING - No viable dags retrieved from /home/ubuntu/.local/lib/python3.10/site-packages/airflow/example_dags/plugins/listener_plugin.py
[2024-02-06T22:14:13.924+0100] {processor.py:183} INFO - Processing /home/ubuntu/.local/lib/python3.10/site-packages/airflow/example_dags/plugins/listener_plugin.py took 0.134 seconds
[2024-02-06T22:15:18.594+0100] {processor.py:161} INFO - Started process (PID=41443) to work on /home/ubuntu/.local/lib/python3.10/site-packages/airflow/example_dags/plugins/listener_plugin.py
[2024-02-06T22:15:18.622+0100] {processor.py:830} INFO - Processing file /home/ubuntu/.local/lib/python3.10/site-packages/airflow/example_dags/plugins/listener_plugin.py for tasks to queue
[2024-02-06T22:15:18.625+0100] {logging_mixin.py:188} INFO - [2024-02-06T22:15:18.624+0100] {dagbag.py:538} INFO - Filling up the DagBag from /home/ubuntu/.local/lib/python3.10/site-packages/airflow/example_dags/plugins/listener_plugin.py
[2024-02-06T22:15:18.643+0100] {processor.py:842} WARNING - No viable dags retrieved from /home/ubuntu/.local/lib/python3.10/site-packages/airflow/example_dags/plugins/listener_plugin.py
[2024-02-06T22:15:18.690+0100] {processor.py:183} INFO - Processing /home/ubuntu/.local/lib/python3.10/site-packages/airflow/example_dags/plugins/listener_plugin.py took 0.109 seconds
[2024-02-06T22:16:02.329+0100] {processor.py:161} INFO - Started process (PID=41711) to work on /home/ubuntu/.local/lib/python3.10/site-packages/airflow/example_dags/plugins/listener_plugin.py
[2024-02-06T22:16:02.332+0100] {processor.py:830} INFO - Processing file /home/ubuntu/.local/lib/python3.10/site-packages/airflow/example_dags/plugins/listener_plugin.py for tasks to queue
[2024-02-06T22:16:02.334+0100] {logging_mixin.py:188} INFO - [2024-02-06T22:16:02.333+0100] {dagbag.py:538} INFO - Filling up the DagBag from /home/ubuntu/.local/lib/python3.10/site-packages/airflow/example_dags/plugins/listener_plugin.py
[2024-02-06T22:16:02.358+0100] {processor.py:842} WARNING - No viable dags retrieved from /home/ubuntu/.local/lib/python3.10/site-packages/airflow/example_dags/plugins/listener_plugin.py
[2024-02-06T22:16:02.388+0100] {processor.py:183} INFO - Processing /home/ubuntu/.local/lib/python3.10/site-packages/airflow/example_dags/plugins/listener_plugin.py took 0.065 seconds
[2024-02-06T22:25:44.837+0100] {processor.py:161} INFO - Started process (PID=49015) to work on /home/ubuntu/.local/lib/python3.10/site-packages/airflow/example_dags/plugins/listener_plugin.py
[2024-02-06T22:25:44.843+0100] {processor.py:830} INFO - Processing file /home/ubuntu/.local/lib/python3.10/site-packages/airflow/example_dags/plugins/listener_plugin.py for tasks to queue
[2024-02-06T22:25:44.849+0100] {logging_mixin.py:188} INFO - [2024-02-06T22:25:44.848+0100] {dagbag.py:538} INFO - Filling up the DagBag from /home/ubuntu/.local/lib/python3.10/site-packages/airflow/example_dags/plugins/listener_plugin.py
[2024-02-06T22:25:44.865+0100] {processor.py:842} WARNING - No viable dags retrieved from /home/ubuntu/.local/lib/python3.10/site-packages/airflow/example_dags/plugins/listener_plugin.py
[2024-02-06T22:25:44.889+0100] {processor.py:183} INFO - Processing /home/ubuntu/.local/lib/python3.10/site-packages/airflow/example_dags/plugins/listener_plugin.py took 0.093 seconds
[2024-02-06T22:27:38.693+0100] {processor.py:161} INFO - Started process (PID=49890) to work on /home/ubuntu/.local/lib/python3.10/site-packages/airflow/example_dags/plugins/listener_plugin.py
[2024-02-06T22:27:38.712+0100] {processor.py:830} INFO - Processing file /home/ubuntu/.local/lib/python3.10/site-packages/airflow/example_dags/plugins/listener_plugin.py for tasks to queue
[2024-02-06T22:27:38.718+0100] {logging_mixin.py:188} INFO - [2024-02-06T22:27:38.717+0100] {dagbag.py:538} INFO - Filling up the DagBag from /home/ubuntu/.local/lib/python3.10/site-packages/airflow/example_dags/plugins/listener_plugin.py
[2024-02-06T22:27:38.728+0100] {processor.py:842} WARNING - No viable dags retrieved from /home/ubuntu/.local/lib/python3.10/site-packages/airflow/example_dags/plugins/listener_plugin.py
[2024-02-06T22:27:38.757+0100] {processor.py:183} INFO - Processing /home/ubuntu/.local/lib/python3.10/site-packages/airflow/example_dags/plugins/listener_plugin.py took 0.076 seconds
[2024-02-06T22:34:53.878+0100] {processor.py:161} INFO - Started process (PID=55421) to work on /home/ubuntu/.local/lib/python3.10/site-packages/airflow/example_dags/plugins/listener_plugin.py
[2024-02-06T22:34:53.905+0100] {processor.py:830} INFO - Processing file /home/ubuntu/.local/lib/python3.10/site-packages/airflow/example_dags/plugins/listener_plugin.py for tasks to queue
[2024-02-06T22:34:53.907+0100] {logging_mixin.py:188} INFO - [2024-02-06T22:34:53.907+0100] {dagbag.py:538} INFO - Filling up the DagBag from /home/ubuntu/.local/lib/python3.10/site-packages/airflow/example_dags/plugins/listener_plugin.py
[2024-02-06T22:34:53.914+0100] {processor.py:842} WARNING - No viable dags retrieved from /home/ubuntu/.local/lib/python3.10/site-packages/airflow/example_dags/plugins/listener_plugin.py
[2024-02-06T22:34:53.953+0100] {processor.py:183} INFO - Processing /home/ubuntu/.local/lib/python3.10/site-packages/airflow/example_dags/plugins/listener_plugin.py took 0.145 seconds
[2024-02-06T23:13:39.909+0100] {processor.py:161} INFO - Started process (PID=63648) to work on /home/ubuntu/.local/lib/python3.10/site-packages/airflow/example_dags/plugins/listener_plugin.py
[2024-02-06T23:13:39.922+0100] {processor.py:830} INFO - Processing file /home/ubuntu/.local/lib/python3.10/site-packages/airflow/example_dags/plugins/listener_plugin.py for tasks to queue
[2024-02-06T23:13:39.926+0100] {logging_mixin.py:188} INFO - [2024-02-06T23:13:39.924+0100] {dagbag.py:538} INFO - Filling up the DagBag from /home/ubuntu/.local/lib/python3.10/site-packages/airflow/example_dags/plugins/listener_plugin.py
[2024-02-06T23:13:39.938+0100] {processor.py:842} WARNING - No viable dags retrieved from /home/ubuntu/.local/lib/python3.10/site-packages/airflow/example_dags/plugins/listener_plugin.py
[2024-02-06T23:13:39.983+0100] {processor.py:183} INFO - Processing /home/ubuntu/.local/lib/python3.10/site-packages/airflow/example_dags/plugins/listener_plugin.py took 0.090 seconds
[2024-02-06T23:15:53.248+0100] {processor.py:161} INFO - Started process (PID=65182) to work on /home/ubuntu/.local/lib/python3.10/site-packages/airflow/example_dags/plugins/listener_plugin.py
[2024-02-06T23:15:53.259+0100] {processor.py:830} INFO - Processing file /home/ubuntu/.local/lib/python3.10/site-packages/airflow/example_dags/plugins/listener_plugin.py for tasks to queue
[2024-02-06T23:15:53.274+0100] {logging_mixin.py:188} INFO - [2024-02-06T23:15:53.269+0100] {dagbag.py:538} INFO - Filling up the DagBag from /home/ubuntu/.local/lib/python3.10/site-packages/airflow/example_dags/plugins/listener_plugin.py
[2024-02-06T23:15:53.344+0100] {processor.py:842} WARNING - No viable dags retrieved from /home/ubuntu/.local/lib/python3.10/site-packages/airflow/example_dags/plugins/listener_plugin.py
[2024-02-06T23:15:53.469+0100] {processor.py:183} INFO - Processing /home/ubuntu/.local/lib/python3.10/site-packages/airflow/example_dags/plugins/listener_plugin.py took 0.234 seconds
[2024-02-06T23:27:01.914+0100] {processor.py:161} INFO - Started process (PID=71262) to work on /home/ubuntu/.local/lib/python3.10/site-packages/airflow/example_dags/plugins/listener_plugin.py
[2024-02-06T23:27:01.976+0100] {processor.py:830} INFO - Processing file /home/ubuntu/.local/lib/python3.10/site-packages/airflow/example_dags/plugins/listener_plugin.py for tasks to queue
[2024-02-06T23:27:01.982+0100] {logging_mixin.py:188} INFO - [2024-02-06T23:27:01.979+0100] {dagbag.py:538} INFO - Filling up the DagBag from /home/ubuntu/.local/lib/python3.10/site-packages/airflow/example_dags/plugins/listener_plugin.py
[2024-02-06T23:27:01.996+0100] {processor.py:842} WARNING - No viable dags retrieved from /home/ubuntu/.local/lib/python3.10/site-packages/airflow/example_dags/plugins/listener_plugin.py
[2024-02-06T23:27:02.202+0100] {processor.py:183} INFO - Processing /home/ubuntu/.local/lib/python3.10/site-packages/airflow/example_dags/plugins/listener_plugin.py took 0.302 seconds
[2024-02-06T23:28:50.343+0100] {processor.py:161} INFO - Started process (PID=71915) to work on /home/ubuntu/.local/lib/python3.10/site-packages/airflow/example_dags/plugins/listener_plugin.py
[2024-02-06T23:28:50.360+0100] {processor.py:830} INFO - Processing file /home/ubuntu/.local/lib/python3.10/site-packages/airflow/example_dags/plugins/listener_plugin.py for tasks to queue
[2024-02-06T23:28:50.365+0100] {logging_mixin.py:188} INFO - [2024-02-06T23:28:50.364+0100] {dagbag.py:538} INFO - Filling up the DagBag from /home/ubuntu/.local/lib/python3.10/site-packages/airflow/example_dags/plugins/listener_plugin.py
[2024-02-06T23:28:50.385+0100] {processor.py:842} WARNING - No viable dags retrieved from /home/ubuntu/.local/lib/python3.10/site-packages/airflow/example_dags/plugins/listener_plugin.py
[2024-02-06T23:28:50.427+0100] {processor.py:183} INFO - Processing /home/ubuntu/.local/lib/python3.10/site-packages/airflow/example_dags/plugins/listener_plugin.py took 0.093 seconds
