[2024-02-06T22:24:45.319+0100] {taskinstance.py:1946} INFO - Dependencies not met for <TaskInstance: Competition_dag.cleanMatch_task scheduled__2024-01-02T00:00:00+00:00 [skipped]>, dependency 'Task Instance State' FAILED: Task is in the 'skipped' state.
[2024-02-06T22:24:45.323+0100] {local_task_job_runner.py:160} INFO - Task is not able to be run
[2024-02-06T23:24:17.844+0100] {taskinstance.py:1956} INFO - Dependencies all met for dep_context=non-requeueable deps ti=<TaskInstance: Competition_dag.cleanMatch_task scheduled__2024-01-02T00:00:00+00:00 [queued]>
[2024-02-06T23:24:17.897+0100] {taskinstance.py:1956} INFO - Dependencies all met for dep_context=requeueable deps ti=<TaskInstance: Competition_dag.cleanMatch_task scheduled__2024-01-02T00:00:00+00:00 [queued]>
[2024-02-06T23:24:17.903+0100] {taskinstance.py:2170} INFO - Starting attempt 2 of 6
[2024-02-06T23:24:18.066+0100] {taskinstance.py:2191} INFO - Executing <Task(SparkSubmitOperator): cleanMatch_task> on 2024-01-02 00:00:00+00:00
[2024-02-06T23:24:18.225+0100] {standard_task_runner.py:60} INFO - Started process 69302 to run task
[2024-02-06T23:24:18.245+0100] {standard_task_runner.py:87} INFO - Running: ['airflow', 'tasks', 'run', 'Competition_dag', 'cleanMatch_task', 'scheduled__2024-01-02T00:00:00+00:00', '--job-id', '41', '--raw', '--subdir', 'DAGS_FOLDER/datalake_dag.py', '--cfg-path', '/tmp/tmpygh_tp98']
[2024-02-06T23:24:18.256+0100] {standard_task_runner.py:88} INFO - Job 41: Subtask cleanMatch_task
[2024-02-06T23:24:18.614+0100] {task_command.py:423} INFO - Running <TaskInstance: Competition_dag.cleanMatch_task scheduled__2024-01-02T00:00:00+00:00 [running]> on host ubuntu.ubuntu.virtualbox.org
[2024-02-06T23:24:18.927+0100] {taskinstance.py:2480} INFO - Exporting env vars: AIRFLOW_CTX_DAG_OWNER='NOUMEN_Frech_Warren' AIRFLOW_CTX_DAG_ID='Competition_dag' AIRFLOW_CTX_TASK_ID='cleanMatch_task' AIRFLOW_CTX_EXECUTION_DATE='2024-01-02T00:00:00+00:00' AIRFLOW_CTX_TRY_NUMBER='2' AIRFLOW_CTX_DAG_RUN_ID='scheduled__2024-01-02T00:00:00+00:00'
[2024-02-06T23:24:18.983+0100] {base.py:83} INFO - Using connection ID 'spark_default' for task execution.
[2024-02-06T23:24:18.986+0100] {spark_submit.py:401} INFO - Spark-Submit cmd: spark-submit --master local[*] --conf spark.airflow.execution_date=2024-01-02 --name arrow-spark --class FormattedData --queue root.default --deploy-mode client /home/ubuntu/airflow/scala/target/scala-2.13/scala_2.13-0.1.0.jar
[2024-02-06T23:24:48.962+0100] {spark_submit.py:571} INFO - 24/02/06 23:24:48 WARN Utils: Your hostname, ubuntu resolves to a loopback address: 127.0.1.1; using 10.0.2.15 instead (on interface enp0s3)
[2024-02-06T23:24:49.085+0100] {spark_submit.py:571} INFO - 24/02/06 23:24:49 WARN Utils: Set SPARK_LOCAL_IP if you need to bind to another address
[2024-02-06T23:24:55.702+0100] {spark_submit.py:571} INFO - 24/02/06 23:24:55 INFO SparkContext: Running Spark version 3.3.4
[2024-02-06T23:24:56.491+0100] {spark_submit.py:571} INFO - 24/02/06 23:24:56 WARN NativeCodeLoader: Unable to load native-hadoop library for your platform... using builtin-java classes where applicable
[2024-02-06T23:24:57.745+0100] {spark_submit.py:571} INFO - 24/02/06 23:24:57 INFO ResourceUtils: ==============================================================
[2024-02-06T23:24:57.746+0100] {spark_submit.py:571} INFO - 24/02/06 23:24:57 INFO ResourceUtils: No custom resources configured for spark.driver.
[2024-02-06T23:24:57.750+0100] {spark_submit.py:571} INFO - 24/02/06 23:24:57 INFO ResourceUtils: ==============================================================
[2024-02-06T23:24:57.771+0100] {spark_submit.py:571} INFO - 24/02/06 23:24:57 INFO SparkContext: Submitted application: JobFormatted
[2024-02-06T23:24:58.351+0100] {spark_submit.py:571} INFO - 24/02/06 23:24:58 INFO ResourceProfile: Default ResourceProfile created, executor resources: Map(cores -> name: cores, amount: 1, script: , vendor: , memory -> name: memory, amount: 1024, script: , vendor: , offHeap -> name: offHeap, amount: 0, script: , vendor: ), task resources: Map(cpus -> name: cpus, amount: 1.0)
[2024-02-06T23:24:58.506+0100] {spark_submit.py:571} INFO - 24/02/06 23:24:58 INFO ResourceProfile: Limiting resource is cpu
[2024-02-06T23:24:58.519+0100] {spark_submit.py:571} INFO - 24/02/06 23:24:58 INFO ResourceProfileManager: Added ResourceProfile id: 0
[2024-02-06T23:24:59.191+0100] {spark_submit.py:571} INFO - 24/02/06 23:24:59 INFO SecurityManager: Changing view acls to: ubuntu
[2024-02-06T23:24:59.196+0100] {spark_submit.py:571} INFO - 24/02/06 23:24:59 INFO SecurityManager: Changing modify acls to: ubuntu
[2024-02-06T23:24:59.204+0100] {spark_submit.py:571} INFO - 24/02/06 23:24:59 INFO SecurityManager: Changing view acls groups to:
[2024-02-06T23:24:59.207+0100] {spark_submit.py:571} INFO - 24/02/06 23:24:59 INFO SecurityManager: Changing modify acls groups to:
[2024-02-06T23:24:59.211+0100] {spark_submit.py:571} INFO - 24/02/06 23:24:59 INFO SecurityManager: SecurityManager: authentication disabled; ui acls disabled; users  with view permissions: Set(ubuntu); groups with view permissions: Set(); users  with modify permissions: Set(ubuntu); groups with modify permissions: Set()
[2024-02-06T23:25:02.796+0100] {spark_submit.py:571} INFO - 24/02/06 23:25:02 INFO Utils: Successfully started service 'sparkDriver' on port 36069.
[2024-02-06T23:25:03.830+0100] {spark_submit.py:571} INFO - 24/02/06 23:25:03 INFO SparkEnv: Registering MapOutputTracker
[2024-02-06T23:25:04.601+0100] {spark_submit.py:571} INFO - 24/02/06 23:25:04 INFO SparkEnv: Registering BlockManagerMaster
[2024-02-06T23:25:04.768+0100] {local_task_job_runner.py:302} WARNING - State of this instance has been externally set to failed. Terminating instance.
[2024-02-06T23:25:04.817+0100] {process_utils.py:131} INFO - Sending Signals.SIGTERM to group 69302. PIDs of all processes in the group: [69311, 69302]
[2024-02-06T23:25:04.817+0100] {process_utils.py:86} INFO - Sending the signal Signals.SIGTERM to group 69302
[2024-02-06T23:25:04.820+0100] {taskinstance.py:2450} ERROR - Received SIGTERM. Terminating subprocesses.
[2024-02-06T23:25:04.822+0100] {spark_submit.py:697} INFO - Sending kill signal to spark-submit
[2024-02-06T23:25:04.964+0100] {process_utils.py:79} INFO - Process psutil.Process(pid=69302, status='terminated', exitcode=0, started='23:24:17') (69302) terminated with exit code 0
[2024-02-06T23:25:05.012+0100] {process_utils.py:79} INFO - Process psutil.Process(pid=69311, status='terminated', started='23:24:18') (69311) terminated with exit code None
